Si Bulk DFT energetics calculations using VASP
Running on host: comp145
Working directory: /lustre/home/ah1365/projects/127870/upgrade_report/case_studies/common/structures/interfaces/120_Si36C84_012_012_a0.25_b0.135802_c1.18593_interface16shift3
Job started on: Thu  5 Jun 02:27:27 UTC 2025
cuequivariance or cuequivariance_torch is not available. Cuequivariance acceleration will be disabled.
Using Materials Project MACE for MACECalculator with /lustre/home/ah1365/.cache/mace/MACE_MPtrj_20229model
Using float64 for MACECalculator, which is slower but more accurate. Recommended for geometry optimization.
Using TorchDFTD3Calculator for D3 dispersion corrections
      Step     Time          Energy          fmax
FIRE:    0 03:28:22     -839.243513       37.489681
FIRE:    1 03:28:34     -850.072400       13.895017
FIRE:    2 03:28:45     -855.370527        3.883663
FIRE:    3 03:28:56     -858.810758        3.348296
FIRE:    4 03:29:07     -861.747364        3.130281
FIRE:    5 03:29:19     -864.502223        3.541243
FIRE:    6 03:29:30     -867.144436        3.865529
FIRE:    7 03:29:41     -869.632320        3.752246
FIRE:    8 03:29:52     -871.936531        3.355973
FIRE:    9 03:30:03     -874.047303        2.848714
FIRE:   10 03:30:14     -875.970970        2.458655
FIRE:   11 03:30:26     -877.720424        2.323504
FIRE:   12 03:30:37     -879.312479        2.108601
FIRE:   13 03:30:48     -880.764328        1.969914
FIRE:   14 03:31:00     -882.089823        1.797761
FIRE:   15 03:31:11     -883.293610        1.525451
FIRE:   16 03:31:22     -884.368176        1.425699
FIRE:   17 03:31:33     -885.309914        1.742428
FIRE:   18 03:31:44     -886.137882        1.642134
FIRE:   19 03:31:56     -886.899131        1.620977
FIRE:   20 03:32:07     -887.667866        1.821984
FIRE:   21 03:32:18     -888.512483        1.756463
FIRE:   22 03:32:29     -889.431258        1.455407
FIRE:   23 03:32:40     -890.358457        1.379603
FIRE:   24 03:32:51     -891.234339        1.404318
FIRE:   25 03:33:03     -892.042285        1.464814
FIRE:   26 03:33:14     -892.808826        1.537434
FIRE:   27 03:33:25     -893.577980        1.580497
FIRE:   28 03:33:36     -894.370978        1.555274
FIRE:   29 03:33:47     -895.166119        1.448176
FIRE:   30 03:33:58     -895.925790        1.274266
FIRE:   31 03:34:09     -896.638532        1.058241
FIRE:   32 03:34:20     -897.313254        1.117449
FIRE:   33 03:34:32     -897.952086        1.141238
FIRE:   34 03:34:43     -898.538020        1.017182
FIRE:   35 03:34:54     -899.044178        0.767632
FIRE:   36 03:35:05     -899.453780        0.947296
FIRE:   37 03:35:16     -899.768034        1.507305
FIRE:   38 03:35:27     -900.010967        1.779916
FIRE:   39 03:35:39     -900.219060        1.638094
FIRE:   40 03:35:50     -900.411118        1.113277
FIRE:   41 03:36:01     -900.577229        0.915870
FIRE:   42 03:36:12     -900.707850        0.894283
FIRE:   43 03:36:23     -900.825238        1.229581
FIRE:   44 03:36:34     -900.969998        1.333860
FIRE:   45 03:36:45     -901.165058        1.092528
FIRE:   46 03:36:57     -901.409572        0.991262
FIRE:   47 03:37:08     -901.696422        1.063258
FIRE:   48 03:37:19     -902.023301        1.209464
FIRE:   49 03:37:30     -902.378685        1.275153
FIRE:   50 03:37:41     -902.726004        1.256054
FIRE:   51 03:37:52     -903.040679        1.096838
FIRE:   52 03:38:03     -903.292305        1.703384
FIRE:   53 03:38:15     -903.509141        2.118179
FIRE:   54 03:38:26     -903.746618        2.338612
FIRE:   55 03:38:37     -904.104671        2.240448
FIRE:   56 03:38:48     -904.568583        1.897483
FIRE:   57 03:38:59     -905.010217        1.212808
FIRE:   58 03:39:10     -905.317922        1.218767
FIRE:   59 03:39:21     -905.488973        1.742529
FIRE:   60 03:39:33     -905.595964        2.141802
FIRE:   61 03:39:44     -906.452842        1.017440
FIRE:   62 03:39:55     -906.699457        1.047712
FIRE:   63 03:40:06     -906.908018        1.067172
FIRE:   64 03:40:17     -907.064745        0.464017
FIRE:   65 03:40:28     -907.123912        0.474205
FIRE:   66 03:40:39     -907.147532        0.432111
FIRE:   67 03:40:51     -907.183295        0.426436
FIRE:   68 03:41:02     -907.217645        0.418455
FIRE:   69 03:41:13     -907.246872        0.408232
FIRE:   70 03:41:24     -907.279344        0.395615
FIRE:   71 03:41:35     -907.324069        0.390456
FIRE:   72 03:41:46     -907.380800        0.362322
FIRE:   73 03:41:57     -907.447778        0.339936
FIRE:   74 03:42:08     -907.516710        0.313708
FIRE:   75 03:42:19     -907.591910        0.284356
FIRE:   76 03:42:31     -907.684325        0.251276
FIRE:   77 03:42:42     -907.788452        0.238248
FIRE:   78 03:42:53     -907.896238        0.256939
FIRE:   79 03:43:04     -908.017042        0.272549
FIRE:   80 03:43:15     -908.146891        0.277033
FIRE:   81 03:43:26     -908.283157        0.258702
FIRE:   82 03:43:37     -908.415887        0.206136
FIRE:   83 03:43:48     -908.537997        0.253720
FIRE:   84 03:44:00     -908.657441        0.244602
FIRE:   85 03:44:11     -908.755390        0.149728
FIRE:   86 03:44:22     -908.811103        0.267408
FIRE:   87 03:44:33     -908.829856        0.364348
FIRE:   88 03:44:44     -908.846836        0.249917
FIRE:   89 03:44:55     -908.863376        0.145251
FIRE:   90 03:45:07     -908.878034        0.119146
FIRE:   91 03:45:18     -908.889339        0.151319
FIRE:   92 03:45:29     -908.898707        0.183349
FIRE:   93 03:45:40     -908.910253        0.159599
FIRE:   94 03:45:51     -908.922984        0.129932
FIRE:   95 03:46:02     -908.937805        0.131416
FIRE:   96 03:46:14     -908.957311        0.178729
FIRE:   97 03:46:25     -908.983734        0.257596
FIRE:   98 03:46:36     -909.026550        0.374595
FIRE:   99 03:46:47     -909.102375        0.460284
FIRE:  100 03:46:58     -909.228317        0.385611
FIRE:  101 03:47:09     -909.289172        0.476707
FIRE:  102 03:47:21     -909.310002        0.300425
FIRE:  103 03:47:32     -909.319165        0.306544
FIRE:  104 03:47:43     -909.322803        0.224624
FIRE:  105 03:47:54     -909.327308        0.139299
FIRE:  106 03:48:05     -909.330068        0.137039
FIRE:  107 03:48:17     -909.331654        0.188037
FIRE:  108 03:48:28     -909.334536        0.225409
FIRE:  109 03:48:39     -909.339492        0.189436
FIRE:  110 03:48:50     -909.344952        0.110345
FIRE:  111 03:49:01     -909.349565        0.105209
FIRE:  112 03:49:13     -909.353899        0.168335
FIRE:  113 03:49:24     -909.360431        0.134670
FIRE:  114 03:49:35     -909.368159        0.086875
FIRE:  115 03:49:46     -909.375314        0.149696
FIRE:  116 03:49:57     -909.384827        0.119005
FIRE:  117 03:50:08     -909.394839        0.120215
FIRE:  118 03:50:19     -909.406412        0.098597
FIRE:  119 03:50:31     -909.419597        0.136662
FIRE:  120 03:50:42     -909.437634        0.139180
FIRE:  121 03:50:53     -909.464050        0.201599
FIRE:  122 03:51:04     -909.514341        0.349514
FIRE:  123 03:51:15     -909.632683        0.632911
FIRE:  124 03:51:26     -909.889968        0.838591
FIRE:  125 03:51:37     -910.125554        0.530419
FIRE:  126 03:51:49     -910.253852        0.949172
FIRE:  127 03:52:00     -910.329052        0.530137
FIRE:  128 03:52:11     -910.368471        0.578562
FIRE:  129 03:52:22     -910.421021        0.664385
FIRE:  130 03:52:33     -910.497801        0.636628
FIRE:  131 03:52:44     -910.639484        0.721234
FIRE:  132 03:52:55     -910.801784        0.800157
FIRE:  133 03:53:07     -911.026455        0.865332
FIRE:  134 03:53:18     -911.373458        0.974370
FIRE:  135 03:53:29     -911.738901        1.067897
FIRE:  136 03:53:40     -912.060348        0.968087
FIRE:  137 03:53:51     -912.299183        0.655615
FIRE:  138 03:54:02     -912.408249        0.772023
FIRE:  139 03:54:14     -912.452762        0.594782
FIRE:  140 03:54:25     -912.509725        0.428567
FIRE:  141 03:54:36     -912.557732        0.285001
FIRE:  142 03:54:47     -912.591633        0.402019
FIRE:  143 03:54:58     -912.628080        0.496687
FIRE:  144 03:55:09     -912.681568        0.418873
FIRE:  145 03:55:21     -912.747253        0.445682
FIRE:  146 03:55:32     -912.839686        0.736277
FIRE:  147 03:55:43     -913.023575        1.158086
FIRE:  148 03:55:54     -913.457468        1.403570
FIRE:  149 03:56:05     -913.903345        0.920164
FIRE:  150 03:56:16     -914.200947        0.676569
FIRE:  151 03:56:27     -914.436690        0.565113
FIRE:  152 03:56:38     -914.606371        0.439994
FIRE:  153 03:56:50     -914.693260        0.614075
FIRE:  154 03:57:01     -914.716068        0.637566
FIRE:  155 03:57:12     -914.761134        0.529758
FIRE:  156 03:57:23     -914.819412        0.368338
FIRE:  157 03:57:34     -914.866744        0.183868
FIRE:  158 03:57:45     -914.895969        0.176685
FIRE:  159 03:57:57     -914.910953        0.223424
FIRE:  160 03:58:08     -914.920038        0.327928
FIRE:  161 03:58:19     -914.923705        0.311138
FIRE:  162 03:58:30     -914.930295        0.279526
FIRE:  163 03:58:41     -914.938642        0.236478
FIRE:  164 03:58:52     -914.947621        0.195824
FIRE:  165 03:59:03     -914.956392        0.159814
FIRE:  166 03:59:14     -914.964413        0.120577
FIRE:  167 03:59:26     -914.971364        0.079453
FIRE:  168 03:59:37     -914.977715        0.073148
FIRE:  169 03:59:48     -914.983408        0.085975
FIRE:  170 03:59:59     -914.989018        0.121798
FIRE:  171 04:00:10     -914.995850        0.141148
FIRE:  172 04:00:21     -915.005216        0.138652
FIRE:  173 04:00:32     -915.017032        0.112265
FIRE:  174 04:00:43     -915.029760        0.068680
FIRE:  175 04:00:54     -915.041712        0.060114
FIRE:  176 04:01:05     -915.051806        0.060389
FIRE:  177 04:01:16     -915.060641        0.092076
FIRE:  178 04:01:28     -915.069725        0.067405
FIRE:  179 04:01:39     -915.078775        0.152604
FIRE:  180 04:01:50     -915.081998        0.426021
FIRE:  181 04:02:01     -915.092889        0.101485
FIRE:  182 04:02:12     -915.087865        0.377877
FIRE:  183 04:02:23     -915.091680        0.288820
FIRE:  184 04:02:34     -915.095877        0.128467
FIRE:  185 04:02:46     -915.097048        0.099567
FIRE:  186 04:02:57     -915.097165        0.099625
FIRE:  187 04:03:08     -915.097386        0.099743
FIRE:  188 04:03:19     -915.097688        0.099926
FIRE:  189 04:03:30     -915.098045        0.100183
FIRE:  190 04:03:41     -915.098439        0.100525
FIRE:  191 04:03:52     -915.098859        0.100964
FIRE:  192 04:04:04     -915.099312        0.101512
FIRE:  193 04:04:15     -915.099876        0.102256
FIRE:  194 04:04:26     -915.100602        0.103253
FIRE:  195 04:04:37     -915.101555        0.104576
FIRE:  196 04:04:48     -915.102784        0.106318
FIRE:  197 04:04:59     -915.104320        0.108597
FIRE:  198 04:05:10     -915.106197        0.111547
FIRE:  199 04:05:21     -915.108538        0.115291
FIRE:  200 04:05:33     -915.111571        0.119917
FIRE:  201 04:05:44     -915.115566        0.125478
FIRE:  202 04:05:55     -915.120796        0.131951
FIRE:  203 04:06:06     -915.127790        0.141549
FIRE:  204 04:06:17     -915.137492        0.160190
FIRE:  205 04:06:28     -915.151088        0.187075
FIRE:  206 04:06:39     -915.170621        0.226194
FIRE:  207 04:06:50     -915.199626        0.283047
FIRE:  208 04:07:01     -915.244139        0.363518
FIRE:  209 04:07:12     -915.315489        0.462057
FIRE:  210 04:07:24     -915.429167        0.500526
FIRE:  211 04:07:35     -915.575800        0.302280
FIRE:  212 04:07:46     -915.685671        0.337985
FIRE:  213 04:07:57     -915.741245        0.398508
FIRE:  214 04:08:08     -915.768225        0.346663
FIRE:  215 04:08:19     -915.782986        0.305073
FIRE:  216 04:08:30     -915.799241        0.303052
FIRE:  217 04:08:41     -915.822039        0.144514
FIRE:  218 04:08:52     -915.838828        0.227476
FIRE:  219 04:09:04     -915.852108        0.190240
FIRE:  220 04:09:15     -915.861909        0.168352
FIRE:  221 04:09:26     -915.869529        0.192753
FIRE:  222 04:09:37     -915.878536        0.181980
FIRE:  223 04:09:48     -915.888484        0.152551
FIRE:  224 04:09:59     -915.897089        0.275247
FIRE:  225 04:10:10     -915.908491        0.227333
FIRE:  226 04:10:22     -915.921186        0.139539
FIRE:  227 04:10:33     -915.933401        0.220258
FIRE:  228 04:10:44     -915.931535        0.546026
FIRE:  229 04:10:55     -915.947844        0.068777
FIRE:  230 04:11:06     -915.948122        0.057745
FIRE:  231 04:11:17     -915.948617        0.048489
FIRE:  232 04:11:28     -915.949253        0.046260
FIRE:  233 04:11:39     -915.949993        0.043929
FIRE:  234 04:11:51     -915.950834        0.043672
FIRE:  235 04:12:02     -915.951751        0.037912
FIRE:  236 04:12:13     -915.952666        0.032525
FIRE:  237 04:12:24     -915.953608        0.035356
FIRE:  238 04:12:35     -915.954570        0.041124
FIRE:  239 04:12:46     -915.955572        0.028476
FIRE:  240 04:12:58     -915.956576        0.032068
FIRE:  241 04:13:09     -915.957639        0.035427
FIRE:  242 04:13:20     -915.958858        0.029095
FIRE:  243 04:13:31     -915.960247        0.030011
FIRE:  244 04:13:42     -915.961935        0.031038
FIRE:  245 04:13:53     -915.963877        0.032723
FIRE:  246 04:14:04     -915.966092        0.034401
FIRE:  247 04:14:16     -915.968565        0.035896
FIRE:  248 04:14:27     -915.971268        0.037210
FIRE:  249 04:14:38     -915.974210        0.082427
FIRE:  250 04:14:49     -915.976442        0.224324
FIRE:  251 04:15:00     -915.978155        0.035164
FIRE:  252 04:15:11     -915.977262        0.206194
FIRE:  253 04:15:22     -915.977816        0.154290
FIRE:  254 04:15:33     -915.978438        0.065297
FIRE:  255 04:15:44     -915.978627        0.036271
FIRE:  256 04:15:56     -915.978638        0.034799
FIRE:  257 04:16:07     -915.978660        0.034792
FIRE:  258 04:16:18     -915.978690        0.034781
FIRE:  259 04:16:29     -915.978727        0.034766
FIRE:  260 04:16:40     -915.978768        0.034746
FIRE:  261 04:16:51     -915.978813        0.034721
FIRE:  262 04:17:02     -915.978860        0.034691
FIRE:  263 04:17:13     -915.978919        0.034651
FIRE:  264 04:17:24     -915.978994        0.034599
FIRE:  265 04:17:35     -915.979087        0.034531
FIRE:  266 04:17:46     -915.979206        0.034446
FIRE:  267 04:17:58     -915.979353        0.034340
FIRE:  268 04:18:09     -915.979528        0.034209
FIRE:  269 04:18:20     -915.979733        0.034050
FIRE:  270 04:18:31     -915.979979        0.033860
FIRE:  271 04:18:42     -915.980281        0.033635
FIRE:  272 04:18:53     -915.980640        0.033365
FIRE:  273 04:19:04     -915.981063        0.033031
FIRE:  274 04:19:16     -915.981575        0.032618
FIRE:  275 04:19:27     -915.982185        0.032107
FIRE:  276 04:19:38     -915.982906        0.031489
FIRE:  277 04:19:49     -915.983779        0.030748
FIRE:  278 04:20:00     -915.984809        0.029835
FIRE:  279 04:20:11     -915.986024        0.028699
FIRE:  280 04:20:22     -915.987438        0.027372
FIRE:  281 04:20:33     -915.989064        0.025679
FIRE:  282 04:20:45     -915.990930        0.023396
FIRE:  283 04:20:56     -915.992979        0.035664
FIRE:  284 04:21:07     -915.994594        0.133316
FIRE:  285 04:21:18     -915.990429        0.449493
FIRE:  286 04:21:29     -915.997100        0.112629
FIRE:  287 04:21:40     -915.997293        0.080879
FIRE:  288 04:21:51     -915.997481        0.026337
FIRE:  289 04:22:02     -915.997488        0.038782
FIRE:  290 04:22:13     -915.997497        0.036135
FIRE:  291 04:22:25     -915.997513        0.031064
FIRE:  292 04:22:36     -915.997532        0.024032
FIRE:  293 04:22:47     -915.997552        0.017828
FIRE:  294 04:22:58     -915.997570        0.017837
FIRE:  295 04:23:09     -915.997586        0.017847
FIRE:  296 04:23:20     -915.997600        0.017857
FIRE:  297 04:23:31     -915.997619        0.022195
FIRE:  298 04:23:42     -915.997647        0.024084
FIRE:  299 04:23:53     -915.997685        0.021858
FIRE:  300 04:24:04     -915.997735        0.017905
FIRE:  301 04:24:15     -915.997793        0.017921
FIRE:  302 04:24:27     -915.997857        0.017941
FIRE:  303 04:24:38     -915.997933        0.018576
FIRE:  304 04:24:49     -915.998033        0.018012
FIRE:  305 04:25:00     -915.998156        0.018066
FIRE:  306 04:25:11     -915.998297        0.018129
FIRE:  307 04:25:22     -915.998469        0.018196
FIRE:  308 04:25:33     -915.998684        0.018264
FIRE:  309 04:25:44     -915.998926        0.018347
FIRE:  310 04:25:56     -915.999224        0.018458
FIRE:  311 04:26:07     -915.999566        0.018592
FIRE:  312 04:26:18     -915.999977        0.018728
FIRE:  313 04:26:29     -916.000455        0.018888
FIRE:  314 04:26:40     -916.001004        0.019050
FIRE:  315 04:26:51     -916.001608        0.031985
FIRE:  316 04:27:02     -916.002158        0.075481
FIRE:  317 04:27:13     -916.002083        0.178154
FIRE:  318 04:27:24     -916.003108        0.019319
FIRE:  319 04:27:36     -916.003113        0.019319
FIRE:  320 04:27:47     -916.003123        0.019319
FIRE:  321 04:27:58     -916.003136        0.019319
FIRE:  322 04:28:09     -916.003150        0.019318
FIRE:  323 04:28:20     -916.003171        0.019317
FIRE:  324 04:28:31     -916.003197        0.019315
FIRE:  325 04:28:42     -916.003227        0.019310
FIRE:  326 04:28:54     -916.003265        0.019301
FIRE:  327 04:29:05     -916.003311        0.019287
FIRE:  328 04:29:16     -916.003371        0.019263
FIRE:  329 04:29:27     -916.003445        0.019228
FIRE:  330 04:29:38     -916.003535        0.019179
FIRE:  331 04:29:49     -916.003648        0.019117
FIRE:  332 04:30:00     -916.003785        0.019038
FIRE:  333 04:30:11     -916.003953        0.018939
FIRE:  334 04:30:22     -916.004159        0.018815
FIRE:  335 04:30:33     -916.004407        0.018657
FIRE:  336 04:30:45     -916.004707        0.018431
FIRE:  337 04:30:56     -916.005065        0.018121
FIRE:  338 04:31:07     -916.005493        0.017724
FIRE:  339 04:31:18     -916.005977        0.018219
FIRE:  340 04:31:29     -916.006311        0.076617
FIRE:  341 04:31:40     -916.006557        0.016494
FIRE:  342 04:31:51     -916.006561        0.016493
FIRE:  343 04:32:02     -916.006568        0.016491
FIRE:  344 04:32:13     -916.006578        0.016487
FIRE:  345 04:32:24     -916.006590        0.016482
FIRE:  346 04:32:36     -916.006606        0.016474
FIRE:  347 04:32:47     -916.006625        0.016464
FIRE:  348 04:32:58     -916.006647        0.016451
FIRE:  349 04:33:09     -916.006674        0.016433
FIRE:  350 04:33:21     -916.006709        0.016409
FIRE:  351 04:33:32     -916.006752        0.016375
FIRE:  352 04:33:43     -916.006805        0.016328
FIRE:  353 04:33:54     -916.006871        0.016264
FIRE:  354 04:34:05     -916.006951        0.016177
FIRE:  355 04:34:16     -916.007050        0.016063
FIRE:  356 04:34:28     -916.007172        0.015915
FIRE:  357 04:34:39     -916.007321        0.015715
FIRE:  358 04:34:50     -916.007499        0.015449
FIRE:  359 04:35:01     -916.007708        0.015107
FIRE:  360 04:35:12     -916.007950        0.014660
FIRE:  361 04:35:23     -916.008201        0.033683
FIRE:  362 04:35:34     -916.008302        0.088864
FIRE:  363 04:35:45     -916.008551        0.013462
FIRE:  364 04:35:57     -916.008378        0.079695
FIRE:  365 04:36:08     -916.008463        0.060503
FIRE:  366 04:36:19     -916.008556        0.026575
FIRE:  367 04:36:30     -916.008576        0.014889
FIRE:  368 04:36:41     -916.008577        0.014029
FIRE:  369 04:36:52     -916.008579        0.013413
FIRE:  370 04:37:03     -916.008582        0.013412
FIRE:  371 04:37:14     -916.008585        0.013410
FIRE:  372 04:37:25     -916.008589        0.013407
FIRE:  373 04:37:36     -916.008592        0.013404
FIRE:  374 04:37:48     -916.008595        0.013399
FIRE:  375 04:37:59     -916.008598        0.013394
FIRE:  376 04:38:10     -916.008603        0.013386
FIRE:  377 04:38:21     -916.008609        0.013376
FIRE:  378 04:38:32     -916.008617        0.013363
FIRE:  379 04:38:43     -916.008628        0.013347
FIRE:  380 04:38:54     -916.008640        0.013327
FIRE:  381 04:39:05     -916.008654        0.013302
FIRE:  382 04:39:17     -916.008672        0.013273
FIRE:  383 04:39:28     -916.008695        0.013238
FIRE:  384 04:39:39     -916.008722        0.013195
FIRE:  385 04:39:50     -916.008754        0.013141
FIRE:  386 04:40:01     -916.008793        0.013073
FIRE:  387 04:40:12     -916.008841        0.012987
FIRE:  388 04:40:23     -916.008898        0.012882
FIRE:  389 04:40:34     -916.008969        0.012756
FIRE:  390 04:40:46     -916.009052        0.012603
FIRE:  391 04:40:57     -916.009152        0.012418
FIRE:  392 04:41:08     -916.009270        0.012207
FIRE:  393 04:41:19     -916.009406        0.011965
FIRE:  394 04:41:30     -916.009569        0.011702
FIRE:  395 04:41:41     -916.009746        0.019465
FIRE:  396 04:41:52     -916.009844        0.060789
FIRE:  397 04:42:03     -916.009967        0.011228
FIRE:  398 04:42:14     -916.009968        0.011228
FIRE:  399 04:42:26     -916.009971        0.011228
FIRE:  400 04:42:37     -916.009974        0.011228
FIRE:  401 04:42:48     -916.009979        0.011230
FIRE:  402 04:42:59     -916.009984        0.011233
FIRE:  403 04:43:10     -916.009991        0.011237
FIRE:  404 04:43:21     -916.009999        0.011243
FIRE:  405 04:43:32     -916.010009        0.011253
FIRE:  406 04:43:44     -916.010021        0.011268
FIRE:  407 04:43:55     -916.010037        0.011288
FIRE:  408 04:44:06     -916.010055        0.011316
FIRE:  409 04:44:17     -916.010080        0.011353
FIRE:  410 04:44:28     -916.010109        0.011400
FIRE:  411 04:44:39     -916.010146        0.011459
FIRE:  412 04:44:50     -916.010190        0.011532
FIRE:  413 04:45:01     -916.010245        0.011628
FIRE:  414 04:45:12     -916.010313        0.011763
FIRE:  415 04:45:24     -916.010397        0.011966
FIRE:  416 04:45:35     -916.010500        0.012280
FIRE:  417 04:45:46     -916.010626        0.012765
FIRE:  418 04:45:57     -916.010786        0.013517
FIRE:  419 04:46:08     -916.010985        0.017045
FIRE:  420 04:46:19     -916.011104        0.085992
FIRE:  421 04:46:30     -916.011247        0.031154
FIRE:  422 04:46:41     -916.011259        0.021104
FIRE:  423 04:46:52     -916.011273        0.016807
FIRE:  424 04:47:04     -916.011278        0.016874
FIRE:  425 04:47:15     -916.011279        0.016880
FIRE:  426 04:47:26     -916.011281        0.016892
FIRE:  427 04:47:37     -916.011284        0.016911
FIRE:  428 04:47:48     -916.011288        0.016936
FIRE:  429 04:47:59     -916.011291        0.016967
FIRE:  430 04:48:10     -916.011295        0.017006
FIRE:  431 04:48:21     -916.011299        0.017052
FIRE:  432 04:48:33     -916.011305        0.017110
FIRE:  433 04:48:44     -916.011312        0.017184
FIRE:  434 04:48:55     -916.011322        0.017277
FIRE:  435 04:49:06     -916.011334        0.017395
FIRE:  436 04:49:17     -916.011348        0.017546
FIRE:  437 04:49:28     -916.011367        0.017740
FIRE:  438 04:49:39     -916.011390        0.017987
FIRE:  439 04:49:51     -916.011419        0.018299
FIRE:  440 04:50:02     -916.011454        0.018698
FIRE:  441 04:50:13     -916.011500        0.019206
FIRE:  442 04:50:24     -916.011559        0.019851
FIRE:  443 04:50:35     -916.011635        0.020677
FIRE:  444 04:50:46     -916.011734        0.021746
FIRE:  445 04:50:57     -916.011865        0.023148
FIRE:  446 04:51:08     -916.012041        0.025022
FIRE:  447 04:51:20     -916.012281        0.027590
FIRE:  448 04:51:31     -916.012625        0.031196
FIRE:  449 04:51:42     -916.013130        0.036389
FIRE:  450 04:51:53     -916.013916        0.044074
FIRE:  451 04:52:04     -916.015220        0.055743
FIRE:  452 04:52:15     -916.017510        0.073574
FIRE:  453 04:52:26     -916.021184        0.147748
FIRE:  454 04:52:37     -916.010848        0.694133
FIRE:  455 04:52:48     -916.024403        0.427073
FIRE:  456 04:53:00     -916.029252        0.230964
FIRE:  457 04:53:11     -916.031796        0.130006
FIRE:  458 04:53:22     -916.031866        0.130121
FIRE:  459 04:53:33     -916.032000        0.130349
FIRE:  460 04:53:44     -916.032189        0.130684
FIRE:  461 04:53:55     -916.032425        0.131121
FIRE:  462 04:54:06     -916.032705        0.131651
FIRE:  463 04:54:17     -916.033034        0.132258
FIRE:  464 04:54:28     -916.033420        0.132926
FIRE:  465 04:54:40     -916.033924        0.133712
FIRE:  466 04:54:51     -916.034575        0.134608
FIRE:  467 04:55:02     -916.035403        0.135583
FIRE:  468 04:55:13     -916.036439        0.136577
FIRE:  469 04:55:24     -916.037736        0.137467
FIRE:  470 04:55:35     -916.039378        0.138034
FIRE:  471 04:55:46     -916.041449        0.137929
FIRE:  472 04:55:57     -916.044022        0.136600
FIRE:  473 04:56:09     -916.047194        0.133229
FIRE:  474 04:56:20     -916.051072        0.126688
FIRE:  475 04:56:31     -916.055660        0.115553
FIRE:  476 04:56:42     -916.060928        0.098342
FIRE:  477 04:56:53     -916.066616        0.074400
FIRE:  478 04:57:04     -916.072356        0.053496
FIRE:  479 04:57:15     -916.077638        0.063190
FIRE:  480 04:57:27     -916.082135        0.074502
FIRE:  481 04:57:38     -916.085899        0.094273
FIRE:  482 04:57:49     -916.088786        0.143700
FIRE:  483 04:58:00     -916.087760        0.378310
FIRE:  484 04:58:11     -916.092573        0.080143
FIRE:  485 04:58:22     -916.090102        0.368656
FIRE:  486 04:58:33     -916.091719        0.269197
FIRE:  487 04:58:44     -916.093494        0.103410
FIRE:  488 04:58:56     -916.093987        0.077961
FIRE:  489 04:59:07     -916.094023        0.073213
FIRE:  490 04:59:18     -916.094092        0.071311
FIRE:  491 04:59:29     -916.094187        0.070881
FIRE:  492 04:59:40     -916.094301        0.070307
FIRE:  493 04:59:51     -916.094426        0.069584
FIRE:  494 05:00:02     -916.094560        0.068712
FIRE:  495 05:00:13     -916.094701        0.067691
FIRE:  496 05:00:24     -916.094870        0.066399
FIRE:  497 05:00:35     -916.095083        0.064786
FIRE:  498 05:00:47     -916.095352        0.063385
FIRE:  499 05:00:58     -916.095690        0.062928
FIRE:  500 05:01:09     -916.096097        0.062381
FIRE:  501 05:01:20     -916.096564        0.061728
FIRE:  502 05:01:31     -916.097090        0.060953
FIRE:  503 05:01:42     -916.097701        0.060046
FIRE:  504 05:01:53     -916.098409        0.059003
FIRE:  505 05:02:04     -916.099182        0.057816
FIRE:  506 05:02:15     -916.100002        0.056482
FIRE:  507 05:02:26     -916.100895        0.055013
FIRE:  508 05:02:38     -916.101805        0.053395
FIRE:  509 05:02:49     -916.102744        0.051612
FIRE:  510 05:03:00     -916.103708        0.049629
FIRE:  511 05:03:11     -916.104778        0.047391
FIRE:  512 05:03:22     -916.106066        0.049782
FIRE:  513 05:03:33     -916.107966        0.077314
FIRE:  514 05:03:44     -916.111425        0.132344
FIRE:  515 05:03:55     -916.119731        0.255105
FIRE:  516 05:04:06     -916.147892        0.570454
FIRE:  517 05:04:17     -916.262340        0.933906
FIRE:  518 05:04:29     -916.555281        1.223631
FIRE:  519 05:04:40     -916.914368        1.055459
FIRE:  520 05:04:51     -917.154522        0.528934
FIRE:  521 05:05:02     -917.267218        0.739429
FIRE:  522 05:05:13     -917.356962        0.776672
FIRE:  523 05:05:24     -917.438315        0.696199
FIRE:  524 05:05:35     -917.501663        0.580219
FIRE:  525 05:05:47     -917.584165        0.651220
FIRE:  526 05:05:58     -917.681212        1.009741
FIRE:  527 05:06:09     -917.244797        8.716590
FIRE:  528 05:06:20     -917.520533        3.062845
FIRE:  529 05:06:31     -917.605670        2.713398
FIRE:  530 05:06:42     -917.731189        1.799645
FIRE:  531 05:06:53     -917.796135        0.359249
FIRE:  532 05:07:04     -917.797392        0.331850
FIRE:  533 05:07:15     -917.799686        0.279631
FIRE:  534 05:07:26     -917.802646        0.263562
FIRE:  535 05:07:38     -917.805879        0.260558
FIRE:  536 05:07:49     -917.809094        0.256779
FIRE:  537 05:08:00     -917.812210        0.252239
FIRE:  538 05:08:11     -917.815349        0.247006
FIRE:  539 05:08:22     -917.819107        0.240546
FIRE:  540 05:08:33     -917.823832        0.232766
FIRE:  541 05:08:44     -917.829719        0.223582
FIRE:  542 05:08:56     -917.836667        0.212921
FIRE:  543 05:09:07     -917.844389        0.200752
FIRE:  544 05:09:18     -917.852908        0.187178
FIRE:  545 05:09:29     -917.862580        0.172397
FIRE:  546 05:09:40     -917.873288        0.156477
FIRE:  547 05:09:51     -917.884471        0.146200
FIRE:  548 05:10:02     -917.896370        0.120408
FIRE:  549 05:10:13     -917.908814        0.110661
FIRE:  550 05:10:25     -917.921333        0.141884
FIRE:  551 05:10:36     -917.933992        0.138498
FIRE:  552 05:10:47     -917.946871        0.108308
FIRE:  553 05:10:58     -917.959625        0.163630
FIRE:  554 05:11:09     -917.972933        0.156120
FIRE:  555 05:11:20     -917.986163        0.112030
FIRE:  556 05:11:31     -917.998305        0.134038
FIRE:  557 05:11:43     -918.007478        0.211900
FIRE:  558 05:11:54     -918.006287        0.497009
FIRE:  559 05:12:05     -918.016992        0.069841
FIRE:  560 05:12:16     -918.010667        0.470621
FIRE:  561 05:12:27     -918.014032        0.340020
FIRE:  562 05:12:38     -918.017771        0.125132
FIRE:  563 05:12:49     -918.018785        0.108777
FIRE:  564 05:13:00     -918.018836        0.102582
FIRE:  565 05:13:12     -918.018931        0.090574
FIRE:  566 05:13:23     -918.019059        0.073562
FIRE:  567 05:13:34     -918.019209        0.052866
FIRE:  568 05:13:45     -918.019369        0.047477
FIRE:  569 05:13:56     -918.019534        0.047371
FIRE:  570 05:14:07     -918.019703        0.047247
FIRE:  571 05:14:18     -918.019903        0.047088
FIRE:  572 05:14:29     -918.020154        0.051124
FIRE:  573 05:14:40     -918.020476        0.053040
FIRE:  574 05:14:51     -918.020888        0.046342
FIRE:  575 05:15:02     -918.021387        0.045971
FIRE:  576 05:15:14     -918.021955        0.045509
FIRE:  577 05:15:25     -918.022594        0.044925
FIRE:  578 05:15:36     -918.023340        0.047244
FIRE:  579 05:15:47     -918.024221        0.043224
FIRE:  580 05:15:58     -918.025202        0.041976
FIRE:  581 05:16:09     -918.026256        0.040365
FIRE:  582 05:16:20     -918.027436        0.038375
FIRE:  583 05:16:31     -918.028690        0.035972
FIRE:  584 05:16:42     -918.030007        0.033085
FIRE:  585 05:16:53     -918.031389        0.030834
FIRE:  586 05:17:05     -918.032814        0.025762
FIRE:  587 05:17:16     -918.034250        0.036939
FIRE:  588 05:17:27     -918.035705        0.047747
FIRE:  589 05:17:38     -918.037117        0.066785
FIRE:  590 05:17:49     -918.038386        0.109577
FIRE:  591 05:18:00     -918.039077        0.234073
FIRE:  592 05:18:11     -918.039994        0.042025
FIRE:  593 05:18:22     -918.039593        0.186826
FIRE:  594 05:18:34     -918.039827        0.143552
FIRE:  595 05:18:45     -918.040112        0.072068
FIRE:  596 05:18:56     -918.040239        0.021139
FIRE:  597 05:19:07     -918.040189        0.092499
FIRE:  598 05:19:18     -918.040205        0.087842
FIRE:  599 05:19:29     -918.040234        0.078765
FIRE:  600 05:19:40     -918.040272        0.065748
FIRE:  601 05:19:51     -918.040313        0.049526
FIRE:  602 05:20:02     -918.040351        0.031143
FIRE:  603 05:20:13     -918.040383        0.019663
FIRE:  604 05:20:25     -918.040408        0.019527
FIRE:  605 05:20:36     -918.040432        0.030955
FIRE:  606 05:20:47     -918.040460        0.042412
FIRE:  607 05:20:58     -918.040501        0.048106
FIRE:  608 05:21:09     -918.040564        0.046060
FIRE:  609 05:21:20     -918.040649        0.035222
FIRE:  610 05:21:31     -918.040747        0.019223
FIRE:  611 05:21:42     -918.040849        0.019285
FIRE:  612 05:21:53     -918.040960        0.036419
FIRE:  613 05:22:05     -918.041103        0.039024
FIRE:  614 05:22:16     -918.041286        0.021329
FIRE:  615 05:22:27     -918.041487        0.018705
FIRE:  616 05:22:38     -918.041708        0.034103
FIRE:  617 05:22:49     -918.041988        0.019601
FIRE:  618 05:23:00     -918.042297        0.025849
FIRE:  619 05:23:11     -918.042652        0.027571
FIRE:  620 05:23:22     -918.043069        0.022722
FIRE:  621 05:23:33     -918.043553        0.019125
FIRE:  622 05:23:44     -918.044102        0.037964
FIRE:  623 05:23:56     -918.044763        0.023702
FIRE:  624 05:24:07     -918.045555        0.018294
FIRE:  625 05:24:18     -918.046525        0.018827
FIRE:  626 05:24:29     -918.047684        0.041351
FIRE:  627 05:24:40     -918.048574        0.142858
FIRE:  628 05:24:51     -918.049304        0.021195
FIRE:  629 05:25:02     -918.049318        0.021228
FIRE:  630 05:25:13     -918.049344        0.021285
FIRE:  631 05:25:24     -918.049382        0.021344
FIRE:  632 05:25:35     -918.049431        0.021384
FIRE:  633 05:25:47     -918.049493        0.021388
FIRE:  634 05:25:58     -918.049567        0.021356
FIRE:  635 05:26:09     -918.049654        0.021309
FIRE:  636 05:26:20     -918.049764        0.021278
FIRE:  637 05:26:31     -918.049903        0.021323
FIRE:  638 05:26:42     -918.050079        0.021504
FIRE:  639 05:26:53     -918.050298        0.021839
FIRE:  640 05:27:04     -918.050573        0.022274
FIRE:  641 05:27:15     -918.050918        0.022760
