Job started on: Fri Jun 13 12:20:49 AM UTC 2025\n
cuequivariance or cuequivariance_torch is not available. Cuequivariance acceleration will be disabled.
Using Materials Project MACE for MACECalculator with /home/alexander/.cache/mace/MACE_MPtrj_20229model
Using float64 for MACECalculator, which is slower but more accurate. Recommended for geometry optimization.
Using head Default out of ['Default']
Using TorchDFTD3Calculator for D3 dispersion corrections
      Step     Time          Energy          fmax
FIRE:    0 01:20:53     -840.826596        4.383171
FIRE:    1 01:20:54     -846.545647        3.877079
FIRE:    2 01:20:56     -851.598422        3.432934
FIRE:    3 01:20:58     -856.051782        3.024171
FIRE:    4 01:21:00     -859.969406        2.692743
FIRE:    5 01:21:01     -863.394271        2.456064
FIRE:    6 01:21:01     -866.354911        2.211729
FIRE:    7 01:21:01     -868.879069        1.969309
FIRE:    8 01:21:02     -871.007860        1.744907
FIRE:    9 01:21:02     -872.796681        1.708222
FIRE:   10 01:21:03     -874.306141        1.727056
FIRE:   11 01:21:03     -875.584391        1.627448
FIRE:   12 01:21:04     -876.658518        1.358043
FIRE:   13 01:21:04     -877.545105        1.218218
FIRE:   14 01:21:05     -878.270090        1.178244
FIRE:   15 01:21:05     -878.874697        1.338547
FIRE:   16 01:21:06     -879.415184        1.655342
FIRE:   17 01:21:06     -879.931854        1.271181
FIRE:   18 01:21:07     -880.423674        1.362947
FIRE:   19 01:21:07     -880.910498        1.246169
FIRE:   20 01:21:08     -881.413775        1.549060
FIRE:   21 01:21:08     -881.937342        1.349624
FIRE:   22 01:21:08     -882.551736        1.392486
FIRE:   23 01:21:09     -883.379336        1.533107
FIRE:   24 01:21:09     -884.445588        2.137557
FIRE:   25 01:21:10     -885.676530        2.918619
FIRE:   26 01:21:10     -887.072652        3.597141
FIRE:   27 01:21:11     -888.650190        3.916424
FIRE:   28 01:21:11     -890.314129        3.656000
FIRE:   29 01:21:12     -891.878026        2.894955
FIRE:   30 01:21:12     -893.116119        2.018394
FIRE:   31 01:21:13     -893.941739        3.386021
FIRE:   32 01:21:13     -894.779123        4.376586
FIRE:   33 01:21:14     -895.950594        3.095850
FIRE:   34 01:21:14     -897.206334        3.696295
FIRE:   35 01:21:15     -898.460020        3.987723
FIRE:   36 01:21:15     -899.808311        3.648894
FIRE:   37 01:21:16     -901.184740        2.821139
FIRE:   38 01:21:16     -902.376922        2.215488
FIRE:   39 01:21:16     -903.154337        3.407917
FIRE:   40 01:21:17     -903.659394        5.308096
FIRE:   41 01:21:17     -904.304183        5.178137
FIRE:   42 01:21:18     -905.085955        2.837246
FIRE:   43 01:21:18     -905.653350        2.076624
FIRE:   44 01:21:19     -905.937207        2.709895
FIRE:   45 01:21:19     -906.091070        4.056363
FIRE:   46 01:21:20     -907.085871        2.249509
FIRE:   47 01:21:20     -907.560423        2.783286
FIRE:   48 01:21:21     -908.028887        1.090574
FIRE:   49 01:21:21     -908.243973        2.848779
FIRE:   50 01:21:22     -909.088779        1.418710
FIRE:   51 01:21:22     -909.644389        1.666355
FIRE:   52 01:21:23     -910.235368        1.586516
FIRE:   53 01:21:23     -910.755860        0.808717
FIRE:   54 01:21:23     -911.135652        1.441772
FIRE:   55 01:21:24     -911.677686        1.267452
FIRE:   56 01:21:24     -912.255820        1.296717
FIRE:   57 01:21:25     -912.780750        1.354378
FIRE:   58 01:21:25     -913.338518        1.247050
FIRE:   59 01:21:26     -913.864194        0.915744
FIRE:   60 01:21:26     -914.277960        0.683803
FIRE:   61 01:21:27     -914.604258        0.781457
FIRE:   62 01:21:27     -914.862057        0.799596
FIRE:   63 01:21:28     -915.091071        0.954127
FIRE:   64 01:21:28     -915.301991        0.821856
FIRE:   65 01:21:29     -915.490208        0.709901
FIRE:   66 01:21:29     -915.703963        0.682831
FIRE:   67 01:21:30     -915.948647        0.650894
FIRE:   68 01:21:30     -916.212918        0.586166
FIRE:   69 01:21:30     -916.451774        0.637509
FIRE:   70 01:21:31     -916.671884        0.640837
FIRE:   71 01:21:31     -916.890615        0.591445
FIRE:   72 01:21:32     -917.103883        0.568321
FIRE:   73 01:21:32     -917.317992        0.523837
FIRE:   74 01:21:33     -917.523593        0.436318
FIRE:   75 01:21:33     -917.697007        0.459084
FIRE:   76 01:21:34     -917.835853        0.539721
FIRE:   77 01:21:34     -917.957602        0.509372
FIRE:   78 01:21:35     -918.095878        0.456248
FIRE:   79 01:21:35     -918.241091        0.490367
FIRE:   80 01:21:36     -918.384486        0.509279
FIRE:   81 01:21:36     -918.526345        0.511041
FIRE:   82 01:21:37     -918.671966        0.519295
FIRE:   83 01:21:37     -918.823767        0.540327
FIRE:   84 01:21:37     -918.990494        0.596265
FIRE:   85 01:21:38     -919.178731        0.665209
FIRE:   86 01:21:38     -919.388781        0.715306
FIRE:   87 01:21:39     -919.604721        0.685053
FIRE:   88 01:21:39     -919.797586        0.579551
FIRE:   89 01:21:40     -919.953755        0.510179
FIRE:   90 01:21:40     -920.076355        0.419847
FIRE:   91 01:21:41     -920.137297        0.467281
FIRE:   92 01:21:41     -920.288257        0.681778
FIRE:   93 01:21:42     -919.819191        3.149442
FIRE:   94 01:21:42     -920.304177        1.596532
FIRE:   95 01:21:43     -920.357863        1.122328
FIRE:   96 01:21:43     -920.405292        0.249100
FIRE:   97 01:21:44     -920.396711        0.824376
FIRE:   98 01:21:44     -920.401076        0.742195
FIRE:   99 01:21:45     -920.408389        0.588615
FIRE:  100 01:21:45     -920.416399        0.383351
FIRE:  101 01:21:45     -920.422963        0.238052
FIRE:  102 01:21:46     -920.427023        0.237587
FIRE:  103 01:21:46     -920.429240        0.260342
FIRE:  104 01:21:47     -920.431401        0.382208
FIRE:  105 01:21:47     -920.435618        0.440317
FIRE:  106 01:21:48     -920.443316        0.418097
FIRE:  107 01:21:48     -920.454514        0.303474
FIRE:  108 01:21:49     -920.467212        0.230817
FIRE:  109 01:21:49     -920.478870        0.228325
FIRE:  110 01:21:50     -920.490825        0.335253
FIRE:  111 01:21:50     -920.507988        0.331201
FIRE:  112 01:21:51     -920.530517        0.215994
FIRE:  113 01:21:51     -920.552604        0.209479
FIRE:  114 01:21:52     -920.577427        0.292219
FIRE:  115 01:21:52     -920.609235        0.190652
FIRE:  116 01:21:53     -920.640080        0.292026
FIRE:  117 01:21:53     -920.677417        0.174778
FIRE:  118 01:21:53     -920.713638        0.302328
FIRE:  119 01:21:54     -920.756449        0.181239
FIRE:  120 01:21:54     -920.796760        0.344427
FIRE:  121 01:21:55     -920.838329        0.437844
FIRE:  122 01:21:55     -920.879958        0.489647
FIRE:  123 01:21:56     -920.903873        0.667296
FIRE:  124 01:21:56     -920.925138        0.112326
FIRE:  125 01:21:57     -920.916729        0.587427
FIRE:  126 01:21:57     -920.922219        0.455518
FIRE:  127 01:21:58     -920.928870        0.227626
FIRE:  128 01:21:58     -920.931910        0.098744
FIRE:  129 01:21:59     -920.930996        0.249267
FIRE:  130 01:21:59     -920.931391        0.235387
FIRE:  131 01:22:00     -920.932117        0.209492
FIRE:  132 01:22:00     -920.933059        0.175526
FIRE:  133 01:22:01     -920.934082        0.133557
FIRE:  134 01:22:01     -920.935054        0.096926
FIRE:  135 01:22:01     -920.935889        0.096590
FIRE:  136 01:22:02     -920.936579        0.096185
FIRE:  137 01:22:02     -920.937264        0.100123
FIRE:  138 01:22:03     -920.938090        0.138319
FIRE:  139 01:22:03     -920.939273        0.157251
FIRE:  140 01:22:04     -920.940991        0.150295
FIRE:  141 01:22:04     -920.943274        0.113828
FIRE:  142 01:22:05     -920.945927        0.090644
FIRE:  143 01:22:05     -920.948707        0.088879
FIRE:  144 01:22:06     -920.951772        0.104088
FIRE:  145 01:22:06     -920.955682        0.107031
FIRE:  146 01:22:07     -920.960595        0.081016
FIRE:  147 01:22:07     -920.965908        0.077254
FIRE:  148 01:22:08     -920.971793        0.114759
FIRE:  149 01:22:08     -920.979019        0.067336
FIRE:  150 01:22:08     -920.986677        0.082368
FIRE:  151 01:22:09     -920.995402        0.068251
FIRE:  152 01:22:09     -921.004773        0.093051
FIRE:  153 01:22:10     -921.015150        0.051688
FIRE:  154 01:22:10     -921.025654        0.110830
FIRE:  155 01:22:11     -921.037052        0.115928
FIRE:  156 01:22:11     -921.048833        0.092167
FIRE:  157 01:22:12     -921.060260        0.142047
FIRE:  158 01:22:12     -921.067942        0.352820
FIRE:  159 01:22:13     -921.073598        0.059525
FIRE:  160 01:22:13     -921.070640        0.303027
FIRE:  161 01:22:14     -921.072303        0.231022
FIRE:  162 01:22:14     -921.074255        0.105832
FIRE:  163 01:22:15     -921.074986        0.057911
FIRE:  164 01:22:15     -921.075014        0.057887
FIRE:  165 01:22:15     -921.075067        0.057840
FIRE:  166 01:22:16     -921.075145        0.057769
FIRE:  167 01:22:16     -921.075243        0.057674
FIRE:  168 01:22:17     -921.075360        0.057555
FIRE:  169 01:22:17     -921.075492        0.057410
FIRE:  170 01:22:18     -921.075643        0.057241
FIRE:  171 01:22:18     -921.075829        0.057024
FIRE:  172 01:22:19     -921.076062        0.056749
FIRE:  173 01:22:19     -921.076356        0.056405
FIRE:  174 01:22:20     -921.076729        0.055975
FIRE:  175 01:22:20     -921.077189        0.055441
FIRE:  176 01:22:21     -921.077748        0.054782
FIRE:  177 01:22:21     -921.078423        0.053971
FIRE:  178 01:22:22     -921.079243        0.052978
FIRE:  179 01:22:22     -921.080236        0.051772
FIRE:  180 01:22:23     -921.081429        0.050310
FIRE:  181 01:22:23     -921.082851        0.048539
FIRE:  182 01:22:23     -921.084541        0.046407
FIRE:  183 01:22:24     -921.086540        0.043860
FIRE:  184 01:22:24     -921.088871        0.040850
FIRE:  185 01:22:25     -921.091602        0.037356
FIRE:  186 01:22:25     -921.094762        0.033365
FIRE:  187 01:22:26     -921.098416        0.028943
FIRE:  188 01:22:26     -921.102628        0.024686
FIRE:  189 01:22:27     -921.107464        0.024305
FIRE:  190 01:22:27     -921.112996        0.036866
FIRE:  191 01:22:28     -921.118989        0.095150
FIRE:  192 01:22:28     -921.123144        0.284518
FIRE:  193 01:22:29     -921.126389        0.026714
FIRE:  194 01:22:29     -921.124386        0.250412
FIRE:  195 01:22:30     -921.125434        0.189288
FIRE:  196 01:22:30     -921.126621        0.083397
FIRE:  197 01:22:31     -921.126969        0.043717
FIRE:  198 01:22:31     -921.126985        0.041543
FIRE:  199 01:22:31     -921.127015        0.037368
FIRE:  200 01:22:32     -921.127058        0.031565
FIRE:  201 01:22:32     -921.127110        0.024784
FIRE:  202 01:22:33     -921.127167        0.019078
FIRE:  203 01:22:33     -921.127229        0.019055
FIRE:  204 01:22:34     -921.127296        0.019027
FIRE:  205 01:22:34     -921.127378        0.020596
FIRE:  206 01:22:35     -921.127482        0.023440
FIRE:  207 01:22:35     -921.127616        0.024489
FIRE:  208 01:22:36     -921.127788        0.022914
FIRE:  209 01:22:36     -921.128002        0.019018
FIRE:  210 01:22:37     -921.128262        0.018513
FIRE:  211 01:22:37     -921.128577        0.018483
FIRE:  212 01:22:38     -921.128958        0.022603
FIRE:  213 01:22:38     -921.129435        0.019770
FIRE:  214 01:22:38     -921.130012        0.017880
FIRE:  215 01:22:39     -921.130699        0.019038
FIRE:  216 01:22:39     -921.131536        0.018738
FIRE:  217 01:22:40     -921.132550        0.017744
FIRE:  218 01:22:40     -921.133758        0.020204
FIRE:  219 01:22:41     -921.135210        0.017723
FIRE:  220 01:22:41     -921.136922        0.017978
FIRE:  221 01:22:42     -921.138970        0.017376
FIRE:  222 01:22:42     -921.141388        0.017357
FIRE:  223 01:22:43     -921.144233        0.017401
FIRE:  224 01:22:43     -921.147531        0.031531
FIRE:  225 01:22:44     -921.151098        0.087270
FIRE:  226 01:22:44     -921.153223        0.250961
FIRE:  227 01:22:45     -921.155680        0.016068
FIRE:  228 01:22:45     -921.154009        0.228422
FIRE:  229 01:22:46     -921.154860        0.171144
FIRE:  230 01:22:46     -921.155791        0.072247
FIRE:  231 01:22:46     -921.155996        0.044692
FIRE:  232 01:22:47     -921.156009        0.042188
FIRE:  233 01:22:47     -921.156034        0.037367
FIRE:  234 01:22:48     -921.156068        0.030630
FIRE:  235 01:22:48     -921.156105        0.022687
FIRE:  236 01:22:49     -921.156144        0.015600
FIRE:  237 01:22:49     -921.156183        0.015566
FIRE:  238 01:22:50     -921.156222        0.015525
FIRE:  239 01:22:50     -921.156269        0.018524
FIRE:  240 01:22:51     -921.156330        0.022757
FIRE:  241 01:22:51     -921.156410        0.023806
FIRE:  242 01:22:52     -921.156517        0.020678
FIRE:  243 01:22:52     -921.156649        0.015204
FIRE:  244 01:22:53     -921.156806        0.014974
FIRE:  245 01:22:53     -921.156989        0.017199
FIRE:  246 01:22:53     -921.157213        0.021302
FIRE:  247 01:22:54     -921.157500        0.017044
FIRE:  248 01:22:54     -921.157849        0.014709
FIRE:  249 01:22:55     -921.158262        0.016940
FIRE:  250 01:22:55     -921.158774        0.015300
FIRE:  251 01:22:56     -921.159394        0.014198
FIRE:  252 01:22:56     -921.160127        0.018582
FIRE:  253 01:22:57     -921.161024        0.013973
FIRE:  254 01:22:57     -921.162087        0.016215
FIRE:  255 01:22:58     -921.163358        0.017425
FIRE:  256 01:22:58     -921.164874        0.013266
FIRE:  257 01:22:59     -921.166660        0.013011
FIRE:  258 01:22:59     -921.168736        0.021872
FIRE:  259 01:23:00     -921.171008        0.064352
FIRE:  260 01:23:00     -921.172288        0.201259
FIRE:  261 01:23:01     -921.173873        0.011599
FIRE:  262 01:23:01     -921.172769        0.184054
FIRE:  263 01:23:01     -921.173340        0.136583
FIRE:  264 01:23:02     -921.173950        0.054943
FIRE:  265 01:23:02     -921.174053        0.041225
FIRE:  266 01:23:03     -921.174063        0.038819
FIRE:  267 01:23:03     -921.174083        0.034189
FIRE:  268 01:23:04     -921.174108        0.027726
FIRE:  269 01:23:04     -921.174135        0.020120
FIRE:  270 01:23:05     -921.174161        0.012778
FIRE:  271 01:23:05     -921.174186        0.011623
FIRE:  272 01:23:06     -921.174210        0.012611
FIRE:  273 01:23:06     -921.174237        0.017827
FIRE:  274 01:23:07     -921.174273        0.021522
FIRE:  275 01:23:07     -921.174324        0.022029
FIRE:  276 01:23:08     -921.174394        0.018573
FIRE:  277 01:23:08     -921.174478        0.012080
FIRE:  278 01:23:09     -921.174575        0.011508
FIRE:  279 01:23:09     -921.174687        0.016328
FIRE:  280 01:23:09     -921.174826        0.019427
FIRE:  281 01:23:10     -921.175006        0.014516
FIRE:  282 01:23:10     -921.175221        0.011372
FIRE:  283 01:23:11     -921.175474        0.015987
FIRE:  284 01:23:11     -921.175786        0.013015
FIRE:  285 01:23:12     -921.176167        0.011772
FIRE:  286 01:23:12     -921.176619        0.016091
FIRE:  287 01:23:13     -921.177170        0.010927
FIRE:  288 01:23:13     -921.177822        0.013390
FIRE:  289 01:23:14     -921.178603        0.016876
FIRE:  290 01:23:14     -921.179533        0.011082
FIRE:  291 01:23:15     -921.180629        0.010182
FIRE:  292 01:23:15     -921.181909        0.016022
FIRE:  293 01:23:16     -921.183348        0.050430
FIRE:  294 01:23:16     -921.184310        0.187474
FIRE:  295 01:23:17     -921.185081        0.011751
FIRE:  296 01:23:17     -921.185091        0.009569
MACE calculation complete. Energy written to MACE_OUTCAR: -921.185091 eV
Job ended on: Fri Jun 13 12:23:18 AM UTC 2025\n
