Si Bulk DFT energetics calculations using VASP
Running on host: comp042
Working directory: /lustre/home/ah1365/projects/127870/upgrade_report/case_studies/common/structures/interfaces/120_Si72Sn48_011_011_a0.956989_b0.128788_c2.163935_interface8shift4
Job started on: Mon  9 Jun 19:59:49 UTC 2025
cuequivariance or cuequivariance_torch is not available. Cuequivariance acceleration will be disabled.
Using Materials Project MACE for MACECalculator with /lustre/home/ah1365/.cache/mace/MACE_MPtrj_20229model
Using float64 for MACECalculator, which is slower but more accurate. Recommended for geometry optimization.
Using TorchDFTD3Calculator for D3 dispersion corrections
      Step     Time          Energy          fmax
FIRE:    0 21:01:06     -600.355742        2.644730
FIRE:    1 21:01:15     -600.952577        2.041269
FIRE:    2 21:01:24     -601.720062        1.093586
FIRE:    3 21:01:33     -602.237468        0.553850
FIRE:    4 21:01:42     -602.420312        0.847267
FIRE:    5 21:01:51     -602.479139        0.959890
FIRE:    6 21:01:59     -602.508366        0.914801
FIRE:    7 21:02:08     -602.562423        0.828060
FIRE:    8 21:02:17     -602.633441        0.723343
FIRE:    9 21:02:26     -602.711685        0.602863
FIRE:   10 21:02:35     -602.787465        0.472265
FIRE:   11 21:02:44     -602.852976        0.342010
FIRE:   12 21:02:53     -602.903975        0.334882
FIRE:   13 21:03:01     -602.943540        0.329748
FIRE:   14 21:03:10     -602.973184        0.323353
FIRE:   15 21:03:19     -603.000396        0.374804
FIRE:   16 21:03:28     -603.035177        0.416200
FIRE:   17 21:03:37     -603.085086        0.410462
FIRE:   18 21:03:46     -603.150459        0.359458
FIRE:   19 21:03:55     -603.222106        0.270530
FIRE:   20 21:04:04     -603.284835        0.186263
FIRE:   21 21:04:12     -603.329730        0.189280
FIRE:   22 21:04:21     -603.361547        0.203719
FIRE:   23 21:04:30     -603.387547        0.206333
FIRE:   24 21:04:39     -603.413022        0.199060
FIRE:   25 21:04:48     -603.449313        0.215262
FIRE:   26 21:04:57     -603.497049        0.182087
FIRE:   27 21:05:06     -603.540816        0.229340
FIRE:   28 21:05:15     -603.599275        0.201139
FIRE:   29 21:05:24     -603.680855        0.182833
FIRE:   30 21:05:32     -603.760688        0.148880
FIRE:   31 21:05:41     -603.838368        0.162425
FIRE:   32 21:05:50     -603.915598        0.192479
FIRE:   33 21:05:59     -604.000028        0.187836
FIRE:   34 21:06:08     -604.093668        0.179043
FIRE:   35 21:06:17     -604.189812        0.197959
FIRE:   36 21:06:26     -604.294034        0.211682
FIRE:   37 21:06:35     -604.402620        0.192558
FIRE:   38 21:06:44     -604.504707        0.169573
FIRE:   39 21:06:53     -604.599472        0.151750
FIRE:   40 21:07:01     -604.686162        0.135245
FIRE:   41 21:07:10     -604.764183        0.127360
FIRE:   42 21:07:19     -604.833433        0.120114
FIRE:   43 21:07:28     -604.895103        0.124777
FIRE:   44 21:07:37     -604.952871        0.139289
FIRE:   45 21:07:46     -605.008128        0.147310
FIRE:   46 21:07:55     -605.063180        0.131263
FIRE:   47 21:08:04     -605.117596        0.130826
FIRE:   48 21:08:12     -605.170862        0.164602
FIRE:   49 21:08:21     -605.228164        0.205370
FIRE:   50 21:08:30     -605.291168        0.181685
FIRE:   51 21:08:39     -605.353309        0.126628
FIRE:   52 21:08:48     -605.408868        0.116188
FIRE:   53 21:08:57     -605.453663        0.126617
FIRE:   54 21:09:06     -605.487479        0.195859
FIRE:   55 21:09:15     -605.520740        0.230208
FIRE:   56 21:09:24     -605.564085        0.206265
FIRE:   57 21:09:33     -605.614776        0.152540
FIRE:   58 21:09:41     -605.664406        0.145544
FIRE:   59 21:09:50     -605.708771        0.142775
FIRE:   60 21:09:59     -605.746831        0.163067
FIRE:   61 21:10:08     -605.778599        0.164890
FIRE:   62 21:10:17     -605.805012        0.136878
FIRE:   63 21:10:26     -605.826378        0.133731
FIRE:   64 21:10:35     -605.841562        0.154691
FIRE:   65 21:10:44     -605.850584        0.163825
FIRE:   66 21:10:53     -605.901832        0.109212
FIRE:   67 21:11:02     -605.934588        0.246453
FIRE:   68 21:11:11     -605.952661        0.074487
FIRE:   69 21:11:19     -605.955888        0.218770
FIRE:   70 21:11:28     -605.960094        0.167774
FIRE:   71 21:11:37     -605.965463        0.075564
FIRE:   72 21:11:46     -605.968672        0.074523
FIRE:   73 21:11:55     -605.969915        0.134597
FIRE:   74 21:12:04     -605.970426        0.125720
FIRE:   75 21:12:13     -605.971359        0.108735
FIRE:   76 21:12:22     -605.972569        0.085146
FIRE:   77 21:12:31     -605.973889        0.075190
FIRE:   78 21:12:40     -605.975195        0.075337
FIRE:   79 21:12:49     -605.976441        0.075517
FIRE:   80 21:12:58     -605.977669        0.075732
FIRE:   81 21:13:07     -605.979146        0.076011
FIRE:   82 21:13:15     -605.981090        0.076371
FIRE:   83 21:13:24     -605.983718        0.076835
FIRE:   84 21:13:33     -605.987140        0.077437
FIRE:   85 21:13:42     -605.991328        0.078219
FIRE:   86 21:13:51     -605.996100        0.079247
FIRE:   87 21:14:00     -606.001640        0.080595
FIRE:   88 21:14:09     -606.008515        0.082328
FIRE:   89 21:14:18     -606.017193        0.084503
FIRE:   90 21:14:27     -606.027407        0.087150
FIRE:   91 21:14:36     -606.039574        0.090211
FIRE:   92 21:14:44     -606.054764        0.093517
FIRE:   93 21:14:53     -606.073053        0.096867
FIRE:   94 21:15:02     -606.095584        0.099534
FIRE:   95 21:15:11     -606.123195        0.098429
FIRE:   96 21:15:20     -606.156212        0.087398
FIRE:   97 21:15:29     -606.193026        0.065596
FIRE:   98 21:15:38     -606.226087        0.046924
FIRE:   99 21:15:47     -606.255059        0.044853
FIRE:  100 21:15:56     -606.279992        0.041844
FIRE:  101 21:16:05     -606.301844        0.050200
FIRE:  102 21:16:14     -606.320836        0.055906
FIRE:  103 21:16:23     -606.335383        0.055709
FIRE:  104 21:16:31     -606.344080        0.056397
FIRE:  105 21:16:40     -606.346700        0.070721
FIRE:  106 21:16:49     -606.349823        0.062287
FIRE:  107 21:16:58     -606.354303        0.049355
FIRE:  108 21:17:07     -606.357924        0.072359
FIRE:  109 21:17:16     -606.362130        0.025978
FIRE:  110 21:17:25     -606.363977        0.070187
FIRE:  111 21:17:34     -606.364853        0.034625
FIRE:  112 21:17:43     -606.365404        0.018500
FIRE:  113 21:17:52     -606.365431        0.054706
FIRE:  114 21:18:01     -606.365571        0.048486
FIRE:  115 21:18:10     -606.365802        0.036779
FIRE:  116 21:18:18     -606.366046        0.021055
FIRE:  117 21:18:27     -606.366239        0.016832
FIRE:  118 21:18:36     -606.366366        0.016918
FIRE:  119 21:18:45     -606.366486        0.024688
FIRE:  120 21:18:54     -606.366647        0.030331
FIRE:  121 21:19:03     -606.366919        0.029179
FIRE:  122 21:19:12     -606.367304        0.020242
FIRE:  123 21:19:21     -606.367738        0.017482
FIRE:  124 21:19:30     -606.368171        0.017614
FIRE:  125 21:19:39     -606.368634        0.024654
FIRE:  126 21:19:48     -606.369305        0.021382
FIRE:  127 21:19:57     -606.370140        0.018039
FIRE:  128 21:20:06     -606.371005        0.018562
FIRE:  129 21:20:15     -606.372127        0.020411
FIRE:  130 21:20:23     -606.373552        0.018604
FIRE:  131 21:20:32     -606.375125        0.020535
FIRE:  132 21:20:41     -606.377192        0.019240
FIRE:  133 21:20:50     -606.379568        0.021157
FIRE:  134 21:20:59     -606.382675        0.020563
FIRE:  135 21:21:08     -606.386535        0.021316
FIRE:  136 21:21:17     -606.391405        0.021661
FIRE:  137 21:21:26     -606.397172        0.050252
FIRE:  138 21:21:35     -606.402198        0.112366
FIRE:  139 21:21:44     -606.404765        0.016267
FIRE:  140 21:21:53     -606.403568        0.098179
FIRE:  141 21:22:02     -606.404310        0.076449
FIRE:  142 21:22:11     -606.405205        0.037674
FIRE:  143 21:22:20     -606.405594        0.016043
FIRE:  144 21:22:29     -606.405610        0.016045
FIRE:  145 21:22:37     -606.405640        0.016049
FIRE:  146 21:22:46     -606.405684        0.016054
FIRE:  147 21:22:55     -606.405740        0.016061
FIRE:  148 21:23:04     -606.405804        0.016069
FIRE:  149 21:23:13     -606.405883        0.016078
FIRE:  150 21:23:22     -606.405973        0.016086
FIRE:  151 21:23:31     -606.406085        0.016096
FIRE:  152 21:23:40     -606.406222        0.016104
FIRE:  153 21:23:49     -606.406401        0.016111
FIRE:  154 21:23:58     -606.406617        0.016112
FIRE:  155 21:24:07     -606.406904        0.016102
FIRE:  156 21:24:16     -606.407243        0.016075
FIRE:  157 21:24:25     -606.407664        0.016020
FIRE:  158 21:24:34     -606.408158        0.015923
FIRE:  159 21:24:43     -606.408767        0.015763
FIRE:  160 21:24:52     -606.409502        0.015514
FIRE:  161 21:25:00     -606.410370        0.015141
FIRE:  162 21:25:09     -606.411402        0.014601
FIRE:  163 21:25:18     -606.412605        0.013842
FIRE:  164 21:25:27     -606.413992        0.012816
FIRE:  165 21:25:36     -606.415570        0.011493
FIRE:  166 21:25:45     -606.417313        0.009881
MACE calculation complete. Energy written to MACE_OUTCAR: -606.417313 eV
Job ended on: Mon  9 Jun 20:25:46 UTC 2025
