Si Bulk DFT energetics calculations using VASP
Running on host: comp169
Working directory: /lustre/home/ah1365/projects/127870/upgrade_report/case_studies/common/structures/interfaces/120_Si36C84_012_012_a0.123457_b0.611111_c1.58124_interface1shift3
Job started on: Thu  5 Jun 09:26:57 UTC 2025
cuequivariance or cuequivariance_torch is not available. Cuequivariance acceleration will be disabled.
Using Materials Project MACE for MACECalculator with /lustre/home/ah1365/.cache/mace/MACE_MPtrj_20229model
Using float64 for MACECalculator, which is slower but more accurate. Recommended for geometry optimization.
Using TorchDFTD3Calculator for D3 dispersion corrections
      Step     Time          Energy          fmax
FIRE:    0 10:27:14     -838.262044        3.983960
FIRE:    1 10:27:25     -843.568596        3.445735
FIRE:    2 10:27:36     -848.275095        3.027258
FIRE:    3 10:27:46     -852.417324        2.669996
FIRE:    4 10:27:57     -856.034424        2.393968
FIRE:    5 10:28:08     -859.154754        2.221445
FIRE:    6 10:28:19     -861.802987        2.057417
FIRE:    7 10:28:29     -864.012958        1.916116
FIRE:    8 10:28:40     -865.842225        1.806061
FIRE:    9 10:28:51     -867.370647        1.715077
FIRE:   10 10:29:01     -868.678320        1.622033
FIRE:   11 10:29:12     -869.812899        1.457041
FIRE:   12 10:29:23     -870.784828        1.203490
FIRE:   13 10:29:34     -871.602079        1.131756
FIRE:   14 10:29:44     -872.309377        1.277521
FIRE:   15 10:29:55     -872.985645        1.481232
FIRE:   16 10:30:06     -873.684367        1.436646
FIRE:   17 10:30:17     -874.383822        1.224737
FIRE:   18 10:30:28     -875.029049        1.111548
FIRE:   19 10:30:38     -875.602553        1.124426
FIRE:   20 10:30:49     -876.135738        1.124548
FIRE:   21 10:31:00     -876.671920        1.093158
FIRE:   22 10:31:11     -877.234443        1.045837
FIRE:   23 10:31:21     -877.861914        1.147054
FIRE:   24 10:31:32     -878.583872        1.280536
FIRE:   25 10:31:43     -879.363400        1.338064
FIRE:   26 10:31:54     -880.168486        1.528144
FIRE:   27 10:32:04     -881.037881        1.856582
FIRE:   28 10:32:15     -882.043337        2.050044
FIRE:   29 10:32:26     -883.227504        2.429728
FIRE:   30 10:32:37     -884.641640        2.673597
FIRE:   31 10:32:47     -886.175557        2.622264
FIRE:   32 10:32:58     -887.627571        2.350224
FIRE:   33 10:33:09     -888.762704        2.246548
FIRE:   34 10:33:19     -889.519943        3.407145
FIRE:   35 10:33:30     -890.212987        4.094468
FIRE:   36 10:33:41     -891.158721        4.131018
FIRE:   37 10:33:52     -892.084115        2.150532
FIRE:   38 10:34:02     -892.651982        1.867404
FIRE:   39 10:34:13     -893.013532        2.686638
FIRE:   40 10:34:24     -893.480509        3.292772
FIRE:   41 10:34:34     -894.174294        3.199133
FIRE:   42 10:34:45     -894.984419        2.195304
FIRE:   43 10:34:56     -895.745443        2.053962
FIRE:   44 10:35:06     -896.408384        2.012875
FIRE:   45 10:35:17     -897.062392        2.642214
FIRE:   46 10:35:28     -897.785902        2.536882
FIRE:   47 10:35:38     -898.550384        1.754034
FIRE:   48 10:35:49     -899.302867        1.701499
FIRE:   49 10:36:00     -900.021397        1.595929
FIRE:   50 10:36:10     -900.708587        1.581928
FIRE:   51 10:36:21     -901.378328        1.480063
FIRE:   52 10:36:32     -902.019353        1.426640
FIRE:   53 10:36:42     -902.583630        1.200039
FIRE:   54 10:36:53     -903.026741        1.298234
FIRE:   55 10:37:04     -903.349303        1.383930
FIRE:   56 10:37:14     -903.592513        1.327875
FIRE:   57 10:37:25     -903.800368        1.158592
FIRE:   58 10:37:36     -903.996342        1.125163
FIRE:   59 10:37:46     -904.198523        1.312995
FIRE:   60 10:37:57     -904.447586        1.459929
FIRE:   61 10:38:07     -904.800979        1.513556
FIRE:   62 10:38:18     -905.286006        1.501649
FIRE:   63 10:38:29     -905.867884        1.404152
FIRE:   64 10:38:39     -906.478809        1.230170
FIRE:   65 10:38:50     -907.071209        1.105911
FIRE:   66 10:39:01     -907.635340        0.963074
FIRE:   67 10:39:11     -908.174146        1.042809
FIRE:   68 10:39:22     -908.677832        1.052013
FIRE:   69 10:39:33     -909.134393        1.117250
FIRE:   70 10:39:43     -909.564296        1.356089
FIRE:   71 10:39:54     -910.022605        1.615560
FIRE:   72 10:40:04     -910.557170        1.851618
FIRE:   73 10:40:15     -911.181778        2.001074
FIRE:   74 10:40:26     -911.841243        1.936640
FIRE:   75 10:40:36     -912.445146        1.666931
FIRE:   76 10:40:47     -912.908587        1.637384
FIRE:   77 10:40:58     -913.180995        3.041757
FIRE:   78 10:41:08     -913.405985        4.602093
FIRE:   79 10:41:19     -913.847624        5.054988
FIRE:   80 10:41:30     -914.549503        3.994389
FIRE:   81 10:41:40     -915.246777        2.325748
FIRE:   82 10:41:51     -915.731083        1.774160
FIRE:   83 10:42:02     -915.963666        2.618208
FIRE:   84 10:42:12     -916.988435        1.443092
FIRE:   85 10:42:23     -917.616853        1.851392
FIRE:   86 10:42:34     -918.281699        1.122765
FIRE:   87 10:42:45     -918.721851        1.373098
FIRE:   88 10:42:55     -919.083880        1.482955
FIRE:   89 10:43:06     -919.550393        1.298619
FIRE:   90 10:43:17     -920.003184        1.065698
FIRE:   91 10:43:27     -920.380646        0.937624
FIRE:   92 10:43:38     -920.731771        0.993760
FIRE:   93 10:43:49     -921.029132        0.718322
FIRE:   94 10:43:59     -921.292487        0.775856
FIRE:   95 10:44:10     -921.574411        0.714294
FIRE:   96 10:44:21     -921.823873        0.501192
FIRE:   97 10:44:31     -922.061931        0.433044
FIRE:   98 10:44:42     -922.286347        0.441208
FIRE:   99 10:44:52     -922.496011        0.438398
FIRE:  100 10:45:03     -922.708384        0.403743
FIRE:  101 10:45:14     -922.915641        0.430150
FIRE:  102 10:45:24     -923.116941        0.351315
FIRE:  103 10:45:35     -923.318663        0.302949
FIRE:  104 10:45:46     -923.513510        0.304568
FIRE:  105 10:45:56     -923.707663        0.299526
FIRE:  106 10:46:07     -923.885933        0.264926
FIRE:  107 10:46:18     -924.049930        0.235597
FIRE:  108 10:46:28     -924.198481        0.219070
FIRE:  109 10:46:39     -924.333820        0.249965
FIRE:  110 10:46:50     -924.465347        0.347946
FIRE:  111 10:47:00     -924.600601        0.510746
FIRE:  112 10:47:11     -924.773390        0.757954
FIRE:  113 10:47:22     -925.022437        1.029871
FIRE:  114 10:47:32     -925.374512        1.283700
FIRE:  115 10:47:43     -925.885459        1.808690
FIRE:  116 10:47:53     -926.580805        2.016008
FIRE:  117 10:48:04     -927.232663        1.429229
FIRE:  118 10:48:15     -927.546163        1.614830
FIRE:  119 10:48:25     -927.467770        3.471615
FIRE:  120 10:48:36     -927.932974        1.258345
FIRE:  121 10:48:47     -927.700481        2.727900
FIRE:  122 10:48:57     -928.164999        0.515821
FIRE:  123 10:49:08     -928.179907        0.405951
FIRE:  124 10:49:18     -928.200476        0.331991
FIRE:  125 10:49:29     -928.219584        0.340682
FIRE:  126 10:49:40     -928.240468        0.383190
FIRE:  127 10:49:50     -928.269488        0.401514
FIRE:  128 10:50:01     -928.306166        0.384404
FIRE:  129 10:50:11     -928.345687        0.360221
FIRE:  130 10:50:22     -928.392718        0.363752
FIRE:  131 10:50:33     -928.454552        0.400663
FIRE:  132 10:50:43     -928.532676        0.413272
FIRE:  133 10:50:54     -928.622843        0.396849
FIRE:  134 10:51:05     -928.717498        0.318766
FIRE:  135 10:51:15     -928.786090        0.249193
FIRE:  136 10:51:26     -928.827790        0.236476
FIRE:  137 10:51:37     -928.845871        0.380297
FIRE:  138 10:51:47     -928.851494        0.328639
FIRE:  139 10:51:58     -928.859366        0.269701
FIRE:  140 10:52:09     -928.867084        0.254327
FIRE:  141 10:52:19     -928.875810        0.250003
FIRE:  142 10:52:30     -928.886689        0.202346
FIRE:  143 10:52:41     -928.897662        0.118150
FIRE:  144 10:52:51     -928.906484        0.116425
FIRE:  145 10:53:02     -928.915116        0.127528
FIRE:  146 10:53:12     -928.924726        0.090427
FIRE:  147 10:53:23     -928.933402        0.123503
FIRE:  148 10:53:34     -928.942836        0.122613
FIRE:  149 10:53:44     -928.953613        0.122537
FIRE:  150 10:53:55     -928.964903        0.110234
FIRE:  151 10:54:06     -928.977470        0.087478
FIRE:  152 10:54:16     -928.990190        0.097309
FIRE:  153 10:54:27     -929.002206        0.132338
FIRE:  154 10:54:38     -929.014171        0.144485
FIRE:  155 10:54:48     -929.024167        0.252909
FIRE:  156 10:54:59     -929.028104        0.069715
FIRE:  157 10:55:10     -929.028004        0.165728
FIRE:  158 10:55:20     -929.028720        0.132780
FIRE:  159 10:55:31     -929.029709        0.074360
FIRE:  160 10:55:41     -929.030431        0.058801
FIRE:  161 10:55:52     -929.030725        0.067129
FIRE:  162 10:56:03     -929.030948        0.106402
FIRE:  163 10:56:13     -929.031508        0.115074
FIRE:  164 10:56:24     -929.032463        0.093835
FIRE:  165 10:56:35     -929.033645        0.046659
FIRE:  166 10:56:45     -929.034579        0.043475
FIRE:  167 10:56:56     -929.035287        0.081034
FIRE:  168 10:57:07     -929.036432        0.082651
FIRE:  169 10:57:17     -929.038021        0.030725
FIRE:  170 10:57:28     -929.039238        0.060560
FIRE:  171 10:57:38     -929.040723        0.076854
FIRE:  172 10:57:49     -929.042794        0.027102
FIRE:  173 10:58:00     -929.044571        0.074203
FIRE:  174 10:58:10     -929.047205        0.025877
FIRE:  175 10:58:21     -929.049558        0.079718
FIRE:  176 10:58:32     -929.052644        0.039328
FIRE:  177 10:58:42     -929.055847        0.028740
FIRE:  178 10:58:53     -929.058997        0.072776
FIRE:  179 10:59:04     -929.061567        0.141878
FIRE:  180 10:59:14     -929.063324        0.026067
FIRE:  181 10:59:25     -929.062603        0.108369
FIRE:  182 10:59:36     -929.063015        0.086310
FIRE:  183 10:59:46     -929.063532        0.046856
FIRE:  184 10:59:57     -929.063789        0.021374
FIRE:  185 11:00:08     -929.063718        0.047209
FIRE:  186 11:00:18     -929.063745        0.044811
FIRE:  187 11:00:29     -929.063794        0.040157
FIRE:  188 11:00:40     -929.063858        0.033540
FIRE:  189 11:00:50     -929.063927        0.025434
FIRE:  190 11:01:01     -929.063993        0.021421
FIRE:  191 11:01:11     -929.064050        0.021447
FIRE:  192 11:01:22     -929.064095        0.021474
FIRE:  193 11:01:33     -929.064144        0.021503
FIRE:  194 11:01:44     -929.064199        0.021592
FIRE:  195 11:01:54     -929.064276        0.025041
FIRE:  196 11:02:05     -929.064389        0.024486
FIRE:  197 11:02:15     -929.064541        0.021605
FIRE:  198 11:02:26     -929.064721        0.021625
FIRE:  199 11:02:37     -929.064915        0.021650
FIRE:  200 11:02:47     -929.065126        0.021686
FIRE:  201 11:02:58     -929.065394        0.021743
FIRE:  202 11:03:09     -929.065736        0.021821
FIRE:  203 11:03:19     -929.066127        0.021913
FIRE:  204 11:03:30     -929.066567        0.021992
FIRE:  205 11:03:41     -929.067124        0.022041
FIRE:  206 11:03:51     -929.067765        0.022059
FIRE:  207 11:04:02     -929.068516        0.022078
FIRE:  208 11:04:13     -929.069407        0.022089
FIRE:  209 11:04:23     -929.070432        0.022007
FIRE:  210 11:04:34     -929.071618        0.021815
FIRE:  211 11:04:44     -929.072979        0.021624
FIRE:  212 11:04:55     -929.074500        0.025456
FIRE:  213 11:05:06     -929.076057        0.054727
FIRE:  214 11:05:16     -929.076961        0.127078
FIRE:  215 11:05:27     -929.078124        0.020376
FIRE:  216 11:05:38     -929.077353        0.115176
FIRE:  217 11:05:48     -929.077731        0.087645
FIRE:  218 11:05:59     -929.078154        0.039104
FIRE:  219 11:06:09     -929.078266        0.020411
FIRE:  220 11:06:20     -929.078271        0.020410
FIRE:  221 11:06:31     -929.078281        0.020408
FIRE:  222 11:06:41     -929.078294        0.020405
FIRE:  223 11:06:52     -929.078308        0.020401
FIRE:  224 11:07:03     -929.078324        0.020397
FIRE:  225 11:07:13     -929.078340        0.020393
FIRE:  226 11:07:24     -929.078356        0.020389
FIRE:  227 11:07:35     -929.078376        0.020386
FIRE:  228 11:07:45     -929.078401        0.020385
FIRE:  229 11:07:56     -929.078435        0.020384
FIRE:  230 11:08:07     -929.078479        0.020386
FIRE:  231 11:08:17     -929.078534        0.020389
FIRE:  232 11:08:28     -929.078599        0.020391
FIRE:  233 11:08:39     -929.078676        0.020391
FIRE:  234 11:08:49     -929.078769        0.020384
FIRE:  235 11:09:00     -929.078888        0.020368
FIRE:  236 11:09:11     -929.079032        0.020342
FIRE:  237 11:09:21     -929.079201        0.020308
FIRE:  238 11:09:32     -929.079408        0.020270
FIRE:  239 11:09:42     -929.079662        0.020222
FIRE:  240 11:09:53     -929.079962        0.020145
FIRE:  241 11:10:04     -929.080324        0.020030
FIRE:  242 11:10:14     -929.080756        0.019897
FIRE:  243 11:10:25     -929.081272        0.019752
FIRE:  244 11:10:36     -929.081881        0.019540
FIRE:  245 11:10:46     -929.082600        0.019340
FIRE:  246 11:10:57     -929.083436        0.019085
FIRE:  247 11:11:08     -929.084369        0.027070
FIRE:  248 11:11:18     -929.085085        0.083267
FIRE:  249 11:11:29     -929.085518        0.018835
FIRE:  250 11:11:40     -929.085257        0.071916
FIRE:  251 11:11:50     -929.085398        0.054879
FIRE:  252 11:12:01     -929.085558        0.024743
FIRE:  253 11:12:12     -929.085607        0.018888
FIRE:  254 11:12:22     -929.085609        0.018889
FIRE:  255 11:12:33     -929.085614        0.018891
FIRE:  256 11:12:44     -929.085620        0.018893
FIRE:  257 11:12:54     -929.085628        0.018897
FIRE:  258 11:13:05     -929.085636        0.018901
FIRE:  259 11:13:16     -929.085646        0.018907
FIRE:  260 11:13:26     -929.085656        0.018914
FIRE:  261 11:13:37     -929.085669        0.018923
FIRE:  262 11:13:48     -929.085685        0.018935
FIRE:  263 11:13:58     -929.085706        0.018949
FIRE:  264 11:14:09     -929.085733        0.018967
FIRE:  265 11:14:20     -929.085766        0.018988
FIRE:  266 11:14:30     -929.085807        0.019013
FIRE:  267 11:14:41     -929.085855        0.019043
FIRE:  268 11:14:51     -929.085917        0.019077
FIRE:  269 11:15:02     -929.085995        0.019116
FIRE:  270 11:15:13     -929.086088        0.019161
FIRE:  271 11:15:23     -929.086200        0.019213
FIRE:  272 11:15:34     -929.086337        0.019271
FIRE:  273 11:15:45     -929.086503        0.019334
FIRE:  274 11:15:55     -929.086707        0.019399
FIRE:  275 11:16:06     -929.086956        0.019469
FIRE:  276 11:16:17     -929.087257        0.019555
FIRE:  277 11:16:27     -929.087618        0.019650
FIRE:  278 11:16:38     -929.088058        0.019752
FIRE:  279 11:16:49     -929.088591        0.019898
FIRE:  280 11:16:59     -929.089225        0.020012
FIRE:  281 11:17:10     -929.089952        0.027231
FIRE:  282 11:17:21     -929.090465        0.088582
FIRE:  283 11:17:31     -929.090896        0.020378
FIRE:  284 11:17:42     -929.090619        0.079820
FIRE:  285 11:17:53     -929.090771        0.059476
FIRE:  286 11:18:03     -929.090937        0.023886
FIRE:  287 11:18:14     -929.090971        0.020392
FIRE:  288 11:18:25     -929.090975        0.020397
FIRE:  289 11:18:35     -929.090980        0.020407
FIRE:  290 11:18:46     -929.090988        0.020420
FIRE:  291 11:18:57     -929.090996        0.020437
FIRE:  292 11:19:07     -929.091006        0.020457
FIRE:  293 11:19:18     -929.091015        0.020477
FIRE:  294 11:19:29     -929.091024        0.020498
FIRE:  295 11:19:39     -929.091035        0.020518
FIRE:  296 11:19:50     -929.091050        0.020538
FIRE:  297 11:20:01     -929.091070        0.020555
FIRE:  298 11:20:11     -929.091096        0.020569
FIRE:  299 11:20:22     -929.091127        0.020581
FIRE:  300 11:20:33     -929.091164        0.020593
FIRE:  301 11:20:43     -929.091209        0.020613
FIRE:  302 11:20:54     -929.091265        0.020648
FIRE:  303 11:21:04     -929.091336        0.020701
FIRE:  304 11:21:15     -929.091423        0.020766
FIRE:  305 11:21:26     -929.091527        0.020828
FIRE:  306 11:21:36     -929.091656        0.020869
FIRE:  307 11:21:47     -929.091812        0.020894
FIRE:  308 11:21:58     -929.092004        0.020939
FIRE:  309 11:22:08     -929.092239        0.021010
FIRE:  310 11:22:19     -929.092520        0.021042
FIRE:  311 11:22:30     -929.092861        0.021032
FIRE:  312 11:22:40     -929.093278        0.021075
FIRE:  313 11:22:51     -929.093783        0.020988
FIRE:  314 11:23:02     -929.094368        0.020957
FIRE:  315 11:23:12     -929.094953        0.047708
FIRE:  316 11:23:23     -929.094737        0.137237
FIRE:  317 11:23:34     -929.095899        0.020162
FIRE:  318 11:23:44     -929.095911        0.020186
FIRE:  319 11:23:55     -929.095927        0.020228
FIRE:  320 11:24:06     -929.095942        0.020279
FIRE:  321 11:24:16     -929.095959        0.020326
FIRE:  322 11:24:27     -929.095984        0.020362
FIRE:  323 11:24:38     -929.096017        0.020382
FIRE:  324 11:24:48     -929.096055        0.020393
FIRE:  325 11:24:59     -929.096099        0.020403
FIRE:  326 11:25:09     -929.096152        0.020429
FIRE:  327 11:25:20     -929.096225        0.020480
FIRE:  328 11:25:31     -929.096312        0.020542
FIRE:  329 11:25:41     -929.096420        0.020568
FIRE:  330 11:25:52     -929.096556        0.020514
FIRE:  331 11:26:03     -929.096716        0.020397
FIRE:  332 11:26:13     -929.096914        0.020291
FIRE:  333 11:26:24     -929.097151        0.020130
FIRE:  334 11:26:35     -929.097438        0.019787
FIRE:  335 11:26:45     -929.097782        0.019479
FIRE:  336 11:26:56     -929.098190        0.018929
FIRE:  337 11:27:07     -929.098655        0.018306
FIRE:  338 11:27:18     -929.099032        0.055368
FIRE:  339 11:27:28     -929.097967        0.176639
FIRE:  340 11:27:39     -929.099705        0.032031
FIRE:  341 11:27:49     -929.099744        0.022440
FIRE:  342 11:28:00     -929.099783        0.015838
FIRE:  343 11:28:11     -929.099787        0.015963
FIRE:  344 11:28:21     -929.099789        0.015960
FIRE:  345 11:28:32     -929.099793        0.015953
FIRE:  346 11:28:43     -929.099797        0.015943
FIRE:  347 11:28:54     -929.099803        0.015933
FIRE:  348 11:29:04     -929.099808        0.015922
FIRE:  349 11:29:15     -929.099813        0.015914
FIRE:  350 11:29:25     -929.099818        0.015909
FIRE:  351 11:29:36     -929.099824        0.015910
FIRE:  352 11:29:47     -929.099833        0.015918
FIRE:  353 11:29:57     -929.099845        0.015934
FIRE:  354 11:30:08     -929.099860        0.015959
FIRE:  355 11:30:19     -929.099878        0.015990
FIRE:  356 11:30:29     -929.099898        0.016018
FIRE:  357 11:30:40     -929.099923        0.016031
FIRE:  358 11:30:51     -929.099956        0.016019
FIRE:  359 11:31:01     -929.099996        0.015976
FIRE:  360 11:31:12     -929.100042        0.015911
FIRE:  361 11:31:23     -929.100099        0.015839
FIRE:  362 11:31:33     -929.100171        0.015753
FIRE:  363 11:31:44     -929.100252        0.015606
FIRE:  364 11:31:55     -929.100348        0.015357
FIRE:  365 11:32:05     -929.100463        0.015049
FIRE:  366 11:32:16     -929.100602        0.014724
FIRE:  367 11:32:27     -929.100763        0.014235
FIRE:  368 11:32:38     -929.100948        0.013655
FIRE:  369 11:32:48     -929.101151        0.012952
FIRE:  370 11:32:59     -929.101360        0.018853
FIRE:  371 11:33:10     -929.101420        0.058634
FIRE:  372 11:33:20     -929.101610        0.010972
FIRE:  373 11:33:31     -929.101612        0.010980
FIRE:  374 11:33:42     -929.101614        0.010994
FIRE:  375 11:33:52     -929.101617        0.011012
FIRE:  376 11:34:03     -929.101621        0.011034
FIRE:  377 11:34:13     -929.101626        0.011055
FIRE:  378 11:34:24     -929.101633        0.011075
FIRE:  379 11:34:35     -929.101640        0.011093
FIRE:  380 11:34:45     -929.101649        0.011109
FIRE:  381 11:34:56     -929.101661        0.011123
FIRE:  382 11:35:07     -929.101675        0.011132
FIRE:  383 11:35:17     -929.101695        0.011132
FIRE:  384 11:35:28     -929.101717        0.011112
FIRE:  385 11:35:39     -929.101744        0.011062
FIRE:  386 11:35:49     -929.101778        0.010984
FIRE:  387 11:36:00     -929.101820        0.010888
FIRE:  388 11:36:10     -929.101870        0.010768
FIRE:  389 11:36:21     -929.101929        0.010609
FIRE:  390 11:36:32     -929.102002        0.010435
FIRE:  391 11:36:42     -929.102088        0.010207
FIRE:  392 11:36:53     -929.102188        0.009958
MACE calculation complete. Energy written to MACE_OUTCAR: -929.102188 eV
Job ended on: Thu  5 Jun 10:36:56 UTC 2025
