Si Bulk DFT energetics calculations using VASP
Running on host: comp144
Working directory: /lustre/home/ah1365/projects/127870/upgrade_report/case_studies/common/structures/interfaces/156_Ge48Si108_114_001_a0.163522_b0.810651_c1.585635_interface5shift7
Job started on: Tue 10 Jun 03:47:53 UTC 2025
cuequivariance or cuequivariance_torch is not available. Cuequivariance acceleration will be disabled.
Using Materials Project MACE for MACECalculator with /lustre/home/ah1365/.cache/mace/MACE_MPtrj_20229model
Using float64 for MACECalculator, which is slower but more accurate. Recommended for geometry optimization.
Using TorchDFTD3Calculator for D3 dispersion corrections
      Step     Time          Energy          fmax
FIRE:    0 04:48:13     -783.770958       28.028776
FIRE:    1 04:48:26     -791.962037       11.796760
FIRE:    2 04:48:38     -796.446812        5.676895
FIRE:    3 04:48:50     -798.741501        2.446917
FIRE:    4 04:49:02     -799.763552        1.696137
FIRE:    5 04:49:14     -800.159846        2.326078
FIRE:    6 04:49:26     -800.410445        2.769186
FIRE:    7 04:49:38     -800.767762        2.760533
FIRE:    8 04:49:50     -801.319929        2.657705
FIRE:    9 04:50:02     -802.030939        2.459935
FIRE:   10 04:50:14     -802.831344        2.225315
FIRE:   11 04:50:26     -803.672046        1.954925
FIRE:   12 04:50:38     -804.517478        1.639236
FIRE:   13 04:50:50     -805.332155        1.319056
FIRE:   14 04:51:02     -806.084205        1.127147
FIRE:   15 04:51:14     -806.753173        0.972327
FIRE:   16 04:51:26     -807.333059        0.834842
FIRE:   17 04:51:38     -807.834584        0.836484
FIRE:   18 04:51:50     -808.283663        0.796693
FIRE:   19 04:52:02     -808.713335        0.871308
FIRE:   20 04:52:14     -809.151378        0.958451
FIRE:   21 04:52:26     -809.604507        0.821875
FIRE:   22 04:52:38     -810.057335        0.694760
FIRE:   23 04:52:50     -810.489041        0.716979
FIRE:   24 04:53:02     -810.885587        0.694420
FIRE:   25 04:53:14     -811.242865        0.658373
FIRE:   26 04:53:26     -811.570696        0.745028
FIRE:   27 04:53:38     -811.891402        0.767211
FIRE:   28 04:53:50     -812.222901        0.872866
FIRE:   29 04:54:02     -812.571024        0.957567
FIRE:   30 04:54:14     -812.934304        0.973516
FIRE:   31 04:54:26     -813.302203        0.837578
FIRE:   32 04:54:39     -813.648340        0.792477
FIRE:   33 04:54:51     -813.952458        0.687033
FIRE:   34 04:55:02     -814.225666        0.650731
FIRE:   35 04:55:15     -814.470714        0.582303
FIRE:   36 04:55:27     -814.683644        0.537472
FIRE:   37 04:55:39     -814.860988        0.664349
FIRE:   38 04:55:51     -815.007994        0.796269
FIRE:   39 04:56:03     -815.138964        0.836347
FIRE:   40 04:56:15     -815.267019        0.739339
FIRE:   41 04:56:27     -815.403394        0.927053
FIRE:   42 04:56:39     -815.562132        0.956559
FIRE:   43 04:56:51     -815.748959        0.808371
FIRE:   44 04:57:03     -815.953700        0.741402
FIRE:   45 04:57:15     -816.164431        0.636117
FIRE:   46 04:57:27     -816.375239        0.547343
FIRE:   47 04:57:39     -816.582101        0.516454
FIRE:   48 04:57:51     -816.780263        0.526535
FIRE:   49 04:58:03     -816.964203        0.504953
FIRE:   50 04:58:15     -817.131982        0.582906
FIRE:   51 04:58:27     -817.287516        0.670147
FIRE:   52 04:58:39     -817.437291        0.756438
FIRE:   53 04:58:51     -817.589238        0.948031
FIRE:   54 04:59:03     -817.743988        1.018516
FIRE:   55 04:59:15     -817.895078        0.923951
FIRE:   56 04:59:27     -818.034166        0.715319
FIRE:   57 04:59:39     -818.156327        0.835545
FIRE:   58 04:59:51     -818.263014        0.792477
FIRE:   59 05:00:03     -818.353473        0.953209
FIRE:   60 05:00:15     -818.435775        1.195158
FIRE:   61 05:00:27     -818.529505        1.114887
FIRE:   62 05:00:39     -818.632787        0.789958
FIRE:   63 05:00:51     -818.724693        0.560709
FIRE:   64 05:01:03     -818.800021        0.602384
FIRE:   65 05:01:15     -818.871308        0.603808
FIRE:   66 05:01:27     -818.953286        0.571768
FIRE:   67 05:01:39     -819.054032        0.618061
FIRE:   68 05:01:52     -819.166498        0.635772
FIRE:   69 05:02:03     -819.266666        0.613462
FIRE:   70 05:02:16     -819.349070        0.541077
FIRE:   71 05:02:27     -819.411723        0.456617
FIRE:   72 05:02:40     -819.438745        0.820609
FIRE:   73 05:02:51     -819.725246        0.203973
FIRE:   74 05:03:04     -819.858221        0.273092
FIRE:   75 05:03:16     -819.953684        0.458210
FIRE:   76 05:03:28     -820.076625        0.407132
FIRE:   77 05:03:40     -820.202496        0.269274
FIRE:   78 05:03:52     -820.306259        0.293168
FIRE:   79 05:04:04     -820.399535        0.323720
FIRE:   80 05:04:16     -820.504152        0.337320
FIRE:   81 05:04:28     -820.623175        0.315551
FIRE:   82 05:04:40     -820.744754        0.309588
FIRE:   83 05:04:52     -820.862862        0.270535
FIRE:   84 05:05:04     -820.987412        0.255172
FIRE:   85 05:05:16     -821.125667        0.295754
FIRE:   86 05:05:28     -821.268928        0.346719
FIRE:   87 05:05:40     -821.410922        0.404731
FIRE:   88 05:05:52     -821.556725        0.460404
FIRE:   89 05:06:04     -821.713109        0.506873
FIRE:   90 05:06:16     -821.879182        0.531275
FIRE:   91 05:06:28     -822.046688        0.496069
FIRE:   92 05:06:40     -822.204232        0.384012
FIRE:   93 05:06:52     -822.339433        0.409626
FIRE:   94 05:07:04     -822.448217        0.408053
FIRE:   95 05:07:16     -822.538690        0.476385
FIRE:   96 05:07:28     -822.618474        0.554585
FIRE:   97 05:07:40     -822.693577        0.492759
FIRE:   98 05:07:52     -822.765352        0.567893
FIRE:   99 05:08:04     -822.832296        0.584943
FIRE:  100 05:08:16     -822.891108        0.437984
FIRE:  101 05:08:28     -822.934762        0.302905
FIRE:  102 05:08:40     -822.962970        0.347895
FIRE:  103 05:08:52     -822.987133        0.360685
FIRE:  104 05:09:04     -823.017343        0.425954
FIRE:  105 05:09:16     -823.050837        0.380200
FIRE:  106 05:09:28     -823.078257        0.253594
FIRE:  107 05:09:40     -823.096621        0.291423
FIRE:  108 05:09:52     -823.174824        0.337568
FIRE:  109 05:10:04     -823.200846        0.177003
FIRE:  110 05:10:16     -823.218861        0.173588
FIRE:  111 05:10:28     -823.232236        0.253182
FIRE:  112 05:10:40     -823.258714        0.173890
FIRE:  113 05:10:52     -823.279534        0.103322
FIRE:  114 05:11:04     -823.288991        0.181140
FIRE:  115 05:11:17     -823.299098        0.134069
FIRE:  116 05:11:29     -823.308433        0.112300
FIRE:  117 05:11:41     -823.313831        0.187270
FIRE:  118 05:11:53     -823.316621        0.149579
FIRE:  119 05:12:05     -823.320704        0.084474
FIRE:  120 05:12:17     -823.324396        0.068525
FIRE:  121 05:12:29     -823.327311        0.074331
FIRE:  122 05:12:41     -823.330437        0.090494
FIRE:  123 05:12:53     -823.334698        0.090225
FIRE:  124 05:13:05     -823.339839        0.078864
FIRE:  125 05:13:17     -823.345292        0.084208
FIRE:  126 05:13:29     -823.350250        0.090450
FIRE:  127 05:13:41     -823.356069        0.096961
FIRE:  128 05:13:53     -823.364537        0.103548
FIRE:  129 05:14:06     -823.374974        0.110945
FIRE:  130 05:14:18     -823.388209        0.121178
FIRE:  131 05:14:30     -823.408257        0.137805
FIRE:  132 05:14:42     -823.437654        0.166921
FIRE:  133 05:14:54     -823.486878        0.210183
FIRE:  134 05:15:06     -823.556484        0.240212
FIRE:  135 05:15:18     -823.635800        0.229574
FIRE:  136 05:15:30     -823.715104        0.183073
FIRE:  137 05:15:42     -823.785692        0.202817
FIRE:  138 05:15:54     -823.848177        0.194803
FIRE:  139 05:16:06     -823.898848        0.137792
FIRE:  140 05:16:19     -823.925787        0.233094
FIRE:  141 05:16:31     -823.941375        0.272456
FIRE:  142 05:16:43     -823.973442        0.089970
FIRE:  143 05:16:55     -823.987824        0.157356
FIRE:  144 05:17:07     -823.991931        0.129793
FIRE:  145 05:17:19     -823.997923        0.091450
FIRE:  146 05:17:31     -824.003282        0.070625
FIRE:  147 05:17:43     -824.007435        0.073135
FIRE:  148 05:17:55     -824.011897        0.109729
FIRE:  149 05:18:07     -824.018047        0.123257
FIRE:  150 05:18:19     -824.025803        0.101058
FIRE:  151 05:18:31     -824.034876        0.089788
FIRE:  152 05:18:43     -824.044091        0.082637
FIRE:  153 05:18:56     -824.053379        0.081733
FIRE:  154 05:19:08     -824.063245        0.072284
FIRE:  155 05:19:20     -824.072616        0.064862
FIRE:  156 05:19:32     -824.080083        0.085660
FIRE:  157 05:19:44     -824.090537        0.143478
FIRE:  158 05:19:56     -824.111610        0.256980
FIRE:  159 05:20:08     -824.170748        0.458981
FIRE:  160 05:20:20     -824.274332        0.532336
FIRE:  161 05:20:32     -824.357581        0.341959
FIRE:  162 05:20:44     -824.408793        0.407472
FIRE:  163 05:20:56     -824.431113        0.626345
FIRE:  164 05:21:09     -824.474351        0.190134
FIRE:  165 05:21:21     -824.481626        0.369733
FIRE:  166 05:21:33     -824.488069        0.327364
FIRE:  167 05:21:45     -824.497175        0.245721
FIRE:  168 05:21:57     -824.504082        0.146382
FIRE:  169 05:22:09     -824.507243        0.203874
FIRE:  170 05:22:21     -824.509970        0.280269
FIRE:  171 05:22:33     -824.515810        0.283795
FIRE:  172 05:22:45     -824.524293        0.215992
FIRE:  173 05:22:57     -824.532419        0.091172
FIRE:  174 05:23:09     -824.536722        0.136591
FIRE:  175 05:23:21     -824.540272        0.153528
FIRE:  176 05:23:33     -824.545458        0.099078
FIRE:  177 05:23:45     -824.547219        0.106664
FIRE:  178 05:23:58     -824.547765        0.090315
FIRE:  179 05:24:10     -824.548579        0.060319
FIRE:  180 05:24:22     -824.549262        0.025826
FIRE:  181 05:24:34     -824.549591        0.032733
FIRE:  182 05:24:46     -824.549654        0.045361
FIRE:  183 05:24:58     -824.549695        0.043288
FIRE:  184 05:25:10     -824.549771        0.039254
FIRE:  185 05:25:22     -824.549873        0.033500
FIRE:  186 05:25:34     -824.549992        0.026466
FIRE:  187 05:25:46     -824.550113        0.020038
FIRE:  188 05:25:58     -824.550227        0.017334
FIRE:  189 05:26:10     -824.550328        0.016902
FIRE:  190 05:26:23     -824.550426        0.017825
FIRE:  191 05:26:35     -824.550526        0.022128
FIRE:  192 05:26:47     -824.550642        0.027088
FIRE:  193 05:26:59     -824.550796        0.028607
FIRE:  194 05:27:11     -824.550992        0.025497
FIRE:  195 05:27:23     -824.551234        0.017241
FIRE:  196 05:27:35     -824.551492        0.014075
FIRE:  197 05:27:47     -824.551731        0.011408
FIRE:  198 05:27:59     -824.551960        0.021016
FIRE:  199 05:28:11     -824.552218        0.021726
FIRE:  200 05:28:23     -824.552501        0.012039
FIRE:  201 05:28:35     -824.552738        0.015888
FIRE:  202 05:28:48     -824.552945        0.019981
FIRE:  203 05:29:00     -824.553166        0.009701
MACE calculation complete. Energy written to MACE_OUTCAR: -824.553166 eV
Job ended on: Tue 10 Jun 04:29:00 UTC 2025
