Si Bulk DFT energetics calculations using VASP
Running on host: comp030
Working directory: /lustre/home/ah1365/projects/127870/upgrade_report/case_studies/common/structures/interfaces/264_Sn108Si156_001_001_a0.07732_b0.082474_c2.1_interface1shift6swap6
Job started on: Thu 12 Jun 08:26:34 UTC 2025
cuequivariance or cuequivariance_torch is not available. Cuequivariance acceleration will be disabled.
Using Materials Project MACE for MACECalculator with /lustre/home/ah1365/.cache/mace/MACE_MPtrj_20229model
Using float64 for MACECalculator, which is slower but more accurate. Recommended for geometry optimization.
Using TorchDFTD3Calculator for D3 dispersion corrections
      Step     Time          Energy          fmax
FIRE:    0 09:27:18    -1233.516870        7.818070
FIRE:    1 09:27:38    -1240.225095        6.783409
FIRE:    2 09:27:58    -1246.122066        5.785212
FIRE:    3 09:28:18    -1251.296136        4.850797
FIRE:    4 09:28:37    -1255.830099        4.013700
FIRE:    5 09:28:57    -1259.799628        3.286579
FIRE:    6 09:29:16    -1263.271571        2.660573
FIRE:    7 09:29:36    -1266.304607        2.120686
FIRE:    8 09:29:56    -1268.954168        1.658332
FIRE:    9 09:30:15    -1271.272841        1.544743
FIRE:   10 09:30:35    -1273.312511        1.488266
FIRE:   11 09:30:55    -1275.123493        1.419184
FIRE:   12 09:31:14    -1276.752793        1.342172
FIRE:   13 09:31:34    -1278.241749        1.262175
FIRE:   14 09:31:54    -1279.623584        1.182790
FIRE:   15 09:32:14    -1280.923122        1.106023
FIRE:   16 09:32:33    -1282.157529        1.032372
FIRE:   17 09:32:53    -1283.338517        0.961021
FIRE:   18 09:33:13    -1284.474091        0.890006
FIRE:   19 09:33:32    -1285.569797        0.816586
FIRE:   20 09:33:52    -1286.629521        0.775664
FIRE:   21 09:34:12    -1287.655285        0.762439
FIRE:   22 09:34:31    -1288.647351        0.762908
FIRE:   23 09:34:51    -1289.604061        0.762359
FIRE:   24 09:35:11    -1290.522271        0.757572
FIRE:   25 09:35:31    -1291.397744        0.745696
FIRE:   26 09:35:50    -1292.225916        0.749264
FIRE:   27 09:36:10    -1293.003212        0.777310
FIRE:   28 09:36:30    -1293.728137        0.798719
FIRE:   29 09:36:49    -1294.402029        0.808252
FIRE:   30 09:37:09    -1295.029102        0.800694
FIRE:   31 09:37:29    -1295.615514        0.773405
FIRE:   32 09:37:49    -1296.167361        0.728629
FIRE:   33 09:38:08    -1296.690366        0.671817
FIRE:   34 09:38:28    -1297.188359        0.606680
FIRE:   35 09:38:48    -1297.660758        0.595759
FIRE:   36 09:39:07    -1298.101883        0.580063
FIRE:   37 09:39:27    -1298.503616        0.542010
FIRE:   38 09:39:47    -1298.858983        0.489142
FIRE:   39 09:40:07    -1299.164176        0.428777
FIRE:   40 09:40:26    -1299.419736        0.465003
FIRE:   41 09:40:46    -1299.631272        0.548326
FIRE:   42 09:41:06    -1299.808026        0.592048
FIRE:   43 09:41:25    -1299.960215        0.590123
FIRE:   44 09:41:45    -1300.096526        0.772475
FIRE:   45 09:42:05    -1300.223953        0.903670
FIRE:   46 09:42:25    -1300.350083        0.946694
FIRE:   47 09:42:44    -1300.482577        0.965008
FIRE:   48 09:43:04    -1300.625922        1.088817
FIRE:   49 09:43:24    -1300.779847        1.116682
FIRE:   50 09:43:44    -1300.939715        1.031693
FIRE:   51 09:44:03    -1301.097280        0.882117
FIRE:   52 09:44:23    -1301.244309        0.653919
FIRE:   53 09:44:43    -1301.377328        0.525614
FIRE:   54 09:45:02    -1301.499828        0.600018
FIRE:   55 09:45:22    -1301.619329        0.627443
FIRE:   56 09:45:42    -1301.742156        0.609197
FIRE:   57 09:46:02    -1301.869165        0.555172
FIRE:   58 09:46:21    -1301.996788        0.503651
FIRE:   59 09:46:41    -1302.121370        0.492312
FIRE:   60 09:47:01    -1302.243541        0.493495
FIRE:   61 09:47:20    -1302.367989        0.528867
FIRE:   62 09:47:40    -1302.500356        0.531919
FIRE:   63 09:48:00    -1302.644836        0.560160
FIRE:   64 09:48:20    -1302.803850        0.593640
FIRE:   65 09:48:40    -1302.976939        0.594598
FIRE:   66 09:48:59    -1303.160300        0.548368
FIRE:   67 09:49:19    -1303.346444        0.569480
FIRE:   68 09:49:39    -1303.526849        0.598074
FIRE:   69 09:49:59    -1303.700393        0.580220
FIRE:   70 09:50:18    -1303.860536        0.485249
FIRE:   71 09:50:38    -1303.993226        0.458288
FIRE:   72 09:50:58    -1304.089373        0.826545
FIRE:   73 09:51:18    -1304.146808        1.282043
FIRE:   74 09:51:37    -1304.182707        1.581089
FIRE:   75 09:51:57    -1304.527269        0.338096
FIRE:   76 09:52:17    -1304.664562        0.494537
FIRE:   77 09:52:37    -1304.750367        0.641334
FIRE:   78 09:52:56    -1304.861395        0.496986
FIRE:   79 09:53:16    -1304.972452        0.311618
FIRE:   80 09:53:36    -1305.057131        0.260681
FIRE:   81 09:53:56    -1305.118696        0.282456
FIRE:   82 09:54:15    -1305.175542        0.366776
FIRE:   83 09:54:35    -1305.243488        0.294245
FIRE:   84 09:54:55    -1305.307453        0.224900
FIRE:   85 09:55:14    -1305.355623        0.194360
FIRE:   86 09:55:34    -1305.401414        0.254459
FIRE:   87 09:55:54    -1305.448900        0.147399
FIRE:   88 09:56:14    -1305.490989        0.148539
FIRE:   89 09:56:33    -1305.526579        0.178104
FIRE:   90 09:56:53    -1305.566010        0.143202
FIRE:   91 09:57:13    -1305.607484        0.114860
FIRE:   92 09:57:33    -1305.649437        0.135030
FIRE:   93 09:57:52    -1305.692638        0.149999
FIRE:   94 09:58:12    -1305.728576        0.260562
FIRE:   95 09:58:32    -1305.751169        0.230967
FIRE:   96 09:58:52    -1305.788088        0.110940
FIRE:   97 09:59:11    -1305.801836        0.077775
FIRE:   98 09:59:31    -1305.808449        0.093108
FIRE:   99 09:59:51    -1305.810174        0.069728
FIRE:  100 10:00:11    -1305.812744        0.053479
FIRE:  101 10:00:30    -1305.815205        0.049816
FIRE:  102 10:00:50    -1305.817369        0.055658
FIRE:  103 10:01:10    -1305.819884        0.063816
FIRE:  104 10:01:30    -1305.823238        0.047861
FIRE:  105 10:01:49    -1305.827235        0.039630
FIRE:  106 10:02:09    -1305.831726        0.033513
FIRE:  107 10:02:29    -1305.836491        0.050370
FIRE:  108 10:02:49    -1305.842010        0.034462
FIRE:  109 10:03:09    -1305.848485        0.038111
FIRE:  110 10:03:28    -1305.855879        0.044658
FIRE:  111 10:03:48    -1305.864674        0.053927
FIRE:  112 10:04:08    -1305.875043        0.065671
FIRE:  113 10:04:27    -1305.888517        0.080897
FIRE:  114 10:04:47    -1305.906349        0.095676
FIRE:  115 10:05:07    -1305.930882        0.088623
FIRE:  116 10:05:27    -1305.960160        0.092758
FIRE:  117 10:05:46    -1305.989651        0.105285
FIRE:  118 10:06:06    -1306.018464        0.171118
FIRE:  119 10:06:26    -1306.055541        0.218754
FIRE:  120 10:06:46    -1306.079622        0.273333
FIRE:  121 10:07:05    -1306.090525        0.173238
FIRE:  122 10:07:25    -1306.103332        0.135462
FIRE:  123 10:07:45    -1306.115011        0.178892
FIRE:  124 10:08:05    -1306.127079        0.174272
FIRE:  125 10:08:25    -1306.139362        0.135607
FIRE:  126 10:08:44    -1306.150509        0.114002
FIRE:  127 10:09:04    -1306.161547        0.181440
FIRE:  128 10:09:24    -1306.178148        0.161381
FIRE:  129 10:09:44    -1306.201878        0.123655
FIRE:  130 10:10:03    -1306.232799        0.158149
FIRE:  131 10:10:23    -1306.273225        0.113284
FIRE:  132 10:10:43    -1306.309096        0.193927
FIRE:  133 10:11:03    -1306.353408        0.216767
FIRE:  134 10:11:22    -1306.398611        0.234722
FIRE:  135 10:11:42    -1306.452428        0.305792
FIRE:  136 10:12:02    -1306.519910        0.317495
FIRE:  137 10:12:22    -1306.585309        0.198763
FIRE:  138 10:12:42    -1306.629853        0.279293
FIRE:  139 10:13:01    -1306.650674        0.264970
FIRE:  140 10:13:21    -1306.676608        0.101588
FIRE:  141 10:13:41    -1306.681140        0.179714
FIRE:  142 10:14:01    -1306.686530        0.149876
FIRE:  143 10:14:20    -1306.693427        0.104127
FIRE:  144 10:14:40    -1306.697942        0.076232
FIRE:  145 10:15:00    -1306.699962        0.089364
FIRE:  146 10:15:20    -1306.702295        0.132039
FIRE:  147 10:15:39    -1306.706806        0.135957
FIRE:  148 10:15:59    -1306.712674        0.097437
FIRE:  149 10:16:19    -1306.718636        0.071234
FIRE:  150 10:16:39    -1306.723147        0.055588
FIRE:  151 10:16:58    -1306.726026        0.082528
FIRE:  152 10:17:18    -1306.730171        0.071647
FIRE:  153 10:17:38    -1306.735969        0.026964
FIRE:  154 10:17:58    -1306.738305        0.083077
FIRE:  155 10:18:17    -1306.739297        0.067255
FIRE:  156 10:18:37    -1306.740665        0.041240
FIRE:  157 10:18:57    -1306.741743        0.033571
FIRE:  158 10:19:17    -1306.742528        0.039724
FIRE:  159 10:19:36    -1306.743417        0.044530
FIRE:  160 10:19:56    -1306.744730        0.045450
FIRE:  161 10:20:16    -1306.746364        0.045316
FIRE:  162 10:20:36    -1306.748253        0.033384
FIRE:  163 10:20:55    -1306.750080        0.030766
FIRE:  164 10:21:15    -1306.751541        0.025849
FIRE:  165 10:21:35    -1306.752463        0.041808
FIRE:  166 10:21:55    -1306.753469        0.029287
FIRE:  167 10:22:14    -1306.754522        0.023455
FIRE:  168 10:22:34    -1306.755211        0.037602
FIRE:  169 10:22:54    -1306.756489        0.020742
FIRE:  170 10:23:14    -1306.757710        0.032630
FIRE:  171 10:23:33    -1306.758929        0.031253
FIRE:  172 10:23:53    -1306.760081        0.032035
FIRE:  173 10:24:13    -1306.760442        0.011723
FIRE:  174 10:24:33    -1306.760709        0.024104
FIRE:  175 10:24:52    -1306.760978        0.022599
FIRE:  176 10:25:12    -1306.761256        0.016603
FIRE:  177 10:25:32    -1306.761489        0.021231
FIRE:  178 10:25:52    -1306.761732        0.011001
FIRE:  179 10:26:12    -1306.761920        0.019343
FIRE:  180 10:26:31    -1306.762167        0.009797
MACE calculation complete. Energy written to MACE_OUTCAR: -1306.762167 eV
Job ended on: Thu 12 Jun 09:26:32 UTC 2025
