Si Bulk DFT energetics calculations using VASP
Running on host: comp032
Working directory: /lustre/home/ah1365/projects/127870/upgrade_report/case_studies/common/structures/interfaces/168_Ge96Sn72_011_011_a0.116071_b0.339623_c2.065574_interface9shift3
Job started on: Tue 10 Jun 06:51:57 UTC 2025
cuequivariance or cuequivariance_torch is not available. Cuequivariance acceleration will be disabled.
Using Materials Project MACE for MACECalculator with /lustre/home/ah1365/.cache/mace/MACE_MPtrj_20229model
Using float64 for MACECalculator, which is slower but more accurate. Recommended for geometry optimization.
Using TorchDFTD3Calculator for D3 dispersion corrections
      Step     Time          Energy          fmax
FIRE:    0 07:52:30     -750.244531       10.383054
FIRE:    1 07:52:43     -755.230405        5.785830
FIRE:    2 07:52:55     -758.226939        2.871324
FIRE:    3 07:53:07     -759.925328        1.488777
FIRE:    4 07:53:19     -760.801525        1.461298
FIRE:    5 07:53:31     -761.218053        1.677079
FIRE:    6 07:53:43     -761.441630        1.813615
FIRE:    7 07:53:55     -761.629428        1.569685
FIRE:    8 07:54:08     -761.848854        1.236255
FIRE:    9 07:54:20     -762.098870        0.933762
FIRE:   10 07:54:32     -762.352219        0.758017
FIRE:   11 07:54:44     -762.581393        0.824025
FIRE:   12 07:54:56     -762.774246        0.888375
FIRE:   13 07:55:08     -762.935499        0.867682
FIRE:   14 07:55:20     -763.078778        0.787781
FIRE:   15 07:55:32     -763.217828        0.667028
FIRE:   16 07:55:45     -763.358231        0.528740
FIRE:   17 07:55:57     -763.490235        0.485524
FIRE:   18 07:56:09     -763.591356        0.503881
FIRE:   19 07:56:21     -763.654753        0.437665
FIRE:   20 07:56:33     -763.801907        0.368116
FIRE:   21 07:56:46     -763.995351        0.288732
FIRE:   22 07:56:58     -764.137146        0.251714
FIRE:   23 07:57:10     -764.216841        0.320643
FIRE:   24 07:57:22     -764.279453        0.324149
FIRE:   25 07:57:35     -764.342174        0.222052
FIRE:   26 07:57:47     -764.387462        0.230692
FIRE:   27 07:57:59     -764.416749        0.336630
FIRE:   28 07:58:11     -764.427653        0.303529
FIRE:   29 07:58:23     -764.446351        0.243460
FIRE:   30 07:58:35     -764.467993        0.168066
FIRE:   31 07:58:47     -764.488394        0.153182
FIRE:   32 07:58:59     -764.505723        0.138274
FIRE:   33 07:59:12     -764.520813        0.121238
FIRE:   34 07:59:24     -764.535497        0.116461
FIRE:   35 07:59:36     -764.552285        0.102298
FIRE:   36 07:59:48     -764.570076        0.090153
FIRE:   37 08:00:00     -764.585759        0.074383
FIRE:   38 08:00:13     -764.597926        0.080733
FIRE:   39 08:00:25     -764.610962        0.111813
FIRE:   40 08:00:37     -764.630391        0.126026
FIRE:   41 08:00:49     -764.655063        0.110313
FIRE:   42 08:01:01     -764.680384        0.086452
FIRE:   43 08:01:13     -764.707741        0.086820
FIRE:   44 08:01:26     -764.734313        0.072863
FIRE:   45 08:01:38     -764.755258        0.081557
FIRE:   46 08:01:50     -764.777424        0.063498
FIRE:   47 08:02:02     -764.797224        0.085069
FIRE:   48 08:02:15     -764.817917        0.072394
FIRE:   49 08:02:27     -764.841658        0.081430
FIRE:   50 08:02:39     -764.873836        0.091874
FIRE:   51 08:02:52     -764.914076        0.097477
FIRE:   52 08:03:04     -764.962906        0.105138
FIRE:   53 08:03:16     -765.019946        0.099542
FIRE:   54 08:03:28     -765.080917        0.086916
FIRE:   55 08:03:41     -765.140248        0.079861
FIRE:   56 08:03:53     -765.196975        0.087480
FIRE:   57 08:04:05     -765.251576        0.096335
FIRE:   58 08:04:17     -765.304842        0.105401
FIRE:   59 08:04:30     -765.357280        0.116215
FIRE:   60 08:04:42     -765.410238        0.124488
FIRE:   61 08:04:54     -765.463528        0.128371
FIRE:   62 08:05:07     -765.517450        0.133083
FIRE:   63 08:05:19     -765.571976        0.135829
FIRE:   64 08:05:31     -765.626229        0.125708
FIRE:   65 08:05:43     -765.678031        0.103075
FIRE:   66 08:05:55     -765.726321        0.105879
FIRE:   67 08:06:08     -765.770520        0.116250
FIRE:   68 08:06:20     -765.810392        0.121511
FIRE:   69 08:06:32     -765.846442        0.112916
FIRE:   70 08:06:44     -765.878412        0.082275
FIRE:   71 08:06:57     -765.905306        0.046394
FIRE:   72 08:07:09     -765.926442        0.048289
FIRE:   73 08:07:21     -765.941979        0.049109
FIRE:   74 08:07:33     -765.949927        0.057500
FIRE:   75 08:07:46     -765.962313        0.054090
FIRE:   76 08:07:58     -765.976961        0.055972
FIRE:   77 08:08:10     -765.992497        0.079469
FIRE:   78 08:08:22     -765.999332        0.167910
FIRE:   79 08:08:34     -766.006994        0.034566
FIRE:   80 08:08:47     -766.004436        0.150917
FIRE:   81 08:08:59     -766.006593        0.115928
FIRE:   82 08:09:11     -766.009171        0.054582
FIRE:   83 08:09:23     -766.010258        0.028008
FIRE:   84 08:09:36     -766.010315        0.027992
FIRE:   85 08:09:48     -766.010424        0.027961
FIRE:   86 08:10:00     -766.010582        0.027915
FIRE:   87 08:10:12     -766.010778        0.027854
FIRE:   88 08:10:24     -766.011013        0.027778
FIRE:   89 08:10:37     -766.011289        0.027689
FIRE:   90 08:10:49     -766.011591        0.027586
FIRE:   91 08:11:01     -766.011969        0.027460
FIRE:   92 08:11:13     -766.012449        0.027305
FIRE:   93 08:11:26     -766.013048        0.027119
FIRE:   94 08:11:38     -766.013791        0.026896
FIRE:   95 08:11:50     -766.014690        0.026632
FIRE:   96 08:12:02     -766.015757        0.026321
FIRE:   97 08:12:14     -766.017043        0.025959
FIRE:   98 08:12:26     -766.018561        0.025544
FIRE:   99 08:12:39     -766.020387        0.025079
FIRE:  100 08:12:51     -766.022561        0.024574
FIRE:  101 08:13:03     -766.025079        0.024046
FIRE:  102 08:13:15     -766.028071        0.023519
FIRE:  103 08:13:27     -766.031615        0.023007
FIRE:  104 08:13:39     -766.035819        0.022538
FIRE:  105 08:13:52     -766.040808        0.022194
FIRE:  106 08:14:04     -766.046674        0.022127
FIRE:  107 08:14:16     -766.053532        0.022377
FIRE:  108 08:14:28     -766.061557        0.022628
FIRE:  109 08:14:41     -766.070949        0.022469
FIRE:  110 08:14:53     -766.081895        0.021448
FIRE:  111 08:15:05     -766.094825        0.021559
FIRE:  112 08:15:17     -766.108438        0.056606
FIRE:  113 08:15:29     -766.116057        0.157269
FIRE:  114 08:15:42     -766.126450        0.039721
FIRE:  115 08:15:54     -766.126914        0.039959
FIRE:  116 08:16:06     -766.127626        0.040404
FIRE:  117 08:16:18     -766.128422        0.040990
FIRE:  118 08:16:31     -766.129408        0.041628
FIRE:  119 08:16:43     -766.130785        0.042255
FIRE:  120 08:16:55     -766.132587        0.042873
FIRE:  121 08:17:07     -766.134672        0.043542
FIRE:  122 08:17:20     -766.137231        0.044423
FIRE:  123 08:17:32     -766.140633        0.045581
FIRE:  124 08:17:44     -766.145253        0.046936
FIRE:  125 08:17:56     -766.151199        0.048082
FIRE:  126 08:18:09     -766.159060        0.051150
FIRE:  127 08:18:21     -766.169644        0.054724
FIRE:  128 08:18:33     -766.183503        0.058707
FIRE:  129 08:18:45     -766.201958        0.062963
FIRE:  130 08:18:58     -766.226520        0.066997
FIRE:  131 08:19:10     -766.260511        0.072319
FIRE:  132 08:19:22     -766.303198        0.074482
FIRE:  133 08:19:34     -766.347985        0.078999
FIRE:  134 08:19:47     -766.390783        0.084746
FIRE:  135 08:19:59     -766.429557        0.080273
FIRE:  136 08:20:11     -766.465513        0.081440
FIRE:  137 08:20:23     -766.500723        0.089877
FIRE:  138 08:20:36     -766.538037        0.103828
FIRE:  139 08:20:48     -766.580168        0.122036
FIRE:  140 08:21:00     -766.628969        0.139972
FIRE:  141 08:21:12     -766.684765        0.153579
FIRE:  142 08:21:25     -766.745651        0.154190
FIRE:  143 08:21:37     -766.805065        0.129861
FIRE:  144 08:21:49     -766.855954        0.113665
FIRE:  145 08:22:01     -766.897028        0.112122
FIRE:  146 08:22:13     -766.929732        0.109329
FIRE:  147 08:22:26     -766.957237        0.119745
FIRE:  148 08:22:38     -766.983787        0.129990
FIRE:  149 08:22:50     -767.012882        0.118917
FIRE:  150 08:23:02     -767.045063        0.108731
FIRE:  151 08:23:14     -767.078269        0.098715
FIRE:  152 08:23:27     -767.109277        0.087159
FIRE:  153 08:23:39     -767.136314        0.071467
FIRE:  154 08:23:51     -767.159314        0.094683
FIRE:  155 08:24:03     -767.178949        0.092082
FIRE:  156 08:24:16     -767.194243        0.089477
FIRE:  157 08:24:28     -767.203159        0.093841
FIRE:  158 08:24:40     -767.206341        0.088659
FIRE:  159 08:24:52     -767.223548        0.061062
FIRE:  160 08:25:05     -767.241101        0.060325
FIRE:  161 08:25:17     -767.253892        0.043548
FIRE:  162 08:25:29     -767.257537        0.033840
FIRE:  163 08:25:41     -767.259101        0.030336
FIRE:  164 08:25:54     -767.260761        0.026762
FIRE:  165 08:26:06     -767.262724        0.021012
FIRE:  166 08:26:18     -767.264609        0.021989
FIRE:  167 08:26:30     -767.266086        0.024582
FIRE:  168 08:26:43     -767.267687        0.020357
FIRE:  169 08:26:55     -767.268704        0.020052
FIRE:  170 08:27:07     -767.269695        0.022534
FIRE:  171 08:27:19     -767.270790        0.025216
FIRE:  172 08:27:31     -767.272552        0.016598
FIRE:  173 08:27:44     -767.274422        0.020724
FIRE:  174 08:27:56     -767.276720        0.025141
FIRE:  175 08:28:08     -767.279179        0.030231
FIRE:  176 08:28:20     -767.280608        0.062004
FIRE:  177 08:28:33     -767.281694        0.016014
FIRE:  178 08:28:45     -767.281362        0.052141
FIRE:  179 08:28:57     -767.281643        0.040244
FIRE:  180 08:29:09     -767.281985        0.019248
FIRE:  181 08:29:21     -767.282152        0.015231
FIRE:  182 08:29:34     -767.282121        0.025824
FIRE:  183 08:29:46     -767.282143        0.024359
FIRE:  184 08:29:58     -767.282184        0.021513
FIRE:  185 08:30:10     -767.282238        0.017459
FIRE:  186 08:30:23     -767.282296        0.015096
FIRE:  187 08:30:35     -767.282352        0.015068
FIRE:  188 08:30:47     -767.282400        0.015035
FIRE:  189 08:30:59     -767.282439        0.014999
FIRE:  190 08:31:11     -767.282484        0.014958
FIRE:  191 08:31:24     -767.282539        0.014915
FIRE:  192 08:31:36     -767.282616        0.014870
FIRE:  193 08:31:48     -767.282727        0.014827
FIRE:  194 08:32:00     -767.282880        0.014790
FIRE:  195 08:32:13     -767.283049        0.014760
FIRE:  196 08:32:25     -767.283228        0.014745
FIRE:  197 08:32:37     -767.283440        0.014746
FIRE:  198 08:32:49     -767.283705        0.014768
FIRE:  199 08:33:02     -767.284044        0.014818
FIRE:  200 08:33:14     -767.284427        0.014906
FIRE:  201 08:33:26     -767.284919        0.015040
FIRE:  202 08:33:38     -767.285539        0.015212
FIRE:  203 08:33:51     -767.286277        0.015390
FIRE:  204 08:34:03     -767.287219        0.015488
FIRE:  205 08:34:15     -767.288364        0.015410
FIRE:  206 08:34:27     -767.289806        0.015059
FIRE:  207 08:34:40     -767.291510        0.014300
FIRE:  208 08:34:52     -767.293568        0.012938
FIRE:  209 08:35:04     -767.295940        0.013463
FIRE:  210 08:35:16     -767.298462        0.025341
FIRE:  211 08:35:29     -767.300500        0.063857
FIRE:  212 08:35:41     -767.301562        0.008893
MACE calculation complete. Energy written to MACE_OUTCAR: -767.301562 eV
Job ended on: Tue 10 Jun 07:35:42 UTC 2025
