Si Bulk DFT energetics calculations using VASP
Running on host: comp127
Working directory: /lustre/home/ah1365/projects/127870/upgrade_report/case_studies/common/structures/interfaces/120_Si36C84_012_012_a0.25_b0.012346_c1.680068_interface13shift5
Job started on: Thu  5 Jun 01:31:00 UTC 2025
cuequivariance or cuequivariance_torch is not available. Cuequivariance acceleration will be disabled.
Using Materials Project MACE for MACECalculator with /lustre/home/ah1365/.cache/mace/MACE_MPtrj_20229model
Using float64 for MACECalculator, which is slower but more accurate. Recommended for geometry optimization.
Using TorchDFTD3Calculator for D3 dispersion corrections
      Step     Time          Energy          fmax
FIRE:    0 02:31:29     -842.374616        4.503217
FIRE:    1 02:31:40     -847.970125        3.929749
FIRE:    2 02:31:51     -852.895911        3.417478
FIRE:    3 02:32:01     -857.223144        2.984948
FIRE:    4 02:32:12     -861.013759        2.587513
FIRE:    5 02:32:22     -864.311439        2.277055
FIRE:    6 02:32:33     -867.151059        2.025272
FIRE:    7 02:32:43     -869.568276        1.801237
FIRE:    8 02:32:54     -871.611090        1.731381
FIRE:    9 02:33:05     -873.337598        1.712700
FIRE:   10 02:33:15     -874.805568        1.673351
FIRE:   11 02:33:26     -876.055351        1.508044
FIRE:   12 02:33:37     -877.103702        1.199877
FIRE:   13 02:33:47     -877.960404        1.131174
FIRE:   14 02:33:58     -878.657541        1.333316
FIRE:   15 02:34:09     -879.262091        1.370088
FIRE:   16 02:34:20     -879.848030        1.513629
FIRE:   17 02:34:30     -880.430997        1.208538
FIRE:   18 02:34:41     -880.977578        1.263155
FIRE:   19 02:34:52     -881.502386        1.287105
FIRE:   20 02:35:02     -882.049270        1.272304
FIRE:   21 02:35:13     -882.632984        1.311183
FIRE:   22 02:35:24     -883.276924        1.418060
FIRE:   23 02:35:34     -884.014058        1.616897
FIRE:   24 02:35:45     -884.823566        1.529179
FIRE:   25 02:35:56     -885.653340        1.675802
FIRE:   26 02:36:06     -886.516943        2.131980
FIRE:   27 02:36:17     -887.493274        2.755310
FIRE:   28 02:36:27     -888.652374        3.319749
FIRE:   29 02:36:38     -890.017792        3.574746
FIRE:   30 02:36:49     -891.513250        3.235480
FIRE:   31 02:36:59     -892.949782        2.570417
FIRE:   32 02:37:10     -894.143562        2.478138
FIRE:   33 02:37:21     -895.080898        3.775809
FIRE:   34 02:37:31     -896.055774        4.337852
FIRE:   35 02:37:42     -897.178191        2.995101
FIRE:   36 02:37:53     -898.154456        1.565096
FIRE:   37 02:38:03     -898.862092        1.883808
FIRE:   38 02:38:14     -899.466633        2.668645
FIRE:   39 02:38:24     -900.195674        2.985648
FIRE:   40 02:38:35     -901.188767        3.074400
FIRE:   41 02:38:46     -902.450131        3.557046
FIRE:   42 02:38:56     -903.839697        3.572085
FIRE:   43 02:39:07     -905.142530        3.110573
FIRE:   44 02:39:17     -906.152568        2.609927
FIRE:   45 02:39:28     -906.802206        4.247971
FIRE:   46 02:39:39     -907.369667        5.816544
FIRE:   47 02:39:49     -908.217569        5.288178
FIRE:   48 02:40:00     -909.211120        2.895308
FIRE:   49 02:40:10     -909.933017        1.536787
FIRE:   50 02:40:21     -910.299654        2.731151
FIRE:   51 02:40:31     -910.508239        4.058160
FIRE:   52 02:40:42     -910.781079        4.415752
FIRE:   53 02:40:52     -911.180476        3.995593
FIRE:   54 02:41:03     -911.622996        3.104408
FIRE:   55 02:41:13     -911.993179        2.180124
FIRE:   56 02:41:24     -912.241857        2.006765
FIRE:   57 02:41:34     -912.404722        2.577634
FIRE:   58 02:41:45     -913.417837        1.846982
FIRE:   59 02:41:56     -913.838777        2.352983
FIRE:   60 02:42:06     -914.328332        0.765618
FIRE:   61 02:42:17     -914.478376        2.176920
FIRE:   62 02:42:27     -914.476866        3.299772
FIRE:   63 02:42:38     -914.918606        1.204512
FIRE:   64 02:42:48     -914.955049        0.793834
FIRE:   65 02:42:59     -914.997625        0.462602
FIRE:   66 02:43:09     -915.033293        0.849677
FIRE:   67 02:43:20     -915.086233        0.925641
FIRE:   68 02:43:30     -915.163853        0.503907
FIRE:   69 02:43:41     -915.244677        0.469077
FIRE:   70 02:43:51     -915.325567        0.693113
FIRE:   71 02:44:02     -915.430190        0.571085
FIRE:   72 02:44:12     -915.554200        0.505672
FIRE:   73 02:44:23     -915.693777        0.642115
FIRE:   74 02:44:33     -915.860630        0.549128
FIRE:   75 02:44:44     -916.035713        0.620702
FIRE:   76 02:44:54     -916.237449        0.607417
FIRE:   77 02:45:05     -916.452612        0.629664
FIRE:   78 02:45:15     -916.666019        0.700573
FIRE:   79 02:45:26     -916.885271        0.607166
FIRE:   80 02:45:36     -917.098636        0.555968
FIRE:   81 02:45:47     -917.294336        0.453745
FIRE:   82 02:45:57     -917.452580        0.539095
FIRE:   83 02:46:08     -917.552572        0.702287
FIRE:   84 02:46:18     -917.611977        0.696309
FIRE:   85 02:46:29     -917.633514        0.507201
FIRE:   86 02:46:39     -917.639837        0.400002
FIRE:   87 02:46:50     -917.648767        0.385637
FIRE:   88 02:47:00     -917.658316        0.364256
FIRE:   89 02:47:11     -917.670888        0.358289
FIRE:   90 02:47:21     -917.687631        0.304667
FIRE:   91 02:47:32     -917.705289        0.268566
FIRE:   92 02:47:42     -917.721912        0.274062
FIRE:   93 02:47:53     -917.741485        0.287383
FIRE:   94 02:48:03     -917.764038        0.196255
FIRE:   95 02:48:14     -917.786219        0.244663
FIRE:   96 02:48:24     -917.811530        0.148527
FIRE:   97 02:48:35     -917.837231        0.270610
FIRE:   98 02:48:45     -917.866537        0.159158
FIRE:   99 02:48:56     -917.896386        0.320478
FIRE:  100 02:49:06     -917.930703        0.251656
FIRE:  101 02:49:17     -917.967580        0.149814
FIRE:  102 02:49:27     -918.008002        0.118738
FIRE:  103 02:49:38     -918.053154        0.186131
FIRE:  104 02:49:48     -918.094424        0.799586
FIRE:  105 02:49:59     -918.013591        2.737394
FIRE:  106 02:50:09     -918.161988        0.279169
FIRE:  107 02:50:20     -918.163542        0.192250
FIRE:  108 02:50:30     -918.165829        0.168028
FIRE:  109 02:50:41     -918.168201        0.169654
FIRE:  110 02:50:51     -918.170974        0.196911
FIRE:  111 02:51:02     -918.174810        0.200577
FIRE:  112 02:51:12     -918.179720        0.177687
FIRE:  113 02:51:23     -918.185095        0.181378
FIRE:  114 02:51:33     -918.191331        0.186092
FIRE:  115 02:51:44     -918.199278        0.192012
FIRE:  116 02:51:54     -918.209481        0.199370
FIRE:  117 02:52:05     -918.221684        0.208506
FIRE:  118 02:52:15     -918.237258        0.219637
FIRE:  119 02:52:26     -918.257079        0.232928
FIRE:  120 02:52:36     -918.282488        0.248152
FIRE:  121 02:52:47     -918.315729        0.263913
FIRE:  122 02:52:57     -918.359443        0.277828
FIRE:  123 02:53:08     -918.415266        0.292448
FIRE:  124 02:53:18     -918.483890        0.340807
FIRE:  125 02:53:29     -918.571828        0.545342
FIRE:  126 02:53:39     -918.716402        1.218183
FIRE:  127 02:53:50     -918.898147        2.915218
FIRE:  128 02:54:00     -919.031191        1.000821
FIRE:  129 02:54:11     -919.041282        0.996167
FIRE:  130 02:54:21     -919.057642        0.986113
FIRE:  131 02:54:32     -919.076448        0.969038
FIRE:  132 02:54:42     -919.098032        0.942582
FIRE:  133 02:54:53     -919.125534        0.903857
FIRE:  134 02:55:03     -919.158913        0.849155
FIRE:  135 02:55:14     -919.193445        0.774018
FIRE:  136 02:55:24     -919.227981        0.662875
FIRE:  137 02:55:35     -919.261890        0.509530
FIRE:  138 02:55:45     -919.293233        0.322667
FIRE:  139 02:55:56     -919.312600        0.396129
FIRE:  140 02:56:06     -919.322753        0.479731
FIRE:  141 02:56:17     -919.328859        0.448649
FIRE:  142 02:56:27     -919.330728        0.428275
FIRE:  143 02:56:38     -919.334148        0.388912
FIRE:  144 02:56:48     -919.338596        0.333261
FIRE:  145 02:56:59     -919.343533        0.265274
FIRE:  146 02:57:09     -919.348498        0.197429
FIRE:  147 02:57:20     -919.353115        0.135650
FIRE:  148 02:57:30     -919.357075        0.100814
FIRE:  149 02:57:41     -919.360474        0.080832
FIRE:  150 02:57:51     -919.363194        0.102861
FIRE:  151 02:58:02     -919.365538        0.137557
FIRE:  152 02:58:12     -919.367820        0.156384
FIRE:  153 02:58:23     -919.370334        0.178848
FIRE:  154 02:58:33     -919.373491        0.179179
FIRE:  155 02:58:44     -919.377223        0.155352
FIRE:  156 02:58:54     -919.381419        0.109821
FIRE:  157 02:59:05     -919.386092        0.111951
FIRE:  158 02:59:15     -919.391317        0.107948
FIRE:  159 02:59:26     -919.396918        0.071060
FIRE:  160 02:59:36     -919.402258        0.078884
FIRE:  161 02:59:47     -919.407474        0.100261
FIRE:  162 02:59:57     -919.414941        0.095087
FIRE:  163 03:00:08     -919.426770        0.208810
FIRE:  164 03:00:18     -919.438876        0.708286
FIRE:  165 03:00:29     -919.448268        0.171695
FIRE:  166 03:00:39     -919.448925        0.172779
FIRE:  167 03:00:50     -919.450035        0.174959
FIRE:  168 03:01:00     -919.451433        0.178258
FIRE:  169 03:01:11     -919.453179        0.182658
FIRE:  170 03:01:21     -919.455472        0.188084
FIRE:  171 03:01:32     -919.458350        0.194459
FIRE:  172 03:01:42     -919.461683        0.201713
FIRE:  173 03:01:53     -919.465884        0.210623
FIRE:  174 03:02:03     -919.471448        0.221204
FIRE:  175 03:02:14     -919.478961        0.233250
FIRE:  176 03:02:25     -919.488856        0.246229
FIRE:  177 03:02:35     -919.502069        0.258942
FIRE:  178 03:02:46     -919.519778        0.269635
FIRE:  179 03:02:56     -919.542937        0.277121
FIRE:  180 03:03:07     -919.573245        0.283008
FIRE:  181 03:03:17     -919.612223        0.290601
FIRE:  182 03:03:28     -919.661315        0.291407
FIRE:  183 03:03:38     -919.718106        0.259869
FIRE:  184 03:03:49     -919.774180        0.228803
FIRE:  185 03:03:59     -919.817032        0.719233
FIRE:  186 03:04:10     -919.787039        2.029359
FIRE:  187 03:04:20     -919.862752        0.162650
FIRE:  188 03:04:31     -919.797885        2.236088
FIRE:  189 03:04:41     -919.833729        1.528887
FIRE:  190 03:04:52     -919.865174        0.426116
FIRE:  191 03:05:02     -919.861533        0.677866
FIRE:  192 03:05:13     -919.862534        0.635573
FIRE:  193 03:05:23     -919.864305        0.553131
FIRE:  194 03:05:34     -919.866437        0.434907
FIRE:  195 03:05:44     -919.868443        0.287691
FIRE:  196 03:05:55     -919.869886        0.121485
FIRE:  197 03:06:05     -919.870530        0.100255
FIRE:  198 03:06:16     -919.870527        0.197004
FIRE:  199 03:06:26     -919.870563        0.193579
FIRE:  200 03:06:37     -919.870634        0.186792
FIRE:  201 03:06:47     -919.870737        0.176777
FIRE:  202 03:06:58     -919.870868        0.163740
FIRE:  203 03:07:08     -919.871021        0.147957
FIRE:  204 03:07:19     -919.871193        0.129787
FIRE:  205 03:07:29     -919.871377        0.109669
FIRE:  206 03:07:40     -919.871589        0.091272
FIRE:  207 03:07:50     -919.871828        0.090144
FIRE:  208 03:08:01     -919.872093        0.088692
FIRE:  209 03:08:11     -919.872383        0.086836
FIRE:  210 03:08:22     -919.872705        0.084479
FIRE:  211 03:08:32     -919.873078        0.081522
FIRE:  212 03:08:43     -919.873531        0.089760
FIRE:  213 03:08:53     -919.874100        0.099345
FIRE:  214 03:09:04     -919.874820        0.093927
FIRE:  215 03:09:14     -919.875701        0.076130
FIRE:  216 03:09:25     -919.876724        0.075461
FIRE:  217 03:09:35     -919.877858        0.074646
FIRE:  218 03:09:46     -919.879119        0.073639
FIRE:  219 03:09:56     -919.880591        0.072486
FIRE:  220 03:10:07     -919.882327        0.070861
FIRE:  221 03:10:17     -919.884256        0.069008
FIRE:  222 03:10:28     -919.886326        0.066825
FIRE:  223 03:10:38     -919.888700        0.064340
FIRE:  224 03:10:49     -919.891361        0.061519
FIRE:  225 03:10:59     -919.894264        0.058235
FIRE:  226 03:11:10     -919.897626        0.054431
FIRE:  227 03:11:20     -919.901326        0.066316
FIRE:  228 03:11:31     -919.905589        0.048868
FIRE:  229 03:11:41     -919.910266        0.046617
FIRE:  230 03:11:52     -919.915279        0.090868
FIRE:  231 03:12:02     -919.920437        0.116926
FIRE:  232 03:12:13     -919.925239        0.198886
FIRE:  233 03:12:23     -919.928403        0.384248
FIRE:  234 03:12:34     -919.930803        0.042026
FIRE:  235 03:12:44     -919.929527        0.317906
FIRE:  236 03:12:55     -919.930156        0.251356
FIRE:  237 03:13:05     -919.930929        0.131386
FIRE:  238 03:13:16     -919.931265        0.032368
FIRE:  239 03:13:26     -919.931273        0.032361
FIRE:  240 03:13:37     -919.931287        0.032345
FIRE:  241 03:13:47     -919.931309        0.032322
FIRE:  242 03:13:58     -919.931336        0.032291
FIRE:  243 03:14:08     -919.931370        0.032252
FIRE:  244 03:14:19     -919.931410        0.032205
FIRE:  245 03:14:29     -919.931455        0.032151
FIRE:  246 03:14:40     -919.931512        0.032082
FIRE:  247 03:14:50     -919.931584        0.031995
FIRE:  248 03:15:01     -919.931674        0.031887
FIRE:  249 03:15:11     -919.931785        0.031752
FIRE:  250 03:15:22     -919.931924        0.031587
FIRE:  251 03:15:32     -919.932092        0.031384
FIRE:  252 03:15:43     -919.932294        0.031136
FIRE:  253 03:15:54     -919.932544        0.030837
FIRE:  254 03:16:04     -919.932841        0.030478
FIRE:  255 03:16:15     -919.933196        0.030049
FIRE:  256 03:16:25     -919.933621        0.029539
FIRE:  257 03:16:36     -919.934124        0.028935
FIRE:  258 03:16:46     -919.934723        0.028225
FIRE:  259 03:16:57     -919.935423        0.027394
FIRE:  260 03:17:07     -919.936247        0.026427
FIRE:  261 03:17:18     -919.937218        0.025308
FIRE:  262 03:17:28     -919.938346        0.024020
FIRE:  263 03:17:39     -919.939653        0.022552
FIRE:  264 03:17:49     -919.941147        0.020903
FIRE:  265 03:18:00     -919.942827        0.026023
FIRE:  266 03:18:10     -919.944612        0.077447
FIRE:  267 03:18:21     -919.945937        0.213712
FIRE:  268 03:18:31     -919.946695        0.019787
FIRE:  269 03:18:42     -919.946269        0.184666
FIRE:  270 03:18:52     -919.946486        0.144285
FIRE:  271 03:19:03     -919.946746        0.072206
FIRE:  272 03:19:13     -919.946845        0.019507
FIRE:  273 03:19:24     -919.946848        0.018661
FIRE:  274 03:19:34     -919.946853        0.017036
FIRE:  275 03:19:45     -919.946861        0.014969
FIRE:  276 03:19:55     -919.946872        0.014964
FIRE:  277 03:20:06     -919.946883        0.014957
FIRE:  278 03:20:16     -919.946897        0.014949
FIRE:  279 03:20:27     -919.946913        0.014940
FIRE:  280 03:20:37     -919.946933        0.014928
FIRE:  281 03:20:48     -919.946958        0.014913
FIRE:  282 03:20:58     -919.946990        0.014893
FIRE:  283 03:21:09     -919.947030        0.014868
FIRE:  284 03:21:19     -919.947080        0.014836
FIRE:  285 03:21:30     -919.947142        0.014796
FIRE:  286 03:21:40     -919.947216        0.014747
FIRE:  287 03:21:51     -919.947307        0.014685
FIRE:  288 03:22:01     -919.947419        0.014608
FIRE:  289 03:22:12     -919.947556        0.014513
FIRE:  290 03:22:22     -919.947719        0.014395
FIRE:  291 03:22:33     -919.947916        0.014249
FIRE:  292 03:22:43     -919.948153        0.014068
FIRE:  293 03:22:54     -919.948436        0.013849
FIRE:  294 03:23:04     -919.948776        0.013585
FIRE:  295 03:23:15     -919.949177        0.013270
FIRE:  296 03:23:25     -919.949650        0.012896
FIRE:  297 03:23:36     -919.950192        0.012454
FIRE:  298 03:23:46     -919.950821        0.011928
FIRE:  299 03:23:57     -919.951538        0.020065
FIRE:  300 03:24:08     -919.952284        0.062159
FIRE:  301 03:24:18     -919.952751        0.165793
FIRE:  302 03:24:29     -919.953201        0.010425
FIRE:  303 03:24:39     -919.952910        0.146910
FIRE:  304 03:24:50     -919.953051        0.113369
FIRE:  305 03:25:00     -919.953214        0.053824
FIRE:  306 03:25:11     -919.953263        0.018798
FIRE:  307 03:25:21     -919.953265        0.017829
FIRE:  308 03:25:32     -919.953268        0.015960
FIRE:  309 03:25:42     -919.953272        0.013344
FIRE:  310 03:25:53     -919.953278        0.010231
FIRE:  311 03:26:03     -919.953284        0.009551
MACE calculation complete. Energy written to MACE_OUTCAR: -919.953284 eV
Job ended on: Thu  5 Jun 02:26:06 UTC 2025
