Si Bulk DFT energetics calculations using VASP
Running on host: comp084
Working directory: /lustre/projects/Research_Project-T127870/ah1365/task/investigate_artimus/SiGe/20250404210804/DRUN_MLP_MACE/20250427231949/D27/DSHIFT/D03
Job started on: Sun 27 Apr 22:53:01 UTC 2025
cuequivariance or cuequivariance_torch is not available. Cuequivariance acceleration will be disabled.
Using Materials Project MACE for MACECalculator with /lustre/home/ah1365/.cache/mace/MACE_MPtrj_20229model
Using float64 for MACECalculator, which is slower but more accurate. Recommended for geometry optimization.
Using TorchDFTD3Calculator for D3 dispersion corrections
      Step     Time          Energy          fmax
FIRE:    0 23:53:15     -479.149089       18.140060
FIRE:    1 23:53:23     -484.103704        8.138791
FIRE:    2 23:53:30     -486.299917        2.395448
FIRE:    3 23:53:38     -487.020252        2.590307
FIRE:    4 23:53:45     -487.345129        3.553472
FIRE:    5 23:53:52     -487.908660        3.752706
FIRE:    6 23:54:00     -488.726612        3.016830
FIRE:    7 23:54:07     -489.564505        1.977144
FIRE:    8 23:54:15     -490.272545        1.458584
FIRE:    9 23:54:22     -490.841338        1.092745
FIRE:   10 23:54:30     -491.333365        0.802496
FIRE:   11 23:54:37     -491.794112        0.830756
FIRE:   12 23:54:45     -492.234201        0.798779
FIRE:   13 23:54:52     -492.645380        0.718677
FIRE:   14 23:55:00     -493.020617        0.756325
FIRE:   15 23:55:08     -493.364806        0.763231
FIRE:   16 23:55:15     -493.689953        0.712753
FIRE:   17 23:55:23     -494.006395        0.609557
FIRE:   18 23:55:30     -494.320255        0.537124
FIRE:   19 23:55:38     -494.633958        0.561010
FIRE:   20 23:55:45     -494.943995        0.567436
FIRE:   21 23:55:53     -495.242131        0.566781
FIRE:   22 23:56:00     -495.525416        0.560801
FIRE:   23 23:56:08     -495.795882        0.530190
FIRE:   24 23:56:16     -496.048588        0.441989
FIRE:   25 23:56:23     -496.269305        0.418256
FIRE:   26 23:56:31     -496.444610        0.366363
FIRE:   27 23:56:38     -496.578469        0.352067
FIRE:   28 23:56:46     -496.702100        0.385117
FIRE:   29 23:56:53     -496.841350        0.405561
FIRE:   30 23:57:01     -496.997591        0.408447
FIRE:   31 23:57:08     -497.163577        0.418988
FIRE:   32 23:57:16     -497.334424        0.402153
FIRE:   33 23:57:24     -497.511957        0.363279
FIRE:   34 23:57:31     -497.695233        0.382351
FIRE:   35 23:57:39     -497.878916        0.388698
FIRE:   36 23:57:46     -498.059160        0.392144
FIRE:   37 23:57:54     -498.235115        0.394429
FIRE:   38 23:58:01     -498.407528        0.385165
FIRE:   39 23:58:09     -498.576615        0.351538
FIRE:   40 23:58:17     -498.740241        0.338771
FIRE:   41 23:58:24     -498.894726        0.347314
FIRE:   42 23:58:32     -499.036996        0.335965
FIRE:   43 23:58:39     -499.166225        0.293344
FIRE:   44 23:58:47     -499.282273        0.322116
FIRE:   45 23:58:54     -499.385243        0.352139
FIRE:   46 23:59:02     -499.479853        0.375767
FIRE:   47 23:59:10     -499.577121        0.385181
FIRE:   48 23:59:17     -499.684670        0.383467
FIRE:   49 23:59:25     -499.800398        0.381799
FIRE:   50 23:59:32     -499.917320        0.371242
FIRE:   51 23:59:40     -500.027958        0.320610
FIRE:   52 23:59:47     -500.122459        0.374256
FIRE:   53 23:59:55     -500.199194        0.423991
FIRE:   54 00:00:03     -500.270563        0.418952
FIRE:   55 00:00:10     -500.333131        0.421890
FIRE:   56 00:00:18     -500.376924        0.594763
FIRE:   57 00:00:25     -500.410877        0.799754
FIRE:   58 00:00:33     -500.465352        0.846792
FIRE:   59 00:00:40     -500.544877        0.634207
FIRE:   60 00:00:48     -500.606907        0.315407
FIRE:   61 00:00:55     -500.618632        0.307610
FIRE:   62 00:01:03     -500.770425        0.243573
FIRE:   63 00:01:10     -500.867446        0.202448
FIRE:   64 00:01:18     -500.947755        0.221603
FIRE:   65 00:01:26     -500.970332        0.285633
FIRE:   66 00:01:33     -501.012949        0.126083
FIRE:   67 00:01:41     -501.030144        0.238065
FIRE:   68 00:01:48     -501.035236        0.196866
FIRE:   69 00:01:56     -501.042799        0.120004
FIRE:   70 00:02:03     -501.049371        0.072013
FIRE:   71 00:02:11     -501.053584        0.082402
FIRE:   72 00:02:18     -501.057484        0.133856
FIRE:   73 00:02:26     -501.063520        0.135208
FIRE:   74 00:02:34     -501.071737        0.094719
FIRE:   75 00:02:41     -501.080876        0.058568
FIRE:   76 00:02:49     -501.088508        0.099970
FIRE:   77 00:02:56     -501.096054        0.136818
FIRE:   78 00:03:04     -501.106453        0.097566
FIRE:   79 00:03:12     -501.117641        0.059212
FIRE:   80 00:03:19     -501.127265        0.096798
FIRE:   81 00:03:27     -501.138376        0.046801
FIRE:   82 00:03:34     -501.148173        0.096701
FIRE:   83 00:03:42     -501.158490        0.059083
FIRE:   84 00:03:49     -501.167288        0.095066
FIRE:   85 00:03:57     -501.178029        0.041781
FIRE:   86 00:04:04     -501.187936        0.089094
FIRE:   87 00:04:12     -501.200084        0.115041
FIRE:   88 00:04:20     -501.217154        0.132477
FIRE:   89 00:04:27     -501.238392        0.160995
FIRE:   90 00:04:35     -501.249424        0.070325
FIRE:   91 00:04:42     -501.249158        0.181028
FIRE:   92 00:04:50     -501.252831        0.140727
FIRE:   93 00:04:57     -501.257403        0.078256
FIRE:   94 00:05:05     -501.260154        0.078234
FIRE:   95 00:05:13     -501.261585        0.102832
FIRE:   96 00:05:20     -501.264526        0.116696
FIRE:   97 00:05:28     -501.270325        0.094602
FIRE:   98 00:05:35     -501.277786        0.094839
FIRE:   99 00:05:43     -501.285711        0.102646
FIRE:  100 00:05:50     -501.294436        0.121485
FIRE:  101 00:05:58     -501.307769        0.126329
FIRE:  102 00:06:06     -501.327450        0.142827
FIRE:  103 00:06:13     -501.352425        0.162546
FIRE:  104 00:06:21     -501.388115        0.180556
FIRE:  105 00:06:28     -501.437721        0.179323
FIRE:  106 00:06:36     -501.494324        0.136559
FIRE:  107 00:06:43     -501.544772        0.105033
FIRE:  108 00:06:51     -501.587861        0.144973
FIRE:  109 00:06:58     -501.627241        0.155600
FIRE:  110 00:07:06     -501.624982        0.347119
FIRE:  111 00:07:14     -501.643795        0.276933
FIRE:  112 00:07:21     -501.666728        0.187027
FIRE:  113 00:07:29     -501.683826        0.145945
FIRE:  114 00:07:36     -501.697208        0.147084
FIRE:  115 00:07:44     -501.709955        0.146518
FIRE:  116 00:07:51     -501.722384        0.130950
FIRE:  117 00:07:59     -501.736936        0.156658
FIRE:  118 00:08:06     -501.759257        0.148918
FIRE:  119 00:08:14     -501.789585        0.160683
FIRE:  120 00:08:22     -501.823785        0.169933
FIRE:  121 00:08:29     -501.860208        0.158722
FIRE:  122 00:08:37     -501.901454        0.127339
FIRE:  123 00:08:44     -501.942188        0.139785
FIRE:  124 00:08:52     -501.979709        0.145175
FIRE:  125 00:08:59     -502.017640        0.131879
FIRE:  126 00:09:07     -502.058440        0.104991
FIRE:  127 00:09:14     -502.091284        0.071321
FIRE:  128 00:09:22     -502.104945        0.094978
FIRE:  129 00:09:29     -502.112839        0.079599
FIRE:  130 00:09:37     -502.123233        0.052326
FIRE:  131 00:09:45     -502.133016        0.043241
FIRE:  132 00:09:52     -502.141071        0.049521
FIRE:  133 00:10:00     -502.147565        0.042143
FIRE:  134 00:10:07     -502.153553        0.050823
FIRE:  135 00:10:15     -502.160330        0.046209
FIRE:  136 00:10:22     -502.170287        0.049563
FIRE:  137 00:10:30     -502.183162        0.044536
FIRE:  138 00:10:37     -502.197996        0.050663
FIRE:  139 00:10:45     -502.215000        0.042718
FIRE:  140 00:10:52     -502.232143        0.044879
FIRE:  141 00:11:00     -502.242731        0.095927
FIRE:  142 00:11:07     -502.246759        0.034976
FIRE:  143 00:11:15     -502.247768        0.074093
FIRE:  144 00:11:22     -502.248912        0.056375
FIRE:  145 00:11:30     -502.250421        0.034671
FIRE:  146 00:11:38     -502.251510        0.035214
FIRE:  147 00:11:45     -502.252255        0.051536
FIRE:  148 00:11:53     -502.253444        0.063446
FIRE:  149 00:12:00     -502.255495        0.054365
FIRE:  150 00:12:08     -502.258043        0.035674
FIRE:  151 00:12:15     -502.260718        0.036175
FIRE:  152 00:12:23     -502.263527        0.043417
FIRE:  153 00:12:30     -502.267401        0.041534
FIRE:  154 00:12:38     -502.272438        0.035522
FIRE:  155 00:12:45     -502.277604        0.039802
FIRE:  156 00:12:53     -502.283923        0.046054
FIRE:  157 00:13:01     -502.292018        0.054997
FIRE:  158 00:13:08     -502.302401        0.066341
FIRE:  159 00:13:16     -502.317557        0.075742
FIRE:  160 00:13:23     -502.337478        0.077545
FIRE:  161 00:13:31     -502.361145        0.088374
FIRE:  162 00:13:38     -502.389987        0.076284
FIRE:  163 00:13:46     -502.420104        0.084316
FIRE:  164 00:13:53     -502.448666        0.072425
FIRE:  165 00:14:01     -502.471241        0.086784
FIRE:  166 00:14:09     -502.478757        0.084608
FIRE:  167 00:14:16     -502.485476        0.051408
FIRE:  168 00:14:24     -502.490345        0.064843
FIRE:  169 00:14:31     -502.493732        0.045241
FIRE:  170 00:14:39     -502.494226        0.041544
FIRE:  171 00:14:47     -502.495022        0.034515
FIRE:  172 00:14:54     -502.495914        0.024934
FIRE:  173 00:15:02     -502.496779        0.022179
FIRE:  174 00:15:09     -502.497618        0.022864
FIRE:  175 00:15:17     -502.498474        0.024629
FIRE:  176 00:15:24     -502.499394        0.022439
FIRE:  177 00:15:32     -502.500559        0.018467
FIRE:  178 00:15:40     -502.501983        0.020174
FIRE:  179 00:15:47     -502.503555        0.019676
FIRE:  180 00:15:55     -502.505295        0.014082
FIRE:  181 00:16:02     -502.507147        0.015135
FIRE:  182 00:16:10     -502.509097        0.016842
FIRE:  183 00:16:17     -502.511386        0.018709
FIRE:  184 00:16:25     -502.514291        0.021572
FIRE:  185 00:16:32     -502.517876        0.025578
FIRE:  186 00:16:40     -502.522823        0.029002
FIRE:  187 00:16:48     -502.529673        0.032046
FIRE:  188 00:16:55     -502.538174        0.071672
FIRE:  189 00:17:03     -502.541735        0.223673
FIRE:  190 00:17:10     -502.550165        0.037014
FIRE:  191 00:17:18     -502.550374        0.027495
FIRE:  192 00:17:25     -502.550689        0.022301
FIRE:  193 00:17:33     -502.551012        0.022212
FIRE:  194 00:17:40     -502.551371        0.023592
FIRE:  195 00:17:48     -502.551849        0.026978
FIRE:  196 00:17:55     -502.552472        0.022861
FIRE:  197 00:18:03     -502.553167        0.022872
FIRE:  198 00:18:11     -502.553938        0.022667
FIRE:  199 00:18:18     -502.554865        0.022143
FIRE:  200 00:18:26     -502.556063        0.021191
FIRE:  201 00:18:33     -502.557422        0.019656
FIRE:  202 00:18:41     -502.558959        0.018513
FIRE:  203 00:18:48     -502.560762        0.015486
FIRE:  204 00:18:56     -502.562620        0.019046
FIRE:  205 00:19:04     -502.564628        0.020594
FIRE:  206 00:19:11     -502.566605        0.024952
FIRE:  207 00:19:19     -502.568538        0.031173
FIRE:  208 00:19:26     -502.570774        0.040013
FIRE:  209 00:19:34     -502.574031        0.051976
FIRE:  210 00:19:41     -502.579774        0.067240
FIRE:  211 00:19:50     -502.589553        0.100895
FIRE:  212 00:19:58     -502.594421        0.348305
FIRE:  213 00:20:06     -502.611334        0.104920
FIRE:  214 00:20:16     -502.612542        0.105278
FIRE:  215 00:20:23     -502.614158        0.106000
FIRE:  216 00:20:31     -502.615515        0.107095
FIRE:  217 00:20:38     -502.617001        0.108533
FIRE:  218 00:20:46     -502.619404        0.110284
FIRE:  219 00:20:53     -502.622782        0.112385
FIRE:  220 00:21:01     -502.626494        0.114935
FIRE:  221 00:21:09     -502.630735        0.118410
FIRE:  222 00:21:16     -502.636475        0.123114
FIRE:  223 00:21:24     -502.644562        0.129604
FIRE:  224 00:21:31     -502.654841        0.138983
FIRE:  225 00:21:39     -502.668982        0.152901
FIRE:  226 00:21:46     -502.689882        0.173865
FIRE:  227 00:21:54     -502.721065        0.203506
FIRE:  228 00:22:02     -502.771323        0.233782
FIRE:  229 00:22:09     -502.849589        0.250051
FIRE:  230 00:22:17     -502.936617        0.232055
FIRE:  231 00:22:24     -503.021330        0.184254
FIRE:  232 00:22:32     -503.097848        0.200137
FIRE:  233 00:22:39     -503.159678        0.207550
FIRE:  234 00:22:47     -503.202086        0.286319
FIRE:  235 00:22:55     -503.232714        0.283105
FIRE:  236 00:23:02     -503.276803        0.202226
FIRE:  237 00:23:10     -503.337973        0.202288
FIRE:  238 00:23:17     -503.379088        0.382791
FIRE:  239 00:23:25     -503.428032        0.169964
FIRE:  240 00:23:32     -503.453928        0.155769
FIRE:  241 00:23:40     -503.475576        0.194950
FIRE:  242 00:23:47     -503.514503        0.161808
FIRE:  243 00:23:55     -503.542235        0.094280
FIRE:  244 00:24:03     -503.544874        0.074688
FIRE:  245 00:24:10     -503.548576        0.061682
FIRE:  246 00:24:18     -503.551784        0.058158
FIRE:  247 00:24:25     -503.554361        0.054756
FIRE:  248 00:24:33     -503.557327        0.065643
FIRE:  249 00:24:40     -503.561243        0.059458
FIRE:  250 00:24:48     -503.565751        0.048302
FIRE:  251 00:24:56     -503.570525        0.046516
FIRE:  252 00:25:03     -503.575204        0.048379
FIRE:  253 00:25:11     -503.580577        0.045129
FIRE:  254 00:25:18     -503.587033        0.030681
FIRE:  255 00:25:26     -503.593531        0.042583
FIRE:  256 00:25:33     -503.600090        0.037770
FIRE:  257 00:25:41     -503.606516        0.035164
FIRE:  258 00:25:48     -503.611887        0.026305
FIRE:  259 00:25:56     -503.615623        0.029605
FIRE:  260 00:26:04     -503.617558        0.058835
FIRE:  261 00:26:11     -503.619137        0.018188
FIRE:  262 00:26:19     -503.619375        0.049887
FIRE:  263 00:26:26     -503.619734        0.038072
FIRE:  264 00:26:34     -503.620202        0.017604
FIRE:  265 00:26:41     -503.620519        0.014211
FIRE:  266 00:26:49     -503.620675        0.027000
FIRE:  267 00:26:57     -503.620908        0.034905
FIRE:  268 00:27:04     -503.621361        0.030732
FIRE:  269 00:27:12     -503.621966        0.016529
FIRE:  270 00:27:19     -503.622562        0.010897
FIRE:  271 00:27:27     -503.623030        0.024701
FIRE:  272 00:27:34     -503.623625        0.028342
FIRE:  273 00:27:42     -503.624470        0.012582
FIRE:  274 00:27:49     -503.625187        0.016649
FIRE:  275 00:27:57     -503.625897        0.021194
FIRE:  276 00:28:04     -503.626770        0.007115
MACE calculation complete. Energy written to MACE_OUTCAR: -503.626770 eV
Job ended on: Sun 27 Apr 23:28:05 UTC 2025
