The following modules were not unloaded:
  (Use "module --force purge" to unload all):

  1) slurm/23.02.6
[comp091:128161:0:128161] Caught signal 11 (Segmentation fault: address not mapped to object at address 0x7ffc9317ef98)
[comp091:128165:0:128165] Caught signal 11 (Segmentation fault: address not mapped to object at address 0x7ffecaf224d8)
[comp091:128164:0:128164] Caught signal 11 (Segmentation fault: address not mapped to object at address 0x7ffdb16a60f8)
[comp091:128167:0:128167] Caught signal 11 (Segmentation fault: address not mapped to object at address 0x7ffdcc511398)
[comp091:128168:0:128168] Caught signal 11 (Segmentation fault: address not mapped to object at address 0x7ffc6f275f30)
[comp091:128169:0:128169] Caught signal 11 (Segmentation fault: address not mapped to object at address 0x7ffd4a4e2f38)
[comp091:128171:0:128171] Caught signal 11 (Segmentation fault: address not mapped to object at address 0x7ffcedcabdb8)
[comp091:128163:0:128163] Caught signal 11 (Segmentation fault: address not mapped to object at address 0x7ffcaa38ac78)
[comp091:128162:0:128162] Caught signal 11 (Segmentation fault: address not mapped to object at address 0x7ffedf0e1e58)
[comp091:128170:0:128170] Caught signal 11 (Segmentation fault: address not mapped to object at address 0x7ffc4c0330d8)
[comp091:128173:0:128173] Caught signal 11 (Segmentation fault: address not mapped to object at address 0x7ffcb6a12b70)
[comp091:128166:0:128166] Caught signal 11 (Segmentation fault: address not mapped to object at address 0x7ffe27fb4f00)
[comp091:128172:0:128172] Caught signal 11 (Segmentation fault: address not mapped to object at address 0x7fff5f1b5b58)
[comp091:128159:0:128159] Caught signal 11 (Segmentation fault: address not mapped to object at address 0x7ffecb6c8718)
[comp091:128160:0:128160] Caught signal 11 (Segmentation fault: address not mapped to object at address 0x7fff8c240f50)
[comp091:128158:0:128158] Caught signal 11 (Segmentation fault: address not mapped to object at address 0x7ffef083dab0)
==== backtrace (tid: 128169) ====
==== backtrace (tid: 128167) ====
 0 0x000000000003e6f0 __GI___sigaction()  :0
 1 0x00000000009a4d6b racc0mu_()  ???:0
 2 0x00000000009a6da3 nonlr_mp_raccmu__()  ???:0
 3 0x00000000009df646 hamil_mp_hamiltmu_()  ???:0
 4 0x000000000119090e david_mp_eddav_()  ???:0
 5 0x00000000012534d5 elmin_()  ???:0
 6 0x0000000001e67467 vamp_IP_electronic_optimization_()  main.f90:0
 7 0x0000000001e40413 MAIN__()  ???:0
 8 0x000000000040963d main()  ???:0
 9 0x0000000000029590 __libc_start_call_main()  ???:0
10 0x0000000000029640 __libc_start_main_alias_2()  :0
11 0x0000000000409555 _start()  ???:0
=================================
==== backtrace (tid: 128172) ====
 0 0x000000000003e6f0 __GI___sigaction()  :0
 1 0x00000000009a4d6b racc0mu_()  ???:0
 2 0x00000000009a6da3 nonlr_mp_raccmu__()  ???:0
 3 0x00000000009df646 hamil_mp_hamiltmu_()  ???:0
 4 0x000000000119090e david_mp_eddav_()  ???:0
 5 0x00000000012534d5 elmin_()  ???:0
 6 0x0000000001e67467 vamp_IP_electronic_optimization_()  main.f90:0
 7 0x0000000001e40413 MAIN__()  ???:0
 8 0x000000000040963d main()  ???:0
 9 0x0000000000029590 __libc_start_call_main()  ???:0
10 0x0000000000029640 __libc_start_main_alias_2()  :0
11 0x0000000000409555 _start()  ???:0
=================================
==== backtrace (tid: 128171) ====
 0 0x000000000003e6f0 __GI___sigaction()  :0
 1 0x00000000009a4d6b racc0mu_()  ???:0
 2 0x00000000009a6da3 nonlr_mp_raccmu__()  ???:0
 3 0x00000000009df646 hamil_mp_hamiltmu_()  ???:0
 4 0x000000000119090e david_mp_eddav_()  ???:0
 5 0x00000000012534d5 elmin_()  ???:0
 6 0x0000000001e67467 vamp_IP_electronic_optimization_()  main.f90:0
 7 0x0000000001e40413 MAIN__()  ???:0
 8 0x000000000040963d main()  ???:0
 9 0x0000000000029590 __libc_start_call_main()  ???:0
10 0x0000000000029640 __libc_start_main_alias_2()  :0
11 0x0000000000409555 _start()  ???:0
=================================
==== backtrace (tid: 128170) ====
 0 0x000000000003e6f0 __GI___sigaction()  :0
 1 0x00000000009a4d6b racc0mu_()  ???:0
 2 0x00000000009a6da3 nonlr_mp_raccmu__()  ???:0
 3 0x00000000009df646 hamil_mp_hamiltmu_()  ???:0
 4 0x000000000119090e david_mp_eddav_()  ???:0
 5 0x00000000012534d5 elmin_()  ???:0
 6 0x0000000001e67467 vamp_IP_electronic_optimization_()  main.f90:0
 7 0x0000000001e40413 MAIN__()  ???:0
 8 0x000000000040963d main()  ???:0
 9 0x0000000000029590 __libc_start_call_main()  ???:0
10 0x0000000000029640 __libc_start_main_alias_2()  :0
11 0x0000000000409555 _start()  ???:0
=================================
 0 0x000000000003e6f0 __GI___sigaction()  :0
 1 0x00000000009a4d6b racc0mu_()  ???:0
 2 0x00000000009a6da3 nonlr_mp_raccmu__()  ???:0
 3 0x00000000009df646 hamil_mp_hamiltmu_()  ???:0
 4 0x000000000119090e david_mp_eddav_()  ???:0
 5 0x00000000012534d5 elmin_()  ???:0
 6 0x0000000001e67467 vamp_IP_electronic_optimization_()  main.f90:0
 7 0x0000000001e40413 MAIN__()  ???:0
 8 0x000000000040963d main()  ???:0
 9 0x0000000000029590 __libc_start_call_main()  ???:0
10 0x0000000000029640 __libc_start_main_alias_2()  :0
11 0x0000000000409555 _start()  ???:0
=================================
==== backtrace (tid: 128165) ====
 0 0x000000000003e6f0 __GI___sigaction()  :0
==== backtrace (tid: 128161) ====
 0 0x000000000003e6f0 __GI___sigaction()  :0
 1 0x00000000009a4d6b racc0mu_()  ???:0
 2 0x00000000009a6da3 nonlr_mp_raccmu__()  ???:0
 3 0x00000000009df646 hamil_mp_hamiltmu_()  ???:0
 4 0x000000000119090e david_mp_eddav_()  ???:0
 5 0x00000000012534d5 elmin_()  ???:0
 6 0x0000000001e67467 vamp_IP_electronic_optimization_()  main.f90:0
 7 0x0000000001e40413 MAIN__()  ???:0
 8 0x000000000040963d main()  ???:0
 9 0x0000000000029590 __libc_start_call_main()  ???:0
10 0x0000000000029640 __libc_start_main_alias_2()  :0
11 0x0000000000409555 _start()  ???:0
=================================
 1 0x00000000009a4d6b racc0mu_()  ???:0
 2 0x00000000009a6da3 nonlr_mp_raccmu__()  ???:0
==== backtrace (tid: 128163) ====
 0 0x000000000003e6f0 __GI___sigaction()  :0
 1 0x00000000009a4d6b racc0mu_()  ???:0
 2 0x00000000009a6da3 nonlr_mp_raccmu__()  ???:0
 3 0x00000000009df646 hamil_mp_hamiltmu_()  ???:0
 4 0x000000000119090e david_mp_eddav_()  ???:0
 5 0x00000000012534d5 elmin_()  ???:0
 6 0x0000000001e67467 vamp_IP_electronic_optimization_()  main.f90:0
 7 0x0000000001e40413 MAIN__()  ???:0
 8 0x000000000040963d main()  ???:0
 9 0x0000000000029590 __libc_start_call_main()  ???:0
10 0x0000000000029640 __libc_start_main_alias_2()  :0
11 0x0000000000409555 _start()  ???:0
=================================
 3 0x00000000009df646 hamil_mp_hamiltmu_()  ???:0
 4 0x000000000119090e david_mp_eddav_()  ???:0
==== backtrace (tid: 128159) ====
 0 0x000000000003e6f0 __GI___sigaction()  :0
 1 0x00000000009a4d6b racc0mu_()  ???:0
 2 0x00000000009a6da3 nonlr_mp_raccmu__()  ???:0
 3 0x00000000009df646 hamil_mp_hamiltmu_()  ???:0
 4 0x000000000119090e david_mp_eddav_()  ???:0
 5 0x00000000012534d5 elmin_()  ???:0
 6 0x0000000001e67467 vamp_IP_electronic_optimization_()  main.f90:0
 7 0x0000000001e40413 MAIN__()  ???:0
 8 0x000000000040963d main()  ???:0
 9 0x0000000000029590 __libc_start_call_main()  ???:0
10 0x0000000000029640 __libc_start_main_alias_2()  :0
11 0x0000000000409555 _start()  ???:0
=================================
 5 0x00000000012534d5 elmin_()  ???:0
 6 0x0000000001e67467 vamp_IP_electronic_optimization_()  main.f90:0
==== backtrace (tid: 128162) ====
 0 0x000000000003e6f0 __GI___sigaction()  :0
 1 0x00000000009a4d6b racc0mu_()  ???:0
 2 0x00000000009a6da3 nonlr_mp_raccmu__()  ???:0
 3 0x00000000009df646 hamil_mp_hamiltmu_()  ???:0
 4 0x000000000119090e david_mp_eddav_()  ???:0
 5 0x00000000012534d5 elmin_()  ???:0
 6 0x0000000001e67467 vamp_IP_electronic_optimization_()  main.f90:0
 7 0x0000000001e40413 MAIN__()  ???:0
 8 0x000000000040963d main()  ???:0
 9 0x0000000000029590 __libc_start_call_main()  ???:0
10 0x0000000000029640 __libc_start_main_alias_2()  :0
11 0x0000000000409555 _start()  ???:0
=================================
 7 0x0000000001e40413 MAIN__()  ???:0
 8 0x000000000040963d main()  ???:0
 9 0x0000000000029590 __libc_start_call_main()  ???:0
10 0x0000000000029640 __libc_start_main_alias_2()  :0
11 0x0000000000409555 _start()  ???:0
=================================
forrtl: severe (174): SIGSEGV, segmentation fault occurred
Image              PC                Routine            Line        Source             
libc.so.6          00007FAD1923E6F0  Unknown               Unknown  Unknown
vasp_std           00000000009A4D6B  Unknown               Unknown  Unknown
vasp_std           00000000009A6DA3  Unknown               Unknown  Unknown
vasp_std           00000000009DF646  Unknown               Unknown  Unknown
vasp_std           000000000119090E  Unknown               Unknown  Unknown
vasp_std           00000000012534D5  Unknown               Unknown  Unknown
vasp_std           0000000001E67467  Unknown               Unknown  Unknown
vasp_std           0000000001E40413  Unknown               Unknown  Unknown
vasp_std           000000000040963D  Unknown               Unknown  Unknown
libc.so.6          00007FAD19229590  Unknown               Unknown  Unknown
libc.so.6          00007FAD19229640  __libc_start_main     Unknown  Unknown
vasp_std           0000000000409555  Unknown               Unknown  Unknown
forrtl: severe (174): SIGSEGV, segmentation fault occurred
Image              PC                Routine            Line        Source             
libc.so.6          00007F289863E6F0  Unknown               Unknown  Unknown
vasp_std           00000000009A4D6B  Unknown               Unknown  Unknown
vasp_std           00000000009A6DA3  Unknown               Unknown  Unknown
vasp_std           00000000009DF646  Unknown               Unknown  Unknown
vasp_std           000000000119090E  Unknown               Unknown  Unknown
vasp_std           00000000012534D5  Unknown               Unknown  Unknown
vasp_std           0000000001E67467  Unknown               Unknown  Unknown
vasp_std           0000000001E40413  Unknown               Unknown  Unknown
vasp_std           000000000040963D  Unknown               Unknown  Unknown
libc.so.6          00007F2898629590  Unknown               Unknown  Unknown
libc.so.6          00007F2898629640  __libc_start_main     Unknown  Unknown
vasp_std           0000000000409555  Unknown               Unknown  Unknown
forrtl: severe (174): SIGSEGV, segmentation fault occurred
Image              PC                Routine            Line        Source             
libc.so.6          00007F540343E6F0  Unknown               Unknown  Unknown
vasp_std           00000000009A4D6B  Unknown               Unknown  Unknown
vasp_std           00000000009A6DA3  Unknown               Unknown  Unknown
vasp_std           00000000009DF646  Unknown               Unknown  Unknown
vasp_std           000000000119090E  Unknown               Unknown  Unknown
vasp_std           00000000012534D5  Unknown               Unknown  Unknown
vasp_std           0000000001E67467  Unknown               Unknown  Unknown
vasp_std           0000000001E40413  Unknown               Unknown  Unknown
vasp_std           000000000040963D  Unknown               Unknown  Unknown
libc.so.6          00007F5403429590  Unknown               Unknown  Unknown
libc.so.6          00007F5403429640  __libc_start_main     Unknown  Unknown
vasp_std           0000000000409555  Unknown               Unknown  Unknown
forrtl: severe (174): SIGSEGV, segmentation fault occurred
Image              PC                Routine            Line        Source             
libc.so.6          00007F149823E6F0  Unknown               Unknown  Unknown
vasp_std           00000000009A4D6B  Unknown               Unknown  Unknown
vasp_std           00000000009A6DA3  Unknown               Unknown  Unknown
vasp_std           00000000009DF646  Unknown               Unknown  Unknown
vasp_std           000000000119090E  Unknown               Unknown  Unknown
vasp_std           00000000012534D5  Unknown               Unknown  Unknown
vasp_std           0000000001E67467  Unknown               Unknown  Unknown
vasp_std           0000000001E40413  Unknown               Unknown  Unknown
vasp_std           000000000040963D  Unknown               Unknown  Unknown
libc.so.6          00007F1498229590  Unknown               Unknown  Unknown
libc.so.6          00007F1498229640  __libc_start_main     Unknown  Unknown
vasp_std           0000000000409555  Unknown               Unknown  Unknown
forrtl: severe (174): SIGSEGV, segmentation fault occurred
Image              PC                Routine            Line        Source             
libc.so.6          00007FC67743E6F0  Unknown               Unknown  Unknown
vasp_std           00000000009A4D6B  Unknown               Unknown  Unknown
vasp_std           00000000009A6DA3  Unknown               Unknown  Unknown
vasp_std           00000000009DF646  Unknown               Unknown  Unknown
vasp_std           000000000119090E  Unknown               Unknown  Unknown
vasp_std           00000000012534D5  Unknown               Unknown  Unknown
vasp_std           0000000001E67467  Unknown               Unknown  Unknown
vasp_std           0000000001E40413  Unknown               Unknown  Unknown
vasp_std           000000000040963D  Unknown               Unknown  Unknown
libc.so.6          00007FC677429590  Unknown               Unknown  Unknown
libc.so.6          00007FC677429640  __libc_start_main     Unknown  Unknown
vasp_std           0000000000409555  Unknown               Unknown  Unknown
forrtl: severe (174): SIGSEGV, segmentation fault occurred
Image              PC                Routine            Line        Source             
libc.so.6          00007F15BDC3E6F0  Unknown               Unknown  Unknown
vasp_std           00000000009A4D6B  Unknown               Unknown  Unknown
vasp_std           00000000009A6DA3  Unknown               Unknown  Unknown
vasp_std           00000000009DF646  Unknown               Unknown  Unknown
vasp_std           000000000119090E  Unknown               Unknown  Unknown
vasp_std           00000000012534D5  Unknown               Unknown  Unknown
vasp_std           0000000001E67467  Unknown               Unknown  Unknown
vasp_std           0000000001E40413  Unknown               Unknown  Unknown
vasp_std           000000000040963D  Unknown               Unknown  Unknown
libc.so.6          00007F15BDC29590  Unknown               Unknown  Unknown
libc.so.6          00007F15BDC29640  __libc_start_main     Unknown  Unknown
vasp_std           0000000000409555  Unknown               Unknown  Unknown
forrtl: severe (174): SIGSEGV, segmentation fault occurred
Image              PC                Routine            Line        Source             
libc.so.6          00007FE1DF63E6F0  Unknown               Unknown  Unknown
vasp_std           00000000009A4D6B  Unknown               Unknown  Unknown
vasp_std           00000000009A6DA3  Unknown               Unknown  Unknown
vasp_std           00000000009DF646  Unknown               Unknown  Unknown
vasp_std           000000000119090E  Unknown               Unknown  Unknown
vasp_std           00000000012534D5  Unknown               Unknown  Unknown
vasp_std           0000000001E67467  Unknown               Unknown  Unknown
vasp_std           0000000001E40413  Unknown               Unknown  Unknown
vasp_std           000000000040963D  Unknown               Unknown  Unknown
libc.so.6          00007FE1DF629590  Unknown               Unknown  Unknown
libc.so.6          00007FE1DF629640  __libc_start_main     Unknown  Unknown
vasp_std           0000000000409555  Unknown               Unknown  Unknown
forrtl: severe (174): SIGSEGV, segmentation fault occurred
Image              PC                Routine            Line        Source             
libc.so.6          00007FD82123E6F0  Unknown               Unknown  Unknown
vasp_std           00000000009A4D6B  Unknown               Unknown  Unknown
vasp_std           00000000009A6DA3  Unknown               Unknown  Unknown
vasp_std           00000000009DF646  Unknown               Unknown  Unknown
vasp_std           000000000119090E  Unknown               Unknown  Unknown
vasp_std           00000000012534D5  Unknown               Unknown  Unknown
vasp_std           0000000001E67467  Unknown               Unknown  Unknown
vasp_std           0000000001E40413  Unknown               Unknown  Unknown
vasp_std           000000000040963D  Unknown               Unknown  Unknown
libc.so.6          00007FD821229590  Unknown               Unknown  Unknown
libc.so.6          00007FD821229640  __libc_start_main     Unknown  Unknown
vasp_std           0000000000409555  Unknown               Unknown  Unknown
forrtl: severe (174): SIGSEGV, segmentation fault occurred
Image              PC                Routine            Line        Source             
libc.so.6          00007F70B883E6F0  Unknown               Unknown  Unknown
vasp_std           00000000009A4D6B  Unknown               Unknown  Unknown
vasp_std           00000000009A6DA3  Unknown               Unknown  Unknown
vasp_std           00000000009DF646  Unknown               Unknown  Unknown
vasp_std           000000000119090E  Unknown               Unknown  Unknown
vasp_std           00000000012534D5  Unknown               Unknown  Unknown
vasp_std           0000000001E67467  Unknown               Unknown  Unknown
vasp_std           0000000001E40413  Unknown               Unknown  Unknown
vasp_std           000000000040963D  Unknown               Unknown  Unknown
libc.so.6          00007F70B8829590  Unknown               Unknown  Unknown
libc.so.6          00007F70B8829640  __libc_start_main     Unknown  Unknown
vasp_std           0000000000409555  Unknown               Unknown  Unknown
forrtl: severe (174): SIGSEGV, segmentation fault occurred
Image              PC                Routine            Line        Source             
libc.so.6          00007F01EE23E6F0  Unknown               Unknown  Unknown
vasp_std           00000000009A4D6B  Unknown               Unknown  Unknown
vasp_std           00000000009A6DA3  Unknown               Unknown  Unknown
vasp_std           00000000009DF646  Unknown               Unknown  Unknown
vasp_std           000000000119090E  Unknown               Unknown  Unknown
vasp_std           00000000012534D5  Unknown               Unknown  Unknown
vasp_std           0000000001E67467  Unknown               Unknown  Unknown
vasp_std           0000000001E40413  Unknown               Unknown  Unknown
vasp_std           000000000040963D  Unknown               Unknown  Unknown
libc.so.6          00007F01EE229590  Unknown               Unknown  Unknown
libc.so.6          00007F01EE229640  __libc_start_main     Unknown  Unknown
vasp_std           0000000000409555  Unknown               Unknown  Unknown
==== backtrace (tid: 128164) ====
 0 0x000000000003e6f0 __GI___sigaction()  :0
 1 0x00000000009a4d6b racc0mu_()  ???:0
 2 0x00000000009a6da3 nonlr_mp_raccmu__()  ???:0
 3 0x00000000009df646 hamil_mp_hamiltmu_()  ???:0
 4 0x000000000119090e david_mp_eddav_()  ???:0
 5 0x00000000012534d5 elmin_()  ???:0
 6 0x0000000001e67467 vamp_IP_electronic_optimization_()  main.f90:0
 7 0x0000000001e40413 MAIN__()  ???:0
 8 0x000000000040963d main()  ???:0
 9 0x0000000000029590 __libc_start_call_main()  ???:0
10 0x0000000000029640 __libc_start_main_alias_2()  :0
11 0x0000000000409555 _start()  ???:0
=================================
==== backtrace (tid: 128168) ====
 0 0x000000000003e6f0 __GI___sigaction()  :0
 1 0x00000000004801ed m_sum_z_()  ???:0
 2 0x00000000009a4d70 racc0mu_()  ???:0
 3 0x00000000009a6da3 nonlr_mp_raccmu__()  ???:0
 4 0x00000000009df646 hamil_mp_hamiltmu_()  ???:0
 5 0x000000000119090e david_mp_eddav_()  ???:0
 6 0x00000000012534d5 elmin_()  ???:0
 7 0x0000000001e67467 vamp_IP_electronic_optimization_()  main.f90:0
 8 0x0000000001e40413 MAIN__()  ???:0
 9 0x000000000040963d main()  ???:0
10 0x0000000000029590 __libc_start_call_main()  ???:0
11 0x0000000000029640 __libc_start_main_alias_2()  :0
12 0x0000000000409555 _start()  ???:0
=================================
==== backtrace (tid: 128160) ====
 0 0x000000000003e6f0 __GI___sigaction()  :0
 1 0x00000000004801ed m_sum_z_()  ???:0
 2 0x00000000009a4d70 racc0mu_()  ???:0
 3 0x00000000009a6da3 nonlr_mp_raccmu__()  ???:0
 4 0x00000000009df646 hamil_mp_hamiltmu_()  ???:0
 5 0x000000000119090e david_mp_eddav_()  ???:0
 6 0x00000000012534d5 elmin_()  ???:0
 7 0x0000000001e67467 vamp_IP_electronic_optimization_()  main.f90:0
 8 0x0000000001e40413 MAIN__()  ???:0
 9 0x000000000040963d main()  ???:0
10 0x0000000000029590 __libc_start_call_main()  ???:0
11 0x0000000000029640 __libc_start_main_alias_2()  :0
12 0x0000000000409555 _start()  ???:0
=================================
forrtl: severe (174): SIGSEGV, segmentation fault occurred
Image              PC                Routine            Line        Source             
libc.so.6          00007F556863E6F0  Unknown               Unknown  Unknown
vasp_std           00000000009A4D6B  Unknown               Unknown  Unknown
vasp_std           00000000009A6DA3  Unknown               Unknown  Unknown
vasp_std           00000000009DF646  Unknown               Unknown  Unknown
vasp_std           000000000119090E  Unknown               Unknown  Unknown
vasp_std           00000000012534D5  Unknown               Unknown  Unknown
vasp_std           0000000001E67467  Unknown               Unknown  Unknown
vasp_std           0000000001E40413  Unknown               Unknown  Unknown
vasp_std           000000000040963D  Unknown               Unknown  Unknown
libc.so.6          00007F5568629590  Unknown               Unknown  Unknown
libc.so.6          00007F5568629640  __libc_start_main     Unknown  Unknown
vasp_std           0000000000409555  Unknown               Unknown  Unknown
forrtl: severe (174): SIGSEGV, segmentation fault occurred
Image              PC                Routine            Line        Source             
libc.so.6          00007FAC6F23E6F0  Unknown               Unknown  Unknown
vasp_std           00000000004801ED  Unknown               Unknown  Unknown
vasp_std           00000000009A4D70  Unknown               Unknown  Unknown
vasp_std           00000000009A6DA3  Unknown               Unknown  Unknown
vasp_std           00000000009DF646  Unknown               Unknown  Unknown
vasp_std           000000000119090E  Unknown               Unknown  Unknown
vasp_std           00000000012534D5  Unknown               Unknown  Unknown
vasp_std           0000000001E67467  Unknown               Unknown  Unknown
vasp_std           0000000001E40413  Unknown               Unknown  Unknown
vasp_std           000000000040963D  Unknown               Unknown  Unknown
libc.so.6          00007FAC6F229590  Unknown               Unknown  Unknown
libc.so.6          00007FAC6F229640  __libc_start_main     Unknown  Unknown
vasp_std           0000000000409555  Unknown               Unknown  Unknown
forrtl: severe (174): SIGSEGV, segmentation fault occurred
Image              PC                Routine            Line        Source             
libc.so.6          00007FAB59C3E6F0  Unknown               Unknown  Unknown
vasp_std           00000000004801ED  Unknown               Unknown  Unknown
vasp_std           00000000009A4D70  Unknown               Unknown  Unknown
vasp_std           00000000009A6DA3  Unknown               Unknown  Unknown
vasp_std           00000000009DF646  Unknown               Unknown  Unknown
vasp_std           000000000119090E  Unknown               Unknown  Unknown
vasp_std           00000000012534D5  Unknown               Unknown  Unknown
vasp_std           0000000001E67467  Unknown               Unknown  Unknown
vasp_std           0000000001E40413  Unknown               Unknown  Unknown
vasp_std           000000000040963D  Unknown               Unknown  Unknown
libc.so.6          00007FAB59C29590  Unknown               Unknown  Unknown
libc.so.6          00007FAB59C29640  __libc_start_main     Unknown  Unknown
vasp_std           0000000000409555  Unknown               Unknown  Unknown
