Si Bulk DFT energetics calculations using VASP
Running on host: comp156
Working directory: /lustre/home/ah1365/projects/127870/upgrade_report/case_studies/common/structures/interfaces/48_Ge48_001_122_a0.189873_b0.746032_c1.091038_interface4shift6
Job started on: Tue  3 Jun 12:54:10 UTC 2025
cuequivariance or cuequivariance_torch is not available. Cuequivariance acceleration will be disabled.
Using Materials Project MACE for MACECalculator with /lustre/home/ah1365/.cache/mace/MACE_MPtrj_20229model
Using float64 for MACECalculator, which is slower but more accurate. Recommended for geometry optimization.
Using TorchDFTD3Calculator for D3 dispersion corrections
      Step     Time          Energy          fmax
FIRE:    0 13:54:20     -211.819989       18.847860
FIRE:    1 13:54:24     -217.179603        8.834389
FIRE:    2 13:54:28     -219.812999        3.231311
FIRE:    3 13:54:31     -220.639470        2.885197
FIRE:    4 13:54:35     -220.551651        3.959689
FIRE:    5 13:54:38     -220.845176        3.548719
FIRE:    6 13:54:42     -221.315039        2.820253
FIRE:    7 13:54:46     -221.789384        1.932206
FIRE:    8 13:54:49     -222.134150        1.323676
FIRE:    9 13:54:53     -222.326675        1.361607
FIRE:   10 13:54:56     -222.447833        2.076250
FIRE:   11 13:55:00     -222.591264        2.362468
FIRE:   12 13:55:03     -222.822084        2.213016
FIRE:   13 13:55:07     -223.128007        1.665260
FIRE:   14 13:55:10     -223.433508        0.894727
FIRE:   15 13:55:14     -223.652626        0.513025
FIRE:   16 13:55:18     -223.755841        0.514292
FIRE:   17 13:55:21     -223.782383        0.849156
FIRE:   18 13:55:25     -223.791370        0.822849
FIRE:   19 13:55:28     -223.808583        0.771528
FIRE:   20 13:55:32     -223.832603        0.697677
FIRE:   21 13:55:36     -223.861538        0.604733
FIRE:   22 13:55:39     -223.893263        0.496855
FIRE:   23 13:55:43     -223.925691        0.425630
FIRE:   24 13:55:46     -223.957036        0.355233
FIRE:   25 13:55:50     -223.988926        0.291283
FIRE:   26 13:55:53     -224.020005        0.268264
FIRE:   27 13:55:57     -224.050034        0.300724
FIRE:   28 13:56:01     -224.081031        0.361704
FIRE:   29 13:56:04     -224.117034        0.420761
FIRE:   30 13:56:08     -224.161973        0.435070
FIRE:   31 13:56:11     -224.215650        0.388372
FIRE:   32 13:56:15     -224.271703        0.297303
FIRE:   33 13:56:18     -224.324143        0.333094
FIRE:   34 13:56:22     -224.379983        0.445792
FIRE:   35 13:56:26     -224.451843        0.359237
FIRE:   36 13:56:29     -224.538420        0.320976
FIRE:   37 13:56:33     -224.636683        0.345697
FIRE:   38 13:56:36     -224.765297        0.389272
FIRE:   39 13:56:40     -224.919917        0.370837
FIRE:   40 13:56:44     -225.079667        0.326292
FIRE:   41 13:56:47     -225.236637        0.349696
FIRE:   42 13:56:51     -225.387904        0.294967
FIRE:   43 13:56:54     -225.523997        0.265056
FIRE:   44 13:56:58     -225.640779        0.256043
FIRE:   45 13:57:02     -225.743347        0.244227
FIRE:   46 13:57:05     -225.836586        0.226023
FIRE:   47 13:57:09     -225.923088        0.197536
FIRE:   48 13:57:12     -226.004079        0.162030
FIRE:   49 13:57:16     -226.076495        0.133213
FIRE:   50 13:57:19     -226.136196        0.115921
FIRE:   51 13:57:23     -226.182729        0.105250
FIRE:   52 13:57:27     -226.219256        0.117989
FIRE:   53 13:57:30     -226.252107        0.157007
FIRE:   54 13:57:34     -226.291619        0.254574
FIRE:   55 13:57:37     -226.354783        0.378419
FIRE:   56 13:57:41     -226.450660        0.417104
FIRE:   57 13:57:44     -226.577947        0.465746
FIRE:   58 13:57:48     -226.746543        0.505281
FIRE:   59 13:57:52     -226.933302        0.458181
FIRE:   60 13:57:55     -227.102029        0.327096
FIRE:   61 13:57:59     -227.251155        0.340051
FIRE:   62 13:58:02     -227.398537        0.366618
FIRE:   63 13:58:06     -227.540724        0.353904
FIRE:   64 13:58:09     -227.677724        0.355140
FIRE:   65 13:58:13     -227.813975        0.361188
FIRE:   66 13:58:16     -227.948541        0.329896
FIRE:   67 13:58:20     -228.073677        0.275937
FIRE:   68 13:58:24     -228.180094        0.296198
FIRE:   69 13:58:27     -228.263326        0.397620
FIRE:   70 13:58:31     -228.328654        0.475564
FIRE:   71 13:58:34     -228.388978        0.464458
FIRE:   72 13:58:38     -228.451529        0.349307
FIRE:   73 13:58:41     -228.511983        0.270832
FIRE:   74 13:58:45     -228.563261        0.218067
FIRE:   75 13:58:49     -228.600386        0.189556
FIRE:   76 13:58:52     -228.619271        0.203851
FIRE:   77 13:58:56     -228.663984        0.305428
FIRE:   78 13:58:59     -228.686597        0.126453
FIRE:   79 13:59:03     -228.696793        0.133327
FIRE:   80 13:59:07     -228.699090        0.117895
FIRE:   81 13:59:10     -228.702970        0.089121
FIRE:   82 13:59:14     -228.707429        0.073207
FIRE:   83 13:59:17     -228.711804        0.071703
FIRE:   84 13:59:21     -228.716211        0.091017
FIRE:   85 13:59:24     -228.721267        0.112378
FIRE:   86 13:59:28     -228.727414        0.112833
FIRE:   87 13:59:32     -228.735154        0.090327
FIRE:   88 13:59:35     -228.743659        0.049985
FIRE:   89 13:59:39     -228.752140        0.074662
FIRE:   90 13:59:42     -228.761414        0.095822
FIRE:   91 13:59:46     -228.772610        0.083125
FIRE:   92 13:59:49     -228.784468        0.063337
FIRE:   93 13:59:53     -228.796462        0.100786
FIRE:   94 13:59:57     -228.810238        0.065412
FIRE:   95 14:00:00     -228.823557        0.061601
FIRE:   96 14:00:04     -228.836371        0.036686
FIRE:   97 14:00:07     -228.845124        0.060626
FIRE:   98 14:00:11     -228.848208        0.049997
FIRE:   99 14:00:14     -228.848796        0.031881
FIRE:  100 14:00:18     -228.849524        0.021108
FIRE:  101 14:00:22     -228.850227        0.037499
FIRE:  102 14:00:25     -228.851155        0.038586
FIRE:  103 14:00:29     -228.852317        0.021822
FIRE:  104 14:00:32     -228.853324        0.017940
FIRE:  105 14:00:36     -228.854138        0.028474
FIRE:  106 14:00:40     -228.855054        0.017841
FIRE:  107 14:00:43     -228.855816        0.012681
FIRE:  108 14:00:47     -228.856282        0.019373
FIRE:  109 14:00:50     -228.856555        0.009077
MACE calculation complete. Energy written to MACE_OUTCAR: -228.856555 eV
Job ended on: Tue  3 Jun 13:00:51 UTC 2025
