Job started on: Fri Jun 13 12:23:18 AM UTC 2025\n
cuequivariance or cuequivariance_torch is not available. Cuequivariance acceleration will be disabled.
Using Materials Project MACE for MACECalculator with /home/alexander/.cache/mace/MACE_MPtrj_20229model
Using float64 for MACECalculator, which is slower but more accurate. Recommended for geometry optimization.
Using head Default out of ['Default']
Using TorchDFTD3Calculator for D3 dispersion corrections
      Step     Time          Energy          fmax
FIRE:    0 01:23:21     -840.669465        4.510497
FIRE:    1 01:23:22     -846.411019        3.881677
FIRE:    2 01:23:24     -851.481565        3.438107
FIRE:    3 01:23:26     -855.949624        3.031079
FIRE:    4 01:23:27     -859.880009        2.729230
FIRE:    5 01:23:29     -863.316869        2.484892
FIRE:    6 01:23:29     -866.289487        2.234422
FIRE:    7 01:23:30     -868.825978        1.989919
FIRE:    8 01:23:30     -870.967262        1.765825
FIRE:    9 01:23:31     -872.767447        1.654547
FIRE:   10 01:23:31     -874.285826        1.690792
FIRE:   11 01:23:32     -875.571511        1.628802
FIRE:   12 01:23:32     -876.655414        1.410257
FIRE:   13 01:23:32     -877.556458        1.235614
FIRE:   14 01:23:33     -878.297284        1.241512
FIRE:   15 01:23:33     -878.911475        1.403322
FIRE:   16 01:23:34     -879.449154        1.702170
FIRE:   17 01:23:34     -879.956857        1.434955
FIRE:   18 01:23:35     -880.434291        1.251309
FIRE:   19 01:23:35     -880.892874        1.246700
FIRE:   20 01:23:36     -881.364844        1.549603
FIRE:   21 01:23:36     -881.864274        1.422473
FIRE:   22 01:23:37     -882.456346        1.366318
FIRE:   23 01:23:37     -883.253623        1.609926
FIRE:   24 01:23:38     -884.281599        2.254507
FIRE:   25 01:23:38     -885.478084        3.057279
FIRE:   26 01:23:39     -886.840318        3.669851
FIRE:   27 01:23:39     -888.371630        3.861586
FIRE:   28 01:23:39     -889.954483        3.456222
FIRE:   29 01:23:40     -891.390487        2.561394
FIRE:   30 01:23:40     -892.410624        2.263092
FIRE:   31 01:23:41     -893.073411        4.025374
FIRE:   32 01:23:41     -893.889616        4.065780
FIRE:   33 01:23:42     -894.855318        1.807224
FIRE:   34 01:23:42     -895.580362        1.466638
FIRE:   35 01:23:43     -896.161264        2.695185
FIRE:   36 01:23:43     -896.881973        3.136495
FIRE:   37 01:23:44     -897.831129        2.647279
FIRE:   38 01:23:44     -898.934501        3.488285
FIRE:   39 01:23:45     -900.188135        4.197944
FIRE:   40 01:23:45     -901.629402        4.451368
FIRE:   41 01:23:46     -903.178103        3.885855
FIRE:   42 01:23:46     -904.593002        2.842137
FIRE:   43 01:23:46     -905.606559        2.983660
FIRE:   44 01:23:47     -906.124746        5.506201
FIRE:   45 01:23:47     -906.525118        7.733204
FIRE:   46 01:23:48     -907.377842        6.777837
FIRE:   47 01:23:48     -908.393402        3.434861
FIRE:   48 01:23:49     -908.952450        1.910397
FIRE:   49 01:23:49     -909.019288        3.584791
FIRE:   50 01:23:50     -910.020121        2.991946
FIRE:   51 01:23:50     -910.449268        3.650744
FIRE:   52 01:23:51     -910.913756        2.293240
FIRE:   53 01:23:51     -911.031391        1.634220
FIRE:   54 01:23:52     -911.177520        0.777576
FIRE:   55 01:23:52     -911.288115        1.063494
FIRE:   56 01:23:52     -911.421914        1.584273
FIRE:   57 01:23:53     -911.637308        1.190864
FIRE:   58 01:23:53     -911.867355        0.486077
FIRE:   59 01:23:54     -912.050294        0.996175
FIRE:   60 01:23:54     -912.254270        1.306935
FIRE:   61 01:23:55     -912.522713        0.712455
FIRE:   62 01:23:55     -912.778537        0.775506
FIRE:   63 01:23:56     -913.044860        0.939447
FIRE:   64 01:23:56     -913.345987        0.554890
FIRE:   65 01:23:57     -913.600172        0.859478
FIRE:   66 01:23:57     -913.862049        0.325066
FIRE:   67 01:23:58     -914.091505        0.602689
FIRE:   68 01:23:58     -914.336005        0.381627
FIRE:   69 01:23:58     -914.564544        0.431597
FIRE:   70 01:23:59     -914.793099        0.446768
FIRE:   71 01:23:59     -915.021335        0.454486
FIRE:   72 01:24:00     -915.247634        0.486954
FIRE:   73 01:24:00     -915.476893        0.517227
FIRE:   74 01:24:01     -915.689775        0.528170
FIRE:   75 01:24:01     -915.900249        0.533611
FIRE:   76 01:24:02     -916.112427        0.579350
FIRE:   77 01:24:02     -916.340962        0.649854
FIRE:   78 01:24:03     -916.580477        0.611103
FIRE:   79 01:24:03     -916.796068        0.443647
FIRE:   80 01:24:04     -916.971261        0.378720
FIRE:   81 01:24:04     -917.115000        0.472548
FIRE:   82 01:24:04     -917.251941        0.484936
FIRE:   83 01:24:05     -917.400491        0.451495
FIRE:   84 01:24:05     -917.555259        0.457625
FIRE:   85 01:24:06     -917.712828        0.474689
FIRE:   86 01:24:06     -917.871327        0.434767
FIRE:   87 01:24:07     -918.022018        0.402194
FIRE:   88 01:24:07     -918.160606        0.587900
FIRE:   89 01:24:08     -918.292398        0.726246
FIRE:   90 01:24:08     -918.421285        0.729400
FIRE:   91 01:24:09     -918.550412        0.438983
FIRE:   92 01:24:09     -918.670137        0.442610
FIRE:   93 01:24:10     -918.782852        0.445112
FIRE:   94 01:24:10     -918.890970        0.444297
FIRE:   95 01:24:10     -918.996929        0.530831
FIRE:   96 01:24:11     -919.106062        0.444931
FIRE:   97 01:24:11     -919.218037        0.451968
FIRE:   98 01:24:12     -919.337527        0.520836
FIRE:   99 01:24:12     -919.458943        0.569292
FIRE:  100 01:24:13     -919.574998        0.549698
FIRE:  101 01:24:13     -919.679339        0.432086
FIRE:  102 01:24:14     -919.738701        0.524379
FIRE:  103 01:24:14     -919.745642        0.769750
FIRE:  104 01:24:15     -919.746460        3.606948
FIRE:  105 01:24:15     -919.122697        5.359240
FIRE:  106 01:24:16     -919.888493        2.102607
FIRE:  107 01:24:16     -919.963614        1.055298
FIRE:  108 01:24:17     -919.999546        0.388595
FIRE:  109 01:24:17     -920.000789        0.353999
FIRE:  110 01:24:17     -920.003081        0.318563
FIRE:  111 01:24:18     -920.006103        0.317640
FIRE:  112 01:24:18     -920.009525        0.316403
FIRE:  113 01:24:19     -920.013189        0.314847
FIRE:  114 01:24:19     -920.017147        0.312981
FIRE:  115 01:24:20     -920.021604        0.310824
FIRE:  116 01:24:20     -920.027348        0.308125
FIRE:  117 01:24:21     -920.034703        0.304777
FIRE:  118 01:24:21     -920.043711        0.300635
FIRE:  119 01:24:22     -920.054239        0.295504
FIRE:  120 01:24:22     -920.066511        0.289162
FIRE:  121 01:24:23     -920.081239        0.281368
FIRE:  122 01:24:23     -920.098684        0.271780
FIRE:  123 01:24:23     -920.118253        0.259857
FIRE:  124 01:24:24     -920.140307        0.244962
FIRE:  125 01:24:24     -920.164875        0.226229
FIRE:  126 01:24:25     -920.190579        0.202219
FIRE:  127 01:24:25     -920.217489        0.171550
FIRE:  128 01:24:26     -920.243128        0.132214
FIRE:  129 01:24:26     -920.265761        0.156695
FIRE:  130 01:24:27     -920.283129        0.158714
FIRE:  131 01:24:27     -920.292540        0.217371
FIRE:  132 01:24:28     -920.292068        0.389563
FIRE:  133 01:24:28     -920.295591        0.121015
FIRE:  134 01:24:29     -920.296066        0.235732
FIRE:  135 01:24:29     -920.296523        0.197544
FIRE:  136 01:24:30     -920.297233        0.127307
FIRE:  137 01:24:30     -920.297907        0.095370
FIRE:  138 01:24:31     -920.298405        0.093349
FIRE:  139 01:24:31     -920.298841        0.118374
FIRE:  140 01:24:31     -920.299449        0.146666
FIRE:  141 01:24:32     -920.300350        0.134224
FIRE:  142 01:24:32     -920.301572        0.083381
FIRE:  143 01:24:33     -920.302876        0.080694
FIRE:  144 01:24:33     -920.304112        0.092969
FIRE:  145 01:24:34     -920.305584        0.122960
FIRE:  146 01:24:34     -920.307544        0.071582
FIRE:  147 01:24:35     -920.309528        0.062213
FIRE:  148 01:24:35     -920.311454        0.100573
FIRE:  149 01:24:36     -920.313788        0.046766
FIRE:  150 01:24:36     -920.315752        0.105130
FIRE:  151 01:24:37     -920.317937        0.043520
FIRE:  152 01:24:37     -920.319490        0.130183
FIRE:  153 01:24:38     -920.321426        0.036680
FIRE:  154 01:24:38     -920.322808        0.089928
FIRE:  155 01:24:38     -920.323876        0.168241
FIRE:  156 01:24:39     -920.324457        0.061725
FIRE:  157 01:24:39     -920.324604        0.080518
FIRE:  158 01:24:40     -920.324661        0.068522
FIRE:  159 01:24:40     -920.324754        0.046422
FIRE:  160 01:24:41     -920.324854        0.035952
FIRE:  161 01:24:41     -920.324944        0.035554
FIRE:  162 01:24:42     -920.325033        0.035536
FIRE:  163 01:24:42     -920.325142        0.047247
FIRE:  164 01:24:43     -920.325288        0.046966
FIRE:  165 01:24:43     -920.325488        0.033842
FIRE:  166 01:24:44     -920.325725        0.033715
FIRE:  167 01:24:44     -920.325981        0.033563
FIRE:  168 01:24:44     -920.326275        0.041088
FIRE:  169 01:24:45     -920.326659        0.033244
FIRE:  170 01:24:45     -920.327102        0.033084
FIRE:  171 01:24:46     -920.327579        0.032874
FIRE:  172 01:24:46     -920.328154        0.032559
FIRE:  173 01:24:47     -920.328795        0.032126
FIRE:  174 01:24:47     -920.329499        0.031654
FIRE:  175 01:24:48     -920.330276        0.031142
FIRE:  176 01:24:48     -920.331154        0.030400
FIRE:  177 01:24:49     -920.332105        0.041122
FIRE:  178 01:24:49     -920.333182        0.052086
FIRE:  179 01:24:50     -920.334422        0.069182
FIRE:  180 01:24:50     -920.335732        0.110743
FIRE:  181 01:24:51     -920.336387        0.256213
FIRE:  182 01:24:51     -920.337745        0.024636
FIRE:  183 01:24:51     -920.336833        0.230404
FIRE:  184 01:24:52     -920.337310        0.171587
FIRE:  185 01:24:52     -920.337828        0.069792
FIRE:  186 01:24:53     -920.337937        0.047706
FIRE:  187 01:24:53     -920.337945        0.044936
FIRE:  188 01:24:54     -920.337960        0.039570
FIRE:  189 01:24:54     -920.337981        0.031968
FIRE:  190 01:24:55     -920.338004        0.024389
FIRE:  191 01:24:55     -920.338027        0.024386
FIRE:  192 01:24:56     -920.338051        0.024380
FIRE:  193 01:24:56     -920.338074        0.024369
FIRE:  194 01:24:57     -920.338102        0.024350
FIRE:  195 01:24:57     -920.338139        0.024322
FIRE:  196 01:24:57     -920.338185        0.024280
FIRE:  197 01:24:58     -920.338249        0.024222
FIRE:  198 01:24:58     -920.338329        0.024146
FIRE:  199 01:24:59     -920.338423        0.024051
FIRE:  200 01:24:59     -920.338532        0.023939
FIRE:  201 01:25:00     -920.338668        0.024141
FIRE:  202 01:25:00     -920.338838        0.024637
FIRE:  203 01:25:01     -920.339045        0.025354
FIRE:  204 01:25:01     -920.339292        0.026214
FIRE:  205 01:25:02     -920.339598        0.027114
FIRE:  206 01:25:02     -920.339975        0.028146
FIRE:  207 01:25:03     -920.340435        0.029712
FIRE:  208 01:25:03     -920.341015        0.032135
FIRE:  209 01:25:03     -920.341743        0.035276
FIRE:  210 01:25:04     -920.342691        0.039216
FIRE:  211 01:25:04     -920.343961        0.045381
FIRE:  212 01:25:05     -920.345727        0.054398
FIRE:  213 01:25:05     -920.348316        0.067541
FIRE:  214 01:25:06     -920.352354        0.090189
FIRE:  215 01:25:06     -920.358777        0.199148
FIRE:  216 01:25:07     -920.364719        0.666354
FIRE:  217 01:25:07     -920.373982        0.194293
FIRE:  218 01:25:08     -920.374706        0.196481
FIRE:  219 01:25:08     -920.375785        0.200801
FIRE:  220 01:25:09     -920.376949        0.207122
FIRE:  221 01:25:09     -920.378418        0.215144
FIRE:  222 01:25:10     -920.380610        0.224689
FIRE:  223 01:25:10     -920.383603        0.236012
FIRE:  224 01:25:11     -920.387190        0.249838
FIRE:  225 01:25:11     -920.391918        0.269168
FIRE:  226 01:25:11     -920.398746        0.296599
FIRE:  227 01:25:12     -920.408947        0.335659
FIRE:  228 01:25:12     -920.424019        0.391422
FIRE:  229 01:25:13     -920.447789        0.471268
FIRE:  230 01:25:13     -920.487662        0.588183
FIRE:  231 01:25:14     -920.558202        0.764901
FIRE:  232 01:25:14     -920.694417        1.037415
FIRE:  233 01:25:15     -920.981883        1.450121
FIRE:  234 01:25:15     -921.637161        1.953331
FIRE:  235 01:25:16     -922.450353        2.043681
FIRE:  236 01:25:16     -923.165784        1.695644
FIRE:  237 01:25:17     -923.672670        1.420860
FIRE:  238 01:25:17     -924.009605        1.985337
FIRE:  239 01:25:17     -924.407389        1.534266
FIRE:  240 01:25:18     -924.742255        1.280006
FIRE:  241 01:25:18     -924.983664        1.503303
FIRE:  242 01:25:19     -925.147957        0.911587
FIRE:  243 01:25:19     -925.263466        0.997543
FIRE:  244 01:25:20     -925.453065        0.829586
FIRE:  245 01:25:20     -925.595260        0.820213
FIRE:  246 01:25:21     -925.669095        1.041976
FIRE:  247 01:25:21     -925.703709        0.606999
FIRE:  248 01:25:22     -925.733788        0.385043
FIRE:  249 01:25:22     -925.743995        0.585738
FIRE:  250 01:25:23     -925.748046        0.512061
FIRE:  251 01:25:23     -925.754732        0.374977
FIRE:  252 01:25:23     -925.761916        0.289585
FIRE:  253 01:25:24     -925.767845        0.279659
FIRE:  254 01:25:24     -925.772155        0.267617
FIRE:  255 01:25:25     -925.776046        0.324202
FIRE:  256 01:25:25     -925.781114        0.384927
FIRE:  257 01:25:26     -925.789030        0.370581
FIRE:  258 01:25:26     -925.799840        0.270468
FIRE:  259 01:25:27     -925.811817        0.195340
FIRE:  260 01:25:27     -925.822983        0.180865
FIRE:  261 01:25:28     -925.834710        0.273426
FIRE:  262 01:25:28     -925.850461        0.249557
FIRE:  263 01:25:29     -925.869084        0.142454
FIRE:  264 01:25:29     -925.886372        0.196684
FIRE:  265 01:25:29     -925.906138        0.214379
FIRE:  266 01:25:30     -925.928205        0.104255
FIRE:  267 01:25:30     -925.948276        0.214568
FIRE:  268 01:25:31     -925.971415        0.104759
FIRE:  269 01:25:31     -925.992997        0.208738
FIRE:  270 01:25:32     -926.017780        0.140582
FIRE:  271 01:25:32     -926.044344        0.145572
FIRE:  272 01:25:33     -926.071611        0.199882
FIRE:  273 01:25:33     -926.092258        0.462824
FIRE:  274 01:25:34     -926.106858        0.084837
FIRE:  275 01:25:34     -926.099806        0.422955
FIRE:  276 01:25:35     -926.104437        0.308503
FIRE:  277 01:25:35     -926.109512        0.109716
FIRE:  278 01:25:36     -926.110807        0.129605
FIRE:  279 01:25:36     -926.110944        0.120903
FIRE:  280 01:25:37     -926.111198        0.104261
FIRE:  281 01:25:37     -926.111531        0.081270
FIRE:  282 01:25:37     -926.111904        0.069862
FIRE:  283 01:25:38     -926.112285        0.069709
FIRE:  284 01:25:38     -926.112662        0.069525
FIRE:  285 01:25:39     -926.113056        0.069311
FIRE:  286 01:25:39     -926.113540        0.069043
FIRE:  287 01:25:40     -926.114179        0.072713
FIRE:  288 01:25:40     -926.115028        0.068310
FIRE:  289 01:25:41     -926.116111        0.067820
FIRE:  290 01:25:41     -926.117404        0.067220
FIRE:  291 01:25:42     -926.118887        0.066481
FIRE:  292 01:25:42     -926.120633        0.065572
FIRE:  293 01:25:43     -926.122806        0.064463
FIRE:  294 01:25:43     -926.125434        0.063112
FIRE:  295 01:25:43     -926.128441        0.061463
FIRE:  296 01:25:44     -926.131979        0.059472
FIRE:  297 01:25:44     -926.136188        0.057086
FIRE:  298 01:25:45     -926.140955        0.054205
FIRE:  299 01:25:45     -926.146542        0.050754
FIRE:  300 01:25:46     -926.152841        0.053355
FIRE:  301 01:25:46     -926.160127        0.042844
FIRE:  302 01:25:47     -926.168456        0.044645
FIRE:  303 01:25:47     -926.178026        0.058360
FIRE:  304 01:25:48     -926.188882        0.075512
FIRE:  305 01:25:48     -926.200206        0.162505
FIRE:  306 01:25:49     -926.206805        0.394182
FIRE:  307 01:25:49     -926.216333        0.051151
FIRE:  308 01:25:50     -926.210181        0.340680
FIRE:  309 01:25:50     -926.213265        0.260948
FIRE:  310 01:25:50     -926.216754        0.118374
FIRE:  311 01:25:51     -926.217729        0.062373
FIRE:  312 01:25:51     -926.217772        0.059415
FIRE:  313 01:25:52     -926.217853        0.053778
FIRE:  314 01:25:52     -926.217964        0.051013
FIRE:  315 01:25:53     -926.218094        0.050990
FIRE:  316 01:25:53     -926.218237        0.050963
FIRE:  317 01:25:54     -926.218385        0.050932
FIRE:  318 01:25:54     -926.218545        0.050900
FIRE:  319 01:25:55     -926.218739        0.050863
FIRE:  320 01:25:55     -926.218984        0.050822
FIRE:  321 01:25:56     -926.219305        0.050777
FIRE:  322 01:25:56     -926.219719        0.050727
FIRE:  323 01:25:57     -926.220235        0.050670
FIRE:  324 01:25:57     -926.220854        0.050600
FIRE:  325 01:25:58     -926.221585        0.050507
FIRE:  326 01:25:58     -926.222483        0.050379
FIRE:  327 01:25:58     -926.223601        0.050205
FIRE:  328 01:25:59     -926.224954        0.049980
FIRE:  329 01:25:59     -926.226555        0.049706
FIRE:  330 01:26:00     -926.228499        0.049393
FIRE:  331 01:26:00     -926.230827        0.049027
FIRE:  332 01:26:01     -926.233579        0.048558
FIRE:  333 01:26:01     -926.236864        0.047948
FIRE:  334 01:26:02     -926.240736        0.047240
FIRE:  335 01:26:02     -926.245299        0.046455
FIRE:  336 01:26:03     -926.250656        0.045453
FIRE:  337 01:26:03     -926.256883        0.044376
FIRE:  338 01:26:04     -926.264040        0.043149
FIRE:  339 01:26:04     -926.271612        0.119168
FIRE:  340 01:26:04     -926.275497        0.342426
FIRE:  341 01:26:05     -926.281265        0.040636
FIRE:  342 01:26:05     -926.277229        0.318478
FIRE:  343 01:26:06     -926.279263        0.236753
FIRE:  344 01:26:06     -926.281454        0.096486
FIRE:  345 01:26:07     -926.281868        0.063808
FIRE:  346 01:26:07     -926.281901        0.059928
FIRE:  347 01:26:08     -926.281962        0.052414
FIRE:  348 01:26:08     -926.282042        0.041767
FIRE:  349 01:26:09     -926.282129        0.040527
FIRE:  350 01:26:09     -926.282215        0.040528
FIRE:  351 01:26:10     -926.282294        0.040527
FIRE:  352 01:26:10     -926.282370        0.040524
FIRE:  353 01:26:10     -926.282459        0.040516
FIRE:  354 01:26:11     -926.282576        0.040503
FIRE:  355 01:26:11     -926.282738        0.040483
FIRE:  356 01:26:12     -926.282956        0.040455
FIRE:  357 01:26:12     -926.283226        0.040418
FIRE:  358 01:26:13     -926.283540        0.040374
FIRE:  359 01:26:13     -926.283898        0.040323
FIRE:  360 01:26:14     -926.284344        0.040269
FIRE:  361 01:26:14     -926.284916        0.040210
FIRE:  362 01:26:15     -926.285602        0.040138
FIRE:  363 01:26:15     -926.286402        0.040038
FIRE:  364 01:26:16     -926.287394        0.039900
FIRE:  365 01:26:16     -926.288583        0.039728
FIRE:  366 01:26:17     -926.289996        0.039538
FIRE:  367 01:26:17     -926.291697        0.039305
FIRE:  368 01:26:17     -926.293707        0.038965
FIRE:  369 01:26:18     -926.296084        0.038533
FIRE:  370 01:26:18     -926.298878        0.038017
FIRE:  371 01:26:19     -926.302105        0.037209
FIRE:  372 01:26:19     -926.305726        0.066262
FIRE:  373 01:26:20     -926.309147        0.189530
FIRE:  374 01:26:20     -926.308517        0.529434
FIRE:  375 01:26:21     -926.314434        0.051797
FIRE:  376 01:26:21     -926.314479        0.038678
FIRE:  377 01:26:22     -926.314548        0.033382
FIRE:  378 01:26:22     -926.314620        0.033367
FIRE:  379 01:26:23     -926.314699        0.033332
FIRE:  380 01:26:23     -926.314807        0.036312
FIRE:  381 01:26:24     -926.314953        0.033183
FIRE:  382 01:26:24     -926.315122        0.033075
FIRE:  383 01:26:24     -926.315318        0.032939
FIRE:  384 01:26:25     -926.315553        0.032788
FIRE:  385 01:26:25     -926.315869        0.032631
FIRE:  386 01:26:26     -926.316261        0.032461
FIRE:  387 01:26:26     -926.316723        0.032243
FIRE:  388 01:26:27     -926.317308        0.031936
FIRE:  389 01:26:27     -926.317999        0.031537
FIRE:  390 01:26:28     -926.318851        0.031097
FIRE:  391 01:26:28     -926.319857        0.030577
FIRE:  392 01:26:29     -926.321070        0.029868
FIRE:  393 01:26:29     -926.322510        0.029067
FIRE:  394 01:26:30     -926.324197        0.028087
FIRE:  395 01:26:30     -926.326141        0.026902
FIRE:  396 01:26:31     -926.328091        0.071427
FIRE:  397 01:26:31     -926.327655        0.210296
FIRE:  398 01:26:31     -926.330775        0.030485
FIRE:  399 01:26:32     -926.330808        0.023928
FIRE:  400 01:26:32     -926.330852        0.023894
FIRE:  401 01:26:33     -926.330891        0.023849
FIRE:  402 01:26:33     -926.330929        0.023799
FIRE:  403 01:26:34     -926.330989        0.023749
FIRE:  404 01:26:34     -926.331076        0.023701
FIRE:  405 01:26:35     -926.331172        0.023655
FIRE:  406 01:26:35     -926.331277        0.023598
FIRE:  407 01:26:36     -926.331408        0.023522
FIRE:  408 01:26:36     -926.331585        0.023419
FIRE:  409 01:26:37     -926.331798        0.023284
FIRE:  410 01:26:37     -926.332050        0.023129
FIRE:  411 01:26:37     -926.332376        0.022962
FIRE:  412 01:26:38     -926.332752        0.022752
FIRE:  413 01:26:38     -926.333222        0.022441
FIRE:  414 01:26:39     -926.333773        0.022017
FIRE:  415 01:26:39     -926.334438        0.021543
FIRE:  416 01:26:40     -926.335220        0.020878
FIRE:  417 01:26:40     -926.336110        0.035729
FIRE:  418 01:26:41     -926.336975        0.089975
FIRE:  419 01:26:41     -926.336833        0.251304
FIRE:  420 01:26:42     -926.338328        0.017878
FIRE:  421 01:26:42     -926.338336        0.017870
FIRE:  422 01:26:43     -926.338351        0.017853
FIRE:  423 01:26:43     -926.338371        0.017828
FIRE:  424 01:26:44     -926.338398        0.017794
FIRE:  425 01:26:44     -926.338431        0.017752
FIRE:  426 01:26:45     -926.338471        0.017703
FIRE:  427 01:26:45     -926.338519        0.017648
FIRE:  428 01:26:45     -926.338577        0.017579
FIRE:  429 01:26:46     -926.338651        0.017497
FIRE:  430 01:26:46     -926.338742        0.017400
FIRE:  431 01:26:47     -926.338857        0.017283
FIRE:  432 01:26:47     -926.338999        0.017140
FIRE:  433 01:26:48     -926.339175        0.016961
FIRE:  434 01:26:48     -926.339386        0.016733
FIRE:  435 01:26:49     -926.339644        0.016444
FIRE:  436 01:26:49     -926.339954        0.016074
FIRE:  437 01:26:50     -926.340329        0.015595
FIRE:  438 01:26:50     -926.340770        0.015003
FIRE:  439 01:26:51     -926.341288        0.014265
FIRE:  440 01:26:51     -926.341877        0.030398
FIRE:  441 01:26:51     -926.342365        0.098652
FIRE:  442 01:26:52     -926.341322        0.305652
FIRE:  443 01:26:52     -926.343258        0.040110
FIRE:  444 01:26:53     -926.343280        0.028198
FIRE:  445 01:26:53     -926.343304        0.010900
FIRE:  446 01:26:54     -926.343313        0.013975
FIRE:  447 01:26:54     -926.343317        0.028232
FIRE:  448 01:26:55     -926.343321        0.026281
FIRE:  449 01:26:55     -926.343326        0.022526
FIRE:  450 01:26:56     -926.343333        0.017257
FIRE:  451 01:26:56     -926.343341        0.010926
FIRE:  452 01:26:57     -926.343348        0.010847
FIRE:  453 01:26:57     -926.343354        0.010835
FIRE:  454 01:26:57     -926.343359        0.010821
FIRE:  455 01:26:58     -926.343366        0.013403
FIRE:  456 01:26:58     -926.343377        0.014944
FIRE:  457 01:26:59     -926.343391        0.013886
FIRE:  458 01:26:59     -926.343410        0.010757
FIRE:  459 01:27:00     -926.343432        0.010736
FIRE:  460 01:27:00     -926.343457        0.010711
FIRE:  461 01:27:01     -926.343487        0.012298
FIRE:  462 01:27:01     -926.343525        0.011200
FIRE:  463 01:27:02     -926.343574        0.010570
FIRE:  464 01:27:02     -926.343627        0.010495
FIRE:  465 01:27:03     -926.343690        0.010516
FIRE:  466 01:27:03     -926.343777        0.010312
FIRE:  467 01:27:04     -926.343876        0.010649
FIRE:  468 01:27:04     -926.343998        0.010023
FIRE:  469 01:27:04     -926.344140        0.010942
FIRE:  470 01:27:05     -926.344313        0.009554
MACE calculation complete. Energy written to MACE_OUTCAR: -926.344313 eV
Job ended on: Fri Jun 13 12:27:06 AM UTC 2025\n
