The following modules were not unloaded:
  (Use "module --force purge" to unload all):

  1) slurm/23.02.6
[comp146:135263:0:135263] Caught signal 11 (Segmentation fault: address not mapped to object at address 0x7ffd7e767bf8)
[comp146:135267:0:135267] Caught signal 11 (Segmentation fault: address not mapped to object at address 0x7fff63ea4918)
[comp146:135264:0:135264] Caught signal 11 (Segmentation fault: address not mapped to object at address 0x7ffc3323aff8)
[comp146:135265:0:135265] Caught signal 11 (Segmentation fault: address not mapped to object at address 0x7fff8bfa2c38)
[comp146:135268:0:135268] Caught signal 11 (Segmentation fault: address not mapped to object at address 0x7ffeb121aaf8)
[comp146:135266:0:135266] Caught signal 11 (Segmentation fault: address not mapped to object at address 0x7fffc55e8158)
[comp146:135259:0:135259] Caught signal 11 (Segmentation fault: address not mapped to object at address 0x7ffd64f4a438)
[comp146:135261:0:135261] Caught signal 11 (Segmentation fault: address not mapped to object at address 0x7ffdc496af98)
[comp146:135262:0:135262] Caught signal 11 (Segmentation fault: address not mapped to object at address 0x7ffd87f29f90)
[comp146:135256:0:135256] Caught signal 11 (Segmentation fault: address not mapped to object at address 0x7ffc3c725818)
[comp146:135257:0:135257] Caught signal 11 (Segmentation fault: address not mapped to object at address 0x7ffcc0d12cb8)
[comp146:135258:0:135258] Caught signal 11 (Segmentation fault: address not mapped to object at address 0x7ffd00a961d8)
[comp146:135260:0:135260] Caught signal 11 (Segmentation fault: address not mapped to object at address 0x7ffed849d778)
[comp146:135255:0:135255] Caught signal 11 (Segmentation fault: address not mapped to object at address 0x7ffe1a4d3fd8)
[comp146:135254:0:135254] Caught signal 11 (Segmentation fault: address not mapped to object at address 0x7fffa0515938)
[comp146:135253:0:135253] Caught signal 11 (Segmentation fault: address not mapped to object at address 0x7ffd84048758)
==== backtrace (tid: 135266) ====
==== backtrace (tid: 135263) ====
 0 0x000000000003e6f0 __GI___sigaction()  :0
 1 0x00000000009a4d6b racc0mu_()  ???:0
 2 0x00000000009a6da3 nonlr_mp_raccmu__()  ???:0
 3 0x00000000009df646 hamil_mp_hamiltmu_()  ???:0
 4 0x000000000119090e david_mp_eddav_()  ???:0
 5 0x00000000012534d5 elmin_()  ???:0
 6 0x0000000001e67467 vamp_IP_electronic_optimization_()  main.f90:0
 7 0x0000000001e40413 MAIN__()  ???:0
 8 0x000000000040963d main()  ???:0
 9 0x0000000000029590 __libc_start_call_main()  ???:0
10 0x0000000000029640 __libc_start_main_alias_2()  :0
11 0x0000000000409555 _start()  ???:0
=================================
==== backtrace (tid: 135268) ====
 0 0x000000000003e6f0 __GI___sigaction()  :0
 1 0x00000000009a4d6b racc0mu_()  ???:0
 2 0x00000000009a6da3 nonlr_mp_raccmu__()  ???:0
 3 0x00000000009df646 hamil_mp_hamiltmu_()  ???:0
 4 0x000000000119090e david_mp_eddav_()  ???:0
 5 0x00000000012534d5 elmin_()  ???:0
 6 0x0000000001e67467 vamp_IP_electronic_optimization_()  main.f90:0
 7 0x0000000001e40413 MAIN__()  ???:0
 8 0x000000000040963d main()  ???:0
 9 0x0000000000029590 __libc_start_call_main()  ???:0
10 0x0000000000029640 __libc_start_main_alias_2()  :0
11 0x0000000000409555 _start()  ???:0
=================================
 0 0x000000000003e6f0 __GI___sigaction()  :0
 1 0x00000000009a4d6b racc0mu_()  ???:0
 2 0x00000000009a6da3 nonlr_mp_raccmu__()  ???:0
 3 0x00000000009df646 hamil_mp_hamiltmu_()  ???:0
 4 0x000000000119090e david_mp_eddav_()  ???:0
 5 0x00000000012534d5 elmin_()  ???:0
 6 0x0000000001e67467 vamp_IP_electronic_optimization_()  main.f90:0
 7 0x0000000001e40413 MAIN__()  ???:0
 8 0x000000000040963d main()  ???:0
 9 0x0000000000029590 __libc_start_call_main()  ???:0
10 0x0000000000029640 __libc_start_main_alias_2()  :0
==== backtrace (tid: 135267) ====
11 0x0000000000409555 _start()  ???:0
=================================
 0 0x000000000003e6f0 __GI___sigaction()  :0
 1 0x00000000009a4d6b racc0mu_()  ???:0
==== backtrace (tid: 135265) ====
 0 0x000000000003e6f0 __GI___sigaction()  :0
 1 0x00000000009a4d6b racc0mu_()  ???:0
 2 0x00000000009a6da3 nonlr_mp_raccmu__()  ???:0
 3 0x00000000009df646 hamil_mp_hamiltmu_()  ???:0
 4 0x000000000119090e david_mp_eddav_()  ???:0
 5 0x00000000012534d5 elmin_()  ???:0
 6 0x0000000001e67467 vamp_IP_electronic_optimization_()  main.f90:0
 7 0x0000000001e40413 MAIN__()  ???:0
 8 0x000000000040963d main()  ???:0
 9 0x0000000000029590 __libc_start_call_main()  ???:0
10 0x0000000000029640 __libc_start_main_alias_2()  :0
11 0x0000000000409555 _start()  ???:0
=================================
 2 0x00000000009a6da3 nonlr_mp_raccmu__()  ???:0
 3 0x00000000009df646 hamil_mp_hamiltmu_()  ???:0
 4 0x000000000119090e david_mp_eddav_()  ???:0
 5 0x00000000012534d5 elmin_()  ???:0
 6 0x0000000001e67467 vamp_IP_electronic_optimization_()  main.f90:0
 7 0x0000000001e40413 MAIN__()  ???:0
 8 0x000000000040963d main()  ???:0
 9 0x0000000000029590 __libc_start_call_main()  ???:0
10 0x0000000000029640 __libc_start_main_alias_2()  :0
11 0x0000000000409555 _start()  ???:0
=================================
forrtl: severe (174): SIGSEGV, segmentation fault occurred
Image              PC                Routine            Line        Source             
libc.so.6          00007FD64B23E6F0  Unknown               Unknown  Unknown
vasp_std           00000000009A4D6B  Unknown               Unknown  Unknown
vasp_std           00000000009A6DA3  Unknown               Unknown  Unknown
vasp_std           00000000009DF646  Unknown               Unknown  Unknown
vasp_std           000000000119090E  Unknown               Unknown  Unknown
vasp_std           00000000012534D5  Unknown               Unknown  Unknown
vasp_std           0000000001E67467  Unknown               Unknown  Unknown
vasp_std           0000000001E40413  Unknown               Unknown  Unknown
vasp_std           000000000040963D  Unknown               Unknown  Unknown
libc.so.6          00007FD64B229590  Unknown               Unknown  Unknown
libc.so.6          00007FD64B229640  __libc_start_main     Unknown  Unknown
vasp_std           0000000000409555  Unknown               Unknown  Unknown
forrtl: severe (174): SIGSEGV, segmentation fault occurred
Image              PC                Routine            Line        Source             
libc.so.6          00007FD4F643E6F0  Unknown               Unknown  Unknown
vasp_std           00000000009A4D6B  Unknown               Unknown  Unknown
vasp_std           00000000009A6DA3  Unknown               Unknown  Unknown
vasp_std           00000000009DF646  Unknown               Unknown  Unknown
vasp_std           000000000119090E  Unknown               Unknown  Unknown
vasp_std           00000000012534D5  Unknown               Unknown  Unknown
vasp_std           0000000001E67467  Unknown               Unknown  Unknown
vasp_std           0000000001E40413  Unknown               Unknown  Unknown
vasp_std           000000000040963D  Unknown               Unknown  Unknown
libc.so.6          00007FD4F6429590  Unknown               Unknown  Unknown
libc.so.6          00007FD4F6429640  __libc_start_main     Unknown  Unknown
vasp_std           0000000000409555  Unknown               Unknown  Unknown
forrtl: severe (174): SIGSEGV, segmentation fault occurred
Image              PC                Routine            Line        Source             
libc.so.6          00007F520F23E6F0  Unknown               Unknown  Unknown
vasp_std           00000000009A4D6B  Unknown               Unknown  Unknown
vasp_std           00000000009A6DA3  Unknown               Unknown  Unknown
vasp_std           00000000009DF646  Unknown               Unknown  Unknown
vasp_std           000000000119090E  Unknown               Unknown  Unknown
vasp_std           00000000012534D5  Unknown               Unknown  Unknown
vasp_std           0000000001E67467  Unknown               Unknown  Unknown
vasp_std           0000000001E40413  Unknown               Unknown  Unknown
vasp_std           000000000040963D  Unknown               Unknown  Unknown
libc.so.6          00007F520F229590  Unknown               Unknown  Unknown
libc.so.6          00007F520F229640  __libc_start_main     Unknown  Unknown
vasp_std           0000000000409555  Unknown               Unknown  Unknown
forrtl: severe (174): SIGSEGV, segmentation fault occurred
Image              PC                Routine            Line        Source             
libc.so.6          00007FE3BFA3E6F0  Unknown               Unknown  Unknown
vasp_std           00000000009A4D6B  Unknown               Unknown  Unknown
vasp_std           00000000009A6DA3  Unknown               Unknown  Unknown
vasp_std           00000000009DF646  Unknown               Unknown  Unknown
vasp_std           000000000119090E  Unknown               Unknown  Unknown
vasp_std           00000000012534D5  Unknown               Unknown  Unknown
vasp_std           0000000001E67467  Unknown               Unknown  Unknown
vasp_std           0000000001E40413  Unknown               Unknown  Unknown
vasp_std           000000000040963D  Unknown               Unknown  Unknown
libc.so.6          00007FE3BFA29590  Unknown               Unknown  Unknown
libc.so.6          00007FE3BFA29640  __libc_start_main     Unknown  Unknown
vasp_std           0000000000409555  Unknown               Unknown  Unknown
forrtl: severe (174): SIGSEGV, segmentation fault occurred
Image              PC                Routine            Line        Source             
libc.so.6          00007F37A5E3E6F0  Unknown               Unknown  Unknown
vasp_std           00000000009A4D6B  Unknown               Unknown  Unknown
vasp_std           00000000009A6DA3  Unknown               Unknown  Unknown
vasp_std           00000000009DF646  Unknown               Unknown  Unknown
vasp_std           000000000119090E  Unknown               Unknown  Unknown
vasp_std           00000000012534D5  Unknown               Unknown  Unknown
vasp_std           0000000001E67467  Unknown               Unknown  Unknown
vasp_std           0000000001E40413  Unknown               Unknown  Unknown
vasp_std           000000000040963D  Unknown               Unknown  Unknown
libc.so.6          00007F37A5E29590  Unknown               Unknown  Unknown
libc.so.6          00007F37A5E29640  __libc_start_main     Unknown  Unknown
vasp_std           0000000000409555  Unknown               Unknown  Unknown
==== backtrace (tid: 135264) ====
 0 0x000000000003e6f0 __GI___sigaction()  :0
 1 0x00000000008fce48 mrg_proj_()  ???:0
 2 0x00000000009a4d70 racc0mu_()  ???:0
 3 0x00000000009a6da3 nonlr_mp_raccmu__()  ???:0
 4 0x00000000009df646 hamil_mp_hamiltmu_()  ???:0
 5 0x000000000119090e david_mp_eddav_()  ???:0
 6 0x00000000012534d5 elmin_()  ???:0
 7 0x0000000001e67467 vamp_IP_electronic_optimization_()  main.f90:0
 8 0x0000000001e40413 MAIN__()  ???:0
 9 0x000000000040963d main()  ???:0
10 0x0000000000029590 __libc_start_call_main()  ???:0
11 0x0000000000029640 __libc_start_main_alias_2()  :0
12 0x0000000000409555 _start()  ???:0
=================================
forrtl: severe (174): SIGSEGV, segmentation fault occurred
Image              PC                Routine            Line        Source             
libc.so.6          00007F693283E6F0  Unknown               Unknown  Unknown
vasp_std           00000000008FCE48  Unknown               Unknown  Unknown
vasp_std           00000000009A4D70  Unknown               Unknown  Unknown
vasp_std           00000000009A6DA3  Unknown               Unknown  Unknown
vasp_std           00000000009DF646  Unknown               Unknown  Unknown
vasp_std           000000000119090E  Unknown               Unknown  Unknown
vasp_std           00000000012534D5  Unknown               Unknown  Unknown
vasp_std           0000000001E67467  Unknown               Unknown  Unknown
vasp_std           0000000001E40413  Unknown               Unknown  Unknown
vasp_std           000000000040963D  Unknown               Unknown  Unknown
libc.so.6          00007F6932829590  Unknown               Unknown  Unknown
libc.so.6          00007F6932829640  __libc_start_main     Unknown  Unknown
vasp_std           0000000000409555  Unknown               Unknown  Unknown
