Si Bulk DFT energetics calculations using VASP
Running on host: comp041
Working directory: /lustre/home/ah1365/projects/127870/upgrade_report/case_studies/common/structures/interfaces/264_Si156Sn108_001_001_a0.276923_b0.041026_c2.1_interface1shift1swap1
Job started on: Wed 11 Jun 21:44:09 UTC 2025
cuequivariance or cuequivariance_torch is not available. Cuequivariance acceleration will be disabled.
Using Materials Project MACE for MACECalculator with /lustre/home/ah1365/.cache/mace/MACE_MPtrj_20229model
Using float64 for MACECalculator, which is slower but more accurate. Recommended for geometry optimization.
Using TorchDFTD3Calculator for D3 dispersion corrections
      Step     Time          Energy          fmax
FIRE:    0 22:44:34    -1212.006273        7.673635
FIRE:    1 22:44:54    -1219.238416        6.077699
FIRE:    2 22:45:14    -1225.476644        4.848368
FIRE:    3 22:45:33    -1230.902659        3.970768
FIRE:    4 22:45:52    -1235.658275        3.381875
FIRE:    5 22:46:12    -1239.856303        2.884264
FIRE:    6 22:46:31    -1243.584767        2.514064
FIRE:    7 22:46:51    -1246.912708        2.349320
FIRE:    8 22:47:10    -1249.900376        2.188852
FIRE:    9 22:47:30    -1252.599505        2.062662
FIRE:   10 22:47:49    -1255.056058        2.010197
FIRE:   11 22:48:09    -1257.310940        1.928327
FIRE:   12 22:48:28    -1259.399368        1.830497
FIRE:   13 22:48:48    -1261.349956        1.727525
FIRE:   14 22:49:07    -1263.184109        1.627016
FIRE:   15 22:49:27    -1264.916123        1.533540
FIRE:   16 22:49:46    -1266.554108        1.449157
FIRE:   17 22:50:06    -1268.102298        1.374102
FIRE:   18 22:50:25    -1269.563364        1.307470
FIRE:   19 22:50:45    -1270.940593        1.247780
FIRE:   20 22:51:04    -1272.238091        1.193264
FIRE:   21 22:51:24    -1273.460835        1.156764
FIRE:   22 22:51:43    -1274.614359        1.136677
FIRE:   23 22:52:03    -1275.704394        1.113633
FIRE:   24 22:52:23    -1276.736636        1.086915
FIRE:   25 22:52:42    -1277.716773        1.056121
FIRE:   26 22:53:02    -1278.650584        1.018808
FIRE:   27 22:53:21    -1279.543834        0.967676
FIRE:   28 22:53:41    -1280.400773        0.891455
FIRE:   29 22:54:00    -1281.221928        0.782928
FIRE:   30 22:54:20    -1282.003598        0.662933
FIRE:   31 22:54:40    -1282.740212        0.602458
FIRE:   32 22:54:59    -1283.427298        0.622933
FIRE:   33 22:55:19    -1284.064934        0.647363
FIRE:   34 22:55:38    -1284.656209        0.666799
FIRE:   35 22:55:58    -1285.205183        0.673360
FIRE:   36 22:56:17    -1285.716555        0.662649
FIRE:   37 22:56:37    -1286.195357        0.693975
FIRE:   38 22:56:56    -1286.644726        0.784761
FIRE:   39 22:57:16    -1287.065165        0.816462
FIRE:   40 22:57:36    -1287.455764        0.801896
FIRE:   41 22:57:55    -1287.816065        0.779678
FIRE:   42 22:58:15    -1288.146834        0.783495
FIRE:   43 22:58:34    -1288.450332        0.942455
FIRE:   44 22:58:54    -1288.730356        1.098696
FIRE:   45 22:59:13    -1288.991515        1.141563
FIRE:   46 22:59:33    -1289.239204        1.054145
FIRE:   47 22:59:52    -1289.478853        0.853156
FIRE:   48 23:00:12    -1289.712547        0.581415
FIRE:   49 23:00:31    -1289.937908        0.566108
FIRE:   50 23:00:51    -1290.151168        0.544268
FIRE:   51 23:01:11    -1290.349967        0.543499
FIRE:   52 23:01:30    -1290.535497        0.564944
FIRE:   53 23:01:50    -1290.712615        0.676318
FIRE:   54 23:02:09    -1290.888480        0.714231
FIRE:   55 23:02:29    -1291.070693        0.755990
FIRE:   56 23:02:48    -1291.264979        0.770426
FIRE:   57 23:03:08    -1291.472863        0.742420
FIRE:   58 23:03:28    -1291.690305        0.663078
FIRE:   59 23:03:47    -1291.907353        0.545651
FIRE:   60 23:04:07    -1292.110738        0.455602
FIRE:   61 23:04:26    -1292.291308        0.452585
FIRE:   62 23:04:46    -1292.452376        0.533863
FIRE:   63 23:05:05    -1292.604664        0.622958
FIRE:   64 23:05:25    -1292.754732        0.676022
FIRE:   65 23:05:44    -1292.903459        0.712182
FIRE:   66 23:06:04    -1293.049354        0.739371
FIRE:   67 23:06:24    -1293.190523        0.757863
FIRE:   68 23:06:43    -1293.328628        0.761962
FIRE:   69 23:07:03    -1293.469228        0.740341
FIRE:   70 23:07:22    -1293.615390        0.680162
FIRE:   71 23:07:42    -1293.764221        0.577732
FIRE:   72 23:08:01    -1293.908078        0.679669
FIRE:   73 23:08:21    -1294.038764        0.913926
FIRE:   74 23:08:41    -1294.154816        1.177699
FIRE:   75 23:09:00    -1294.265591        1.338144
FIRE:   76 23:09:20    -1294.384244        1.284278
FIRE:   77 23:09:39    -1294.514934        1.045352
FIRE:   78 23:09:59    -1294.649299        0.811298
FIRE:   79 23:10:19    -1294.776415        0.754859
FIRE:   80 23:10:38    -1294.895157        0.786251
FIRE:   81 23:10:58    -1295.011387        0.766519
FIRE:   82 23:11:18    -1295.125805        0.674737
FIRE:   83 23:11:37    -1295.233461        0.582371
FIRE:   84 23:11:57    -1295.328195        0.663489
FIRE:   85 23:12:16    -1295.404779        0.947284
FIRE:   86 23:12:36    -1295.468566        1.281704
FIRE:   87 23:12:56    -1295.544053        1.436473
FIRE:   88 23:13:16    -1295.654212        1.313663
FIRE:   89 23:13:35    -1295.790627        0.989747
FIRE:   90 23:13:55    -1295.925091        0.789189
FIRE:   91 23:14:15    -1296.040818        0.634226
FIRE:   92 23:14:34    -1296.136949        0.603131
FIRE:   93 23:14:54    -1296.219437        0.836294
FIRE:   94 23:15:13    -1296.297053        0.994034
FIRE:   95 23:15:33    -1296.379566        1.064201
FIRE:   96 23:15:53    -1296.474179        1.041967
FIRE:   97 23:16:12    -1296.583184        0.938013
FIRE:   98 23:16:32    -1296.701999        0.775011
FIRE:   99 23:16:52    -1296.818407        0.581591
FIRE:  100 23:17:11    -1296.917003        0.532914
FIRE:  101 23:17:31    -1296.984034        0.471551
FIRE:  102 23:17:51    -1297.010294        0.645855
FIRE:  103 23:18:10    -1297.342916        0.228368
FIRE:  104 23:18:30    -1297.510910        0.334776
FIRE:  105 23:18:50    -1297.640099        0.299741
FIRE:  106 23:19:09    -1297.755088        0.188798
FIRE:  107 23:19:29    -1297.842305        0.229909
FIRE:  108 23:19:49    -1297.911303        0.267033
FIRE:  109 23:20:08    -1297.981348        0.245300
FIRE:  110 23:20:28    -1298.051682        0.234319
FIRE:  111 23:20:48    -1298.116811        0.295153
FIRE:  112 23:21:07    -1298.187804        0.387954
FIRE:  113 23:21:27    -1298.277068        0.497274
FIRE:  114 23:21:47    -1298.378631        0.476163
FIRE:  115 23:22:06    -1298.462637        0.200682
FIRE:  116 23:22:26    -1298.506061        0.416967
FIRE:  117 23:22:45    -1298.538963        0.408903
FIRE:  118 23:23:05    -1298.567087        0.261478
FIRE:  119 23:23:25    -1298.598563        0.375123
FIRE:  120 23:23:45    -1298.631939        0.082624
FIRE:  121 23:24:04    -1298.628747        0.383487
FIRE:  122 23:24:24    -1298.636405        0.278172
FIRE:  123 23:24:43    -1298.645529        0.115354
FIRE:  124 23:25:03    -1298.650146        0.093319
FIRE:  125 23:25:23    -1298.650698        0.190516
FIRE:  126 23:25:43    -1298.651365        0.179056
FIRE:  127 23:26:02    -1298.652594        0.157697
FIRE:  128 23:26:22    -1298.654178        0.129001
FIRE:  129 23:26:42    -1298.655894        0.093251
FIRE:  130 23:27:01    -1298.657544        0.059025
FIRE:  131 23:27:21    -1298.659000        0.057504
FIRE:  132 23:27:41    -1298.660294        0.062414
FIRE:  133 23:28:00    -1298.661710        0.094999
FIRE:  134 23:28:20    -1298.663508        0.115812
FIRE:  135 23:28:40    -1298.665971        0.117082
FIRE:  136 23:28:59    -1298.669260        0.094653
FIRE:  137 23:29:19    -1298.673203        0.050779
FIRE:  138 23:29:39    -1298.677435        0.039355
FIRE:  139 23:29:58    -1298.681858        0.066502
FIRE:  140 23:30:18    -1298.686938        0.076447
FIRE:  141 23:30:38    -1298.693084        0.045589
FIRE:  142 23:30:57    -1298.699921        0.048582
FIRE:  143 23:31:17    -1298.707362        0.082517
FIRE:  144 23:31:37    -1298.716516        0.058794
FIRE:  145 23:31:56    -1298.727653        0.064662
FIRE:  146 23:32:16    -1298.741958        0.073846
FIRE:  147 23:32:36    -1298.761045        0.081905
FIRE:  148 23:32:55    -1298.786225        0.088427
FIRE:  149 23:33:15    -1298.819233        0.102651
FIRE:  150 23:33:35    -1298.864375        0.110624
FIRE:  151 23:33:55    -1298.913788        0.135958
FIRE:  152 23:34:14    -1298.967394        0.167101
FIRE:  153 23:34:34    -1299.023934        0.158193
FIRE:  154 23:34:54    -1299.076975        0.132141
FIRE:  155 23:35:13    -1299.123030        0.150503
FIRE:  156 23:35:33    -1299.166745        0.131516
FIRE:  157 23:35:53    -1299.209801        0.146418
FIRE:  158 23:36:12    -1299.247987        0.147194
FIRE:  159 23:36:32    -1299.284942        0.161494
FIRE:  160 23:36:52    -1299.324572        0.125253
FIRE:  161 23:37:12    -1299.363272        0.164633
FIRE:  162 23:37:31    -1299.406349        0.211683
FIRE:  163 23:37:51    -1299.462199        0.291960
FIRE:  164 23:38:11    -1299.537508        0.357703
FIRE:  165 23:38:30    -1299.628787        0.325973
FIRE:  166 23:38:50    -1299.726416        0.300953
FIRE:  167 23:39:10    -1299.830965        0.314316
FIRE:  168 23:39:29    -1299.934847        0.338500
FIRE:  169 23:39:49    -1300.024444        0.256266
FIRE:  170 23:40:09    -1300.074212        0.453002
FIRE:  171 23:40:28    -1300.097806        0.556872
FIRE:  172 23:40:48    -1300.152985        0.426067
FIRE:  173 23:41:08    -1300.177661        0.214795
FIRE:  174 23:41:27    -1300.193374        0.169927
FIRE:  175 23:41:47    -1300.195800        0.144808
FIRE:  176 23:42:07    -1300.199817        0.111034
FIRE:  177 23:42:27    -1300.204440        0.108749
FIRE:  178 23:42:46    -1300.209248        0.105627
FIRE:  179 23:43:06    -1300.214673        0.101688
FIRE:  180 23:43:26    -1300.221284        0.097000
FIRE:  181 23:43:45    -1300.229080        0.091626
FIRE:  182 23:44:05    -1300.238303        0.084928
FIRE:  183 23:44:25    -1300.248272        0.076674
FIRE:  184 23:44:44    -1300.259050        0.078718
FIRE:  185 23:45:04    -1300.271228        0.085827
FIRE:  186 23:45:24    -1300.284160        0.050749
FIRE:  187 23:45:43    -1300.297368        0.046316
FIRE:  188 23:46:03    -1300.311294        0.050758
FIRE:  189 23:46:23    -1300.325724        0.050689
FIRE:  190 23:46:42    -1300.341389        0.061981
FIRE:  191 23:47:02    -1300.357609        0.085640
FIRE:  192 23:47:22    -1300.375010        0.123970
FIRE:  193 23:47:41    -1300.400112        0.168028
FIRE:  194 23:48:01    -1300.432082        0.145447
FIRE:  195 23:48:21    -1300.456754        0.218844
FIRE:  196 23:48:40    -1300.483926        0.206702
FIRE:  197 23:49:00    -1300.512158        0.236015
FIRE:  198 23:49:20    -1300.548857        0.215738
FIRE:  199 23:49:40    -1300.586623        0.179317
FIRE:  200 23:50:00    -1300.606930        0.299151
FIRE:  201 23:50:19    -1300.629186        0.146013
FIRE:  202 23:50:39    -1300.640182        0.206437
FIRE:  203 23:50:59    -1300.644482        0.190671
FIRE:  204 23:51:19    -1300.649936        0.159762
FIRE:  205 23:51:38    -1300.654887        0.122183
FIRE:  206 23:51:58    -1300.659289        0.104058
FIRE:  207 23:52:18    -1300.663489        0.140688
FIRE:  208 23:52:37    -1300.669283        0.137752
FIRE:  209 23:52:57    -1300.676854        0.087643
FIRE:  210 23:53:17    -1300.684294        0.056473
FIRE:  211 23:53:37    -1300.690850        0.075270
FIRE:  212 23:53:56    -1300.697334        0.089267
FIRE:  213 23:54:16    -1300.706111        0.060779
FIRE:  214 23:54:36    -1300.715190        0.069764
FIRE:  215 23:54:55    -1300.723978        0.076477
FIRE:  216 23:55:15    -1300.736113        0.072937
FIRE:  217 23:55:35    -1300.750040        0.079877
FIRE:  218 23:55:54    -1300.769600        0.154254
FIRE:  219 23:56:14    -1300.785378        0.487888
FIRE:  220 23:56:34    -1300.800265        0.141689
FIRE:  221 23:56:53    -1300.801531        0.141400
FIRE:  222 23:57:13    -1300.803550        0.140810
FIRE:  223 23:57:33    -1300.805873        0.139878
FIRE:  224 23:57:53    -1300.808634        0.138463
FIRE:  225 23:58:12    -1300.812338        0.136207
FIRE:  226 23:58:32    -1300.817053        0.132514
FIRE:  227 23:58:52    -1300.822328        0.126703
FIRE:  228 23:59:11    -1300.828519        0.117477
FIRE:  229 23:59:31    -1300.836136        0.105494
FIRE:  230 23:59:51    -1300.845654        0.100676
FIRE:  231 00:00:11    -1300.856960        0.112971
FIRE:  232 00:00:30    -1300.871380        0.115912
FIRE:  233 00:00:50    -1300.890846        0.115873
FIRE:  234 00:01:10    -1300.915618        0.122600
FIRE:  235 00:01:29    -1300.945935        0.125247
FIRE:  236 00:01:49    -1300.980091        0.108076
FIRE:  237 00:02:09    -1301.013614        0.087289
FIRE:  238 00:02:29    -1301.032428        0.111709
FIRE:  239 00:02:48    -1301.039889        0.111999
FIRE:  240 00:03:08    -1301.043511        0.091387
FIRE:  241 00:03:28    -1301.048804        0.072649
FIRE:  242 00:03:47    -1301.054467        0.064738
FIRE:  243 00:04:07    -1301.059834        0.053443
FIRE:  244 00:04:27    -1301.064357        0.047792
FIRE:  245 00:04:47    -1301.068753        0.054583
FIRE:  246 00:05:06    -1301.073198        0.048417
FIRE:  247 00:05:26    -1301.077897        0.049602
FIRE:  248 00:05:46    -1301.083210        0.048438
FIRE:  249 00:06:05    -1301.088901        0.056910
FIRE:  250 00:06:25    -1301.095998        0.063935
FIRE:  251 00:06:45    -1301.105079        0.066614
FIRE:  252 00:07:04    -1301.116281        0.076197
FIRE:  253 00:07:24    -1301.124568        0.101829
FIRE:  254 00:07:44    -1301.127815        0.182883
FIRE:  255 00:08:03    -1301.131819        0.116078
FIRE:  256 00:08:23    -1301.133751        0.140125
FIRE:  257 00:08:43    -1301.134326        0.108331
FIRE:  258 00:09:03    -1301.135114        0.053216
FIRE:  259 00:09:22    -1301.135739        0.042318
FIRE:  260 00:09:42    -1301.136101        0.064120
FIRE:  261 00:10:02    -1301.136476        0.092382
FIRE:  262 00:10:21    -1301.137092        0.091651
FIRE:  263 00:10:41    -1301.137896        0.064392
FIRE:  264 00:11:01    -1301.138718        0.030869
FIRE:  265 00:11:21    -1301.139281        0.047484
FIRE:  266 00:11:40    -1301.139826        0.076720
FIRE:  267 00:12:00    -1301.140807        0.053249
FIRE:  268 00:12:20    -1301.141900        0.034646
FIRE:  269 00:12:39    -1301.142839        0.065438
FIRE:  270 00:12:59    -1301.144279        0.041131
FIRE:  271 00:13:19    -1301.145817        0.044920
FIRE:  272 00:13:39    -1301.147620        0.050899
FIRE:  273 00:13:58    -1301.149815        0.048250
FIRE:  274 00:14:18    -1301.152558        0.027120
FIRE:  275 00:14:38    -1301.155673        0.083494
FIRE:  276 00:14:57    -1301.160010        0.080321
FIRE:  277 00:15:17    -1301.165743        0.079247
FIRE:  278 00:15:37    -1301.173452        0.127179
FIRE:  279 00:15:57    -1301.178786        0.367578
FIRE:  280 00:16:16    -1301.185555        0.068424
FIRE:  281 00:16:36    -1301.185821        0.049884
FIRE:  282 00:16:56    -1301.186232        0.046882
FIRE:  283 00:17:16    -1301.186665        0.046535
FIRE:  284 00:17:35    -1301.187147        0.046066
FIRE:  285 00:17:55    -1301.187780        0.049676
FIRE:  286 00:18:15    -1301.188580        0.044756
FIRE:  287 00:18:35    -1301.189458        0.043871
FIRE:  288 00:18:54    -1301.190410        0.042658
FIRE:  289 00:19:14    -1301.191553        0.041057
FIRE:  290 00:19:34    -1301.193019        0.039070
FIRE:  291 00:19:54    -1301.194741        0.040718
FIRE:  292 00:20:13    -1301.196767        0.044707
FIRE:  293 00:20:33    -1301.199413        0.050312
FIRE:  294 00:20:53    -1301.202688        0.058492
FIRE:  295 00:21:13    -1301.207251        0.070489
FIRE:  296 00:21:32    -1301.213721        0.088460
FIRE:  297 00:21:52    -1301.223962        0.114335
FIRE:  298 00:22:12    -1301.241364        0.145723
FIRE:  299 00:22:32    -1301.271987        0.163378
FIRE:  300 00:22:51    -1301.322235        0.167923
FIRE:  301 00:23:11    -1301.381365        0.231099
FIRE:  302 00:23:31    -1301.453116        0.342611
FIRE:  303 00:23:51    -1301.533727        0.283253
FIRE:  304 00:24:10    -1301.579555        0.377312
FIRE:  305 00:24:30    -1301.613789        0.414668
FIRE:  306 00:24:50    -1301.656789        0.249611
FIRE:  307 00:25:10    -1301.678540        0.418014
FIRE:  308 00:25:29    -1301.709625        0.218773
FIRE:  309 00:25:49    -1301.718984        0.366580
FIRE:  310 00:26:09    -1301.723833        0.574850
FIRE:  311 00:26:29    -1301.754861        0.294585
FIRE:  312 00:26:48    -1301.757033        0.301360
FIRE:  313 00:27:08    -1301.761771        0.229462
FIRE:  314 00:27:28    -1301.767389        0.159004
FIRE:  315 00:27:48    -1301.770389        0.099149
FIRE:  316 00:28:07    -1301.771239        0.189550
FIRE:  317 00:28:27    -1301.771671        0.176688
FIRE:  318 00:28:47    -1301.772453        0.151728
FIRE:  319 00:29:06    -1301.773452        0.116271
FIRE:  320 00:29:26    -1301.774514        0.087723
FIRE:  321 00:29:46    -1301.775508        0.076106
FIRE:  322 00:30:06    -1301.776389        0.063740
FIRE:  323 00:30:25    -1301.777192        0.061038
FIRE:  324 00:30:45    -1301.778118        0.090657
FIRE:  325 00:31:05    -1301.779345        0.103531
FIRE:  326 00:31:25    -1301.781032        0.094010
FIRE:  327 00:31:44    -1301.783170        0.063402
FIRE:  328 00:32:04    -1301.785563        0.059417
FIRE:  329 00:32:24    -1301.788016        0.049575
FIRE:  330 00:32:44    -1301.790653        0.080988
FIRE:  331 00:33:03    -1301.793779        0.067956
FIRE:  332 00:33:23    -1301.797154        0.047540
FIRE:  333 00:33:43    -1301.800322        0.058239
FIRE:  334 00:34:03    -1301.803783        0.058774
FIRE:  335 00:34:22    -1301.807419        0.050338
FIRE:  336 00:34:42    -1301.810922        0.071044
FIRE:  337 00:35:02    -1301.815305        0.054801
FIRE:  338 00:35:21    -1301.820065        0.066487
FIRE:  339 00:35:41    -1301.826214        0.046931
FIRE:  340 00:36:01    -1301.832837        0.047358
FIRE:  341 00:36:21    -1301.838604        0.092946
FIRE:  342 00:36:40    -1301.842838        0.134244
FIRE:  343 00:37:00    -1301.843939        0.045628
FIRE:  344 00:37:20    -1301.844264        0.074317
FIRE:  345 00:37:40    -1301.844411        0.061149
FIRE:  346 00:37:59    -1301.844638        0.037405
FIRE:  347 00:38:19    -1301.844866        0.022646
FIRE:  348 00:38:39    -1301.845058        0.022305
FIRE:  349 00:38:58    -1301.845253        0.040735
FIRE:  350 00:39:18    -1301.845507        0.048720
FIRE:  351 00:39:38    -1301.845851        0.043798
FIRE:  352 00:39:58    -1301.846295        0.025350
FIRE:  353 00:40:17    -1301.846776        0.020725
FIRE:  354 00:40:37    -1301.847275        0.030703
FIRE:  355 00:40:57    -1301.847872        0.038706
FIRE:  356 00:41:17    -1301.848655        0.019612
FIRE:  357 00:41:36    -1301.849512        0.019457
FIRE:  358 00:41:56    -1301.850476        0.033745
FIRE:  359 00:42:16    -1301.851695        0.020084
FIRE:  360 00:42:36    -1301.853066        0.032672
FIRE:  361 00:42:55    -1301.854830        0.022894
FIRE:  362 00:43:15    -1301.856935        0.036462
FIRE:  363 00:43:35    -1301.859778        0.028826
FIRE:  364 00:43:55    -1301.863626        0.032455
