Si Bulk DFT energetics calculations using VASP
Running on host: comp060
Working directory: /lustre/home/ah1365/projects/127870/upgrade_report/case_studies/common/structures/interfaces/96_Si48Sn48_112_111_a0.365591_b0.411765_c1.480959_interface3shift6
Job started on: Wed  4 Jun 10:39:29 UTC 2025
cuequivariance or cuequivariance_torch is not available. Cuequivariance acceleration will be disabled.
Using Materials Project MACE for MACECalculator with /lustre/home/ah1365/.cache/mace/MACE_MPtrj_20229model
Using float64 for MACECalculator, which is slower but more accurate. Recommended for geometry optimization.
Using TorchDFTD3Calculator for D3 dispersion corrections
      Step     Time          Energy          fmax
FIRE:    0 11:39:43     -402.892198       47.761350
FIRE:    1 11:39:50     -424.695557       32.388096
FIRE:    2 11:39:57     -438.563369       19.981236
FIRE:    3 11:40:04     -447.234550       11.458114
FIRE:    4 11:40:11     -452.112397        6.482142
FIRE:    5 11:40:18     -454.553694        3.633454
FIRE:    6 11:40:25     -455.581835        4.842108
FIRE:    7 11:40:32     -456.070135        5.566467
FIRE:    8 11:40:39     -456.518967        5.561752
FIRE:    9 11:40:47     -457.127358        5.120340
FIRE:   10 11:40:54     -457.856987        3.928901
FIRE:   11 11:41:01     -458.545259        2.620889
FIRE:   12 11:41:08     -459.100598        1.729608
FIRE:   13 11:41:15     -459.522044        1.603818
FIRE:   14 11:41:22     -459.852169        1.541028
FIRE:   15 11:41:29     -460.133823        1.525251
FIRE:   16 11:41:36     -460.383926        1.532204
FIRE:   17 11:41:43     -460.606881        1.540276
FIRE:   18 11:41:51     -460.818358        1.538956
FIRE:   19 11:41:58     -461.058020        1.528401
FIRE:   20 11:42:05     -461.379989        1.501893
FIRE:   21 11:42:12     -461.816525        1.462203
FIRE:   22 11:42:19     -462.350218        1.429269
FIRE:   23 11:42:26     -462.927987        1.362644
FIRE:   24 11:42:33     -463.486487        1.282976
FIRE:   25 11:42:40     -463.982060        1.362659
FIRE:   26 11:42:47     -464.408047        1.405014
FIRE:   27 11:42:55     -464.790451        1.332749
FIRE:   28 11:43:02     -465.181491        1.488789
FIRE:   29 11:43:09     -465.627678        1.409629
FIRE:   30 11:43:16     -466.056893        1.029269
FIRE:   31 11:43:23     -466.372158        1.011700
FIRE:   32 11:43:30     -466.507014        1.416054
FIRE:   33 11:43:37     -466.894400        0.330091
FIRE:   34 11:43:44     -466.978842        0.756505
FIRE:   35 11:43:51     -467.126736        0.252423
FIRE:   36 11:43:58     -467.195259        0.586470
FIRE:   37 11:44:06     -467.227885        0.454713
FIRE:   38 11:44:13     -467.272178        0.236232
FIRE:   39 11:44:20     -467.306607        0.162516
FIRE:   40 11:44:27     -467.331019        0.325243
FIRE:   41 11:44:34     -467.363594        0.390351
FIRE:   42 11:44:41     -467.414250        0.343242
FIRE:   43 11:44:48     -467.472966        0.207204
FIRE:   44 11:44:55     -467.527580        0.124249
FIRE:   45 11:45:02     -467.574446        0.277348
FIRE:   46 11:45:09     -467.633584        0.281530
FIRE:   47 11:45:17     -467.705556        0.117266
FIRE:   48 11:45:24     -467.767744        0.215041
FIRE:   49 11:45:31     -467.839651        0.190115
FIRE:   50 11:45:38     -467.911943        0.149002
FIRE:   51 11:45:45     -467.980587        0.157606
FIRE:   52 11:45:52     -468.056824        0.123668
FIRE:   53 11:45:59     -468.135617        0.149649
FIRE:   54 11:46:06     -468.217007        0.125179
FIRE:   55 11:46:14     -468.299452        0.118028
FIRE:   56 11:46:21     -468.383004        0.105086
FIRE:   57 11:46:28     -468.465702        0.113232
FIRE:   58 11:46:35     -468.550657        0.114020
FIRE:   59 11:46:42     -468.634307        0.120448
FIRE:   60 11:46:49     -468.717023        0.124904
FIRE:   61 11:46:56     -468.799273        0.133803
FIRE:   62 11:47:03     -468.881827        0.148096
FIRE:   63 11:47:11     -468.968590        0.167344
FIRE:   64 11:47:18     -469.060663        0.186207
FIRE:   65 11:47:25     -469.159224        0.199889
FIRE:   66 11:47:32     -469.261837        0.206401
FIRE:   67 11:47:39     -469.366435        0.202073
FIRE:   68 11:47:46     -469.472189        0.185219
FIRE:   69 11:47:54     -469.576541        0.175639
FIRE:   70 11:48:01     -469.676698        0.168993
FIRE:   71 11:48:08     -469.771198        0.149075
FIRE:   72 11:48:15     -469.860515        0.125531
FIRE:   73 11:48:22     -469.946992        0.138550
FIRE:   74 11:48:29     -470.033850        0.152196
FIRE:   75 11:48:37     -470.122949        0.166627
FIRE:   76 11:48:44     -470.214153        0.181994
FIRE:   77 11:48:51     -470.306479        0.197252
FIRE:   78 11:48:58     -470.399133        0.208718
FIRE:   79 11:49:05     -470.491762        0.210417
FIRE:   80 11:49:12     -470.583887        0.198788
FIRE:   81 11:49:20     -470.674619        0.203083
FIRE:   82 11:49:27     -470.763591        0.241262
FIRE:   83 11:49:34     -470.851790        0.279390
FIRE:   84 11:49:41     -470.940431        0.307533
FIRE:   85 11:49:48     -471.028646        0.309201
FIRE:   86 11:49:55     -471.112080        0.259836
FIRE:   87 11:50:02     -471.182248        0.232521
FIRE:   88 11:50:10     -471.234707        0.355687
FIRE:   89 11:50:17     -471.277028        0.455236
FIRE:   90 11:50:24     -471.322475        0.434309
FIRE:   91 11:50:31     -471.374202        0.344382
FIRE:   92 11:50:38     -471.419322        0.244760
FIRE:   93 11:50:45     -471.444647        0.247895
FIRE:   94 11:50:52     -471.546898        0.233501
FIRE:   95 11:51:00     -471.605786        0.107510
FIRE:   96 11:51:07     -471.632705        0.171051
FIRE:   97 11:51:14     -471.650670        0.108404
FIRE:   98 11:51:21     -471.666944        0.125109
FIRE:   99 11:51:28     -471.681802        0.166691
FIRE:  100 11:51:35     -471.700803        0.092649
FIRE:  101 11:51:43     -471.718207        0.114547
FIRE:  102 11:51:50     -471.742715        0.134824
FIRE:  103 11:51:57     -471.777190        0.098558
FIRE:  104 11:52:04     -471.815351        0.099490
FIRE:  105 11:52:11     -471.861704        0.083467
FIRE:  106 11:52:18     -471.911297        0.089556
FIRE:  107 11:52:25     -471.963615        0.082055
FIRE:  108 11:52:33     -472.016044        0.069153
FIRE:  109 11:52:40     -472.069056        0.075237
FIRE:  110 11:52:47     -472.123020        0.092614
FIRE:  111 11:52:54     -472.179914        0.089511
FIRE:  112 11:53:01     -472.239360        0.102770
FIRE:  113 11:53:08     -472.300641        0.115428
FIRE:  114 11:53:15     -472.363114        0.107698
FIRE:  115 11:53:23     -472.423251        0.090695
FIRE:  116 11:53:30     -472.479511        0.104148
FIRE:  117 11:53:37     -472.530396        0.128602
FIRE:  118 11:53:44     -472.582374        0.155120
FIRE:  119 11:53:51     -472.646024        0.175659
FIRE:  120 11:53:58     -472.723120        0.187078
FIRE:  121 11:54:06     -472.806643        0.187669
FIRE:  122 11:54:13     -472.892013        0.179379
FIRE:  123 11:54:20     -472.979267        0.161413
FIRE:  124 11:54:27     -473.067729        0.151738
FIRE:  125 11:54:34     -473.154456        0.162813
FIRE:  126 11:54:41     -473.234924        0.170153
FIRE:  127 11:54:48     -473.304364        0.169936
FIRE:  128 11:54:56     -473.362425        0.159811
FIRE:  129 11:55:03     -473.414482        0.162885
FIRE:  130 11:55:10     -473.465242        0.162139
FIRE:  131 11:55:17     -473.515821        0.134614
FIRE:  132 11:55:24     -473.565647        0.121580
FIRE:  133 11:55:31     -473.613964        0.126080
FIRE:  134 11:55:39     -473.660143        0.130545
FIRE:  135 11:55:46     -473.704496        0.135755
FIRE:  136 11:55:53     -473.749259        0.138216
FIRE:  137 11:56:00     -473.796960        0.134597
FIRE:  138 11:56:07     -473.848466        0.123588
FIRE:  139 11:56:14     -473.902212        0.105286
FIRE:  140 11:56:21     -473.954467        0.105217
FIRE:  141 11:56:29     -474.001559        0.103368
FIRE:  142 11:56:36     -474.041945        0.106688
FIRE:  143 11:56:43     -474.077102        0.131447
FIRE:  144 11:56:50     -474.110110        0.132600
FIRE:  145 11:56:57     -474.143072        0.109729
FIRE:  146 11:57:04     -474.175990        0.102660
FIRE:  147 11:57:11     -474.207812        0.102776
FIRE:  148 11:57:19     -474.237307        0.097234
FIRE:  149 11:57:26     -474.263438        0.088431
FIRE:  150 11:57:33     -474.284971        0.087578
FIRE:  151 11:57:40     -474.300183        0.097279
FIRE:  152 11:57:47     -474.307902        0.104198
FIRE:  153 11:57:54     -474.337190        0.057638
FIRE:  154 11:58:02     -474.357289        0.081937
FIRE:  155 11:58:09     -474.372317        0.057331
FIRE:  156 11:58:16     -474.375393        0.083209
FIRE:  157 11:58:23     -474.379364        0.044498
FIRE:  158 11:58:30     -474.381964        0.072537
FIRE:  159 11:58:37     -474.385383        0.062655
FIRE:  160 11:58:44     -474.388702        0.037705
FIRE:  161 11:58:52     -474.390138        0.056379
FIRE:  162 11:58:59     -474.392537        0.029144
FIRE:  163 11:59:06     -474.393713        0.041738
FIRE:  164 11:59:13     -474.393981        0.032179
FIRE:  165 11:59:20     -474.394385        0.017734
FIRE:  166 11:59:27     -474.394767        0.016372
FIRE:  167 11:59:34     -474.395098        0.021926
FIRE:  168 11:59:42     -474.395483        0.028355
FIRE:  169 11:59:49     -474.395984        0.024417
FIRE:  170 11:59:56     -474.396534        0.014382
FIRE:  171 12:00:03     -474.397099        0.014794
FIRE:  172 12:00:10     -474.397636        0.022013
FIRE:  173 12:00:17     -474.398312        0.023106
FIRE:  174 12:00:24     -474.399177        0.015696
FIRE:  175 12:00:32     -474.400083        0.015592
FIRE:  176 12:00:39     -474.401188        0.017465
FIRE:  177 12:00:46     -474.402588        0.014286
FIRE:  178 12:00:53     -474.404138        0.019347
FIRE:  179 12:01:00     -474.405992        0.013127
FIRE:  180 12:01:07     -474.407963        0.015767
FIRE:  181 12:01:14     -474.410098        0.017850
FIRE:  182 12:01:22     -474.412200        0.024808
FIRE:  183 12:01:29     -474.413972        0.045756
FIRE:  184 12:01:36     -474.414558        0.102022
FIRE:  185 12:01:43     -474.416024        0.009865
MACE calculation complete. Energy written to MACE_OUTCAR: -474.416024 eV
Job ended on: Wed  4 Jun 11:01:44 UTC 2025
