Si Bulk DFT energetics calculations using VASP
Running on host: comp132
Working directory: /lustre/home/ah1365/projects/127870/upgrade_report/case_studies/common/structures/interfaces/120_Si72Ge48_011_001_a0.0_b0.0_c0.0_interface6shift1swap6
Job started on: Thu  5 Jun 13:59:00 UTC 2025
cuequivariance or cuequivariance_torch is not available. Cuequivariance acceleration will be disabled.
Using Materials Project MACE for MACECalculator with /lustre/home/ah1365/.cache/mace/MACE_MPtrj_20229model
Using float64 for MACECalculator, which is slower but more accurate. Recommended for geometry optimization.
Using TorchDFTD3Calculator for D3 dispersion corrections
      Step     Time          Energy          fmax
FIRE:    0 14:59:20   188439.146943   135236.986382
FIRE:    1 14:59:30    49870.407317   247903.631529
FIRE:    2 14:59:40    11791.279207    16905.433044
FIRE:    3 14:59:50     1855.630091     7320.227463
FIRE:    4 15:00:00      284.034468     1046.653113
FIRE:    5 15:00:09        6.447308      259.099444
FIRE:    6 15:00:19     -106.981998      148.916973
FIRE:    7 15:00:29     -192.111474      128.582261
FIRE:    8 15:00:39     -260.135549      118.086330
FIRE:    9 15:00:48     -314.735566      105.110422
FIRE:   10 15:00:58     -359.112229       91.070918
FIRE:   11 15:01:08     -395.155838       77.022299
FIRE:   12 15:01:18     -425.570729       63.484057
FIRE:   13 15:01:28     -452.386086       50.021258
FIRE:   14 15:01:38     -475.474783       37.964475
FIRE:   15 15:01:47     -494.797383       28.712769
FIRE:   16 15:01:57     -510.763237       24.265928
FIRE:   17 15:02:07     -523.940740       20.099304
FIRE:   18 15:02:17     -534.967032       16.863205
FIRE:   19 15:02:27     -544.551125       14.279249
FIRE:   20 15:02:37     -552.834269       11.596102
FIRE:   21 15:02:47     -559.674590        8.748021
FIRE:   22 15:02:57     -565.088242        7.226230
FIRE:   23 15:03:07     -569.154758        5.613388
FIRE:   24 15:03:17     -571.948176        5.715137
FIRE:   25 15:03:27     -573.618982        5.894271
FIRE:   26 15:03:37     -574.359317        6.584176
FIRE:   27 15:03:47     -574.352388        7.324423
FIRE:   28 15:03:57     -580.046170        5.501303
FIRE:   29 15:04:07     -584.521574        4.734594
FIRE:   30 15:04:16     -588.192370        4.478804
FIRE:   31 15:04:26     -591.403891        4.333004
FIRE:   32 15:04:36     -594.392038        4.158621
FIRE:   33 15:04:46     -597.266800        4.109278
FIRE:   34 15:04:56     -600.035013        3.980094
FIRE:   35 15:05:06     -602.642243        3.611256
FIRE:   36 15:05:16     -604.997994        3.054601
FIRE:   37 15:05:26     -607.023773        2.413754
FIRE:   38 15:05:36     -608.692261        1.782393
FIRE:   39 15:05:45     -610.036904        1.886204
FIRE:   40 15:05:55     -611.127599        1.977107
FIRE:   41 15:06:05     -612.034925        1.763665
FIRE:   42 15:06:15     -612.810396        1.776560
FIRE:   43 15:06:25     -613.493387        1.625923
FIRE:   44 15:06:35     -614.131079        1.873161
FIRE:   45 15:06:45     -614.772435        1.834246
FIRE:   46 15:06:55     -615.424674        1.552102
FIRE:   47 15:07:04     -616.038521        1.156854
FIRE:   48 15:07:14     -616.550152        0.833804
FIRE:   49 15:07:24     -616.936168        0.781020
FIRE:   50 15:07:34     -617.228389        0.755925
FIRE:   51 15:07:44     -617.480592        0.975572
FIRE:   52 15:07:54     -617.733643        1.074276
FIRE:   53 15:08:04     -618.001433        1.052220
FIRE:   54 15:08:14     -618.272660        0.936158
FIRE:   55 15:08:24     -618.523730        0.754844
FIRE:   56 15:08:34     -618.735630        0.568848
FIRE:   57 15:08:44     -618.905985        0.621391
FIRE:   58 15:08:54     -619.049110        0.611544
FIRE:   59 15:09:03     -619.185012        0.691030
FIRE:   60 15:09:13     -619.325987        0.713765
FIRE:   61 15:09:23     -619.471118        0.660293
FIRE:   62 15:09:33     -619.611489        0.535346
FIRE:   63 15:09:43     -619.739346        0.481709
FIRE:   64 15:09:53     -619.853054        0.488808
FIRE:   65 15:10:03     -619.956536        0.489922
FIRE:   66 15:10:13     -620.055765        0.542682
FIRE:   67 15:10:23     -620.152989        0.568031
FIRE:   68 15:10:33     -620.241902        0.489758
FIRE:   69 15:10:43     -620.312761        0.439071
FIRE:   70 15:10:53     -620.364828        0.529031
FIRE:   71 15:11:03     -620.698592        0.307748
FIRE:   72 15:11:12     -620.857121        0.364299
FIRE:   73 15:11:22     -620.997619        0.231964
FIRE:   74 15:11:32     -621.090660        0.230005
FIRE:   75 15:11:42     -621.152350        0.369131
FIRE:   76 15:11:52     -621.230125        0.267833
FIRE:   77 15:12:02     -621.317719        0.185076
FIRE:   78 15:12:12     -621.398672        0.180277
FIRE:   79 15:12:22     -621.473448        0.159105
FIRE:   80 15:12:32     -621.544365        0.152534
FIRE:   81 15:12:41     -621.603639        0.132679
FIRE:   82 15:12:51     -621.653264        0.166474
FIRE:   83 15:13:01     -621.723190        0.138984
FIRE:   84 15:13:11     -621.798988        0.136230
FIRE:   85 15:13:21     -621.878000        0.130600
FIRE:   86 15:13:31     -621.962491        0.150824
FIRE:   87 15:13:41     -622.049601        0.139699
FIRE:   88 15:13:51     -622.147007        0.132739
FIRE:   89 15:14:01     -622.248480        0.171929
FIRE:   90 15:14:11     -622.351863        0.208250
FIRE:   91 15:14:20     -622.465176        0.294758
FIRE:   92 15:14:30     -622.598488        0.362376
FIRE:   93 15:14:40     -622.754610        0.399709
FIRE:   94 15:14:50     -622.928699        0.418223
FIRE:   95 15:15:00     -623.108945        0.407655
FIRE:   96 15:15:10     -623.276690        0.393137
FIRE:   97 15:15:20     -623.413446        0.402059
FIRE:   98 15:15:30     -623.514396        0.507494
FIRE:   99 15:15:40     -623.580416        0.543093
FIRE:  100 15:15:50     -623.593535        0.672234
FIRE:  101 15:16:00     -623.661347        0.733473
FIRE:  102 15:16:10     -623.726305        0.182965
FIRE:  103 15:16:20     -623.721833        0.652056
FIRE:  104 15:16:30     -623.741210        0.471751
FIRE:  105 15:16:39     -623.762466        0.193196
FIRE:  106 15:16:49     -623.770926        0.147473
FIRE:  107 15:16:59     -623.771829        0.139827
FIRE:  108 15:17:09     -623.773541        0.125470
FIRE:  109 15:17:19     -623.775895        0.106491
FIRE:  110 15:17:29     -623.778725        0.095593
FIRE:  111 15:17:39     -623.781872        0.092903
FIRE:  112 15:17:48     -623.785294        0.091217
FIRE:  113 15:17:58     -623.789021        0.090790
FIRE:  114 15:18:08     -623.793635        0.091743
FIRE:  115 15:18:18     -623.799453        0.094214
FIRE:  116 15:18:28     -623.806807        0.098292
FIRE:  117 15:18:38     -623.815872        0.104049
FIRE:  118 15:18:48     -623.826621        0.111121
FIRE:  119 15:18:58     -623.839134        0.117856
FIRE:  120 15:19:08     -623.853913        0.121180
FIRE:  121 15:19:17     -623.871688        0.118134
FIRE:  122 15:19:27     -623.892571        0.107334
FIRE:  123 15:19:37     -623.916330        0.092305
FIRE:  124 15:19:47     -623.943244        0.087578
FIRE:  125 15:19:57     -623.972430        0.086806
FIRE:  126 15:20:07     -624.002760        0.091457
FIRE:  127 15:20:17     -624.034491        0.086641
FIRE:  128 15:20:26     -624.066859        0.083863
FIRE:  129 15:20:36     -624.095362        0.080686
FIRE:  130 15:20:46     -624.115338        0.135077
FIRE:  131 15:20:56     -624.129321        0.118662
FIRE:  132 15:21:06     -624.140727        0.104211
FIRE:  133 15:21:16     -624.153021        0.080627
FIRE:  134 15:21:26     -624.168135        0.064111
FIRE:  135 15:21:36     -624.184032        0.075320
FIRE:  136 15:21:46     -624.198943        0.082408
FIRE:  137 15:21:56     -624.210971        0.136313
FIRE:  138 15:22:05     -624.217698        0.129361
FIRE:  139 15:22:15     -624.220827        0.073088
FIRE:  140 15:22:25     -624.223600        0.055737
FIRE:  141 15:22:35     -624.225094        0.084338
FIRE:  142 15:22:45     -624.228029        0.093983
FIRE:  143 15:22:55     -624.232706        0.052336
FIRE:  144 15:23:05     -624.236491        0.045417
FIRE:  145 15:23:15     -624.239283        0.075881
FIRE:  146 15:23:25     -624.243719        0.061024
FIRE:  147 15:23:35     -624.248961        0.049173
FIRE:  148 15:23:45     -624.253756        0.064775
FIRE:  149 15:23:55     -624.260798        0.044974
FIRE:  150 15:24:05     -624.267555        0.069374
FIRE:  151 15:24:14     -624.276360        0.039039
FIRE:  152 15:24:24     -624.284734        0.073598
FIRE:  153 15:24:34     -624.295651        0.060936
FIRE:  154 15:24:44     -624.307898        0.068235
FIRE:  155 15:24:54     -624.320608        0.107628
FIRE:  156 15:25:04     -624.328587        0.248610
FIRE:  157 15:25:14     -624.339973        0.046690
FIRE:  158 15:25:24     -624.334186        0.219498
FIRE:  159 15:25:34     -624.337750        0.169363
FIRE:  160 15:25:43     -624.341874        0.082859
FIRE:  161 15:25:53     -624.343308        0.058264
FIRE:  162 15:26:03     -624.343385        0.057273
FIRE:  163 15:26:13     -624.343535        0.055396
FIRE:  164 15:26:23     -624.343747        0.052847
FIRE:  165 15:26:33     -624.344007        0.049934
FIRE:  166 15:26:43     -624.344304        0.047030
FIRE:  167 15:26:53     -624.344632        0.044499
FIRE:  168 15:27:03     -624.344993        0.042596
FIRE:  169 15:27:13     -624.345446        0.041303
FIRE:  170 15:27:23     -624.346020        0.042887
FIRE:  171 15:27:33     -624.346750        0.043614
FIRE:  172 15:27:42     -624.347682        0.041435
FIRE:  173 15:27:52     -624.348840        0.043118
FIRE:  174 15:28:02     -624.350233        0.045910
FIRE:  175 15:28:12     -624.351912        0.048958
FIRE:  176 15:28:22     -624.353983        0.050368
FIRE:  177 15:28:32     -624.356545        0.048779
FIRE:  178 15:28:42     -624.359659        0.045285
FIRE:  179 15:28:52     -624.363419        0.042843
FIRE:  180 15:29:02     -624.368031        0.042886
FIRE:  181 15:29:12     -624.373623        0.045703
FIRE:  182 15:29:22     -624.380383        0.046237
FIRE:  183 15:29:32     -624.388518        0.039155
FIRE:  184 15:29:42     -624.398111        0.034447
FIRE:  185 15:29:52     -624.409101        0.035315
FIRE:  186 15:30:01     -624.420999        0.032539
FIRE:  187 15:30:11     -624.432815        0.036591
FIRE:  188 15:30:21     -624.443161        0.045025
FIRE:  189 15:30:31     -624.449860        0.116090
FIRE:  190 15:30:41     -624.444322        0.335376
FIRE:  191 15:30:51     -624.457443        0.055082
FIRE:  192 15:31:01     -624.449457        0.313823
FIRE:  193 15:31:11     -624.454089        0.227534
FIRE:  194 15:31:21     -624.459071        0.086956
FIRE:  195 15:31:30     -624.460073        0.076430
FIRE:  196 15:31:40     -624.460167        0.071993
FIRE:  197 15:31:50     -624.460344        0.063392
FIRE:  198 15:32:00     -624.460578        0.051183
FIRE:  199 15:32:10     -624.460834        0.039619
FIRE:  200 15:32:20     -624.461097        0.039061
FIRE:  201 15:32:30     -624.461350        0.038385
FIRE:  202 15:32:40     -624.461597        0.037580
FIRE:  203 15:32:50     -624.461884        0.036528
FIRE:  204 15:33:00     -624.462248        0.035900
FIRE:  205 15:33:10     -624.462735        0.036717
FIRE:  206 15:33:19     -624.463363        0.031285
FIRE:  207 15:33:29     -624.464104        0.028704
FIRE:  208 15:33:39     -624.464919        0.025769
FIRE:  209 15:33:49     -624.465798        0.027621
FIRE:  210 15:33:59     -624.466832        0.032653
FIRE:  211 15:34:09     -624.468072        0.020137
FIRE:  212 15:34:19     -624.469401        0.021612
FIRE:  213 15:34:29     -624.470839        0.026695
FIRE:  214 15:34:39     -624.472543        0.025398
FIRE:  215 15:34:49     -624.474435        0.027567
FIRE:  216 15:34:59     -624.476676        0.030372
FIRE:  217 15:35:09     -624.479423        0.034181
FIRE:  218 15:35:19     -624.482943        0.038908
FIRE:  219 15:35:28     -624.487616        0.044406
FIRE:  220 15:35:38     -624.494239        0.051884
FIRE:  221 15:35:48     -624.503823        0.059929
FIRE:  222 15:35:58     -624.517424        0.056579
FIRE:  223 15:36:08     -624.531660        0.080484
FIRE:  224 15:36:18     -624.530496        0.241092
FIRE:  225 15:36:28     -624.539073        0.118699
FIRE:  226 15:36:38     -624.537889        0.235129
FIRE:  227 15:36:48     -624.540274        0.171087
FIRE:  228 15:36:57     -624.542882        0.063337
FIRE:  229 15:37:07     -624.543585        0.057239
FIRE:  230 15:37:17     -624.543654        0.053613
FIRE:  231 15:37:27     -624.543788        0.046613
FIRE:  232 15:37:37     -624.543964        0.044997
FIRE:  233 15:37:47     -624.544170        0.043913
FIRE:  234 15:37:57     -624.544390        0.042567
FIRE:  235 15:38:07     -624.544614        0.040971
FIRE:  236 15:38:17     -624.544841        0.039149
FIRE:  237 15:38:26     -624.545107        0.036916
FIRE:  238 15:38:36     -624.545432        0.034250
FIRE:  239 15:38:46     -624.545838        0.031144
FIRE:  240 15:38:56     -624.546330        0.027616
FIRE:  241 15:39:06     -624.546901        0.023732
FIRE:  242 15:39:16     -624.547500        0.022715
FIRE:  243 15:39:26     -624.548137        0.021792
FIRE:  244 15:39:36     -624.548880        0.022303
FIRE:  245 15:39:46     -624.549752        0.020254
FIRE:  246 15:39:56     -624.550706        0.021030
FIRE:  247 15:40:06     -624.551807        0.021595
FIRE:  248 15:40:16     -624.553173        0.021202
FIRE:  249 15:40:25     -624.554740        0.020865
FIRE:  250 15:40:35     -624.556638        0.020591
FIRE:  251 15:40:45     -624.558814        0.021307
FIRE:  252 15:40:55     -624.561305        0.019569
FIRE:  253 15:41:05     -624.564108        0.023527
FIRE:  254 15:41:15     -624.567416        0.025822
FIRE:  255 15:41:25     -624.571444        0.028934
FIRE:  256 15:41:35     -624.576246        0.041239
FIRE:  257 15:41:45     -624.581088        0.110828
FIRE:  258 15:41:54     -624.580752        0.314437
FIRE:  259 15:42:04     -624.587730        0.037856
FIRE:  260 15:42:14     -624.587821        0.028885
FIRE:  261 15:42:24     -624.587971        0.026094
FIRE:  262 15:42:34     -624.588149        0.026206
FIRE:  263 15:42:44     -624.588353        0.026278
FIRE:  264 15:42:54     -624.588611        0.026254
FIRE:  265 15:43:04     -624.588927        0.026137
FIRE:  266 15:43:14     -624.589278        0.025981
FIRE:  267 15:43:24     -624.589683        0.025819
FIRE:  268 15:43:34     -624.590166        0.025675
FIRE:  269 15:43:43     -624.590776        0.025597
FIRE:  270 15:43:53     -624.591503        0.025598
FIRE:  271 15:44:03     -624.592360        0.025340
FIRE:  272 15:44:13     -624.593407        0.024612
FIRE:  273 15:44:23     -624.594633        0.023536
FIRE:  274 15:44:33     -624.596091        0.022041
FIRE:  275 15:44:43     -624.597735        0.021114
FIRE:  276 15:44:53     -624.599571        0.020685
FIRE:  277 15:45:03     -624.601591        0.020025
FIRE:  278 15:45:13     -624.603731        0.030095
FIRE:  279 15:45:23     -624.605612        0.070603
FIRE:  280 15:45:32     -624.605659        0.179894
FIRE:  281 15:45:42     -624.608155        0.016957
FIRE:  282 15:45:52     -624.606327        0.163536
FIRE:  283 15:46:02     -624.607195        0.122708
FIRE:  284 15:46:12     -624.608139        0.051852
FIRE:  285 15:46:22     -624.608329        0.030732
FIRE:  286 15:46:32     -624.608340        0.028930
FIRE:  287 15:46:42     -624.608361        0.025438
FIRE:  288 15:46:52     -624.608386        0.020483
FIRE:  289 15:47:02     -624.608416        0.016883
FIRE:  290 15:47:11     -624.608442        0.016767
FIRE:  291 15:47:21     -624.608465        0.016652
FIRE:  292 15:47:31     -624.608487        0.016547
FIRE:  293 15:47:41     -624.608511        0.016446
FIRE:  294 15:47:51     -624.608540        0.016355
FIRE:  295 15:48:01     -624.608584        0.016278
FIRE:  296 15:48:11     -624.608642        0.016219
FIRE:  297 15:48:21     -624.608718        0.016185
FIRE:  298 15:48:31     -624.608803        0.016174
FIRE:  299 15:48:41     -624.608899        0.016156
FIRE:  300 15:48:50     -624.609016        0.016077
FIRE:  301 15:49:00     -624.609171        0.015900
FIRE:  302 15:49:10     -624.609359        0.015659
FIRE:  303 15:49:20     -624.609566        0.015470
FIRE:  304 15:49:30     -624.609826        0.015429
FIRE:  305 15:49:40     -624.610142        0.015566
FIRE:  306 15:49:50     -624.610504        0.015644
FIRE:  307 15:50:00     -624.610953        0.015379
FIRE:  308 15:50:10     -624.611475        0.015181
FIRE:  309 15:50:19     -624.612100        0.015490
FIRE:  310 15:50:29     -624.612851        0.015441
FIRE:  311 15:50:39     -624.613723        0.014906
FIRE:  312 15:50:49     -624.614714        0.025352
FIRE:  313 15:50:59     -624.615648        0.057756
FIRE:  314 15:51:09     -624.615767        0.135649
FIRE:  315 15:51:19     -624.617162        0.012945
FIRE:  316 15:51:28     -624.616133        0.124331
FIRE:  317 15:51:38     -624.616634        0.092688
FIRE:  318 15:51:48     -624.617169        0.037885
FIRE:  319 15:51:58     -624.617249        0.025651
FIRE:  320 15:52:08     -624.617257        0.024056
FIRE:  321 15:52:18     -624.617271        0.020969
FIRE:  322 15:52:28     -624.617289        0.016600
FIRE:  323 15:52:38     -624.617307        0.013091
FIRE:  324 15:52:48     -624.617324        0.012928
FIRE:  325 15:52:57     -624.617339        0.012770
FIRE:  326 15:53:07     -624.617351        0.012633
FIRE:  327 15:53:17     -624.617367        0.012520
FIRE:  328 15:53:27     -624.617385        0.013476
FIRE:  329 15:53:37     -624.617412        0.013951
FIRE:  330 15:53:47     -624.617449        0.012477
FIRE:  331 15:53:57     -624.617494        0.012587
FIRE:  332 15:54:07     -624.617548        0.012740
FIRE:  333 15:54:17     -624.617607        0.012867
FIRE:  334 15:54:26     -624.617679        0.012880
FIRE:  335 15:54:36     -624.617776        0.012728
FIRE:  336 15:54:46     -624.617890        0.012452
FIRE:  337 15:54:56     -624.618023        0.012224
FIRE:  338 15:55:06     -624.618189        0.012211
FIRE:  339 15:55:16     -624.618387        0.012396
FIRE:  340 15:55:26     -624.618617        0.012368
FIRE:  341 15:55:36     -624.618901        0.011789
FIRE:  342 15:55:46     -624.619232        0.011191
FIRE:  343 15:55:56     -624.619631        0.011127
FIRE:  344 15:56:05     -624.620085        0.010357
FIRE:  345 15:56:15     -624.620604        0.009384
MACE calculation complete. Energy written to MACE_OUTCAR: -624.620604 eV
Job ended on: Thu  5 Jun 14:56:16 UTC 2025
