Si Bulk DFT energetics calculations using VASP
Running on host: comp060
Working directory: /lustre/home/ah1365/projects/127870/upgrade_report/case_studies/common/structures/interfaces/264_Sn108Si156_001_001_a0.07732_b0.082474_c2.1_interface1shift6swap7
Job started on: Thu 12 Jun 08:36:58 UTC 2025
cuequivariance or cuequivariance_torch is not available. Cuequivariance acceleration will be disabled.
Using Materials Project MACE for MACECalculator with /lustre/home/ah1365/.cache/mace/MACE_MPtrj_20229model
Using float64 for MACECalculator, which is slower but more accurate. Recommended for geometry optimization.
Using TorchDFTD3Calculator for D3 dispersion corrections
      Step     Time          Energy          fmax
FIRE:    0 09:37:38    -1237.541674        6.495373
FIRE:    1 09:37:59    -1243.806988        5.450292
FIRE:    2 09:38:18    -1249.323921        4.585194
FIRE:    3 09:38:38    -1254.184362        3.864671
FIRE:    4 09:38:58    -1258.465595        3.264623
FIRE:    5 09:39:18    -1262.232605        2.758334
FIRE:    6 09:39:37    -1265.541113        2.321807
FIRE:    7 09:39:57    -1268.441620        2.034700
FIRE:    8 09:40:17    -1270.985471        1.860961
FIRE:    9 09:40:36    -1273.224389        1.698310
FIRE:   10 09:40:56    -1275.210131        1.547041
FIRE:   11 09:41:16    -1276.991625        1.404233
FIRE:   12 09:41:36    -1278.611951        1.265118
FIRE:   13 09:41:55    -1280.105170        1.124902
FIRE:   14 09:42:15    -1281.495747        1.085475
FIRE:   15 09:42:35    -1282.798863        1.027803
FIRE:   16 09:42:54    -1284.023458        0.973724
FIRE:   17 09:43:14    -1285.175402        0.939543
FIRE:   18 09:43:34    -1286.260732        0.909133
FIRE:   19 09:43:54    -1287.287018        0.879579
FIRE:   20 09:44:13    -1288.262827        0.845221
FIRE:   21 09:44:33    -1289.196122        0.801443
FIRE:   22 09:44:53    -1290.092368        0.745437
FIRE:   23 09:45:13    -1290.954188        0.677409
FIRE:   24 09:45:32    -1291.781708        0.647691
FIRE:   25 09:45:52    -1292.573467        0.653519
FIRE:   26 09:46:12    -1293.327217        0.660220
FIRE:   27 09:46:32    -1294.040198        0.665194
FIRE:   28 09:46:52    -1294.709205        0.664582
FIRE:   29 09:47:12    -1295.331356        0.653686
FIRE:   30 09:47:31    -1295.905377        0.627964
FIRE:   31 09:47:51    -1296.432659        0.584440
FIRE:   32 09:48:11    -1296.916580        0.607651
FIRE:   33 09:48:31    -1297.363176        0.667072
FIRE:   34 09:48:50    -1297.779602        0.732487
FIRE:   35 09:49:10    -1298.172141        0.803407
FIRE:   36 09:49:30    -1298.545266        0.875084
FIRE:   37 09:49:50    -1298.901482        0.930458
FIRE:   38 09:50:09    -1299.240403        0.937006
FIRE:   39 09:50:29    -1299.556971        0.892190
FIRE:   40 09:50:49    -1299.839358        0.836738
FIRE:   41 09:51:09    -1300.071005        0.663745
FIRE:   42 09:51:28    -1300.247523        0.489766
FIRE:   43 09:51:48    -1300.379001        0.557131
FIRE:   44 09:52:08    -1300.474529        0.564686
FIRE:   45 09:52:28    -1300.523587        0.956813
FIRE:   46 09:52:47    -1300.946281        0.334008
FIRE:   47 09:53:07    -1301.180448        0.271097
FIRE:   48 09:53:27    -1301.326887        0.473297
FIRE:   49 09:53:47    -1301.454309        0.494245
FIRE:   50 09:54:06    -1301.584802        0.374622
FIRE:   51 09:54:26    -1301.715921        0.186479
FIRE:   52 09:54:46    -1301.842545        0.192087
FIRE:   53 09:55:06    -1301.966380        0.261040
FIRE:   54 09:55:25    -1302.092087        0.296263
FIRE:   55 09:55:45    -1302.217326        0.302909
FIRE:   56 09:56:05    -1302.335533        0.334195
FIRE:   57 09:56:25    -1302.450550        0.332848
FIRE:   58 09:56:45    -1302.571348        0.284975
FIRE:   59 09:57:04    -1302.691694        0.298716
FIRE:   60 09:57:24    -1302.797891        0.302019
FIRE:   61 09:57:44    -1302.902032        0.315905
FIRE:   62 09:58:04    -1303.014233        0.327035
FIRE:   63 09:58:23    -1303.129444        0.313751
FIRE:   64 09:58:43    -1303.231168        0.302269
FIRE:   65 09:59:03    -1303.308233        0.268366
FIRE:   66 09:59:23    -1303.373881        0.329335
FIRE:   67 09:59:43    -1303.444981        0.340023
FIRE:   68 10:00:02    -1303.523009        0.294219
FIRE:   69 10:00:22    -1303.602439        0.216081
FIRE:   70 10:00:42    -1303.677253        0.182443
FIRE:   71 10:01:02    -1303.743177        0.157161
FIRE:   72 10:01:22    -1303.797923        0.172003
FIRE:   73 10:01:41    -1303.842276        0.200814
FIRE:   74 10:02:01    -1303.881085        0.270931
FIRE:   75 10:02:21    -1303.919049        0.254975
FIRE:   76 10:02:41    -1303.956342        0.208526
FIRE:   77 10:03:00    -1303.990940        0.257581
FIRE:   78 10:03:20    -1304.022361        0.206456
FIRE:   79 10:03:40    -1304.050447        0.187638
FIRE:   80 10:04:00    -1304.077465        0.175081
FIRE:   81 10:04:19    -1304.106516        0.167086
FIRE:   82 10:04:39    -1304.136011        0.145896
FIRE:   83 10:04:59    -1304.164280        0.157829
FIRE:   84 10:05:19    -1304.193553        0.191327
FIRE:   85 10:05:38    -1304.222687        0.162915
FIRE:   86 10:05:58    -1304.244980        0.135468
FIRE:   87 10:06:18    -1304.258794        0.153578
FIRE:   88 10:06:38    -1304.304882        0.325655
FIRE:   89 10:06:58    -1304.326662        0.202422
FIRE:   90 10:07:17    -1304.337280        0.242518
FIRE:   91 10:07:37    -1304.341870        0.234553
FIRE:   92 10:07:57    -1304.349077        0.242290
FIRE:   93 10:08:17    -1304.356623        0.254244
FIRE:   94 10:08:36    -1304.364171        0.270474
FIRE:   95 10:08:56    -1304.373829        0.290014
FIRE:   96 10:09:16    -1304.387782        0.310745
FIRE:   97 10:09:36    -1304.406104        0.329122
FIRE:   98 10:09:56    -1304.429456        0.340671
FIRE:   99 10:10:15    -1304.457233        0.336946
FIRE:  100 10:10:35    -1304.491293        0.326259
FIRE:  101 10:10:55    -1304.535514        0.345755
FIRE:  102 10:11:15    -1304.592798        0.359804
FIRE:  103 10:11:35    -1304.653821        0.183829
FIRE:  104 10:11:55    -1304.657010        0.655201
FIRE:  105 10:12:14    -1304.667652        0.558363
FIRE:  106 10:12:34    -1304.683087        0.394253
FIRE:  107 10:12:54    -1304.696027        0.213042
FIRE:  108 10:13:14    -1304.702668        0.098934
FIRE:  109 10:13:34    -1304.704491        0.186587
FIRE:  110 10:13:53    -1304.704875        0.183076
FIRE:  111 10:14:13    -1304.705614        0.176109
FIRE:  112 10:14:33    -1304.706657        0.165811
FIRE:  113 10:14:53    -1304.707936        0.152397
FIRE:  114 10:15:13    -1304.709359        0.136203
FIRE:  115 10:15:33    -1304.710863        0.117746
FIRE:  116 10:15:52    -1304.712393        0.097789
FIRE:  117 10:16:12    -1304.714060        0.075301
FIRE:  118 10:16:32    -1304.715872        0.052363
FIRE:  119 10:16:52    -1304.717877        0.069671
FIRE:  120 10:17:12    -1304.720193        0.091032
FIRE:  121 10:17:31    -1304.722961        0.103764
FIRE:  122 10:17:51    -1304.726343        0.104486
FIRE:  123 10:18:11    -1304.730385        0.091822
FIRE:  124 10:18:31    -1304.734942        0.067754
FIRE:  125 10:18:51    -1304.739848        0.039110
FIRE:  126 10:19:11    -1304.745018        0.054928
FIRE:  127 10:19:30    -1304.750656        0.060259
FIRE:  128 10:19:50    -1304.757048        0.045757
FIRE:  129 10:20:10    -1304.764051        0.031105
FIRE:  130 10:20:30    -1304.771129        0.042206
FIRE:  131 10:20:50    -1304.778372        0.049626
FIRE:  132 10:21:10    -1304.785601        0.032960
FIRE:  133 10:21:29    -1304.792125        0.044581
FIRE:  134 10:21:49    -1304.798392        0.035844
FIRE:  135 10:22:09    -1304.803762        0.035857
FIRE:  136 10:22:29    -1304.808681        0.048132
FIRE:  137 10:22:49    -1304.816125        0.080178
FIRE:  138 10:23:09    -1304.831313        0.077360
FIRE:  139 10:23:28    -1304.842844        0.146006
FIRE:  140 10:23:48    -1304.849594        0.087631
FIRE:  141 10:24:08    -1304.853615        0.065792
FIRE:  142 10:24:28    -1304.858662        0.088852
FIRE:  143 10:24:48    -1304.863891        0.106965
FIRE:  144 10:25:07    -1304.870350        0.105185
FIRE:  145 10:25:27    -1304.878720        0.088424
FIRE:  146 10:25:47    -1304.885820        0.074537
FIRE:  147 10:26:07    -1304.893373        0.081779
FIRE:  148 10:26:27    -1304.900636        0.082013
FIRE:  149 10:26:47    -1304.908643        0.070332
FIRE:  150 10:27:06    -1304.914640        0.076020
FIRE:  151 10:27:26    -1304.916314        0.071499
FIRE:  152 10:27:46    -1304.918209        0.064437
FIRE:  153 10:28:06    -1304.919889        0.058515
FIRE:  154 10:28:26    -1304.921971        0.056760
FIRE:  155 10:28:46    -1304.924136        0.058000
FIRE:  156 10:29:06    -1304.926070        0.058425
FIRE:  157 10:29:25    -1304.928347        0.056202
FIRE:  158 10:29:45    -1304.931180        0.051131
FIRE:  159 10:30:05    -1304.934019        0.044314
FIRE:  160 10:30:25    -1304.937049        0.036540
FIRE:  161 10:30:45    -1304.940003        0.031627
FIRE:  162 10:31:04    -1304.942698        0.038608
FIRE:  163 10:31:24    -1304.944603        0.032715
FIRE:  164 10:31:44    -1304.945387        0.027445
FIRE:  165 10:32:04    -1304.945628        0.024203
FIRE:  166 10:32:24    -1304.945895        0.018643
FIRE:  167 10:32:44    -1304.946117        0.015449
FIRE:  168 10:33:04    -1304.946359        0.013976
FIRE:  169 10:33:23    -1304.946581        0.012759
FIRE:  170 10:33:43    -1304.946741        0.017293
FIRE:  171 10:34:03    -1304.946943        0.014484
FIRE:  172 10:34:23    -1304.947189        0.009953
MACE calculation complete. Energy written to MACE_OUTCAR: -1304.947189 eV
Job ended on: Thu 12 Jun 09:34:24 UTC 2025
