Si Bulk DFT energetics calculations using VASP
Running on host: comp167
Working directory: /lustre/home/ah1365/projects/127870/upgrade_report/case_studies/common/structures/interfaces/96_Ge48Sn48_013_112_a0.625_b0.735955_c1.385736_interface13shift8
Job started on: Tue  3 Jun 23:10:10 UTC 2025
cuequivariance or cuequivariance_torch is not available. Cuequivariance acceleration will be disabled.
Using Materials Project MACE for MACECalculator with /lustre/home/ah1365/.cache/mace/MACE_MPtrj_20229model
Using float64 for MACECalculator, which is slower but more accurate. Recommended for geometry optimization.
Using TorchDFTD3Calculator for D3 dispersion corrections
      Step     Time          Energy          fmax
FIRE:    0 00:10:24     -356.326963       62.709647
FIRE:    1 00:10:31     -379.365419       35.899849
FIRE:    2 00:10:38     -393.880976       21.026702
FIRE:    3 00:10:45     -403.076040       12.929762
FIRE:    4 00:10:52     -408.177408        7.326786
FIRE:    5 00:10:58     -410.491276        4.372045
FIRE:    6 00:11:05     -411.080246        5.188850
FIRE:    7 00:11:12     -411.647394        4.626265
FIRE:    8 00:11:19     -412.576702        3.678443
FIRE:    9 00:11:26     -413.582711        2.558749
FIRE:   10 00:11:32     -414.453919        1.794310
FIRE:   11 00:11:39     -415.158098        2.436154
FIRE:   12 00:11:46     -415.795219        2.826115
FIRE:   13 00:11:53     -416.441122        2.596007
FIRE:   14 00:12:00     -417.149817        1.897327
FIRE:   15 00:12:07     -417.848040        1.048276
FIRE:   16 00:12:13     -418.429122        0.863730
FIRE:   17 00:12:20     -418.928870        0.800848
FIRE:   18 00:12:27     -419.386839        0.715998
FIRE:   19 00:12:34     -419.814447        0.616420
FIRE:   20 00:12:41     -420.210179        0.548934
FIRE:   21 00:12:48     -420.573424        0.583816
FIRE:   22 00:12:55     -420.908685        0.623171
FIRE:   23 00:13:01     -421.224960        0.658874
FIRE:   24 00:13:08     -421.531996        0.689782
FIRE:   25 00:13:15     -421.837647        0.714073
FIRE:   26 00:13:22     -422.146403        0.724231
FIRE:   27 00:13:29     -422.460161        0.709727
FIRE:   28 00:13:36     -422.780593        0.666047
FIRE:   29 00:13:43     -423.109514        0.577365
FIRE:   30 00:13:50     -423.441593        0.528900
FIRE:   31 00:13:57     -423.773636        0.536513
FIRE:   32 00:14:03     -424.113283        0.565755
FIRE:   33 00:14:10     -424.450110        0.583975
FIRE:   34 00:14:17     -424.770802        0.587370
FIRE:   35 00:14:24     -425.074019        0.585162
FIRE:   36 00:14:31     -425.365653        0.805025
FIRE:   37 00:14:38     -425.663308        0.911607
FIRE:   38 00:14:45     -425.973819        0.821093
FIRE:   39 00:14:52     -426.263331        0.569553
FIRE:   40 00:14:59     -426.486527        0.441119
FIRE:   41 00:15:05     -426.633195        0.410657
FIRE:   42 00:15:12     -426.727415        0.497853
FIRE:   43 00:15:19     -426.812843        0.633887
FIRE:   44 00:15:26     -426.933226        0.599647
FIRE:   45 00:15:33     -427.081717        0.453122
FIRE:   46 00:15:40     -427.214268        0.324708
FIRE:   47 00:15:47     -427.312277        0.402523
FIRE:   48 00:15:54     -427.388800        0.398205
FIRE:   49 00:16:01     -427.461861        0.317759
FIRE:   50 00:16:08     -427.541166        0.318073
FIRE:   51 00:16:14     -427.629063        0.281312
FIRE:   52 00:16:21     -427.722919        0.238599
FIRE:   53 00:16:28     -427.817998        0.267108
FIRE:   54 00:16:35     -427.911861        0.287335
FIRE:   55 00:16:42     -428.005330        0.289815
FIRE:   56 00:16:49     -428.100461        0.267567
FIRE:   57 00:16:56     -428.199512        0.256236
FIRE:   58 00:17:03     -428.305115        0.272786
FIRE:   59 00:17:10     -428.416242        0.246254
FIRE:   60 00:17:17     -428.521635        0.263679
FIRE:   61 00:17:24     -428.600939        0.276867
FIRE:   62 00:17:31     -428.637903        0.384014
FIRE:   63 00:17:37     -428.783206        0.161292
FIRE:   64 00:17:44     -428.849147        0.236817
FIRE:   65 00:17:51     -428.931656        0.235003
FIRE:   66 00:17:58     -429.011893        0.135961
FIRE:   67 00:18:05     -429.072981        0.137835
FIRE:   68 00:18:12     -429.120895        0.198891
FIRE:   69 00:18:19     -429.169605        0.147623
FIRE:   70 00:18:26     -429.217061        0.116249
FIRE:   71 00:18:33     -429.261674        0.133613
FIRE:   72 00:18:40     -429.304112        0.128860
FIRE:   73 00:18:47     -429.342814        0.103617
FIRE:   74 00:18:54     -429.381893        0.089393
FIRE:   75 00:19:01     -429.419198        0.095320
FIRE:   76 00:19:07     -429.453605        0.063011
FIRE:   77 00:19:14     -429.485210        0.076414
FIRE:   78 00:19:21     -429.512922        0.096871
FIRE:   79 00:19:28     -429.540330        0.064675
FIRE:   80 00:19:35     -429.566440        0.073513
FIRE:   81 00:19:42     -429.590361        0.066360
FIRE:   82 00:19:49     -429.613358        0.051476
FIRE:   83 00:19:56     -429.636076        0.062192
FIRE:   84 00:20:03     -429.656992        0.053600
FIRE:   85 00:20:10     -429.676239        0.050021
FIRE:   86 00:20:17     -429.692332        0.050795
FIRE:   87 00:20:24     -429.705788        0.063285
FIRE:   88 00:20:31     -429.722038        0.075625
FIRE:   89 00:20:38     -429.744321        0.062426
FIRE:   90 00:20:45     -429.770258        0.074018
FIRE:   91 00:20:52     -429.795750        0.065334
FIRE:   92 00:20:59     -429.817584        0.063512
FIRE:   93 00:21:06     -429.833681        0.074099
FIRE:   94 00:21:13     -429.846368        0.097209
FIRE:   95 00:21:20     -429.859478        0.109844
FIRE:   96 00:21:26     -429.875542        0.091495
FIRE:   97 00:21:33     -429.893382        0.089616
FIRE:   98 00:21:40     -429.910214        0.101247
FIRE:   99 00:21:47     -429.927053        0.096546
FIRE:  100 00:21:54     -429.944458        0.078902
FIRE:  101 00:22:01     -429.957791        0.057517
FIRE:  102 00:22:08     -429.966529        0.091336
FIRE:  103 00:22:15     -429.977361        0.077345
FIRE:  104 00:22:22     -429.993863        0.062389
FIRE:  105 00:22:29     -430.012281        0.058036
FIRE:  106 00:22:36     -430.029984        0.074750
FIRE:  107 00:22:43     -430.045892        0.072711
FIRE:  108 00:22:50     -430.059596        0.056413
FIRE:  109 00:22:57     -430.072495        0.061816
FIRE:  110 00:23:04     -430.081335        0.052688
FIRE:  111 00:23:11     -430.094661        0.033984
FIRE:  112 00:23:18     -430.104565        0.045158
FIRE:  113 00:23:25     -430.111063        0.030208
FIRE:  114 00:23:32     -430.112363        0.022817
FIRE:  115 00:23:39     -430.114004        0.018585
FIRE:  116 00:23:46     -430.115301        0.016667
FIRE:  117 00:23:53     -430.116306        0.014866
FIRE:  118 00:24:00     -430.117124        0.016396
FIRE:  119 00:24:07     -430.117865        0.018189
FIRE:  120 00:24:14     -430.118808        0.017032
FIRE:  121 00:24:21     -430.120052        0.013810
FIRE:  122 00:24:28     -430.121226        0.015882
FIRE:  123 00:24:35     -430.122354        0.015975
FIRE:  124 00:24:42     -430.123388        0.010510
FIRE:  125 00:24:49     -430.124155        0.010774
FIRE:  126 00:24:56     -430.124650        0.012651
FIRE:  127 00:25:03     -430.124799        0.010583
FIRE:  128 00:25:10     -430.124997        0.008777
MACE calculation complete. Energy written to MACE_OUTCAR: -430.124997 eV
Job ended on: Tue  3 Jun 23:25:10 UTC 2025
