Si Bulk DFT energetics calculations using VASP
Running on host: comp058
Working directory: /lustre/home/ah1365/projects/127870/upgrade_report/case_studies/common/structures/interfaces/144_Si72Sn72_001_011_a0.12963_b0.814815_c2.3_interface5shift3
Job started on: Tue 10 Jun 00:05:53 UTC 2025
cuequivariance or cuequivariance_torch is not available. Cuequivariance acceleration will be disabled.
Using Materials Project MACE for MACECalculator with /lustre/home/ah1365/.cache/mace/MACE_MPtrj_20229model
Using float64 for MACECalculator, which is slower but more accurate. Recommended for geometry optimization.
Using TorchDFTD3Calculator for D3 dispersion corrections
      Step     Time          Energy          fmax
FIRE:    0 01:06:10     -691.008896        1.419916
FIRE:    1 01:06:21     -691.466431        1.269905
FIRE:    2 01:06:32     -692.195625        1.027437
FIRE:    3 01:06:42     -692.949840        0.813738
FIRE:    4 01:06:53     -693.525793        0.755686
FIRE:    5 01:07:03     -693.914538        0.705644
FIRE:    6 01:07:14     -694.196454        0.660597
FIRE:    7 01:07:24     -694.437377        0.651439
FIRE:    8 01:07:35     -694.688523        0.634154
FIRE:    9 01:07:45     -694.975528        0.667389
FIRE:   10 01:07:56     -695.298123        0.692853
FIRE:   11 01:08:06     -695.638862        0.682644
FIRE:   12 01:08:17     -695.975778        0.622190
FIRE:   13 01:08:27     -696.293669        0.517004
FIRE:   14 01:08:38     -696.588381        0.392787
FIRE:   15 01:08:48     -696.863448        0.375789
FIRE:   16 01:08:59     -697.123940        0.403838
FIRE:   17 01:09:09     -697.374905        0.386736
FIRE:   18 01:09:20     -697.622383        0.410585
FIRE:   19 01:09:30     -697.874507        0.517950
FIRE:   20 01:09:41     -698.143309        0.663611
FIRE:   21 01:09:52     -698.447201        0.850088
FIRE:   22 01:10:02     -698.810498        1.064513
FIRE:   23 01:10:13     -699.252749        1.231070
FIRE:   24 01:10:23     -699.761822        1.254424
FIRE:   25 01:10:34     -700.282949        1.097132
FIRE:   26 01:10:44     -700.788875        1.110436
FIRE:   27 01:10:55     -701.265411        0.963443
FIRE:   28 01:11:05     -701.651332        0.825340
FIRE:   29 01:11:16     -701.940874        0.781541
FIRE:   30 01:11:27     -702.095699        1.128275
FIRE:   31 01:11:37     -702.108550        1.264323
FIRE:   32 01:11:48     -702.421852        0.251823
FIRE:   33 01:11:58     -702.450396        0.615130
FIRE:   34 01:12:09     -702.564380        0.336497
FIRE:   35 01:12:19     -702.643996        0.322227
FIRE:   36 01:12:30     -702.702950        0.603464
FIRE:   37 01:12:40     -702.853117        0.345624
FIRE:   38 01:12:51     -702.969527        0.172436
FIRE:   39 01:13:02     -703.036091        0.303224
FIRE:   40 01:13:12     -703.118524        0.289397
FIRE:   41 01:13:23     -703.207128        0.185981
FIRE:   42 01:13:33     -703.270426        0.203413
FIRE:   43 01:13:44     -703.338108        0.239775
FIRE:   44 01:13:54     -703.423720        0.205799
FIRE:   45 01:14:05     -703.500019        0.189894
FIRE:   46 01:14:15     -703.573123        0.181425
FIRE:   47 01:14:26     -703.645397        0.254164
FIRE:   48 01:14:36     -703.713227        0.282789
FIRE:   49 01:14:47     -703.781046        0.220142
FIRE:   50 01:14:57     -703.839272        0.187834
FIRE:   51 01:15:08     -703.882402        0.239934
FIRE:   52 01:15:19     -703.924182        0.188173
FIRE:   53 01:15:29     -703.961147        0.122516
FIRE:   54 01:15:40     -703.987837        0.161633
FIRE:   55 01:15:50     -704.012868        0.108414
FIRE:   56 01:16:01     -704.029844        0.085772
FIRE:   57 01:16:11     -704.047017        0.098934
FIRE:   58 01:16:22     -704.068723        0.106747
FIRE:   59 01:16:33     -704.094640        0.142680
FIRE:   60 01:16:43     -704.139617        0.206885
FIRE:   61 01:16:54     -704.207501        0.283587
FIRE:   62 01:17:04     -704.291487        0.272666
FIRE:   63 01:17:15     -704.370430        0.283021
FIRE:   64 01:17:25     -704.433682        0.401675
FIRE:   65 01:17:36     -704.490042        0.395335
FIRE:   66 01:17:46     -704.545225        0.295662
FIRE:   67 01:17:57     -704.598943        0.287571
FIRE:   68 01:18:08     -704.652179        0.247389
FIRE:   69 01:18:18     -704.700985        0.191445
FIRE:   70 01:18:29     -704.739358        0.201763
FIRE:   71 01:18:39     -704.773319        0.282484
FIRE:   72 01:18:50     -704.810628        0.195078
FIRE:   73 01:19:00     -704.849043        0.146823
FIRE:   74 01:19:11     -704.888640        0.177405
FIRE:   75 01:19:22     -704.935384        0.193477
FIRE:   76 01:19:32     -704.990687        0.182703
FIRE:   77 01:19:43     -705.048417        0.146150
FIRE:   78 01:19:53     -705.099865        0.163252
FIRE:   79 01:20:04     -705.140853        0.181819
FIRE:   80 01:20:15     -705.176268        0.217789
FIRE:   81 01:20:25     -705.215055        0.272443
FIRE:   82 01:20:36     -705.258813        0.224820
FIRE:   83 01:20:46     -705.301141        0.216874
FIRE:   84 01:20:57     -705.341416        0.188820
FIRE:   85 01:21:08     -705.387806        0.199126
FIRE:   86 01:21:18     -705.446967        0.270186
FIRE:   87 01:21:29     -705.517453        0.245452
FIRE:   88 01:21:39     -705.585913        0.182936
FIRE:   89 01:21:50     -705.637177        0.291146
FIRE:   90 01:22:01     -705.676471        0.401986
FIRE:   91 01:22:11     -705.717249        0.403464
FIRE:   92 01:22:22     -705.755446        0.245006
FIRE:   93 01:22:32     -705.783837        0.266038
FIRE:   94 01:22:43     -705.806318        0.325176
FIRE:   95 01:22:53     -705.828241        0.282499
FIRE:   96 01:23:04     -705.851268        0.226912
FIRE:   97 01:23:15     -705.870505        0.188617
FIRE:   98 01:23:25     -705.878806        0.172601
FIRE:   99 01:23:36     -705.935165        0.302734
FIRE:  100 01:23:46     -705.953865        0.164563
FIRE:  101 01:23:57     -705.967436        0.137152
FIRE:  102 01:24:08     -705.979453        0.193425
FIRE:  103 01:24:18     -706.001084        0.138973
FIRE:  104 01:24:29     -706.018112        0.082251
FIRE:  105 01:24:39     -706.026209        0.156932
FIRE:  106 01:24:50     -706.034857        0.104555
FIRE:  107 01:25:01     -706.041608        0.079943
FIRE:  108 01:25:11     -706.042827        0.079796
FIRE:  109 01:25:22     -706.044699        0.080873
FIRE:  110 01:25:32     -706.046565        0.084728
FIRE:  111 01:25:43     -706.048258        0.091457
FIRE:  112 01:25:53     -706.050216        0.099571
FIRE:  113 01:26:04     -706.052852        0.107847
FIRE:  114 01:26:15     -706.056151        0.116374
FIRE:  115 01:26:25     -706.060200        0.127501
FIRE:  116 01:26:36     -706.065074        0.143903
FIRE:  117 01:26:46     -706.071799        0.167882
FIRE:  118 01:26:57     -706.082041        0.200904
FIRE:  119 01:27:07     -706.097640        0.240654
FIRE:  120 01:27:18     -706.121255        0.267802
FIRE:  121 01:27:29     -706.153362        0.242942
FIRE:  122 01:27:39     -706.189669        0.193010
FIRE:  123 01:27:50     -706.245281        0.269677
FIRE:  124 01:28:01     -706.316239        0.225586
FIRE:  125 01:28:11     -706.360727        0.236728
FIRE:  126 01:28:22     -706.380158        0.352731
FIRE:  127 01:28:32     -706.405664        0.161214
FIRE:  128 01:28:43     -706.411055        0.240130
FIRE:  129 01:28:53     -706.420722        0.132915
FIRE:  130 01:29:04     -706.429231        0.141879
FIRE:  131 01:29:14     -706.434898        0.203162
FIRE:  132 01:29:25     -706.442102        0.133315
FIRE:  133 01:29:36     -706.447151        0.053918
FIRE:  134 01:29:46     -706.448447        0.117292
FIRE:  135 01:29:57     -706.449065        0.106446
FIRE:  136 01:30:07     -706.450096        0.086253
FIRE:  137 01:30:18     -706.451228        0.060392
FIRE:  138 01:30:29     -706.452226        0.037506
FIRE:  139 01:30:39     -706.453031        0.050075
FIRE:  140 01:30:50     -706.453781        0.062835
FIRE:  141 01:31:00     -706.454614        0.060486
FIRE:  142 01:31:11     -706.455604        0.042978
FIRE:  143 01:31:22     -706.456604        0.027677
FIRE:  144 01:31:32     -706.457462        0.029172
FIRE:  145 01:31:43     -706.458353        0.040307
FIRE:  146 01:31:53     -706.459618        0.040182
FIRE:  147 01:32:04     -706.461256        0.033550
FIRE:  148 01:32:15     -706.462982        0.025693
FIRE:  149 01:32:25     -706.464859        0.029669
FIRE:  150 01:32:36     -706.466968        0.038463
FIRE:  151 01:32:47     -706.469479        0.053544
FIRE:  152 01:32:57     -706.473373        0.070039
FIRE:  153 01:33:08     -706.480512        0.081317
FIRE:  154 01:33:18     -706.492091        0.071670
FIRE:  155 01:33:29     -706.506192        0.063953
FIRE:  156 01:33:40     -706.522324        0.080196
FIRE:  157 01:33:50     -706.541175        0.103758
FIRE:  158 01:34:01     -706.560485        0.181244
FIRE:  159 01:34:11     -706.560327        0.347035
FIRE:  160 01:34:22     -706.571039        0.280725
FIRE:  161 01:34:33     -706.578950        0.156951
FIRE:  162 01:34:43     -706.583031        0.066688
FIRE:  163 01:34:54     -706.583207        0.065915
FIRE:  164 01:35:05     -706.583526        0.064382
FIRE:  165 01:35:15     -706.583940        0.062117
FIRE:  166 01:35:26     -706.584411        0.059161
FIRE:  167 01:35:36     -706.584920        0.055591
FIRE:  168 01:35:47     -706.585479        0.051522
FIRE:  169 01:35:58     -706.586100        0.047101
FIRE:  170 01:36:08     -706.586895        0.041974
FIRE:  171 01:36:19     -706.587846        0.036205
FIRE:  172 01:36:30     -706.588943        0.036257
FIRE:  173 01:36:40     -706.590141        0.039114
FIRE:  174 01:36:51     -706.591487        0.041626
FIRE:  175 01:37:01     -706.593035        0.043481
FIRE:  176 01:37:12     -706.594750        0.044271
FIRE:  177 01:37:23     -706.596556        0.043489
FIRE:  178 01:37:33     -706.598550        0.040757
FIRE:  179 01:37:44     -706.600604        0.035629
FIRE:  180 01:37:55     -706.602749        0.028600
FIRE:  181 01:38:05     -706.604884        0.021446
FIRE:  182 01:38:16     -706.607200        0.019722
FIRE:  183 01:38:26     -706.609941        0.022723
FIRE:  184 01:38:37     -706.613849        0.033436
FIRE:  185 01:38:47     -706.620186        0.049383
FIRE:  186 01:38:58     -706.629800        0.044951
FIRE:  187 01:39:09     -706.639139        0.080666
FIRE:  188 01:39:19     -706.635206        0.248238
FIRE:  189 01:39:30     -706.646045        0.060707
FIRE:  190 01:39:41     -706.646309        0.057755
FIRE:  191 01:39:51     -706.646731        0.052071
FIRE:  192 01:40:02     -706.647199        0.044071
FIRE:  193 01:40:13     -706.647667        0.034452
FIRE:  194 01:40:23     -706.648172        0.025829
FIRE:  195 01:40:34     -706.648701        0.021420
FIRE:  196 01:40:44     -706.649169        0.020012
FIRE:  197 01:40:55     -706.649567        0.018564
FIRE:  198 01:41:06     -706.649966        0.023797
FIRE:  199 01:41:16     -706.650395        0.014271
FIRE:  200 01:41:27     -706.650767        0.015257
FIRE:  201 01:41:37     -706.651116        0.017136
FIRE:  202 01:41:48     -706.651477        0.015046
FIRE:  203 01:41:59     -706.651806        0.019702
FIRE:  204 01:42:09     -706.652213        0.009756
MACE calculation complete. Energy written to MACE_OUTCAR: -706.652213 eV
Job ended on: Tue 10 Jun 00:42:10 UTC 2025
