Si Bulk DFT energetics calculations using VASP
Running on host: comp124
Working directory: /lustre/home/ah1365/projects/127870/upgrade_report/case_studies/common/structures/interfaces/96_Si48Sn48_112_111_a0.344086_b0.405229_c1.480958_interface2shift6
Job started on: Wed  4 Jun 10:20:53 UTC 2025
cuequivariance or cuequivariance_torch is not available. Cuequivariance acceleration will be disabled.
Using Materials Project MACE for MACECalculator with /lustre/home/ah1365/.cache/mace/MACE_MPtrj_20229model
Using float64 for MACECalculator, which is slower but more accurate. Recommended for geometry optimization.
Using TorchDFTD3Calculator for D3 dispersion corrections
      Step     Time          Energy          fmax
FIRE:    0 11:21:21     -402.027162       48.872355
FIRE:    1 11:21:28     -424.316344       33.521755
FIRE:    2 11:21:35     -438.563656       20.873535
FIRE:    3 11:21:42     -447.556292       12.177035
FIRE:    4 11:21:49     -452.722202        7.110624
FIRE:    5 11:21:56     -455.384704        3.798582
FIRE:    6 11:22:03     -456.545101        4.826300
FIRE:    7 11:22:11     -457.083043        5.534969
FIRE:    8 11:22:18     -457.515149        5.568797
FIRE:    9 11:22:25     -458.056298        5.151639
FIRE:   10 11:22:32     -458.685673        3.994532
FIRE:   11 11:22:39     -459.251986        2.723823
FIRE:   12 11:22:46     -459.661337        1.718601
FIRE:   13 11:22:53     -459.907689        1.537027
FIRE:   14 11:23:00     -460.043344        1.481120
FIRE:   15 11:23:07     -460.132477        1.469164
FIRE:   16 11:23:14     -460.441975        1.467103
FIRE:   17 11:23:21     -460.961743        1.493660
FIRE:   18 11:23:28     -461.573382        1.550960
FIRE:   19 11:23:35     -462.208132        1.542063
FIRE:   20 11:23:43     -462.772566        1.338767
FIRE:   21 11:23:50     -463.241401        0.775765
FIRE:   22 11:23:57     -463.528121        0.441642
FIRE:   23 11:24:04     -463.596096        1.224264
FIRE:   24 11:24:11     -463.629185        1.127759
FIRE:   25 11:24:18     -463.688268        0.964650
FIRE:   26 11:24:25     -463.761811        0.753352
FIRE:   27 11:24:32     -463.837765        0.523379
FIRE:   28 11:24:40     -463.907057        0.360560
FIRE:   29 11:24:47     -463.965671        0.337939
FIRE:   30 11:24:54     -464.014948        0.321404
FIRE:   31 11:25:01     -464.064381        0.413274
FIRE:   32 11:25:08     -464.121155        0.509834
FIRE:   33 11:25:15     -464.193822        0.543292
FIRE:   34 11:25:22     -464.289490        0.504851
FIRE:   35 11:25:29     -464.409948        0.387495
FIRE:   36 11:25:36     -464.548960        0.238099
FIRE:   37 11:25:43     -464.694104        0.232313
FIRE:   38 11:25:51     -464.840296        0.326895
FIRE:   39 11:25:58     -465.000340        0.396801
FIRE:   40 11:26:05     -465.165654        0.260712
FIRE:   41 11:26:12     -465.327161        0.236024
FIRE:   42 11:26:19     -465.483420        0.231689
FIRE:   43 11:26:26     -465.642111        0.233388
FIRE:   44 11:26:34     -465.803378        0.249002
FIRE:   45 11:26:41     -465.960587        0.251298
FIRE:   46 11:26:48     -466.111777        0.242088
FIRE:   47 11:26:55     -466.262078        0.226735
FIRE:   48 11:27:02     -466.415555        0.227023
FIRE:   49 11:27:09     -466.572506        0.238586
FIRE:   50 11:27:16     -466.734073        0.265360
FIRE:   51 11:27:24     -466.900904        0.277923
FIRE:   52 11:27:31     -467.072696        0.281305
FIRE:   53 11:27:38     -467.250333        0.324246
FIRE:   54 11:27:45     -467.435971        0.357341
FIRE:   55 11:27:52     -467.629428        0.362079
FIRE:   56 11:27:59     -467.827113        0.340109
FIRE:   57 11:28:06     -468.024167        0.293169
FIRE:   58 11:28:13     -468.213937        0.265594
FIRE:   59 11:28:20     -468.391224        0.265368
FIRE:   60 11:28:27     -468.561128        0.375056
FIRE:   61 11:28:35     -468.734628        0.409250
FIRE:   62 11:28:42     -468.915353        0.349912
FIRE:   63 11:28:49     -469.097289        0.343622
FIRE:   64 11:28:56     -469.273051        0.354677
FIRE:   65 11:29:03     -469.439025        0.365915
FIRE:   66 11:29:10     -469.595158        0.351661
FIRE:   67 11:29:18     -469.742937        0.296434
FIRE:   68 11:29:25     -469.883167        0.221301
FIRE:   69 11:29:32     -470.015076        0.269813
FIRE:   70 11:29:39     -470.138685        0.298798
FIRE:   71 11:29:46     -470.255503        0.296050
FIRE:   72 11:29:53     -470.367499        0.259079
FIRE:   73 11:30:01     -470.475562        0.201670
FIRE:   74 11:30:08     -470.579370        0.178246
FIRE:   75 11:30:15     -470.678539        0.189593
FIRE:   76 11:30:22     -470.773581        0.194331
FIRE:   77 11:30:29     -470.865119        0.190969
FIRE:   78 11:30:36     -470.951658        0.179752
FIRE:   79 11:30:43     -471.029056        0.162289
FIRE:   80 11:30:50     -471.094177        0.141684
FIRE:   81 11:30:58     -471.147306        0.164068
FIRE:   82 11:31:05     -471.189902        0.173773
FIRE:   83 11:31:12     -471.222034        0.161788
FIRE:   84 11:31:19     -471.242739        0.217904
FIRE:   85 11:31:26     -471.253008        0.301842
FIRE:   86 11:31:33     -471.357288        0.130747
FIRE:   87 11:31:41     -471.420609        0.153006
FIRE:   88 11:31:48     -471.483613        0.131614
FIRE:   89 11:31:55     -471.535641        0.092874
FIRE:   90 11:32:02     -471.573222        0.118005
FIRE:   91 11:32:09     -471.606097        0.085946
FIRE:   92 11:32:17     -471.641200        0.080934
FIRE:   93 11:32:24     -471.678843        0.093294
FIRE:   94 11:32:31     -471.713610        0.070888
FIRE:   95 11:32:38     -471.746730        0.083822
FIRE:   96 11:32:45     -471.777600        0.078355
FIRE:   97 11:32:52     -471.800558        0.088046
FIRE:   98 11:33:00     -471.819862        0.081141
FIRE:   99 11:33:07     -471.842221        0.073953
FIRE:  100 11:33:14     -471.868107        0.060742
FIRE:  101 11:33:21     -471.892535        0.053598
FIRE:  102 11:33:28     -471.910766        0.051373
FIRE:  103 11:33:35     -471.919616        0.086029
FIRE:  104 11:33:42     -471.927993        0.117384
FIRE:  105 11:33:50     -471.924990        0.278234
FIRE:  106 11:33:57     -471.940860        0.045234
FIRE:  107 11:34:04     -471.941391        0.037895
FIRE:  108 11:34:11     -471.942236        0.037532
FIRE:  109 11:34:18     -471.943152        0.037046
FIRE:  110 11:34:26     -471.944139        0.036640
FIRE:  111 11:34:33     -471.945361        0.036609
FIRE:  112 11:34:40     -471.946833        0.036506
FIRE:  113 11:34:47     -471.948391        0.036268
FIRE:  114 11:34:54     -471.950126        0.035770
FIRE:  115 11:35:01     -471.952256        0.035651
FIRE:  116 11:35:09     -471.955007        0.036172
FIRE:  117 11:35:16     -471.958221        0.036877
FIRE:  118 11:35:23     -471.962019        0.037542
FIRE:  119 11:35:30     -471.966537        0.037911
FIRE:  120 11:35:37     -471.971647        0.037840
FIRE:  121 11:35:44     -471.977654        0.037573
FIRE:  122 11:35:52     -471.984540        0.037635
FIRE:  123 11:35:59     -471.992750        0.039034
FIRE:  124 11:36:06     -472.002736        0.041978
FIRE:  125 11:36:13     -472.014742        0.051670
FIRE:  126 11:36:20     -472.026973        0.123670
FIRE:  127 11:36:27     -472.027878        0.308087
FIRE:  128 11:36:35     -472.042165        0.029363
FIRE:  129 11:36:42     -472.031950        0.322860
FIRE:  130 11:36:49     -472.037734        0.228847
FIRE:  131 11:36:56     -472.043372        0.077512
FIRE:  132 11:37:03     -472.043739        0.080196
FIRE:  133 11:37:10     -472.043871        0.075460
FIRE:  134 11:37:18     -472.044109        0.066245
FIRE:  135 11:37:25     -472.044408        0.053083
FIRE:  136 11:37:32     -472.044726        0.036809
FIRE:  137 11:37:39     -472.045010        0.026362
FIRE:  138 11:37:46     -472.045241        0.026386
FIRE:  139 11:37:53     -472.045427        0.026413
FIRE:  140 11:38:00     -472.045625        0.037162
FIRE:  141 11:38:08     -472.045906        0.045909
FIRE:  142 11:38:15     -472.046329        0.046724
FIRE:  143 11:38:22     -472.046919        0.037998
FIRE:  144 11:38:29     -472.047650        0.026564
FIRE:  145 11:38:36     -472.048408        0.026551
FIRE:  146 11:38:43     -472.049218        0.027431
FIRE:  147 11:38:51     -472.050244        0.034170
FIRE:  148 11:38:58     -472.051578        0.026031
FIRE:  149 11:39:05     -472.053143        0.025550
FIRE:  150 11:39:12     -472.054849        0.030639
FIRE:  151 11:39:19     -472.057060        0.023741
FIRE:  152 11:39:26     -472.059674        0.022980
FIRE:  153 11:39:34     -472.062777        0.026536
FIRE:  154 11:39:41     -472.066720        0.030030
FIRE:  155 11:39:48     -472.071647        0.036742
FIRE:  156 11:39:55     -472.078230        0.047272
FIRE:  157 11:40:02     -472.087727        0.064294
FIRE:  158 11:40:09     -472.102536        0.089814
FIRE:  159 11:40:17     -472.127454        0.115879
FIRE:  160 11:40:24     -472.164520        0.105190
FIRE:  161 11:40:31     -472.190281        0.193038
FIRE:  162 11:40:38     -472.197229        0.339204
FIRE:  163 11:40:45     -472.211149        0.119886
FIRE:  164 11:40:52     -472.212665        0.083776
FIRE:  165 11:40:59     -472.214640        0.059197
FIRE:  166 11:41:07     -472.216112        0.049728
FIRE:  167 11:41:14     -472.217375        0.085814
FIRE:  168 11:41:21     -472.219191        0.083338
FIRE:  169 11:41:28     -472.221363        0.042159
FIRE:  170 11:41:35     -472.223006        0.029922
FIRE:  171 11:41:42     -472.224190        0.063550
FIRE:  172 11:41:50     -472.225918        0.063919
FIRE:  173 11:41:57     -472.228401        0.038032
FIRE:  174 11:42:04     -472.230625        0.054004
FIRE:  175 11:42:11     -472.233579        0.052439
FIRE:  176 11:42:18     -472.237057        0.028169
FIRE:  177 11:42:25     -472.240417        0.050484
FIRE:  178 11:42:33     -472.244363        0.037910
FIRE:  179 11:42:40     -472.248477        0.024660
FIRE:  180 11:42:47     -472.252285        0.070557
FIRE:  181 11:42:54     -472.256506        0.078724
FIRE:  182 11:43:01     -472.260645        0.099869
FIRE:  183 11:43:08     -472.262953        0.182050
FIRE:  184 11:43:16     -472.266825        0.027343
FIRE:  185 11:43:23     -472.264797        0.155194
FIRE:  186 11:43:30     -472.265953        0.121020
FIRE:  187 11:43:37     -472.267335        0.058829
FIRE:  188 11:43:44     -472.267830        0.021310
FIRE:  189 11:43:51     -472.267849        0.021291
FIRE:  190 11:43:59     -472.267886        0.021251
FIRE:  191 11:44:06     -472.267938        0.021193
FIRE:  192 11:44:13     -472.268002        0.021116
FIRE:  193 11:44:20     -472.268078        0.021020
FIRE:  194 11:44:27     -472.268161        0.020908
FIRE:  195 11:44:34     -472.268252        0.020781
FIRE:  196 11:44:42     -472.268361        0.020625
FIRE:  197 11:44:49     -472.268504        0.020436
FIRE:  198 11:44:56     -472.268685        0.020213
FIRE:  199 11:45:03     -472.268903        0.019952
FIRE:  200 11:45:10     -472.269168        0.019652
FIRE:  201 11:45:17     -472.269479        0.019313
FIRE:  202 11:45:24     -472.269843        0.018937
FIRE:  203 11:45:32     -472.270280        0.018528
FIRE:  204 11:45:39     -472.270793        0.018097
FIRE:  205 11:45:46     -472.271394        0.017655
FIRE:  206 11:45:53     -472.272087        0.017212
FIRE:  207 11:46:00     -472.272900        0.016774
FIRE:  208 11:46:07     -472.273819        0.016318
FIRE:  209 11:46:15     -472.274889        0.015791
FIRE:  210 11:46:22     -472.276069        0.015124
FIRE:  211 11:46:29     -472.277392        0.014264
FIRE:  212 11:46:36     -472.278859        0.013176
FIRE:  213 11:46:43     -472.280493        0.011879
FIRE:  214 11:46:50     -472.282320        0.011749
FIRE:  215 11:46:58     -472.284368        0.016737
FIRE:  216 11:47:05     -472.286622        0.044217
FIRE:  217 11:47:12     -472.288028        0.126415
FIRE:  218 11:47:19     -472.289921        0.014678
FIRE:  219 11:47:26     -472.288758        0.116774
FIRE:  220 11:47:33     -472.289439        0.086034
FIRE:  221 11:47:41     -472.290174        0.033703
FIRE:  222 11:47:48     -472.290341        0.025135
FIRE:  223 11:47:55     -472.290355        0.023674
FIRE:  224 11:48:02     -472.290383        0.020844
FIRE:  225 11:48:10     -472.290421        0.016834
FIRE:  226 11:48:17     -472.290465        0.015109
FIRE:  227 11:48:24     -472.290513        0.015136
FIRE:  228 11:48:31     -472.290562        0.015167
FIRE:  229 11:48:38     -472.290614        0.015201
FIRE:  230 11:48:45     -472.290672        0.015243
FIRE:  231 11:48:53     -472.290750        0.015293
FIRE:  232 11:49:00     -472.290857        0.015351
FIRE:  233 11:49:07     -472.290997        0.015420
FIRE:  234 11:49:14     -472.291171        0.015501
FIRE:  235 11:49:21     -472.291376        0.015600
FIRE:  236 11:49:29     -472.291629        0.015720
FIRE:  237 11:49:36     -472.291943        0.015867
FIRE:  238 11:49:43     -472.292349        0.016045
FIRE:  239 11:49:50     -472.292850        0.016255
FIRE:  240 11:49:57     -472.293463        0.016500
FIRE:  241 11:50:05     -472.294228        0.016784
FIRE:  242 11:50:12     -472.295178        0.017124
FIRE:  243 11:50:19     -472.296358        0.017549
FIRE:  244 11:50:26     -472.297898        0.018078
FIRE:  245 11:50:33     -472.299867        0.018717
FIRE:  246 11:50:40     -472.302402        0.019456
FIRE:  247 11:50:48     -472.305761        0.020304
FIRE:  248 11:50:55     -472.310238        0.021239
FIRE:  249 11:51:02     -472.316224        0.022195
FIRE:  250 11:51:09     -472.324264        0.044465
FIRE:  251 11:51:16     -472.333570        0.141280
FIRE:  252 11:51:24     -472.326843        0.510196
FIRE:  253 11:51:31     -472.348518        0.172601
FIRE:  254 11:51:38     -472.350410        0.124078
FIRE:  255 11:51:45     -472.352417        0.038134
FIRE:  256 11:51:52     -472.352920        0.060391
FIRE:  257 11:51:59     -472.353041        0.055486
FIRE:  258 11:52:06     -472.353264        0.046149
FIRE:  259 11:52:14     -472.353554        0.035133
FIRE:  260 11:52:21     -472.353886        0.035287
FIRE:  261 11:52:28     -472.354230        0.035521
FIRE:  262 11:52:35     -472.354590        0.035855
FIRE:  263 11:52:42     -472.354993        0.036308
FIRE:  264 11:52:49     -472.355517        0.036960
FIRE:  265 11:52:57     -472.356229        0.037872
FIRE:  266 11:53:04     -472.357186        0.039115
FIRE:  267 11:53:11     -472.358425        0.040777
FIRE:  268 11:53:18     -472.359959        0.042957
FIRE:  269 11:53:25     -472.361877        0.045761
FIRE:  270 11:53:32     -472.364383        0.049307
FIRE:  271 11:53:40     -472.367765        0.053775
FIRE:  272 11:53:47     -472.372273        0.059452
FIRE:  273 11:53:54     -472.378312        0.066666
FIRE:  274 11:54:01     -472.386766        0.075555
FIRE:  275 11:54:08     -472.398690        0.085864
FIRE:  276 11:54:15     -472.415569        0.096991
FIRE:  277 11:54:23     -472.439971        0.108443
FIRE:  278 11:54:30     -472.474971        0.119024
FIRE:  279 11:54:37     -472.524598        0.122770
FIRE:  280 11:54:44     -472.587656        0.117518
FIRE:  281 11:54:51     -472.654532        0.121217
FIRE:  282 11:54:58     -472.725128        0.126678
FIRE:  283 11:55:06     -472.792932        0.114169
FIRE:  284 11:55:13     -472.857535        0.123095
FIRE:  285 11:55:20     -472.920948        0.131686
FIRE:  286 11:55:27     -472.978909        0.103514
FIRE:  287 11:55:34     -473.025573        0.088011
FIRE:  288 11:55:42     -473.062120        0.089844
FIRE:  289 11:55:49     -473.092091        0.087469
FIRE:  290 11:55:56     -473.117788        0.076206
FIRE:  291 11:56:03     -473.140730        0.069801
FIRE:  292 11:56:10     -473.161111        0.083057
FIRE:  293 11:56:17     -473.177718        0.085413
FIRE:  294 11:56:25     -473.190830        0.070345
FIRE:  295 11:56:32     -473.204329        0.090697
FIRE:  296 11:56:39     -473.222765        0.090692
FIRE:  297 11:56:46     -473.247012        0.076727
FIRE:  298 11:56:53     -473.274223        0.062261
FIRE:  299 11:57:00     -473.301393        0.069614
FIRE:  300 11:57:08     -473.328274        0.065263
FIRE:  301 11:57:15     -473.356630        0.079484
FIRE:  302 11:57:22     -473.389127        0.096713
FIRE:  303 11:57:29     -473.426872        0.103927
FIRE:  304 11:57:36     -473.466504        0.103756
FIRE:  305 11:57:44     -473.503623        0.110259
FIRE:  306 11:57:51     -473.537353        0.108047
FIRE:  307 11:57:58     -473.566065        0.097661
FIRE:  308 11:58:05     -473.589126        0.138671
FIRE:  309 11:58:12     -473.611650        0.154139
FIRE:  310 11:58:20     -473.639317        0.123075
FIRE:  311 11:58:27     -473.669977        0.091276
FIRE:  312 11:58:34     -473.697686        0.091595
FIRE:  313 11:58:41     -473.720881        0.098722
FIRE:  314 11:58:48     -473.743376        0.106161
FIRE:  315 11:58:56     -473.770513        0.114634
FIRE:  316 11:59:03     -473.805335        0.117822
FIRE:  317 11:59:10     -473.846124        0.115136
FIRE:  318 11:59:17     -473.887929        0.102035
FIRE:  319 11:59:24     -473.925175        0.076762
FIRE:  320 11:59:31     -473.954437        0.069938
FIRE:  321 11:59:39     -473.975708        0.086798
FIRE:  322 11:59:46     -473.991954        0.091267
FIRE:  323 11:59:53     -474.007255        0.120276
FIRE:  324 12:00:00     -474.024804        0.145738
FIRE:  325 12:00:07     -474.044206        0.131615
FIRE:  326 12:00:15     -474.060734        0.126664
FIRE:  327 12:00:22     -474.068906        0.109597
FIRE:  328 12:00:29     -474.099812        0.080093
FIRE:  329 12:00:36     -474.126724        0.071713
FIRE:  330 12:00:43     -474.144216        0.061869
FIRE:  331 12:00:50     -474.152395        0.104021
FIRE:  332 12:00:57     -474.157227        0.053103
FIRE:  333 12:01:05     -474.161903        0.084386
FIRE:  334 12:01:12     -474.168529        0.066996
FIRE:  335 12:01:19     -474.174543        0.040090
FIRE:  336 12:01:26     -474.178883        0.080640
FIRE:  337 12:01:33     -474.184142        0.041917
FIRE:  338 12:01:41     -474.188164        0.068605
FIRE:  339 12:01:48     -474.194390        0.056900
FIRE:  340 12:01:55     -474.201963        0.067508
FIRE:  341 12:02:02     -474.213484        0.050059
FIRE:  342 12:02:09     -474.225988        0.071971
FIRE:  343 12:02:16     -474.238877        0.108326
FIRE:  344 12:02:24     -474.251271        0.139179
FIRE:  345 12:02:31     -474.258110        0.252902
FIRE:  346 12:02:38     -474.267610        0.029655
FIRE:  347 12:02:45     -474.263574        0.201197
FIRE:  348 12:02:52     -474.266179        0.159952
FIRE:  349 12:02:59     -474.269429        0.083967
FIRE:  350 12:03:07     -474.270927        0.031232
FIRE:  351 12:03:14     -474.270338        0.105624
FIRE:  352 12:03:21     -474.270552        0.099466
FIRE:  353 12:03:28     -474.270941        0.087601
FIRE:  354 12:03:35     -474.271437        0.070904
FIRE:  355 12:03:42     -474.271956        0.050643
FIRE:  356 12:03:50     -474.272410        0.031571
FIRE:  357 12:03:57     -474.272771        0.031612
FIRE:  358 12:04:04     -474.273046        0.031657
FIRE:  359 12:04:11     -474.273313        0.041070
FIRE:  360 12:04:18     -474.273653        0.052629
FIRE:  361 12:04:26     -474.274186        0.056439
FIRE:  362 12:04:33     -474.274990        0.050596
FIRE:  363 12:04:40     -474.276026        0.034158
FIRE:  364 12:04:47     -474.277164        0.031966
FIRE:  365 12:04:54     -474.278300        0.031939
FIRE:  366 12:05:01     -474.279574        0.043388
FIRE:  367 12:05:09     -474.281315        0.038999
FIRE:  368 12:05:16     -474.283475        0.031163
FIRE:  369 12:05:23     -474.285781        0.030478
FIRE:  370 12:05:30     -474.288492        0.037936
FIRE:  371 12:05:37     -474.291997        0.028144
FIRE:  372 12:05:44     -474.295814        0.034769
FIRE:  373 12:05:52     -474.300514        0.024680
FIRE:  374 12:05:59     -474.305765        0.036864
FIRE:  375 12:06:06     -474.312013        0.024684
FIRE:  376 12:06:13     -474.318688        0.045294
FIRE:  377 12:06:20     -474.326240        0.052539
FIRE:  378 12:06:27     -474.334697        0.050504
FIRE:  379 12:06:35     -474.343333        0.075037
FIRE:  380 12:06:42     -474.348828        0.180110
FIRE:  381 12:06:49     -474.353521        0.016534
FIRE:  382 12:06:56     -474.350815        0.149036
FIRE:  383 12:07:03     -474.352265        0.116695
FIRE:  384 12:07:10     -474.353970        0.057768
FIRE:  385 12:07:17     -474.354561        0.022927
FIRE:  386 12:07:25     -474.354585        0.021751
FIRE:  387 12:07:32     -474.354629        0.019480
FIRE:  388 12:07:39     -474.354691        0.016287
FIRE:  389 12:07:46     -474.354770        0.016074
FIRE:  390 12:07:53     -474.354866        0.016030
FIRE:  391 12:08:00     -474.354977        0.015976
FIRE:  392 12:08:08     -474.355087        0.015914
FIRE:  393 12:08:15     -474.355227        0.015835
FIRE:  394 12:08:22     -474.355397        0.015737
FIRE:  395 12:08:29     -474.355619        0.015614
FIRE:  396 12:08:36     -474.355897        0.015461
FIRE:  397 12:08:43     -474.356227        0.015271
FIRE:  398 12:08:50     -474.356643        0.015214
FIRE:  399 12:08:58     -474.357137        0.015227
FIRE:  400 12:09:05     -474.357744        0.015268
FIRE:  401 12:09:12     -474.358489        0.015348
FIRE:  402 12:09:19     -474.359379        0.015481
FIRE:  403 12:09:26     -474.360419        0.015674
FIRE:  404 12:09:33     -474.361684        0.015925
FIRE:  405 12:09:41     -474.363198        0.016234
FIRE:  406 12:09:48     -474.365019        0.016604
FIRE:  407 12:09:55     -474.367216        0.016977
FIRE:  408 12:10:02     -474.369774        0.017148
FIRE:  409 12:10:09     -474.372792        0.016749
FIRE:  410 12:10:17     -474.376263        0.015642
FIRE:  411 12:10:24     -474.380120        0.014853
FIRE:  412 12:10:31     -474.384280        0.016306
FIRE:  413 12:10:38     -474.388402        0.026958
FIRE:  414 12:10:45     -474.390245        0.105418
FIRE:  415 12:10:52     -474.392881        0.017103
FIRE:  416 12:11:00     -474.392936        0.016967
FIRE:  417 12:11:07     -474.393039        0.016709
FIRE:  418 12:11:14     -474.393181        0.016359
FIRE:  419 12:11:21     -474.393351        0.015958
FIRE:  420 12:11:29     -474.393565        0.015819
FIRE:  421 12:11:36     -474.393817        0.015657
FIRE:  422 12:11:43     -474.394103        0.015455
FIRE:  423 12:11:50     -474.394436        0.015188
FIRE:  424 12:11:57     -474.394841        0.014851
FIRE:  425 12:12:05     -474.395313        0.014886
FIRE:  426 12:12:12     -474.395865        0.015166
FIRE:  427 12:12:19     -474.396513        0.015570
FIRE:  428 12:12:26     -474.397266        0.016044
FIRE:  429 12:12:33     -474.398124        0.016452
FIRE:  430 12:12:41     -474.399069        0.016604
FIRE:  431 12:12:48     -474.400147        0.016365
FIRE:  432 12:12:55     -474.401308        0.015630
FIRE:  433 12:13:02     -474.402581        0.014245
FIRE:  434 12:13:09     -474.403942        0.015921
FIRE:  435 12:13:17     -474.405322        0.037579
FIRE:  436 12:13:24     -474.406002        0.094264
FIRE:  437 12:13:31     -474.407333        0.016282
FIRE:  438 12:13:38     -474.406646        0.086571
FIRE:  439 12:13:45     -474.407088        0.064669
FIRE:  440 12:13:52     -474.407578        0.027078
FIRE:  441 12:13:59     -474.407724        0.015668
FIRE:  442 12:14:07     -474.407734        0.014854
FIRE:  443 12:14:14     -474.407756        0.014833
FIRE:  444 12:14:21     -474.407783        0.014802
FIRE:  445 12:14:28     -474.407816        0.014760
FIRE:  446 12:14:35     -474.407861        0.014709
FIRE:  447 12:14:43     -474.407901        0.014647
FIRE:  448 12:14:50     -474.407945        0.014575
FIRE:  449 12:14:57     -474.408004        0.014486
FIRE:  450 12:15:04     -474.408069        0.014377
FIRE:  451 12:15:11     -474.408156        0.014247
FIRE:  452 12:15:18     -474.408267        0.014096
FIRE:  453 12:15:25     -474.408404        0.013926
FIRE:  454 12:15:33     -474.408569        0.013744
FIRE:  455 12:15:40     -474.408757        0.013563
FIRE:  456 12:15:47     -474.408996        0.013404
FIRE:  457 12:15:54     -474.409286        0.013349
FIRE:  458 12:16:01     -474.409634        0.013618
FIRE:  459 12:16:09     -474.410052        0.013872
FIRE:  460 12:16:16     -474.410540        0.014109
FIRE:  461 12:16:23     -474.411147        0.014326
FIRE:  462 12:16:30     -474.411884        0.014751
FIRE:  463 12:16:37     -474.412758        0.015734
FIRE:  464 12:16:45     -474.413839        0.016971
FIRE:  465 12:16:52     -474.415206        0.018458
FIRE:  466 12:16:59     -474.416957        0.020296
FIRE:  467 12:17:06     -474.419296        0.022622
FIRE:  468 12:17:13     -474.422503        0.025728
FIRE:  469 12:17:21     -474.427167        0.030051
FIRE:  470 12:17:28     -474.433775        0.070596
FIRE:  471 12:17:35     -474.438223        0.253136
FIRE:  472 12:17:42     -474.445917        0.073801
FIRE:  473 12:17:49     -474.446444        0.052815
FIRE:  474 12:17:57     -474.447133        0.041316
FIRE:  475 12:18:04     -474.447687        0.041664
FIRE:  476 12:18:11     -474.448263        0.050656
FIRE:  477 12:18:18     -474.449236        0.053006
FIRE:  478 12:18:25     -474.450631        0.042779
FIRE:  479 12:18:33     -474.452162        0.043017
FIRE:  480 12:18:40     -474.453855        0.043105
FIRE:  481 12:18:47     -474.456085        0.042857
FIRE:  482 12:18:54     -474.459176        0.041947
FIRE:  483 12:19:01     -474.462772        0.040275
FIRE:  484 12:19:08     -474.467052        0.036974
FIRE:  485 12:19:16     -474.472108        0.036171
FIRE:  486 12:19:23     -474.477108        0.034480
FIRE:  487 12:19:30     -474.481734        0.028006
FIRE:  488 12:19:37     -474.485237        0.024768
FIRE:  489 12:19:44     -474.487080        0.038972
FIRE:  490 12:19:51     -474.487055        0.070833
FIRE:  491 12:19:59     -474.487725        0.026926
FIRE:  492 12:20:06     -474.487999        0.034225
FIRE:  493 12:20:13     -474.488072        0.029345
FIRE:  494 12:20:20     -474.488194        0.020379
FIRE:  495 12:20:27     -474.488332        0.019063
FIRE:  496 12:20:35     -474.488468        0.018097
FIRE:  497 12:20:42     -474.488608        0.017723
FIRE:  498 12:20:49     -474.488768        0.022496
FIRE:  499 12:20:56     -474.488965        0.021809
FIRE:  500 12:21:03     -474.489207        0.015179
FIRE:  501 12:21:10     -474.489470        0.012959
FIRE:  502 12:21:18     -474.489743        0.011974
FIRE:  503 12:21:25     -474.490021        0.017348
FIRE:  504 12:21:32     -474.490347        0.011592
FIRE:  505 12:21:39     -474.490670        0.007943
MACE calculation complete. Energy written to MACE_OUTCAR: -474.490670 eV
Job ended on: Wed  4 Jun 11:21:40 UTC 2025
