Si Bulk DFT energetics calculations using VASP
Running on host: comp082
Working directory: /lustre/projects/Research_Project-T127870/ah1365/task/investigate_artimus/SiGe/20250404210804/DRUN_MLP_MACE/20250427231949/D06/DSHIFT/D02
Job started on: Mon 28 Apr 00:27:02 UTC 2025
cuequivariance or cuequivariance_torch is not available. Cuequivariance acceleration will be disabled.
Using Materials Project MACE for MACECalculator with /lustre/home/ah1365/.cache/mace/MACE_MPtrj_20229model
Using float64 for MACECalculator, which is slower but more accurate. Recommended for geometry optimization.
Using TorchDFTD3Calculator for D3 dispersion corrections
      Step     Time          Energy          fmax
FIRE:    0 01:27:17     -593.129219        6.219620
FIRE:    1 01:27:26     -594.139239        3.279730
FIRE:    2 01:27:35     -594.931049        1.162279
FIRE:    3 01:27:44     -595.213768        1.690606
FIRE:    4 01:27:52     -595.361245        1.853347
FIRE:    5 01:28:01     -595.563164        1.711119
FIRE:    6 01:28:10     -595.847056        1.524179
FIRE:    7 01:28:19     -596.175910        1.173093
FIRE:    8 01:28:27     -596.497429        0.797336
FIRE:    9 01:28:36     -596.779166        0.839975
FIRE:   10 01:28:45     -597.022108        0.822658
FIRE:   11 01:28:53     -597.247304        1.001734
FIRE:   12 01:29:02     -597.527425        1.120239
FIRE:   13 01:29:11     -597.879884        0.902607
FIRE:   14 01:29:20     -598.229609        0.922098
FIRE:   15 01:29:28     -598.545674        1.226221
FIRE:   16 01:29:37     -598.874211        1.392893
FIRE:   17 01:29:46     -599.226955        1.181030
FIRE:   18 01:29:55     -599.543118        0.794281
FIRE:   19 01:30:03     -599.786952        0.678327
FIRE:   20 01:30:12     -599.943922        0.643739
FIRE:   21 01:30:21     -600.014287        1.124818
FIRE:   22 01:30:30     -600.140971        0.627051
FIRE:   23 01:30:38     -600.259858        0.340852
FIRE:   24 01:30:47     -600.312197        0.489973
FIRE:   25 01:30:56     -600.344326        0.672006
FIRE:   26 01:31:04     -600.407096        0.581988
FIRE:   27 01:31:13     -600.482065        0.332532
FIRE:   28 01:31:22     -600.531840        0.226920
FIRE:   29 01:31:31     -600.553405        0.464030
FIRE:   30 01:31:40     -600.563383        0.408114
FIRE:   31 01:31:48     -600.580169        0.308927
FIRE:   32 01:31:57     -600.599085        0.236394
FIRE:   33 01:32:06     -600.616208        0.237104
FIRE:   34 01:32:15     -600.630249        0.239494
FIRE:   35 01:32:23     -600.643024        0.260914
FIRE:   36 01:32:32     -600.657916        0.287812
FIRE:   37 01:32:41     -600.679843        0.323891
FIRE:   38 01:32:50     -600.711117        0.372366
FIRE:   39 01:32:59     -600.752029        0.437897
FIRE:   40 01:33:07     -600.803724        0.523785
FIRE:   41 01:33:16     -600.874167        0.624636
FIRE:   42 01:33:25     -600.978259        0.700192
FIRE:   43 01:33:34     -601.109902        0.564863
FIRE:   44 01:33:42     -601.219384        0.526024
FIRE:   45 01:33:51     -601.313051        0.432543
FIRE:   46 01:34:00     -601.346987        0.753205
FIRE:   47 01:34:09     -601.369086        0.638305
FIRE:   48 01:34:18     -601.401619        0.460246
FIRE:   49 01:34:26     -601.430838        0.274280
FIRE:   50 01:34:35     -601.449395        0.249302
FIRE:   51 01:34:44     -601.459785        0.403186
FIRE:   52 01:34:53     -601.469935        0.481774
FIRE:   53 01:35:01     -601.484873        0.481303
FIRE:   54 01:35:10     -601.505981        0.397452
FIRE:   55 01:35:19     -601.527029        0.226244
FIRE:   56 01:35:28     -601.538378        0.143987
FIRE:   57 01:35:36     -601.538893        0.303931
FIRE:   58 01:35:45     -601.541181        0.273505
FIRE:   59 01:35:54     -601.544987        0.217491
FIRE:   60 01:36:03     -601.549111        0.144363
FIRE:   61 01:36:12     -601.552414        0.066909
FIRE:   62 01:36:20     -601.554307        0.047459
FIRE:   63 01:36:29     -601.555069        0.095906
FIRE:   64 01:36:38     -601.555532        0.136833
FIRE:   65 01:36:47     -601.556552        0.156813
FIRE:   66 01:36:55     -601.558616        0.150839
FIRE:   67 01:37:04     -601.561534        0.117157
FIRE:   68 01:37:13     -601.564344        0.061338
FIRE:   69 01:37:22     -601.565932        0.046387
FIRE:   70 01:37:31     -601.566576        0.099216
FIRE:   71 01:37:39     -601.566836        0.092905
FIRE:   72 01:37:48     -601.567296        0.080880
FIRE:   73 01:37:57     -601.567857        0.064360
FIRE:   74 01:38:06     -601.568408        0.045375
FIRE:   75 01:38:15     -601.568854        0.027883
FIRE:   76 01:38:23     -601.569174        0.024771
FIRE:   77 01:38:32     -601.569412        0.042856
FIRE:   78 01:38:41     -601.569671        0.056259
FIRE:   79 01:38:50     -601.570044        0.062055
FIRE:   80 01:38:58     -601.570596        0.058016
FIRE:   81 01:39:07     -601.571285        0.042924
FIRE:   82 01:39:16     -601.571977        0.018163
FIRE:   83 01:39:25     -601.572546        0.024822
FIRE:   84 01:39:33     -601.573096        0.038020
FIRE:   85 01:39:42     -601.573847        0.036369
FIRE:   86 01:39:51     -601.574759        0.019112
FIRE:   87 01:40:00     -601.575576        0.019306
FIRE:   88 01:40:09     -601.576389        0.028841
FIRE:   89 01:40:17     -601.577365        0.026956
FIRE:   90 01:40:26     -601.578443        0.037485
FIRE:   91 01:40:35     -601.580210        0.053662
FIRE:   92 01:40:44     -601.583540        0.068325
FIRE:   93 01:40:53     -601.588107        0.050262
FIRE:   94 01:41:01     -601.589554        0.077451
FIRE:   95 01:41:10     -601.590154        0.063244
FIRE:   96 01:41:19     -601.590927        0.038489
FIRE:   97 01:41:28     -601.591458        0.014114
FIRE:   98 01:41:37     -601.591703        0.024340
FIRE:   99 01:41:45     -601.591799        0.033194
FIRE:  100 01:41:54     -601.591842        0.032224
FIRE:  101 01:42:03     -601.591921        0.030326
FIRE:  102 01:42:12     -601.592025        0.027582
FIRE:  103 01:42:21     -601.592140        0.024128
FIRE:  104 01:42:29     -601.592254        0.020165
FIRE:  105 01:42:38     -601.592355        0.015989
FIRE:  106 01:42:47     -601.592437        0.012032
FIRE:  107 01:42:56     -601.592510        0.010879
FIRE:  108 01:43:05     -601.592582        0.016070
FIRE:  109 01:43:13     -601.592662        0.019191
FIRE:  110 01:43:22     -601.592766        0.019444
FIRE:  111 01:43:31     -601.592910        0.016364
FIRE:  112 01:43:40     -601.593071        0.010105
FIRE:  113 01:43:48     -601.593222        0.004281
MACE calculation complete. Energy written to MACE_OUTCAR: -601.593222 eV
Job ended on: Mon 28 Apr 00:43:49 UTC 2025
