Si Bulk DFT energetics calculations using VASP
Running on host: comp164
Working directory: /lustre/home/ah1365/projects/127870/upgrade_report/case_studies/common/structures/interfaces/156_Si108Ge48_001_114_a0.0_b0.0_c0.0_interface8shift1
Job started on: Tue 10 Jun 04:45:55 UTC 2025
cuequivariance or cuequivariance_torch is not available. Cuequivariance acceleration will be disabled.
Using Materials Project MACE for MACECalculator with /lustre/home/ah1365/.cache/mace/MACE_MPtrj_20229model
Using float64 for MACECalculator, which is slower but more accurate. Recommended for geometry optimization.
Using TorchDFTD3Calculator for D3 dispersion corrections
      Step     Time          Energy          fmax
FIRE:    0 05:46:15    59304.854643    93399.331624
FIRE:    1 05:46:28     3404.399425    58892.124564
FIRE:    2 05:46:41      209.734271     1798.646420
FIRE:    3 05:46:53       52.990623      512.859708
FIRE:    4 05:47:06      -22.614739      425.608554
FIRE:    5 05:47:19      -93.415316      307.851700
FIRE:    6 05:47:31     -155.232674      203.329789
FIRE:    7 05:47:44     -210.918964      162.202944
FIRE:    8 05:47:57     -266.149233      151.420771
FIRE:    9 05:48:09     -323.561291      142.511985
FIRE:   10 05:48:22     -381.054508      126.084782
FIRE:   11 05:48:35     -434.809493      104.216856
FIRE:   12 05:48:48     -482.752686       83.604498
FIRE:   13 05:49:00     -524.645373       67.113811
FIRE:   14 05:49:13     -560.260843       48.774662
FIRE:   15 05:49:26     -589.924764       34.550748
FIRE:   16 05:49:39     -614.735638       27.570262
FIRE:   17 05:49:52     -635.693222       24.644989
FIRE:   18 05:50:05     -653.758814       21.714443
FIRE:   19 05:50:18     -669.559609       19.801228
FIRE:   20 05:50:31     -683.383021       18.385626
FIRE:   21 05:50:43     -695.477721       18.691993
FIRE:   22 05:50:56     -706.066795       18.916189
FIRE:   23 05:51:09     -715.271484       18.438209
FIRE:   24 05:51:22     -723.174355       17.183310
FIRE:   25 05:51:35     -729.856245       15.407243
FIRE:   26 05:51:48     -735.424188       13.566716
FIRE:   27 05:52:01     -740.020839       11.658161
FIRE:   28 05:52:14     -743.809528        9.789972
FIRE:   29 05:52:27     -746.964154        8.361228
FIRE:   30 05:52:40     -749.658969        8.700223
FIRE:   31 05:52:53     -752.057980        8.865455
FIRE:   32 05:53:06     -754.301244        8.828852
FIRE:   33 05:53:19     -756.493310        8.574962
FIRE:   34 05:53:32     -758.703998        8.170190
FIRE:   35 05:53:45     -760.970580        7.626896
FIRE:   36 05:53:58     -763.294439        8.040976
FIRE:   37 05:54:11     -765.648756        8.343553
FIRE:   38 05:54:24     -767.991581        8.441098
FIRE:   39 05:54:37     -770.275781        8.311565
FIRE:   40 05:54:50     -772.456676        7.947078
FIRE:   41 05:55:03     -774.499068        7.358059
FIRE:   42 05:55:16     -776.381313        6.582105
FIRE:   43 05:55:29     -778.096659        5.690388
FIRE:   44 05:55:41     -779.652221        4.770422
FIRE:   45 05:55:54     -781.065048        4.399328
FIRE:   46 05:56:07     -782.355665        4.666345
FIRE:   47 05:56:20     -783.542748        4.788105
FIRE:   48 05:56:33     -784.640886        4.744832
FIRE:   49 05:56:46     -785.659977        4.531485
FIRE:   50 05:56:59     -786.604178        4.157886
FIRE:   51 05:57:12     -787.471790        3.648574
FIRE:   52 05:57:25     -788.255779        3.356561
FIRE:   53 05:57:38     -788.944655        3.104193
FIRE:   54 05:57:50     -789.524232        2.789612
FIRE:   55 05:58:03     -789.981972        2.669610
FIRE:   56 05:58:16     -790.313992        3.365899
FIRE:   57 05:58:29     -790.528722        4.144242
FIRE:   58 05:58:42     -790.644523        4.915565
FIRE:   59 05:58:55     -793.340861        2.252466
FIRE:   60 05:59:08     -795.351297        1.560344
FIRE:   61 05:59:20     -796.925005        1.507639
FIRE:   62 05:59:33     -798.230983        1.448175
FIRE:   63 05:59:46     -799.378552        1.360903
FIRE:   64 05:59:59     -800.432247        1.241379
FIRE:   65 06:00:12     -801.421374        1.170577
FIRE:   66 06:00:25     -802.357487        1.192028
FIRE:   67 06:00:37     -803.238298        1.179842
FIRE:   68 06:00:50     -804.059230        1.115507
FIRE:   69 06:01:03     -804.821120        1.071254
FIRE:   70 06:01:16     -805.533175        1.122989
FIRE:   71 06:01:29     -806.211098        1.164264
FIRE:   72 06:01:42     -806.870607        1.181773
FIRE:   73 06:01:55     -807.516790        1.154559
FIRE:   74 06:02:07     -808.143020        1.062522
FIRE:   75 06:02:20     -808.736245        0.903232
FIRE:   76 06:02:33     -809.284064        0.723162
FIRE:   77 06:02:46     -809.777549        0.597455
FIRE:   78 06:02:59     -810.210657        0.550434
FIRE:   79 06:03:12     -810.582270        0.749407
FIRE:   80 06:03:24     -810.907388        1.353528
FIRE:   81 06:03:37     -811.221072        1.685039
FIRE:   82 06:03:50     -811.549703        1.590838
FIRE:   83 06:04:03     -811.884831        1.149188
FIRE:   84 06:04:16     -812.199333        0.630655
FIRE:   85 06:04:29     -812.480987        0.821274
FIRE:   86 06:04:42     -812.738470        0.920807
FIRE:   87 06:04:54     -812.985436        0.857663
FIRE:   88 06:05:07     -813.229659        0.800322
FIRE:   89 06:05:20     -813.473818        0.770800
FIRE:   90 06:05:33     -813.719213        0.764426
FIRE:   91 06:05:46     -813.965367        0.710642
FIRE:   92 06:05:59     -814.208607        0.611252
FIRE:   93 06:06:12     -814.443444        0.551060
FIRE:   94 06:06:25     -814.665536        0.550056
FIRE:   95 06:06:37     -814.873994        0.545799
FIRE:   96 06:06:50     -815.072235        0.521556
FIRE:   97 06:07:03     -815.267627        0.653836
FIRE:   98 06:07:16     -815.468169        0.768566
FIRE:   99 06:07:29     -815.676911        0.722317
FIRE:  100 06:07:42     -815.888925        0.536044
FIRE:  101 06:07:55     -816.096452        0.487058
FIRE:  102 06:08:08     -816.295779        0.506900
FIRE:  103 06:08:21     -816.488724        0.508424
FIRE:  104 06:08:33     -816.679037        0.486195
FIRE:  105 06:08:46     -816.868798        0.433521
FIRE:  106 06:08:59     -817.057149        0.439142
FIRE:  107 06:09:12     -817.240260        0.433472
FIRE:  108 06:09:25     -817.411417        0.420336
FIRE:  109 06:09:38     -817.562584        0.424544
FIRE:  110 06:09:51     -817.690661        0.686956
FIRE:  111 06:10:04     -817.804143        0.857992
FIRE:  112 06:10:17     -817.916783        0.892381
FIRE:  113 06:10:30     -818.032031        0.716217
FIRE:  114 06:10:43     -818.139790        0.501747
FIRE:  115 06:10:56     -818.229730        0.388807
FIRE:  116 06:11:09     -818.300957        0.465447
FIRE:  117 06:11:21     -818.358629        0.565370
FIRE:  118 06:11:34     -818.408231        0.548157
FIRE:  119 06:11:47     -818.456120        0.689556
FIRE:  120 06:12:00     -818.510790        0.796399
FIRE:  121 06:12:13     -818.577415        0.747742
FIRE:  122 06:12:26     -818.651396        0.568793
FIRE:  123 06:12:39     -818.722627        0.515864
FIRE:  124 06:12:52     -818.785258        0.511497
FIRE:  125 06:13:05     -818.838998        0.506670
FIRE:  126 06:13:17     -818.884328        0.429601
FIRE:  127 06:13:30     -818.920507        0.474363
FIRE:  128 06:13:43     -818.949674        0.515716
FIRE:  129 06:13:56     -819.197302        0.280723
FIRE:  130 06:14:09     -819.332404        0.236700
FIRE:  131 06:14:22     -819.451735        0.382494
FIRE:  132 06:14:35     -819.554163        0.277909
FIRE:  133 06:14:48     -819.637783        0.177823
FIRE:  134 06:15:01     -819.701322        0.184705
FIRE:  135 06:15:13     -819.749977        0.202893
FIRE:  136 06:15:26     -819.792747        0.206194
FIRE:  137 06:15:39     -819.840741        0.175334
FIRE:  138 06:15:52     -819.889626        0.150108
FIRE:  139 06:16:05     -819.936177        0.187863
FIRE:  140 06:16:18     -819.985069        0.136867
FIRE:  141 06:16:31     -820.030538        0.122281
FIRE:  142 06:16:44     -820.075752        0.142968
FIRE:  143 06:16:57     -820.123496        0.093453
FIRE:  144 06:17:10     -820.170632        0.086450
FIRE:  145 06:17:22     -820.216659        0.128899
FIRE:  146 06:17:35     -820.261353        0.110493
FIRE:  147 06:17:48     -820.303151        0.098044
FIRE:  148 06:18:01     -820.341577        0.088703
FIRE:  149 06:18:14     -820.378558        0.077766
FIRE:  150 06:18:27     -820.412839        0.106096
FIRE:  151 06:18:40     -820.442460        0.074527
FIRE:  152 06:18:53     -820.467991        0.074844
FIRE:  153 06:19:06     -820.487589        0.089901
FIRE:  154 06:19:19     -820.501797        0.084777
FIRE:  155 06:19:31     -820.512187        0.082242
FIRE:  156 06:19:44     -820.519359        0.079905
FIRE:  157 06:19:57     -820.534376        0.109164
FIRE:  158 06:20:10     -820.544340        0.058922
FIRE:  159 06:20:23     -820.547114        0.119202
FIRE:  160 06:20:36     -820.549776        0.089791
FIRE:  161 06:20:49     -820.553135        0.055365
FIRE:  162 06:21:02     -820.555386        0.053813
FIRE:  163 06:21:15     -820.556959        0.071811
FIRE:  164 06:21:28     -820.559559        0.071237
FIRE:  165 06:21:40     -820.563636        0.049612
FIRE:  166 06:21:53     -820.568178        0.047487
FIRE:  167 06:22:06     -820.572571        0.052576
FIRE:  168 06:22:19     -820.577172        0.062546
FIRE:  169 06:22:32     -820.582976        0.039214
FIRE:  170 06:22:45     -820.589456        0.042959
FIRE:  171 06:22:58     -820.596439        0.047248
FIRE:  172 06:23:11     -820.604367        0.054497
FIRE:  173 06:23:24     -820.613483        0.057047
FIRE:  174 06:23:37     -820.624381        0.062226
FIRE:  175 06:23:49     -820.638330        0.070469
FIRE:  176 06:24:02     -820.655857        0.077240
FIRE:  177 06:24:15     -820.679355        0.071197
FIRE:  178 06:24:28     -820.708748        0.103210
FIRE:  179 06:24:41     -820.738181        0.192250
FIRE:  180 06:24:54     -820.761540        0.302810
FIRE:  181 06:25:07     -820.777165        0.061147
FIRE:  182 06:25:20     -820.777883        0.061033
FIRE:  183 06:25:33     -820.779125        0.060846
FIRE:  184 06:25:45     -820.780716        0.060663
FIRE:  185 06:25:58     -820.782694        0.060576
FIRE:  186 06:26:11     -820.785216        0.060654
FIRE:  187 06:26:24     -820.788275        0.060912
FIRE:  188 06:26:37     -820.791703        0.061292
FIRE:  189 06:26:50     -820.795810        0.061696
FIRE:  190 06:27:03     -820.800875        0.061849
FIRE:  191 06:27:16     -820.807151        0.061331
FIRE:  192 06:27:29     -820.814577        0.059661
FIRE:  193 06:27:42     -820.823443        0.056620
FIRE:  194 06:27:55     -820.834004        0.052408
FIRE:  195 06:28:07     -820.846234        0.047519
FIRE:  196 06:28:20     -820.860333        0.042578
FIRE:  197 06:28:33     -820.876365        0.042128
FIRE:  198 06:28:46     -820.894371        0.046240
FIRE:  199 06:28:59     -820.914713        0.058244
FIRE:  200 06:29:12     -820.936810        0.118038
FIRE:  201 06:29:25     -820.952295        0.255427
FIRE:  202 06:29:38     -820.959296        0.045221
FIRE:  203 06:29:51     -820.957476        0.214943
FIRE:  204 06:30:04     -820.959274        0.166371
FIRE:  205 06:30:17     -820.961529        0.080575
FIRE:  206 06:30:30     -820.962733        0.043522
FIRE:  207 06:30:42     -820.962739        0.104226
FIRE:  208 06:30:55     -820.962886        0.098171
FIRE:  209 06:31:08     -820.963161        0.086419
FIRE:  210 06:31:21     -820.963519        0.069688
FIRE:  211 06:31:34     -820.963914        0.049072
FIRE:  212 06:31:47     -820.964304        0.042520
FIRE:  213 06:32:00     -820.964664        0.041712
FIRE:  214 06:32:13     -820.964991        0.041273
FIRE:  215 06:32:26     -820.965345        0.041110
FIRE:  216 06:32:39     -820.965779        0.052791
FIRE:  217 06:32:51     -820.966371        0.058466
FIRE:  218 06:33:04     -820.967177        0.053311
FIRE:  219 06:33:17     -820.968200        0.039893
FIRE:  220 06:33:30     -820.969378        0.039490
FIRE:  221 06:33:43     -820.970634        0.039615
FIRE:  222 06:33:56     -820.972058        0.039785
FIRE:  223 06:34:09     -820.973834        0.039153
FIRE:  224 06:34:22     -820.975935        0.038073
FIRE:  225 06:34:35     -820.978204        0.038054
FIRE:  226 06:34:48     -820.980756        0.041598
FIRE:  227 06:35:00     -820.983767        0.038409
FIRE:  228 06:35:13     -820.986948        0.039488
FIRE:  229 06:35:26     -820.990680        0.040512
FIRE:  230 06:35:39     -820.994821        0.045175
FIRE:  231 06:35:52     -820.999912        0.046390
FIRE:  232 06:36:05     -821.006080        0.052257
FIRE:  233 06:36:18     -821.014272        0.057924
FIRE:  234 06:36:31     -821.025664        0.070252
FIRE:  235 06:36:44     -821.042216        0.089624
FIRE:  236 06:36:57     -821.065509        0.190995
FIRE:  237 06:37:10     -821.085421        0.496956
FIRE:  238 06:37:23     -821.101019        0.085029
FIRE:  239 06:37:35     -821.101596        0.084809
FIRE:  240 06:37:48     -821.102684        0.084458
FIRE:  241 06:38:01     -821.104215        0.084131
FIRE:  242 06:38:14     -821.106187        0.083998
FIRE:  243 06:38:27     -821.108622        0.084178
FIRE:  244 06:38:40     -821.111528        0.084698
FIRE:  245 06:38:53     -821.114850        0.085475
FIRE:  246 06:39:06     -821.118958        0.086426
FIRE:  247 06:39:19     -821.124032        0.087202
FIRE:  248 06:39:31     -821.130268        0.087200
FIRE:  249 06:39:44     -821.137764        0.085519
FIRE:  250 06:39:57     -821.146628        0.080995
FIRE:  251 06:40:10     -821.156928        0.072511
FIRE:  252 06:40:23     -821.168573        0.068499
FIRE:  253 06:40:36     -821.181632        0.078527
FIRE:  254 06:40:49     -821.196156        0.089307
FIRE:  255 06:41:02     -821.212487        0.099366
FIRE:  256 06:41:15     -821.231222        0.104910
FIRE:  257 06:41:28     -821.253496        0.122897
FIRE:  258 06:41:41     -821.281044        0.203246
FIRE:  259 06:41:53     -821.319413        0.181498
FIRE:  260 06:42:06     -821.368932        0.227225
FIRE:  261 06:42:19     -821.423174        0.209573
FIRE:  262 06:42:32     -821.478331        0.109460
FIRE:  263 06:42:45     -821.526799        0.088708
FIRE:  264 06:42:58     -821.564462        0.102955
FIRE:  265 06:43:11     -821.590816        0.165987
FIRE:  266 06:43:24     -821.607851        0.198157
FIRE:  267 06:43:37     -821.617696        0.218641
FIRE:  268 06:43:50     -821.594463        0.809806
FIRE:  269 06:44:03     -821.632254        0.122375
FIRE:  270 06:44:16     -821.633159        0.089022
FIRE:  271 06:44:28     -821.634517        0.055706
FIRE:  272 06:44:41     -821.635901        0.052144
FIRE:  273 06:44:54     -821.637344        0.080525
FIRE:  274 06:45:07     -821.639211        0.092997
FIRE:  275 06:45:20     -821.641587        0.068177
FIRE:  276 06:45:33     -821.644150        0.039958
FIRE:  277 06:45:46     -821.646836        0.043612
FIRE:  278 06:45:59     -821.649799        0.067679
FIRE:  279 06:46:12     -821.653363        0.037113
FIRE:  280 06:46:25     -821.657037        0.035347
FIRE:  281 06:46:38     -821.660824        0.057483
FIRE:  282 06:46:51     -821.665090        0.032915
FIRE:  283 06:47:03     -821.669398        0.061810
FIRE:  284 06:47:16     -821.674551        0.037520
FIRE:  285 06:47:29     -821.680434        0.045802
FIRE:  286 06:47:42     -821.687746        0.066702
FIRE:  287 06:47:55     -821.697074        0.044301
FIRE:  288 06:48:08     -821.708714        0.046782
FIRE:  289 06:48:21     -821.722846        0.046393
FIRE:  290 06:48:34     -821.738068        0.087907
FIRE:  291 06:48:47     -821.743921        0.274792
FIRE:  292 06:49:00     -821.756491        0.042111
FIRE:  293 06:49:13     -821.756845        0.041865
FIRE:  294 06:49:25     -821.757419        0.041398
FIRE:  295 06:49:38     -821.758110        0.040758
FIRE:  296 06:49:51     -821.758941        0.040028
FIRE:  297 06:50:04     -821.760016        0.039296
FIRE:  298 06:50:17     -821.761348        0.038634
FIRE:  299 06:50:30     -821.762840        0.038087
FIRE:  300 06:50:43     -821.764576        0.038823
FIRE:  301 06:50:56     -821.766690        0.039359
FIRE:  302 06:51:11     -821.769329        0.039576
FIRE:  303 06:51:24     -821.772403        0.039336
FIRE:  304 06:51:37     -821.775997        0.038435
FIRE:  305 06:51:50     -821.780250        0.036436
FIRE:  306 06:52:03     -821.785024        0.032713
FIRE:  307 06:52:16     -821.790360        0.028905
FIRE:  308 06:52:29     -821.795967        0.024453
FIRE:  309 06:52:42     -821.801359        0.025489
FIRE:  310 06:52:55     -821.805715        0.040007
FIRE:  311 06:53:08     -821.807835        0.072948
FIRE:  312 06:53:21     -821.808768        0.022988
FIRE:  313 06:53:34     -821.808721        0.044372
FIRE:  314 06:53:46     -821.808840        0.036606
FIRE:  315 06:53:59     -821.809012        0.022554
FIRE:  316 06:54:12     -821.809147        0.014342
FIRE:  317 06:54:25     -821.809207        0.013274
FIRE:  318 06:54:38     -821.809233        0.023822
FIRE:  319 06:54:51     -821.809297        0.027777
FIRE:  320 06:55:04     -821.809433        0.025499
FIRE:  321 06:55:17     -821.809635        0.015890
FIRE:  322 06:55:30     -821.809830        0.009345
MACE calculation complete. Energy written to MACE_OUTCAR: -821.809830 eV
Job ended on: Tue 10 Jun 05:55:34 UTC 2025
