Si Bulk DFT energetics calculations using VASP
Running on host: comp167
Working directory: /lustre/home/ah1365/projects/127870/upgrade_report/case_studies/common/structures/interfaces/48_Ge48_001_122_a0.31746_b0.230159_c1.091038_interface6shift3
Job started on: Tue  3 Jun 09:36:07 UTC 2025
cuequivariance or cuequivariance_torch is not available. Cuequivariance acceleration will be disabled.
Using Materials Project MACE for MACECalculator with /lustre/home/ah1365/.cache/mace/MACE_MPtrj_20229model
Using float64 for MACECalculator, which is slower but more accurate. Recommended for geometry optimization.
Using TorchDFTD3Calculator for D3 dispersion corrections
      Step     Time          Energy          fmax
FIRE:    0 10:36:17     -213.216312       17.422050
FIRE:    1 10:36:21     -218.036164        8.131290
FIRE:    2 10:36:25     -220.231800        2.518394
FIRE:    3 10:36:28     -220.682326        3.048143
FIRE:    4 10:36:32     -220.836422        2.813729
FIRE:    5 10:36:35     -221.099163        2.393345
FIRE:    6 10:36:39     -221.403882        1.924188
FIRE:    7 10:36:42     -221.698134        1.448666
FIRE:    8 10:36:46     -221.968001        1.287907
FIRE:    9 10:36:49     -222.231262        1.542148
FIRE:   10 10:36:53     -222.507228        1.574807
FIRE:   11 10:36:56     -222.826107        1.332254
FIRE:   12 10:37:00     -223.162976        0.879266
FIRE:   13 10:37:03     -223.469797        0.742716
FIRE:   14 10:37:07     -223.701755        0.556563
FIRE:   15 10:37:10     -223.845460        0.546935
FIRE:   16 10:37:14     -223.907590        0.615710
FIRE:   17 10:37:17     -223.913998        0.598398
FIRE:   18 10:37:21     -223.926332        0.564274
FIRE:   19 10:37:24     -223.943679        0.514389
FIRE:   20 10:37:28     -223.964811        0.450404
FIRE:   21 10:37:31     -223.988274        0.374714
FIRE:   22 10:37:35     -224.012646        0.290654
FIRE:   23 10:37:38     -224.036651        0.235269
FIRE:   24 10:37:42     -224.061703        0.208508
FIRE:   25 10:37:45     -224.086949        0.225576
FIRE:   26 10:37:49     -224.112104        0.253970
FIRE:   27 10:37:52     -224.137935        0.299928
FIRE:   28 10:37:56     -224.165869        0.325138
FIRE:   29 10:37:59     -224.196907        0.317524
FIRE:   30 10:38:03     -224.230268        0.277685
FIRE:   31 10:38:06     -224.263311        0.227351
FIRE:   32 10:38:10     -224.294519        0.211569
FIRE:   33 10:38:13     -224.326525        0.240576
FIRE:   34 10:38:17     -224.363118        0.269357
FIRE:   35 10:38:20     -224.404916        0.278254
FIRE:   36 10:38:24     -224.453072        0.287402
FIRE:   37 10:38:27     -224.512922        0.298669
FIRE:   38 10:38:31     -224.589992        0.289410
FIRE:   39 10:38:34     -224.690429        0.284604
FIRE:   40 10:38:38     -224.803342        0.295954
FIRE:   41 10:38:42     -224.923058        0.220583
FIRE:   42 10:38:45     -225.043756        0.231655
FIRE:   43 10:38:49     -225.166263        0.226712
FIRE:   44 10:38:52     -225.288597        0.223416
FIRE:   45 10:38:56     -225.405388        0.257191
FIRE:   46 10:38:59     -225.512702        0.302231
FIRE:   47 10:39:03     -225.611505        0.330181
FIRE:   48 10:39:06     -225.704645        0.308979
FIRE:   49 10:39:10     -225.790859        0.244864
FIRE:   50 10:39:13     -225.865595        0.178680
FIRE:   51 10:39:17     -225.925717        0.159817
FIRE:   52 10:39:20     -225.972970        0.147421
FIRE:   53 10:39:24     -226.011778        0.137566
FIRE:   54 10:39:28     -226.044565        0.133826
FIRE:   55 10:39:31     -226.070946        0.132767
FIRE:   56 10:39:35     -226.087211        0.112148
FIRE:   57 10:39:38     -226.091076        0.125651
FIRE:   58 10:39:42     -226.124128        0.098824
FIRE:   59 10:39:45     -226.160508        0.086464
FIRE:   60 10:39:49     -226.196221        0.085074
FIRE:   61 10:39:52     -226.226668        0.113597
FIRE:   62 10:39:56     -226.264838        0.164171
FIRE:   63 10:39:59     -226.312778        0.178739
FIRE:   64 10:40:03     -226.374343        0.232928
FIRE:   65 10:40:06     -226.478097        0.380764
FIRE:   66 10:40:10     -226.617593        0.424873
FIRE:   67 10:40:14     -226.748935        0.350577
FIRE:   68 10:40:17     -226.852895        0.333794
FIRE:   69 10:40:21     -226.941332        0.390010
FIRE:   70 10:40:24     -227.031674        0.312500
FIRE:   71 10:40:28     -227.124155        0.254695
FIRE:   72 10:40:31     -227.211588        0.182210
FIRE:   73 10:40:35     -227.289497        0.203608
FIRE:   74 10:40:38     -227.355896        0.179685
FIRE:   75 10:40:42     -227.415845        0.160796
FIRE:   76 10:40:45     -227.476434        0.216078
FIRE:   77 10:40:49     -227.542345        0.264293
FIRE:   78 10:40:53     -227.615694        0.280832
FIRE:   79 10:40:56     -227.694150        0.275948
FIRE:   80 10:41:00     -227.773837        0.261814
FIRE:   81 10:41:03     -227.852944        0.239781
FIRE:   82 10:41:07     -227.937718        0.259425
FIRE:   83 10:41:10     -228.037517        0.306748
FIRE:   84 10:41:14     -228.148894        0.297550
FIRE:   85 10:41:17     -228.258483        0.356442
FIRE:   86 10:41:21     -228.357006        0.417808
FIRE:   87 10:41:25     -228.442432        0.440966
FIRE:   88 10:41:28     -228.515583        0.374259
FIRE:   89 10:41:32     -228.574562        0.289519
FIRE:   90 10:41:35     -228.615847        0.309509
FIRE:   91 10:41:39     -228.643221        0.291907
FIRE:   92 10:41:42     -228.662413        0.219264
FIRE:   93 10:41:46     -228.671655        0.178468
FIRE:   94 10:41:50     -228.724388        0.141396
FIRE:   95 10:41:53     -228.736052        0.101435
FIRE:   96 10:41:57     -228.746905        0.077393
FIRE:   97 10:42:00     -228.755822        0.088089
FIRE:   98 10:42:04     -228.768433        0.065453
FIRE:   99 10:42:07     -228.780472        0.054019
FIRE:  100 10:42:11     -228.788634        0.070898
FIRE:  101 10:42:14     -228.795222        0.071024
FIRE:  102 10:42:18     -228.801956        0.082540
FIRE:  103 10:42:21     -228.809246        0.048776
FIRE:  104 10:42:25     -228.813523        0.073495
FIRE:  105 10:42:28     -228.814773        0.064185
FIRE:  106 10:42:32     -228.816502        0.047686
FIRE:  107 10:42:36     -228.817928        0.031721
FIRE:  108 10:42:39     -228.819032        0.043613
FIRE:  109 10:42:43     -228.820435        0.053547
FIRE:  110 10:42:46     -228.822410        0.050282
FIRE:  111 10:42:50     -228.824711        0.036975
FIRE:  112 10:42:53     -228.827216        0.035765
FIRE:  113 10:42:57     -228.829812        0.035732
FIRE:  114 10:43:00     -228.832788        0.037326
FIRE:  115 10:43:04     -228.836612        0.040302
FIRE:  116 10:43:08     -228.841587        0.044394
FIRE:  117 10:43:11     -228.847351        0.048078
FIRE:  118 10:43:15     -228.855028        0.048264
FIRE:  119 10:43:18     -228.864595        0.043050
FIRE:  120 10:43:22     -228.874711        0.028393
FIRE:  121 10:43:25     -228.881710        0.034236
FIRE:  122 10:43:29     -228.880600        0.069469
FIRE:  123 10:43:32     -228.882187        0.058835
FIRE:  124 10:43:36     -228.883837        0.039877
FIRE:  125 10:43:39     -228.884959        0.027221
FIRE:  126 10:43:43     -228.885792        0.023803
FIRE:  127 10:43:47     -228.886014        0.028264
FIRE:  128 10:43:50     -228.886100        0.026951
FIRE:  129 10:43:54     -228.886251        0.024583
FIRE:  130 10:43:57     -228.886434        0.021376
FIRE:  131 10:44:01     -228.886616        0.017320
FIRE:  132 10:44:04     -228.886780        0.012670
FIRE:  133 10:44:08     -228.886919        0.009294
MACE calculation complete. Energy written to MACE_OUTCAR: -228.886919 eV
Job ended on: Tue  3 Jun 09:44:09 UTC 2025
