Si Bulk DFT energetics calculations using VASP
Running on host: comp130
Working directory: /lustre/home/ah1365/projects/127870/upgrade_report/case_studies/common/structures/interfaces/60_Si36Sn24_012_012_a0.0_b0.0_c0.0_interface10shift1
Job started on: Tue  3 Jun 19:20:27 UTC 2025
cuequivariance or cuequivariance_torch is not available. Cuequivariance acceleration will be disabled.
Using Materials Project MACE for MACECalculator with /lustre/home/ah1365/.cache/mace/MACE_MPtrj_20229model
Using float64 for MACECalculator, which is slower but more accurate. Recommended for geometry optimization.
Using TorchDFTD3Calculator for D3 dispersion corrections
      Step     Time          Energy          fmax
FIRE:    0 20:21:01      681.291697     1460.717393
FIRE:    1 20:21:06      127.521993      907.043043
FIRE:    2 20:21:10      -15.186069      168.267578
FIRE:    3 20:21:15      -72.994572       97.942543
FIRE:    4 20:21:19     -113.563284       66.124451
FIRE:    5 20:21:24     -143.557388       55.106375
FIRE:    6 20:21:28     -167.458109       45.833736
FIRE:    7 20:21:32     -187.651689       37.788484
FIRE:    8 20:21:37     -204.362023       29.357805
FIRE:    9 20:21:41     -217.665042       21.730668
FIRE:   10 20:21:45     -228.227182       16.695625
FIRE:   11 20:21:50     -236.482693       18.259479
FIRE:   12 20:21:54     -242.640180       20.179520
FIRE:   13 20:21:59     -247.323392       20.469110
FIRE:   14 20:22:03     -251.007728       19.084932
FIRE:   15 20:22:08     -253.940101       16.488636
FIRE:   16 20:22:12     -256.329265       13.290064
FIRE:   17 20:22:16     -258.324574       10.300653
FIRE:   18 20:22:21     -260.057622        8.570439
FIRE:   19 20:22:25     -261.597570        7.742835
FIRE:   20 20:22:30     -262.984399        6.503795
FIRE:   21 20:22:34     -264.305821        5.971787
FIRE:   22 20:22:39     -265.629517        5.884445
FIRE:   23 20:22:43     -266.994597        5.482107
FIRE:   24 20:22:47     -268.401622        4.827142
FIRE:   25 20:22:52     -269.810744        4.677804
FIRE:   26 20:22:56     -271.169779        4.583670
FIRE:   27 20:23:01     -272.431076        4.382560
FIRE:   28 20:23:05     -273.565744        4.091087
FIRE:   29 20:23:10     -274.576309        3.735766
FIRE:   30 20:23:14     -275.500162        3.344716
FIRE:   31 20:23:18     -276.398860        3.254360
FIRE:   32 20:23:23     -277.320332        3.028980
FIRE:   33 20:23:27     -278.285600        2.720505
FIRE:   34 20:23:32     -279.284373        2.485721
FIRE:   35 20:23:36     -280.284325        2.256889
FIRE:   36 20:23:41     -281.248471        2.058817
FIRE:   37 20:23:45     -282.150299        1.933040
FIRE:   38 20:23:50     -282.977356        2.076769
FIRE:   39 20:23:54     -283.725341        2.259162
FIRE:   40 20:23:59     -284.390900        2.293922
FIRE:   41 20:24:03     -284.970581        2.182749
FIRE:   42 20:24:08     -285.467029        1.951703
FIRE:   43 20:24:12     -285.893567        1.802080
FIRE:   44 20:24:17     -286.272984        1.940084
FIRE:   45 20:24:21     -286.633220        1.969532
FIRE:   46 20:24:25     -287.002656        2.246901
FIRE:   47 20:24:30     -287.405518        2.337534
FIRE:   48 20:24:34     -287.854259        2.552749
FIRE:   49 20:24:39     -288.336729        2.532479
FIRE:   50 20:24:43     -288.809879        2.242732
FIRE:   51 20:24:48     -289.214781        1.761368
FIRE:   52 20:24:52     -289.510114        1.646697
FIRE:   53 20:24:57     -289.697222        1.955024
FIRE:   54 20:25:01     -289.819244        2.194068
FIRE:   55 20:25:06     -289.939530        2.286030
FIRE:   56 20:25:10     -290.113319        2.179743
FIRE:   57 20:25:15     -290.362766        1.997035
FIRE:   58 20:25:19     -290.669446        2.046969
FIRE:   59 20:25:23     -290.989361        1.937272
FIRE:   60 20:25:28     -291.279171        1.693689
FIRE:   61 20:25:32     -291.513751        1.637546
FIRE:   62 20:25:37     -291.684113        1.662703
FIRE:   63 20:25:41     -291.789304        1.694560
FIRE:   64 20:25:46     -292.663623        0.772551
FIRE:   65 20:25:50     -293.101116        0.588959
FIRE:   66 20:25:55     -293.351630        0.958542
FIRE:   67 20:25:59     -293.563616        0.754215
FIRE:   68 20:26:04     -293.760041        0.533900
FIRE:   69 20:26:08     -293.951871        0.433838
FIRE:   70 20:26:13     -294.151414        0.600612
FIRE:   71 20:26:17     -294.361150        0.667604
FIRE:   72 20:26:22     -294.577576        0.625034
FIRE:   73 20:26:26     -294.788956        0.465255
FIRE:   74 20:26:30     -294.980191        0.341883
FIRE:   75 20:26:35     -295.144191        0.333338
FIRE:   76 20:26:39     -295.287339        0.324196
FIRE:   77 20:26:44     -295.418891        0.341578
FIRE:   78 20:26:48     -295.535236        0.307241
FIRE:   79 20:26:53     -295.634795        0.264217
FIRE:   80 20:26:57     -295.724707        0.228450
FIRE:   81 20:27:02     -295.815770        0.277541
FIRE:   82 20:27:06     -295.914550        0.226606
FIRE:   83 20:27:11     -296.017611        0.224728
FIRE:   84 20:27:15     -296.117949        0.200375
FIRE:   85 20:27:20     -296.213095        0.207004
FIRE:   86 20:27:24     -296.304476        0.238026
FIRE:   87 20:27:29     -296.396565        0.260725
FIRE:   88 20:27:33     -296.496661        0.258470
FIRE:   89 20:27:38     -296.606556        0.238907
FIRE:   90 20:27:42     -296.716992        0.212127
FIRE:   91 20:27:47     -296.816232        0.180288
FIRE:   92 20:27:51     -296.898616        0.157485
FIRE:   93 20:27:56     -296.962757        0.152987
FIRE:   94 20:28:00     -297.007198        0.177048
FIRE:   95 20:28:05     -297.033399        0.215982
FIRE:   96 20:28:09     -297.050202        0.232515
FIRE:   97 20:28:14     -297.160656        0.163098
FIRE:   98 20:28:18     -297.238187        0.160874
FIRE:   99 20:28:23     -297.297715        0.180093
FIRE:  100 20:28:27     -297.357237        0.143158
FIRE:  101 20:28:32     -297.410906        0.104821
FIRE:  102 20:28:36     -297.447847        0.101882
FIRE:  103 20:28:41     -297.468433        0.119707
FIRE:  104 20:28:45     -297.479712        0.090428
FIRE:  105 20:28:50     -297.489165        0.080084
FIRE:  106 20:28:54     -297.498742        0.065799
FIRE:  107 20:28:59     -297.506650        0.063580
FIRE:  108 20:29:03     -297.513409        0.061442
FIRE:  109 20:29:08     -297.521398        0.059140
FIRE:  110 20:29:12     -297.529370        0.060650
FIRE:  111 20:29:17     -297.538198        0.051597
FIRE:  112 20:29:21     -297.547730        0.070363
FIRE:  113 20:29:26     -297.559227        0.072847
FIRE:  114 20:29:30     -297.575076        0.057388
FIRE:  115 20:29:35     -297.591899        0.043371
FIRE:  116 20:29:39     -297.604897        0.070897
FIRE:  117 20:29:44     -297.611174        0.192475
FIRE:  118 20:29:48     -297.623912        0.044183
FIRE:  119 20:29:53     -297.617069        0.181784
FIRE:  120 20:29:57     -297.621498        0.130634
FIRE:  121 20:30:02     -297.626204        0.053460
FIRE:  122 20:30:07     -297.627055        0.049043
FIRE:  123 20:30:11     -297.627173        0.045448
FIRE:  124 20:30:16     -297.627390        0.044283
FIRE:  125 20:30:20     -297.627670        0.044155
FIRE:  126 20:30:25     -297.627973        0.044014
FIRE:  127 20:30:29     -297.628272        0.043876
FIRE:  128 20:30:34     -297.628553        0.043754
FIRE:  129 20:30:38     -297.628829        0.043653
FIRE:  130 20:30:43     -297.629164        0.043561
FIRE:  131 20:30:47     -297.629608        0.043473
FIRE:  132 20:30:52     -297.630203        0.043378
FIRE:  133 20:30:56     -297.630976        0.043275
FIRE:  134 20:31:01     -297.631887        0.043159
FIRE:  135 20:31:06     -297.632900        0.042995
FIRE:  136 20:31:10     -297.634056        0.042653
FIRE:  137 20:31:15     -297.635488        0.041923
FIRE:  138 20:31:19     -297.637246        0.040610
FIRE:  139 20:31:24     -297.639211        0.038635
FIRE:  140 20:31:28     -297.641471        0.035981
FIRE:  141 20:31:33     -297.644153        0.032553
FIRE:  142 20:31:37     -297.647114        0.028861
FIRE:  143 20:31:42     -297.650520        0.030514
FIRE:  144 20:31:46     -297.654251        0.032312
FIRE:  145 20:31:51     -297.658499        0.033283
FIRE:  146 20:31:55     -297.663158        0.032654
FIRE:  147 20:32:00     -297.668249        0.029323
FIRE:  148 20:32:04     -297.673491        0.048361
FIRE:  149 20:32:09     -297.677745        0.082565
FIRE:  150 20:32:13     -297.677688        0.195217
FIRE:  151 20:32:18     -297.682720        0.015641
FIRE:  152 20:32:23     -297.679508        0.168495
FIRE:  153 20:32:27     -297.681121        0.128685
FIRE:  154 20:32:32     -297.682945        0.058125
FIRE:  155 20:32:36     -297.683458        0.026814
FIRE:  156 20:32:41     -297.683480        0.025237
FIRE:  157 20:32:45     -297.683520        0.022189
FIRE:  158 20:32:50     -297.683574        0.017894
FIRE:  159 20:32:54     -297.683640        0.012920
FIRE:  160 20:32:59     -297.683705        0.013125
FIRE:  161 20:33:03     -297.683772        0.013313
FIRE:  162 20:33:08     -297.683844        0.013454
FIRE:  163 20:33:12     -297.683931        0.013525
FIRE:  164 20:33:17     -297.684041        0.015444
FIRE:  165 20:33:21     -297.684181        0.015922
FIRE:  166 20:33:26     -297.684355        0.014467
FIRE:  167 20:33:30     -297.684572        0.012169
FIRE:  168 20:33:35     -297.684825        0.011329
FIRE:  169 20:33:40     -297.685105        0.010434
FIRE:  170 20:33:44     -297.685425        0.012638
FIRE:  171 20:33:49     -297.685818        0.009610
MACE calculation complete. Energy written to MACE_OUTCAR: -297.685818 eV
Job ended on: Tue  3 Jun 19:33:49 UTC 2025
