Si Bulk DFT energetics calculations using VASP
Running on host: comp171
Working directory: /lustre/home/ah1365/projects/127870/upgrade_report/case_studies/common/structures/interfaces/120_Si72Ge48_011_001_a0.368421_b0.222222_c2.163935_interface6shift7swap1
Job started on: Sun  8 Jun 16:49:46 UTC 2025
cuequivariance or cuequivariance_torch is not available. Cuequivariance acceleration will be disabled.
Using Materials Project MACE for MACECalculator with /lustre/home/ah1365/.cache/mace/MACE_MPtrj_20229model
Using float64 for MACECalculator, which is slower but more accurate. Recommended for geometry optimization.
Using TorchDFTD3Calculator for D3 dispersion corrections
      Step     Time          Energy          fmax
FIRE:    0 17:50:50     -623.175578        1.654918
FIRE:    1 17:50:59     -623.587229        1.558057
FIRE:    2 17:51:09     -624.278448        1.370098
FIRE:    3 17:51:18     -625.051663        1.100174
FIRE:    4 17:51:27     -625.696877        0.918578
FIRE:    5 17:51:37     -626.146728        0.700524
FIRE:    6 17:51:46     -626.463906        0.619827
FIRE:    7 17:51:55     -626.684872        0.598702
FIRE:    8 17:52:05     -626.879868        0.578643
FIRE:    9 17:52:14     -627.092456        0.643095
FIRE:   10 17:52:23     -627.309774        0.650833
FIRE:   11 17:52:33     -627.530127        0.563544
FIRE:   12 17:52:42     -627.759938        0.512896
FIRE:   13 17:52:51     -627.997814        0.416457
FIRE:   14 17:53:01     -628.239520        0.436940
FIRE:   15 17:53:10     -628.488231        0.487423
FIRE:   16 17:53:19     -628.753212        0.581933
FIRE:   17 17:53:29     -629.043719        0.679956
FIRE:   18 17:53:38     -629.365158        0.750621
FIRE:   19 17:53:47     -629.708666        0.737666
FIRE:   20 17:53:57     -630.044095        0.679046
FIRE:   21 17:54:06     -630.345518        0.586315
FIRE:   22 17:54:16     -630.606635        0.516054
FIRE:   23 17:54:25     -630.820598        0.428636
FIRE:   24 17:54:34     -630.976460        0.580884
FIRE:   25 17:54:44     -631.077251        0.697576
FIRE:   26 17:54:53     -631.148347        0.716428
FIRE:   27 17:55:02     -631.236609        0.792757
FIRE:   28 17:55:12     -631.371629        0.635085
FIRE:   29 17:55:21     -631.525732        0.470359
FIRE:   30 17:55:30     -631.664168        0.353369
FIRE:   31 17:55:40     -631.783737        0.350057
FIRE:   32 17:55:49     -631.897167        0.386118
FIRE:   33 17:55:58     -632.018311        0.345973
FIRE:   34 17:56:08     -632.147715        0.292625
FIRE:   35 17:56:17     -632.273326        0.284812
FIRE:   36 17:56:27     -632.387126        0.261359
FIRE:   37 17:56:36     -632.497635        0.270514
FIRE:   38 17:56:45     -632.620451        0.246147
FIRE:   39 17:56:54     -632.760790        0.227129
FIRE:   40 17:57:04     -632.910078        0.209044
FIRE:   41 17:57:13     -633.055393        0.214648
FIRE:   42 17:57:22     -633.189252        0.211829
FIRE:   43 17:57:32     -633.310212        0.197644
FIRE:   44 17:57:41     -633.417261        0.216425
FIRE:   45 17:57:50     -633.506551        0.312550
FIRE:   46 17:58:00     -633.575483        0.361818
FIRE:   47 17:58:09     -633.628910        0.347433
FIRE:   48 17:58:18     -633.682052        0.364488
FIRE:   49 17:58:27     -633.748500        0.357693
FIRE:   50 17:58:37     -633.827356        0.327791
FIRE:   51 17:58:46     -633.908877        0.271072
FIRE:   52 17:58:55     -633.982380        0.193494
FIRE:   53 17:59:05     -634.040062        0.201149
FIRE:   54 17:59:14     -634.079144        0.218173
FIRE:   55 17:59:23     -634.102194        0.206362
FIRE:   56 17:59:33     -634.114928        0.233831
FIRE:   57 17:59:42     -634.181865        0.176270
FIRE:   58 17:59:51     -634.204296        0.079245
FIRE:   59 18:00:00     -634.213605        0.123263
FIRE:   60 18:00:10     -634.216561        0.108477
FIRE:   61 18:00:19     -634.221243        0.082271
FIRE:   62 18:00:28     -634.226083        0.055307
FIRE:   63 18:00:38     -634.230403        0.067921
FIRE:   64 18:00:47     -634.234961        0.091634
FIRE:   65 18:00:56     -634.240918        0.094916
FIRE:   66 18:01:05     -634.248551        0.077709
FIRE:   67 18:01:15     -634.258040        0.069957
FIRE:   68 18:01:24     -634.268339        0.073657
FIRE:   69 18:01:33     -634.279852        0.088801
FIRE:   70 18:01:42     -634.294672        0.080712
FIRE:   71 18:01:52     -634.313083        0.075751
FIRE:   72 18:02:01     -634.332665        0.066528
FIRE:   73 18:02:10     -634.351948        0.067747
FIRE:   74 18:02:20     -634.368947        0.098257
FIRE:   75 18:02:29     -634.388705        0.103323
FIRE:   76 18:02:38     -634.418626        0.102093
FIRE:   77 18:02:47     -634.442819        0.056068
FIRE:   78 18:02:57     -634.433117        0.199970
FIRE:   79 18:03:06     -634.440430        0.157900
FIRE:   80 18:03:15     -634.449867        0.090283
FIRE:   81 18:03:25     -634.456196        0.052264
FIRE:   82 18:03:34     -634.458393        0.059519
FIRE:   83 18:03:43     -634.458762        0.056066
FIRE:   84 18:03:53     -634.459434        0.049406
FIRE:   85 18:04:02     -634.460304        0.040481
FIRE:   86 18:04:11     -634.461262        0.030112
FIRE:   87 18:04:20     -634.462205        0.024565
FIRE:   88 18:04:30     -634.463106        0.025260
FIRE:   89 18:04:39     -634.463953        0.025207
FIRE:   90 18:04:48     -634.464867        0.023127
FIRE:   91 18:04:58     -634.465878        0.030166
FIRE:   92 18:05:07     -634.467018        0.032858
FIRE:   93 18:05:16     -634.468325        0.029564
FIRE:   94 18:05:26     -634.469790        0.020194
FIRE:   95 18:05:35     -634.471304        0.010914
FIRE:   96 18:05:44     -634.472623        0.011577
FIRE:   97 18:05:53     -634.473678        0.020655
FIRE:   98 18:06:03     -634.474607        0.021149
FIRE:   99 18:06:12     -634.475475        0.018418
FIRE:  100 18:06:21     -634.476166        0.011772
FIRE:  101 18:06:30     -634.476529        0.018599
FIRE:  102 18:06:40     -634.476616        0.015695
FIRE:  103 18:06:49     -634.476758        0.011050
FIRE:  104 18:06:58     -634.476910        0.009256
MACE calculation complete. Energy written to MACE_OUTCAR: -634.476910 eV
Job ended on: Sun  8 Jun 17:07:01 UTC 2025
