Si Bulk DFT energetics calculations using VASP
Running on host: comp027
Working directory: /lustre/home/ah1365/projects/127870/upgrade_report/case_studies/common/structures/interfaces/264_Sn108Si156_001_001_a0.07732_b0.082474_c2.1_interface1shift6swap3
Job started on: Thu 12 Jun 08:18:13 UTC 2025
cuequivariance or cuequivariance_torch is not available. Cuequivariance acceleration will be disabled.
Using Materials Project MACE for MACECalculator with /lustre/home/ah1365/.cache/mace/MACE_MPtrj_20229model
Using float64 for MACECalculator, which is slower but more accurate. Recommended for geometry optimization.
Using TorchDFTD3Calculator for D3 dispersion corrections
      Step     Time          Energy          fmax
FIRE:    0 09:18:41    -1230.778384        7.043801
FIRE:    1 09:19:01    -1237.692834        6.008381
FIRE:    2 09:19:21    -1243.789850        5.096035
FIRE:    3 09:19:41    -1249.159232        4.304179
FIRE:    4 09:20:00    -1253.883835        3.629095
FIRE:    5 09:20:20    -1258.038368        3.053912
FIRE:    6 09:20:39    -1261.688863        2.557489
FIRE:    7 09:20:59    -1264.894345        2.297068
FIRE:    8 09:21:19    -1267.712382        2.099340
FIRE:    9 09:21:38    -1270.198966        1.906470
FIRE:   10 09:21:58    -1272.408740        1.711746
FIRE:   11 09:22:18    -1274.393499        1.511026
FIRE:   12 09:22:37    -1276.199721        1.417878
FIRE:   13 09:22:57    -1277.866499        1.411502
FIRE:   14 09:23:17    -1279.424145        1.391132
FIRE:   15 09:23:36    -1280.893971        1.354181
FIRE:   16 09:23:56    -1282.289550        1.300376
FIRE:   17 09:24:16    -1283.618852        1.231248
FIRE:   18 09:24:36    -1284.886547        1.148384
FIRE:   19 09:24:55    -1286.095833        1.051540
FIRE:   20 09:25:15    -1287.249393        0.938389
FIRE:   21 09:25:35    -1288.349240        0.865891
FIRE:   22 09:25:54    -1289.396549        0.826385
FIRE:   23 09:26:14    -1290.391321        0.777941
FIRE:   24 09:26:34    -1291.332314        0.719558
FIRE:   25 09:26:54    -1292.218144        0.678096
FIRE:   26 09:27:13    -1293.048374        0.637327
FIRE:   27 09:27:33    -1293.824684        0.596801
FIRE:   28 09:27:53    -1294.550632        0.654921
FIRE:   29 09:28:12    -1295.230035        0.667146
FIRE:   30 09:28:32    -1295.865282        0.648290
FIRE:   31 09:28:52    -1296.456934        0.656360
FIRE:   32 09:29:12    -1297.003546        0.658888
FIRE:   33 09:29:31    -1297.505191        0.660201
FIRE:   34 09:29:51    -1297.964855        0.664249
FIRE:   35 09:30:11    -1298.387733        0.670550
FIRE:   36 09:30:31    -1298.779610        0.672431
FIRE:   37 09:30:50    -1299.144717        0.658506
FIRE:   38 09:31:10    -1299.484583        0.616911
FIRE:   39 09:31:30    -1299.797714        0.546595
FIRE:   40 09:31:50    -1300.080577        0.466109
FIRE:   41 09:32:09    -1300.330486        0.446523
FIRE:   42 09:32:29    -1300.549775        0.498677
FIRE:   43 09:32:49    -1300.748419        0.557236
FIRE:   44 09:33:08    -1300.939285        0.620416
FIRE:   45 09:33:28    -1301.130730        0.680652
FIRE:   46 09:33:48    -1301.324195        0.719945
FIRE:   47 09:34:08    -1301.516031        0.713756
FIRE:   48 09:34:27    -1301.700261        0.685231
FIRE:   49 09:34:47    -1301.866857        0.627907
FIRE:   50 09:35:07    -1302.002771        0.539903
FIRE:   51 09:35:27    -1302.104781        0.666626
FIRE:   52 09:35:46    -1302.181324        0.740666
FIRE:   53 09:36:06    -1302.242103        0.752674
FIRE:   54 09:36:26    -1302.285996        0.868265
FIRE:   55 09:36:46    -1302.746002        0.390146
FIRE:   56 09:37:05    -1303.042884        0.249370
FIRE:   57 09:37:25    -1303.239354        0.312711
FIRE:   58 09:37:45    -1303.383145        0.392217
FIRE:   59 09:38:04    -1303.504731        0.370729
FIRE:   60 09:38:24    -1303.619675        0.308336
FIRE:   61 09:38:44    -1303.731178        0.220438
FIRE:   62 09:39:04    -1303.835216        0.206474
FIRE:   63 09:39:23    -1303.926058        0.169440
FIRE:   64 09:39:43    -1304.008162        0.227254
FIRE:   65 09:40:03    -1304.094095        0.205304
FIRE:   66 09:40:22    -1304.185123        0.162465
FIRE:   67 09:40:42    -1304.272454        0.169992
FIRE:   68 09:41:02    -1304.353577        0.161469
FIRE:   69 09:41:22    -1304.427305        0.122064
FIRE:   70 09:41:41    -1304.491384        0.141297
FIRE:   71 09:42:01    -1304.547137        0.144838
FIRE:   72 09:42:21    -1304.597267        0.137493
FIRE:   73 09:42:40    -1304.642327        0.099560
FIRE:   74 09:43:00    -1304.681023        0.089565
FIRE:   75 09:43:20    -1304.715054        0.103588
FIRE:   76 09:43:40    -1304.752422        0.148828
FIRE:   77 09:43:59    -1304.797494        0.151124
FIRE:   78 09:44:19    -1304.844255        0.130065
FIRE:   79 09:44:39    -1304.887508        0.137255
FIRE:   80 09:44:58    -1304.928661        0.127613
FIRE:   81 09:45:18    -1304.968103        0.163875
FIRE:   82 09:45:38    -1305.005482        0.191008
FIRE:   83 09:45:57    -1305.042187        0.167385
FIRE:   84 09:46:17    -1305.079707        0.155139
FIRE:   85 09:46:37    -1305.118650        0.181608
FIRE:   86 09:46:56    -1305.163362        0.251995
FIRE:   87 09:47:16    -1305.223490        0.342021
FIRE:   88 09:47:36    -1305.303232        0.400562
FIRE:   89 09:47:56    -1305.398394        0.459480
FIRE:   90 09:48:15    -1305.515746        0.515703
FIRE:   91 09:48:35    -1305.633614        0.298909
FIRE:   92 09:48:55    -1305.662825        0.715377
FIRE:   93 09:49:15    -1305.749735        0.512196
FIRE:   94 09:49:34    -1305.788322        0.285079
FIRE:   95 09:49:54    -1305.831862        0.242142
FIRE:   96 09:50:14    -1305.885349        0.378944
FIRE:   97 09:50:34    -1305.976456        0.315442
FIRE:   98 09:50:53    -1306.092277        0.289971
FIRE:   99 09:51:13    -1306.204311        0.295015
FIRE:  100 09:51:33    -1306.294762        0.240262
FIRE:  101 09:51:52    -1306.372763        0.263962
FIRE:  102 09:52:12    -1306.444758        0.180258
FIRE:  103 09:52:32    -1306.506744        0.215186
FIRE:  104 09:52:52    -1306.564984        0.353225
FIRE:  105 09:53:11    -1306.627693        0.322157
FIRE:  106 09:53:31    -1306.688722        0.214178
FIRE:  107 09:53:51    -1306.731226        0.221179
FIRE:  108 09:54:10    -1306.763041        0.369288
FIRE:  109 09:54:30    -1306.801763        0.171150
FIRE:  110 09:54:50    -1306.829596        0.149858
FIRE:  111 09:55:09    -1306.851788        0.204369
FIRE:  112 09:55:29    -1306.876105        0.156102
FIRE:  113 09:55:49    -1306.900130        0.131960
FIRE:  114 09:56:09    -1306.928737        0.129309
FIRE:  115 09:56:28    -1306.958917        0.145048
FIRE:  116 09:56:48    -1306.986374        0.106875
FIRE:  117 09:57:08    -1307.006480        0.100248
FIRE:  118 09:57:28    -1307.016009        0.102362
FIRE:  119 09:57:47    -1307.032585        0.146000
FIRE:  120 09:58:07    -1307.039849        0.049445
FIRE:  121 09:58:27    -1307.042592        0.091378
FIRE:  122 09:58:46    -1307.043685        0.074179
FIRE:  123 09:59:06    -1307.045302        0.044688
FIRE:  124 09:59:26    -1307.046771        0.030245
FIRE:  125 09:59:46    -1307.047920        0.049637
FIRE:  126 10:00:05    -1307.049167        0.065382
FIRE:  127 10:00:25    -1307.050911        0.063246
FIRE:  128 10:00:45    -1307.053102        0.053019
FIRE:  129 10:01:04    -1307.055512        0.026741
FIRE:  130 10:01:24    -1307.057715        0.041706
FIRE:  131 10:01:44    -1307.059931        0.044927
FIRE:  132 10:02:04    -1307.062557        0.038041
FIRE:  133 10:02:23    -1307.065102        0.038230
FIRE:  134 10:02:43    -1307.067329        0.038860
FIRE:  135 10:03:03    -1307.069522        0.027645
FIRE:  136 10:03:22    -1307.071301        0.038654
FIRE:  137 10:03:42    -1307.072637        0.033278
FIRE:  138 10:04:02    -1307.073552        0.032042
FIRE:  139 10:04:22    -1307.073725        0.020073
FIRE:  140 10:04:41    -1307.073951        0.014966
FIRE:  141 10:05:01    -1307.074141        0.016601
FIRE:  142 10:05:21    -1307.074361        0.023567
FIRE:  143 10:05:41    -1307.074666        0.018106
FIRE:  144 10:06:00    -1307.075020        0.011944
FIRE:  145 10:06:20    -1307.075331        0.011764
FIRE:  146 10:06:40    -1307.075635        0.017082
FIRE:  147 10:06:59    -1307.075986        0.011684
FIRE:  148 10:07:19    -1307.076338        0.011530
FIRE:  149 10:07:39    -1307.076680        0.013313
FIRE:  150 10:07:59    -1307.077048        0.014233
FIRE:  151 10:08:18    -1307.077487        0.015825
FIRE:  152 10:08:38    -1307.078080        0.017995
FIRE:  153 10:08:58    -1307.078919        0.017516
FIRE:  154 10:09:17    -1307.080049        0.016721
FIRE:  155 10:09:37    -1307.081214        0.022711
FIRE:  156 10:09:57    -1307.082095        0.038824
FIRE:  157 10:10:17    -1307.082194        0.080851
FIRE:  158 10:10:36    -1307.082895        0.018109
FIRE:  159 10:10:56    -1307.082699        0.072983
FIRE:  160 10:11:16    -1307.082891        0.056295
FIRE:  161 10:11:35    -1307.083123        0.026626
FIRE:  162 10:11:55    -1307.083211        0.014570
FIRE:  163 10:12:15    -1307.083215        0.013916
FIRE:  164 10:12:34    -1307.083223        0.012656
FIRE:  165 10:12:54    -1307.083236        0.010894
FIRE:  166 10:13:14    -1307.083251        0.009719
MACE calculation complete. Energy written to MACE_OUTCAR: -1307.083251 eV
Job ended on: Thu 12 Jun 09:13:14 UTC 2025
