Si Bulk DFT energetics calculations using VASP
Running on host: comp022
Working directory: /lustre/home/ah1365/projects/127870/upgrade_report/case_studies/common/structures/interfaces/96_Si48Sn48_112_111_a0.860215_b0.405229_c1.480958_interface2shift8
Job started on: Wed  4 Jun 11:20:52 UTC 2025
cuequivariance or cuequivariance_torch is not available. Cuequivariance acceleration will be disabled.
Using Materials Project MACE for MACECalculator with /lustre/home/ah1365/.cache/mace/MACE_MPtrj_20229model
Using float64 for MACECalculator, which is slower but more accurate. Recommended for geometry optimization.
Using TorchDFTD3Calculator for D3 dispersion corrections
      Step     Time          Energy          fmax
FIRE:    0 12:21:11     -409.301786       44.113916
FIRE:    1 12:21:18     -428.908469       28.614389
FIRE:    2 12:21:25     -441.307472       17.838228
FIRE:    3 12:21:32     -449.062976       10.553630
FIRE:    4 12:21:39     -453.442395        6.242325
FIRE:    5 12:21:46     -455.679808        3.504949
FIRE:    6 12:21:53     -456.693360        4.618277
FIRE:    7 12:22:01     -457.220244        5.213125
FIRE:    8 12:22:08     -457.676406        5.159763
FIRE:    9 12:22:15     -458.230997        4.635869
FIRE:   10 12:22:22     -458.844412        3.516210
FIRE:   11 12:22:29     -459.388493        2.408686
FIRE:   12 12:22:36     -459.797854        1.804388
FIRE:   13 12:22:43     -460.076845        1.631911
FIRE:   14 12:22:50     -460.276064        1.539184
FIRE:   15 12:22:57     -460.448423        1.544310
FIRE:   16 12:23:04     -460.621877        1.592413
FIRE:   17 12:23:11     -460.799009        1.611796
FIRE:   18 12:23:18     -460.972259        1.566612
FIRE:   19 12:23:25     -461.157079        1.483158
FIRE:   20 12:23:33     -461.413330        1.484291
FIRE:   21 12:23:40     -461.791534        1.471281
FIRE:   22 12:23:47     -462.244285        1.427315
FIRE:   23 12:23:54     -462.658344        1.326229
FIRE:   24 12:24:01     -462.964879        1.153300
FIRE:   25 12:24:08     -463.174002        1.092684
FIRE:   26 12:24:15     -463.363556        1.440506
FIRE:   27 12:24:22     -463.604238        1.354979
FIRE:   28 12:24:29     -463.867748        1.145641
FIRE:   29 12:24:36     -464.111946        1.241639
FIRE:   30 12:24:44     -464.344697        0.884834
FIRE:   31 12:24:51     -464.540604        0.766481
FIRE:   32 12:24:58     -464.663090        0.723536
FIRE:   33 12:25:05     -464.742725        1.167927
FIRE:   34 12:25:12     -465.072864        0.360484
FIRE:   35 12:25:19     -465.171943        0.680861
FIRE:   36 12:25:26     -465.318219        0.244085
FIRE:   37 12:25:33     -465.382840        0.577306
FIRE:   38 12:25:40     -465.423497        0.450184
FIRE:   39 12:25:47     -465.480621        0.257621
FIRE:   40 12:25:55     -465.530544        0.266693
FIRE:   41 12:26:02     -465.574116        0.309179
FIRE:   42 12:26:09     -465.633462        0.417330
FIRE:   43 12:26:16     -465.722968        0.369711
FIRE:   44 12:26:23     -465.831855        0.291744
FIRE:   45 12:26:30     -465.951179        0.287893
FIRE:   46 12:26:37     -466.081549        0.292484
FIRE:   47 12:26:44     -466.250626        0.286813
FIRE:   48 12:26:51     -466.423546        0.266188
FIRE:   49 12:26:58     -466.577911        0.262851
FIRE:   50 12:27:05     -466.728084        0.261649
FIRE:   51 12:27:12     -466.888556        0.290419
FIRE:   52 12:27:19     -467.053496        0.335819
FIRE:   53 12:27:27     -467.225151        0.375474
FIRE:   54 12:27:34     -467.409392        0.389209
FIRE:   55 12:27:41     -467.597349        0.367750
FIRE:   56 12:27:48     -467.777667        0.288528
FIRE:   57 12:27:55     -467.943244        0.233543
FIRE:   58 12:28:02     -468.094265        0.338328
FIRE:   59 12:28:09     -468.243799        0.383835
FIRE:   60 12:28:16     -468.405461        0.334559
FIRE:   61 12:28:24     -468.577447        0.230011
FIRE:   62 12:28:31     -468.747264        0.232985
FIRE:   63 12:28:38     -468.910931        0.241463
FIRE:   64 12:28:45     -469.075437        0.249656
FIRE:   65 12:28:52     -469.244367        0.253352
FIRE:   66 12:28:59     -469.414538        0.252604
FIRE:   67 12:29:06     -469.582406        0.252267
FIRE:   68 12:29:13     -469.747049        0.251714
FIRE:   69 12:29:21     -469.908209        0.240349
FIRE:   70 12:29:28     -470.065267        0.233003
FIRE:   71 12:29:35     -470.218035        0.232511
FIRE:   72 12:29:42     -470.366428        0.239524
FIRE:   73 12:29:49     -470.510232        0.257645
FIRE:   74 12:29:56     -470.647937        0.242303
FIRE:   75 12:30:03     -470.776112        0.202251
FIRE:   76 12:30:11     -470.891189        0.191807
FIRE:   77 12:30:18     -470.991000        0.211208
FIRE:   78 12:30:25     -471.075282        0.218003
FIRE:   79 12:30:32     -471.144739        0.207773
FIRE:   80 12:30:39     -471.199668        0.182390
FIRE:   81 12:30:46     -471.240167        0.160173
FIRE:   82 12:30:53     -471.267438        0.217164
FIRE:   83 12:31:00     -471.285727        0.256512
FIRE:   84 12:31:08     -471.300123        0.248861
FIRE:   85 12:31:15     -471.312605        0.188726
FIRE:   86 12:31:22     -471.421078        0.134567
FIRE:   87 12:31:29     -471.494230        0.142642
FIRE:   88 12:31:36     -471.545152        0.114497
FIRE:   89 12:31:43     -471.582789        0.078361
FIRE:   90 12:31:50     -471.614799        0.101209
FIRE:   91 12:31:57     -471.654692        0.109366
FIRE:   92 12:32:05     -471.701870        0.085184
FIRE:   93 12:32:12     -471.749145        0.076322
FIRE:   94 12:32:19     -471.793957        0.067552
FIRE:   95 12:32:26     -471.834845        0.068781
FIRE:   96 12:32:33     -471.871802        0.080085
FIRE:   97 12:32:40     -471.909119        0.084857
FIRE:   98 12:32:47     -471.946326        0.060363
FIRE:   99 12:32:54     -471.979654        0.071319
FIRE:  100 12:33:02     -472.007827        0.091617
FIRE:  101 12:33:09     -472.033734        0.106504
FIRE:  102 12:33:16     -472.063501        0.119502
FIRE:  103 12:33:23     -472.096846        0.088193
FIRE:  104 12:33:30     -472.124262        0.079763
FIRE:  105 12:33:37     -472.141978        0.080431
FIRE:  106 12:33:44     -472.152618        0.090868
FIRE:  107 12:33:52     -472.159991        0.094631
FIRE:  108 12:33:59     -472.178793        0.054242
FIRE:  109 12:34:06     -472.192296        0.042523
FIRE:  110 12:34:13     -472.196644        0.065077
FIRE:  111 12:34:20     -472.200321        0.045433
FIRE:  112 12:34:27     -472.202513        0.055987
FIRE:  113 12:34:34     -472.205997        0.049914
FIRE:  114 12:34:41     -472.209266        0.028201
FIRE:  115 12:34:48     -472.210606        0.043517
FIRE:  116 12:34:56     -472.212818        0.040718
FIRE:  117 12:35:03     -472.215145        0.037574
FIRE:  118 12:35:10     -472.218319        0.045258
FIRE:  119 12:35:17     -472.222976        0.028322
FIRE:  120 12:35:24     -472.227588        0.046742
FIRE:  121 12:35:31     -472.233205        0.029876
FIRE:  122 12:35:38     -472.238764        0.038378
FIRE:  123 12:35:45     -472.244192        0.077118
FIRE:  124 12:35:53     -472.246905        0.186947
FIRE:  125 12:36:00     -472.253886        0.028476
FIRE:  126 12:36:07     -472.249986        0.161352
FIRE:  127 12:36:14     -472.252205        0.123821
FIRE:  128 12:36:21     -472.254711        0.055689
FIRE:  129 12:36:28     -472.255415        0.028402
FIRE:  130 12:36:35     -472.255457        0.027224
FIRE:  131 12:36:42     -472.255535        0.027226
FIRE:  132 12:36:50     -472.255644        0.027230
FIRE:  133 12:36:57     -472.255770        0.027232
FIRE:  134 12:37:04     -472.255902        0.027233
FIRE:  135 12:37:11     -472.256037        0.027230
FIRE:  136 12:37:18     -472.256179        0.027222
FIRE:  137 12:37:25     -472.256352        0.027205
FIRE:  138 12:37:32     -472.256576        0.027176
FIRE:  139 12:37:39     -472.256858        0.027132
FIRE:  140 12:37:47     -472.257223        0.027068
FIRE:  141 12:37:54     -472.257662        0.026981
FIRE:  142 12:38:01     -472.258180        0.026870
FIRE:  143 12:38:08     -472.258790        0.026742
FIRE:  144 12:38:15     -472.259527        0.026601
FIRE:  145 12:38:22     -472.260455        0.026454
FIRE:  146 12:38:29     -472.261563        0.026292
FIRE:  147 12:38:36     -472.262908        0.026096
FIRE:  148 12:38:43     -472.264526        0.025843
FIRE:  149 12:38:51     -472.266500        0.025519
FIRE:  150 12:38:58     -472.268880        0.025122
FIRE:  151 12:39:05     -472.271716        0.024598
FIRE:  152 12:39:12     -472.275052        0.023758
FIRE:  153 12:39:19     -472.278872        0.022433
FIRE:  154 12:39:26     -472.283146        0.020640
FIRE:  155 12:39:33     -472.287827        0.019557
FIRE:  156 12:39:41     -472.292856        0.040309
FIRE:  157 12:39:48     -472.297234        0.116030
FIRE:  158 12:39:55     -472.292977        0.318977
FIRE:  159 12:40:02     -472.305933        0.047207
FIRE:  160 12:40:09     -472.306121        0.035483
FIRE:  161 12:40:16     -472.306396        0.021887
FIRE:  162 12:40:23     -472.306659        0.022087
FIRE:  163 12:40:31     -472.306920        0.026801
FIRE:  164 12:40:38     -472.307297        0.032332
FIRE:  165 12:40:45     -472.307817        0.026503
FIRE:  166 12:40:52     -472.308416        0.022993
FIRE:  167 12:40:59     -472.309098        0.023199
FIRE:  168 12:41:06     -472.309920        0.027944
FIRE:  169 12:41:13     -472.311039        0.023524
FIRE:  170 12:41:20     -472.312425        0.023596
FIRE:  171 12:41:27     -472.314088        0.023599
FIRE:  172 12:41:35     -472.316298        0.023587
FIRE:  173 12:41:42     -472.319028        0.023739
FIRE:  174 12:41:49     -472.322620        0.024238
FIRE:  175 12:41:56     -472.327282        0.025157
FIRE:  176 12:42:03     -472.333594        0.026358
FIRE:  177 12:42:10     -472.342193        0.028116
FIRE:  178 12:42:17     -472.354560        0.040932
FIRE:  179 12:42:24     -472.373625        0.063037
FIRE:  180 12:42:32     -472.404697        0.147476
FIRE:  181 12:42:39     -472.439017        0.320088
FIRE:  182 12:42:46     -472.482892        0.402686
FIRE:  183 12:42:53     -472.504133        0.185226
FIRE:  184 12:43:00     -472.508261        0.126124
FIRE:  185 12:43:07     -472.513907        0.126413
FIRE:  186 12:43:14     -472.519305        0.127153
FIRE:  187 12:43:21     -472.526168        0.136105
FIRE:  188 12:43:28     -472.536835        0.128702
FIRE:  189 12:43:36     -472.550369        0.129030
FIRE:  190 12:43:43     -472.564676        0.128743
FIRE:  191 12:43:50     -472.582097        0.127692
FIRE:  192 12:43:57     -472.605988        0.126364
FIRE:  193 12:44:04     -472.636654        0.126326
FIRE:  194 12:44:11     -472.674848        0.127320
FIRE:  195 12:44:18     -472.726411        0.136870
FIRE:  196 12:44:25     -472.787692        0.122206
FIRE:  197 12:44:33     -472.853585        0.117483
FIRE:  198 12:44:40     -472.915776        0.133364
FIRE:  199 12:44:47     -472.974801        0.114460
FIRE:  200 12:44:54     -473.022597        0.086244
FIRE:  201 12:45:01     -473.060674        0.093831
FIRE:  202 12:45:08     -473.090810        0.096492
FIRE:  203 12:45:15     -473.116901        0.080590
FIRE:  204 12:45:22     -473.140020        0.072726
FIRE:  205 12:45:30     -473.161053        0.081731
FIRE:  206 12:45:37     -473.179334        0.085954
FIRE:  207 12:45:44     -473.194658        0.071045
FIRE:  208 12:45:51     -473.211125        0.090707
FIRE:  209 12:45:58     -473.233290        0.085066
FIRE:  210 12:46:05     -473.261533        0.059455
FIRE:  211 12:46:12     -473.292187        0.066184
FIRE:  212 12:46:19     -473.322831        0.064072
FIRE:  213 12:46:27     -473.353792        0.068084
FIRE:  214 12:46:34     -473.386417        0.081472
FIRE:  215 12:46:41     -473.423001        0.095507
FIRE:  216 12:46:48     -473.463411        0.093861
FIRE:  217 12:46:55     -473.503751        0.093703
FIRE:  218 12:47:02     -473.540812        0.094187
FIRE:  219 12:47:09     -473.573801        0.081813
FIRE:  220 12:47:17     -473.601580        0.083642
FIRE:  221 12:47:24     -473.625812        0.110014
FIRE:  222 12:47:31     -473.652473        0.111661
FIRE:  223 12:47:38     -473.683516        0.094690
FIRE:  224 12:47:45     -473.714362        0.076172
FIRE:  225 12:47:52     -473.741958        0.082960
FIRE:  226 12:47:59     -473.768658        0.093458
FIRE:  227 12:48:06     -473.799070        0.103037
FIRE:  228 12:48:14     -473.835335        0.106886
FIRE:  229 12:48:21     -473.875183        0.101056
FIRE:  230 12:48:28     -473.913739        0.084286
FIRE:  231 12:48:35     -473.946910        0.061147
FIRE:  232 12:48:42     -473.973753        0.082125
FIRE:  233 12:48:49     -473.995788        0.088595
FIRE:  234 12:48:56     -474.015030        0.082985
FIRE:  235 12:49:03     -474.032138        0.113622
FIRE:  236 12:49:10     -474.047625        0.114733
FIRE:  237 12:49:18     -474.059967        0.101346
FIRE:  238 12:49:25     -474.066123        0.097269
FIRE:  239 12:49:32     -474.093324        0.078748
FIRE:  240 12:49:39     -474.119162        0.061440
FIRE:  241 12:49:46     -474.133950        0.073102
FIRE:  242 12:49:53     -474.133599        0.208337
FIRE:  243 12:50:00     -474.142970        0.042512
FIRE:  244 12:50:07     -474.142554        0.211356
FIRE:  245 12:50:15     -474.145678        0.151252
FIRE:  246 12:50:22     -474.149139        0.053771
FIRE:  247 12:50:29     -474.150524        0.054872
FIRE:  248 12:50:36     -474.150669        0.051599
FIRE:  249 12:50:43     -474.150949        0.045261
FIRE:  250 12:50:50     -474.151338        0.038250
FIRE:  251 12:50:57     -474.151812        0.038012
FIRE:  252 12:51:04     -474.152344        0.037714
FIRE:  253 12:51:12     -474.152935        0.037357
FIRE:  254 12:51:19     -474.153570        0.037006
FIRE:  255 12:51:26     -474.154326        0.036706
FIRE:  256 12:51:33     -474.155268        0.036336
FIRE:  257 12:51:40     -474.156420        0.035885
FIRE:  258 12:51:47     -474.157830        0.035340
FIRE:  259 12:51:54     -474.159479        0.034685
FIRE:  260 12:52:01     -474.161332        0.033906
FIRE:  261 12:52:08     -474.163388        0.032998
FIRE:  262 12:52:16     -474.165733        0.032132
FIRE:  263 12:52:23     -474.168435        0.034975
FIRE:  264 12:52:30     -474.171407        0.038036
FIRE:  265 12:52:37     -474.174829        0.041029
FIRE:  266 12:52:44     -474.178997        0.043569
FIRE:  267 12:52:51     -474.184035        0.045182
FIRE:  268 12:52:58     -474.190382        0.045417
FIRE:  269 12:53:06     -474.198348        0.043871
FIRE:  270 12:53:13     -474.208228        0.040433
FIRE:  271 12:53:20     -474.220066        0.035558
FIRE:  272 12:53:27     -474.233554        0.030571
FIRE:  273 12:53:34     -474.247348        0.027241
FIRE:  274 12:53:41     -474.259465        0.056206
FIRE:  275 12:53:48     -474.266960        0.147246
FIRE:  276 12:53:56     -474.270757        0.045840
FIRE:  277 12:54:03     -474.270675        0.123469
FIRE:  278 12:54:10     -474.271642        0.094641
FIRE:  279 12:54:17     -474.272890        0.045170
FIRE:  280 12:54:24     -474.273681        0.039462
FIRE:  281 12:54:31     -474.273996        0.060042
FIRE:  282 12:54:38     -474.274448        0.082708
FIRE:  283 12:54:45     -474.275478        0.080298
FIRE:  284 12:54:53     -474.276974        0.055398
FIRE:  285 12:55:00     -474.278622        0.030262
FIRE:  286 12:55:07     -474.279889        0.045785
FIRE:  287 12:55:14     -474.281295        0.069298
FIRE:  288 12:55:21     -474.283597        0.045649
FIRE:  289 12:55:28     -474.286036        0.026085
FIRE:  290 12:55:35     -474.288278        0.059456
FIRE:  291 12:55:43     -474.291616        0.028816
FIRE:  292 12:55:50     -474.294908        0.051860
FIRE:  293 12:55:57     -474.299185        0.035554
FIRE:  294 12:56:04     -474.303699        0.061924
FIRE:  295 12:56:11     -474.309727        0.024917
FIRE:  296 12:56:18     -474.315779        0.068983
FIRE:  297 12:56:25     -474.322440        0.104856
FIRE:  298 12:56:33     -474.329712        0.138062
FIRE:  299 12:56:40     -474.332283        0.023694
FIRE:  300 12:56:47     -474.331654        0.100278
FIRE:  301 12:56:54     -474.332182        0.081591
FIRE:  302 12:57:01     -474.332902        0.047335
FIRE:  303 12:57:08     -474.333381        0.021567
FIRE:  304 12:57:15     -474.333476        0.040985
FIRE:  305 12:57:22     -474.333516        0.038995
FIRE:  306 12:57:29     -474.333586        0.035128
FIRE:  307 12:57:36     -474.333679        0.029617
FIRE:  308 12:57:44     -474.333786        0.022810
FIRE:  309 12:57:51     -474.333902        0.021242
FIRE:  310 12:57:58     -474.334022        0.021199
FIRE:  311 12:58:05     -474.334138        0.021147
FIRE:  312 12:58:12     -474.334278        0.021082
FIRE:  313 12:58:19     -474.334449        0.021003
FIRE:  314 12:58:26     -474.334666        0.021706
FIRE:  315 12:58:33     -474.334959        0.021812
FIRE:  316 12:58:40     -474.335332        0.020662
FIRE:  317 12:58:48     -474.335785        0.020515
FIRE:  318 12:58:55     -474.336320        0.020354
FIRE:  319 12:59:02     -474.336966        0.020186
FIRE:  320 12:59:09     -474.337737        0.020021
FIRE:  321 12:59:16     -474.338705        0.019868
FIRE:  322 12:59:23     -474.339858        0.019732
FIRE:  323 12:59:30     -474.341210        0.019610
FIRE:  324 12:59:38     -474.342865        0.019483
FIRE:  325 12:59:45     -474.344825        0.019312
FIRE:  326 12:59:52     -474.347127        0.019044
FIRE:  327 12:59:59     -474.349853        0.018579
FIRE:  328 13:00:06     -474.352933        0.017750
FIRE:  329 13:00:13     -474.356428        0.016943
FIRE:  330 13:00:20     -474.360308        0.016578
FIRE:  331 13:00:27     -474.364482        0.015970
FIRE:  332 13:00:34     -474.368756        0.016801
FIRE:  333 13:00:42     -474.372971        0.023007
FIRE:  334 13:00:49     -474.377032        0.034212
FIRE:  335 13:00:56     -474.377888        0.167649
FIRE:  336 13:01:03     -474.381429        0.041981
FIRE:  337 13:01:10     -474.381627        0.029400
FIRE:  338 13:01:17     -474.381888        0.022071
FIRE:  339 13:01:24     -474.382100        0.020960
FIRE:  340 13:01:32     -474.382316        0.029779
FIRE:  341 13:01:39     -474.382649        0.031114
FIRE:  342 13:01:46     -474.383095        0.019454
FIRE:  343 13:01:53     -474.383543        0.014401
FIRE:  344 13:02:00     -474.383981        0.018799
FIRE:  345 13:02:07     -474.384508        0.023318
FIRE:  346 13:02:14     -474.385175        0.013435
FIRE:  347 13:02:21     -474.385843        0.016850
FIRE:  348 13:02:29     -474.386610        0.020003
FIRE:  349 13:02:36     -474.387537        0.013101
FIRE:  350 13:02:43     -474.388522        0.019159
FIRE:  351 13:02:50     -474.389771        0.012863
FIRE:  352 13:02:57     -474.391223        0.013007
FIRE:  353 13:03:04     -474.392869        0.025139
FIRE:  354 13:03:11     -474.394823        0.030008
FIRE:  355 13:03:18     -474.396824        0.039369
FIRE:  356 13:03:25     -474.398206        0.080249
FIRE:  357 13:03:32     -474.399120        0.014341
FIRE:  358 13:03:39     -474.398708        0.065021
FIRE:  359 13:03:47     -474.398960        0.050724
FIRE:  360 13:03:54     -474.399272        0.024996
FIRE:  361 13:04:01     -474.399413        0.013880
FIRE:  362 13:04:08     -474.399358        0.032733
FIRE:  363 13:04:15     -474.399378        0.030865
FIRE:  364 13:04:22     -474.399415        0.027245
FIRE:  365 13:04:29     -474.399462        0.022102
FIRE:  366 13:04:36     -474.399512        0.015775
FIRE:  367 13:04:43     -474.399558        0.013752
FIRE:  368 13:04:51     -474.399596        0.013741
FIRE:  369 13:04:58     -474.399627        0.013728
FIRE:  370 13:05:05     -474.399659        0.013710
FIRE:  371 13:05:12     -474.399701        0.015060
FIRE:  372 13:05:19     -474.399760        0.016749
FIRE:  373 13:05:26     -474.399846        0.015287
FIRE:  374 13:05:33     -474.399959        0.013615
FIRE:  375 13:05:40     -474.400089        0.013595
FIRE:  376 13:05:47     -474.400225        0.013590
FIRE:  377 13:05:55     -474.400380        0.013608
FIRE:  378 13:06:02     -474.400589        0.013661
FIRE:  379 13:06:09     -474.400855        0.013762
FIRE:  380 13:06:16     -474.401143        0.013925
FIRE:  381 13:06:23     -474.401496        0.014153
FIRE:  382 13:06:30     -474.401954        0.014441
FIRE:  383 13:06:37     -474.402482        0.014794
FIRE:  384 13:06:44     -474.403139        0.015172
FIRE:  385 13:06:51     -474.403933        0.015491
FIRE:  386 13:06:58     -474.404932        0.015593
FIRE:  387 13:07:06     -474.406112        0.015343
FIRE:  388 13:07:13     -474.407528        0.014922
FIRE:  389 13:07:20     -474.409223        0.015815
FIRE:  390 13:07:27     -474.411158        0.019848
FIRE:  391 13:07:34     -474.413207        0.051526
FIRE:  392 13:07:41     -474.412719        0.150175
FIRE:  393 13:07:48     -474.416729        0.019523
FIRE:  394 13:07:55     -474.416788        0.019488
FIRE:  395 13:08:02     -474.416870        0.019421
FIRE:  396 13:08:10     -474.416978        0.019335
FIRE:  397 13:08:17     -474.417105        0.019245
FIRE:  398 13:08:24     -474.417280        0.019171
FIRE:  399 13:08:31     -474.417506        0.019131
FIRE:  400 13:08:38     -474.417770        0.019140
FIRE:  401 13:08:45     -474.418084        0.019227
FIRE:  402 13:08:52     -474.418490        0.019431
FIRE:  403 13:08:59     -474.419028        0.019802
FIRE:  404 13:09:06     -474.419699        0.020411
FIRE:  405 13:09:14     -474.420558        0.021334
FIRE:  406 13:09:21     -474.421700        0.022634
FIRE:  407 13:09:28     -474.423176        0.024360
FIRE:  408 13:09:35     -474.425174        0.026568
FIRE:  409 13:09:42     -474.427931        0.029394
FIRE:  410 13:09:49     -474.431808        0.032981
FIRE:  411 13:09:56     -474.437489        0.037289
FIRE:  412 13:10:03     -474.446069        0.041359
FIRE:  413 13:10:11     -474.458894        0.043403
FIRE:  414 13:10:18     -474.474085        0.038107
FIRE:  415 13:10:25     -474.478806        0.144717
FIRE:  416 13:10:32     -474.482942        0.049569
FIRE:  417 13:10:39     -474.483244        0.047050
FIRE:  418 13:10:46     -474.483717        0.042162
FIRE:  419 13:10:53     -474.484221        0.035217
FIRE:  420 13:11:00     -474.484748        0.026857
FIRE:  421 13:11:08     -474.485321        0.023633
FIRE:  422 13:11:15     -474.485877        0.014928
FIRE:  423 13:11:22     -474.486322        0.015087
FIRE:  424 13:11:29     -474.486702        0.020531
FIRE:  425 13:11:36     -474.487090        0.017344
FIRE:  426 13:11:43     -474.487519        0.019520
FIRE:  427 13:11:50     -474.487906        0.018377
FIRE:  428 13:11:57     -474.488413        0.015621
FIRE:  429 13:12:05     -474.488926        0.015779
FIRE:  430 13:12:12     -474.489551        0.015210
FIRE:  431 13:12:19     -474.490218        0.017744
FIRE:  432 13:12:26     -474.490983        0.012921
FIRE:  433 13:12:33     -474.491777        0.020068
FIRE:  434 13:12:40     -474.492524        0.030336
FIRE:  435 13:12:47     -474.493406        0.042265
FIRE:  436 13:12:54     -474.494104        0.080130
FIRE:  437 13:13:02     -474.495035        0.013151
FIRE:  438 13:13:09     -474.494641        0.069632
FIRE:  439 13:13:16     -474.494931        0.052647
FIRE:  440 13:13:23     -474.495265        0.023313
FIRE:  441 13:13:30     -474.495389        0.012776
FIRE:  442 13:13:37     -474.495396        0.012772
FIRE:  443 13:13:44     -474.495410        0.012763
FIRE:  444 13:13:51     -474.495429        0.012751
FIRE:  445 13:13:58     -474.495455        0.012735
FIRE:  446 13:14:06     -474.495480        0.012715
FIRE:  447 13:14:13     -474.495512        0.012690
FIRE:  448 13:14:20     -474.495547        0.012663
FIRE:  449 13:14:27     -474.495591        0.012628
FIRE:  450 13:14:34     -474.495646        0.012585
FIRE:  451 13:14:41     -474.495717        0.012534
FIRE:  452 13:14:48     -474.495803        0.012473
FIRE:  453 13:14:55     -474.495909        0.012401
FIRE:  454 13:15:02     -474.496032        0.012318
FIRE:  455 13:15:10     -474.496176        0.012224
FIRE:  456 13:15:17     -474.496357        0.012118
FIRE:  457 13:15:24     -474.496579        0.012000
FIRE:  458 13:15:31     -474.496845        0.011866
FIRE:  459 13:15:38     -474.497167        0.011713
FIRE:  460 13:15:45     -474.497554        0.011536
FIRE:  461 13:15:52     -474.498045        0.011327
FIRE:  462 13:15:59     -474.498615        0.011076
FIRE:  463 13:16:07     -474.499308        0.010742
FIRE:  464 13:16:14     -474.500126        0.010240
FIRE:  465 13:16:21     -474.501077        0.009439
MACE calculation complete. Energy written to MACE_OUTCAR: -474.501077 eV
Job ended on: Wed  4 Jun 12:16:21 UTC 2025
