Job started on: Thu Jun 12 06:52:52 PM UTC 2025\n
cuequivariance or cuequivariance_torch is not available. Cuequivariance acceleration will be disabled.
Using Materials Project MACE for MACECalculator with /home/alexander/.cache/mace/MACE_MPtrj_20229model
Using float64 for MACECalculator, which is slower but more accurate. Recommended for geometry optimization.
Using head Default out of ['Default']
Using TorchDFTD3Calculator for D3 dispersion corrections
      Step     Time          Energy          fmax
FIRE:    0 19:53:10      566.531182      621.825013
FIRE:    1 19:53:12      174.557728     1258.498454
FIRE:    2 19:53:16     9977.595916    90570.826834
FIRE:    3 19:53:16      172.037967     1474.387188
FIRE:    4 19:53:17     9152.773003    85241.223841
FIRE:    5 19:53:20      159.542828     1440.504207
FIRE:    6 19:53:21      723.143931    17071.564654
FIRE:    7 19:53:22      301.510301      524.761833
FIRE:    8 19:53:26      298.385880      514.081977
FIRE:    9 19:53:27      292.328608      498.288609
FIRE:   10 19:53:27      283.529702      496.576572
FIRE:   11 19:53:28      270.867971      632.796169
FIRE:   12 19:53:29      250.905870      685.270710
FIRE:   13 19:53:30      221.936415      932.492641
FIRE:   14 19:53:31      172.189273     1348.388714
FIRE:   15 19:53:32       64.649642     1874.498389
FIRE:   16 19:53:32       23.790801     1164.399133
FIRE:   17 19:53:33       21.089649      579.619891
FIRE:   18 19:53:34       17.462828      676.332809
FIRE:   19 19:53:35       11.588973      761.842149
FIRE:   20 19:53:36        5.100671      431.269569
FIRE:   21 19:53:37        3.923113     2588.486098
FIRE:   22 19:53:37        0.920508     3026.426207
FIRE:   23 19:53:38        0.958321      538.014954
FIRE:   24 19:53:39        0.895030      558.260243
FIRE:   25 19:53:40        0.762671      615.628737
FIRE:   26 19:53:41        0.542240      743.816851
FIRE:   27 19:53:41        0.213633      605.037728
FIRE:   28 19:53:42        0.219078     1968.162518
FIRE:   29 19:53:43        0.116012     1475.498565
FIRE:   30 19:53:44        0.001752      567.684374
FIRE:   31 19:53:45       -0.038893      475.464358
FIRE:   32 19:53:46       -0.041530      475.600748
FIRE:   33 19:53:46       -0.046730      475.879104
FIRE:   34 19:53:47       -0.054354      476.311247
FIRE:   35 19:53:48       -0.064217      476.916405
FIRE:   36 19:53:49       -0.076132      477.722957
FIRE:   37 19:53:50       -0.089947      478.770814
FIRE:   38 19:53:50       -0.105595      480.114583
FIRE:   39 19:53:51       -0.125102      482.035222
FIRE:   40 19:53:52       -0.149574      484.847635
FIRE:   41 19:53:53       -0.180586      489.103448
FIRE:   42 19:53:54       -0.220193      495.827624
FIRE:   43 19:53:54       -0.270818      507.050052
FIRE:   44 19:53:55       -0.335363      527.046608
FIRE:   45 19:53:56       -0.418376      565.190260
FIRE:   46 19:53:57       -0.529345      640.771805
FIRE:   47 19:53:58       -0.688277      766.662153
FIRE:   48 19:53:58       -0.904481      596.448366
FIRE:   49 19:54:00       -0.859035     1610.600563
FIRE:   50 19:54:00       -0.894788     1395.722545
FIRE:   51 19:54:01       -0.948321      986.238353
FIRE:   52 19:54:02       -0.993124      465.527124
FIRE:   53 19:54:03       -1.012062      168.724686
FIRE:   54 19:54:04       -1.010261      392.199135
FIRE:   55 19:54:04       -1.011106      385.950407
FIRE:   56 19:54:05       -1.012761      373.424255
FIRE:   57 19:54:06       -1.015163      354.599640
FIRE:   58 19:54:07       -1.018214      329.532920
FIRE:   59 19:54:07       -1.021795      298.475574
FIRE:   60 19:54:08       -1.025771      262.069044
FIRE:   61 19:54:09       -1.030002      221.680959
FIRE:   62 19:54:10       -1.034825      175.681095
FIRE:   63 19:54:11       -1.040184      168.699239
FIRE:   64 19:54:11       -1.046064      168.694148
FIRE:   65 19:54:12       -1.052635      168.687734
FIRE:   66 19:54:13       -1.060403      189.806457
FIRE:   67 19:54:14       -1.070263      226.651950
FIRE:   68 19:54:15       -1.083287      233.014366
FIRE:   69 19:54:15       -1.100238      200.337373
FIRE:   70 19:54:16       -1.121155      168.626084
FIRE:   71 19:54:17       -1.145656      168.604526
FIRE:   72 19:54:19       -1.174272      168.578042
FIRE:   73 19:54:19       -1.209338      198.181907
FIRE:   74 19:54:20       -1.253622      177.195989
FIRE:   75 19:54:21       -1.307973      168.458716
FIRE:   76 19:54:21       -1.372278      168.400372
FIRE:   77 19:54:22       -1.450999      174.088584
FIRE:   78 19:54:23       -1.548350      168.243467
FIRE:   79 19:54:24       -1.664529      175.741028
FIRE:   80 19:54:25       -1.807774      168.011734
FIRE:   81 19:54:26       -1.980249      171.772759
FIRE:   82 19:54:27       -2.191573      167.671109
FIRE:   83 19:54:28       -2.446425      180.279409
FIRE:   84 19:54:28       -2.755876      206.885951
FIRE:   85 19:54:29       -3.128580      261.414453
FIRE:   86 19:54:30       -3.570493      474.272003
FIRE:   87 19:54:31       -4.037034      739.012355
FIRE:   88 19:54:32       -4.647387     1335.584111
FIRE:   89 19:54:32       -5.070524      555.921154
FIRE:   90 19:54:33       -5.853639      499.185902
FIRE:   91 19:54:34       -7.146832      921.047523
FIRE:   92 19:54:35       -4.710388     2661.232109
FIRE:   93 19:54:35       -7.263702     3016.185491
FIRE:   94 19:54:36       -7.557322      518.537520
FIRE:   95 19:54:37       -7.600138      531.964291
FIRE:   96 19:54:38       -7.688384      566.460548
FIRE:   97 19:54:39       -7.829731      641.000808
FIRE:   98 19:54:40       -8.042355      760.861705
FIRE:   99 19:54:40       -8.321524      482.015471
FIRE:  100 19:54:41       -8.328454     1747.421586
FIRE:  101 19:54:42       -8.392201     1417.116336
FIRE:  102 19:54:43       -8.478333      802.005105
FIRE:  103 19:54:44       -8.537304      563.381623
FIRE:  104 19:54:44       -8.562665      588.636269
FIRE:  105 19:54:45       -8.584424      626.774787
FIRE:  106 19:54:46       -8.625242      682.188599
FIRE:  107 19:54:47       -8.694078      739.899685
FIRE:  108 19:54:48       -8.805093      772.439991
FIRE:  109 19:54:48       -8.949484      559.797387
FIRE:  110 19:54:49       -9.014529      609.680752
FIRE:  111 19:54:50       -9.018916      561.635829
FIRE:  112 19:54:51       -9.026638      471.653500
FIRE:  113 19:54:51       -9.035973      351.789910
FIRE:  114 19:54:52       -9.045168      226.953912
FIRE:  115 19:54:53       -9.053074      161.906798
FIRE:  116 19:54:54       -9.059561      161.901780
FIRE:  117 19:54:54       -9.065428      217.229370
FIRE:  118 19:54:55       -9.072587      273.015768
FIRE:  119 19:54:56       -9.082684      303.797622
FIRE:  120 19:54:57       -9.097294      301.295073
FIRE:  121 19:54:58       -9.117262      259.436603
FIRE:  122 19:54:58       -9.142028      181.015987
FIRE:  123 19:54:59       -9.169842      161.816402
FIRE:  124 19:55:00       -9.200756      219.317142
FIRE:  125 19:55:01       -9.239868      263.035910
FIRE:  126 19:55:02       -9.291830      185.939383
FIRE:  127 19:55:02       -9.353568      161.674106
FIRE:  128 19:55:03       -9.425297      232.847510
FIRE:  129 19:55:04       -9.516988      199.704465
FIRE:  130 19:55:04       -9.628469      161.461831
FIRE:  131 19:55:05       -9.761573      221.741419
FIRE:  132 19:55:06       -9.927740      161.232155
FIRE:  133 19:55:07      -10.126778      208.706189
FIRE:  134 19:55:08      -10.370473      207.187261
FIRE:  135 19:55:08      -10.668169      160.668036
FIRE:  136 19:55:09      -11.029994      160.394695
FIRE:  137 19:55:10      -11.469267      203.980591
FIRE:  138 19:55:11      -11.973850      490.036270
FIRE:  139 19:55:11      -12.389058     1536.291132
FIRE:  140 19:55:12      -12.875462      575.167807
FIRE:  141 19:55:13      -13.414390      758.163333
FIRE:  142 19:55:14      -13.980062     2876.504200
FIRE:  143 19:55:15      -14.422254      693.018946
FIRE:  144 19:55:15      -14.469698      722.456863
FIRE:  145 19:55:16      -14.569259      754.486122
FIRE:  146 19:55:17      -14.715647      588.023249
FIRE:  147 19:55:18      -14.811431      484.497566
FIRE:  148 19:55:19      -14.819437      453.566953
FIRE:  149 19:55:20      -14.833660      455.206421
FIRE:  150 19:55:21      -14.851727      457.893304
FIRE:  151 19:55:21      -14.872261      461.951253
FIRE:  152 19:55:22      -14.895621      467.871961
FIRE:  153 19:55:23      -14.923377      476.375779
FIRE:  154 19:55:24      -14.957241      488.542319
FIRE:  155 19:55:25      -15.003260      508.284335
FIRE:  156 19:55:26      -15.065374      541.840463
FIRE:  157 19:55:26      -15.148790      600.866480
FIRE:  158 19:55:27      -15.263738      697.280120
FIRE:  159 19:55:28      -15.426941      731.949882
FIRE:  160 19:55:29      -15.558967      304.803575
FIRE:  161 19:55:29      -15.561796      279.451757
FIRE:  162 19:55:30      -15.566888      234.928188
FIRE:  163 19:55:31      -15.573383      184.600594
FIRE:  164 19:55:32      -15.580533      157.078491
FIRE:  165 19:55:33      -15.588050      157.073383
FIRE:  166 19:55:34      -15.596191      174.643767
FIRE:  167 19:55:34      -15.605532      198.924241
FIRE:  168 19:55:35      -15.617902      211.905341
FIRE:  169 19:55:36      -15.634357      205.902990
FIRE:  170 19:55:37      -15.655552      180.050012
FIRE:  171 19:55:38      -15.681545      157.008300
FIRE:  172 19:55:38      -15.712487      156.986547
FIRE:  173 19:55:39      -15.750280      179.733370
FIRE:  174 19:55:40      -15.798341      171.239994
FIRE:  175 19:55:41      -15.858066      156.885622
FIRE:  176 19:55:41      -15.929790      173.241181
FIRE:  177 19:55:43      -16.018497      178.987388
FIRE:  178 19:55:43      -16.128260      156.698283
FIRE:  179 19:55:44      -16.260827      172.423574
FIRE:  180 19:55:45      -16.424905      156.493236
FIRE:  181 19:55:46      -16.623536      181.657299
FIRE:  182 19:55:46      -16.867286      156.188380
FIRE:  183 19:55:48      -17.164235      155.984957
FIRE:  184 19:55:48      -17.525372      181.030215
FIRE:  185 19:55:49      -17.959764      283.006524
FIRE:  186 19:55:50      -18.442446      562.737924
FIRE:  187 19:55:51      -18.901592     1459.827469
FIRE:  188 19:55:52      -19.107454      339.871199
FIRE:  189 19:55:53      -19.116435      290.266398
FIRE:  190 19:55:54      -19.130542      202.191509
FIRE:  191 19:55:55      -19.144684      154.641401
FIRE:  192 19:55:56      -19.157832      215.246384
FIRE:  193 19:55:57      -19.175024      270.032205
FIRE:  194 19:55:58      -19.200358      244.216344
FIRE:  195 19:55:59      -19.231375      169.561375
FIRE:  196 19:55:59      -19.266658      161.506340
FIRE:  197 19:56:00      -19.307471      224.206015
FIRE:  198 19:56:01      -19.361939      226.205607
FIRE:  199 19:56:02      -19.432812      156.178152
FIRE:  200 19:56:03      -19.515142      195.205663
FIRE:  201 19:56:03      -19.619772      189.605200
FIRE:  202 19:56:04      -19.749348      176.579276
FIRE:  203 19:56:05      -19.906864      204.299156
FIRE:  204 19:56:06      -20.102144      180.091667
FIRE:  205 19:56:06      -20.342472      153.844112
FIRE:  206 19:56:07      -20.633793      221.260894
FIRE:  207 19:56:08      -20.985874      304.861433
FIRE:  208 19:56:09      -21.388229      473.794580
FIRE:  209 19:56:09      -21.835643      941.279095
FIRE:  210 19:56:11      -22.086120      660.942123
FIRE:  211 19:56:11      -22.234272      718.232957
FIRE:  212 19:56:12      -22.530417      487.446321
FIRE:  213 19:56:13      -22.296190     1765.424648
FIRE:  214 19:56:14      -22.496854     1099.086019
FIRE:  215 19:56:15      -22.631634      166.889023
FIRE:  216 19:56:16      -22.598479      521.509293
FIRE:  217 19:56:17      -22.604070      505.850487
FIRE:  218 19:56:18      -22.614624      473.045208
FIRE:  219 19:56:19      -22.628856      420.614686
FIRE:  220 19:56:20      -22.644826      346.557828
FIRE:  221 19:56:21      -22.660110      253.583505
FIRE:  222 19:56:22      -22.672334      164.998509
FIRE:  223 19:56:22      -22.680317      161.722289
FIRE:  224 19:56:23      -22.685741      253.891379
FIRE:  225 19:56:24      -22.692299      347.056938
FIRE:  226 19:56:25      -22.705570      381.806510
FIRE:  227 19:56:26      -22.729113      329.729920
FIRE:  228 19:56:27      -22.760487      210.729809
FIRE:  229 19:56:28      -22.792443      152.237009
FIRE:  230 19:56:29      -22.823099      240.386562
FIRE:  231 19:56:30      -22.861799      293.606052
FIRE:  232 19:56:31      -22.917776      253.297292
FIRE:  233 19:56:32      -22.987120      152.110947
FIRE:  234 19:56:33      -23.059851      245.230524
FIRE:  235 19:56:34      -23.155193      238.034040
FIRE:  236 19:56:35      -23.274438      168.628855
FIRE:  237 19:56:35      -23.409852      257.391260
FIRE:  238 19:56:36      -23.586457      151.723908
FIRE:  239 19:56:37      -23.788839      265.878714
FIRE:  240 19:56:38      -24.043381      229.687582
FIRE:  241 19:56:39      -24.352367      153.126867
FIRE:  242 19:56:40      -24.717380      295.908785
FIRE:  243 19:56:40      -25.121108      524.739133
FIRE:  244 19:56:41      -25.603504      933.986074
FIRE:  245 19:56:42      -25.892906      639.154439
FIRE:  246 19:56:42      -26.742317      695.586982
FIRE:  247 19:56:43      -25.413665     3115.848637
FIRE:  248 19:56:44      -27.776801      671.966690
FIRE:  249 19:56:45      -27.828111      620.815564
FIRE:  250 19:56:46      -27.907035      416.609296
FIRE:  251 19:56:47      -27.942427      271.610200
FIRE:  252 19:56:48      -27.945338      248.037112
FIRE:  253 19:56:49      -27.950568      208.067816
FIRE:  254 19:56:50      -27.957243      166.992790
FIRE:  255 19:56:51      -27.964671      148.952296
FIRE:  256 19:56:51      -27.972683      156.701633
FIRE:  257 19:56:52      -27.981650      180.372666
FIRE:  258 19:56:53      -27.992173      199.160400
FIRE:  259 19:56:54      -28.006178      204.793586
FIRE:  260 19:56:55      -28.024617      192.206002
FIRE:  261 19:56:55      -28.047949      165.039412
FIRE:  262 19:56:56      -28.076211      148.883544
FIRE:  263 19:56:57      -28.110170      160.837302
FIRE:  264 19:56:58      -28.152608      172.879173
FIRE:  265 19:56:59      -28.206409      152.778262
FIRE:  266 19:56:59      -28.271961      154.759639
FIRE:  267 19:57:00      -28.351584      180.718432
FIRE:  268 19:57:01      -28.451000      159.689559
FIRE:  269 19:57:02      -28.571925      155.017853
FIRE:  270 19:57:03      -28.720303      154.976282
FIRE:  271 19:57:04      -28.901668      170.210095
FIRE:  272 19:57:05      -29.123788      154.622922
FIRE:  273 19:57:06      -29.393503      175.318637
FIRE:  274 19:57:07      -29.721477      215.737694
FIRE:  275 19:57:08      -30.117670      241.786596
FIRE:  276 19:57:09      -30.578059      418.860620
FIRE:  277 19:57:09      -31.055776     1091.117384
FIRE:  278 19:57:10      -31.319085      570.232425
FIRE:  279 19:57:11      -32.044929      582.531755
FIRE:  280 19:57:12      -32.940858     2608.731088
FIRE:  281 19:57:13      -33.299448      646.094077
FIRE:  282 19:57:14      -33.350517      651.112428
FIRE:  283 19:57:15      -33.444863      671.068451
FIRE:  284 19:57:15      -33.544161      545.771087
FIRE:  285 19:57:16      -33.570841      754.097241
FIRE:  286 19:57:17      -33.581235      650.977774
FIRE:  287 19:57:18      -33.597378      468.527988
FIRE:  288 19:57:19      -33.612979      253.544320
FIRE:  289 19:57:20      -33.624022      151.947532
FIRE:  290 19:57:21      -33.630916      234.294413
FIRE:  291 19:57:22      -33.637071      321.865217
FIRE:  292 19:57:23      -33.645718      370.080560
FIRE:  293 19:57:23      -33.660187      380.645799
FIRE:  294 19:57:24      -33.682103      347.383666
FIRE:  295 19:57:25      -33.710978      260.808897
FIRE:  296 19:57:26      -33.743293      154.936187
FIRE:  297 19:57:27      -33.775839      242.407234
FIRE:  298 19:57:27      -33.815604      349.264308
FIRE:  299 19:57:28      -33.873253      248.705079
FIRE:  300 19:57:29      -33.941965      166.553711
FIRE:  301 19:57:30      -34.018058      285.889316
FIRE:  302 19:57:30      -34.118198      258.558124
FIRE:  303 19:57:31      -34.241346      167.421770
FIRE:  304 19:57:32      -34.385206      282.635138
FIRE:  305 19:57:33      -34.568505      190.698096
FIRE:  306 19:57:33      -34.786385      250.155862
FIRE:  307 19:57:34      -35.053003      269.929610
FIRE:  308 19:57:35      -35.379810      228.490013
FIRE:  309 19:57:36      -35.777375      171.233591
FIRE:  310 19:57:37      -36.262128      214.351985
FIRE:  311 19:57:37      -36.837132      534.694023
FIRE:  312 19:57:38      -37.357090      616.134138
FIRE:  313 19:57:39      -38.025160     2411.507207
FIRE:  314 19:57:40      -38.307561      649.058766
FIRE:  315 19:57:41      -38.333057      643.471230
FIRE:  316 19:57:42      -38.381807      581.908237
FIRE:  317 19:57:43      -38.438065      321.018465
FIRE:  318 19:57:44      -38.457257      437.978778
FIRE:  319 19:57:45      -38.460867      394.571305
FIRE:  320 19:57:46      -38.467182      315.804778
FIRE:  321 19:57:47      -38.474861      226.140547
FIRE:  322 19:57:48      -38.482794      167.503534
FIRE:  323 19:57:48      -38.490617      169.353715
FIRE:  324 19:57:50      -38.498755      208.559842
FIRE:  325 19:57:51      -38.508008      245.538280
FIRE:  326 19:57:52      -38.520379      266.799009
FIRE:  327 19:57:53      -38.537090      263.915457
FIRE:  328 19:57:54      -38.558957      232.805132
FIRE:  329 19:57:54      -38.586025      182.074244
FIRE:  330 19:57:56      -38.617916      163.671351
FIRE:  331 19:57:57      -38.655886      206.869877
FIRE:  332 19:57:58      -38.704143      214.390627
FIRE:  333 19:57:59      -38.765287      165.504922
FIRE:  334 19:57:59      -38.838322      191.839495
FIRE:  335 19:58:00      -38.927410      226.675739
FIRE:  336 19:58:01      -39.039144      176.505676
FIRE:  337 19:58:02      -39.173584      192.271996
FIRE:  338 19:58:03      -39.339718      171.235118
FIRE:  339 19:58:04      -39.541338      218.151324
FIRE:  340 19:58:04      -39.789601      170.894263
FIRE:  341 19:58:05      -40.089993      223.276411
FIRE:  342 19:58:06      -40.454250      302.601609
FIRE:  343 19:58:07      -40.896466      336.897745
FIRE:  344 19:58:08      -41.408928      502.677498
FIRE:  345 19:58:08      -41.995523     1146.108694
FIRE:  346 19:58:10      -42.505995      531.235122
FIRE:  347 19:58:10      -42.951492     2558.371007
FIRE:  348 19:58:11      -43.258766      621.195469
FIRE:  349 19:58:12      -43.287137      627.287150
FIRE:  350 19:58:13      -43.343933      604.015905
FIRE:  351 19:58:14      -43.420216      426.125834
FIRE:  352 19:58:14      -43.475584      373.321343
FIRE:  353 19:58:15      -43.488299      943.875928
FIRE:  354 19:58:16      -43.502458      826.442232
FIRE:  355 19:58:17      -43.525379      616.217341
FIRE:  356 19:58:17      -43.549590      410.348879
FIRE:  357 19:58:18      -43.570139      418.897900
FIRE:  358 19:58:19      -43.587144      431.065380
FIRE:  359 19:58:20      -43.604323      447.612048
FIRE:  360 19:58:20      -43.625692      469.278306
FIRE:  361 19:58:21      -43.657488      500.135553
FIRE:  362 19:58:22      -43.704687      543.096316
FIRE:  363 19:58:23      -43.772625      596.248424
FIRE:  364 19:58:23      -43.864997      623.234605
FIRE:  365 19:58:24      -43.968825      423.452451
FIRE:  366 19:58:25      -43.994472      676.363618
FIRE:  367 19:58:26      -44.000928      615.590203
FIRE:  368 19:58:26      -44.011967      503.862168
FIRE:  369 19:58:27      -44.024676      359.802847
FIRE:  370 19:58:28      -44.036369      225.230328
FIRE:  371 19:58:29      -44.045691      176.215862
FIRE:  372 19:58:29      -44.053027      218.274956
FIRE:  373 19:58:30      -44.059921      276.907656
FIRE:  374 19:58:31      -44.068975      321.816527
FIRE:  375 19:58:32      -44.082214      342.625691
FIRE:  376 19:58:33      -44.101348      334.112792
FIRE:  377 19:58:33      -44.127114      290.858224
FIRE:  378 19:58:35      -44.158534      215.944364
FIRE:  379 19:58:35      -44.193230      179.899356
FIRE:  380 19:58:36      -44.231797      257.459583
FIRE:  381 19:58:37      -44.281928      285.481441
FIRE:  382 19:58:38      -44.348403      197.712629
FIRE:  383 19:58:39      -44.425344      211.490399
FIRE:  384 19:58:39      -44.516112      279.483704
FIRE:  385 19:58:40      -44.633218      230.218514
FIRE:  386 19:58:41      -44.773297      203.233433
FIRE:  387 19:58:42      -44.943164      233.701447
FIRE:  388 19:58:43      -45.152672      229.308725
FIRE:  389 19:58:43      -45.406956      237.580112
FIRE:  390 19:58:45      -45.714664      275.444460
FIRE:  391 19:58:45      -46.092262      268.408024
FIRE:  392 19:58:46      -46.552556      197.846194
FIRE:  393 19:58:47      -47.113732      226.255462
FIRE:  394 19:58:48      -47.790961      381.157423
FIRE:  395 19:58:49      -48.484990      605.285878
FIRE:  396 19:58:49      -49.355752     2044.686678
FIRE:  397 19:58:50      -49.547930      601.662232
FIRE:  398 19:58:51      -49.573217      590.177489
FIRE:  399 19:58:52      -49.618542      523.497707
FIRE:  400 19:58:52      -49.667185      299.982297
FIRE:  401 19:58:53      -49.687971      391.620543
FIRE:  402 19:58:54      -49.691748      356.534863
FIRE:  403 19:58:55      -49.698479      292.926027
FIRE:  404 19:58:56      -49.706915      235.023314
FIRE:  405 19:58:57      -49.715977      198.224186
FIRE:  406 19:58:58      -49.725222      199.770325
FIRE:  407 19:58:59      -49.734945      226.004989
FIRE:  408 19:59:00      -49.745873      253.696186
FIRE:  409 19:59:01      -49.760223      272.051274
FIRE:  410 19:59:01      -49.779388      273.455600
FIRE:  411 19:59:02      -49.804457      254.172276
FIRE:  412 19:59:03      -49.835798      218.743550
FIRE:  413 19:59:04      -49.873240      195.726455
FIRE:  414 19:59:04      -49.917836      212.454387
FIRE:  415 19:59:05      -49.973712      225.267169
FIRE:  416 19:59:06      -50.044690      199.632908
FIRE:  417 19:59:07      -50.130551      210.669441
FIRE:  418 19:59:08      -50.234495      244.183222
FIRE:  419 19:59:08      -50.364541      218.817078
FIRE:  420 19:59:09      -50.522529      202.181968
FIRE:  421 19:59:10      -50.715916      206.901624
FIRE:  422 19:59:11      -50.952879      225.907027
FIRE:  423 19:59:12      -51.242594      218.954804
FIRE:  424 19:59:12      -51.594645      229.543141
FIRE:  425 19:59:14      -52.024114      265.093063
FIRE:  426 19:59:14      -52.546207      230.765793
FIRE:  427 19:59:15      -53.173047      338.968762
FIRE:  428 19:59:16      -53.880347      881.407446
FIRE:  429 19:59:17      -54.513978      544.946510
FIRE:  430 19:59:18      -55.603927      330.797130
FIRE:  431 19:59:19      -55.646229     3319.216428
FIRE:  432 19:59:19      -56.810037      494.010012
FIRE:  433 19:59:20      -56.835015      511.452437
FIRE:  434 19:59:21      -56.887576      536.297639
FIRE:  435 19:59:22      -56.970103      511.340205
FIRE:  436 19:59:22      -57.067438      447.658310
FIRE:  437 19:59:23      -57.125104      703.286008
FIRE:  438 19:59:24      -57.193513     1135.483370
FIRE:  439 19:59:25      -57.333572      688.610699
FIRE:  440 19:59:26      -57.333056     1305.851450
FIRE:  441 19:59:27      -57.366500     1056.828642
FIRE:  442 19:59:28      -57.410897      638.857954
FIRE:  443 19:59:28      -57.441687      220.898641
FIRE:  444 19:59:29      -57.453216      266.115317
FIRE:  445 19:59:30      -57.456612      400.749548
FIRE:  446 19:59:31      -57.457759      396.798058
FIRE:  447 19:59:32      -57.460023      388.771942
FIRE:  448 19:59:33      -57.463344      376.454256
FIRE:  449 19:59:33      -57.467633      359.596400
FIRE:  450 19:59:34      -57.472764      338.031519
FIRE:  451 19:59:35      -57.478593      311.868836
FIRE:  452 19:59:36      -57.484956      281.811875
FIRE:  453 19:59:36      -57.492415      246.196275
FIRE:  454 19:59:37      -57.500946      209.650928
FIRE:  455 19:59:38      -57.510549      188.301213
FIRE:  456 19:59:39      -57.521448      190.152388
FIRE:  457 19:59:40      -57.534382      221.368776
FIRE:  458 19:59:40      -57.550758      259.372893
FIRE:  459 19:59:41      -57.572276      261.447885
FIRE:  460 19:59:42      -57.600022      219.655092
FIRE:  461 19:59:42      -57.633872      187.343831
FIRE:  462 19:59:43      -57.673531      199.751931
FIRE:  463 19:59:44      -57.720689      241.995755
FIRE:  464 19:59:45      -57.779196      258.551706
FIRE:  465 19:59:46      -57.852547      229.360097
FIRE:  466 19:59:46      -57.941590      187.238685
FIRE:  467 19:59:47      -58.047692      207.709756
FIRE:  468 19:59:48      -58.179135      195.153149
FIRE:  469 19:59:49      -58.339130      203.386786
FIRE:  470 19:59:50      -58.532175      241.068881
FIRE:  471 19:59:50      -58.769777      186.026302
FIRE:  472 19:59:51      -59.055949      209.890055
FIRE:  473 19:59:52      -59.405798      225.355177
FIRE:  474 19:59:53      -59.831146      195.659381
FIRE:  475 19:59:53      -60.345576      249.116508
FIRE:  476 19:59:54      -60.959278      392.620733
FIRE:  477 19:59:55      -61.697021      651.609885
FIRE:  478 19:59:55      -62.491606      431.315377
FIRE:  479 19:59:56      -63.540576      438.921887
FIRE:  480 19:59:57      -64.356598     2279.686321
FIRE:  481 19:59:58      -64.731953      409.210426
FIRE:  482 19:59:58      -64.754720      423.537069
FIRE:  483 19:59:59      -64.802966      449.084877
FIRE:  484 20:00:00      -64.880831      465.706220
FIRE:  485 20:00:01      -64.983729      404.217773
FIRE:  486 20:00:02      -65.058792      199.102214
FIRE:  487 20:00:03      -65.033920      820.867433
FIRE:  488 20:00:03      -65.054263      711.600774
FIRE:  489 20:00:04      -65.085161      522.947305
FIRE:  490 20:00:05      -65.113831      307.643338
FIRE:  491 20:00:06      -65.132565      168.242485
FIRE:  492 20:00:07      -65.142146      225.786543
FIRE:  493 20:00:07      -65.148567      296.618082
FIRE:  494 20:00:08      -65.157185      339.421441
FIRE:  495 20:00:09      -65.172558      359.531346
FIRE:  496 20:00:10      -65.197584      357.784407
FIRE:  497 20:00:11      -65.233897      329.467015
FIRE:  498 20:00:12      -65.280502      262.848535
FIRE:  499 20:00:12      -65.331481      173.561323
FIRE:  500 20:00:13      -65.380185      265.894798
FIRE:  501 20:00:14      -65.439529      367.993670
FIRE:  502 20:00:15      -65.529786      256.168223
FIRE:  503 20:00:16      -65.634157      191.320730
FIRE:  504 20:00:17      -65.747028      284.972848
FIRE:  505 20:00:18      -65.896462      269.987738
FIRE:  506 20:00:18      -66.082591      163.409231
FIRE:  507 20:00:19      -66.291700      313.029378
FIRE:  508 20:00:20      -66.564302      183.588390
FIRE:  509 20:00:20      -66.878093      260.599743
FIRE:  510 20:00:21      -67.268172      190.918351
FIRE:  511 20:00:22      -67.734957      150.346454
FIRE:  512 20:00:23      -68.291120      226.240590
FIRE:  513 20:00:24      -68.935545      456.300512
FIRE:  514 20:00:25      -69.593435      383.334521
FIRE:  515 20:00:25      -70.547989      372.247216
FIRE:  516 20:00:27      -69.834360     3374.070016
FIRE:  517 20:00:27      -71.412184      215.751135
FIRE:  518 20:00:28      -71.422148      222.280373
FIRE:  519 20:00:29      -71.442758      236.369033
FIRE:  520 20:00:30      -71.475594      260.059657
FIRE:  521 20:00:31      -71.523614      295.622506
FIRE:  522 20:00:32      -71.591685      340.573466
FIRE:  523 20:00:33      -71.684893      364.152567
FIRE:  524 20:00:34      -71.792017      270.932248
FIRE:  525 20:00:35      -71.827416      544.664835
FIRE:  526 20:00:36      -71.837537      468.850008
FIRE:  527 20:00:37      -71.853198      341.658314
FIRE:  528 20:00:38      -71.868586      205.443493
FIRE:  529 20:00:38      -71.880423      129.292135
FIRE:  530 20:00:39      -71.889297      156.497892
FIRE:  531 20:00:40      -71.897976      207.807302
FIRE:  532 20:00:41      -71.908970      237.224484
FIRE:  533 20:00:42      -71.925436      247.450503
FIRE:  534 20:00:43      -71.949118      236.485442
FIRE:  535 20:00:44      -71.980614      198.154210
FIRE:  536 20:00:44      -72.018403      130.349092
FIRE:  537 20:00:45      -72.059364      156.064054
FIRE:  538 20:00:46      -72.105999      248.551513
FIRE:  539 20:00:47      -72.169681      230.604750
FIRE:  540 20:00:48      -72.250523      129.135008
FIRE:  541 20:00:48      -72.341243      172.571643
FIRE:  542 20:00:49      -72.453897      192.551665
FIRE:  543 20:00:50      -72.597011      128.986785
FIRE:  544 20:00:51      -72.762039      223.544868
FIRE:  545 20:00:52      -72.970832      128.825675
FIRE:  546 20:00:52      -73.215429      186.594429
FIRE:  547 20:00:53      -73.519398      128.587290
FIRE:  548 20:00:54      -73.878004      227.065279
FIRE:  549 20:00:55      -74.298244      277.491226
FIRE:  550 20:00:56      -74.819643      251.135666
FIRE:  551 20:00:57      -75.408373      306.729208
FIRE:  552 20:00:58      -76.081026      773.382355
FIRE:  553 20:00:58      -76.744985      148.487448
FIRE:  554 20:00:59      -77.771115      128.665290
FIRE:  555 20:01:00      -79.110559      169.453832
FIRE:  556 20:01:01      -80.889919      244.206524
FIRE:  557 20:01:01      -83.498615      333.812550
FIRE:  558 20:01:02      -86.355024      307.255240
FIRE:  559 20:01:03      -91.415624      580.357732
FIRE:  560 20:01:04      -93.907037      708.259309
FIRE:  561 20:01:04     -100.525757      366.352119
FIRE:  562 20:01:05     -108.078363      660.208386
FIRE:  563 20:01:06     -121.332886      713.821229
FIRE:  564 20:01:07     -141.999713      606.718654
FIRE:  565 20:01:07     -160.748018      498.623198
FIRE:  566 20:01:08     -184.066950      827.537481
FIRE:  567 20:01:09     -213.031988     2315.191184
FIRE:  568 20:01:10       21.954779    18315.447866
FIRE:  569 20:01:10     -140.518090     7410.630945
FIRE:  570 20:01:11     -152.679231      900.916264
FIRE:  571 20:01:12     -153.163001      916.943358
FIRE:  572 20:01:13     -154.147005      950.016375
FIRE:  573 20:01:14     -155.668964     1002.308290
FIRE:  574 20:01:15     -157.804520     1077.377879
FIRE:  575 20:01:16     -160.695825     1180.493912
FIRE:  576 20:01:16     -164.577080     1319.055151
FIRE:  577 20:01:17     -169.802764     1502.837493
FIRE:  578 20:01:18     -163.140019     7362.525941
FIRE:  579 20:01:19     -168.325450     7285.862813
FIRE:  580 20:01:20     -176.523609     2428.800216
FIRE:  581 20:01:20     -176.724930     2597.535392
FIRE:  582 20:01:21     -177.190004     2951.797200
FIRE:  583 20:01:22     -177.951687     3421.409570
FIRE:  584 20:01:23     -178.699311     5690.836707
FIRE:  585 20:01:23     -180.319914     3802.120969
FIRE:  586 20:01:24     -181.955472     3792.109764
FIRE:  587 20:01:25     -183.949513     3845.995539
FIRE:  588 20:01:26     -186.761460     3971.457411
FIRE:  589 20:01:27     -190.472460     4161.925135
FIRE:  590 20:01:27     -195.505793     4418.936827
FIRE:  591 20:01:28     -202.164318     2413.098758
FIRE:  592 20:01:29     -204.875853     2204.424377
FIRE:  593 20:01:30     -208.226201     1942.033535
FIRE:  594 20:01:31     -212.993921     1867.569301
FIRE:  595 20:01:31     -216.300297     7609.122867
FIRE:  596 20:01:32     -223.308544     1235.114868
FIRE:  597 20:01:33     -227.340514     1441.295040
FIRE:  598 20:01:34     -233.676392     1206.141628
FIRE:  599 20:01:34     -240.511102     1566.042590
FIRE:  600 20:01:35     -251.512469     2075.541355
FIRE:  601 20:01:36     -248.099636     7280.954412
FIRE:  602 20:01:37     -252.484915     7207.349232
FIRE:  603 20:01:37     -260.527401     1345.538599
FIRE:  604 20:01:38     -260.562631      746.458430
FIRE:  605 20:01:39     -260.585542     1293.102140
FIRE:  606 20:01:40     -260.595147      985.125318
FIRE:  607 20:01:40     -260.608681      748.207516
FIRE:  608 20:01:41     -260.621675      748.689728
FIRE:  609 20:01:42     -260.635479      750.680413
FIRE:  610 20:01:43     -260.654139      874.253503
FIRE:  611 20:01:44     -260.679702      819.326470
FIRE:  612 20:01:45     -260.710931      752.149642
FIRE:  613 20:01:45     -260.748310      753.511685
FIRE:  614 20:01:46     -260.791343      755.239196
FIRE:  615 20:01:47     -260.847200      776.153596
FIRE:  616 20:01:48     -260.920749      760.052181
FIRE:  617 20:01:48     -261.007673      763.380237
FIRE:  618 20:01:49     -261.116528      767.513251
FIRE:  619 20:01:50     -261.254701      772.627651
FIRE:  620 20:01:51     -261.421269      779.022487
FIRE:  621 20:01:52     -261.632153      786.942988
FIRE:  622 20:01:52     -261.890740      796.889524
FIRE:  623 20:01:53     -262.209880      827.608519
FIRE:  624 20:01:54     -262.603343      932.709337
FIRE:  625 20:01:55     -263.087950     1226.652590
FIRE:  626 20:01:55     -263.643032     1809.773555
FIRE:  627 20:01:56     -264.306734     3944.947449
FIRE:  628 20:01:57     -264.856007     1452.925391
FIRE:  629 20:01:57     -265.814265     1323.618161
FIRE:  630 20:01:58     -267.385570     1445.870555
FIRE:  631 20:01:59     -269.059932     7471.190112
FIRE:  632 20:02:00     -269.440726     1731.113061
FIRE:  633 20:02:00     -269.487770     1810.671187
FIRE:  634 20:02:01     -269.588543     1982.623058
FIRE:  635 20:02:02     -269.755089     2082.159802
FIRE:  636 20:02:03     -269.935857     1142.550336
FIRE:  637 20:02:03     -269.868207     4485.751888
FIRE:  638 20:02:04     -269.925449     3696.639236
FIRE:  639 20:02:05     -270.002283     2223.952042
FIRE:  640 20:02:06     -270.052082     1148.180713
FIRE:  641 20:02:06     -270.064527     1149.161535
FIRE:  642 20:02:07     -270.066138     1149.213829
FIRE:  643 20:02:08     -270.069308     1149.318465
FIRE:  644 20:02:08     -270.073936     1149.475624
FIRE:  645 20:02:09     -270.079879     1149.685683
FIRE:  646 20:02:10     -270.086966     1149.949259
FIRE:  647 20:02:11     -270.095020     1150.267191
FIRE:  648 20:02:11     -270.103885     1150.640427
FIRE:  649 20:02:12     -270.114512     1151.118486
FIRE:  650 20:02:13     -270.127219     1151.726008
FIRE:  651 20:02:14     -270.142573     1152.491670
FIRE:  652 20:02:14     -270.161538     1153.448300
FIRE:  653 20:02:15     -270.185511     1154.634269
FIRE:  654 20:02:16     -270.216079     1156.096963
FIRE:  655 20:02:17     -270.254559     1157.898006
FIRE:  656 20:02:18     -270.301790     1160.118530
FIRE:  657 20:02:18     -270.358842     1162.860162
FIRE:  658 20:02:19     -270.428339     1166.239704
FIRE:  659 20:02:20     -270.514595     1170.391088
FIRE:  660 20:02:21     -270.621796     1175.483851
FIRE:  661 20:02:22     -270.752777     1181.743286
FIRE:  662 20:02:22     -270.912650     1189.441394
FIRE:  663 20:02:23     -271.111045     1198.886399
FIRE:  664 20:02:24     -271.354514     1210.503273
FIRE:  665 20:02:25     -271.654449     1224.805761
FIRE:  666 20:02:25     -272.026084     1242.421946
FIRE:  667 20:02:26     -272.485523     1264.190565
FIRE:  668 20:02:27     -273.056727     1291.123939
FIRE:  669 20:02:28     -273.770813     1324.536356
FIRE:  670 20:02:29     -274.666765     1366.217115
FIRE:  671 20:02:29     -275.797713     1418.421242
FIRE:  672 20:02:30     -277.216613     1839.696573
FIRE:  673 20:02:31     -278.846511     2044.269618
FIRE:  674 20:02:32     -281.355245     1665.539139
FIRE:  675 20:02:33     -282.833658     7567.577866
FIRE:  676 20:02:34     -271.517416     6902.405282
FIRE:  677 20:02:35     -273.442600     6867.747060
FIRE:  678 20:02:35     -277.255417     6798.468214
FIRE:  679 20:02:36     -282.910595     7024.801513
FIRE:  680 20:02:37     -283.722016     1741.431356
FIRE:  681 20:02:38     -283.770555     1742.802889
FIRE:  682 20:02:39     -283.870022     1745.614324
FIRE:  683 20:02:39     -284.026792     1862.189002
FIRE:  684 20:02:40     -284.253762     2103.670884
FIRE:  685 20:02:41     -284.548214     1769.231024
FIRE:  686 20:02:42     -284.700368     2912.041058
FIRE:  687 20:02:42     -284.725718     2493.891875
FIRE:  688 20:02:43     -284.766227     1805.967671
FIRE:  689 20:02:44     -284.808621     1813.540965
FIRE:  690 20:02:45     -284.846280     1825.785100
FIRE:  691 20:02:46     -284.882678     1845.162284
FIRE:  692 20:02:46     -284.925629     1875.498242
FIRE:  693 20:02:47     -284.981287     1923.116766
FIRE:  694 20:02:48     -285.061772     2008.683170
FIRE:  695 20:02:49     -285.176125     2169.020956
FIRE:  696 20:02:49     -285.336143     2448.552511
FIRE:  697 20:02:50     -285.552515     2504.682602
FIRE:  698 20:02:51     -285.678059     1393.014016
FIRE:  699 20:02:52     -285.682755     1277.803443
FIRE:  700 20:02:53     -285.690684     1063.990916
FIRE:  701 20:02:53     -285.699536      784.807545
FIRE:  702 20:02:54     -285.707119      494.157045
FIRE:  703 20:02:55     -285.712309      458.875464
FIRE:  704 20:02:56     -285.715581      521.277696
FIRE:  705 20:02:57     -285.718514      687.803161
FIRE:  706 20:02:58     -285.723195      776.118817
FIRE:  707 20:02:58     -285.731246      768.170938
FIRE:  708 20:02:59     -285.743493      710.059230
FIRE:  709 20:03:00     -285.759208      579.195747
FIRE:  710 20:03:01     -285.776145      456.370280
FIRE:  711 20:03:02     -285.793337      652.936167
FIRE:  712 20:03:02     -285.814783      716.539434
FIRE:  713 20:03:03     -285.845054      602.226304
FIRE:  714 20:03:04     -285.881514      460.817890
FIRE:  715 20:03:05     -285.922018      586.753904
FIRE:  716 20:03:05     -285.974266      617.634624
FIRE:  717 20:03:06     -286.038840      525.104025
FIRE:  718 20:03:07     -286.114734      570.895645
FIRE:  719 20:03:08     -286.210092      463.555091
FIRE:  720 20:03:09     -286.324087      608.679484
FIRE:  721 20:03:09     -286.464065      680.687068
FIRE:  722 20:03:10     -286.631747      643.753494
FIRE:  723 20:03:11     -286.834674      807.133815
FIRE:  724 20:03:12     -287.077141      906.288237
FIRE:  725 20:03:12     -287.334649     2057.296149
FIRE:  726 20:03:13     -287.461404     2597.104700
FIRE:  727 20:03:14     -287.644164     2353.315142
FIRE:  728 20:03:15     -287.682463     2332.170848
FIRE:  729 20:03:15     -287.717392     1590.928125
FIRE:  730 20:03:16     -287.754661     1042.220900
FIRE:  731 20:03:17     -287.766988      893.919678
FIRE:  732 20:03:18     -287.768307      851.205326
FIRE:  733 20:03:18     -287.770776      767.049080
FIRE:  734 20:03:19     -287.774095      644.981412
FIRE:  735 20:03:20     -287.777899      492.771208
FIRE:  736 20:03:21     -287.781876      470.730598
FIRE:  737 20:03:22     -287.785886      468.231971
FIRE:  738 20:03:23     -287.790037      497.299266
FIRE:  739 20:03:23     -287.795162      603.709843
FIRE:  740 20:03:25     -287.801954      660.369811
FIRE:  741 20:03:25     -287.811109      637.042544
FIRE:  742 20:03:26     -287.822942      527.958260
FIRE:  743 20:03:27     -287.837264      468.744887
FIRE:  744 20:03:28     -287.854057      471.924623
FIRE:  745 20:03:28     -287.874503      495.257744
FIRE:  746 20:03:29     -287.900557      473.744759
FIRE:  747 20:03:30     -287.933030      471.047829
FIRE:  748 20:03:31     -287.971766      492.740688
FIRE:  749 20:03:31     -288.019465      540.061073
FIRE:  750 20:03:32     -288.078759      471.417293
FIRE:  751 20:03:33     -288.150032      475.523329
FIRE:  752 20:03:34     -288.238500      473.419014
FIRE:  753 20:03:35     -288.345369      560.088193
FIRE:  754 20:03:35     -288.477043      476.378556
FIRE:  755 20:03:36     -288.637387      477.927725
FIRE:  756 20:03:37     -288.832335      648.493591
FIRE:  757 20:03:37     -289.065035      961.070230
FIRE:  758 20:03:38     -289.325735     2105.195813
FIRE:  759 20:03:39     -289.525232     2588.930681
FIRE:  760 20:03:40     -290.049215     2124.735156
FIRE:  761 20:03:41     -290.386262     2580.754349
FIRE:  762 20:03:41     -290.440167     7311.066375
FIRE:  763 20:03:42     -290.972848     2547.930794
FIRE:  764 20:03:43     -291.023716     2370.892577
FIRE:  765 20:03:44     -291.103194     1510.155700
FIRE:  766 20:03:44     -291.128741     1272.818913
FIRE:  767 20:03:45     -291.131981     1149.330550
FIRE:  768 20:03:46     -291.137409      927.493942
FIRE:  769 20:03:47     -291.143501      659.272744
FIRE:  770 20:03:47     -291.149121      503.392314
FIRE:  771 20:03:48     -291.154157      507.380152
FIRE:  772 20:03:49     -291.159444      642.744141
FIRE:  773 20:03:50     -291.166033      743.531757
FIRE:  774 20:03:50     -291.175585      747.473109
FIRE:  775 20:03:51     -291.188736      634.993936
FIRE:  776 20:03:52     -291.205124      507.098744
FIRE:  777 20:03:53     -291.223777      502.595243
FIRE:  778 20:03:54     -291.245404      711.090329
FIRE:  779 20:03:55     -291.273561      733.351818
FIRE:  780 20:03:56     -291.309971      506.927736
FIRE:  781 20:03:56     -291.352640      509.248852
FIRE:  782 20:03:57     -291.404713      595.679131
FIRE:  783 20:03:58     -291.471055      507.689831
FIRE:  784 20:03:59     -291.549742      682.256183
FIRE:  785 20:03:59     -291.648469      505.530990
FIRE:  786 20:04:00     -291.767013      599.721687
FIRE:  787 20:04:01     -291.914508      506.709733
FIRE:  788 20:04:02     -292.092737      638.301145
FIRE:  789 20:04:02     -292.307095      850.787111
FIRE:  790 20:04:03     -292.560001     1432.247307
FIRE:  791 20:04:04     -292.820693     2091.697841
FIRE:  792 20:04:05     -293.111098     3994.560978
FIRE:  793 20:04:06     -293.234932      813.281686
FIRE:  794 20:04:07     -293.239001      674.857570
FIRE:  795 20:04:07     -293.245632      475.346864
FIRE:  796 20:04:08     -293.253125      470.742805
FIRE:  797 20:04:09     -293.261478      645.062728
FIRE:  798 20:04:10     -293.272437      736.684739
FIRE:  799 20:04:10     -293.287034      656.851611
FIRE:  800 20:04:11     -293.304219      470.075312
FIRE:  801 20:04:12     -293.324548      469.683710
FIRE:  802 20:04:13     -293.349268      539.876000
FIRE:  803 20:04:14     -293.381591      490.891318
FIRE:  804 20:04:14     -293.422159      461.019076
FIRE:  805 20:04:15     -293.470555      595.108910
FIRE:  806 20:04:16     -293.531877      474.236420
FIRE:  807 20:04:17     -293.606005      451.873999
FIRE:  808 20:04:18     -293.697256      441.982915
FIRE:  809 20:04:18     -293.806925      598.912696
FIRE:  810 20:04:20     -293.940580      434.220743
FIRE:  811 20:04:20     -294.100438      434.672991
FIRE:  812 20:04:21     -294.290226      506.418612
FIRE:  813 20:04:22     -294.504879     1085.963987
FIRE:  814 20:04:23     -294.684142     3314.488548
FIRE:  815 20:04:24     -294.620685     2483.870426
FIRE:  816 20:04:25     -294.758975     2709.217702
FIRE:  817 20:04:26     -295.035775     1605.780440
FIRE:  818 20:04:27     -294.742821     6027.839848
FIRE:  819 20:04:28     -294.916683     4585.465091
FIRE:  820 20:04:29     -295.080946     1129.404530
FIRE:  821 20:04:30     -295.052402     1912.369330
FIRE:  822 20:04:31     -295.057251     1841.012227
FIRE:  823 20:04:32     -295.066235     1690.802869
FIRE:  824 20:04:33     -295.077906     1449.005034
FIRE:  825 20:04:34     -295.090116     1103.469324
FIRE:  826 20:04:35     -295.100288      655.350842
FIRE:  827 20:04:36     -295.106176      439.114464
FIRE:  828 20:04:37     -295.107413      626.784168
FIRE:  829 20:04:37     -295.107616      616.539264
FIRE:  830 20:04:38     -295.108015      596.313502
FIRE:  831 20:04:39     -295.108595      566.650621
FIRE:  832 20:04:40     -295.109337      528.384633
FIRE:  833 20:04:41     -295.110217      482.647921
FIRE:  834 20:04:42     -295.111211      439.158898
FIRE:  835 20:04:43     -295.112296      439.161675
FIRE:  836 20:04:43     -295.113577      439.165369
FIRE:  837 20:04:44     -295.115071      439.170281
FIRE:  838 20:04:45     -295.116802      439.176809
FIRE:  839 20:04:46     -295.118820      439.185464
FIRE:  840 20:04:47     -295.121215      439.196886
FIRE:  841 20:04:48     -295.124136      439.211854
FIRE:  842 20:04:49     -295.127788      439.231310
FIRE:  843 20:04:50     -295.132415      439.256392
FIRE:  844 20:04:50     -295.138246      439.288474
FIRE:  845 20:04:51     -295.145451      439.329168
FIRE:  846 20:04:52     -295.154136      439.380253
FIRE:  847 20:04:53     -295.164490      439.443435
FIRE:  848 20:04:54     -295.177018      439.520046
FIRE:  849 20:04:54     -295.192517      439.611280
FIRE:  850 20:04:55     -295.211597      439.719204
FIRE:  851 20:04:56     -295.234550      439.848131
FIRE:  852 20:04:57     -295.262279      440.005434
FIRE:  853 20:04:58     -295.296345      440.201367
FIRE:  854 20:04:58     -295.337511      440.447886
FIRE:  855 20:04:59     -295.387350      440.752789
FIRE:  856 20:05:00     -295.448016      441.119896
FIRE:  857 20:05:01     -295.521222      441.563525
FIRE:  858 20:05:02     -295.609955      442.117758
FIRE:  859 20:05:02     -295.717369      442.814197
FIRE:  860 20:05:03     -295.847064      443.660546
FIRE:  861 20:05:04     -296.003109      444.722700
FIRE:  862 20:05:05     -296.184554      926.512133
FIRE:  863 20:05:06     -296.355060     2715.707129
FIRE:  864 20:05:07     -296.331835     2724.771575
FIRE:  865 20:05:08     -296.494667     2768.958200
FIRE:  866 20:05:08     -296.676891      998.151177
FIRE:  867 20:05:09     -296.682528      697.738528
FIRE:  868 20:05:10     -296.689167      449.754686
FIRE:  869 20:05:11     -296.693585      449.810615
FIRE:  870 20:05:11     -296.697902      673.255710
FIRE:  871 20:05:12     -296.705654      712.804647
FIRE:  872 20:05:13     -296.717282      538.314048
FIRE:  873 20:05:14     -296.730169      450.105272
FIRE:  874 20:05:15     -296.743344      450.205892
FIRE:  875 20:05:16     -296.759555      598.751386
FIRE:  876 20:05:17     -296.783158      450.513570
FIRE:  877 20:05:18     -296.810722      450.748178
FIRE:  878 20:05:19     -296.843188      544.580218
FIRE:  879 20:05:20     -296.886801      451.391828
FIRE:  880 20:05:21     -296.936829      533.433091
FIRE:  881 20:05:22     -297.002190      452.320334
FIRE:  882 20:05:23     -297.078995      540.055144
FIRE:  883 20:05:24     -297.175025      503.848769
FIRE:  884 20:05:25     -297.292463      454.798330
FIRE:  885 20:05:25     -297.434930      457.339779
FIRE:  886 20:05:26     -297.600128     1064.632871
FIRE:  887 20:05:27     -297.723337     3451.853372
FIRE:  888 20:05:28     -297.820624      609.008499
FIRE:  889 20:05:29     -297.823275      490.515119
FIRE:  890 20:05:29     -297.827508      459.520309
FIRE:  891 20:05:30     -297.832206      459.554222
FIRE:  892 20:05:31     -297.837479      459.603072
FIRE:  893 20:05:32     -297.844508      459.667503
FIRE:  894 20:05:33     -297.853880      459.747556
FIRE:  895 20:05:34     -297.864848      459.843330
FIRE:  896 20:05:34     -297.877793      459.967321
FIRE:  897 20:05:35     -297.893652      460.122591
FIRE:  898 20:05:36     -297.914526      460.310776
FIRE:  899 20:05:37     -297.940650      460.537834
FIRE:  900 20:05:38     -297.972038      460.817930
FIRE:  901 20:05:39     -298.012156      461.169432
FIRE:  902 20:05:39     -298.060879      461.616515
FIRE:  903 20:05:40     -298.121720      462.164864
FIRE:  904 20:05:41     -298.195714      462.819653
FIRE:  905 20:05:42     -298.287561      463.612928
FIRE:  906 20:05:43     -298.400099      464.597386
FIRE:  907 20:05:44     -298.538037      465.746445
FIRE:  908 20:05:45     -298.703542      728.601477
FIRE:  909 20:05:46     -298.866280     2374.913630
FIRE:  910 20:05:46     -298.849898     2799.118878
FIRE:  911 20:05:47     -299.015704     2670.723330
FIRE:  912 20:05:48     -299.138227     1835.973967
FIRE:  913 20:05:49     -299.154046     1247.996598
FIRE:  914 20:05:49     -299.168881      470.282330
FIRE:  915 20:05:51     -299.171545      674.565432
FIRE:  916 20:05:52     -299.172409      638.001412
FIRE:  917 20:05:53     -299.174022      567.099155
FIRE:  918 20:05:53     -299.176181      470.338435
FIRE:  919 20:05:54     -299.178652      470.347506
FIRE:  920 20:05:55     -299.181239      470.359085
FIRE:  921 20:05:56     -299.183870      470.373287
FIRE:  922 20:05:57     -299.186623      470.390117
FIRE:  923 20:05:58     -299.190046      470.411628
FIRE:  924 20:05:59     -299.194574      470.438666
FIRE:  925 20:06:00     -299.200642      470.472285
FIRE:  926 20:06:01     -299.208457      470.513894
FIRE:  927 20:06:02     -299.217931      470.565351
FIRE:  928 20:06:02     -299.229080      470.628749
FIRE:  929 20:06:03     -299.242660      470.705783
FIRE:  930 20:06:04     -299.259933      470.797901
FIRE:  931 20:06:05     -299.281432      470.907252
FIRE:  932 20:06:06     -299.307112      471.037027
FIRE:  933 20:06:07     -299.338722      471.189729
FIRE:  934 20:06:08     -299.377961      471.367375
FIRE:  935 20:06:09     -299.425140      471.570838
FIRE:  936 20:06:10     -299.483596      471.793314
FIRE:  937 20:06:10     -299.554171      472.023580
FIRE:  938 20:06:11     -299.640957      472.240811
FIRE:  939 20:06:12     -299.746404      472.407324
FIRE:  940 20:06:13     -299.874248      472.439661
FIRE:  941 20:06:14     -300.026399      724.339117
FIRE:  942 20:06:15     -300.194668     1625.499998
FIRE:  943 20:06:16     -300.311975     2594.980759
FIRE:  944 20:06:17     -300.412697     1472.500721
FIRE:  945 20:06:18     -300.397763     2514.836571
FIRE:  946 20:06:19     -300.422908     1811.524737
FIRE:  947 20:06:20     -300.448278      645.834799
FIRE:  948 20:06:20     -300.452977      645.042537
FIRE:  949 20:06:21     -300.453679      615.282206
FIRE:  950 20:06:22     -300.455005      557.393523
FIRE:  951 20:06:23     -300.456819      475.275981
FIRE:  952 20:06:24     -300.458953      469.650961
FIRE:  953 20:06:25     -300.461257      469.633768
FIRE:  954 20:06:25     -300.463644      469.612789
FIRE:  955 20:06:26     -300.466126      469.587968
FIRE:  956 20:06:27     -300.469108      469.556159
FIRE:  957 20:06:28     -300.472906      469.515976
FIRE:  958 20:06:29     -300.477922      469.465704
FIRE:  959 20:06:30     -300.484491      469.403012
FIRE:  960 20:06:30     -300.492723      469.324585
FIRE:  961 20:06:31     -300.502569      469.225800
FIRE:  962 20:06:32     -300.514280      469.100909
FIRE:  963 20:06:33     -300.528781      468.943423
FIRE:  964 20:06:34     -300.547112      468.744910
FIRE:  965 20:06:35     -300.569524      468.492771
FIRE:  966 20:06:36     -300.596398      468.169626
FIRE:  967 20:06:36     -300.629756      467.754970
FIRE:  968 20:06:37     -300.670530      467.218065
FIRE:  969 20:06:39     -300.719881      466.514893
FIRE:  970 20:06:39     -300.780616      465.588339
FIRE:  971 20:06:40     -300.854047      464.348511
FIRE:  972 20:06:41     -300.943546      462.676609
FIRE:  973 20:06:41     -301.052416      460.393781
FIRE:  974 20:06:42     -301.184347      457.225404
FIRE:  975 20:06:43     -301.343570      452.779418
FIRE:  976 20:06:44     -301.527043     1098.446099
FIRE:  977 20:06:44     -301.670315     2413.371865
FIRE:  978 20:06:45     -301.708233     5709.258493
FIRE:  979 20:06:46     -302.001226     1352.471128
FIRE:  980 20:06:47     -302.011155     1052.238650
FIRE:  981 20:06:48     -302.023246      467.364556
FIRE:  982 20:06:49     -302.028280      470.490846
FIRE:  983 20:06:49     -302.028922      437.448188
FIRE:  984 20:06:50     -302.030130      425.634640
FIRE:  985 20:06:51     -302.031784      425.584696
FIRE:  986 20:06:52     -302.033759      425.517603
FIRE:  987 20:06:53     -302.035978      425.432995
FIRE:  988 20:06:54     -302.038439      425.330762
FIRE:  989 20:06:54     -302.041209      425.211226
FIRE:  990 20:06:55     -302.044750      425.059538
FIRE:  991 20:06:56     -302.049350      424.868965
FIRE:  992 20:06:57     -302.055280      424.630877
FIRE:  993 20:06:57     -302.062726      424.333857
FIRE:  994 20:06:58     -302.071808      423.963016
FIRE:  995 20:06:59     -302.082825      423.500454
FIRE:  996 20:07:00     -302.096489      422.926233
FIRE:  997 20:07:00     -302.113607      422.215886
FIRE:  998 20:07:01     -302.134561      421.335638
FIRE:  999 20:07:02     -302.160007      420.243532
FIRE:  1000 20:07:03     -302.191480      418.892763
FIRE:  1001 20:07:03     -302.229882      417.218903
FIRE:  1002 20:07:04     -302.276667      415.142095
FIRE:  1003 20:07:05     -302.333875      412.566725
FIRE:  1004 20:07:06     -302.403395      409.364341
FIRE:  1005 20:07:07     -302.487771      405.380437
FIRE:  1006 20:07:08     -302.590179      400.430263
FIRE:  1007 20:07:09     -302.714013      394.271388
FIRE:  1008 20:07:11     -302.862994      387.114132
FIRE:  1009 20:07:12     -303.034405     1048.793956
FIRE:  1010 20:07:13     -303.159774     2430.532483
FIRE:  1011 20:07:14     -303.133300     5999.249316
FIRE:  1012 20:07:15     -303.470641     1467.920198
FIRE:  1013 20:07:16     -303.482377     1140.274062
FIRE:  1014 20:07:17     -303.496207      485.764810
FIRE:  1015 20:07:18     -303.500443      554.198747
FIRE:  1016 20:07:19     -303.501175      512.445113
FIRE:  1017 20:07:19     -303.502522      433.546048
FIRE:  1018 20:07:20     -303.504297      356.734674
FIRE:  1019 20:07:21     -303.506311      356.733405
FIRE:  1020 20:07:22     -303.508453      356.732093
FIRE:  1021 20:07:23     -303.510734      356.730902
FIRE:  1022 20:07:23     -303.513268      356.729994
FIRE:  1023 20:07:24     -303.516545      360.423038
FIRE:  1024 20:07:25     -303.520886      369.031779
FIRE:  1025 20:07:26     -303.526554      356.730624
FIRE:  1026 20:07:27     -303.533648      356.732704
FIRE:  1027 20:07:28     -303.542169      356.735787
FIRE:  1028 20:07:28     -303.552397      356.739577
FIRE:  1029 20:07:29     -303.565178      356.743763
FIRE:  1030 20:07:30     -303.581310      356.748133
FIRE:  1031 20:07:31     -303.600904      356.752676
FIRE:  1032 20:07:32     -303.624633      356.759115
FIRE:  1033 20:07:32     -303.654199      356.771734
FIRE:  1034 20:07:33     -303.690087      356.792533
FIRE:  1035 20:07:34     -303.733972      356.822319
FIRE:  1036 20:07:35     -303.787565      356.861586
FIRE:  1037 20:07:36     -303.852942      356.916432
FIRE:  1038 20:07:37     -303.932180      357.001021
FIRE:  1039 20:07:38     -304.028463      357.134833
FIRE:  1040 20:07:39     -304.144729      364.074652
FIRE:  1041 20:07:39     -304.281964      710.062561
FIRE:  1042 20:07:40     -304.422904     1931.715471
FIRE:  1043 20:07:41     -304.448678     2826.909741
FIRE:  1044 20:07:42     -304.592850     2077.812437
FIRE:  1045 20:07:43     -304.592998     2894.827512
FIRE:  1046 20:07:43     -304.628655     1998.162377
FIRE:  1047 20:07:44     -304.660225      533.134872
FIRE:  1048 20:07:45     -304.658949      942.150174
FIRE:  1049 20:07:46     -304.660183      893.458318
FIRE:  1050 20:07:47     -304.662440      797.476628
FIRE:  1051 20:07:48     -304.665340      658.160293
FIRE:  1052 20:07:49     -304.668415      484.936842
FIRE:  1053 20:07:49     -304.671234      358.000254
FIRE:  1054 20:07:51     -304.673562      357.983203
FIRE:  1055 20:07:52     -304.675505      357.968328
FIRE:  1056 20:07:52     -304.677679      463.382384
FIRE:  1057 20:07:53     -304.680763      556.694590
FIRE:  1058 20:07:54     -304.685457      552.131325
FIRE:  1059 20:07:55     -304.692024      432.534544
FIRE:  1060 20:07:56     -304.699990      357.983228
FIRE:  1061 20:07:57     -304.708626      358.013990
FIRE:  1062 20:07:58     -304.718374      434.229044
FIRE:  1063 20:07:58     -304.731105      469.318893
FIRE:  1064 20:07:59     -304.747863      358.083207
FIRE:  1065 20:08:00     -304.767409      358.076477
FIRE:  1066 20:08:01     -304.790308      410.950624
FIRE:  1067 20:08:01     -304.820027      358.095198
FIRE:  1068 20:08:02     -304.855044      358.163104
FIRE:  1069 20:08:03     -304.898072      361.447218
FIRE:  1070 20:08:04     -304.950512      358.275260
FIRE:  1071 20:08:05     -305.014551      358.309308
FIRE:  1072 20:08:06     -305.091161      475.044041
FIRE:  1073 20:08:06     -305.185135      412.486361
FIRE:  1074 20:08:07     -305.298151      450.694020
FIRE:  1075 20:08:08     -305.431685      748.356283
FIRE:  1076 20:08:09     -305.565435     1702.526158
FIRE:  1077 20:08:10     -305.602145     4685.138053
FIRE:  1078 20:08:10     -305.782444      991.419593
FIRE:  1079 20:08:11     -305.787582      776.592826
FIRE:  1080 20:08:12     -305.794286      387.496359
FIRE:  1081 20:08:12     -305.798589      359.012455
FIRE:  1082 20:08:13     -305.801178      679.298732
FIRE:  1083 20:08:14     -305.806543      787.582895
FIRE:  1084 20:08:15     -305.816231      597.293878
FIRE:  1085 20:08:16     -305.827253      359.035207
FIRE:  1086 20:08:17     -305.837689      406.005152
FIRE:  1087 20:08:18     -305.849739      621.515708
FIRE:  1088 20:08:19     -305.868152      499.137964
FIRE:  1089 20:08:19     -305.890885      359.083550
FIRE:  1090 20:08:20     -305.915428      562.881485
FIRE:  1091 20:08:21     -305.949832      359.123932
FIRE:  1092 20:08:22     -305.988891      520.811490
FIRE:  1093 20:08:23     -306.039510      359.195115
FIRE:  1094 20:08:24     -306.097890      649.348850
FIRE:  1095 20:08:24     -306.173719      376.537692
FIRE:  1096 20:08:25     -306.264595      359.309017
FIRE:  1097 20:08:26     -306.373152      665.811974
FIRE:  1098 20:08:27     -306.486385     1512.188160
FIRE:  1099 20:08:28     -306.559384     3686.564321
FIRE:  1100 20:08:29     -306.670076      529.899591
FIRE:  1101 20:08:30     -306.672015      434.101941
FIRE:  1102 20:08:31     -306.675182      359.275413
FIRE:  1103 20:08:32     -306.678833      359.259657
FIRE:  1104 20:08:33     -306.683013      359.246773
FIRE:  1105 20:08:33     -306.688480      384.182886
FIRE:  1106 20:08:35     -306.695665      359.243461
FIRE:  1107 20:08:36     -306.704130      359.253655
FIRE:  1108 20:08:36     -306.714258      359.269345
FIRE:  1109 20:08:37     -306.726629      359.283892
FIRE:  1110 20:08:38     -306.742762      359.289081
FIRE:  1111 20:08:39     -306.763078      359.279915
FIRE:  1112 20:08:40     -306.787544      359.262918
FIRE:  1113 20:08:41     -306.818593      359.260838
FIRE:  1114 20:08:42     -306.856564      359.282179
FIRE:  1115 20:08:43     -306.903637      359.299197
FIRE:  1116 20:08:44     -306.961168      359.277796
FIRE:  1117 20:08:45     -307.032383      359.275881
FIRE:  1118 20:08:45     -307.119444      359.293208
FIRE:  1119 20:08:46     -307.225520      376.941028
FIRE:  1120 20:08:47     -307.349352      881.899337
FIRE:  1121 20:08:49     -307.465293     2371.117599
FIRE:  1122 20:08:49     -307.430209     2860.392417
FIRE:  1123 20:08:50     -307.590182     2508.312929
FIRE:  1124 20:08:51     -307.657423     2354.985305
FIRE:  1125 20:08:52     -307.681474     1615.589888
FIRE:  1126 20:08:53     -307.702965      432.247336
FIRE:  1127 20:08:54     -307.703207      807.543701
FIRE:  1128 20:08:55     -307.704175      764.709931
FIRE:  1129 20:08:56     -307.705952      680.899629
FIRE:  1130 20:08:56     -307.708256      560.862378
FIRE:  1131 20:08:57     -307.710749      414.954331
FIRE:  1132 20:08:58     -307.713134      358.837585
FIRE:  1133 20:08:59     -307.715270      358.809970
FIRE:  1134 20:09:00     -307.717255      358.785026
FIRE:  1135 20:09:01     -307.719613      405.291072
FIRE:  1136 20:09:02     -307.722858      475.085916
FIRE:  1137 20:09:03     -307.727504      461.631305
FIRE:  1138 20:09:04     -307.733741      358.749813
FIRE:  1139 20:09:05     -307.741262      358.769496
FIRE:  1140 20:09:06     -307.749695      358.797361
FIRE:  1141 20:09:06     -307.759601      397.236550
FIRE:  1142 20:09:07     -307.772441      404.681509
FIRE:  1143 20:09:08     -307.788865      358.805420
FIRE:  1144 20:09:09     -307.808111      358.753992
FIRE:  1145 20:09:10     -307.831310      358.703153
FIRE:  1146 20:09:11     -307.860831      358.691537
FIRE:  1147 20:09:12     -307.895740      358.719028
FIRE:  1148 20:09:12     -307.939094      358.721134
FIRE:  1149 20:09:13     -307.991319      358.634426
FIRE:  1150 20:09:14     -308.055730      358.563366
FIRE:  1151 20:09:15     -308.133063      394.041974
FIRE:  1152 20:09:15     -308.226867      469.070388
FIRE:  1153 20:09:16     -308.338807      644.484312
FIRE:  1154 20:09:17     -308.466819     1165.901706
FIRE:  1155 20:09:18     -308.575855     2143.585840
FIRE:  1156 20:09:19     -308.618002     4871.382479
FIRE:  1157 20:09:19     -308.814446     1073.756232
FIRE:  1158 20:09:20     -308.820386      838.495228
FIRE:  1159 20:09:21     -308.827927      405.276253
FIRE:  1160 20:09:22     -308.832191      357.569718
FIRE:  1161 20:09:23     -308.834137      754.790314
FIRE:  1162 20:09:23     -308.839355      864.353527
FIRE:  1163 20:09:24     -308.849556      642.571408
FIRE:  1164 20:09:25     -308.860947      357.542953
FIRE:  1165 20:09:26     -308.871043      445.966470
FIRE:  1166 20:09:26     -308.882657      674.084982
FIRE:  1167 20:09:27     -308.901259      528.470574
FIRE:  1168 20:09:28     -308.923962      357.462328
FIRE:  1169 20:09:29     -308.947801      615.814083
FIRE:  1170 20:09:30     -308.982236      357.408870
FIRE:  1171 20:09:30     -309.020405      566.651104
FIRE:  1172 20:09:31     -309.070703      359.304384
FIRE:  1173 20:09:32     -309.127580      721.093311
FIRE:  1174 20:09:33     -309.202808      406.817691
FIRE:  1175 20:09:34     -309.292386      356.967590
FIRE:  1176 20:09:35     -309.398589      731.915082
FIRE:  1177 20:09:35     -309.505570     1628.990226
FIRE:  1178 20:09:37     -309.567160     3895.235895
FIRE:  1179 20:09:37     -309.690605      604.634753
FIRE:  1180 20:09:38     -309.692873      488.208283
FIRE:  1181 20:09:39     -309.696393      356.198830
FIRE:  1182 20:09:40     -309.700093      356.177981
FIRE:  1183 20:09:41     -309.704063      370.901006
FIRE:  1184 20:09:41     -309.709422      447.537339
FIRE:  1185 20:09:42     -309.716752      371.820253
FIRE:  1186 20:09:43     -309.725383      356.135694
FIRE:  1187 20:09:44     -309.735424      356.135742
FIRE:  1188 20:09:45     -309.747556      391.555392
FIRE:  1189 20:09:46     -309.763664      356.109295
FIRE:  1190 20:09:47     -309.783942      356.069157
FIRE:  1191 20:09:47     -309.808023      356.015024
FIRE:  1192 20:09:48     -309.838922      355.969194
FIRE:  1193 20:09:49     -309.876419      355.934192
FIRE:  1194 20:09:50     -309.923090      355.878138
FIRE:  1195 20:09:50     -309.979805      355.767191
FIRE:  1196 20:09:51     -310.050298      355.669771
FIRE:  1197 20:09:52     -310.136325      355.549623
FIRE:  1198 20:09:53     -310.240997      408.232030
FIRE:  1199 20:09:54     -310.361756      969.689837
FIRE:  1200 20:09:55     -310.468973     2581.642359
FIRE:  1201 20:09:56     -310.524680      354.682031
FIRE:  1202 20:09:57     -310.525743      354.669796
FIRE:  1203 20:09:57     -310.527838      354.647830
FIRE:  1204 20:09:59     -310.530934      354.620899
FIRE:  1205 20:10:00     -310.535030      354.595001
FIRE:  1206 20:10:01     -310.540154      354.575623
FIRE:  1207 20:10:02     -310.546328      354.565853
FIRE:  1208 20:10:03     -310.553540      354.565077
FIRE:  1209 20:10:03     -310.562696      354.569564
FIRE:  1210 20:10:04     -310.574245      354.570532
FIRE:  1211 20:10:05     -310.588782      354.554764
FIRE:  1212 20:10:06     -310.606989      354.512454
FIRE:  1213 20:10:07     -310.629641      354.449460
FIRE:  1214 20:10:08     -310.657789      354.390777
FIRE:  1215 20:10:09     -310.692643      354.354168
FIRE:  1216 20:10:10     -310.735671      354.307919
FIRE:  1217 20:10:11     -310.788697      354.196881
FIRE:  1218 20:10:12     -310.853906      354.062047
FIRE:  1219 20:10:13     -310.933924      353.972369
FIRE:  1220 20:10:13     -311.031927      353.763700
FIRE:  1221 20:10:14     -311.151347      353.589706
FIRE:  1222 20:10:15     -311.291530      873.239312
FIRE:  1223 20:10:16     -311.404673     2190.679488
FIRE:  1224 20:10:17     -311.338527     5836.270040
FIRE:  1225 20:10:18     -311.653264     1322.765112
FIRE:  1226 20:10:18     -311.662447     1023.973279
FIRE:  1227 20:10:19     -311.673346      447.272864
FIRE:  1228 20:10:20     -311.677309      477.528015
FIRE:  1229 20:10:21     -311.677882      444.020767
FIRE:  1230 20:10:22     -311.678952      380.517464
FIRE:  1231 20:10:23     -311.680396      352.191616
FIRE:  1232 20:10:24     -311.682088      352.188278
FIRE:  1233 20:10:25     -311.683951      352.184238
FIRE:  1234 20:10:26     -311.685981      352.179583
FIRE:  1235 20:10:27     -311.688251      352.174416
FIRE:  1236 20:10:28     -311.691159      352.168220
FIRE:  1237 20:10:28     -311.694962      352.160886
FIRE:  1238 20:10:29     -311.699894      352.152214
FIRE:  1239 20:10:30     -311.706091      352.141807
FIRE:  1240 20:10:31     -311.713614      352.128970
FIRE:  1241 20:10:32     -311.722699      352.112731
FIRE:  1242 20:10:32     -311.733984      352.092083
FIRE:  1243 20:10:33     -311.748176      352.065933
FIRE:  1244 20:10:34     -311.765537      352.032782
FIRE:  1245 20:10:35     -311.786588      351.991595
FIRE:  1246 20:10:36     -311.812711      351.942865
FIRE:  1247 20:10:37     -311.844605      351.884350
FIRE:  1248 20:10:38     -311.883517      351.811613
FIRE:  1249 20:10:38     -311.931226      351.721253
FIRE:  1250 20:10:39     -311.989346      351.607885
FIRE:  1251 20:10:40     -312.060106      351.474219
FIRE:  1252 20:10:41     -312.146365      351.313896
FIRE:  1253 20:10:42     -312.251195      351.092687
FIRE:  1254 20:10:43     -312.378096      373.264191
FIRE:  1255 20:10:44     -312.525194      985.501993
FIRE:  1256 20:10:45     -312.632771     2359.795084
FIRE:  1257 20:10:46     -312.557840     6028.685361
FIRE:  1258 20:10:46     -312.903794     1448.790511
FIRE:  1259 20:10:47     -312.915032     1119.225589
FIRE:  1260 20:10:48     -312.928034      466.241006
FIRE:  1261 20:10:49     -312.931597      563.995329
FIRE:  1262 20:10:50     -312.932300      521.399370
FIRE:  1263 20:10:51     -312.933587      440.815587
FIRE:  1264 20:10:52     -312.935264      349.255534
FIRE:  1265 20:10:52     -312.937138      349.253830
FIRE:  1266 20:10:53     -312.939095      349.251449
FIRE:  1267 20:10:54     -312.941147      349.248247
FIRE:  1268 20:10:55     -312.943415      349.244112
FIRE:  1269 20:10:56     -312.946358      362.515277
FIRE:  1270 20:10:57     -312.950286      370.573565
FIRE:  1271 20:10:58     -312.955439      349.220417
FIRE:  1272 20:10:59     -312.961885      349.207056
FIRE:  1273 20:11:00     -312.969589      349.189934
FIRE:  1274 20:11:01     -312.978801      349.168711
FIRE:  1275 20:11:01     -312.990337      349.143583
FIRE:  1276 20:11:02     -313.004945      349.114462
FIRE:  1277 20:11:03     -313.022652      349.079607
FIRE:  1278 20:11:04     -313.044071      349.036112
FIRE:  1279 20:11:05     -313.070833      348.981697
FIRE:  1280 20:11:05     -313.103289      348.911742
FIRE:  1281 20:11:06     -313.143027      348.826712
FIRE:  1282 20:11:07     -313.191587      348.727181
FIRE:  1283 20:11:08     -313.250917      348.604229
FIRE:  1284 20:11:09     -313.322872      348.444886
FIRE:  1285 20:11:09     -313.410448      352.308614
FIRE:  1286 20:11:10     -313.516339      372.467681
FIRE:  1287 20:11:11     -313.641279      716.138435
FIRE:  1288 20:11:11     -313.768629     1915.327517
FIRE:  1289 20:11:13     -313.781979     2858.183880
FIRE:  1290 20:11:13     -313.926888     2020.205319
FIRE:  1291 20:11:14     -313.914317     3040.939306
FIRE:  1292 20:11:15     -313.953462     2103.767581
FIRE:  1293 20:11:16     -313.987895      555.778174
FIRE:  1294 20:11:17     -313.985505      996.264560
FIRE:  1295 20:11:18     -313.986835      944.493149
FIRE:  1296 20:11:19     -313.989258      842.190400
FIRE:  1297 20:11:20     -313.992346      693.012525
FIRE:  1298 20:11:20     -313.995566      505.932519
FIRE:  1299 20:11:21     -313.998425      346.610256
FIRE:  1300 20:11:22     -314.000652      346.580259
FIRE:  1301 20:11:23     -314.002369      346.552407
FIRE:  1302 20:11:23     -314.004229      496.554276
FIRE:  1303 20:11:24     -314.006983      595.361559
FIRE:  1304 20:11:25     -314.011383      589.399185
FIRE:  1305 20:11:26     -314.017682      460.759999
FIRE:  1306 20:11:27     -314.025293      346.501864
FIRE:  1307 20:11:28     -314.033321      346.515459
FIRE:  1308 20:11:28     -314.042184      451.897111
FIRE:  1309 20:11:29     -314.053910      491.916946
FIRE:  1310 20:11:30     -314.069597      346.464499
FIRE:  1311 20:11:31     -314.087734      346.386839
FIRE:  1312 20:11:31     -314.108705      435.333788
FIRE:  1313 20:11:32     -314.136290      346.244127
FIRE:  1314 20:11:33     -314.168607      360.971886
FIRE:  1315 20:11:34     -314.208249      378.984057
FIRE:  1316 20:11:35     -314.256730      346.005088
FIRE:  1317 20:11:35     -314.315798      345.831284
FIRE:  1318 20:11:36     -314.386304      496.017444
FIRE:  1319 20:11:37     -314.473232      402.999164
FIRE:  1320 20:11:38     -314.577839      405.896849
FIRE:  1321 20:11:38     -314.702278      643.935064
FIRE:  1322 20:11:39     -314.830545     1560.362481
FIRE:  1323 20:11:40     -314.858572     4562.352712
FIRE:  1324 20:11:41     -315.028219      985.363597
FIRE:  1325 20:11:42     -315.033219      768.665030
FIRE:  1326 20:11:43     -315.039661      376.148411
FIRE:  1327 20:11:43     -315.043641      343.811188
FIRE:  1328 20:11:44     -315.045928      680.323282
FIRE:  1329 20:11:45     -315.050950      782.615214
FIRE:  1330 20:11:46     -315.060142      589.375774
FIRE:  1331 20:11:47     -315.070523      343.754285
FIRE:  1332 20:11:47     -315.080205      405.610991
FIRE:  1333 20:11:48     -315.091405      617.678390
FIRE:  1334 20:11:49     -315.108712      489.037352
FIRE:  1335 20:11:50     -315.129952      343.591090
FIRE:  1336 20:11:51     -315.152788      560.391743
FIRE:  1337 20:11:52     -315.185023      343.491291
FIRE:  1338 20:11:52     -315.221370      519.489266
FIRE:  1339 20:11:53     -315.268740      343.234424
FIRE:  1340 20:11:54     -315.323059      649.184875
FIRE:  1341 20:11:55     -315.393908      378.562862
FIRE:  1342 20:11:55     -315.478743      342.666115
FIRE:  1343 20:11:56     -315.580083      640.659501
FIRE:  1344 20:11:57     -315.685468     1485.369995
FIRE:  1345 20:11:58     -315.747208     3676.807183
FIRE:  1346 20:11:58     -315.857112      528.673643
FIRE:  1347 20:11:59     -315.858984      430.502463
FIRE:  1348 20:12:00     -315.862006      341.534719
FIRE:  1349 20:12:01     -315.865425      341.503378
FIRE:  1350 20:12:01     -315.869299      341.473678
FIRE:  1351 20:12:02     -315.874400      385.746977
FIRE:  1352 20:12:03     -315.881150      341.439541
FIRE:  1353 20:12:04     -315.889096      341.435450
FIRE:  1354 20:12:04     -315.898551      341.433211
FIRE:  1355 20:12:05     -315.910084      347.796452
FIRE:  1356 20:12:06     -315.925179      341.386110
FIRE:  1357 20:12:07     -315.944172      341.320957
FIRE:  1358 20:12:08     -315.966991      341.236639
FIRE:  1359 20:12:09     -315.996019      341.163548
FIRE:  1360 20:12:09     -316.031444      341.104592
FIRE:  1361 20:12:10     -316.075415      341.007906
FIRE:  1362 20:12:11     -316.129069      340.832522
FIRE:  1363 20:12:12     -316.195536      340.674212
FIRE:  1364 20:12:12     -316.276771      340.494111
FIRE:  1365 20:12:13     -316.375767      358.836914
FIRE:  1366 20:12:14     -316.491343      856.762221
FIRE:  1367 20:12:15     -316.597995     2335.201872
FIRE:  1368 20:12:16     -316.551796     2909.338363
FIRE:  1369 20:12:16     -316.715654     2486.610744
FIRE:  1370 20:12:17     -316.766833     2590.520925
FIRE:  1371 20:12:18     -316.795718     1775.737099
FIRE:  1372 20:12:19     -316.821019      458.301211
FIRE:  1373 20:12:20     -316.819828      890.728360
FIRE:  1374 20:12:21     -316.820943      842.791193
FIRE:  1375 20:12:22     -316.822977      748.586497
FIRE:  1376 20:12:23     -316.825576      612.545968
FIRE:  1377 20:12:24     -316.828311      444.669698
FIRE:  1378 20:12:24     -316.830799      338.735030
FIRE:  1379 20:12:25     -316.832857      338.682440
FIRE:  1380 20:12:26     -316.834609      338.634985
FIRE:  1381 20:12:27     -316.836636      452.346129
FIRE:  1382 20:12:28     -316.839554      530.740054
FIRE:  1383 20:12:29     -316.843953      514.737343
FIRE:  1384 20:12:29     -316.850005      390.407699
FIRE:  1385 20:12:30     -316.857239      338.587251
FIRE:  1386 20:12:31     -316.865073      338.625790
FIRE:  1387 20:12:32     -316.874083      424.214948
FIRE:  1388 20:12:33     -316.885969      436.096333
FIRE:  1389 20:12:33     -316.901417      338.569251
FIRE:  1390 20:12:34     -316.919250      338.448647
FIRE:  1391 20:12:35     -316.940520      390.118163
FIRE:  1392 20:12:36     -316.968009      338.285298
FIRE:  1393 20:12:37     -317.000151      364.925498
FIRE:  1394 20:12:37     -317.040185      338.221640
FIRE:  1395 20:12:38     -317.088317      343.232229
FIRE:  1396 20:12:39     -317.147783      337.802758
FIRE:  1397 20:12:40     -317.218714      437.160618
FIRE:  1398 20:12:41     -317.305032      491.793892
FIRE:  1399 20:12:41     -317.408140      618.037150
FIRE:  1400 20:12:42     -317.526459     1084.146895
FIRE:  1401 20:12:43     -317.628246     2071.683998
FIRE:  1402 20:12:44     -317.642974     4923.006869
FIRE:  1403 20:12:44     -317.845699     1070.525295
FIRE:  1404 20:12:45     -317.851539      831.626284
FIRE:  1405 20:12:46     -317.858838      391.895660
FIRE:  1406 20:12:47     -317.862737      340.202509
FIRE:  1407 20:12:47     -317.864322      757.966034
FIRE:  1408 20:12:48     -317.869170      860.920801
FIRE:  1409 20:12:49     -317.878862      634.463028
FIRE:  1410 20:12:50     -317.889578      335.509467
FIRE:  1411 20:12:50     -317.898843      445.973552
FIRE:  1412 20:12:51     -317.909519      671.062601
FIRE:  1413 20:12:52     -317.926938      518.006276
FIRE:  1414 20:12:53     -317.948032      335.330858
FIRE:  1415 20:12:54     -317.969997      613.343311
FIRE:  1416 20:12:55     -318.002083      335.209596
FIRE:  1417 20:12:55     -318.037289      565.018822
FIRE:  1418 20:12:56     -318.084045      345.114121
FIRE:  1419 20:12:57     -318.136459      721.475474
FIRE:  1420 20:12:58     -318.206279      405.016538
FIRE:  1421 20:12:58     -318.289225      334.292945
FIRE:  1422 20:12:59     -318.387347      719.374905
FIRE:  1423 20:13:00     -318.485056     1619.173266
FIRE:  1424 20:13:01     -318.533501     3900.416076
FIRE:  1425 20:13:01     -318.657349      603.064947
FIRE:  1426 20:13:02     -318.659548      483.783189
FIRE:  1427 20:13:03     -318.662909      333.055837
FIRE:  1428 20:13:04     -318.666346      333.033887
FIRE:  1429 20:13:04     -318.669971      373.494946
FIRE:  1430 20:13:05     -318.674923      448.409972
FIRE:  1431 20:13:06     -318.681773      369.357784
FIRE:  1432 20:13:07     -318.689828      332.964107
FIRE:  1433 20:13:08     -318.699116      332.948854
FIRE:  1434 20:13:09     -318.710314      387.530390
FIRE:  1435 20:13:09     -318.725271      342.548167
FIRE:  1436 20:13:10     -318.744073      332.819048
FIRE:  1437 20:13:11     -318.766318      332.739470
FIRE:  1438 20:13:12     -318.794968      332.660034
FIRE:  1439 20:13:13     -318.829625      332.576025
FIRE:  1440 20:13:14     -318.872846      332.457537
FIRE:  1441 20:13:14     -318.925237      354.212138
FIRE:  1442 20:13:16     -318.990443      332.107913
FIRE:  1443 20:13:17     -319.069975      331.872761
FIRE:  1444 20:13:18     -319.166744      389.608365
FIRE:  1445 20:13:19     -319.278259      945.187849
FIRE:  1446 20:13:20     -319.374996     2545.640221
FIRE:  1447 20:13:20     -319.428973      330.585339
FIRE:  1448 20:13:21     -319.429962      330.575530
FIRE:  1449 20:13:22     -319.431907      330.557644
FIRE:  1450 20:13:23     -319.434775      330.534955
FIRE:  1451 20:13:24     -319.438565      330.511535
FIRE:  1452 20:13:25     -319.443307      330.491014
FIRE:  1453 20:13:26     -319.449024      330.475261
FIRE:  1454 20:13:27     -319.455704      330.463536
FIRE:  1455 20:13:28     -319.464180      330.451427
FIRE:  1456 20:13:29     -319.474868      330.431940
FIRE:  1457 20:13:30     -319.488324      330.395528
FIRE:  1458 20:13:31     -319.505179      330.335755
FIRE:  1459 20:13:32     -319.526142      330.257090
FIRE:  1460 20:13:33     -319.552193      330.175027
FIRE:  1461 20:13:34     -319.584447      330.095422
FIRE:  1462 20:13:35     -319.624263      329.989466
FIRE:  1463 20:13:36     -319.673324      329.823600
FIRE:  1464 20:13:37     -319.733654      329.634297
FIRE:  1465 20:13:38     -319.807676      329.441442
FIRE:  1466 20:13:39     -319.898311      329.127207
FIRE:  1467 20:13:40     -320.008649      346.953083
FIRE:  1468 20:13:41     -320.137193      911.176071
FIRE:  1469 20:13:42     -320.234003     2244.492763
FIRE:  1470 20:13:43     -320.149563     5845.360849
FIRE:  1471 20:13:44     -320.470566     1298.559299
FIRE:  1472 20:13:45     -320.479369      997.686506
FIRE:  1473 20:13:46     -320.489636      421.566812
FIRE:  1474 20:13:47     -320.493089      482.323442
FIRE:  1475 20:13:48     -320.493645      447.910988
FIRE:  1476 20:13:49     -320.494677      382.650440
FIRE:  1477 20:13:49     -320.496058      326.923462
FIRE:  1478 20:13:50     -320.497656      326.927803
FIRE:  1479 20:13:51     -320.499391      326.931667
FIRE:  1480 20:13:52     -320.501262      326.934088
FIRE:  1481 20:13:53     -320.503345      326.934142
FIRE:  1482 20:13:55     -320.506018      326.930637
FIRE:  1483 20:13:56     -320.509532      327.848723
FIRE:  1484 20:13:56     -320.514106      326.906726
FIRE:  1485 20:13:57     -320.519850      326.883657
FIRE:  1486 20:13:58     -320.526798      326.852795
FIRE:  1487 20:13:59     -320.535162      326.816153
FIRE:  1488 20:14:00     -320.545566      326.777583
FIRE:  1489 20:14:01     -320.558678      326.740211
FIRE:  1490 20:14:02     -320.574688      326.702215
FIRE:  1491 20:14:03     -320.594077      326.653526
FIRE:  1492 20:14:04     -320.618178      326.580374
FIRE:  1493 20:14:05     -320.647566      326.475145
FIRE:  1494 20:14:06     -320.683428      326.352118
FIRE:  1495 20:14:07     -320.727384      326.228943
FIRE:  1496 20:14:07     -320.780942      326.073542
FIRE:  1497 20:14:08     -320.846092      325.846345
FIRE:  1498 20:14:09     -320.925495      325.609395
FIRE:  1499 20:14:10     -321.021902      325.305013
FIRE:  1500 20:14:11     -321.138174      420.373505
FIRE:  1501 20:14:12     -321.269534     1162.598873
FIRE:  1502 20:14:12     -321.346427     2522.567298
FIRE:  1503 20:14:13     -321.438105     1040.524435
FIRE:  1504 20:14:14     -321.390601     2912.100061
FIRE:  1505 20:14:15     -321.425487     2044.621918
FIRE:  1506 20:14:16     -321.457380      600.068268
FIRE:  1507 20:14:17     -321.456806      898.316997
FIRE:  1508 20:14:18     -321.457874      851.945304
FIRE:  1509 20:14:18     -321.459827      760.695819
FIRE:  1510 20:14:19     -321.462333      628.484012
FIRE:  1511 20:14:20     -321.464987      463.946450
FIRE:  1512 20:14:23     -321.467413      323.558925
FIRE:  1513 20:14:30     -321.469406      323.537963
FIRE:  1514 20:14:33     -321.471046      323.517674
FIRE:  1515 20:14:34     -321.472846      431.505927
FIRE:  1516 20:14:34     -321.475380      524.031998
FIRE:  1517 20:15:38     -321.479258      527.267426
FIRE:  1518 20:15:39     -321.484747      423.883272
FIRE:  1519 20:15:40     -321.491484      323.452312
FIRE:  1520 20:15:40     -321.498805      323.447900
FIRE:  1521 20:15:41     -321.506947      397.329276
FIRE:  1522 20:15:42     -321.517480      447.282215
FIRE:  1523 20:15:42     -321.531476      323.358801
FIRE:  1524 20:15:43     -321.547961      323.284131
FIRE:  1525 20:15:44     -321.567028      384.322625
FIRE:  1526 20:15:44     -321.591773      323.122283
FIRE:  1527 20:15:45     -321.621231      323.054552
FIRE:  1528 20:15:46     -321.656967      360.370293
FIRE:  1529 20:15:46     -321.701074      322.785760
FIRE:  1530 20:15:47     -321.754379      322.586466
FIRE:  1531 20:15:47     -321.818620      432.997575
FIRE:  1532 20:15:48     -321.897627      322.160918
FIRE:  1533 20:15:48     -321.993108      321.766552
FIRE:  1534 20:15:49     -322.108852      321.563595
FIRE:  1535 20:15:50     -322.243964      853.272784
FIRE:  1536 20:15:50     -322.337306     3162.458628
FIRE:  1537 20:15:51     -322.416516      681.204906
FIRE:  1538 20:15:51     -322.419197      534.678157
FIRE:  1539 20:15:52     -322.423028      320.049798
FIRE:  1540 20:15:52     -322.426454      320.072981
FIRE:  1541 20:15:53     -322.429798      448.473256
FIRE:  1542 20:15:53     -322.434785      516.523938
FIRE:  1543 20:15:54     -322.442029      397.355066
FIRE:  1544 20:15:55     -322.450339      319.996915
FIRE:  1545 20:15:55     -322.459470      319.932839
FIRE:  1546 20:15:56     -322.470580      437.906050
FIRE:  1547 20:15:56     -322.485891      345.319772
FIRE:  1548 20:15:57     -322.504705      319.797749
FIRE:  1549 20:15:57     -322.526779      384.180109
FIRE:  1550 20:15:58     -322.555796      319.648413
FIRE:  1551 20:15:59     -322.590088      386.595440
FIRE:  1552 20:15:59     -322.633701      319.337516
FIRE:  1553 20:16:00     -322.685668      422.501199
FIRE:  1554 20:16:00     -322.750609      362.930646
FIRE:  1555 20:16:01     -322.829942      318.645365
FIRE:  1556 20:16:02     -322.926989      318.435887
FIRE:  1557 20:16:02     -323.045792      344.913492
FIRE:  1558 20:16:03     -323.180480     1205.067350
FIRE:  1559 20:16:03     -323.216218     2782.325045
FIRE:  1560 20:16:04     -323.349113     1309.887637
FIRE:  1561 20:16:04     -323.262514     3758.471512
FIRE:  1562 20:16:05     -323.326974     2531.454475
FIRE:  1563 20:16:05     -323.377746      448.720641
FIRE:  1564 20:16:06     -323.363750     1410.075959
FIRE:  1565 20:16:06     -323.366454     1335.664637
FIRE:  1566 20:16:07     -323.371323     1185.565835
FIRE:  1567 20:16:07     -323.377346      959.569037
FIRE:  1568 20:16:08     -323.383212      663.849970
FIRE:  1569 20:16:09     -323.387640      326.924989
FIRE:  1570 20:16:09     -323.389910      316.558086
FIRE:  1571 20:16:10     -323.390512      545.313199
FIRE:  1572 20:16:10     -323.390665      535.603691
FIRE:  1573 20:16:11     -323.390967      516.425968
FIRE:  1574 20:16:11     -323.391403      488.275872
FIRE:  1575 20:16:12     -323.391957      451.913108
FIRE:  1576 20:16:13     -323.392609      408.369691
FIRE:  1577 20:16:13     -323.393336      358.961735
FIRE:  1578 20:16:14     -323.394120      316.588813
FIRE:  1579 20:16:14     -323.395032      316.546674
FIRE:  1580 20:16:15     -323.396074      316.497923
FIRE:  1581 20:16:16     -323.397260      316.443584
FIRE:  1582 20:16:16     -323.398618      316.385923
FIRE:  1583 20:16:17     -323.400215      316.328659
FIRE:  1584 20:16:17     -323.402163      316.276887
FIRE:  1585 20:16:18     -323.404619      319.788420
FIRE:  1586 20:16:18     -323.407759      324.041751
FIRE:  1587 20:16:19     -323.411738      316.215587
FIRE:  1588 20:16:19     -323.416641      316.242308
FIRE:  1589 20:16:20     -323.422503      316.289689
FIRE:  1590 20:16:20     -323.429446      316.341290
FIRE:  1591 20:16:21     -323.437870      316.369232
FIRE:  1592 20:16:22     -323.448361      316.343103
FIRE:  1593 20:16:22     -323.461268      316.245529
FIRE:  1594 20:16:23     -323.476718      316.094797
FIRE:  1595 20:16:23     -323.495445      315.957530
FIRE:  1596 20:16:24     -323.518540      315.904530
FIRE:  1597 20:16:25     -323.546360      315.923349
FIRE:  1598 20:16:25     -323.580217      315.864959
FIRE:  1599 20:16:26     -323.621409      315.609728
FIRE:  1600 20:16:26     -323.671334      315.340122
FIRE:  1601 20:16:27     -323.731851      315.285236
FIRE:  1602 20:16:28     -323.805419      315.019578
FIRE:  1603 20:16:28     -323.894562      314.502500
FIRE:  1604 20:16:29     -324.002569      314.554238
FIRE:  1605 20:16:30     -324.131492      554.249247
FIRE:  1606 20:16:30     -324.262139     1867.568332
FIRE:  1607 20:16:31     -324.241343     2946.491214
FIRE:  1608 20:16:32     -324.410679     2196.451434
FIRE:  1609 20:16:32     -324.385737     3483.928183
FIRE:  1610 20:16:33     -324.440201     2351.059406
FIRE:  1611 20:16:34     -324.483945      456.815057
FIRE:  1612 20:16:34     -324.473653     1287.782482
FIRE:  1613 20:16:35     -324.475893     1218.475472
FIRE:  1614 20:16:36     -324.479924     1079.650146
FIRE:  1615 20:16:36     -324.484918      872.856354
FIRE:  1616 20:16:37     -324.489819      605.946186
FIRE:  1617 20:16:38     -324.493619      311.848204
FIRE:  1618 20:16:38     -324.495779      312.376914
FIRE:  1619 20:16:39     -324.496682      485.631928
FIRE:  1620 20:16:39     -324.497526      710.533161
FIRE:  1621 20:16:40     -324.499740      820.812974
FIRE:  1622 20:16:41     -324.504492      777.545909
FIRE:  1623 20:16:41     -324.511762      563.149086
FIRE:  1624 20:16:42     -324.519914      312.371097
FIRE:  1625 20:16:43     -324.527111      353.993308
FIRE:  1626 20:16:43     -324.534545      599.594838
FIRE:  1627 20:16:44     -324.545779      609.880570
FIRE:  1628 20:16:45     -324.561616      336.090404
FIRE:  1629 20:16:45     -324.578245      332.055832
FIRE:  1630 20:16:46     -324.597069      578.581138
