Si Bulk DFT energetics calculations using VASP
Running on host: comp080
Working directory: /lustre/home/ah1365/projects/127870/upgrade_report/case_studies/common/structures/interfaces/120_Si36C84_012_012_a0.734848_b0.135802_c1.58124_interface15shift3
Job started on: Thu  5 Jun 12:02:57 UTC 2025
cuequivariance or cuequivariance_torch is not available. Cuequivariance acceleration will be disabled.
Using Materials Project MACE for MACECalculator with /lustre/home/ah1365/.cache/mace/MACE_MPtrj_20229model
Using float64 for MACECalculator, which is slower but more accurate. Recommended for geometry optimization.
Using TorchDFTD3Calculator for D3 dispersion corrections
      Step     Time          Energy          fmax
FIRE:    0 13:03:15     -844.423787        6.084668
FIRE:    1 13:03:26     -850.250384        3.880528
FIRE:    2 13:03:36     -855.256105        3.516956
FIRE:    3 13:03:47     -859.604593        3.181239
FIRE:    4 13:03:58     -863.405455        2.867414
FIRE:    5 13:04:08     -866.733040        2.559687
FIRE:    6 13:04:19     -869.639718        2.239233
FIRE:    7 13:04:30     -872.161223        1.947316
FIRE:    8 13:04:40     -874.324862        1.721843
FIRE:    9 13:04:51     -876.153314        1.554158
FIRE:   10 13:05:02     -877.675010        1.473746
FIRE:   11 13:05:12     -878.926512        1.404481
FIRE:   12 13:05:23     -879.949317        1.356582
FIRE:   13 13:05:34     -880.789344        1.408396
FIRE:   14 13:05:44     -881.496557        1.390410
FIRE:   15 13:05:55     -882.119374        1.309354
FIRE:   16 13:06:06     -882.695975        1.432805
FIRE:   17 13:06:16     -883.241406        1.523559
FIRE:   18 13:06:27     -883.752991        1.512739
FIRE:   19 13:06:38     -884.219379        1.408350
FIRE:   20 13:06:48     -884.639798        1.286594
FIRE:   21 13:06:59     -885.078233        1.591127
FIRE:   22 13:07:10     -885.599306        1.528358
FIRE:   23 13:07:20     -886.190761        1.291887
FIRE:   24 13:07:31     -886.832754        0.958102
FIRE:   25 13:07:42     -887.482012        0.987775
FIRE:   26 13:07:52     -888.139119        1.280818
FIRE:   27 13:08:03     -888.884577        1.916981
FIRE:   28 13:08:13     -889.825747        2.785173
FIRE:   29 13:08:24     -891.049006        3.461450
FIRE:   30 13:08:35     -892.561636        3.670106
FIRE:   31 13:08:45     -894.280935        3.446230
FIRE:   32 13:08:56     -896.107863        3.751165
FIRE:   33 13:09:06     -897.823866        4.062880
FIRE:   34 13:09:17     -899.337677        3.787772
FIRE:   35 13:09:27     -900.827332        4.926861
FIRE:   36 13:09:38     -902.317490        3.756507
FIRE:   37 13:09:48     -903.401133        3.893587
FIRE:   38 13:09:59     -904.131721        5.950885
FIRE:   39 13:10:10     -905.049388        5.553791
FIRE:   40 13:10:20     -906.151047        3.562455
FIRE:   41 13:10:31     -907.047917        3.503711
FIRE:   42 13:10:41     -907.690549        2.912270
FIRE:   43 13:10:52     -908.223241        4.129238
FIRE:   44 13:11:02     -908.794521        4.276527
FIRE:   45 13:11:13     -909.477815        3.605248
FIRE:   46 13:11:23     -910.287303        3.251752
FIRE:   47 13:11:34     -911.144715        2.467523
FIRE:   48 13:11:44     -911.896761        2.213943
FIRE:   49 13:11:55     -912.513959        3.204434
FIRE:   50 13:12:05     -913.103643        3.156937
FIRE:   51 13:12:16     -913.696205        2.209708
FIRE:   52 13:12:26     -914.201282        1.829227
FIRE:   53 13:12:37     -914.567203        1.878139
FIRE:   54 13:12:47     -914.858611        2.198968
FIRE:   55 13:12:58     -915.163760        2.054191
FIRE:   56 13:13:08     -915.487808        2.010381
FIRE:   57 13:13:19     -915.760231        1.653558
FIRE:   58 13:13:29     -915.926332        1.813855
FIRE:   59 13:13:40     -916.542710        1.704695
FIRE:   60 13:13:50     -916.592836        2.835824
FIRE:   61 13:14:01     -917.067005        0.770991
FIRE:   62 13:14:11     -917.099380        0.535157
FIRE:   63 13:14:22     -917.147063        0.386982
FIRE:   64 13:14:32     -917.196611        0.386824
FIRE:   65 13:14:43     -917.253176        0.528304
FIRE:   66 13:14:53     -917.326443        0.521568
FIRE:   67 13:15:04     -917.410449        0.385874
FIRE:   68 13:15:14     -917.490208        0.385132
FIRE:   69 13:15:25     -917.572576        0.418035
FIRE:   70 13:15:35     -917.670923        0.396682
FIRE:   71 13:15:46     -917.782328        0.377003
FIRE:   72 13:15:56     -917.901259        0.383946
FIRE:   73 13:16:07     -918.049459        0.358433
FIRE:   74 13:16:17     -918.225203        0.415935
FIRE:   75 13:16:28     -918.449823        0.485703
FIRE:   76 13:16:38     -918.719057        0.519224
FIRE:   77 13:16:49     -919.008652        0.468774
FIRE:   78 13:16:59     -919.301736        0.507915
FIRE:   79 13:17:10     -919.597152        0.529414
FIRE:   80 13:17:20     -919.894093        0.535558
FIRE:   81 13:17:31     -920.189371        0.575736
FIRE:   82 13:17:41     -920.467657        0.587186
FIRE:   83 13:17:52     -920.738572        0.561638
FIRE:   84 13:18:02     -921.008668        0.551752
FIRE:   85 13:18:13     -921.271928        0.517624
FIRE:   86 13:18:23     -921.515876        0.462501
FIRE:   87 13:18:34     -921.740409        0.414825
FIRE:   88 13:18:44     -921.948819        0.353575
FIRE:   89 13:18:55     -922.146194        0.448259
FIRE:   90 13:19:05     -922.348692        0.657442
FIRE:   91 13:19:16     -922.586411        0.863333
FIRE:   92 13:19:26     -922.850434        0.723694
FIRE:   93 13:19:37     -923.063399        0.482285
FIRE:   94 13:19:47     -923.223530        0.395257
FIRE:   95 13:19:58     -923.359974        0.401558
FIRE:   96 13:20:09     -923.482334        0.375837
FIRE:   97 13:20:19     -923.595202        0.337269
FIRE:   98 13:20:30     -923.692204        0.347746
FIRE:   99 13:20:40     -923.769050        0.341140
FIRE:  100 13:20:51     -923.833042        0.297241
FIRE:  101 13:21:01     -923.889271        0.230583
FIRE:  102 13:21:12     -923.935418        0.183982
FIRE:  103 13:21:22     -923.972219        0.186806
FIRE:  104 13:21:33     -924.003290        0.171897
FIRE:  105 13:21:44     -924.035168        0.175582
FIRE:  106 13:21:54     -924.072684        0.176790
FIRE:  107 13:22:05     -924.110142        0.204685
FIRE:  108 13:22:15     -924.148954        0.193940
FIRE:  109 13:22:26     -924.197035        0.193058
FIRE:  110 13:22:36     -924.253621        0.183311
FIRE:  111 13:22:47     -924.313543        0.198289
FIRE:  112 13:22:57     -924.371310        0.224984
FIRE:  113 13:23:08     -924.425950        0.325259
FIRE:  114 13:23:19     -924.476747        0.359422
FIRE:  115 13:23:29     -924.518748        0.366420
FIRE:  116 13:23:40     -924.549254        0.307133
FIRE:  117 13:23:50     -923.717975        3.924970
FIRE:  118 13:24:01     -924.455941        1.620603
FIRE:  119 13:24:11     -924.576308        0.835282
FIRE:  120 13:24:22     -924.596493        0.568154
FIRE:  121 13:24:32     -924.612866        0.128609
FIRE:  122 13:24:43     -924.608030        0.401153
FIRE:  123 13:24:53     -924.609635        0.365454
FIRE:  124 13:25:04     -924.612324        0.297910
FIRE:  125 13:25:15     -924.615251        0.205812
FIRE:  126 13:25:25     -924.617568        0.113845
FIRE:  127 13:25:36     -924.618785        0.111324
FIRE:  128 13:25:46     -924.619083        0.143399
FIRE:  129 13:25:57     -924.619155        0.140645
FIRE:  130 13:26:07     -924.619296        0.135201
FIRE:  131 13:26:18     -924.619500        0.127201
FIRE:  132 13:26:28     -924.619758        0.116855
FIRE:  133 13:26:39     -924.620058        0.107052
FIRE:  134 13:26:49     -924.620391        0.106561
FIRE:  135 13:27:00     -924.620746        0.105989
FIRE:  136 13:27:11     -924.621154        0.105264
FIRE:  137 13:27:21     -924.621616        0.104356
FIRE:  138 13:27:32     -924.622135        0.103230
FIRE:  139 13:27:42     -924.622727        0.101858
FIRE:  140 13:27:53     -924.623428        0.100213
FIRE:  141 13:28:03     -924.624282        0.098278
FIRE:  142 13:28:14     -924.625358        0.096042
FIRE:  143 13:28:25     -924.626706        0.093501
FIRE:  144 13:28:35     -924.628342        0.090658
FIRE:  145 13:28:46     -924.630241        0.087528
FIRE:  146 13:28:56     -924.632391        0.084152
FIRE:  147 13:29:07     -924.634870        0.080603
FIRE:  148 13:29:17     -924.637845        0.076962
FIRE:  149 13:29:28     -924.641371        0.073286
FIRE:  150 13:29:38     -924.645332        0.069583
FIRE:  151 13:29:49     -924.649787        0.065810
FIRE:  152 13:29:59     -924.654906        0.061908
FIRE:  153 13:30:10     -924.660431        0.057824
FIRE:  154 13:30:21     -924.666392        0.053382
FIRE:  155 13:30:31     -924.672562        0.047967
FIRE:  156 13:30:42     -924.678817        0.040546
FIRE:  157 13:30:52     -924.684808        0.059835
FIRE:  158 13:31:03     -924.690410        0.057424
FIRE:  159 13:31:13     -924.695394        0.055677
FIRE:  160 13:31:24     -924.699436        0.092109
FIRE:  161 13:31:34     -924.701571        0.192566
FIRE:  162 13:31:45     -924.703259        0.040517
FIRE:  163 13:31:55     -924.702836        0.142861
FIRE:  164 13:32:06     -924.703174        0.114229
FIRE:  165 13:32:16     -924.703621        0.063099
FIRE:  166 13:32:27     -924.703896        0.032039
FIRE:  167 13:32:38     -924.703924        0.055320
FIRE:  168 13:32:48     -924.703945        0.052536
FIRE:  169 13:32:59     -924.703985        0.047112
FIRE:  170 13:33:09     -924.704039        0.039343
FIRE:  171 13:33:20     -924.704102        0.030634
FIRE:  172 13:33:30     -924.704168        0.030402
FIRE:  173 13:33:41     -924.704233        0.030119
FIRE:  174 13:33:51     -924.704296        0.029782
FIRE:  175 13:34:02     -924.704367        0.029349
FIRE:  176 13:34:12     -924.704453        0.028804
FIRE:  177 13:34:23     -924.704563        0.029357
FIRE:  178 13:34:33     -924.704704        0.029685
FIRE:  179 13:34:44     -924.704887        0.026318
FIRE:  180 13:34:55     -924.705111        0.025118
FIRE:  181 13:35:05     -924.705360        0.023830
FIRE:  182 13:35:16     -924.705640        0.023160
FIRE:  183 13:35:26     -924.705976        0.022337
FIRE:  184 13:35:37     -924.706382        0.021338
FIRE:  185 13:35:47     -924.706845        0.020122
FIRE:  186 13:35:58     -924.707345        0.020182
FIRE:  187 13:36:08     -924.707928        0.018273
FIRE:  188 13:36:19     -924.708567        0.019129
FIRE:  189 13:36:29     -924.709263        0.020739
FIRE:  190 13:36:40     -924.710039        0.023356
FIRE:  191 13:36:50     -924.710905        0.026488
FIRE:  192 13:37:01     -924.711920        0.030599
FIRE:  193 13:37:12     -924.713246        0.037614
FIRE:  194 13:37:22     -924.715132        0.048226
FIRE:  195 13:37:33     -924.718189        0.066700
FIRE:  196 13:37:43     -924.723884        0.102777
FIRE:  197 13:37:54     -924.736148        0.171621
FIRE:  198 13:38:04     -924.763371        0.379252
FIRE:  199 13:38:15     -924.753011        1.387675
FIRE:  200 13:38:25     -924.834417        0.608595
FIRE:  201 13:38:36     -924.845353        0.396812
FIRE:  202 13:38:46     -924.855166        0.280339
FIRE:  203 13:38:57     -924.857614        0.318401
FIRE:  204 13:39:07     -924.858794        0.291551
FIRE:  205 13:39:18     -924.860909        0.278168
FIRE:  206 13:39:28     -924.863561        0.276502
FIRE:  207 13:39:39     -924.866352        0.274363
FIRE:  208 13:39:49     -924.869061        0.271810
FIRE:  209 13:40:00     -924.871757        0.268919
FIRE:  210 13:40:11     -924.874739        0.265773
FIRE:  211 13:40:21     -924.878765        0.262061
FIRE:  212 13:40:32     -924.884306        0.257688
FIRE:  213 13:40:42     -924.891506        0.252486
FIRE:  214 13:40:53     -924.900069        0.246164
FIRE:  215 13:41:03     -924.909730        0.238286
FIRE:  216 13:41:14     -924.921156        0.228467
FIRE:  217 13:41:24     -924.935560        0.216818
FIRE:  218 13:41:35     -924.952886        0.204502
FIRE:  219 13:41:45     -924.972400        0.194554
FIRE:  220 13:41:56     -924.995863        0.191339
FIRE:  221 13:42:06     -925.024117        0.198149
FIRE:  222 13:42:17     -925.057406        0.215179
FIRE:  223 13:42:27     -925.099463        0.241275
FIRE:  224 13:42:38     -925.151543        0.273298
FIRE:  225 13:42:48     -925.217297        0.289884
FIRE:  226 13:42:59     -925.292347        0.245243
FIRE:  227 13:43:09     -925.359766        0.160082
FIRE:  228 13:43:20     -925.403886        0.271958
FIRE:  229 13:43:30     -925.410880        0.597418
FIRE:  230 13:43:41     -925.434213        0.151246
FIRE:  231 13:43:52     -925.428916        0.492793
FIRE:  232 13:44:02     -925.434370        0.395965
FIRE:  233 13:44:13     -925.441414        0.228456
FIRE:  234 13:44:23     -925.445438        0.125137
FIRE:  235 13:44:34     -925.445544        0.224359
FIRE:  236 13:44:44     -925.445947        0.211794
FIRE:  237 13:44:55     -925.446691        0.187578
FIRE:  238 13:45:05     -925.447671        0.154133
FIRE:  239 13:45:16     -925.448758        0.121291
FIRE:  240 13:45:26     -925.449831        0.112258
FIRE:  241 13:45:37     -925.450815        0.109643
FIRE:  242 13:45:47     -925.451699        0.106634
FIRE:  243 13:45:58     -925.452628        0.118763
FIRE:  244 13:46:08     -925.453731        0.140855
FIRE:  245 13:46:19     -925.455186        0.149631
FIRE:  246 13:46:29     -925.457132        0.139094
FIRE:  247 13:46:40     -925.459560        0.108386
FIRE:  248 13:46:50     -925.462240        0.071499
FIRE:  249 13:47:01     -925.464898        0.072115
FIRE:  250 13:47:11     -925.467614        0.095745
FIRE:  251 13:47:22     -925.470781        0.087887
FIRE:  252 13:47:32     -925.474301        0.048949
FIRE:  253 13:47:43     -925.477488        0.075545
FIRE:  254 13:47:53     -925.480599        0.080650
FIRE:  255 13:48:04     -925.484027        0.060724
FIRE:  256 13:48:14     -925.486985        0.088174
FIRE:  257 13:48:25     -925.490368        0.056769
FIRE:  258 13:48:35     -925.493724        0.073409
FIRE:  259 13:48:46     -925.497783        0.055770
FIRE:  260 13:48:56     -925.501940        0.092815
FIRE:  261 13:49:07     -925.507155        0.070560
FIRE:  262 13:49:17     -925.512529        0.064626
FIRE:  263 13:49:28     -925.517472        0.144393
FIRE:  264 13:49:38     -925.520267        0.316579
FIRE:  265 13:49:49     -925.523363        0.055380
FIRE:  266 13:49:59     -925.522089        0.241810
FIRE:  267 13:50:10     -925.522861        0.187381
FIRE:  268 13:50:20     -925.523813        0.093410
FIRE:  269 13:50:31     -925.524261        0.036772
FIRE:  270 13:50:41     -925.524109        0.120594
FIRE:  271 13:50:52     -925.524162        0.114563
FIRE:  272 13:51:02     -925.524258        0.102820
FIRE:  273 13:51:13     -925.524383        0.086007
FIRE:  274 13:51:23     -925.524517        0.065096
FIRE:  275 13:51:34     -925.524642        0.041418
FIRE:  276 13:51:44     -925.524748        0.036426
FIRE:  277 13:51:55     -925.524833        0.036390
FIRE:  278 13:52:05     -925.524913        0.036340
FIRE:  279 13:52:16     -925.525007        0.050990
FIRE:  280 13:52:26     -925.525144        0.058347
FIRE:  281 13:52:37     -925.525347        0.055979
FIRE:  282 13:52:47     -925.525619        0.042443
FIRE:  283 13:52:58     -925.525931        0.035873
FIRE:  284 13:53:08     -925.526253        0.035763
FIRE:  285 13:53:19     -925.526594        0.046613
FIRE:  286 13:53:29     -925.527031        0.050201
FIRE:  287 13:53:40     -925.527595        0.035712
FIRE:  288 13:53:50     -925.528201        0.035884
FIRE:  289 13:54:01     -925.528870        0.041484
FIRE:  290 13:54:11     -925.529735        0.036774
FIRE:  291 13:54:22     -925.530727        0.037703
FIRE:  292 13:54:32     -925.531923        0.039232
FIRE:  293 13:54:43     -925.533424        0.041643
FIRE:  294 13:54:53     -925.535285        0.045246
FIRE:  295 13:55:04     -925.537643        0.050402
FIRE:  296 13:55:14     -925.540774        0.057581
FIRE:  297 13:55:25     -925.544963        0.066974
FIRE:  298 13:55:35     -925.550733        0.078932
FIRE:  299 13:55:46     -925.558516        0.135332
FIRE:  300 13:55:56     -925.565949        0.411341
FIRE:  301 13:56:07     -925.571745        0.118399
FIRE:  302 13:56:17     -925.571925        0.118623
FIRE:  303 13:56:28     -925.572272        0.119082
FIRE:  304 13:56:38     -925.572780        0.119798
FIRE:  305 13:56:49     -925.573457        0.120808
FIRE:  306 13:56:59     -925.574321        0.122170
FIRE:  307 13:57:10     -925.575383        0.123964
FIRE:  308 13:57:20     -925.576648        0.126301
FIRE:  309 13:57:31     -925.578293        0.129681
FIRE:  310 13:57:41     -925.580448        0.134622
FIRE:  311 13:57:52     -925.583306        0.141912
FIRE:  312 13:58:02     -925.587136        0.152791
FIRE:  313 13:58:13     -925.592363        0.169254
FIRE:  314 13:58:23     -925.599757        0.194585
FIRE:  315 13:58:34     -925.610672        0.234222
FIRE:  316 13:58:44     -925.627815        0.296612
FIRE:  317 13:58:55     -925.656699        0.392866
FIRE:  318 13:59:05     -925.708745        0.530528
FIRE:  319 13:59:16     -925.805411        0.695659
FIRE:  320 13:59:26     -925.976194        0.794336
FIRE:  321 13:59:37     -926.162341        0.585998
FIRE:  322 13:59:47     -926.120387        1.258998
FIRE:  323 13:59:58     -926.175332        0.807144
FIRE:  324 14:00:09     -926.228419        0.287306
FIRE:  325 14:00:19     -926.244372        0.358623
FIRE:  326 14:00:30     -926.246342        0.323160
FIRE:  327 14:00:40     -926.249725        0.256089
FIRE:  328 14:00:51     -926.253618        0.165121
FIRE:  329 14:01:01     -926.257118        0.126344
FIRE:  330 14:01:12     -926.259670        0.091847
FIRE:  331 14:01:22     -926.261335        0.147464
FIRE:  332 14:01:33     -926.262643        0.207883
FIRE:  333 14:01:43     -926.264386        0.235373
FIRE:  334 14:01:54     -926.267055        0.220760
FIRE:  335 14:02:04     -926.270656        0.162919
FIRE:  336 14:02:15     -926.274525        0.086997
FIRE:  337 14:02:25     -926.277904        0.102446
FIRE:  338 14:02:36     -926.281112        0.155473
FIRE:  339 14:02:46     -926.285226        0.146368
FIRE:  340 14:02:57     -926.290292        0.075458
FIRE:  341 14:03:08     -926.295076        0.076919
FIRE:  342 14:03:18     -926.299542        0.084603
FIRE:  343 14:03:29     -926.304482        0.088665
FIRE:  344 14:03:39     -926.309373        0.076465
FIRE:  345 14:03:50     -926.314614        0.074384
FIRE:  346 14:04:00     -926.319393        0.079703
FIRE:  347 14:04:11     -926.320617        0.281473
FIRE:  348 14:04:21     -926.324627        0.036700
FIRE:  349 14:04:32     -926.324735        0.033360
FIRE:  350 14:04:42     -926.324917        0.028827
FIRE:  351 14:04:53     -926.325126        0.028860
FIRE:  352 14:05:03     -926.325338        0.028902
FIRE:  353 14:05:14     -926.325552        0.028948
FIRE:  354 14:05:24     -926.325773        0.028989
FIRE:  355 14:05:35     -926.325999        0.029017
FIRE:  356 14:05:45     -926.326265        0.029019
FIRE:  357 14:05:56     -926.326605        0.028981
FIRE:  358 14:06:06     -926.327030        0.028887
FIRE:  359 14:06:17     -926.327505        0.028724
FIRE:  360 14:06:27     -926.328028        0.028499
FIRE:  361 14:06:38     -926.328640        0.028231
FIRE:  362 14:06:48     -926.329354        0.027929
FIRE:  363 14:06:59     -926.330162        0.027566
FIRE:  364 14:07:09     -926.331018        0.027083
FIRE:  365 14:07:20     -926.331965        0.026445
FIRE:  366 14:07:30     -926.333009        0.030399
FIRE:  367 14:07:41     -926.334128        0.041036
FIRE:  368 14:07:51     -926.335223        0.099917
FIRE:  369 14:08:02     -926.335279        0.250288
FIRE:  370 14:08:13     -926.336840        0.023306
FIRE:  371 14:08:23     -926.335741        0.226934
FIRE:  372 14:08:34     -926.336289        0.169914
FIRE:  373 14:08:44     -926.336877        0.070674
FIRE:  374 14:08:55     -926.336976        0.045634
FIRE:  375 14:09:05     -926.336985        0.042771
FIRE:  376 14:09:16     -926.337000        0.037237
FIRE:  377 14:09:26     -926.337021        0.029421
FIRE:  378 14:09:37     -926.337042        0.023107
FIRE:  379 14:09:47     -926.337062        0.023098
FIRE:  380 14:09:58     -926.337080        0.023087
FIRE:  381 14:10:08     -926.337095        0.023074
FIRE:  382 14:10:19     -926.337113        0.023057
FIRE:  383 14:10:29     -926.337136        0.024730
FIRE:  384 14:10:40     -926.337170        0.025525
FIRE:  385 14:10:50     -926.337216        0.022978
FIRE:  386 14:11:01     -926.337274        0.022939
FIRE:  387 14:11:11     -926.337337        0.022893
FIRE:  388 14:11:22     -926.337408        0.022837
FIRE:  389 14:11:33     -926.337495        0.022772
FIRE:  390 14:11:43     -926.337610        0.022696
FIRE:  391 14:11:54     -926.337743        0.022606
FIRE:  392 14:12:04     -926.337893        0.022500
FIRE:  393 14:12:15     -926.338076        0.022375
FIRE:  394 14:12:25     -926.338298        0.022228
FIRE:  395 14:12:36     -926.338549        0.022054
FIRE:  396 14:12:46     -926.338854        0.021852
FIRE:  397 14:12:57     -926.339199        0.021606
FIRE:  398 14:13:07     -926.339600        0.021307
FIRE:  399 14:13:18     -926.340064        0.020947
FIRE:  400 14:13:28     -926.340599        0.020497
FIRE:  401 14:13:39     -926.341211        0.019934
FIRE:  402 14:13:49     -926.341875        0.040696
FIRE:  403 14:14:00     -926.342208        0.136817
FIRE:  404 14:14:10     -926.342686        0.018327
FIRE:  405 14:14:21     -926.342690        0.018322
FIRE:  406 14:14:31     -926.342698        0.018310
FIRE:  407 14:14:42     -926.342710        0.018292
FIRE:  408 14:14:52     -926.342726        0.018269
FIRE:  409 14:15:03     -926.342746        0.018240
FIRE:  410 14:15:13     -926.342769        0.018205
FIRE:  411 14:15:24     -926.342797        0.018164
FIRE:  412 14:15:34     -926.342832        0.018111
FIRE:  413 14:15:45     -926.342876        0.018044
FIRE:  414 14:15:55     -926.342930        0.017957
FIRE:  415 14:16:06     -926.342996        0.017847
FIRE:  416 14:16:16     -926.343077        0.017708
FIRE:  417 14:16:27     -926.343177        0.017531
FIRE:  418 14:16:37     -926.343296        0.017310
FIRE:  419 14:16:48     -926.343440        0.017031
FIRE:  420 14:16:58     -926.343615        0.016679
FIRE:  421 14:17:09     -926.343820        0.016236
FIRE:  422 14:17:19     -926.344057        0.015677
FIRE:  423 14:17:30     -926.344328        0.014971
FIRE:  424 14:17:40     -926.344639        0.014073
FIRE:  425 14:17:51     -926.344927        0.049105
FIRE:  426 14:18:02     -926.344681        0.162014
FIRE:  427 14:18:12     -926.345336        0.020876
FIRE:  428 14:18:23     -926.345343        0.015106
FIRE:  429 14:18:33     -926.345351        0.011539
FIRE:  430 14:18:44     -926.345357        0.011518
FIRE:  431 14:18:54     -926.345361        0.013049
FIRE:  432 14:19:05     -926.345369        0.014720
FIRE:  433 14:19:15     -926.345382        0.011419
FIRE:  434 14:19:26     -926.345396        0.011376
FIRE:  435 14:19:36     -926.345409        0.011320
FIRE:  436 14:19:47     -926.345425        0.012169
FIRE:  437 14:19:57     -926.345448        0.011164
FIRE:  438 14:20:08     -926.345476        0.011057
FIRE:  439 14:20:18     -926.345507        0.010922
FIRE:  440 14:20:29     -926.345549        0.010760
FIRE:  441 14:20:39     -926.345597        0.010558
FIRE:  442 14:20:50     -926.345655        0.010310
FIRE:  443 14:21:00     -926.345715        0.012108
FIRE:  444 14:21:11     -926.345796        0.009628
MACE calculation complete. Energy written to MACE_OUTCAR: -926.345796 eV
Job ended on: Thu  5 Jun 13:21:12 UTC 2025
