Si Bulk DFT energetics calculations using VASP
Running on host: comp171
Working directory: /lustre/home/ah1365/projects/127870/upgrade_report/case_studies/common/structures/interfaces/264_Sn108Si156_001_001_a0.07732_b0.082474_c2.1_interface2shift5swap8
Job started on: Fri 13 Jun 12:14:54 UTC 2025
cuequivariance or cuequivariance_torch is not available. Cuequivariance acceleration will be disabled.
Using Materials Project MACE for MACECalculator with /lustre/home/ah1365/.cache/mace/MACE_MPtrj_20229model
Using float64 for MACECalculator, which is slower but more accurate. Recommended for geometry optimization.
Using TorchDFTD3Calculator for D3 dispersion corrections
      Step     Time          Energy          fmax
FIRE:    0 13:16:26    -1236.961381        6.783761
FIRE:    1 13:16:47    -1243.439982        5.566626
FIRE:    2 13:17:06    -1249.124422        4.571599
FIRE:    3 13:17:26    -1254.108353        3.756697
FIRE:    4 13:17:46    -1258.473435        3.092640
FIRE:    5 13:18:05    -1262.290686        2.544893
FIRE:    6 13:18:25    -1265.623156        2.212506
FIRE:    7 13:18:45    -1268.528674        2.055287
FIRE:    8 13:19:05    -1271.065460        1.898921
FIRE:    9 13:19:24    -1273.290812        1.743325
FIRE:   10 13:19:44    -1275.260341        1.588401
FIRE:   11 13:20:04    -1277.025432        1.433307
FIRE:   12 13:20:24    -1278.630576        1.276413
FIRE:   13 13:20:43    -1280.110925        1.122750
FIRE:   14 13:21:03    -1281.492066        0.984996
FIRE:   15 13:21:23    -1282.791219        0.865724
FIRE:   16 13:21:43    -1284.020663        0.817543
FIRE:   17 13:22:03    -1285.190025        0.777775
FIRE:   18 13:22:22    -1286.308472        0.757238
FIRE:   19 13:22:42    -1287.384250        0.741453
FIRE:   20 13:23:02    -1288.423420        0.715414
FIRE:   21 13:23:22    -1289.428963        0.696249
FIRE:   22 13:23:41    -1290.400647        0.685016
FIRE:   23 13:24:01    -1291.336210        0.702051
FIRE:   24 13:24:21    -1292.233367        0.719658
FIRE:   25 13:24:41    -1293.091257        0.736448
FIRE:   26 13:25:01    -1293.910799        0.784565
FIRE:   27 13:25:20    -1294.693302        0.846873
FIRE:   28 13:25:40    -1295.439340        0.893697
FIRE:   29 13:26:00    -1296.148251        0.916872
FIRE:   30 13:26:20    -1296.818691        0.911401
FIRE:   31 13:26:40    -1297.448329        0.878152
FIRE:   32 13:26:59    -1298.034191        0.827971
FIRE:   33 13:27:19    -1298.575555        0.780201
FIRE:   34 13:27:39    -1299.074214        0.748599
FIRE:   35 13:27:59    -1299.532031        0.721704
FIRE:   36 13:28:18    -1299.947621        0.670923
FIRE:   37 13:28:38    -1300.315381        0.637672
FIRE:   38 13:28:58    -1300.627350        0.589969
FIRE:   39 13:29:18    -1300.878980        0.594838
FIRE:   40 13:29:37    -1301.073703        0.809883
FIRE:   41 13:29:57    -1301.222389        0.979864
FIRE:   42 13:30:17    -1301.341660        1.071805
FIRE:   43 13:30:37    -1301.450801        1.060532
FIRE:   44 13:30:56    -1301.565938        0.944946
FIRE:   45 13:31:16    -1301.692877        0.969990
FIRE:   46 13:31:36    -1301.824529        0.890895
FIRE:   47 13:31:56    -1301.945759        0.699229
FIRE:   48 13:32:16    -1302.044347        0.611511
FIRE:   49 13:32:35    -1302.119732        0.613696
FIRE:   50 13:32:55    -1302.182881        0.575372
FIRE:   51 13:33:15    -1302.249249        0.629087
FIRE:   52 13:33:35    -1302.330128        0.676905
FIRE:   53 13:33:54    -1302.427675        0.670820
FIRE:   54 13:34:14    -1302.535285        0.630007
FIRE:   55 13:34:34    -1302.641921        0.620018
FIRE:   56 13:34:54    -1302.737008        0.584467
FIRE:   57 13:35:14    -1302.813459        0.530157
FIRE:   58 13:35:34    -1302.869076        0.465800
FIRE:   59 13:35:53    -1302.907420        0.451717
FIRE:   60 13:36:13    -1303.291597        0.293404
FIRE:   61 13:36:33    -1303.525928        0.253877
FIRE:   62 13:36:53    -1303.685295        0.257698
FIRE:   63 13:37:13    -1303.817784        0.251508
FIRE:   64 13:37:32    -1303.938056        0.293040
FIRE:   65 13:37:52    -1304.054068        0.288964
FIRE:   66 13:38:12    -1304.167614        0.252328
FIRE:   67 13:38:32    -1304.277656        0.256576
FIRE:   68 13:38:52    -1304.388758        0.298897
FIRE:   69 13:39:12    -1304.510754        0.333605
FIRE:   70 13:39:31    -1304.643723        0.339935
FIRE:   71 13:39:51    -1304.776234        0.268859
FIRE:   72 13:40:11    -1304.888903        0.226289
FIRE:   73 13:40:31    -1304.977991        0.268593
FIRE:   74 13:40:51    -1305.063076        0.309306
FIRE:   75 13:41:10    -1305.149624        0.309779
FIRE:   76 13:41:30    -1305.233153        0.298472
FIRE:   77 13:41:50    -1305.310742        0.273978
FIRE:   78 13:42:10    -1305.379500        0.178135
FIRE:   79 13:42:30    -1305.437200        0.175637
FIRE:   80 13:42:49    -1305.484795        0.218675
FIRE:   81 13:43:09    -1305.524111        0.222028
FIRE:   82 13:43:29    -1305.558543        0.197959
FIRE:   83 13:43:49    -1305.592474        0.193441
FIRE:   84 13:44:09    -1305.627459        0.161588
FIRE:   85 13:44:28    -1305.661794        0.187004
FIRE:   86 13:44:48    -1305.693766        0.149937
FIRE:   87 13:45:08    -1305.722289        0.161371
FIRE:   88 13:45:28    -1305.748330        0.181353
FIRE:   89 13:45:47    -1305.777191        0.208515
FIRE:   90 13:46:07    -1305.814042        0.215685
FIRE:   91 13:46:27    -1305.859299        0.211752
FIRE:   92 13:46:47    -1305.908247        0.189810
FIRE:   93 13:47:07    -1305.954106        0.152545
FIRE:   94 13:47:26    -1305.991470        0.165582
FIRE:   95 13:47:46    -1306.018815        0.216975
FIRE:   96 13:48:06    -1306.043214        0.354733
FIRE:   97 13:48:26    -1306.074651        0.379544
FIRE:   98 13:48:45    -1306.111794        0.267488
FIRE:   99 13:49:05    -1306.143402        0.138899
FIRE:  100 13:49:25    -1306.166048        0.175983
FIRE:  101 13:49:45    -1306.188097        0.217020
FIRE:  102 13:50:04    -1306.220875        0.216911
FIRE:  103 13:50:24    -1306.266715        0.173656
FIRE:  104 13:50:44    -1306.318489        0.203528
FIRE:  105 13:51:04    -1306.370903        0.253158
FIRE:  106 13:51:24    -1306.428348        0.304635
FIRE:  107 13:51:44    -1306.496897        0.322138
FIRE:  108 13:52:03    -1306.574504        0.339632
FIRE:  109 13:52:23    -1306.658520        0.402315
FIRE:  110 13:52:43    -1306.742857        0.349394
FIRE:  111 13:53:03    -1306.785773        0.545255
FIRE:  112 13:53:23    -1306.849195        0.409969
FIRE:  113 13:53:43    -1306.873394        0.306711
FIRE:  114 13:54:03    -1306.895283        0.179835
FIRE:  115 13:54:23    -1306.907594        0.420953
FIRE:  116 13:54:43    -1306.933642        0.368108
FIRE:  117 13:55:02    -1306.963089        0.110900
FIRE:  118 13:55:22    -1306.979532        0.190991
FIRE:  119 13:55:42    -1306.997968        0.216006
FIRE:  120 13:56:02    -1307.018576        0.111927
FIRE:  121 13:56:22    -1307.033687        0.175764
FIRE:  122 13:56:42    -1307.051787        0.140894
FIRE:  123 13:57:02    -1307.066579        0.230454
FIRE:  124 13:57:21    -1307.083061        0.122136
FIRE:  125 13:57:41    -1307.096542        0.125276
FIRE:  126 13:58:01    -1307.111136        0.145397
FIRE:  127 13:58:21    -1307.126661        0.138389
FIRE:  128 13:58:41    -1307.133176        0.050550
FIRE:  129 13:59:01    -1307.136344        0.105131
FIRE:  130 13:59:21    -1307.137539        0.084276
FIRE:  131 13:59:41    -1307.139381        0.048173
FIRE:  132 14:00:01    -1307.141272        0.047420
FIRE:  133 14:00:20    -1307.143097        0.046743
FIRE:  134 14:00:40    -1307.145299        0.061239
FIRE:  135 14:01:00    -1307.148316        0.064490
FIRE:  136 14:01:20    -1307.152180        0.061304
FIRE:  137 14:01:40    -1307.157058        0.066719
FIRE:  138 14:02:00    -1307.162840        0.068862
FIRE:  139 14:02:20    -1307.169926        0.074824
FIRE:  140 14:02:40    -1307.178532        0.075160
FIRE:  141 14:03:00    -1307.187516        0.064880
FIRE:  142 14:03:19    -1307.195318        0.079858
FIRE:  143 14:03:39    -1307.202550        0.075687
FIRE:  144 14:03:59    -1307.209179        0.052137
FIRE:  145 14:04:19    -1307.214656        0.072182
FIRE:  146 14:04:39    -1307.221495        0.083975
FIRE:  147 14:04:59    -1307.232243        0.112648
FIRE:  148 14:05:19    -1307.250936        0.158624
FIRE:  149 14:05:39    -1307.287109        0.168313
FIRE:  150 14:05:59    -1307.333556        0.199723
FIRE:  151 14:06:18    -1307.394903        0.299763
FIRE:  152 14:06:38    -1307.461818        0.239402
FIRE:  153 14:06:58    -1307.491528        0.471422
FIRE:  154 14:07:18    -1307.515086        0.127820
FIRE:  155 14:07:38    -1307.526629        0.304799
FIRE:  156 14:07:58    -1307.546264        0.322103
FIRE:  157 14:08:18    -1307.577312        0.187266
FIRE:  158 14:08:38    -1307.605330        0.291213
FIRE:  159 14:08:58    -1307.635712        0.193419
FIRE:  160 14:09:17    -1307.668887        0.156023
FIRE:  161 14:09:37    -1307.706644        0.171017
FIRE:  162 14:09:57    -1307.744771        0.152464
FIRE:  163 14:10:17    -1307.780649        0.139455
FIRE:  164 14:10:37    -1307.810641        0.146476
FIRE:  165 14:10:57    -1307.837506        0.149239
FIRE:  166 14:11:17    -1307.868275        0.127113
FIRE:  167 14:11:37    -1307.895967        0.090375
FIRE:  168 14:11:57    -1307.925542        0.077373
FIRE:  169 14:12:16    -1307.954672        0.086998
FIRE:  170 14:12:36    -1307.986578        0.113633
FIRE:  171 14:12:56    -1308.023020        0.138996
FIRE:  172 14:13:16    -1308.064252        0.171667
FIRE:  173 14:13:36    -1308.105376        0.188138
FIRE:  174 14:13:56    -1308.138647        0.188722
FIRE:  175 14:14:16    -1308.165664        0.181661
FIRE:  176 14:14:36    -1308.195753        0.149533
FIRE:  177 14:14:56    -1308.217005        0.117941
FIRE:  178 14:15:16    -1308.210820        0.201574
FIRE:  179 14:15:36    -1308.235912        0.096173
FIRE:  180 14:15:56    -1308.241444        0.158865
FIRE:  181 14:16:16    -1308.247304        0.093854
FIRE:  182 14:16:35    -1308.250467        0.111810
FIRE:  183 14:16:55    -1308.251214        0.085882
FIRE:  184 14:17:15    -1308.252256        0.059282
FIRE:  185 14:17:35    -1308.253101        0.052537
FIRE:  186 14:17:55    -1308.253671        0.050666
FIRE:  187 14:18:15    -1308.254313        0.071164
FIRE:  188 14:18:35    -1308.255276        0.068277
FIRE:  189 14:18:55    -1308.256461        0.044341
FIRE:  190 14:19:15    -1308.257642        0.027345
FIRE:  191 14:19:35    -1308.258569        0.043265
FIRE:  192 14:19:55    -1308.259623        0.060455
FIRE:  193 14:20:15    -1308.261143        0.034197
FIRE:  194 14:20:35    -1308.262679        0.030764
FIRE:  195 14:20:55    -1308.264067        0.050054
FIRE:  196 14:21:15    -1308.265719        0.023881
FIRE:  197 14:21:36    -1308.266907        0.050661
FIRE:  198 14:21:56    -1308.267912        0.021298
FIRE:  199 14:22:16    -1308.268338        0.054277
FIRE:  200 14:22:36    -1308.268539        0.034666
FIRE:  201 14:22:56    -1308.268741        0.020677
FIRE:  202 14:23:16    -1308.268814        0.028602
FIRE:  203 14:23:36    -1308.268834        0.025889
FIRE:  204 14:23:56    -1308.268871        0.020747
FIRE:  205 14:24:16    -1308.268920        0.015760
FIRE:  206 14:24:36    -1308.268965        0.015018
FIRE:  207 14:24:56    -1308.269007        0.014099
FIRE:  208 14:25:16    -1308.269048        0.013022
FIRE:  209 14:25:35    -1308.269091        0.013962
FIRE:  210 14:25:55    -1308.269143        0.015894
FIRE:  211 14:26:15    -1308.269211        0.014296
FIRE:  212 14:26:35    -1308.269290        0.008794
MACE calculation complete. Energy written to MACE_OUTCAR: -1308.269290 eV
Job ended on: Fri 13 Jun 13:26:44 UTC 2025
