Si Bulk DFT energetics calculations using VASP
Running on host: comp156
Working directory: /lustre/home/ah1365/projects/127870/upgrade_report/case_studies/common/structures/interfaces/48_Si48_001_122_a0.0_b0.0_c0.0_interface12shift1
Job started on: Tue  3 Jun 13:58:10 UTC 2025
cuequivariance or cuequivariance_torch is not available. Cuequivariance acceleration will be disabled.
Using Materials Project MACE for MACECalculator with /lustre/home/ah1365/.cache/mace/MACE_MPtrj_20229model
Using float64 for MACECalculator, which is slower but more accurate. Recommended for geometry optimization.
Using TorchDFTD3Calculator for D3 dispersion corrections
      Step     Time          Energy          fmax
FIRE:    0 14:58:21     -103.590266      131.626886
FIRE:    1 14:58:25     -150.237113       88.079376
FIRE:    2 14:58:29     -180.629476       50.929033
FIRE:    3 14:58:33     -199.581737       25.837060
FIRE:    4 14:58:37     -211.311318       22.886186
FIRE:    5 14:58:41     -219.501736       19.488114
FIRE:    6 14:58:45     -225.524599       15.141726
FIRE:    7 14:58:49     -229.899205       10.928054
FIRE:    8 14:58:52     -233.130115       11.446530
FIRE:    9 14:58:56     -235.541314       12.255484
FIRE:   10 14:59:00     -237.540297       11.540157
FIRE:   11 14:59:04     -239.400072        9.809820
FIRE:   12 14:59:08     -241.190678        7.584901
FIRE:   13 14:59:12     -242.882633        6.729283
FIRE:   14 14:59:16     -244.438235        6.304014
FIRE:   15 14:59:20     -245.881283        5.410594
FIRE:   16 14:59:24     -247.206383        4.595942
FIRE:   17 14:59:28     -248.386207        4.567361
FIRE:   18 14:59:32     -249.401887        4.156430
FIRE:   19 14:59:36     -250.232451        3.315590
FIRE:   20 14:59:39     -250.869789        2.421931
FIRE:   21 14:59:43     -251.353090        2.392392
FIRE:   22 14:59:47     -251.750097        2.339690
FIRE:   23 14:59:51     -252.112275        2.285905
FIRE:   24 14:59:55     -252.457508        2.268728
FIRE:   25 14:59:59     -252.775949        2.272608
FIRE:   26 15:00:03     -253.069845        2.247517
FIRE:   27 15:00:07     -253.382100        2.088272
FIRE:   28 15:00:11     -253.760909        1.812222
FIRE:   29 15:00:15     -254.210979        1.595720
FIRE:   30 15:00:18     -254.690599        1.533324
FIRE:   31 15:00:22     -255.139697        1.440554
FIRE:   32 15:00:26     -255.520025        1.958590
FIRE:   33 15:00:30     -255.853279        2.129809
FIRE:   34 15:00:34     -256.157004        1.764861
FIRE:   35 15:00:38     -256.392493        1.198183
FIRE:   36 15:00:42     -256.528560        1.679904
FIRE:   37 15:00:46     -257.134023        0.697268
FIRE:   38 15:00:50     -257.354329        0.640541
FIRE:   39 15:00:54     -257.499141        0.961992
FIRE:   40 15:00:58     -257.777419        0.905360
FIRE:   41 15:01:02     -258.065079        0.777166
FIRE:   42 15:01:05     -258.314850        0.822021
FIRE:   43 15:01:09     -258.576122        0.776569
FIRE:   44 15:01:13     -258.848715        0.638766
FIRE:   45 15:01:17     -259.097832        0.479671
FIRE:   46 15:01:21     -259.303719        0.400915
FIRE:   47 15:01:25     -259.464348        0.369932
FIRE:   48 15:01:29     -259.594424        0.372344
FIRE:   49 15:01:33     -259.716583        0.408285
FIRE:   50 15:01:37     -259.846560        0.444798
FIRE:   51 15:01:41     -259.985571        0.456229
FIRE:   52 15:01:45     -260.128597        0.430645
FIRE:   53 15:01:49     -260.268394        0.360947
FIRE:   54 15:01:52     -260.394083        0.298625
FIRE:   55 15:01:56     -260.501096        0.471644
FIRE:   56 15:02:00     -260.607582        0.532840
FIRE:   57 15:02:04     -260.732408        0.374551
FIRE:   58 15:02:08     -260.864589        0.323101
FIRE:   59 15:02:12     -260.993246        0.315289
FIRE:   60 15:02:16     -261.123207        0.323045
FIRE:   61 15:02:20     -261.252556        0.316186
FIRE:   62 15:02:24     -261.371627        0.290738
FIRE:   63 15:02:28     -261.477512        0.259895
FIRE:   64 15:02:32     -261.571223        0.237546
FIRE:   65 15:02:36     -261.652939        0.250630
FIRE:   66 15:02:40     -261.725071        0.281178
FIRE:   67 15:02:44     -261.796704        0.288143
FIRE:   68 15:02:48     -261.879698        0.351904
FIRE:   69 15:02:52     -261.975699        0.366849
FIRE:   70 15:02:56     -262.073409        0.308511
FIRE:   71 15:03:00     -262.160698        0.287535
FIRE:   72 15:03:04     -262.235367        0.271347
FIRE:   73 15:03:07     -262.302487        0.261513
FIRE:   74 15:03:11     -262.365583        0.243946
FIRE:   75 15:03:15     -262.424479        0.227692
FIRE:   76 15:03:19     -262.481306        0.220871
FIRE:   77 15:03:23     -262.541511        0.278463
FIRE:   78 15:03:27     -262.605556        0.275425
FIRE:   79 15:03:31     -262.666304        0.270124
FIRE:   80 15:03:35     -262.715368        0.262557
FIRE:   81 15:03:39     -262.750862        0.229517
FIRE:   82 15:03:43     -262.779770        0.216973
FIRE:   83 15:03:47     -262.807388        0.231635
FIRE:   84 15:03:51     -262.829645        0.221909
FIRE:   85 15:03:55     -262.915343        0.262667
FIRE:   86 15:03:59     -262.950766        0.143120
FIRE:   87 15:04:02     -262.969719        0.209146
FIRE:   88 15:04:06     -263.002258        0.155952
FIRE:   89 15:04:10     -263.041794        0.159092
FIRE:   90 15:04:14     -263.072899        0.143882
FIRE:   91 15:04:18     -263.100270        0.116177
FIRE:   92 15:04:22     -263.119700        0.113932
FIRE:   93 15:04:26     -263.138908        0.120533
FIRE:   94 15:04:30     -263.151782        0.134708
FIRE:   95 15:04:34     -263.155668        0.097343
FIRE:   96 15:04:38     -263.160110        0.059842
FIRE:   97 15:04:42     -263.162594        0.057737
FIRE:   98 15:04:46     -263.164544        0.073277
FIRE:   99 15:04:50     -263.168067        0.068019
FIRE:  100 15:04:54     -263.172588        0.048482
FIRE:  101 15:04:58     -263.176384        0.047037
FIRE:  102 15:05:02     -263.179733        0.065857
FIRE:  103 15:05:06     -263.183586        0.041647
FIRE:  104 15:05:10     -263.187238        0.040144
FIRE:  105 15:05:14     -263.190861        0.066510
FIRE:  106 15:05:18     -263.195507        0.035376
FIRE:  107 15:05:22     -263.198577        0.060953
FIRE:  108 15:05:26     -263.202461        0.033059
FIRE:  109 15:05:30     -263.204005        0.063905
FIRE:  110 15:05:34     -263.204861        0.038300
FIRE:  111 15:05:38     -263.205506        0.016059
FIRE:  112 15:05:42     -263.205462        0.036316
FIRE:  113 15:05:46     -263.205556        0.032442
FIRE:  114 15:05:50     -263.205714        0.025221
FIRE:  115 15:05:54     -263.205886        0.016430
FIRE:  116 15:05:57     -263.206024        0.010988
FIRE:  117 15:06:01     -263.206114        0.011999
FIRE:  118 15:06:05     -263.206178        0.019096
FIRE:  119 15:06:09     -263.206253        0.023411
FIRE:  120 15:06:13     -263.206385        0.023780
FIRE:  121 15:06:17     -263.206590        0.019258
FIRE:  122 15:06:21     -263.206832        0.012769
FIRE:  123 15:06:25     -263.207056        0.009969
MACE calculation complete. Energy written to MACE_OUTCAR: -263.207056 eV
Job ended on: Tue  3 Jun 14:06:26 UTC 2025
