Si Bulk DFT energetics calculations using VASP
Running on host: comp110
Working directory: /lustre/home/ah1365/projects/127870/upgrade_report/case_studies/common/structures/interfaces/264_Sn108Si156_001_001_a0.07732_b0.082474_c2.1_interface1shift5swap4
Job started on: Thu 12 Jun 07:42:15 UTC 2025
cuequivariance or cuequivariance_torch is not available. Cuequivariance acceleration will be disabled.
Using Materials Project MACE for MACECalculator with /lustre/home/ah1365/.cache/mace/MACE_MPtrj_20229model
Using float64 for MACECalculator, which is slower but more accurate. Recommended for geometry optimization.
Using TorchDFTD3Calculator for D3 dispersion corrections
      Step     Time          Energy          fmax
FIRE:    0 08:42:49    -1231.066002        6.534345
FIRE:    1 08:43:10    -1237.810863        5.726727
FIRE:    2 08:43:30    -1243.745996        4.980623
FIRE:    3 08:43:50    -1248.967793        4.302579
FIRE:    4 08:44:10    -1253.561996        3.697759
FIRE:    5 08:44:29    -1257.603464        3.162384
FIRE:    6 08:44:49    -1261.156732        2.686069
FIRE:    7 08:45:09    -1264.277925        2.259281
FIRE:    8 08:45:29    -1267.020590        1.878861
FIRE:    9 08:45:49    -1269.436382        1.577080
FIRE:   10 08:46:09    -1271.576044        1.461453
FIRE:   11 08:46:28    -1273.488409        1.431486
FIRE:   12 08:46:48    -1275.217889        1.419068
FIRE:   13 08:47:08    -1276.801889        1.395534
FIRE:   14 08:47:28    -1278.269431        1.365601
FIRE:   15 08:47:48    -1279.641602        1.323582
FIRE:   16 08:48:08    -1280.933293        1.264868
FIRE:   17 08:48:28    -1282.155385        1.185875
FIRE:   18 08:48:48    -1283.316308        1.084906
FIRE:   19 08:49:08    -1284.423490        0.964146
FIRE:   20 08:49:28    -1285.483619        0.873486
FIRE:   21 08:49:48    -1286.503212        0.838539
FIRE:   22 08:50:08    -1287.488219        0.796542
FIRE:   23 08:50:27    -1288.443147        0.747302
FIRE:   24 08:50:47    -1289.370194        0.723607
FIRE:   25 08:51:07    -1290.268328        0.735516
FIRE:   26 08:51:27    -1291.133709        0.745230
FIRE:   27 08:51:47    -1291.960957        0.750652
FIRE:   28 08:52:07    -1292.745213        0.748799
FIRE:   29 08:52:27    -1293.483657        0.735703
FIRE:   30 08:52:47    -1294.176048        0.706878
FIRE:   31 08:53:07    -1294.824051        0.658716
FIRE:   32 08:53:27    -1295.428905        0.663952
FIRE:   33 08:53:47    -1295.991990        0.677793
FIRE:   34 08:54:07    -1296.514730        0.673975
FIRE:   35 08:54:27    -1296.998477        0.649157
FIRE:   36 08:54:46    -1297.444390        0.613552
FIRE:   37 08:55:06    -1297.853347        0.620874
FIRE:   38 08:55:26    -1298.225681        0.614930
FIRE:   39 08:55:46    -1298.561619        0.597051
FIRE:   40 08:56:06    -1298.862515        0.569921
FIRE:   41 08:56:26    -1299.131093        0.532353
FIRE:   42 08:56:46    -1299.370051        0.524628
FIRE:   43 08:57:06    -1299.580725        0.737430
FIRE:   44 08:57:26    -1299.763538        0.924294
FIRE:   45 08:57:45    -1299.919227        1.051668
FIRE:   46 08:58:05    -1300.050729        1.089537
FIRE:   47 08:58:25    -1300.164247        1.020050
FIRE:   48 08:58:45    -1300.268507        0.902807
FIRE:   49 08:59:05    -1300.370660        0.796390
FIRE:   50 08:59:25    -1300.473704        0.811012
FIRE:   51 08:59:45    -1300.578329        0.776942
FIRE:   52 09:00:05    -1300.684030        0.751750
FIRE:   53 09:00:25    -1300.788625        0.686577
FIRE:   54 09:00:45    -1300.888127        0.594851
FIRE:   55 09:01:05    -1300.977981        0.560246
FIRE:   56 09:01:25    -1301.055116        0.551863
FIRE:   57 09:01:44    -1301.118987        0.491734
FIRE:   58 09:02:04    -1301.171685        0.479725
FIRE:   59 09:02:24    -1301.216552        0.518973
FIRE:   60 09:02:44    -1301.257265        0.549882
FIRE:   61 09:03:04    -1301.296501        0.554870
FIRE:   62 09:03:24    -1301.716032        0.338627
FIRE:   63 09:03:44    -1301.983319        0.223007
FIRE:   64 09:04:04    -1302.159234        0.194374
FIRE:   65 09:04:24    -1302.282832        0.226878
FIRE:   66 09:04:44    -1302.376963        0.249879
FIRE:   67 09:05:04    -1302.458353        0.214960
FIRE:   68 09:05:24    -1302.531711        0.207403
FIRE:   69 09:05:44    -1302.595742        0.177854
FIRE:   70 09:06:04    -1302.652534        0.168998
FIRE:   71 09:06:24    -1302.710218        0.186108
FIRE:   72 09:06:44    -1302.776072        0.193604
FIRE:   73 09:07:04    -1302.853959        0.188264
FIRE:   74 09:07:24    -1302.937506        0.171517
FIRE:   75 09:07:44    -1303.017867        0.155091
FIRE:   76 09:08:04    -1303.094736        0.161519
FIRE:   77 09:08:24    -1303.171601        0.204358
FIRE:   78 09:08:43    -1303.251156        0.269993
FIRE:   79 09:09:03    -1303.333838        0.321391
FIRE:   80 09:09:23    -1303.417327        0.313465
FIRE:   81 09:09:43    -1303.495345        0.181383
FIRE:   82 09:10:03    -1303.556204        0.234057
FIRE:   83 09:10:23    -1303.603606        0.379627
FIRE:   84 09:10:43    -1303.660226        0.423107
FIRE:   85 09:11:03    -1303.724270        0.244816
FIRE:   86 09:11:23    -1303.777636        0.268191
FIRE:   87 09:11:43    -1303.819383        0.351802
FIRE:   88 09:12:03    -1303.857802        0.282350
FIRE:   89 09:12:23    -1303.901029        0.231646
FIRE:   90 09:12:43    -1303.955087        0.322181
FIRE:   91 09:13:03    -1304.024125        0.343102
FIRE:   92 09:13:23    -1304.100281        0.215127
FIRE:   93 09:13:43    -1304.159541        0.257064
FIRE:   94 09:14:03    -1304.190831        0.401338
FIRE:   95 09:14:23    -1304.212247        0.414279
FIRE:   96 09:14:42    -1304.235552        0.265942
FIRE:   97 09:15:02    -1304.252365        0.250669
FIRE:   98 09:15:22    -1304.307425        0.239554
FIRE:   99 09:15:42    -1304.323601        0.112189
FIRE:  100 09:16:02    -1304.334148        0.148308
FIRE:  101 09:16:22    -1304.342653        0.218506
FIRE:  102 09:16:42    -1304.357972        0.167409
FIRE:  103 09:17:02    -1304.372039        0.076814
FIRE:  104 09:17:22    -1304.380255        0.160144
FIRE:  105 09:17:42    -1304.388343        0.177246
FIRE:  106 09:18:02    -1304.398782        0.068027
FIRE:  107 09:18:22    -1304.406099        0.136273
FIRE:  108 09:18:42    -1304.416240        0.116597
FIRE:  109 09:19:02    -1304.427363        0.097281
FIRE:  110 09:19:22    -1304.441077        0.144068
FIRE:  111 09:19:42    -1304.466737        0.150659
FIRE:  112 09:20:02    -1304.500491        0.201980
FIRE:  113 09:20:22    -1304.539172        0.193727
FIRE:  114 09:20:42    -1304.590005        0.194085
FIRE:  115 09:21:01    -1304.646097        0.237197
FIRE:  116 09:21:21    -1304.680006        0.482769
FIRE:  117 09:21:41    -1304.718876        0.257840
FIRE:  118 09:22:01    -1304.743458        0.310358
FIRE:  119 09:22:21    -1304.786499        0.342005
FIRE:  120 09:22:41    -1304.848602        0.221572
FIRE:  121 09:23:01    -1304.878666        0.362391
FIRE:  122 09:23:21    -1304.887935        0.244991
FIRE:  123 09:23:41    -1304.897758        0.124747
FIRE:  124 09:24:01    -1304.902316        0.117909
FIRE:  125 09:24:21    -1304.904353        0.192628
FIRE:  126 09:24:41    -1304.908436        0.200386
FIRE:  127 09:25:01    -1304.915731        0.166760
FIRE:  128 09:25:21    -1304.924172        0.117205
FIRE:  129 09:25:41    -1304.930929        0.111189
FIRE:  130 09:26:01    -1304.935243        0.176574
FIRE:  131 09:26:21    -1304.942095        0.141068
FIRE:  132 09:26:41    -1304.950042        0.065785
FIRE:  133 09:27:01    -1304.953506        0.126806
FIRE:  134 09:27:21    -1304.954517        0.104612
FIRE:  135 09:27:41    -1304.955992        0.063386
FIRE:  136 09:28:01    -1304.957234        0.055301
FIRE:  137 09:28:21    -1304.957930        0.058105
FIRE:  138 09:28:40    -1304.958449        0.083904
FIRE:  139 09:29:00    -1304.959406        0.097490
FIRE:  140 09:29:20    -1304.961046        0.085283
FIRE:  141 09:29:40    -1304.963453        0.077203
FIRE:  142 09:30:00    -1304.966327        0.083413
FIRE:  143 09:30:20    -1304.969764        0.088385
FIRE:  144 09:30:40    -1304.974643        0.088268
FIRE:  145 09:31:00    -1304.981443        0.096721
FIRE:  146 09:31:20    -1304.988654        0.123319
FIRE:  147 09:31:40    -1304.995621        0.151057
FIRE:  148 09:32:00    -1305.007367        0.168882
FIRE:  149 09:32:20    -1305.027078        0.179940
FIRE:  150 09:32:40    -1305.057798        0.242703
FIRE:  151 09:33:00    -1305.122768        0.340179
FIRE:  152 09:33:20    -1305.206589        0.327508
FIRE:  153 09:33:40    -1305.283544        0.333697
FIRE:  154 09:34:00    -1305.370666        0.477662
FIRE:  155 09:34:20    -1305.437570        0.433448
FIRE:  156 09:34:40    -1305.466888        0.250236
FIRE:  157 09:35:00    -1305.505631        0.347923
FIRE:  158 09:35:20    -1305.551395        0.350958
FIRE:  159 09:35:40    -1305.596026        0.227734
FIRE:  160 09:36:00    -1305.628589        0.277741
FIRE:  161 09:36:20    -1305.659246        0.294225
FIRE:  162 09:36:40    -1305.695516        0.165589
FIRE:  163 09:37:00    -1305.724331        0.256844
FIRE:  164 09:37:20    -1305.743788        0.166792
FIRE:  165 09:37:40    -1305.749704        0.134332
FIRE:  166 09:38:00    -1305.757871        0.110682
FIRE:  167 09:38:20    -1305.765024        0.111419
FIRE:  168 09:38:40    -1305.771356        0.125419
FIRE:  169 09:39:00    -1305.778116        0.119713
FIRE:  170 09:39:19    -1305.784578        0.081577
FIRE:  171 09:39:39    -1305.789485        0.065641
FIRE:  172 09:39:59    -1305.793910        0.076856
FIRE:  173 09:40:19    -1305.798778        0.075473
FIRE:  174 09:40:39    -1305.802948        0.081116
FIRE:  175 09:40:59    -1305.806655        0.088276
FIRE:  176 09:41:19    -1305.812354        0.080629
FIRE:  177 09:41:39    -1305.818612        0.070549
FIRE:  178 09:41:59    -1305.824742        0.053800
FIRE:  179 09:42:19    -1305.828913        0.061613
FIRE:  180 09:42:39    -1305.832338        0.066474
FIRE:  181 09:42:59    -1305.833437        0.042245
FIRE:  182 09:43:19    -1305.834787        0.029781
FIRE:  183 09:43:39    -1305.836027        0.041471
FIRE:  184 09:43:59    -1305.837440        0.030946
FIRE:  185 09:44:19    -1305.838870        0.019765
FIRE:  186 09:44:39    -1305.840024        0.028666
FIRE:  187 09:44:59    -1305.841164        0.029459
FIRE:  188 09:45:19    -1305.842479        0.018708
FIRE:  189 09:45:39    -1305.843791        0.034715
FIRE:  190 09:45:59    -1305.845359        0.027303
FIRE:  191 09:46:19    -1305.847200        0.021996
FIRE:  192 09:46:39    -1305.849324        0.018516
FIRE:  193 09:46:59    -1305.851427        0.027727
FIRE:  194 09:47:19    -1305.853707        0.025028
FIRE:  195 09:47:39    -1305.856405        0.013551
FIRE:  196 09:47:59    -1305.859199        0.031778
FIRE:  197 09:48:19    -1305.859521        0.118312
FIRE:  198 09:48:39    -1305.862586        0.029490
FIRE:  199 09:48:59    -1305.862684        0.020149
FIRE:  200 09:49:19    -1305.862814        0.008908
MACE calculation complete. Energy written to MACE_OUTCAR: -1305.862814 eV
Job ended on: Thu 12 Jun 08:49:21 UTC 2025
