The following modules were not unloaded:
  (Use "module --force purge" to unload all):

  1) slurm/23.02.6
[comp091:127922:0:127922] Caught signal 11 (Segmentation fault: address not mapped to object at address 0x7ffe6954edb8)
[comp091:127917:0:127917] Caught signal 11 (Segmentation fault: address not mapped to object at address 0x7ffc1912fc30)
[comp091:127918:0:127918] Caught signal 11 (Segmentation fault: address not mapped to object at address 0x7ffffa911d00)
[comp091:127925:0:127925] Caught signal 11 (Segmentation fault: address not mapped to object at address 0x7ffcb2ce7ff8)
[comp091:127914:0:127914] Caught signal 11 (Segmentation fault: address not mapped to object at address 0x7ffda510eec0)
[comp091:127915:0:127915] Caught signal 11 (Segmentation fault: address not mapped to object at address 0x7ffeb12d4e58)
[comp091:127916:0:127916] Caught signal 11 (Segmentation fault: address not mapped to object at address 0x7ffe6bade870)
[comp091:127919:0:127919] Caught signal 11 (Segmentation fault: address not mapped to object at address 0x7fffdc247ff8)
[comp091:127926:0:127926] Caught signal 11 (Segmentation fault: address not mapped to object at address 0x7ffce1040d80)
[comp091:127927:0:127927] Caught signal 11 (Segmentation fault: address not mapped to object at address 0x7ffd6f983938)
[comp091:127920:0:127920] Caught signal 11 (Segmentation fault: address not mapped to object at address 0x7ffd80bceff8)
[comp091:127921:0:127921] Caught signal 11 (Segmentation fault: address not mapped to object at address 0x7fff36394fb8)
[comp091:127923:0:127923] Caught signal 11 (Segmentation fault: address not mapped to object at address 0x7ffeed5e0fb0)
[comp091:127924:0:127924] Caught signal 11 (Segmentation fault: address not mapped to object at address 0x7ffefc3f3e30)
[comp091:127913:0:127913] Caught signal 11 (Segmentation fault: address not mapped to object at address 0x7ffc19032ab8)
[comp091:127912:0:127912] Caught signal 11 (Segmentation fault: address not mapped to object at address 0x7ffdffd8cf98)
==== backtrace (tid: 127922) ====
==== backtrace (tid: 127927) ====
 0 0x000000000003e6f0 __GI___sigaction()  :0
 1 0x00000000009a4d6b racc0mu_()  ???:0
 2 0x00000000009a6da3 nonlr_mp_raccmu__()  ???:0
 3 0x00000000009df646 hamil_mp_hamiltmu_()  ???:0
 4 0x000000000119090e david_mp_eddav_()  ???:0
 5 0x00000000012534d5 elmin_()  ???:0
 6 0x0000000001e67467 vamp_IP_electronic_optimization_()  main.f90:0
 7 0x0000000001e40413 MAIN__()  ???:0
 8 0x000000000040963d main()  ???:0
 9 0x0000000000029590 __libc_start_call_main()  ???:0
10 0x0000000000029640 __libc_start_main_alias_2()  :0
11 0x0000000000409555 _start()  ???:0
=================================
 0 0x000000000003e6f0 __GI___sigaction()  :0
 1 0x00000000009a4d6b racc0mu_()  ???:0
 2 0x00000000009a6da3 nonlr_mp_raccmu__()  ???:0
 3 0x00000000009df646 hamil_mp_hamiltmu_()  ???:0
 4 0x000000000119090e david_mp_eddav_()  ???:0
 5 0x00000000012534d5 elmin_()  ???:0
 6 0x0000000001e67467 vamp_IP_electronic_optimization_()  main.f90:0
 7 0x0000000001e40413 MAIN__()  ???:0
 8 0x000000000040963d main()  ???:0
 9 0x0000000000029590 __libc_start_call_main()  ???:0
10 0x0000000000029640 __libc_start_main_alias_2()  :0
11 0x0000000000409555 _start()  ???:0
=================================
==== backtrace (tid: 127915) ====
 0 0x000000000003e6f0 __GI___sigaction()  :0
==== backtrace (tid: 127919) ====
 0 0x000000000003e6f0 __GI___sigaction()  :0
 1 0x00000000009a4d6b racc0mu_()  ???:0
 2 0x00000000009a6da3 nonlr_mp_raccmu__()  ???:0
 3 0x00000000009df646 hamil_mp_hamiltmu_()  ???:0
 4 0x000000000119090e david_mp_eddav_()  ???:0
 5 0x00000000012534d5 elmin_()  ???:0
 6 0x0000000001e67467 vamp_IP_electronic_optimization_()  main.f90:0
 7 0x0000000001e40413 MAIN__()  ???:0
 8 0x000000000040963d main()  ???:0
 9 0x0000000000029590 __libc_start_call_main()  ???:0
10 0x0000000000029640 __libc_start_main_alias_2()  :0
11 0x0000000000409555 _start()  ???:0
=================================
 1 0x00000000009a4d6b racc0mu_()  ???:0
==== backtrace (tid: 127913) ====
 2 0x00000000009a6da3 nonlr_mp_raccmu__()  ???:0
 3 0x00000000009df646 hamil_mp_hamiltmu_()  ???:0
 4 0x000000000119090e david_mp_eddav_()  ???:0
 5 0x00000000012534d5 elmin_()  ???:0
 6 0x0000000001e67467 vamp_IP_electronic_optimization_()  main.f90:0
 7 0x0000000001e40413 MAIN__()  ???:0
 8 0x000000000040963d main()  ???:0
 9 0x0000000000029590 __libc_start_call_main()  ???:0
10 0x0000000000029640 __libc_start_main_alias_2()  :0
11 0x0000000000409555 _start()  ???:0
=================================
 0 0x000000000003e6f0 __GI___sigaction()  :0
 1 0x00000000009a4d6b racc0mu_()  ???:0
 2 0x00000000009a6da3 nonlr_mp_raccmu__()  ???:0
 3 0x00000000009df646 hamil_mp_hamiltmu_()  ???:0
 4 0x000000000119090e david_mp_eddav_()  ???:0
 5 0x00000000012534d5 elmin_()  ???:0
 6 0x0000000001e67467 vamp_IP_electronic_optimization_()  main.f90:0
 7 0x0000000001e40413 MAIN__()  ???:0
 8 0x000000000040963d main()  ???:0
 9 0x0000000000029590 __libc_start_call_main()  ???:0
10 0x0000000000029640 __libc_start_main_alias_2()  :0
11 0x0000000000409555 _start()  ???:0
=================================
forrtl: severe (174): SIGSEGV, segmentation fault occurred
Image              PC                Routine            Line        Source             
libc.so.6          00007FB798E3E6F0  Unknown               Unknown  Unknown
vasp_std           00000000009A4D6B  Unknown               Unknown  Unknown
vasp_std           00000000009A6DA3  Unknown               Unknown  Unknown
vasp_std           00000000009DF646  Unknown               Unknown  Unknown
vasp_std           000000000119090E  Unknown               Unknown  Unknown
vasp_std           00000000012534D5  Unknown               Unknown  Unknown
vasp_std           0000000001E67467  Unknown               Unknown  Unknown
vasp_std           0000000001E40413  Unknown               Unknown  Unknown
vasp_std           000000000040963D  Unknown               Unknown  Unknown
libc.so.6          00007FB798E29590  Unknown               Unknown  Unknown
libc.so.6          00007FB798E29640  __libc_start_main     Unknown  Unknown
vasp_std           0000000000409555  Unknown               Unknown  Unknown
forrtl: severe (174): SIGSEGV, segmentation fault occurred
Image              PC                Routine            Line        Source             
libc.so.6          00007FB9E0A3E6F0  Unknown               Unknown  Unknown
vasp_std           00000000009A4D6B  Unknown               Unknown  Unknown
vasp_std           00000000009A6DA3  Unknown               Unknown  Unknown
vasp_std           00000000009DF646  Unknown               Unknown  Unknown
vasp_std           000000000119090E  Unknown               Unknown  Unknown
vasp_std           00000000012534D5  Unknown               Unknown  Unknown
vasp_std           0000000001E67467  Unknown               Unknown  Unknown
vasp_std           0000000001E40413  Unknown               Unknown  Unknown
vasp_std           000000000040963D  Unknown               Unknown  Unknown
libc.so.6          00007FB9E0A29590  Unknown               Unknown  Unknown
libc.so.6          00007FB9E0A29640  __libc_start_main     Unknown  Unknown
vasp_std           0000000000409555  Unknown               Unknown  Unknown
forrtl: severe (174): SIGSEGV, segmentation fault occurred
Image              PC                Routine            Line        Source             
libc.so.6          00007F530183E6F0  Unknown               Unknown  Unknown
vasp_std           00000000009A4D6B  Unknown               Unknown  Unknown
vasp_std           00000000009A6DA3  Unknown               Unknown  Unknown
vasp_std           00000000009DF646  Unknown               Unknown  Unknown
vasp_std           000000000119090E  Unknown               Unknown  Unknown
vasp_std           00000000012534D5  Unknown               Unknown  Unknown
vasp_std           0000000001E67467  Unknown               Unknown  Unknown
vasp_std           0000000001E40413  Unknown               Unknown  Unknown
vasp_std           000000000040963D  Unknown               Unknown  Unknown
libc.so.6          00007F5301829590  Unknown               Unknown  Unknown
libc.so.6          00007F5301829640  __libc_start_main     Unknown  Unknown
vasp_std           0000000000409555  Unknown               Unknown  Unknown
forrtl: severe (174): SIGSEGV, segmentation fault occurred
Image              PC                Routine            Line        Source             
libc.so.6          00007FDD73A3E6F0  Unknown               Unknown  Unknown
vasp_std           00000000009A4D6B  Unknown               Unknown  Unknown
vasp_std           00000000009A6DA3  Unknown               Unknown  Unknown
vasp_std           00000000009DF646  Unknown               Unknown  Unknown
vasp_std           000000000119090E  Unknown               Unknown  Unknown
vasp_std           00000000012534D5  Unknown               Unknown  Unknown
vasp_std           0000000001E67467  Unknown               Unknown  Unknown
vasp_std           0000000001E40413  Unknown               Unknown  Unknown
vasp_std           000000000040963D  Unknown               Unknown  Unknown
libc.so.6          00007FDD73A29590  Unknown               Unknown  Unknown
libc.so.6          00007FDD73A29640  __libc_start_main     Unknown  Unknown
vasp_std           0000000000409555  Unknown               Unknown  Unknown
forrtl: severe (174): SIGSEGV, segmentation fault occurred
Image              PC                Routine            Line        Source             
libc.so.6          00007FBD7683E6F0  Unknown               Unknown  Unknown
vasp_std           00000000009A4D6B  Unknown               Unknown  Unknown
vasp_std           00000000009A6DA3  Unknown               Unknown  Unknown
vasp_std           00000000009DF646  Unknown               Unknown  Unknown
vasp_std           000000000119090E  Unknown               Unknown  Unknown
vasp_std           00000000012534D5  Unknown               Unknown  Unknown
vasp_std           0000000001E67467  Unknown               Unknown  Unknown
vasp_std           0000000001E40413  Unknown               Unknown  Unknown
vasp_std           000000000040963D  Unknown               Unknown  Unknown
libc.so.6          00007FBD76829590  Unknown               Unknown  Unknown
libc.so.6          00007FBD76829640  __libc_start_main     Unknown  Unknown
vasp_std           0000000000409555  Unknown               Unknown  Unknown
==== backtrace (tid: 127912) ====
 0 0x000000000003e6f0 __GI___sigaction()  :0
 1 0x00000000009a4d6b racc0mu_()  ???:0
 2 0x00000000009a6da3 nonlr_mp_raccmu__()  ???:0
 3 0x00000000009df646 hamil_mp_hamiltmu_()  ???:0
 4 0x000000000119090e david_mp_eddav_()  ???:0
 5 0x00000000012534d5 elmin_()  ???:0
 6 0x0000000001e67467 vamp_IP_electronic_optimization_()  main.f90:0
 7 0x0000000001e40413 MAIN__()  ???:0
 8 0x000000000040963d main()  ???:0
==== backtrace (tid: 127925) ====
 0 0x000000000003e6f0 __GI___sigaction()  :0
 1 0x00000000008fce48 mrg_proj_()  ???:0
 2 0x00000000009a4d70 racc0mu_()  ???:0
 3 0x00000000009a6da3 nonlr_mp_raccmu__()  ???:0
 4 0x00000000009df646 hamil_mp_hamiltmu_()  ???:0
 5 0x000000000119090e david_mp_eddav_()  ???:0
 6 0x00000000012534d5 elmin_()  ???:0
 7 0x0000000001e67467 vamp_IP_electronic_optimization_()  main.f90:0
 8 0x0000000001e40413 MAIN__()  ???:0
 9 0x000000000040963d main()  ???:0
10 0x0000000000029590 __libc_start_call_main()  ???:0
11 0x0000000000029640 __libc_start_main_alias_2()  :0
12 0x0000000000409555 _start()  ???:0
=================================
 9 0x0000000000029590 __libc_start_call_main()  ???:0
10 0x0000000000029640 __libc_start_main_alias_2()  :0
11 0x0000000000409555 _start()  ???:0
=================================
forrtl: severe (174): SIGSEGV, segmentation fault occurred
Image              PC                Routine            Line        Source             
libc.so.6          00007F1F3EA3E6F0  Unknown               Unknown  Unknown
vasp_std           00000000009A4D6B  Unknown               Unknown  Unknown
vasp_std           00000000009A6DA3  Unknown               Unknown  Unknown
vasp_std           00000000009DF646  Unknown               Unknown  Unknown
vasp_std           000000000119090E  Unknown               Unknown  Unknown
vasp_std           00000000012534D5  Unknown               Unknown  Unknown
vasp_std           0000000001E67467  Unknown               Unknown  Unknown
vasp_std           0000000001E40413  Unknown               Unknown  Unknown
vasp_std           000000000040963D  Unknown               Unknown  Unknown
libc.so.6          00007F1F3EA29590  Unknown               Unknown  Unknown
libc.so.6          00007F1F3EA29640  __libc_start_main     Unknown  Unknown
vasp_std           0000000000409555  Unknown               Unknown  Unknown
forrtl: severe (174): SIGSEGV, segmentation fault occurred
Image              PC                Routine            Line        Source             
libc.so.6          00007FABF4A3E6F0  Unknown               Unknown  Unknown
vasp_std           00000000008FCE48  Unknown               Unknown  Unknown
vasp_std           00000000009A4D70  Unknown               Unknown  Unknown
vasp_std           00000000009A6DA3  Unknown               Unknown  Unknown
vasp_std           00000000009DF646  Unknown               Unknown  Unknown
vasp_std           000000000119090E  Unknown               Unknown  Unknown
vasp_std           00000000012534D5  Unknown               Unknown  Unknown
vasp_std           0000000001E67467  Unknown               Unknown  Unknown
vasp_std           0000000001E40413  Unknown               Unknown  Unknown
vasp_std           000000000040963D  Unknown               Unknown  Unknown
libc.so.6          00007FABF4A29590  Unknown               Unknown  Unknown
libc.so.6          00007FABF4A29640  __libc_start_main     Unknown  Unknown
vasp_std           0000000000409555  Unknown               Unknown  Unknown
