Si Bulk DFT energetics calculations using VASP
Running on host: comp055
Working directory: /lustre/home/ah1365/projects/127870/upgrade_report/case_studies/common/structures/interfaces/168_Sn72Ge96_011_011_a0.117117_b0.031646_c2.163935_interface4shift3
Job started on: Tue 10 Jun 13:39:57 UTC 2025
cuequivariance or cuequivariance_torch is not available. Cuequivariance acceleration will be disabled.
Using Materials Project MACE for MACECalculator with /lustre/home/ah1365/.cache/mace/MACE_MPtrj_20229model
Using float64 for MACECalculator, which is slower but more accurate. Recommended for geometry optimization.
Using TorchDFTD3Calculator for D3 dispersion corrections
      Step     Time          Energy          fmax
FIRE:    0 14:40:17     -754.956106        7.464292
FIRE:    1 14:40:29     -758.220818        3.610820
FIRE:    2 14:40:42     -760.073810        1.640472
FIRE:    3 14:40:54     -761.030100        1.051665
FIRE:    4 14:41:06     -761.458985        1.250104
FIRE:    5 14:41:18     -761.660910        1.499180
FIRE:    6 14:41:30     -761.839828        1.347504
FIRE:    7 14:41:42     -762.068615        1.141237
FIRE:    8 14:41:54     -762.332579        0.858628
FIRE:    9 14:42:06     -762.580913        0.719667
FIRE:   10 14:42:18     -762.780118        0.765538
FIRE:   11 14:42:31     -762.929187        0.797475
FIRE:   12 14:42:43     -763.048893        0.741821
FIRE:   13 14:42:55     -763.165635        0.622631
FIRE:   14 14:43:07     -763.296953        0.514154
FIRE:   15 14:43:19     -763.437365        0.422713
FIRE:   16 14:43:31     -763.559900        0.412327
FIRE:   17 14:43:44     -763.652619        0.386225
FIRE:   18 14:43:56     -763.754673        0.462846
FIRE:   19 14:44:08     -763.905521        0.325244
FIRE:   20 14:44:20     -764.070984        0.385395
FIRE:   21 14:44:33     -764.205032        0.329937
FIRE:   22 14:44:45     -764.305728        0.309943
FIRE:   23 14:44:57     -764.385048        0.256410
FIRE:   24 14:45:09     -764.428102        0.252709
FIRE:   25 14:45:21     -764.516394        0.121053
FIRE:   26 14:45:34     -764.551584        0.152051
FIRE:   27 14:45:46     -764.561117        0.127004
FIRE:   28 14:45:58     -764.574785        0.103472
FIRE:   29 14:46:10     -764.586249        0.083353
FIRE:   30 14:46:22     -764.593913        0.080174
FIRE:   31 14:46:35     -764.601727        0.091899
FIRE:   32 14:46:47     -764.613813        0.093776
FIRE:   33 14:46:59     -764.630125        0.088346
FIRE:   34 14:47:11     -764.649200        0.071971
FIRE:   35 14:47:23     -764.667508        0.073315
FIRE:   36 14:47:36     -764.687447        0.085520
FIRE:   37 14:47:48     -764.714751        0.080102
FIRE:   38 14:48:00     -764.748089        0.066267
FIRE:   39 14:48:12     -764.784231        0.087900
FIRE:   40 14:48:24     -764.829930        0.105866
FIRE:   41 14:48:37     -764.885857        0.096428
FIRE:   42 14:48:49     -764.944913        0.095237
FIRE:   43 14:49:01     -765.008604        0.100403
FIRE:   44 14:49:13     -765.074877        0.121391
FIRE:   45 14:49:26     -765.146946        0.134853
FIRE:   46 14:49:38     -765.221354        0.141306
FIRE:   47 14:49:50     -765.294666        0.142879
FIRE:   48 14:50:02     -765.365997        0.146238
FIRE:   49 14:50:15     -765.435020        0.149197
FIRE:   50 14:50:27     -765.502082        0.138173
FIRE:   51 14:50:39     -765.565664        0.113427
FIRE:   52 14:50:52     -765.624091        0.091411
FIRE:   53 14:51:04     -765.677006        0.105178
FIRE:   54 14:51:16     -765.723421        0.111252
FIRE:   55 14:51:28     -765.764411        0.099539
FIRE:   56 14:51:41     -765.800835        0.074037
FIRE:   57 14:51:53     -765.832245        0.055675
FIRE:   58 14:52:05     -765.858451        0.047078
FIRE:   59 14:52:17     -765.880606        0.055373
FIRE:   60 14:52:30     -765.900620        0.047567
FIRE:   61 14:52:42     -765.918556        0.047054
FIRE:   62 14:52:54     -765.932760        0.039478
FIRE:   63 14:53:07     -765.940872        0.059384
FIRE:   64 14:53:19     -765.942972        0.083856
FIRE:   65 14:53:31     -765.955541        0.044127
FIRE:   66 14:53:43     -765.969856        0.042826
FIRE:   67 14:53:56     -765.984046        0.059381
FIRE:   68 14:54:08     -765.989622        0.115355
FIRE:   69 14:54:20     -765.998893        0.025626
FIRE:   70 14:54:32     -765.994419        0.114911
FIRE:   71 14:54:45     -765.997288        0.088975
FIRE:   72 14:54:57     -766.000550        0.043135
FIRE:   73 14:55:09     -766.001597        0.023871
FIRE:   74 14:55:21     -766.001657        0.023852
FIRE:   75 14:55:34     -766.001774        0.023815
FIRE:   76 14:55:46     -766.001932        0.023760
FIRE:   77 14:55:58     -766.002124        0.023686
FIRE:   78 14:56:10     -766.002340        0.023595
FIRE:   79 14:56:23     -766.002575        0.023485
FIRE:   80 14:56:35     -766.002819        0.023359
FIRE:   81 14:56:47     -766.003134        0.023201
FIRE:   82 14:56:59     -766.003530        0.023006
FIRE:   83 14:57:12     -766.004032        0.022767
FIRE:   84 14:57:24     -766.004676        0.022479
FIRE:   85 14:57:36     -766.005446        0.022132
FIRE:   86 14:57:48     -766.006350        0.021717
FIRE:   87 14:58:01     -766.007421        0.021230
FIRE:   88 14:58:13     -766.008720        0.020680
FIRE:   89 14:58:25     -766.010269        0.020091
FIRE:   90 14:58:38     -766.012112        0.019511
FIRE:   91 14:58:50     -766.014264        0.019008
FIRE:   92 14:59:02     -766.016824        0.018644
FIRE:   93 14:59:14     -766.019800        0.018429
FIRE:   94 14:59:27     -766.023272        0.018298
FIRE:   95 14:59:39     -766.027314        0.018161
FIRE:   96 14:59:51     -766.031921        0.017961
FIRE:   97 15:00:03     -766.037097        0.017499
FIRE:   98 15:00:16     -766.042865        0.016334
FIRE:   99 15:00:28     -766.049133        0.015215
FIRE:  100 15:00:40     -766.055663        0.038432
FIRE:  101 15:00:52     -766.060996        0.095886
FIRE:  102 15:01:05     -766.056848        0.247577
FIRE:  103 15:01:17     -766.070977        0.016055
FIRE:  104 15:01:29     -766.071055        0.013960
FIRE:  105 15:01:41     -766.071188        0.013875
FIRE:  106 15:01:54     -766.071375        0.013755
FIRE:  107 15:02:06     -766.071599        0.013608
FIRE:  108 15:02:18     -766.071883        0.013446
FIRE:  109 15:02:30     -766.072227        0.013282
FIRE:  110 15:02:43     -766.072635        0.013126
FIRE:  111 15:02:55     -766.073128        0.012972
FIRE:  112 15:03:07     -766.073751        0.012829
FIRE:  113 15:03:20     -766.074535        0.012793
FIRE:  114 15:03:32     -766.075511        0.013225
FIRE:  115 15:03:44     -766.076687        0.013798
FIRE:  116 15:03:56     -766.078175        0.014576
FIRE:  117 15:04:09     -766.079996        0.015601
FIRE:  118 15:04:21     -766.082322        0.016896
FIRE:  119 15:04:33     -766.085280        0.018582
FIRE:  120 15:04:46     -766.089157        0.020939
FIRE:  121 15:04:58     -766.094325        0.024301
FIRE:  122 15:05:10     -766.101615        0.029321
FIRE:  123 15:05:22     -766.112424        0.037446
FIRE:  124 15:05:35     -766.129191        0.048161
FIRE:  125 15:05:47     -766.151598        0.151527
FIRE:  126 15:05:59     -766.154923        0.396399
FIRE:  127 15:06:11     -766.181340        0.157460
FIRE:  128 15:06:24     -766.184553        0.105596
FIRE:  129 15:06:36     -766.187858        0.066793
FIRE:  130 15:06:48     -766.189066        0.072650
FIRE:  131 15:07:01     -766.189378        0.066455
FIRE:  132 15:07:13     -766.189948        0.066254
FIRE:  133 15:07:25     -766.190705        0.066275
FIRE:  134 15:07:37     -766.191544        0.066306
FIRE:  135 15:07:50     -766.192445        0.066348
FIRE:  136 15:08:02     -766.193412        0.066405
FIRE:  137 15:08:14     -766.194495        0.066481
FIRE:  138 15:08:26     -766.195911        0.066591
FIRE:  139 15:08:39     -766.197823        0.066747
FIRE:  140 15:08:51     -766.200355        0.066969
FIRE:  141 15:09:03     -766.203518        0.067285
FIRE:  142 15:09:16     -766.207356        0.067722
FIRE:  143 15:09:28     -766.212114        0.068294
FIRE:  144 15:09:40     -766.218285        0.068968
FIRE:  145 15:09:52     -766.226267        0.069635
FIRE:  146 15:10:05     -766.236227        0.070066
FIRE:  147 15:10:17     -766.248848        0.069904
FIRE:  148 15:10:29     -766.265069        0.068823
FIRE:  149 15:10:41     -766.285289        0.071298
FIRE:  150 15:10:54     -766.310492        0.074278
FIRE:  151 15:11:06     -766.341086        0.078148
FIRE:  152 15:11:18     -766.377041        0.083714
FIRE:  153 15:11:30     -766.414390        0.089502
FIRE:  154 15:11:43     -766.450598        0.104881
FIRE:  155 15:11:55     -766.489785        0.122621
FIRE:  156 15:12:07     -766.535286        0.142381
FIRE:  157 15:12:19     -766.589212        0.163763
FIRE:  158 15:12:32     -766.651101        0.179046
FIRE:  159 15:12:44     -766.717302        0.171115
FIRE:  160 15:12:56     -766.779805        0.136850
FIRE:  161 15:13:08     -766.833448        0.119389
FIRE:  162 15:13:21     -766.878017        0.119920
FIRE:  163 15:13:33     -766.915267        0.112620
FIRE:  164 15:13:45     -766.949308        0.111349
FIRE:  165 15:13:58     -766.983885        0.101472
FIRE:  166 15:14:10     -767.019472        0.095654
FIRE:  167 15:14:22     -767.055399        0.093020
FIRE:  168 15:14:35     -767.090712        0.087355
FIRE:  169 15:14:47     -767.124252        0.082468
FIRE:  170 15:14:59     -767.156610        0.089731
FIRE:  171 15:15:11     -767.188116        0.094134
FIRE:  172 15:15:24     -767.216415        0.087479
FIRE:  173 15:15:36     -767.238030        0.080060
FIRE:  174 15:15:48     -767.252289        0.108233
FIRE:  175 15:16:01     -767.261873        0.115518
FIRE:  176 15:16:13     -767.270209        0.097874
FIRE:  177 15:16:25     -767.279794        0.107436
FIRE:  178 15:16:37     -767.292151        0.124940
FIRE:  179 15:16:50     -767.309142        0.124618
FIRE:  180 15:17:02     -767.331834        0.107882
FIRE:  181 15:17:14     -767.356232        0.083623
FIRE:  182 15:17:27     -767.376150        0.063720
FIRE:  183 15:17:39     -767.389813        0.083881
FIRE:  184 15:17:51     -767.401242        0.086259
FIRE:  185 15:18:03     -767.415412        0.071092
FIRE:  186 15:18:16     -767.431448        0.072397
FIRE:  187 15:18:28     -767.443387        0.064985
FIRE:  188 15:18:40     -767.446918        0.072324
FIRE:  189 15:18:52     -767.458674        0.030741
FIRE:  190 15:19:05     -767.469187        0.044467
FIRE:  191 15:19:17     -767.481071        0.032005
FIRE:  192 15:19:29     -767.490243        0.039185
FIRE:  193 15:19:41     -767.497757        0.085984
FIRE:  194 15:19:54     -767.502698        0.170141
FIRE:  195 15:20:06     -767.511701        0.039904
FIRE:  196 15:20:18     -767.508888        0.150238
FIRE:  197 15:20:31     -767.511392        0.115036
FIRE:  198 15:20:43     -767.514394        0.053934
FIRE:  199 15:20:55     -767.515715        0.033929
FIRE:  200 15:21:08     -767.515344        0.073551
FIRE:  201 15:21:20     -767.515558        0.069314
FIRE:  202 15:21:32     -767.515944        0.061075
FIRE:  203 15:21:44     -767.516444        0.049308
FIRE:  204 15:21:57     -767.516974        0.034736
FIRE:  205 15:22:09     -767.517459        0.032896
FIRE:  206 15:22:21     -767.517865        0.032790
FIRE:  207 15:22:34     -767.518190        0.032655
FIRE:  208 15:22:46     -767.518528        0.032475
FIRE:  209 15:22:58     -767.518943        0.037623
FIRE:  210 15:23:10     -767.519565        0.041296
FIRE:  211 15:23:23     -767.520466        0.037219
FIRE:  212 15:23:35     -767.521616        0.031180
FIRE:  213 15:23:47     -767.522877        0.030687
FIRE:  214 15:23:59     -767.524125        0.030134
FIRE:  215 15:24:12     -767.525557        0.029542
FIRE:  216 15:24:24     -767.527449        0.028926
FIRE:  217 15:24:36     -767.529744        0.028277
FIRE:  218 15:24:49     -767.532123        0.027536
FIRE:  219 15:25:01     -767.534866        0.027687
FIRE:  220 15:25:13     -767.538171        0.025270
FIRE:  221 15:25:25     -767.541616        0.024478
FIRE:  222 15:25:38     -767.545741        0.021464
FIRE:  223 15:25:50     -767.550057        0.028651
FIRE:  224 15:26:02     -767.555050        0.015775
FIRE:  225 15:26:14     -767.560161        0.028413
FIRE:  226 15:26:27     -767.565649        0.040593
FIRE:  227 15:26:39     -767.571651        0.037247
FIRE:  228 15:26:51     -767.577999        0.055824
FIRE:  229 15:27:04     -767.582425        0.124545
FIRE:  230 15:27:16     -767.587815        0.024764
FIRE:  231 15:27:28     -767.584900        0.113545
FIRE:  232 15:27:41     -767.586682        0.086283
FIRE:  233 15:27:53     -767.588709        0.038260
FIRE:  234 15:28:05     -767.589345        0.024787
FIRE:  235 15:28:18     -767.589386        0.024785
FIRE:  236 15:28:30     -767.589463        0.024779
FIRE:  237 15:28:42     -767.589574        0.024772
FIRE:  238 15:28:55     -767.589702        0.024761
FIRE:  239 15:29:07     -767.589848        0.024748
FIRE:  240 15:29:19     -767.590008        0.024733
FIRE:  241 15:29:32     -767.590188        0.024715
FIRE:  242 15:29:44     -767.590406        0.024692
FIRE:  243 15:29:56     -767.590684        0.024665
FIRE:  244 15:30:08     -767.591025        0.024631
FIRE:  245 15:30:21     -767.591480        0.024591
FIRE:  246 15:30:33     -767.592040        0.024543
FIRE:  247 15:30:45     -767.592719        0.024487
FIRE:  248 15:30:58     -767.593553        0.024422
FIRE:  249 15:31:10     -767.594566        0.024345
FIRE:  250 15:31:22     -767.595805        0.024253
FIRE:  251 15:31:34     -767.597347        0.024138
FIRE:  252 15:31:47     -767.599172        0.023991
FIRE:  253 15:31:59     -767.601461        0.023795
FIRE:  254 15:32:11     -767.604227        0.023526
FIRE:  255 15:32:24     -767.607642        0.023139
FIRE:  256 15:32:36     -767.611920        0.022574
FIRE:  257 15:32:48     -767.617167        0.021790
FIRE:  258 15:33:01     -767.623736        0.022505
FIRE:  259 15:33:13     -767.632002        0.023338
FIRE:  260 15:33:25     -767.642383        0.024018
FIRE:  261 15:33:38     -767.655318        0.024881
FIRE:  262 15:33:50     -767.671036        0.037160
FIRE:  263 15:34:02     -767.686333        0.086885
FIRE:  264 15:34:15     -767.694375        0.196972
FIRE:  265 15:34:27     -767.709370        0.044176
FIRE:  266 15:34:39     -767.710150        0.042672
FIRE:  267 15:34:51     -767.711300        0.043158
FIRE:  268 15:35:04     -767.712503        0.043893
FIRE:  269 15:35:16     -767.713932        0.044860
FIRE:  270 15:35:28     -767.715961        0.046023
FIRE:  271 15:35:41     -767.718585        0.047348
FIRE:  272 15:35:53     -767.721501        0.048811
FIRE:  273 15:36:05     -767.724952        0.050527
FIRE:  274 15:36:18     -767.729464        0.052357
FIRE:  275 15:36:30     -767.735450        0.053943
FIRE:  276 15:36:42     -767.742762        0.054503
FIRE:  277 15:36:55     -767.752038        0.052553
FIRE:  278 15:37:07     -767.763434        0.048258
FIRE:  279 15:37:19     -767.776275        0.048249
FIRE:  280 15:37:31     -767.789754        0.042236
FIRE:  281 15:37:44     -767.802450        0.030439
FIRE:  282 15:37:56     -767.812829        0.034988
FIRE:  283 15:38:08     -767.819967        0.048118
FIRE:  284 15:38:21     -767.824400        0.083604
FIRE:  285 15:38:33     -767.827444        0.038004
FIRE:  286 15:38:45     -767.828461        0.057019
FIRE:  287 15:38:58     -767.828960        0.046417
FIRE:  288 15:39:10     -767.829718        0.030577
FIRE:  289 15:39:22     -767.830444        0.029751
FIRE:  290 15:39:34     -767.831037        0.029002
FIRE:  291 15:39:47     -767.831625        0.032885
FIRE:  292 15:39:59     -767.832415        0.036478
FIRE:  293 15:40:11     -767.833461        0.029195
FIRE:  294 15:40:24     -767.834710        0.024172
FIRE:  295 15:40:36     -767.835880        0.022261
FIRE:  296 15:40:48     -767.836925        0.028727
FIRE:  297 15:41:01     -767.838195        0.025965
FIRE:  298 15:41:13     -767.839562        0.015405
FIRE:  299 15:41:25     -767.840542        0.022968
FIRE:  300 15:41:37     -767.841564        0.019049
FIRE:  301 15:41:50     -767.842657        0.016560
FIRE:  302 15:42:02     -767.843579        0.022896
FIRE:  303 15:42:14     -767.845001        0.016313
FIRE:  304 15:42:27     -767.846638        0.017642
FIRE:  305 15:42:39     -767.848920        0.022960
FIRE:  306 15:42:51     -767.851803        0.016873
FIRE:  307 15:43:04     -767.855122        0.024959
FIRE:  308 15:43:16     -767.858827        0.055250
FIRE:  309 15:43:28     -767.861916        0.107852
FIRE:  310 15:43:40     -767.864853        0.020674
FIRE:  311 15:43:53     -767.863533        0.099222
FIRE:  312 15:44:05     -767.864454        0.075738
FIRE:  313 15:44:17     -767.865523        0.034963
FIRE:  314 15:44:30     -767.865926        0.021128
FIRE:  315 15:44:42     -767.865947        0.021131
FIRE:  316 15:44:54     -767.865992        0.021137
FIRE:  317 15:45:07     -767.866050        0.021145
FIRE:  318 15:45:20     -767.866127        0.021156
FIRE:  319 15:45:32     -767.866224        0.021169
FIRE:  320 15:45:45     -767.866333        0.021185
FIRE:  321 15:45:57     -767.866448        0.021201
FIRE:  322 15:46:09     -767.866593        0.021221
FIRE:  323 15:46:22     -767.866778        0.021243
FIRE:  324 15:46:34     -767.867014        0.021267
FIRE:  325 15:46:46     -767.867312        0.021290
FIRE:  326 15:46:58     -767.867673        0.021310
FIRE:  327 15:47:11     -767.868114        0.021321
FIRE:  328 15:47:23     -767.868646        0.021314
FIRE:  329 15:47:35     -767.869303        0.021275
FIRE:  330 15:47:48     -767.870092        0.021183
FIRE:  331 15:48:00     -767.871056        0.021009
FIRE:  332 15:48:12     -767.872216        0.020709
FIRE:  333 15:48:25     -767.873625        0.020230
FIRE:  334 15:48:37     -767.875330        0.019506
FIRE:  335 15:48:49     -767.877343        0.018469
FIRE:  336 15:49:01     -767.879743        0.017060
FIRE:  337 15:49:14     -767.882561        0.016934
FIRE:  338 15:49:26     -767.885791        0.015905
FIRE:  339 15:49:38     -767.889234        0.013012
FIRE:  340 15:49:51     -767.892587        0.009619
MACE calculation complete. Energy written to MACE_OUTCAR: -767.892587 eV
Job ended on: Tue 10 Jun 14:50:08 UTC 2025
