Si Bulk DFT energetics calculations using VASP
Running on host: comp159
Working directory: /lustre/projects/Research_Project-T127870/ah1365/task/investigate_artimus/SiGe/20250404210804/DRUN_MLP_MACE/20250427231949/D32/DSHIFT/D02
Job started on: Mon 28 Apr 00:43:05 UTC 2025
cuequivariance or cuequivariance_torch is not available. Cuequivariance acceleration will be disabled.
Using Materials Project MACE for MACECalculator with /lustre/home/ah1365/.cache/mace/MACE_MPtrj_20229model
Using float64 for MACECalculator, which is slower but more accurate. Recommended for geometry optimization.
Using TorchDFTD3Calculator for D3 dispersion corrections
      Step     Time          Energy          fmax
FIRE:    0 01:43:20     -471.625369        3.245437
FIRE:    1 01:43:27     -472.683660        2.329856
FIRE:    2 01:43:35     -473.880540        1.503009
FIRE:    3 01:43:42     -474.607026        1.083993
FIRE:    4 01:43:49     -475.061879        0.901182
FIRE:    5 01:43:57     -475.408354        1.036192
FIRE:    6 01:44:04     -475.725055        1.009580
FIRE:    7 01:44:11     -476.013442        0.844661
FIRE:    8 01:44:19     -476.250920        0.607419
FIRE:    9 01:44:26     -476.413699        0.470710
FIRE:   10 01:44:33     -476.485630        0.552075
FIRE:   11 01:44:40     -476.508834        0.538928
FIRE:   12 01:44:48     -476.552077        0.512935
FIRE:   13 01:44:55     -476.609622        0.474721
FIRE:   14 01:45:02     -476.674449        0.425311
FIRE:   15 01:45:10     -476.739669        0.366295
FIRE:   16 01:45:17     -476.799832        0.300149
FIRE:   17 01:45:24     -476.851774        0.230741
FIRE:   18 01:45:32     -476.899071        0.181324
FIRE:   19 01:45:39     -476.940726        0.190558
FIRE:   20 01:45:46     -476.977642        0.189962
FIRE:   21 01:45:54     -477.011146        0.188391
FIRE:   22 01:46:01     -477.042014        0.215486
FIRE:   23 01:46:08     -477.071420        0.269402
FIRE:   24 01:46:15     -477.103965        0.303224
FIRE:   25 01:46:23     -477.146890        0.271104
FIRE:   26 01:46:30     -477.201129        0.157677
FIRE:   27 01:46:37     -477.250971        0.128535
FIRE:   28 01:46:45     -477.281302        0.169127
FIRE:   29 01:46:52     -477.305932        0.218245
FIRE:   30 01:46:59     -477.336106        0.181512
FIRE:   31 01:47:07     -477.367694        0.195392
FIRE:   32 01:47:14     -477.390572        0.147015
FIRE:   33 01:47:21     -477.399714        0.137487
FIRE:   34 01:47:28     -477.414109        0.120321
FIRE:   35 01:47:36     -477.428990        0.097319
FIRE:   36 01:47:43     -477.441730        0.086244
FIRE:   37 01:47:50     -477.452364        0.078312
FIRE:   38 01:47:58     -477.461869        0.074881
FIRE:   39 01:48:05     -477.470864        0.076659
FIRE:   40 01:48:12     -477.480223        0.070869
FIRE:   41 01:48:20     -477.489330        0.068561
FIRE:   42 01:48:27     -477.498480        0.071459
FIRE:   43 01:48:34     -477.508584        0.061540
FIRE:   44 01:48:41     -477.519799        0.046075
FIRE:   45 01:48:49     -477.533130        0.048544
FIRE:   46 01:48:56     -477.548583        0.058641
FIRE:   47 01:49:03     -477.566869        0.067654
FIRE:   48 01:49:11     -477.589341        0.075402
FIRE:   49 01:49:18     -477.613250        0.055396
FIRE:   50 01:49:25     -477.638755        0.048966
FIRE:   51 01:49:33     -477.664304        0.053358
FIRE:   52 01:49:40     -477.696139        0.050956
FIRE:   53 01:49:47     -477.731424        0.057401
FIRE:   54 01:49:54     -477.767502        0.052258
FIRE:   55 01:50:02     -477.800833        0.041521
FIRE:   56 01:50:09     -477.831994        0.042885
FIRE:   57 01:50:16     -477.861242        0.033287
FIRE:   58 01:50:24     -477.886662        0.033991
FIRE:   59 01:50:31     -477.906921        0.049081
FIRE:   60 01:50:38     -477.920875        0.096248
FIRE:   61 01:50:46     -477.928625        0.156074
FIRE:   62 01:50:53     -477.877775        0.569333
FIRE:   63 01:51:00     -477.934974        0.111269
FIRE:   64 01:51:08     -477.936095        0.081401
FIRE:   65 01:51:15     -477.937344        0.032306
FIRE:   66 01:51:22     -477.937802        0.038718
FIRE:   67 01:51:30     -477.937865        0.036520
FIRE:   68 01:51:37     -477.937983        0.032415
FIRE:   69 01:51:44     -477.938143        0.027037
FIRE:   70 01:51:52     -477.938333        0.024028
FIRE:   71 01:51:59     -477.938541        0.021916
FIRE:   72 01:52:07     -477.938758        0.021000
FIRE:   73 01:52:14     -477.938990        0.021239
FIRE:   74 01:52:21     -477.939280        0.023214
FIRE:   75 01:52:29     -477.939654        0.024567
FIRE:   76 01:52:36     -477.940128        0.023251
FIRE:   77 01:52:43     -477.940715        0.022997
FIRE:   78 01:52:51     -477.941401        0.023079
FIRE:   79 01:52:58     -477.942192        0.023964
FIRE:   80 01:53:05     -477.943124        0.024430
FIRE:   81 01:53:13     -477.944246        0.022513
FIRE:   82 01:53:20     -477.945537        0.019177
FIRE:   83 01:53:27     -477.946974        0.022745
FIRE:   84 01:53:35     -477.948628        0.022485
FIRE:   85 01:53:42     -477.950471        0.023403
FIRE:   86 01:53:50     -477.952497        0.025405
FIRE:   87 01:53:57     -477.954683        0.021198
FIRE:   88 01:54:04     -477.956983        0.019370
FIRE:   89 01:54:12     -477.959248        0.024842
FIRE:   90 01:54:19     -477.961353        0.024328
FIRE:   91 01:54:26     -477.963039        0.034666
FIRE:   92 01:54:34     -477.963954        0.060666
FIRE:   93 01:54:41     -477.964418        0.015270
FIRE:   94 01:54:48     -477.964358        0.043925
FIRE:   95 01:54:56     -477.964438        0.035772
FIRE:   96 01:55:03     -477.964548        0.021234
FIRE:   97 01:55:10     -477.964628        0.009673
MACE calculation complete. Energy written to MACE_OUTCAR: -477.964628 eV
Job ended on: Mon 28 Apr 00:55:11 UTC 2025
