Job started on: Thu Jun 12 01:31:32 PM UTC 2025\n
cuequivariance or cuequivariance_torch is not available. Cuequivariance acceleration will be disabled.
Using Materials Project MACE for MACECalculator with /home/alexander/.cache/mace/MACE_MPtrj_20229model
Using float64 for MACECalculator, which is slower but more accurate. Recommended for geometry optimization.
Using head Default out of ['Default']
Using TorchDFTD3Calculator for D3 dispersion corrections
      Step     Time          Energy          fmax
FIRE:    0 14:31:40    14188.849233   187810.563009
FIRE:    1 14:31:40      151.620806     1067.423962
FIRE:    2 14:31:42      317.789654      554.755382
FIRE:    3 14:31:45      114.719001      968.819275
FIRE:    4 14:31:46      236.371747      360.564669
FIRE:    5 14:31:46       82.467722      529.291819
FIRE:    6 14:31:48     3211.551080    70519.657585
FIRE:    7 14:31:48      163.846995      620.050170
FIRE:    8 14:31:49      146.581849      940.566600
FIRE:    9 14:31:49      104.623884     1211.666266
FIRE:   10 14:31:49       63.627201      887.264206
FIRE:   11 14:31:50      -27.394167     5080.586480
FIRE:   12 14:31:50      -40.042426     1117.311724
FIRE:   13 14:31:50      -25.350859     3846.174617
FIRE:   14 14:31:51      -33.230225     1933.569788
FIRE:   15 14:31:51      -44.209645     1197.343746
FIRE:   16 14:31:52      -53.610810     1173.026726
FIRE:   17 14:31:52      -54.173100      983.524027
FIRE:   18 14:31:52      -54.585730      649.734457
FIRE:   19 14:31:53      -54.881408      807.639642
FIRE:   20 14:31:53      -55.268763      810.640308
FIRE:   21 14:31:53      -55.664105     1224.406171
FIRE:   22 14:31:54      -56.235117      818.717396
FIRE:   23 14:31:54      -56.868878      681.806225
FIRE:   24 14:31:55      -57.533014      492.466455
FIRE:   25 14:31:55      -58.249092      663.173968
FIRE:   26 14:31:55      -59.328917      435.685312
FIRE:   27 14:31:56      -60.465562      734.174159
FIRE:   28 14:31:56      -61.994205      532.855172
FIRE:   29 14:31:57      -63.847986      408.638030
FIRE:   30 14:31:57      -65.962305      729.350508
FIRE:   31 14:31:57      -68.215975      853.466768
FIRE:   32 14:31:58      -71.674861      419.597579
FIRE:   33 14:31:58      -75.009996     1197.258708
FIRE:   34 14:31:58      -79.045868      791.594397
FIRE:   35 14:31:59      -82.695870     1036.558844
FIRE:   36 14:31:59      -91.444058      449.657332
FIRE:   37 14:32:00      -97.106762      614.266600
FIRE:   38 14:32:00     -106.250158     1034.033446
FIRE:   39 14:32:01     -114.224150      797.193873
FIRE:   40 14:32:01     -134.334789     1596.109652
FIRE:   41 14:32:01      -37.496732    15336.016500
FIRE:   42 14:32:02     -136.047955      844.878296
FIRE:   43 14:32:02     -136.474997      867.242230
FIRE:   44 14:32:02     -137.372338      913.685241
FIRE:   45 14:32:03     -138.867043      987.672260
FIRE:   46 14:32:03     -140.810328     1094.374533
FIRE:   47 14:32:04     -142.807419     1279.687078
FIRE:   48 14:32:04     -146.776663     1436.453290
FIRE:   49 14:32:04     -151.634118     1700.025653
FIRE:   50 14:32:05     -146.687667     3781.496724
FIRE:   51 14:32:05     -149.111906     3695.771109
FIRE:   52 14:32:05     -153.754950     3589.929243
FIRE:   53 14:32:06     -154.175546     1775.617776
FIRE:   54 14:32:06     -154.298202     1781.662636
FIRE:   55 14:32:07     -154.544003     1794.787761
FIRE:   56 14:32:07     -154.914125     1822.285187
FIRE:   57 14:32:07     -155.417333     1929.819764
FIRE:   58 14:32:08     -156.138334     2353.311177
FIRE:   59 14:32:08     -155.936873     3870.635204
FIRE:   60 14:32:08     -156.091340     3654.192330
FIRE:   61 14:32:09     -156.345486     2673.204963
FIRE:   62 14:32:09     -156.502261      454.531139
FIRE:   63 14:32:10     -156.433317     1828.960332
FIRE:   64 14:32:10     -156.440582     1781.917461
FIRE:   65 14:32:10     -156.454307     1682.016433
FIRE:   66 14:32:11     -156.472814     1518.717530
FIRE:   67 14:32:11     -156.493482     1279.824478
FIRE:   68 14:32:11     -156.512879      958.001404
FIRE:   69 14:32:12     -156.527356      563.009678
FIRE:   70 14:32:12     -156.534427      414.776455
FIRE:   71 14:32:12     -156.534796      802.688876
FIRE:   72 14:32:13     -156.535228      792.915700
FIRE:   73 14:32:13     -156.536073      773.609054
FIRE:   74 14:32:14     -156.537294      745.263197
FIRE:   75 14:32:14     -156.538841      708.641366
FIRE:   76 14:32:14     -156.540652      664.790828
FIRE:   77 14:32:15     -156.542663      615.058985
FIRE:   78 14:32:15     -156.544810      561.109053
FIRE:   79 14:32:16     -156.547280      498.886619
FIRE:   80 14:32:16     -156.550063      430.387431
FIRE:   81 14:32:16     -156.553163      359.985831
FIRE:   82 14:32:17     -156.556635      297.171544
FIRE:   83 14:32:17     -156.560634      374.108510
FIRE:   84 14:32:17     -156.565452      440.603918
FIRE:   85 14:32:18     -156.571516      485.307027
FIRE:   86 14:32:18     -156.579322      497.945926
FIRE:   87 14:32:18     -156.589311      470.261401
FIRE:   88 14:32:19     -156.601724      399.108995
FIRE:   89 14:32:19     -156.616577      297.352221
FIRE:   90 14:32:20     -156.634011      393.223667
FIRE:   91 14:32:20     -156.654921      471.897769
FIRE:   92 14:32:20     -156.680963      479.409072
FIRE:   93 14:32:21     -156.713302      396.095399
FIRE:   94 14:32:21     -156.752030      321.905688
FIRE:   95 14:32:21     -156.798520      421.064566
FIRE:   96 14:32:22     -156.856028      366.925193
FIRE:   97 14:32:22     -156.925639      383.238615
FIRE:   98 14:32:22     -157.009662      453.264547
FIRE:   99 14:32:23     -157.112647      298.354917
FIRE:  100 14:32:23     -157.236673      408.034135
FIRE:  101 14:32:24     -157.387961      403.690639
FIRE:  102 14:32:24     -157.571379      361.489210
FIRE:  103 14:32:24     -157.793167      441.330279
FIRE:  104 14:32:25     -158.059605      656.368323
FIRE:  105 14:32:25     -158.365311     1100.916348
FIRE:  106 14:32:25     -158.664271     2248.093136
FIRE:  107 14:32:26     -158.764048     2337.820216
FIRE:  108 14:32:26     -159.001015     2294.345165
FIRE:  109 14:32:26     -159.200568     1392.846073
FIRE:  110 14:32:27     -159.218834     1055.770024
FIRE:  111 14:32:27     -159.238235      505.957497
FIRE:  112 14:32:28     -159.245384      609.832743
FIRE:  113 14:32:28     -159.246516      585.659088
FIRE:  114 14:32:28     -159.248668      538.803241
FIRE:  115 14:32:29     -159.251649      472.619358
FIRE:  116 14:32:29     -159.255241      392.862198
FIRE:  117 14:32:29     -159.259271      308.289265
FIRE:  118 14:32:30     -159.263679      344.287186
FIRE:  119 14:32:31     -159.268538      405.778358
FIRE:  120 14:32:31     -159.274644      456.816846
FIRE:  121 14:32:31     -159.282535      482.935198
FIRE:  122 14:32:32     -159.292785      472.027455
FIRE:  123 14:32:32     -159.305809      419.989157
FIRE:  124 14:32:33     -159.321806      339.104247
FIRE:  125 14:32:33     -159.341110      332.973282
FIRE:  126 14:32:33     -159.364793      398.150925
FIRE:  127 14:32:34     -159.394490      384.350749
FIRE:  128 14:32:34     -159.431274      297.415031
FIRE:  129 14:32:35     -159.475816      400.639823
FIRE:  130 14:32:35     -159.530567      423.893507
FIRE:  131 14:32:35     -159.598108      316.254756
FIRE:  132 14:32:36     -159.679995      379.486656
FIRE:  133 14:32:36     -159.780791      298.191098
FIRE:  134 14:32:37     -159.903130      429.878825
FIRE:  135 14:32:37     -160.052938      312.943042
FIRE:  136 14:32:37     -160.235224      318.796937
FIRE:  137 14:32:38     -160.456692      470.167080
FIRE:  138 14:32:38     -160.722795      646.188351
FIRE:  139 14:32:38     -161.024319     1279.534112
FIRE:  140 14:32:39     -161.271294     2173.820537
FIRE:  141 14:32:39     -161.561421     3360.253839
FIRE:  142 14:32:39     -161.869273      429.082405
FIRE:  143 14:32:40     -161.872584      377.824427
FIRE:  144 14:32:40     -161.878791      292.558259
FIRE:  145 14:32:41     -161.887548      358.752692
FIRE:  146 14:32:41     -161.899001      413.817226
FIRE:  147 14:32:41     -161.913556      421.613330
FIRE:  148 14:32:42     -161.931268      379.689126
FIRE:  149 14:32:42     -161.951782      314.000100
FIRE:  150 14:32:42     -161.977561      330.492200
FIRE:  151 14:32:43     -162.010227      351.055027
FIRE:  152 14:32:43     -162.051563      288.503368
FIRE:  153 14:32:43     -162.102947      370.288952
FIRE:  154 14:32:44     -162.167017      381.469136
FIRE:  155 14:32:44     -162.246716      288.195519
FIRE:  156 14:32:45     -162.345148      333.430079
FIRE:  157 14:32:45     -162.466865      366.137820
FIRE:  158 14:32:46     -162.616837      334.596249
FIRE:  159 14:32:46     -162.801031      353.167523
FIRE:  160 14:32:47     -163.026459      485.105414
FIRE:  161 14:32:47     -163.297071      731.949173
FIRE:  162 14:32:47     -163.585848     1657.041354
FIRE:  163 14:32:48     -163.730122     2401.116131
FIRE:  164 14:32:48     -163.941922     1843.572090
FIRE:  165 14:32:49     -163.962067     2115.386304
FIRE:  166 14:32:49     -164.004401     1627.991194
FIRE:  167 14:32:49     -164.048938      741.899175
FIRE:  168 14:32:50     -164.056906      742.946073
FIRE:  169 14:32:50     -164.058299      712.655682
FIRE:  170 14:32:50     -164.060910      653.422825
FIRE:  171 14:32:51     -164.064428      568.407219
FIRE:  172 14:32:51     -164.068484      463.370127
FIRE:  173 14:32:51     -164.072760      347.828949
FIRE:  174 14:32:52     -164.077104      326.289269
FIRE:  175 14:32:52     -164.081595      414.451231
FIRE:  176 14:32:53     -164.087061      492.802340
FIRE:  177 14:32:53     -164.094171      541.070005
FIRE:  178 14:32:53     -164.103684      541.706864
FIRE:  179 14:32:54     -164.116101      485.054610
FIRE:  180 14:32:54     -164.131421      379.203669
FIRE:  181 14:32:54     -164.149504      314.663952
FIRE:  182 14:32:55     -164.171138      428.611837
FIRE:  183 14:32:55     -164.198355      451.109560
FIRE:  184 14:32:56     -164.232695      349.988098
FIRE:  185 14:32:56     -164.274064      378.644231
FIRE:  186 14:32:56     -164.324077      473.426849
FIRE:  187 14:32:57     -164.386614      378.859785
FIRE:  188 14:32:57     -164.462076      384.900135
FIRE:  189 14:32:57     -164.554625      377.464033
FIRE:  190 14:32:58     -164.667437      428.470825
FIRE:  191 14:32:58     -164.805327      367.929992
FIRE:  192 14:32:58     -164.972333      452.199214
FIRE:  193 14:32:59     -165.175773      508.068904
FIRE:  194 14:32:59     -165.421544      535.295723
FIRE:  195 14:33:00     -165.712611      865.895362
FIRE:  196 14:33:00     -166.010911     1686.453286
FIRE:  197 14:33:00     -166.201621     3293.357929
FIRE:  198 14:33:01     -166.494246      354.920281
FIRE:  199 14:33:02     -166.345785     2262.288348
FIRE:  200 14:33:02     -166.396670     2100.107846
FIRE:  201 14:33:02     -166.479276     1575.283617
FIRE:  202 14:33:03     -166.538357      411.196813
FIRE:  203 14:33:03     -166.518302     1457.825269
FIRE:  204 14:33:03     -166.523700     1372.765113
FIRE:  205 14:33:04     -166.533164     1207.976807
FIRE:  206 14:33:04     -166.544395      976.006761
FIRE:  207 14:33:04     -166.554825      699.401847
FIRE:  208 14:33:05     -166.562506      415.804539
FIRE:  209 14:33:05     -166.566991      406.856828
FIRE:  210 14:33:06     -166.569613      634.451559
FIRE:  211 14:33:06     -166.572805      799.262573
FIRE:  212 14:33:06     -166.578923      879.899664
FIRE:  213 14:33:07     -166.589877      859.143914
FIRE:  214 14:33:07     -166.606082      719.222935
FIRE:  215 14:33:07     -166.625528      451.952588
FIRE:  216 14:33:08     -166.644624      434.137467
FIRE:  217 14:33:08     -166.663730      705.496161
FIRE:  218 14:33:09     -166.690134      771.362722
FIRE:  219 14:33:09     -166.727894      550.237640
FIRE:  220 14:33:09     -166.770030      408.646842
FIRE:  221 14:33:10     -166.816621      678.082243
FIRE:  222 14:33:10     -166.880349      518.470172
FIRE:  223 14:33:10     -166.954972      532.645645
FIRE:  224 14:33:11     -167.044044      641.410223
FIRE:  225 14:33:11     -167.155864      465.336226
FIRE:  226 14:33:11     -167.289246      529.892006
FIRE:  227 14:33:12     -167.449590      717.791999
FIRE:  228 14:33:12     -167.648658      522.376451
FIRE:  229 14:33:13     -167.888949      412.708237
FIRE:  230 14:33:13     -168.181851      362.024400
FIRE:  231 14:33:13     -168.537710      645.498163
FIRE:  232 14:33:14     -168.906040     1736.022920
FIRE:  233 14:33:14     -168.838530     3837.569344
FIRE:  234 14:33:14     -169.483036      885.136025
FIRE:  235 14:33:15     -169.139763     2440.211864
FIRE:  236 14:33:15     -169.217371     2444.011136
FIRE:  237 14:33:16     -169.367966     2247.356629
FIRE:  238 14:33:16     -169.527895     1070.444164
FIRE:  239 14:33:16     -169.504206     1789.900564
FIRE:  240 14:33:17     -169.514636     1658.087261
FIRE:  241 14:33:17     -169.532221     1400.825600
FIRE:  242 14:33:18     -169.551406     1038.657877
FIRE:  243 14:33:18     -169.566396      617.230462
FIRE:  244 14:33:18     -169.573855      343.506458
FIRE:  245 14:33:19     -169.575241      706.306050
FIRE:  246 14:33:19     -169.575664      697.103392
FIRE:  247 14:33:19     -169.576492      678.836202
FIRE:  248 14:33:20     -169.577696      651.806294
FIRE:  249 14:33:20     -169.579230      616.512772
FIRE:  250 14:33:21     -169.581041      573.694820
FIRE:  251 14:33:21     -169.583072      524.383351
FIRE:  252 14:33:21     -169.585270      469.958239
FIRE:  253 14:33:22     -169.587836      405.901427
FIRE:  254 14:33:22     -169.590788      333.571682
FIRE:  255 14:33:22     -169.594164      312.496494
FIRE:  256 14:33:23     -169.598065      368.726401
FIRE:  257 14:33:23     -169.602710      432.212679
FIRE:  258 14:33:24     -169.608455      481.794307
FIRE:  259 14:33:24     -169.615774      505.625659
FIRE:  260 14:33:24     -169.625147      493.712473
FIRE:  261 14:33:25     -169.636908      441.707190
FIRE:  262 14:33:25     -169.651177      357.196759
FIRE:  263 14:33:26     -169.668096      313.104914
FIRE:  264 14:33:26     -169.688370      393.875284
FIRE:  265 14:33:26     -169.713428      420.257321
FIRE:  266 14:33:27     -169.744597      355.026195
FIRE:  267 14:33:27     -169.782322      333.114170
FIRE:  268 14:33:28     -169.827588      433.694458
FIRE:  269 14:33:28     -169.883349      411.857576
FIRE:  270 14:33:28     -169.951279      314.032120
FIRE:  271 14:33:29     -170.033217      393.657546
FIRE:  272 14:33:29     -170.133756      314.380808
FIRE:  273 14:33:29     -170.255024      438.378718
FIRE:  274 14:33:30     -170.403155      315.782469
FIRE:  275 14:33:30     -170.582698      332.825495
FIRE:  276 14:33:31     -170.800109      488.403624
FIRE:  277 14:33:31     -171.061458      621.516314
FIRE:  278 14:33:32     -171.365009     1081.211783
FIRE:  279 14:33:32     -171.657818     1933.638377
FIRE:  280 14:33:33     -171.890504     3309.368211
FIRE:  281 14:33:33     -172.193436      360.962914
FIRE:  282 14:33:33     -172.037623     2305.936343
FIRE:  283 14:33:34     -172.091403     2141.093172
FIRE:  284 14:33:34     -172.178533     1596.635681
FIRE:  285 14:33:34     -172.239255      377.540226
FIRE:  286 14:33:35     -172.215807     1520.791657
FIRE:  287 14:33:35     -172.221799     1430.871722
FIRE:  288 14:33:36     -172.232278     1256.185003
FIRE:  289 14:33:36     -172.244646     1009.382009
FIRE:  290 14:33:36     -172.255990      714.035856
FIRE:  291 14:33:37     -172.264110      410.415122
FIRE:  292 14:33:37     -172.268555      431.814672
FIRE:  293 14:33:37     -172.270920      671.639455
FIRE:  294 14:33:38     -172.273935      841.696198
FIRE:  295 14:33:38     -172.280214      921.351363
FIRE:  296 14:33:39     -172.291790      893.230882
FIRE:  297 14:33:39     -172.308968      738.497758
FIRE:  298 14:33:39     -172.329308      448.195754
FIRE:  299 14:33:40     -172.348743      460.158472
FIRE:  300 14:33:40     -172.368016      742.459772
FIRE:  301 14:33:40     -172.395409      797.629659
FIRE:  302 14:33:41     -172.434769      548.578036
FIRE:  303 14:33:41     -172.477805      441.845653
FIRE:  304 14:33:42     -172.525499      709.411918
FIRE:  305 14:33:42     -172.591610      515.129271
FIRE:  306 14:33:42     -172.667783      573.400548
FIRE:  307 14:33:43     -172.759727      650.364027
FIRE:  308 14:33:43     -172.874143      515.921426
FIRE:  309 14:33:44     -173.011673      524.350652
FIRE:  310 14:33:44     -173.175066      779.070277
FIRE:  311 14:33:44     -173.379326      600.356727
FIRE:  312 14:33:45     -173.625535      480.932115
FIRE:  313 14:33:45     -173.923633      516.238348
FIRE:  314 14:33:45     -174.270472     1165.859591
FIRE:  315 14:33:46     -174.502296     2384.254718
FIRE:  316 14:33:46     -174.703177     1284.004704
FIRE:  317 14:33:47     -174.614464     2587.252426
FIRE:  318 14:33:47     -174.685588     1996.505747
FIRE:  319 14:33:48     -174.758190      808.209828
FIRE:  320 14:33:48     -174.760448     1011.613107
FIRE:  321 14:33:48     -174.763038      964.054079
FIRE:  322 14:33:49     -174.767766      869.996380
FIRE:  323 14:33:49     -174.773813      732.654007
FIRE:  324 14:33:50     -174.780195      559.420119
FIRE:  325 14:33:50     -174.786053      365.079977
FIRE:  326 14:33:50     -174.791022      373.659394
FIRE:  327 14:33:51     -174.795458      522.973336
FIRE:  328 14:33:51     -174.800793      643.185664
FIRE:  329 14:33:51     -174.808447      702.777784
FIRE:  330 14:33:52     -174.819703      677.857697
FIRE:  331 14:33:52     -174.834826      558.508844
FIRE:  332 14:33:52     -174.852702      366.977534
FIRE:  333 14:33:53     -174.872287      413.926796
FIRE:  334 14:33:53     -174.895403      566.291481
FIRE:  335 14:33:54     -174.925965      551.048396
FIRE:  336 14:33:54     -174.964919      341.896487
FIRE:  337 14:33:54     -175.009772      484.661682
FIRE:  338 14:33:55     -175.064506      571.105089
FIRE:  339 14:33:55     -175.134267      340.673371
FIRE:  340 14:33:56     -175.215931      517.390149
FIRE:  341 14:33:56     -175.318620      367.729809
FIRE:  342 14:33:56     -175.440936      574.732073
FIRE:  343 14:33:57     -175.593168      333.845942
FIRE:  344 14:33:57     -175.775873      495.925283
FIRE:  345 14:33:57     -175.996039      725.661889
FIRE:  346 14:33:58     -176.255896      965.297170
FIRE:  347 14:33:58     -176.547035     1545.899066
FIRE:  348 14:33:59     -176.778096     2310.255390
FIRE:  349 14:33:59     -176.938317     1301.151144
FIRE:  350 14:33:59     -176.906472     2089.044240
FIRE:  351 14:34:00     -176.945101     1652.662843
FIRE:  352 14:34:00     -176.988791      838.905360
FIRE:  353 14:34:00     -177.001365      624.052746
FIRE:  354 14:34:01     -177.002390      601.929244
FIRE:  355 14:34:01     -177.004351      558.818037
FIRE:  356 14:34:02     -177.007089      497.234808
FIRE:  357 14:34:02     -177.010418      421.393858
FIRE:  358 14:34:03     -177.014176      339.148693
FIRE:  359 14:34:03     -177.018279      338.597771
FIRE:  360 14:34:03     -177.022748      372.858631
FIRE:  361 14:34:04     -177.028261      432.367162
FIRE:  362 14:34:04     -177.035273      473.497307
FIRE:  363 14:34:04     -177.044348      483.240339
FIRE:  364 14:34:05     -177.056004      452.644715
FIRE:  365 14:34:05     -177.070553      383.138179
FIRE:  366 14:34:06     -177.088201      338.954742
FIRE:  367 14:34:06     -177.109555      365.836570
FIRE:  368 14:34:06     -177.136013      403.922713
FIRE:  369 14:34:07     -177.169115      351.024972
FIRE:  370 14:34:07     -177.209613      339.069210
FIRE:  371 14:34:08     -177.258707      424.191888
FIRE:  372 14:34:08     -177.319428      392.804418
FIRE:  373 14:34:08     -177.393610      340.308159
FIRE:  374 14:34:09     -177.483966      371.936567
FIRE:  375 14:34:09     -177.594807      353.011352
FIRE:  376 14:34:09     -177.729632      404.100584
FIRE:  377 14:34:10     -177.894049      384.478390
FIRE:  378 14:34:10     -178.094641      368.642384
FIRE:  379 14:34:10     -178.338882      343.195587
FIRE:  380 14:34:11     -178.636498      344.544535
FIRE:  381 14:34:11     -178.998085      503.960911
FIRE:  382 14:34:12     -179.414223     1210.269515
FIRE:  383 14:34:12     -179.609146     3427.010053
FIRE:  384 14:34:12     -179.963980      359.063530
FIRE:  385 14:34:13     -179.967357      349.253157
FIRE:  386 14:34:13     -179.973947      348.915679
FIRE:  387 14:34:13     -179.983628      348.576640
FIRE:  388 14:34:14     -179.996472      376.003069
FIRE:  389 14:34:14     -180.012630      376.233885
FIRE:  390 14:34:15     -180.032096      348.729891
FIRE:  391 14:34:15     -180.054728      349.137799
FIRE:  392 14:34:15     -180.083430      349.518416
FIRE:  393 14:34:16     -180.119784      349.657152
FIRE:  394 14:34:16     -180.165560      349.489745
FIRE:  395 14:34:17     -180.222706      355.479978
FIRE:  396 14:34:17     -180.294025      349.643648
FIRE:  397 14:34:18     -180.382582      350.440914
FIRE:  398 14:34:18     -180.492285      350.789091
FIRE:  399 14:34:18     -180.627783      360.607841
FIRE:  400 14:34:19     -180.794907      351.751526
FIRE:  401 14:34:19     -181.000542      352.392047
FIRE:  402 14:34:19     -181.253156      365.502198
FIRE:  403 14:34:20     -181.562198      451.323451
FIRE:  404 14:34:20     -181.925363     1075.693722
FIRE:  405 14:34:21     -182.187859     2377.971657
FIRE:  406 14:34:21     -182.275910     3750.251343
FIRE:  407 14:34:21     -182.896485     1089.729545
FIRE:  408 14:34:22     -182.563234     2533.723636
FIRE:  409 14:34:22     -182.645121     2521.172513
FIRE:  410 14:34:22     -182.801016     2256.987962
FIRE:  411 14:34:23     -182.954985      929.167310
FIRE:  412 14:34:23     -182.917009     1902.352836
FIRE:  413 14:34:23     -182.928639     1769.314615
FIRE:  414 14:34:24     -182.948411     1506.646876
FIRE:  415 14:34:24     -182.970274     1130.351646
FIRE:  416 14:34:25     -182.987666      682.248878
FIRE:  417 14:34:25     -182.996462      359.444805
FIRE:  418 14:34:25     -182.997866      723.798512
FIRE:  419 14:34:26     -182.998302      714.456416
FIRE:  420 14:34:26     -182.999156      695.911191
FIRE:  421 14:34:26     -183.000398      668.465694
FIRE:  422 14:34:27     -183.001982      632.618557
FIRE:  423 14:34:27     -183.003855      589.103947
FIRE:  424 14:34:27     -183.005959      538.938436
FIRE:  425 14:34:28     -183.008237      483.471217
FIRE:  426 14:34:28     -183.010904      417.972612
FIRE:  427 14:34:29     -183.013976      359.637866
FIRE:  428 14:34:29     -183.017495      359.154476
FIRE:  429 14:34:29     -183.021565      370.556267
FIRE:  430 14:34:30     -183.026405      436.518883
FIRE:  431 14:34:30     -183.032378      488.583622
FIRE:  432 14:34:30     -183.039970      514.925372
FIRE:  433 14:34:31     -183.049687      505.296604
FIRE:  434 14:34:31     -183.061896      454.624034
FIRE:  435 14:34:32     -183.076742      369.062579
FIRE:  436 14:34:32     -183.094370      359.634136
FIRE:  437 14:34:33     -183.115465      397.079497
FIRE:  438 14:34:33     -183.141480      430.294478
FIRE:  439 14:34:34     -183.173856      369.560808
FIRE:  440 14:34:34     -183.213128      359.608232
FIRE:  441 14:34:34     -183.260214      437.101290
FIRE:  442 14:34:35     -183.318123      426.154102
FIRE:  443 14:34:35     -183.388818      360.506735
FIRE:  444 14:34:36     -183.473995      402.101732
FIRE:  445 14:34:36     -183.578532      361.071370
FIRE:  446 14:34:36     -183.704632      446.951137
FIRE:  447 14:34:37     -183.858723      362.128736
FIRE:  448 14:34:37     -184.045297      364.265648
FIRE:  449 14:34:37     -184.271296      505.599107
FIRE:  450 14:34:38     -184.543328      613.486677
FIRE:  451 14:34:38     -184.861644     1025.789186
FIRE:  452 14:34:39     -185.180359     1882.803435
FIRE:  453 14:34:39     -185.417023     3273.230601
FIRE:  454 14:34:39     -185.721849      511.906570
FIRE:  455 14:34:40     -185.561925     2377.459305
FIRE:  456 14:34:40     -185.617935     2200.148119
FIRE:  457 14:34:41     -185.707955     1626.001741
FIRE:  458 14:34:41     -185.769586      370.656754
FIRE:  459 14:34:42     -185.745948     1533.068757
FIRE:  460 14:34:42     -185.751910     1445.997829
FIRE:  461 14:34:42     -185.762398     1276.178259
FIRE:  462 14:34:43     -185.774903     1034.585552
FIRE:  463 14:34:43     -185.786569      742.296849
FIRE:  464 14:34:44     -185.795158      435.487783
FIRE:  465 14:34:44     -185.800073      416.796449
FIRE:  466 14:34:44     -185.802763      665.934240
FIRE:  467 14:34:45     -185.805955      845.880452
FIRE:  468 14:34:45     -185.812330      934.716701
FIRE:  469 14:34:46     -185.824070      914.193095
FIRE:  470 14:34:46     -185.841654      765.076638
FIRE:  471 14:34:46     -185.862786      477.007188
FIRE:  472 14:34:47     -185.883328      444.447102
FIRE:  473 14:34:47     -185.903579      738.577678
FIRE:  474 14:34:48     -185.931683      812.301005
FIRE:  475 14:34:48     -185.972287      580.144608
FIRE:  476 14:34:49     -186.017568      418.504540
FIRE:  477 14:34:49     -186.067147      716.363710
FIRE:  478 14:34:49     -186.135367      550.619695
FIRE:  479 14:34:50     -186.215295      548.774736
FIRE:  480 14:34:50     -186.310290      675.019495
FIRE:  481 14:34:51     -186.430106      476.476865
FIRE:  482 14:34:51     -186.572516      562.330116
FIRE:  483 14:34:51     -186.744017      744.436675
FIRE:  484 14:34:52     -186.957137      527.910215
FIRE:  485 14:34:52     -187.214285      401.457384
FIRE:  486 14:34:53     -187.528230      374.017647
FIRE:  487 14:34:53     -187.912512      480.505074
FIRE:  488 14:34:54     -188.360069     1205.212528
FIRE:  489 14:34:54     -188.503197     3552.616948
FIRE:  490 14:34:54     -188.950478      378.632141
FIRE:  491 14:34:55     -188.954316      378.429736
FIRE:  492 14:34:55     -188.961792      378.103533
FIRE:  493 14:34:56     -188.972780      377.796105
FIRE:  494 14:34:56     -188.987401      377.658944
FIRE:  495 14:34:56     -189.005814      377.774177
FIRE:  496 14:34:57     -189.027949      378.101912
FIRE:  497 14:34:57     -189.053647      378.490330
FIRE:  498 14:34:58     -189.086294      378.778288
FIRE:  499 14:34:58     -189.127691      378.788985
FIRE:  500 14:34:58     -189.179705      378.577685
FIRE:  501 14:34:59     -189.244688      378.558646
FIRE:  502 14:34:59     -189.325821      379.103930
FIRE:  503 14:34:59     -189.426446      379.764250
FIRE:  504 14:35:00     -189.551202      379.750799
FIRE:  505 14:35:00     -189.705214      379.992415
FIRE:  506 14:35:01     -189.894999      381.279872
FIRE:  507 14:35:01     -190.128251      407.371634
FIRE:  508 14:35:01     -190.413099      513.773826
FIRE:  509 14:35:02     -190.745614     1113.034685
FIRE:  510 14:35:02     -191.009419     2317.996395
FIRE:  511 14:35:02     -191.136390     3617.145071
FIRE:  512 14:35:03     -191.644621     1029.683036
FIRE:  513 14:35:03     -191.373216     2589.176881
FIRE:  514 14:35:04     -191.450773     2512.901310
FIRE:  515 14:35:04     -191.589373     2081.474617
FIRE:  516 14:35:04     -191.705253      641.115628
FIRE:  517 14:35:05     -191.663555     1845.000694
FIRE:  518 14:35:05     -191.673575     1728.543025
FIRE:  519 14:35:05     -191.690904     1498.122913
FIRE:  520 14:35:06     -191.710768     1165.182409
FIRE:  521 14:35:06     -191.727747      759.633505
FIRE:  522 14:35:07     -191.737905      385.992555
FIRE:  523 14:35:07     -191.741119      605.641026
FIRE:  524 14:35:07     -191.741437      599.007419
FIRE:  525 14:35:08     -191.742065      585.849951
FIRE:  526 14:35:08     -191.742987      566.405270
FIRE:  527 14:35:08     -191.744181      541.054967
FIRE:  528 14:35:09     -191.745621      510.344561
FIRE:  529 14:35:09     -191.747280      475.002214
FIRE:  530 14:35:10     -191.749129      435.954185
FIRE:  531 14:35:10     -191.751367      389.766436
FIRE:  532 14:35:10     -191.754049      386.752252
FIRE:  533 14:35:11     -191.757243      386.452530
FIRE:  534 14:35:11     -191.761059      386.144063
FIRE:  535 14:35:11     -191.765668      385.853663
FIRE:  536 14:35:12     -191.771328      421.318420
FIRE:  537 14:35:12     -191.778393      448.329313
FIRE:  538 14:35:13     -191.787278      451.701049
FIRE:  539 14:35:13     -191.798387      425.859006
FIRE:  540 14:35:13     -191.812050      386.030008
FIRE:  541 14:35:14     -191.828574      386.517562
FIRE:  542 14:35:14     -191.848491      387.007013
FIRE:  543 14:35:15     -191.872811      387.323112
FIRE:  544 14:35:15     -191.902839      387.313922
FIRE:  545 14:35:16     -191.939597      386.963595
FIRE:  546 14:35:16     -191.984001      386.522051
FIRE:  547 14:35:16     -192.038088      405.021207
FIRE:  548 14:35:17     -192.104363      387.122805
FIRE:  549 14:35:17     -192.184549      388.017772
FIRE:  550 14:35:17     -192.282349      388.186751
FIRE:  551 14:35:18     -192.401127      387.670500
FIRE:  552 14:35:18     -192.545613      388.252525
FIRE:  553 14:35:19     -192.720811      389.691905
FIRE:  554 14:35:19     -192.933792      391.593124
FIRE:  555 14:35:19     -193.192239      390.734714
FIRE:  556 14:35:20     -193.505846      390.713175
FIRE:  557 14:35:20     -193.884665      548.429969
FIRE:  558 14:35:21     -194.308800     1486.110871
FIRE:  559 14:35:21     -194.506750     2628.577434
FIRE:  560 14:35:22     -194.799814     1968.511781
FIRE:  561 14:35:22     -194.740586     2756.250160
FIRE:  562 14:35:22     -194.827051     2175.277614
FIRE:  563 14:35:23     -194.918312      878.448298
FIRE:  564 14:35:23     -194.918597     1144.512850
FIRE:  565 14:35:24     -194.922054     1086.512264
FIRE:  566 14:35:24     -194.928292      971.476996
FIRE:  567 14:35:24     -194.936098      802.944746
FIRE:  568 14:35:25     -194.944018      589.906043
FIRE:  569 14:35:25     -194.950830      395.718055
FIRE:  570 14:35:26     -194.956115      417.086298
FIRE:  571 14:35:26     -194.960578      596.064002
FIRE:  572 14:35:26     -194.966192      728.155623
FIRE:  573 14:35:27     -194.974880      780.707649
FIRE:  574 14:35:27     -194.988098      729.476840
FIRE:  575 14:35:28     -195.005690      566.324446
FIRE:  576 14:35:28     -195.025690      395.275769
FIRE:  577 14:35:28     -195.046884      495.956560
FIRE:  578 14:35:29     -195.072447      644.905322
FIRE:  579 14:35:29     -195.107277      581.516332
FIRE:  580 14:35:30     -195.150905      395.964563
FIRE:  581 14:35:30     -195.199897      563.195946
FIRE:  582 14:35:30     -195.261450      593.341043
FIRE:  583 14:35:31     -195.339071      396.477650
FIRE:  584 14:35:31     -195.429274      584.621087
FIRE:  585 14:35:32     -195.544239      396.995065
FIRE:  586 14:35:32     -195.679526      625.382602
FIRE:  587 14:35:32     -195.848581      429.868380
FIRE:  588 14:35:33     -196.052895      398.768731
FIRE:  589 14:35:33     -196.298365      703.796761
FIRE:  590 14:35:33     -196.582387     1151.868369
FIRE:  591 14:35:34     -196.881271     1988.265930
FIRE:  592 14:35:34     -197.067295     2613.796336
FIRE:  593 14:35:34     -197.306126     1832.067344
FIRE:  594 14:35:35     -197.292967     2303.629597
FIRE:  595 14:35:35     -197.343358     1838.346982
FIRE:  596 14:35:36     -197.400705      908.956420
FIRE:  597 14:35:36     -197.414333      732.104922
FIRE:  598 14:35:36     -197.415703      702.502467
