Si Bulk DFT energetics calculations using VASP
Running on host: comp127
Working directory: /lustre/home/ah1365/projects/127870/upgrade_report/case_studies/common/structures/interfaces/120_Si36C84_012_012_a0.015152_b0.123457_c1.482413_interface14shift1
Job started on: Thu  5 Jun 05:47:35 UTC 2025
cuequivariance or cuequivariance_torch is not available. Cuequivariance acceleration will be disabled.
Using Materials Project MACE for MACECalculator with /lustre/home/ah1365/.cache/mace/MACE_MPtrj_20229model
Using float64 for MACECalculator, which is slower but more accurate. Recommended for geometry optimization.
Using TorchDFTD3Calculator for D3 dispersion corrections
      Step     Time          Energy          fmax
FIRE:    0 06:48:09     -842.892853        4.143052
FIRE:    1 06:48:20     -848.158647        3.647802
FIRE:    2 06:48:31     -852.813484        3.194911
FIRE:    3 06:48:42     -856.903573        2.782616
FIRE:    4 06:48:53     -860.481390        2.587433
FIRE:    5 06:49:04     -863.590334        2.390532
FIRE:    6 06:49:14     -866.270911        2.188130
FIRE:    7 06:49:25     -868.569428        1.987629
FIRE:    8 06:49:36     -870.545895        1.794885
FIRE:    9 06:49:47     -872.263433        1.846956
FIRE:   10 06:49:58     -873.770755        1.795585
FIRE:   11 06:50:09     -875.090814        1.593969
FIRE:   12 06:50:20     -876.232889        1.266653
FIRE:   13 06:50:30     -877.217947        1.184904
FIRE:   14 06:50:41     -878.085235        1.240526
FIRE:   15 06:50:52     -878.874400        1.480572
FIRE:   16 06:51:03     -879.609903        1.556497
FIRE:   17 06:51:14     -880.294357        1.369235
FIRE:   18 06:51:25     -880.927315        1.342129
FIRE:   19 06:51:36     -881.528707        1.192916
FIRE:   20 06:51:47     -882.133336        1.242473
FIRE:   21 06:51:58     -882.771593        1.392279
FIRE:   22 06:52:08     -883.454864        1.195444
FIRE:   23 06:52:19     -884.166333        1.235885
FIRE:   24 06:52:30     -884.865461        1.264416
FIRE:   25 06:52:41     -885.501702        1.218232
FIRE:   26 06:52:52     -886.053306        1.065333
FIRE:   27 06:53:03     -886.531887        0.843371
FIRE:   28 06:53:14     -886.926583        0.727071
FIRE:   29 06:53:25     -887.198792        0.747199
FIRE:   30 06:53:36     -887.345624        1.113282
FIRE:   31 06:53:47     -887.451704        1.519295
FIRE:   32 06:53:57     -887.944931        0.704988
FIRE:   33 06:54:08     -888.198882        0.926006
FIRE:   34 06:54:19     -888.441123        0.843690
FIRE:   35 06:54:30     -888.753501        1.144057
FIRE:   36 06:54:41     -889.227816        1.562286
FIRE:   37 06:54:52     -889.840691        1.671844
FIRE:   38 06:55:03     -890.613327        2.039645
FIRE:   39 06:55:14     -891.465099        2.081240
FIRE:   40 06:55:24     -892.224248        1.754896
FIRE:   41 06:55:35     -892.744849        2.625140
FIRE:   42 06:55:46     -893.338412        2.341054
FIRE:   43 06:55:57     -893.891288        1.298925
FIRE:   44 06:56:08     -894.340641        1.874105
FIRE:   45 06:56:19     -894.908157        1.405215
FIRE:   46 06:56:29     -895.475410        1.257432
FIRE:   47 06:56:40     -895.994617        1.381949
FIRE:   48 06:56:51     -896.454423        1.696217
FIRE:   49 06:57:02     -896.922851        1.459358
FIRE:   50 06:57:13     -897.413630        0.917190
FIRE:   51 06:57:24     -897.801065        1.210153
FIRE:   52 06:57:34     -898.220950        1.523266
FIRE:   53 06:57:45     -898.750237        1.143256
FIRE:   54 06:57:56     -899.262991        1.135033
FIRE:   55 06:58:07     -899.767728        1.373940
FIRE:   56 06:58:17     -900.330232        1.252669
FIRE:   57 06:58:28     -900.879029        1.202127
FIRE:   58 06:58:39     -901.389629        1.352256
FIRE:   59 06:58:50     -901.907317        1.273755
FIRE:   60 06:59:00     -902.432265        1.009570
FIRE:   61 06:59:11     -902.948079        0.842600
FIRE:   62 06:59:22     -903.458175        0.922149
FIRE:   63 06:59:33     -903.956368        1.052576
FIRE:   64 06:59:44     -904.439371        1.216329
FIRE:   65 06:59:54     -904.930185        1.399705
FIRE:   66 07:00:05     -905.447166        1.580556
FIRE:   67 07:00:16     -905.982680        1.680464
FIRE:   68 07:00:27     -906.507480        1.577217
FIRE:   69 07:00:37     -906.982105        1.284138
FIRE:   70 07:00:48     -907.377453        0.939259
FIRE:   71 07:00:59     -907.681030        0.875893
FIRE:   72 07:01:10     -907.899275        0.969965
FIRE:   73 07:01:20     -908.062306        1.113473
FIRE:   74 07:01:31     -908.182204        1.393652
FIRE:   75 07:01:42     -908.244004        1.695593
FIRE:   76 07:01:53     -908.804680        0.811673
FIRE:   77 07:02:03     -909.115091        0.717782
FIRE:   78 07:02:14     -909.276157        0.687697
FIRE:   79 07:02:25     -909.253487        2.940421
FIRE:   80 07:02:36     -909.446292        1.500878
FIRE:   81 07:02:47     -909.486945        1.040048
FIRE:   82 07:02:57     -909.527329        0.278911
FIRE:   83 07:03:08     -909.536878        0.710688
FIRE:   84 07:03:19     -909.540847        0.647431
FIRE:   85 07:03:30     -909.547921        0.528650
FIRE:   86 07:03:41     -909.556719        0.369409
FIRE:   87 07:03:51     -909.565930        0.283071
FIRE:   88 07:04:02     -909.574885        0.283807
FIRE:   89 07:04:13     -909.583876        0.284694
FIRE:   90 07:04:24     -909.593868        0.370075
FIRE:   91 07:04:34     -909.607314        0.423445
FIRE:   92 07:04:45     -909.625717        0.401839
FIRE:   93 07:04:56     -909.649662        0.294656
FIRE:   94 07:05:07     -909.678447        0.292295
FIRE:   95 07:05:17     -909.711366        0.294608
FIRE:   96 07:05:28     -909.750623        0.305449
FIRE:   97 07:05:39     -909.800672        0.299633
FIRE:   98 07:05:50     -909.862420        0.302007
FIRE:   99 07:06:01     -909.934189        0.303870
FIRE:  100 07:06:11     -910.021692        0.314223
FIRE:  101 07:06:22     -910.128961        0.330687
FIRE:  102 07:06:33     -910.254948        0.346024
FIRE:  103 07:06:44     -910.408984        0.352754
FIRE:  104 07:06:55     -910.588853        0.334145
FIRE:  105 07:07:05     -910.799480        0.288879
FIRE:  106 07:07:16     -910.999626        0.312685
FIRE:  107 07:07:27     -911.180966        0.276829
FIRE:  108 07:07:38     -911.344955        0.215201
FIRE:  109 07:07:48     -911.491605        0.216442
FIRE:  110 07:07:59     -911.623372        0.273579
FIRE:  111 07:08:10     -911.745621        0.308527
FIRE:  112 07:08:21     -911.864631        0.326066
FIRE:  113 07:08:31     -911.985513        0.321307
FIRE:  114 07:08:42     -912.110636        0.285613
FIRE:  115 07:08:53     -912.238051        0.221697
FIRE:  116 07:09:04     -912.362295        0.195064
FIRE:  117 07:09:14     -912.477854        0.206538
FIRE:  118 07:09:25     -912.581845        0.303881
FIRE:  119 07:09:36     -912.674752        0.407097
FIRE:  120 07:09:47     -912.760641        0.540549
FIRE:  121 07:09:57     -912.841416        0.677776
FIRE:  122 07:10:08     -911.603552        6.203312
FIRE:  123 07:10:19     -912.816113        1.704378
FIRE:  124 07:10:30     -912.877582        0.997201
FIRE:  125 07:10:41     -912.908003        0.247667
FIRE:  126 07:10:51     -912.909072        0.215028
FIRE:  127 07:11:02     -912.910912        0.154577
FIRE:  128 07:11:13     -912.913082        0.122743
FIRE:  129 07:11:24     -912.915248        0.121284
FIRE:  130 07:11:35     -912.917381        0.119571
FIRE:  131 07:11:46     -912.919752        0.131546
FIRE:  132 07:11:56     -912.922686        0.148408
FIRE:  133 07:12:07     -912.926752        0.129148
FIRE:  134 07:12:18     -912.932006        0.110701
FIRE:  135 07:12:29     -912.938170        0.107508
FIRE:  136 07:12:39     -912.945183        0.106998
FIRE:  137 07:12:50     -912.953789        0.129310
FIRE:  138 07:13:01     -912.964769        0.108765
FIRE:  139 07:13:12     -912.977728        0.110800
FIRE:  140 07:13:23     -912.992817        0.120650
FIRE:  141 07:13:33     -913.011537        0.116302
FIRE:  142 07:13:44     -913.033393        0.119441
FIRE:  143 07:13:55     -913.059818        0.123771
FIRE:  144 07:14:06     -913.091071        0.130283
FIRE:  145 07:14:16     -913.129023        0.138597
FIRE:  146 07:14:27     -913.173922        0.148452
FIRE:  147 07:14:38     -913.227189        0.203570
FIRE:  148 07:14:49     -913.289089        0.308174
FIRE:  149 07:15:00     -913.354694        0.601733
FIRE:  150 07:15:10     -913.388663        1.478561
FIRE:  151 07:15:21     -913.456515        0.187039
FIRE:  152 07:15:32     -913.457382        0.187258
FIRE:  153 07:15:43     -913.459036        0.187699
FIRE:  154 07:15:53     -913.461388        0.188366
FIRE:  155 07:16:04     -913.464426        0.189247
FIRE:  156 07:16:15     -913.468204        0.190300
FIRE:  157 07:16:26     -913.472768        0.191439
FIRE:  158 07:16:37     -913.478081        0.192533
FIRE:  159 07:16:47     -913.484753        0.193485
FIRE:  160 07:16:58     -913.493062        0.193929
FIRE:  161 07:17:09     -913.503428        0.193317
FIRE:  162 07:17:20     -913.516268        0.190897
FIRE:  163 07:17:31     -913.531942        0.185664
FIRE:  164 07:17:41     -913.550956        0.175961
FIRE:  165 07:17:52     -913.573656        0.159471
FIRE:  166 07:18:03     -913.600299        0.145350
FIRE:  167 07:18:14     -913.631093        0.146002
FIRE:  168 07:18:24     -913.666588        0.145345
FIRE:  169 07:18:35     -913.707947        0.142745
FIRE:  170 07:18:46     -913.757370        0.137545
FIRE:  171 07:18:57     -913.817488        0.129327
FIRE:  172 07:19:07     -913.888573        0.306106
FIRE:  173 07:19:18     -913.939736        0.933210
FIRE:  174 07:19:29     -913.981974        0.148772
FIRE:  175 07:19:39     -913.957333        0.956703
FIRE:  176 07:19:50     -913.973848        0.680972
FIRE:  177 07:20:01     -913.990847        0.234549
FIRE:  178 07:20:12     -913.993882        0.250284
FIRE:  179 07:20:23     -913.994380        0.235459
FIRE:  180 07:20:33     -913.995306        0.206746
FIRE:  181 07:20:44     -913.996540        0.166137
FIRE:  182 07:20:55     -913.997944        0.158985
FIRE:  183 07:21:05     -913.999409        0.160023
FIRE:  184 07:21:16     -914.000885        0.161239
FIRE:  185 07:21:27     -914.002410        0.162611
FIRE:  186 07:21:38     -914.004273        0.164276
FIRE:  187 07:21:48     -914.006711        0.166269
FIRE:  188 07:21:59     -914.009984        0.168644
FIRE:  189 07:22:10     -914.014275        0.171496
FIRE:  190 07:22:21     -914.019609        0.174988
FIRE:  191 07:22:31     -914.025955        0.179370
FIRE:  192 07:22:42     -914.033607        0.184921
FIRE:  193 07:22:53     -914.043340        0.191826
FIRE:  194 07:23:04     -914.055811        0.200044
FIRE:  195 07:23:14     -914.071144        0.209112
FIRE:  196 07:23:25     -914.090010        0.217850
FIRE:  197 07:23:36     -914.114049        0.224576
FIRE:  198 07:23:47     -914.143889        0.227820
FIRE:  199 07:23:57     -914.181431        0.226792
FIRE:  200 07:24:08     -914.229516        0.220584
FIRE:  201 07:24:19     -914.291984        0.207695
FIRE:  202 07:24:29     -914.375441        0.261414
FIRE:  203 07:24:40     -914.490866        0.349562
FIRE:  204 07:24:51     -914.655000        0.478603
FIRE:  205 07:25:02     -914.863690        0.599871
FIRE:  206 07:25:12     -915.095180        0.633182
FIRE:  207 07:25:23     -915.338916        0.627500
FIRE:  208 07:25:34     -915.590540        0.655242
FIRE:  209 07:25:45     -915.828377        0.535762
FIRE:  210 07:25:55     -916.012368        0.436538
FIRE:  211 07:26:06     -916.128943        0.709241
FIRE:  212 07:26:17     -916.230458        0.774077
FIRE:  213 07:26:27     -916.357112        0.540059
FIRE:  214 07:26:38     -916.449068        0.204253
FIRE:  215 07:26:49     -916.490350        0.436920
FIRE:  216 07:26:59     -916.523575        0.536946
FIRE:  217 07:27:10     -916.577590        0.468306
FIRE:  218 07:27:21     -916.614669        1.053961
FIRE:  219 07:27:32     -915.657735        3.987471
FIRE:  220 07:27:42     -916.617188        1.453581
FIRE:  221 07:27:53     -916.691631        0.765690
FIRE:  222 07:28:04     -916.710952        0.376491
FIRE:  223 07:28:14     -916.714049        0.327639
FIRE:  224 07:28:25     -916.718965        0.237693
FIRE:  225 07:28:36     -916.723851        0.214463
FIRE:  226 07:28:46     -916.727436        0.215097
FIRE:  227 07:28:57     -916.729943        0.215904
FIRE:  228 07:29:08     -916.732807        0.245708
FIRE:  229 07:29:19     -916.737298        0.261484
FIRE:  230 07:29:29     -916.744451        0.221710
FIRE:  231 07:29:40     -916.753648        0.220538
FIRE:  232 07:29:51     -916.763184        0.222189
FIRE:  233 07:30:02     -916.772918        0.223983
FIRE:  234 07:30:12     -916.785844        0.225649
FIRE:  235 07:30:23     -916.803522        0.226774
FIRE:  236 07:30:34     -916.822881        0.226695
FIRE:  237 07:30:44     -916.845045        0.224231
FIRE:  238 07:30:55     -916.874056        0.217795
FIRE:  239 07:31:06     -916.905219        0.205938
FIRE:  240 07:31:16     -916.942957        0.187529
FIRE:  241 07:31:27     -916.981853        0.187923
FIRE:  242 07:31:38     -917.025312        0.142964
FIRE:  243 07:31:49     -917.066797        0.123869
FIRE:  244 07:31:59     -917.103433        0.297994
FIRE:  245 07:32:10     -917.131751        0.463341
FIRE:  246 07:32:21     -917.144172        0.148153
FIRE:  247 07:32:32     -917.143586        0.307430
FIRE:  248 07:32:42     -917.145580        0.249968
FIRE:  249 07:32:53     -917.148402        0.147131
FIRE:  250 07:33:04     -917.150584        0.127424
FIRE:  251 07:33:14     -917.151573        0.121634
FIRE:  252 07:33:25     -917.152249        0.173630
FIRE:  253 07:33:36     -917.153799        0.197574
FIRE:  254 07:33:46     -917.156571        0.169806
FIRE:  255 07:33:57     -917.160314        0.116369
FIRE:  256 07:34:08     -917.163770        0.119092
FIRE:  257 07:34:19     -917.166571        0.138822
FIRE:  258 07:34:29     -917.170521        0.162860
FIRE:  259 07:34:40     -917.176444        0.135778
FIRE:  260 07:34:51     -917.182117        0.145437
FIRE:  261 07:35:01     -917.188363        0.157896
FIRE:  262 07:35:12     -917.197630        0.173511
FIRE:  263 07:35:23     -917.207264        0.193493
FIRE:  264 07:35:34     -917.221506        0.219169
FIRE:  265 07:35:44     -917.238836        0.254168
FIRE:  266 07:35:55     -917.265909        0.303424
FIRE:  267 07:36:06     -917.305894        0.378829
FIRE:  268 07:36:16     -917.374123        0.496941
FIRE:  269 07:36:27     -917.500674        0.639986
FIRE:  270 07:36:38     -917.677545        0.613336
FIRE:  271 07:36:49     -917.696820        1.335039
FIRE:  272 07:36:59     -917.793926        0.325529
FIRE:  273 07:37:10     -917.797739        0.236572
FIRE:  274 07:37:21     -917.802906        0.214315
FIRE:  275 07:37:31     -917.807130        0.192172
FIRE:  276 07:37:42     -917.810791        0.202464
FIRE:  277 07:37:53     -917.815625        0.222365
FIRE:  278 07:38:03     -917.821575        0.173277
FIRE:  279 07:38:14     -917.826683        0.176787
FIRE:  280 07:38:25     -917.830346        0.180758
FIRE:  281 07:38:36     -917.834422        0.180653
FIRE:  282 07:38:46     -917.840253        0.171853
FIRE:  283 07:38:57     -917.845328        0.149501
FIRE:  284 07:39:08     -917.850470        0.151372
FIRE:  285 07:39:18     -917.856917        0.080496
FIRE:  286 07:39:29     -917.861094        0.149171
FIRE:  287 07:39:40     -917.866033        0.059348
FIRE:  288 07:39:50     -917.868426        0.141926
FIRE:  289 07:40:01     -917.870708        0.104019
FIRE:  290 07:40:12     -917.871434        0.067458
FIRE:  291 07:40:23     -917.872072        0.063866
FIRE:  292 07:40:33     -917.872448        0.072685
FIRE:  293 07:40:44     -917.873144        0.071772
FIRE:  294 07:40:55     -917.874079        0.044403
FIRE:  295 07:41:05     -917.874657        0.040125
FIRE:  296 07:41:16     -917.875074        0.064571
FIRE:  297 07:41:27     -917.875822        0.035254
FIRE:  298 07:41:38     -917.876488        0.035363
FIRE:  299 07:41:49     -917.877071        0.054002
FIRE:  300 07:41:59     -917.877936        0.021961
FIRE:  301 07:42:10     -917.878430        0.059247
FIRE:  302 07:42:21     -917.879095        0.023123
FIRE:  303 07:42:32     -917.879463        0.044153
FIRE:  304 07:42:42     -917.879917        0.066199
FIRE:  305 07:42:53     -917.880121        0.029499
FIRE:  306 07:43:04     -917.880244        0.027451
FIRE:  307 07:43:14     -917.880300        0.053586
FIRE:  308 07:43:25     -917.880498        0.045228
FIRE:  309 07:43:36     -917.880733        0.023705
FIRE:  310 07:43:47     -917.880845        0.033727
FIRE:  311 07:43:57     -917.880986        0.042226
FIRE:  312 07:44:08     -917.881229        0.016517
FIRE:  313 07:44:19     -917.881387        0.032560
FIRE:  314 07:44:29     -917.881625        0.031083
FIRE:  315 07:44:40     -917.881865        0.022875
FIRE:  316 07:44:51     -917.882115        0.026524
FIRE:  317 07:45:02     -917.882330        0.036134
FIRE:  318 07:45:12     -917.882688        0.013475
FIRE:  319 07:45:23     -917.883039        0.029357
FIRE:  320 07:45:34     -917.883348        0.066702
FIRE:  321 07:45:44     -917.883554        0.013599
FIRE:  322 07:45:55     -917.883501        0.047975
FIRE:  323 07:46:06     -917.883542        0.038441
FIRE:  324 07:46:17     -917.883596        0.021265
FIRE:  325 07:46:27     -917.883630        0.010534
FIRE:  326 07:46:38     -917.883634        0.019356
FIRE:  327 07:46:49     -917.883637        0.018409
FIRE:  328 07:46:59     -917.883641        0.016565
FIRE:  329 07:47:10     -917.883647        0.013927
FIRE:  330 07:47:21     -917.883655        0.010654
FIRE:  331 07:47:32     -917.883663        0.010060
FIRE:  332 07:47:42     -917.883671        0.009973
MACE calculation complete. Energy written to MACE_OUTCAR: -917.883671 eV
Job ended on: Thu  5 Jun 06:47:43 UTC 2025
