Si Bulk DFT energetics calculations using VASP
Running on host: comp190
Working directory: /lustre/home/ah1365/projects/127870/upgrade_report/case_studies/common/structures/interfaces/120_Si36C84_012_012_a0.123457_b0.617284_c1.482413_interface1shift5
Job started on: Thu  5 Jun 09:31:00 UTC 2025
cuequivariance or cuequivariance_torch is not available. Cuequivariance acceleration will be disabled.
Using Materials Project MACE for MACECalculator with /lustre/home/ah1365/.cache/mace/MACE_MPtrj_20229model
Using float64 for MACECalculator, which is slower but more accurate. Recommended for geometry optimization.
Using TorchDFTD3Calculator for D3 dispersion corrections
      Step     Time          Energy          fmax
FIRE:    0 10:31:29     -841.163086        3.969653
FIRE:    1 10:31:40     -846.343529        3.459609
FIRE:    2 10:31:51     -850.904920        3.044537
FIRE:    3 10:32:02     -854.888576        2.655910
FIRE:    4 10:32:13     -858.340744        2.286441
FIRE:    5 10:32:24     -861.300199        2.105803
FIRE:    6 10:32:34     -863.802718        2.005217
FIRE:    7 10:32:45     -865.891668        1.922948
FIRE:    8 10:32:56     -867.632761        1.859269
FIRE:    9 10:33:07     -869.110583        1.796253
FIRE:   10 10:33:18     -870.405385        1.692880
FIRE:   11 10:33:29     -871.560027        1.505410
FIRE:   12 10:33:40     -872.575103        1.299474
FIRE:   13 10:33:51     -873.445779        1.217309
FIRE:   14 10:34:01     -874.200708        1.354098
FIRE:   15 10:34:12     -874.892582        1.557351
FIRE:   16 10:34:23     -875.547027        1.506548
FIRE:   17 10:34:34     -876.139369        1.279795
FIRE:   18 10:34:45     -876.651040        1.132832
FIRE:   19 10:34:56     -877.132568        1.202471
FIRE:   20 10:35:07     -877.676064        1.240131
FIRE:   21 10:35:17     -878.324404        1.134738
FIRE:   22 10:35:28     -879.033788        0.961634
FIRE:   23 10:35:39     -879.737341        0.960984
FIRE:   24 10:35:50     -880.391910        1.088562
FIRE:   25 10:36:01     -880.994433        1.148873
FIRE:   26 10:36:12     -881.598069        1.388135
FIRE:   27 10:36:23     -882.294724        1.949374
FIRE:   28 10:36:33     -883.192722        2.539424
FIRE:   29 10:36:44     -884.336750        2.890755
FIRE:   30 10:36:55     -885.691068        3.058680
FIRE:   31 10:37:06     -887.109444        2.730716
FIRE:   32 10:37:17     -888.412721        2.764733
FIRE:   33 10:37:27     -889.389578        3.115074
FIRE:   34 10:37:38     -890.162591        4.925985
FIRE:   35 10:37:49     -890.910206        4.232621
FIRE:   36 10:38:00     -891.412226        5.087960
FIRE:   37 10:38:11     -891.881290        5.422182
FIRE:   38 10:38:22     -892.573625        3.317254
FIRE:   39 10:38:33     -893.114932        3.628333
FIRE:   40 10:38:43     -893.497058        3.455997
FIRE:   41 10:38:54     -893.966093        4.180500
FIRE:   42 10:39:05     -894.623792        3.500298
FIRE:   43 10:39:16     -895.362333        2.871451
FIRE:   44 10:39:26     -896.015398        2.510262
FIRE:   45 10:39:37     -896.545097        3.175776
FIRE:   46 10:39:48     -897.193747        3.430042
FIRE:   47 10:39:59     -898.035582        2.157909
FIRE:   48 10:40:10     -898.832894        1.556427
FIRE:   49 10:40:20     -899.506716        2.168997
FIRE:   50 10:40:31     -900.201254        2.156952
FIRE:   51 10:40:42     -900.999102        1.970440
FIRE:   52 10:40:53     -901.824938        2.106846
FIRE:   53 10:41:03     -902.578575        2.299931
FIRE:   54 10:41:14     -903.236270        2.315932
FIRE:   55 10:41:25     -903.852563        2.099848
FIRE:   56 10:41:36     -904.494394        2.040375
FIRE:   57 10:41:46     -905.170733        2.422094
FIRE:   58 10:41:57     -905.852866        2.757726
FIRE:   59 10:42:08     -906.541643        2.918208
FIRE:   60 10:42:19     -907.260460        2.779507
FIRE:   61 10:42:29     -907.997546        2.187264
FIRE:   62 10:42:40     -908.692569        1.620776
FIRE:   63 10:42:51     -909.284222        1.597456
FIRE:   64 10:43:02     -909.760132        2.042889
FIRE:   65 10:43:12     -910.181334        2.841723
FIRE:   66 10:43:23     -910.622821        3.279627
FIRE:   67 10:43:34     -911.104367        3.025822
FIRE:   68 10:43:45     -911.584669        2.277841
FIRE:   69 10:43:55     -912.019114        2.442890
FIRE:   70 10:44:06     -912.388062        2.807052
FIRE:   71 10:44:17     -912.705360        2.700654
FIRE:   72 10:44:28     -912.963500        2.213084
FIRE:   73 10:44:39     -913.123130        2.036207
FIRE:   74 10:44:49     -914.016143        1.463179
FIRE:   75 10:45:00     -914.580143        2.025134
FIRE:   76 10:45:11     -915.138269        1.106933
FIRE:   77 10:45:22     -915.523105        1.127315
FIRE:   78 10:45:32     -915.866443        1.823210
FIRE:   79 10:45:43     -916.374427        1.781372
FIRE:   80 10:45:54     -916.965040        1.297235
FIRE:   81 10:46:05     -917.567155        1.083685
FIRE:   82 10:46:16     -918.140018        0.920799
FIRE:   83 10:46:26     -918.639499        0.791781
FIRE:   84 10:46:37     -919.076685        0.659561
FIRE:   85 10:46:48     -919.439236        0.634293
FIRE:   86 10:46:59     -919.765335        0.569588
FIRE:   87 10:47:10     -920.045029        0.493520
FIRE:   88 10:47:20     -920.271760        0.393804
FIRE:   89 10:47:31     -920.462628        0.462780
FIRE:   90 10:47:42     -920.630564        0.530589
FIRE:   91 10:47:53     -920.799235        0.683822
FIRE:   92 10:48:04     -921.032916        0.854456
FIRE:   93 10:48:14     -921.375222        1.152188
FIRE:   94 10:48:25     -921.887836        1.586203
FIRE:   95 10:48:36     -922.596913        2.105300
FIRE:   96 10:48:47     -923.358929        1.990101
FIRE:   97 10:48:57     -923.859462        1.885783
FIRE:   98 10:49:08     -923.890612        4.033780
FIRE:   99 10:49:19     -924.323328        2.660055
FIRE:  100 10:49:30     -924.274375        4.358042
FIRE:  101 10:49:41     -924.753923        1.152595
FIRE:  102 10:49:52     -924.788710        0.990244
FIRE:  103 10:50:02     -924.838783        0.836933
FIRE:  104 10:50:13     -924.890351        0.890284
FIRE:  105 10:50:24     -924.953714        1.008800
FIRE:  106 10:50:35     -925.042038        0.973279
FIRE:  107 10:50:46     -925.146569        0.768558
FIRE:  108 10:50:56     -925.251649        0.630738
FIRE:  109 10:51:07     -925.372108        0.728015
FIRE:  110 10:51:18     -925.523001        0.699937
FIRE:  111 10:51:29     -925.695791        0.625969
FIRE:  112 10:51:40     -925.891593        0.796748
FIRE:  113 10:51:50     -926.124515        0.578091
FIRE:  114 10:52:01     -926.374977        0.600098
FIRE:  115 10:52:12     -926.609327        0.328892
FIRE:  116 10:52:23     -926.778680        0.450758
FIRE:  117 10:52:34     -926.905826        0.497454
FIRE:  118 10:52:44     -927.027835        0.521048
FIRE:  119 10:52:55     -927.160761        0.577908
FIRE:  120 10:53:06     -927.304505        0.319972
FIRE:  121 10:53:17     -927.452836        0.375187
FIRE:  122 10:53:27     -927.605415        0.320544
FIRE:  123 10:53:38     -927.764205        0.362053
FIRE:  124 10:53:49     -927.934724        0.407929
FIRE:  125 10:54:00     -928.129217        0.460522
FIRE:  126 10:54:10     -928.358957        0.512597
FIRE:  127 10:54:21     -928.622266        0.536020
FIRE:  128 10:54:32     -928.903115        0.548483
FIRE:  129 10:54:42     -929.183302        0.638013
FIRE:  130 10:54:53     -929.452252        0.659539
FIRE:  131 10:55:04     -929.692725        0.512983
FIRE:  132 10:55:15     -929.886221        0.472222
FIRE:  133 10:55:26     -930.039417        0.623626
FIRE:  134 10:55:36     -930.175273        0.653582
FIRE:  135 10:55:47     -930.312626        0.464670
FIRE:  136 10:55:58     -930.436121        0.304242
FIRE:  137 10:56:08     -930.534296        0.371267
FIRE:  138 10:56:19     -930.625794        0.323013
FIRE:  139 10:56:30     -930.731705        0.317511
FIRE:  140 10:56:41     -930.858411        0.424263
FIRE:  141 10:56:51     -931.008653        0.525959
FIRE:  142 10:57:02     -931.183304        0.541164
FIRE:  143 10:57:13     -931.360500        0.437884
FIRE:  144 10:57:24     -931.500289        0.293995
FIRE:  145 10:57:34     -931.565644        0.355986
FIRE:  146 10:57:45     -931.568606        0.557887
FIRE:  147 10:57:56     -931.701598        0.487081
FIRE:  148 10:58:07     -931.569807        1.855327
FIRE:  149 10:58:18     -931.756803        0.636972
FIRE:  150 10:58:28     -931.772359        0.394725
FIRE:  151 10:58:39     -931.785705        0.215986
FIRE:  152 10:58:50     -931.786821        0.314682
FIRE:  153 10:59:01     -931.788272        0.286998
FIRE:  154 10:59:11     -931.790838        0.233957
FIRE:  155 10:59:22     -931.793964        0.214045
FIRE:  156 10:59:33     -931.797093        0.215038
FIRE:  157 10:59:44     -931.799901        0.216043
FIRE:  158 10:59:54     -931.802482        0.216902
FIRE:  159 11:00:05     -931.805252        0.217475
FIRE:  160 11:00:16     -931.809099        0.217678
FIRE:  161 11:00:27     -931.814614        0.217338
FIRE:  162 11:00:37     -931.821975        0.216299
FIRE:  163 11:00:48     -931.830753        0.214443
FIRE:  164 11:00:59     -931.840499        0.211744
FIRE:  165 11:01:10     -931.851941        0.208215
FIRE:  166 11:01:21     -931.866740        0.203584
FIRE:  167 11:01:31     -931.885114        0.196871
FIRE:  168 11:01:42     -931.905843        0.185886
FIRE:  169 11:01:53     -931.930404        0.178077
FIRE:  170 11:02:04     -931.959766        0.175147
FIRE:  171 11:02:14     -931.991878        0.171623
FIRE:  172 11:02:25     -932.028885        0.167738
FIRE:  173 11:02:36     -932.068225        0.162667
FIRE:  174 11:02:47     -932.111282        0.154792
FIRE:  175 11:02:57     -932.155241        0.147345
FIRE:  176 11:03:08     -932.195678        0.166794
FIRE:  177 11:03:19     -932.225710        0.370621
FIRE:  178 11:03:30     -932.238098        0.668931
FIRE:  179 11:03:40     -932.266684        0.160584
FIRE:  180 11:03:51     -932.255118        0.507590
FIRE:  181 11:04:02     -932.262179        0.408677
FIRE:  182 11:04:12     -932.270972        0.227798
FIRE:  183 11:04:23     -932.275205        0.155574
FIRE:  184 11:04:34     -932.273852        0.215656
FIRE:  185 11:04:45     -932.274340        0.204275
FIRE:  186 11:04:55     -932.275232        0.182195
FIRE:  187 11:05:06     -932.276382        0.153880
FIRE:  188 11:05:17     -932.277607        0.153607
FIRE:  189 11:05:27     -932.278744        0.153268
FIRE:  190 11:05:38     -932.279687        0.152864
FIRE:  191 11:05:49     -932.280429        0.152398
FIRE:  192 11:06:00     -932.281136        0.151832
FIRE:  193 11:06:10     -932.281985        0.151177
FIRE:  194 11:06:21     -932.283229        0.150446
FIRE:  195 11:06:32     -932.285067        0.149654
FIRE:  196 11:06:43     -932.287506        0.148812
FIRE:  197 11:06:54     -932.290290        0.147939
FIRE:  198 11:07:04     -932.293107        0.147056
FIRE:  199 11:07:15     -932.296122        0.146220
FIRE:  200 11:07:26     -932.300007        0.145508
FIRE:  201 11:07:36     -932.304952        0.145004
FIRE:  202 11:07:47     -932.310273        0.144798
FIRE:  203 11:07:58     -932.316186        0.144957
FIRE:  204 11:08:09     -932.323702        0.145463
FIRE:  205 11:08:19     -932.332011        0.146231
FIRE:  206 11:08:30     -932.341777        0.147120
FIRE:  207 11:08:41     -932.353167        0.147977
FIRE:  208 11:08:52     -932.366441        0.148540
FIRE:  209 11:09:02     -932.381706        0.148374
FIRE:  210 11:09:13     -932.399966        0.146624
FIRE:  211 11:09:24     -932.421096        0.141610
FIRE:  212 11:09:35     -932.444263        0.172269
FIRE:  213 11:09:45     -932.463184        0.395366
FIRE:  214 11:09:56     -932.473587        0.113113
FIRE:  215 11:10:07     -932.468273        0.342569
FIRE:  216 11:10:18     -932.471296        0.261754
FIRE:  217 11:10:28     -932.474870        0.122325
FIRE:  218 11:10:39     -932.476242        0.113611
FIRE:  219 11:10:50     -932.476295        0.113613
FIRE:  220 11:11:01     -932.476397        0.113617
FIRE:  221 11:11:11     -932.476543        0.113622
FIRE:  222 11:11:22     -932.476728        0.113627
FIRE:  223 11:11:33     -932.476948        0.113631
FIRE:  224 11:11:44     -932.477200        0.113634
FIRE:  225 11:11:54     -932.477483        0.113632
FIRE:  226 11:12:05     -932.477835        0.113623
FIRE:  227 11:12:16     -932.478278        0.113602
FIRE:  228 11:12:27     -932.478839        0.113560
FIRE:  229 11:12:37     -932.479541        0.113485
FIRE:  230 11:12:48     -932.480413        0.113359
FIRE:  231 11:12:59     -932.481473        0.113154
FIRE:  232 11:13:09     -932.482750        0.112829
FIRE:  233 11:13:20     -932.484297        0.112325
FIRE:  234 11:13:31     -932.486179        0.111563
FIRE:  235 11:13:42     -932.488438        0.110421
FIRE:  236 11:13:52     -932.491116        0.108735
FIRE:  237 11:14:03     -932.494300        0.106299
FIRE:  238 11:14:14     -932.498053        0.102871
FIRE:  239 11:14:25     -932.502416        0.098181
FIRE:  240 11:14:35     -932.507488        0.091976
FIRE:  241 11:14:46     -932.513273        0.083991
FIRE:  242 11:14:57     -932.519785        0.074048
FIRE:  243 11:15:08     -932.526970        0.062093
FIRE:  244 11:15:18     -932.534732        0.048034
FIRE:  245 11:15:29     -932.542872        0.032520
FIRE:  246 11:15:40     -932.550807        0.071208
FIRE:  247 11:15:51     -932.555118        0.216837
FIRE:  248 11:16:01     -932.558908        0.032020
FIRE:  249 11:16:12     -932.556597        0.183713
FIRE:  250 11:16:23     -932.557762        0.142901
FIRE:  251 11:16:34     -932.559100        0.070824
FIRE:  252 11:16:44     -932.559518        0.032011
FIRE:  253 11:16:55     -932.559533        0.032010
FIRE:  254 11:17:06     -932.559563        0.032007
FIRE:  255 11:17:17     -932.559605        0.032003
FIRE:  256 11:17:27     -932.559655        0.031997
FIRE:  257 11:17:38     -932.559711        0.031991
FIRE:  258 11:17:49     -932.559772        0.031985
FIRE:  259 11:17:59     -932.559838        0.031979
FIRE:  260 11:18:10     -932.559918        0.031972
FIRE:  261 11:18:21     -932.560020        0.031965
FIRE:  262 11:18:32     -932.560152        0.031959
FIRE:  263 11:18:42     -932.560320        0.031953
FIRE:  264 11:18:53     -932.560529        0.031948
FIRE:  265 11:19:04     -932.560780        0.031941
FIRE:  266 11:19:15     -932.561080        0.031930
FIRE:  267 11:19:25     -932.561445        0.031913
FIRE:  268 11:19:36     -932.561892        0.031885
FIRE:  269 11:19:47     -932.562435        0.031846
FIRE:  270 11:19:57     -932.563079        0.031796
FIRE:  271 11:20:08     -932.563855        0.031737
FIRE:  272 11:20:19     -932.564781        0.031657
FIRE:  273 11:20:30     -932.565868        0.031534
FIRE:  274 11:20:40     -932.567148        0.031348
FIRE:  275 11:20:51     -932.568648        0.031096
FIRE:  276 11:21:02     -932.570389        0.030747
FIRE:  277 11:21:13     -932.572397        0.030226
FIRE:  278 11:21:23     -932.574690        0.029544
FIRE:  279 11:21:34     -932.577262        0.028558
FIRE:  280 11:21:45     -932.579939        0.052051
FIRE:  281 11:21:56     -932.581470        0.129437
FIRE:  282 11:22:06     -932.583194        0.025510
FIRE:  283 11:22:17     -932.582035        0.116806
FIRE:  284 11:22:28     -932.582607        0.087911
FIRE:  285 11:22:38     -932.583243        0.042612
FIRE:  286 11:22:49     -932.583399        0.025396
FIRE:  287 11:23:00     -932.583408        0.025396
FIRE:  288 11:23:11     -932.583423        0.025396
FIRE:  289 11:23:21     -932.583443        0.025397
FIRE:  290 11:23:32     -932.583466        0.025396
FIRE:  291 11:23:43     -932.583490        0.025395
FIRE:  292 11:23:54     -932.583513        0.025392
FIRE:  293 11:24:04     -932.583537        0.025386
FIRE:  294 11:24:15     -932.583566        0.025377
FIRE:  295 11:24:26     -932.583603        0.025362
FIRE:  296 11:24:37     -932.583653        0.025340
FIRE:  297 11:24:47     -932.583718        0.025309
FIRE:  298 11:24:58     -932.583800        0.025268
FIRE:  299 11:25:09     -932.583895        0.025216
FIRE:  300 11:25:20     -932.584007        0.025152
FIRE:  301 11:25:30     -932.584146        0.025077
FIRE:  302 11:25:41     -932.584319        0.024991
FIRE:  303 11:25:52     -932.584529        0.024885
FIRE:  304 11:26:03     -932.584775        0.024746
FIRE:  305 11:26:13     -932.585076        0.024556
FIRE:  306 11:26:24     -932.585436        0.024303
FIRE:  307 11:26:35     -932.585862        0.023985
FIRE:  308 11:26:46     -932.586369        0.023594
FIRE:  309 11:26:56     -932.586963        0.023075
FIRE:  310 11:27:07     -932.587660        0.022382
FIRE:  311 11:27:18     -932.588456        0.021527
FIRE:  312 11:27:29     -932.589367        0.020403
FIRE:  313 11:27:39     -932.590359        0.021359
FIRE:  314 11:27:50     -932.591275        0.057411
FIRE:  315 11:28:01     -932.591159        0.158863
FIRE:  316 11:28:11     -932.592630        0.015048
FIRE:  317 11:28:22     -932.592636        0.015042
FIRE:  318 11:28:33     -932.592650        0.015029
FIRE:  319 11:28:44     -932.592665        0.015009
FIRE:  320 11:28:54     -932.592684        0.014979
FIRE:  321 11:29:05     -932.592710        0.014939
FIRE:  322 11:29:16     -932.592740        0.014887
FIRE:  323 11:29:27     -932.592776        0.014826
FIRE:  324 11:29:37     -932.592819        0.014747
FIRE:  325 11:29:48     -932.592873        0.014650
FIRE:  326 11:29:59     -932.592941        0.014531
FIRE:  327 11:30:10     -932.593025        0.014385
FIRE:  328 11:30:20     -932.593127        0.014199
FIRE:  329 11:30:31     -932.593252        0.013959
FIRE:  330 11:30:42     -932.593402        0.013654
FIRE:  331 11:30:52     -932.593584        0.013286
FIRE:  332 11:31:03     -932.593798        0.012833
FIRE:  333 11:31:14     -932.594050        0.012262
FIRE:  334 11:31:25     -932.594339        0.011582
FIRE:  335 11:31:35     -932.594666        0.010758
FIRE:  336 11:31:46     -932.595017        0.016187
FIRE:  337 11:31:57     -932.595258        0.048211
FIRE:  338 11:32:08     -932.595430        0.008674
MACE calculation complete. Energy written to MACE_OUTCAR: -932.595430 eV
Job ended on: Thu  5 Jun 10:32:08 UTC 2025
