The following modules were not unloaded:
  (Use "module --force purge" to unload all):

  1) slurm/23.02.6
[comp020:197708:0:197708] Caught signal 11 (Segmentation fault: address not mapped to object at address 0x7fffe85c9a60)
[comp020:197705:0:197705] Caught signal 11 (Segmentation fault: address not mapped to object at address 0x7fff9480b780)
[comp020:197706:0:197706] Caught signal 11 (Segmentation fault: address not mapped to object at address 0x7ffc2f988480)
[comp020:197710:0:197710] Caught signal 11 (Segmentation fault: address not mapped to object at address 0x7ffd8341dee0)
[comp020:197711:0:197711] Caught signal 11 (Segmentation fault: address not mapped to object at address 0x7ffc7f7b66e0)
[comp020:197713:0:197713] Caught signal 11 (Segmentation fault: address not mapped to object at address 0x7ffe3fd31b00)
[comp020:197714:0:197714] Caught signal 11 (Segmentation fault: address not mapped to object at address 0x7ffc1ab7c6e0)
[comp020:197715:0:197715] Caught signal 11 (Segmentation fault: address not mapped to object at address 0x7ffc1c6fc2e0)
[comp020:197716:0:197716] Caught signal 11 (Segmentation fault: address not mapped to object at address 0x7ffebc61a220)
[comp020:197717:0:197717] Caught signal 11 (Segmentation fault: address not mapped to object at address 0x7ffd8e694a80)
[comp020:197718:0:197718] Caught signal 11 (Segmentation fault: address not mapped to object at address 0x7ffe8df57140)
[comp020:197719:0:197719] Caught signal 11 (Segmentation fault: address not mapped to object at address 0x7ffdfb58dec0)
[comp020:197720:0:197720] Caught signal 11 (Segmentation fault: address not mapped to object at address 0x7ffccb17d580)
[comp020:197707:0:197707] Caught signal 11 (Segmentation fault: address not mapped to object at address 0x7ffe15bfd220)
[comp020:197709:0:197709] Caught signal 11 (Segmentation fault: address not mapped to object at address 0x7ffc69de8380)
[comp020:197712:0:197712] Caught signal 11 (Segmentation fault: address not mapped to object at address 0x7ffc22feb460)
==== backtrace (tid: 197712) ====
 0 0x000000000003e6f0 __GI___sigaction()  :0
 1 0x00000000009e0300 hamil_mp_hamiltmu_()  ???:0
 2 0x000000000119090e david_mp_eddav_()  ???:0
==== backtrace (tid: 197709) ====
 0 0x000000000003e6f0 __GI___sigaction()  :0
 3 0x00000000012534d5 elmin_()  ???:0
 1 0x00000000009e0300 hamil_mp_hamiltmu_()  ???:0
 2 0x000000000119090e david_mp_eddav_()  ???:0
 3 0x00000000012534d5 elmin_()  ???:0
 4 0x0000000001e67467 vamp_IP_electronic_optimization_()  main.f90:0
 5 0x0000000001e40413 MAIN__()  ???:0
 6 0x000000000040963d main()  ???:0
 7 0x0000000000029590 __libc_start_call_main()  ???:0
 8 0x0000000000029640 __libc_start_main_alias_2()  :0
 9 0x0000000000409555 _start()  ???:0
=================================
 4 0x0000000001e67467 vamp_IP_electronic_optimization_()  main.f90:0
==== backtrace (tid: 197707) ====
 0 0x000000000003e6f0 __GI___sigaction()  :0
 1 0x00000000009e0300 hamil_mp_hamiltmu_()  ???:0
 2 0x000000000119090e david_mp_eddav_()  ???:0
 3 0x00000000012534d5 elmin_()  ???:0
 4 0x0000000001e67467 vamp_IP_electronic_optimization_()  main.f90:0
 5 0x0000000001e40413 MAIN__()  ???:0
 6 0x000000000040963d main()  ???:0
 7 0x0000000000029590 __libc_start_call_main()  ???:0
 8 0x0000000000029640 __libc_start_main_alias_2()  :0
 9 0x0000000000409555 _start()  ???:0
=================================
 5 0x0000000001e40413 MAIN__()  ???:0
 6 0x000000000040963d main()  ???:0
 7 0x0000000000029590 __libc_start_call_main()  ???:0
 8 0x0000000000029640 __libc_start_main_alias_2()  :0
 9 0x0000000000409555 _start()  ???:0
=================================
==== backtrace (tid: 197705) ====
 0 0x000000000003e6f0 __GI___sigaction()  :0
 1 0x00000000009e0300 hamil_mp_hamiltmu_()  ???:0
 2 0x000000000119090e david_mp_eddav_()  ???:0
 3 0x00000000012534d5 elmin_()  ???:0
 4 0x0000000001e67467 vamp_IP_electronic_optimization_()  main.f90:0
 5 0x0000000001e40413 MAIN__()  ???:0
 6 0x000000000040963d main()  ???:0
 7 0x0000000000029590 __libc_start_call_main()  ???:0
 8 0x0000000000029640 __libc_start_main_alias_2()  :0
 9 0x0000000000409555 _start()  ???:0
=================================
==== backtrace (tid: 197719) ====
==== backtrace (tid: 197710) ====
 0 0x000000000003e6f0 __GI___sigaction()  :0
 1 0x00000000009e0300 hamil_mp_hamiltmu_()  ???:0
 2 0x000000000119090e david_mp_eddav_()  ???:0
 3 0x00000000012534d5 elmin_()  ???:0
 4 0x0000000001e67467 vamp_IP_electronic_optimization_()  main.f90:0
 5 0x0000000001e40413 MAIN__()  ???:0
 6 0x000000000040963d main()  ???:0
 7 0x0000000000029590 __libc_start_call_main()  ???:0
 8 0x0000000000029640 __libc_start_main_alias_2()  :0
 9 0x0000000000409555 _start()  ???:0
=================================
==== backtrace (tid: 197711) ====
 0 0x000000000003e6f0 __GI___sigaction()  :0
 1 0x00000000009e0300 hamil_mp_hamiltmu_()  ???:0
 2 0x000000000119090e david_mp_eddav_()  ???:0
 3 0x00000000012534d5 elmin_()  ???:0
 4 0x0000000001e67467 vamp_IP_electronic_optimization_()  main.f90:0
 5 0x0000000001e40413 MAIN__()  ???:0
 6 0x000000000040963d main()  ???:0
 7 0x0000000000029590 __libc_start_call_main()  ???:0
 8 0x0000000000029640 __libc_start_main_alias_2()  :0
 9 0x0000000000409555 _start()  ???:0
=================================
 0 0x000000000003e6f0 __GI___sigaction()  :0
 1 0x00000000009e0300 hamil_mp_hamiltmu_()  ???:0
 2 0x000000000119090e david_mp_eddav_()  ???:0
 3 0x00000000012534d5 elmin_()  ???:0
==== backtrace (tid: 197720) ====
 0 0x000000000003e6f0 __GI___sigaction()  :0
 1 0x00000000009e0300 hamil_mp_hamiltmu_()  ???:0
 2 0x000000000119090e david_mp_eddav_()  ???:0
 3 0x00000000012534d5 elmin_()  ???:0
 4 0x0000000001e67467 vamp_IP_electronic_optimization_()  main.f90:0
 5 0x0000000001e40413 MAIN__()  ???:0
 6 0x000000000040963d main()  ???:0
 7 0x0000000000029590 __libc_start_call_main()  ???:0
 8 0x0000000000029640 __libc_start_main_alias_2()  :0
 9 0x0000000000409555 _start()  ???:0
=================================
 4 0x0000000001e67467 vamp_IP_electronic_optimization_()  main.f90:0
==== backtrace (tid: 197718) ====
 0 0x000000000003e6f0 __GI___sigaction()  :0
 1 0x00000000009e0300 hamil_mp_hamiltmu_()  ???:0
 2 0x000000000119090e david_mp_eddav_()  ???:0
 3 0x00000000012534d5 elmin_()  ???:0
 4 0x0000000001e67467 vamp_IP_electronic_optimization_()  main.f90:0
 5 0x0000000001e40413 MAIN__()  ???:0
 6 0x000000000040963d main()  ???:0
 7 0x0000000000029590 __libc_start_call_main()  ???:0
 8 0x0000000000029640 __libc_start_main_alias_2()  :0
 9 0x0000000000409555 _start()  ???:0
=================================
 5 0x0000000001e40413 MAIN__()  ???:0
==== backtrace (tid: 197708) ====
 0 0x000000000003e6f0 __GI___sigaction()  :0
 1 0x00000000009e0300 hamil_mp_hamiltmu_()  ???:0
 2 0x000000000119090e david_mp_eddav_()  ???:0
==== backtrace (tid: 197713) ====
 0 0x000000000003e6f0 __GI___sigaction()  :0
 1 0x00000000009e0300 hamil_mp_hamiltmu_()  ???:0
 2 0x000000000119090e david_mp_eddav_()  ???:0
 3 0x00000000012534d5 elmin_()  ???:0
 4 0x0000000001e67467 vamp_IP_electronic_optimization_()  main.f90:0
 5 0x0000000001e40413 MAIN__()  ???:0
 6 0x000000000040963d main()  ???:0
 7 0x0000000000029590 __libc_start_call_main()  ???:0
 8 0x0000000000029640 __libc_start_main_alias_2()  :0
 9 0x0000000000409555 _start()  ???:0
=================================
 3 0x00000000012534d5 elmin_()  ???:0
 4 0x0000000001e67467 vamp_IP_electronic_optimization_()  main.f90:0
 5 0x0000000001e40413 MAIN__()  ???:0
 6 0x000000000040963d main()  ???:0
 7 0x0000000000029590 __libc_start_call_main()  ???:0
 8 0x0000000000029640 __libc_start_main_alias_2()  :0
 9 0x0000000000409555 _start()  ???:0
=================================
==== backtrace (tid: 197715) ====
 0 0x000000000003e6f0 __GI___sigaction()  :0
 1 0x00000000009e0300 hamil_mp_hamiltmu_()  ???:0
 2 0x000000000119090e david_mp_eddav_()  ???:0
 3 0x00000000012534d5 elmin_()  ???:0
 4 0x0000000001e67467 vamp_IP_electronic_optimization_()  main.f90:0
 5 0x0000000001e40413 MAIN__()  ???:0
 6 0x000000000040963d main()  ???:0
 7 0x0000000000029590 __libc_start_call_main()  ???:0
 8 0x0000000000029640 __libc_start_main_alias_2()  :0
 9 0x0000000000409555 _start()  ???:0
=================================
==== backtrace (tid: 197714) ====
 0 0x000000000003e6f0 __GI___sigaction()  :0
 1 0x00000000009e0300 hamil_mp_hamiltmu_()  ???:0
 2 0x000000000119090e david_mp_eddav_()  ???:0
 3 0x00000000012534d5 elmin_()  ???:0
 4 0x0000000001e67467 vamp_IP_electronic_optimization_()  main.f90:0
 5 0x0000000001e40413 MAIN__()  ???:0
 6 0x000000000040963d main()  ???:0
 7 0x0000000000029590 __libc_start_call_main()  ???:0
 8 0x0000000000029640 __libc_start_main_alias_2()  :0
 9 0x0000000000409555 _start()  ???:0
=================================
==== backtrace (tid: 197716) ====
 0 0x000000000003e6f0 __GI___sigaction()  :0
 1 0x00000000009e0300 hamil_mp_hamiltmu_()  ???:0
 2 0x000000000119090e david_mp_eddav_()  ???:0
 3 0x00000000012534d5 elmin_()  ???:0
 4 0x0000000001e67467 vamp_IP_electronic_optimization_()  main.f90:0
 5 0x0000000001e40413 MAIN__()  ???:0
 6 0x000000000040963d main()  ???:0
 7 0x0000000000029590 __libc_start_call_main()  ???:0
 8 0x0000000000029640 __libc_start_main_alias_2()  :0
 9 0x0000000000409555 _start()  ???:0
=================================
==== backtrace (tid: 197717) ====
 0 0x000000000003e6f0 __GI___sigaction()  :0
 1 0x00000000009e0300 hamil_mp_hamiltmu_()  ???:0
 2 0x000000000119090e david_mp_eddav_()  ???:0
 3 0x00000000012534d5 elmin_()  ???:0
 4 0x0000000001e67467 vamp_IP_electronic_optimization_()  main.f90:0
 5 0x0000000001e40413 MAIN__()  ???:0
 6 0x000000000040963d main()  ???:0
 7 0x0000000000029590 __libc_start_call_main()  ???:0
 8 0x0000000000029640 __libc_start_main_alias_2()  :0
forrtl: severe (174): SIGSEGV, segmentation fault occurred
Image              PC                Routine            Line        Source             
libc.so.6          00007F614DE3E6F0  Unknown               Unknown  Unknown
vasp_std           00000000009E0300  Unknown               Unknown  Unknown
vasp_std           000000000119090E  Unknown               Unknown  Unknown
vasp_std           00000000012534D5  Unknown               Unknown  Unknown
vasp_std           0000000001E67467  Unknown               Unknown  Unknown
vasp_std           0000000001E40413  Unknown               Unknown  Unknown
vasp_std           000000000040963D  Unknown               Unknown  Unknown
libc.so.6          00007F614DE29590  Unknown               Unknown  Unknown
libc.so.6          00007F614DE29640  __libc_start_main     Unknown  Unknown
vasp_std           0000000000409555  Unknown               Unknown  Unknown
 9 0x0000000000409555 _start()  ???:0
=================================
 6 0x000000000040963d main()  ???:0
forrtl: severe (174): SIGSEGV, segmentation fault occurred
Image              PC                Routine            Line        Source             
libc.so.6          00007F8AE7E3E6F0  Unknown               Unknown  Unknown
vasp_std           00000000009E0300  Unknown               Unknown  Unknown
vasp_std           000000000119090E  Unknown               Unknown  Unknown
vasp_std           00000000012534D5  Unknown               Unknown  Unknown
vasp_std           0000000001E67467  Unknown               Unknown  Unknown
vasp_std           0000000001E40413  Unknown               Unknown  Unknown
vasp_std           000000000040963D  Unknown               Unknown  Unknown
libc.so.6          00007F8AE7E29590  Unknown               Unknown  Unknown
libc.so.6          00007F8AE7E29640  __libc_start_main     Unknown  Unknown
vasp_std           0000000000409555  Unknown               Unknown  Unknown
 7 0x0000000000029590 __libc_start_call_main()  ???:0
forrtl: severe (174): SIGSEGV, segmentation fault occurred
Image              PC                Routine            Line        Source             
libc.so.6          00007F2C7FE3E6F0  Unknown               Unknown  Unknown
vasp_std           00000000009E0300  Unknown               Unknown  Unknown
vasp_std           000000000119090E  Unknown               Unknown  Unknown
vasp_std           00000000012534D5  Unknown               Unknown  Unknown
vasp_std           0000000001E67467  Unknown               Unknown  Unknown
vasp_std           0000000001E40413  Unknown               Unknown  Unknown
vasp_std           000000000040963D  Unknown               Unknown  Unknown
libc.so.6          00007F2C7FE29590  Unknown               Unknown  Unknown
libc.so.6          00007F2C7FE29640  __libc_start_main     Unknown  Unknown
vasp_std           0000000000409555  Unknown               Unknown  Unknown
 8 0x0000000000029640 __libc_start_main_alias_2()  :0
 9 0x0000000000409555 _start()  ???:0
=================================
forrtl: severe (174): SIGSEGV, segmentation fault occurred
Image              PC                Routine            Line        Source             
libc.so.6          00007F8FD9E3E6F0  Unknown               Unknown  Unknown
vasp_std           00000000009E0300  Unknown               Unknown  Unknown
vasp_std           000000000119090E  Unknown               Unknown  Unknown
vasp_std           00000000012534D5  Unknown               Unknown  Unknown
vasp_std           0000000001E67467  Unknown               Unknown  Unknown
vasp_std           0000000001E40413  Unknown               Unknown  Unknown
vasp_std           000000000040963D  Unknown               Unknown  Unknown
libc.so.6          00007F8FD9E29590  Unknown               Unknown  Unknown
libc.so.6          00007F8FD9E29640  __libc_start_main     Unknown  Unknown
vasp_std           0000000000409555  Unknown               Unknown  Unknown
forrtl: severe (174): SIGSEGV, segmentation fault occurred
Image              PC                Routine            Line        Source             
libc.so.6          00007F0B5663E6F0  Unknown               Unknown  Unknown
vasp_std           00000000009E0300  Unknown               Unknown  Unknown
vasp_std           000000000119090E  Unknown               Unknown  Unknown
vasp_std           00000000012534D5  Unknown               Unknown  Unknown
vasp_std           0000000001E67467  Unknown               Unknown  Unknown
vasp_std           0000000001E40413  Unknown               Unknown  Unknown
vasp_std           000000000040963D  Unknown               Unknown  Unknown
libc.so.6          00007F0B56629590  Unknown               Unknown  Unknown
libc.so.6          00007F0B56629640  __libc_start_main     Unknown  Unknown
vasp_std           0000000000409555  Unknown               Unknown  Unknown
forrtl: severe (174): SIGSEGV, segmentation fault occurred
Image              PC                Routine            Line        Source             
libc.so.6          00007F2B09E3E6F0  Unknown               Unknown  Unknown
vasp_std           00000000009E0300  Unknown               Unknown  Unknown
vasp_std           000000000119090E  Unknown               Unknown  Unknown
vasp_std           00000000012534D5  Unknown               Unknown  Unknown
vasp_std           0000000001E67467  Unknown               Unknown  Unknown
vasp_std           0000000001E40413  Unknown               Unknown  Unknown
vasp_std           000000000040963D  Unknown               Unknown  Unknown
libc.so.6          00007F2B09E29590  Unknown               Unknown  Unknown
libc.so.6          00007F2B09E29640  __libc_start_main     Unknown  Unknown
vasp_std           0000000000409555  Unknown               Unknown  Unknown
forrtl: severe (174): SIGSEGV, segmentation fault occurred
Image              PC                Routine            Line        Source             
libc.so.6          00007F555003E6F0  Unknown               Unknown  Unknown
vasp_std           00000000009E0300  Unknown               Unknown  Unknown
vasp_std           000000000119090E  Unknown               Unknown  Unknown
vasp_std           00000000012534D5  Unknown               Unknown  Unknown
vasp_std           0000000001E67467  Unknown               Unknown  Unknown
vasp_std           0000000001E40413  Unknown               Unknown  Unknown
vasp_std           000000000040963D  Unknown               Unknown  Unknown
libc.so.6          00007F5550029590  Unknown               Unknown  Unknown
libc.so.6          00007F5550029640  __libc_start_main     Unknown  Unknown
vasp_std           0000000000409555  Unknown               Unknown  Unknown
forrtl: severe (174): SIGSEGV, segmentation fault occurred
Image              PC                Routine            Line        Source             
libc.so.6          00007FBCD243E6F0  Unknown               Unknown  Unknown
vasp_std           00000000009E0300  Unknown               Unknown  Unknown
vasp_std           000000000119090E  Unknown               Unknown  Unknown
vasp_std           00000000012534D5  Unknown               Unknown  Unknown
vasp_std           0000000001E67467  Unknown               Unknown  Unknown
vasp_std           0000000001E40413  Unknown               Unknown  Unknown
vasp_std           000000000040963D  Unknown               Unknown  Unknown
libc.so.6          00007FBCD2429590  Unknown               Unknown  Unknown
libc.so.6          00007FBCD2429640  __libc_start_main     Unknown  Unknown
vasp_std           0000000000409555  Unknown               Unknown  Unknown
forrtl: severe (174): SIGSEGV, segmentation fault occurred
Image              PC                Routine            Line        Source             
libc.so.6          00007FBB5003E6F0  Unknown               Unknown  Unknown
vasp_std           00000000009E0300  Unknown               Unknown  Unknown
vasp_std           000000000119090E  Unknown               Unknown  Unknown
vasp_std           00000000012534D5  Unknown               Unknown  Unknown
vasp_std           0000000001E67467  Unknown               Unknown  Unknown
vasp_std           0000000001E40413  Unknown               Unknown  Unknown
vasp_std           000000000040963D  Unknown               Unknown  Unknown
libc.so.6          00007FBB50029590  Unknown               Unknown  Unknown
libc.so.6          00007FBB50029640  __libc_start_main     Unknown  Unknown
vasp_std           0000000000409555  Unknown               Unknown  Unknown
forrtl: severe (174): SIGSEGV, segmentation fault occurred
Image              PC                Routine            Line        Source             
libc.so.6          00007FAF12A3E6F0  Unknown               Unknown  Unknown
vasp_std           00000000009E0300  Unknown               Unknown  Unknown
vasp_std           000000000119090E  Unknown               Unknown  Unknown
vasp_std           00000000012534D5  Unknown               Unknown  Unknown
vasp_std           0000000001E67467  Unknown               Unknown  Unknown
vasp_std           0000000001E40413  Unknown               Unknown  Unknown
vasp_std           000000000040963D  Unknown               Unknown  Unknown
libc.so.6          00007FAF12A29590  Unknown               Unknown  Unknown
libc.so.6          00007FAF12A29640  __libc_start_main     Unknown  Unknown
vasp_std           0000000000409555  Unknown               Unknown  Unknown
forrtl: severe (174): SIGSEGV, segmentation fault occurred
Image              PC                Routine            Line        Source             
libc.so.6          00007F9B8EE3E6F0  Unknown               Unknown  Unknown
vasp_std           00000000009E0300  Unknown               Unknown  Unknown
vasp_std           000000000119090E  Unknown               Unknown  Unknown
vasp_std           00000000012534D5  Unknown               Unknown  Unknown
vasp_std           0000000001E67467  Unknown               Unknown  Unknown
vasp_std           0000000001E40413  Unknown               Unknown  Unknown
vasp_std           000000000040963D  Unknown               Unknown  Unknown
libc.so.6          00007F9B8EE29590  Unknown               Unknown  Unknown
libc.so.6          00007F9B8EE29640  __libc_start_main     Unknown  Unknown
vasp_std           0000000000409555  Unknown               Unknown  Unknown
forrtl: severe (174): SIGSEGV, segmentation fault occurred
Image              PC                Routine            Line        Source             
libc.so.6          00007F3E6F63E6F0  Unknown               Unknown  Unknown
vasp_std           00000000009E0300  Unknown               Unknown  Unknown
vasp_std           000000000119090E  Unknown               Unknown  Unknown
vasp_std           00000000012534D5  Unknown               Unknown  Unknown
vasp_std           0000000001E67467  Unknown               Unknown  Unknown
vasp_std           0000000001E40413  Unknown               Unknown  Unknown
vasp_std           000000000040963D  Unknown               Unknown  Unknown
libc.so.6          00007F3E6F629590  Unknown               Unknown  Unknown
libc.so.6          00007F3E6F629640  __libc_start_main     Unknown  Unknown
vasp_std           0000000000409555  Unknown               Unknown  Unknown
forrtl: severe (174): SIGSEGV, segmentation fault occurred
Image              PC                Routine            Line        Source             
libc.so.6          00007FAF7CE3E6F0  Unknown               Unknown  Unknown
vasp_std           00000000009E0300  Unknown               Unknown  Unknown
vasp_std           000000000119090E  Unknown               Unknown  Unknown
vasp_std           00000000012534D5  Unknown               Unknown  Unknown
vasp_std           0000000001E67467  Unknown               Unknown  Unknown
vasp_std           0000000001E40413  Unknown               Unknown  Unknown
vasp_std           000000000040963D  Unknown               Unknown  Unknown
libc.so.6          00007FAF7CE29590  Unknown               Unknown  Unknown
libc.so.6          00007FAF7CE29640  __libc_start_main     Unknown  Unknown
vasp_std           0000000000409555  Unknown               Unknown  Unknown
forrtl: severe (174): SIGSEGV, segmentation fault occurred
Image              PC                Routine            Line        Source             
libc.so.6          00007F9C93A3E6F0  Unknown               Unknown  Unknown
vasp_std           00000000009E0300  Unknown               Unknown  Unknown
vasp_std           000000000119090E  Unknown               Unknown  Unknown
vasp_std           00000000012534D5  Unknown               Unknown  Unknown
vasp_std           0000000001E67467  Unknown               Unknown  Unknown
vasp_std           0000000001E40413  Unknown               Unknown  Unknown
vasp_std           000000000040963D  Unknown               Unknown  Unknown
libc.so.6          00007F9C93A29590  Unknown               Unknown  Unknown
libc.so.6          00007F9C93A29640  __libc_start_main     Unknown  Unknown
vasp_std           0000000000409555  Unknown               Unknown  Unknown
==== backtrace (tid: 197706) ====
 0 0x000000000003e6f0 __GI___sigaction()  :0
 1 0x00000000009e0300 hamil_mp_hamiltmu_()  ???:0
 2 0x000000000119090e david_mp_eddav_()  ???:0
 3 0x00000000012534d5 elmin_()  ???:0
 4 0x0000000001e67467 vamp_IP_electronic_optimization_()  main.f90:0
 5 0x0000000001e40413 MAIN__()  ???:0
 6 0x000000000040963d main()  ???:0
 7 0x0000000000029590 __libc_start_call_main()  ???:0
 8 0x0000000000029640 __libc_start_main_alias_2()  :0
 9 0x0000000000409555 _start()  ???:0
forrtl: severe (174): SIGSEGV, segmentation fault occurred
Image              PC                Routine            Line        Source             
libc.so.6          00007F1A9843E6F0  Unknown               Unknown  Unknown
vasp_std           00000000009E0300  Unknown               Unknown  Unknown
vasp_std           000000000119090E  Unknown               Unknown  Unknown
vasp_std           00000000012534D5  Unknown               Unknown  Unknown
vasp_std           0000000001E67467  Unknown               Unknown  Unknown
vasp_std           0000000001E40413  Unknown               Unknown  Unknown
vasp_std           000000000040963D  Unknown               Unknown  Unknown
libc.so.6          00007F1A98429590  Unknown               Unknown  Unknown
libc.so.6          00007F1A98429640  __libc_start_main     Unknown  Unknown
vasp_std           0000000000409555  Unknown               Unknown  Unknown
=================================
forrtl: severe (174): SIGSEGV, segmentation fault occurred
Image              PC                Routine            Line        Source             
libc.so.6          00007F80BA03E6F0  Unknown               Unknown  Unknown
vasp_std           00000000009E0300  Unknown               Unknown  Unknown
vasp_std           000000000119090E  Unknown               Unknown  Unknown
vasp_std           00000000012534D5  Unknown               Unknown  Unknown
vasp_std           0000000001E67467  Unknown               Unknown  Unknown
vasp_std           0000000001E40413  Unknown               Unknown  Unknown
vasp_std           000000000040963D  Unknown               Unknown  Unknown
libc.so.6          00007F80BA029590  Unknown               Unknown  Unknown
libc.so.6          00007F80BA029640  __libc_start_main     Unknown  Unknown
vasp_std           0000000000409555  Unknown               Unknown  Unknown
