Si Bulk DFT energetics calculations using VASP
Running on host: comp170
Working directory: /lustre/home/ah1365/projects/127870/upgrade_report/case_studies/common/structures/interfaces/48_Ge48_001_122_a0.0_b0.0_c0.0_interface4shift1
Job started on: Tue  3 Jun 07:08:06 UTC 2025
cuequivariance or cuequivariance_torch is not available. Cuequivariance acceleration will be disabled.
Using Materials Project MACE for MACECalculator with /lustre/home/ah1365/.cache/mace/MACE_MPtrj_20229model
Using float64 for MACECalculator, which is slower but more accurate. Recommended for geometry optimization.
Using TorchDFTD3Calculator for D3 dispersion corrections
      Step     Time          Energy          fmax
FIRE:    0 08:08:16      -48.657892       86.925069
FIRE:    1 08:08:21      -90.216623       80.687546
FIRE:    2 08:08:24     -123.999289       64.393750
FIRE:    3 08:08:28     -149.578452       43.576222
FIRE:    4 08:08:32     -166.085559       21.469270
FIRE:    5 08:08:36     -176.025788       17.132165
FIRE:    6 08:08:39     -182.850224       13.738213
FIRE:    7 08:08:43     -187.839396       10.001900
FIRE:    8 08:08:47     -191.446849        9.217424
FIRE:    9 08:08:50     -194.170111        9.628576
FIRE:   10 08:08:54     -196.419902        9.434608
FIRE:   11 08:08:58     -198.508149        8.987310
FIRE:   12 08:09:01     -200.586797        7.917366
FIRE:   13 08:09:05     -202.643475        6.360557
FIRE:   14 08:09:09     -204.602331        5.263794
FIRE:   15 08:09:12     -206.400354        4.781506
FIRE:   16 08:09:16     -207.986811        4.012832
FIRE:   17 08:09:20     -209.355824        3.641286
FIRE:   18 08:09:24     -210.527267        3.658353
FIRE:   19 08:09:27     -211.511689        3.347804
FIRE:   20 08:09:31     -212.319984        2.804971
FIRE:   21 08:09:35     -212.966726        2.302898
FIRE:   22 08:09:38     -213.468873        2.487689
FIRE:   23 08:09:42     -213.853680        2.436036
FIRE:   24 08:09:46     -214.154554        2.161638
FIRE:   25 08:09:49     -214.394898        2.102041
FIRE:   26 08:09:53     -214.605405        2.235000
FIRE:   27 08:09:57     -214.849188        2.273421
FIRE:   28 08:10:01     -215.197168        2.187526
FIRE:   29 08:10:04     -215.674484        1.947818
FIRE:   30 08:10:08     -216.244398        1.856126
FIRE:   31 08:10:12     -216.845918        1.682253
FIRE:   32 08:10:15     -217.428088        1.837440
FIRE:   33 08:10:19     -217.977318        1.941573
FIRE:   34 08:10:23     -218.499860        1.864972
FIRE:   35 08:10:27     -218.999829        1.597783
FIRE:   36 08:10:30     -219.471141        1.218161
FIRE:   37 08:10:34     -219.903909        1.064275
FIRE:   38 08:10:38     -220.292941        1.034517
FIRE:   39 08:10:42     -220.639096        1.129032
FIRE:   40 08:10:45     -220.944472        1.105930
FIRE:   41 08:10:49     -221.206760        1.005694
FIRE:   42 08:10:53     -221.420956        0.928692
FIRE:   43 08:10:56     -221.588116        0.992228
FIRE:   44 08:11:00     -221.722011        1.169059
FIRE:   45 08:11:04     -221.839373        1.148024
FIRE:   46 08:11:08     -221.941335        0.922555
FIRE:   47 08:11:11     -222.016022        0.786645
FIRE:   48 08:11:15     -222.063664        0.888277
FIRE:   49 08:11:19     -222.488707        0.476245
FIRE:   50 08:11:23     -222.702537        0.487621
FIRE:   51 08:11:26     -222.889182        0.535675
FIRE:   52 08:11:30     -223.095177        0.485166
FIRE:   53 08:11:34     -223.285401        0.400866
FIRE:   54 08:11:38     -223.445587        0.373023
FIRE:   55 08:11:41     -223.573742        0.394017
FIRE:   56 08:11:45     -223.677383        0.547630
FIRE:   57 08:11:49     -223.789184        0.561838
FIRE:   58 08:11:52     -223.914751        0.424225
FIRE:   59 08:11:56     -224.037785        0.397800
FIRE:   60 08:12:00     -224.168277        0.371943
FIRE:   61 08:12:04     -224.290332        0.268024
FIRE:   62 08:12:07     -224.389974        0.307064
FIRE:   63 08:12:11     -224.476456        0.376940
FIRE:   64 08:12:15     -224.562564        0.332879
FIRE:   65 08:12:18     -224.647855        0.198166
FIRE:   66 08:12:22     -224.723411        0.232962
FIRE:   67 08:12:26     -224.791906        0.277384
FIRE:   68 08:12:29     -224.866750        0.264338
FIRE:   69 08:12:33     -224.954908        0.214942
FIRE:   70 08:12:37     -225.049672        0.202149
FIRE:   71 08:12:41     -225.140023        0.227059
FIRE:   72 08:12:45     -225.227573        0.217666
FIRE:   73 08:12:48     -225.320613        0.205739
FIRE:   74 08:12:52     -225.415600        0.166799
FIRE:   75 08:12:56     -225.501619        0.196172
FIRE:   76 08:12:59     -225.576670        0.193710
FIRE:   77 08:13:03     -225.645371        0.163816
FIRE:   78 08:13:07     -225.706207        0.142400
FIRE:   79 08:13:11     -225.750304        0.128772
FIRE:   80 08:13:14     -225.772973        0.119106
FIRE:   81 08:13:18     -225.781035        0.133810
FIRE:   82 08:13:22     -225.815374        0.209645
FIRE:   83 08:13:26     -225.842011        0.085178
FIRE:   84 08:13:29     -225.847859        0.141463
FIRE:   85 08:13:33     -225.852198        0.111237
FIRE:   86 08:13:37     -225.858378        0.077611
FIRE:   87 08:13:41     -225.863523        0.066248
FIRE:   88 08:13:44     -225.867073        0.092346
FIRE:   89 08:13:48     -225.870996        0.102449
FIRE:   90 08:13:52     -225.877087        0.105730
FIRE:   91 08:13:55     -225.885162        0.090984
FIRE:   92 08:13:59     -225.894477        0.059002
FIRE:   93 08:14:03     -225.903605        0.062360
FIRE:   94 08:14:07     -225.913391        0.065525
FIRE:   95 08:14:10     -225.925602        0.058201
FIRE:   96 08:14:14     -225.939572        0.060171
FIRE:   97 08:14:18     -225.954201        0.062757
FIRE:   98 08:14:22     -225.970077        0.059293
FIRE:   99 08:14:25     -225.988312        0.049411
FIRE:  100 08:14:29     -226.007192        0.053721
FIRE:  101 08:14:33     -226.029213        0.043866
FIRE:  102 08:14:37     -226.051925        0.069451
FIRE:  103 08:14:40     -226.076089        0.057736
FIRE:  104 08:14:44     -226.099388        0.080067
FIRE:  105 08:14:48     -226.126252        0.080231
FIRE:  106 08:14:52     -226.157611        0.124883
FIRE:  107 08:14:55     -226.193663        0.137526
FIRE:  108 08:14:59     -226.231092        0.183887
FIRE:  109 08:15:03     -226.263437        0.151680
FIRE:  110 08:15:07     -226.290548        0.167614
FIRE:  111 08:15:10     -226.319537        0.130583
FIRE:  112 08:15:14     -226.345382        0.141155
FIRE:  113 08:15:18     -226.368092        0.133033
FIRE:  114 08:15:22     -226.392481        0.144729
FIRE:  115 08:15:25     -226.411941        0.106019
FIRE:  116 08:15:29     -226.427020        0.087136
FIRE:  117 08:15:33     -226.439838        0.078707
FIRE:  118 08:15:37     -226.449800        0.052373
FIRE:  119 08:15:40     -226.454424        0.053068
FIRE:  120 08:15:44     -226.458668        0.066257
FIRE:  121 08:15:48     -226.460595        0.028042
FIRE:  122 08:15:51     -226.461360        0.058918
FIRE:  123 08:15:55     -226.461817        0.044719
FIRE:  124 08:15:59     -226.462427        0.025122
FIRE:  125 08:16:03     -226.462894        0.023601
FIRE:  126 08:16:06     -226.463254        0.042800
FIRE:  127 08:16:10     -226.463750        0.047845
FIRE:  128 08:16:14     -226.464519        0.037654
FIRE:  129 08:16:17     -226.465410        0.020681
FIRE:  130 08:16:21     -226.466279        0.023897
FIRE:  131 08:16:25     -226.467109        0.034266
FIRE:  132 08:16:29     -226.468160        0.025084
FIRE:  133 08:16:32     -226.469360        0.019771
FIRE:  134 08:16:36     -226.470474        0.032851
FIRE:  135 08:16:40     -226.471758        0.017462
FIRE:  136 08:16:43     -226.473053        0.027045
FIRE:  137 08:16:47     -226.474411        0.014588
FIRE:  138 08:16:51     -226.475785        0.031397
FIRE:  139 08:16:55     -226.477332        0.020004
FIRE:  140 08:16:58     -226.478960        0.014672
FIRE:  141 08:17:02     -226.480612        0.037540
FIRE:  142 08:17:06     -226.482104        0.081695
FIRE:  143 08:17:09     -226.482947        0.019874
FIRE:  144 08:17:13     -226.482817        0.058020
FIRE:  145 08:17:17     -226.482997        0.047198
FIRE:  146 08:17:21     -226.483236        0.027858
FIRE:  147 08:17:24     -226.483400        0.015433
FIRE:  148 08:17:28     -226.483458        0.028399
FIRE:  149 08:17:32     -226.483472        0.027219
FIRE:  150 08:17:36     -226.483498        0.024922
FIRE:  151 08:17:39     -226.483533        0.021641
FIRE:  152 08:17:43     -226.483570        0.017575
FIRE:  153 08:17:47     -226.483613        0.015026
FIRE:  154 08:17:50     -226.483661        0.015098
FIRE:  155 08:17:54     -226.483711        0.015181
FIRE:  156 08:17:58     -226.483770        0.015269
FIRE:  157 08:18:02     -226.483844        0.015344
FIRE:  158 08:18:05     -226.483932        0.015840
FIRE:  159 08:18:09     -226.484050        0.015797
FIRE:  160 08:18:13     -226.484203        0.015224
FIRE:  161 08:18:17     -226.484386        0.015034
FIRE:  162 08:18:20     -226.484599        0.014821
FIRE:  163 08:18:24     -226.484858        0.014647
FIRE:  164 08:18:28     -226.485174        0.014557
FIRE:  165 08:18:31     -226.485565        0.014593
FIRE:  166 08:18:35     -226.486031        0.014807
FIRE:  167 08:18:39     -226.486592        0.015129
FIRE:  168 08:18:43     -226.487274        0.015359
FIRE:  169 08:18:46     -226.488104        0.015533
FIRE:  170 08:18:50     -226.489144        0.015995
FIRE:  171 08:18:54     -226.490428        0.017054
FIRE:  172 08:18:58     -226.492076        0.018459
FIRE:  173 08:19:01     -226.494210        0.019856
FIRE:  174 08:19:05     -226.497013        0.022204
FIRE:  175 08:19:09     -226.500799        0.025210
FIRE:  176 08:19:12     -226.505966        0.028323
FIRE:  177 08:19:16     -226.513015        0.033117
FIRE:  178 08:19:20     -226.521515        0.094889
FIRE:  179 08:19:24     -226.521450        0.291810
FIRE:  180 08:19:27     -226.534202        0.055991
FIRE:  181 08:19:31     -226.534498        0.041975
FIRE:  182 08:19:35     -226.534887        0.026314
FIRE:  183 08:19:38     -226.535195        0.029830
FIRE:  184 08:19:42     -226.535503        0.036338
FIRE:  185 08:19:46     -226.535997        0.037800
FIRE:  186 08:19:50     -226.536690        0.033188
FIRE:  187 08:19:53     -226.537433        0.026122
FIRE:  188 08:19:57     -226.538202        0.026424
FIRE:  189 08:20:01     -226.539155        0.033681
FIRE:  190 08:20:04     -226.540439        0.023590
FIRE:  191 08:20:08     -226.541855        0.026275
FIRE:  192 08:20:12     -226.543449        0.028830
FIRE:  193 08:20:16     -226.545392        0.019068
FIRE:  194 08:20:19     -226.547363        0.029035
FIRE:  195 08:20:23     -226.549543        0.018182
FIRE:  196 08:20:27     -226.551604        0.017265
FIRE:  197 08:20:31     -226.553376        0.034097
FIRE:  198 08:20:34     -226.554847        0.035808
FIRE:  199 08:20:38     -226.555864        0.043161
FIRE:  200 08:20:42     -226.556182        0.013564
FIRE:  201 08:20:46     -226.556202        0.026846
FIRE:  202 08:20:49     -226.556246        0.022439
FIRE:  203 08:20:53     -226.556310        0.014566
FIRE:  204 08:20:57     -226.556368        0.008545
MACE calculation complete. Energy written to MACE_OUTCAR: -226.556368 eV
Job ended on: Tue  3 Jun 07:20:57 UTC 2025
