Si Bulk DFT energetics calculations using VASP
Running on host: comp194
Working directory: /lustre/home/ah1365/projects/127870/upgrade_report/case_studies/common/structures/interfaces/120_Si72Ge48_011_001_a0.368421_b0.222222_c2.163935_interface6shift1swap7
Job started on: Thu  5 Jun 14:49:01 UTC 2025
cuequivariance or cuequivariance_torch is not available. Cuequivariance acceleration will be disabled.
Using Materials Project MACE for MACECalculator with /lustre/home/ah1365/.cache/mace/MACE_MPtrj_20229model
Using float64 for MACECalculator, which is slower but more accurate. Recommended for geometry optimization.
Using TorchDFTD3Calculator for D3 dispersion corrections
      Step     Time          Energy          fmax
FIRE:    0 15:49:26     -622.058262        1.412051
FIRE:    1 15:49:36     -622.440401        1.351695
FIRE:    2 15:49:45     -623.097456        1.242681
FIRE:    3 15:49:54     -623.864373        1.086551
FIRE:    4 15:50:03     -624.563641        0.906974
FIRE:    5 15:50:13     -625.120539        0.740339
FIRE:    6 15:50:22     -625.593604        0.759669
FIRE:    7 15:50:31     -625.979277        0.679202
FIRE:    8 15:50:41     -626.259666        0.565734
FIRE:    9 15:50:50     -626.521722        0.510629
FIRE:   10 15:50:59     -626.790655        0.417132
FIRE:   11 15:51:09     -627.038148        0.423995
FIRE:   12 15:51:18     -627.263789        0.444507
FIRE:   13 15:51:27     -627.485797        0.461345
FIRE:   14 15:51:36     -627.715684        0.473576
FIRE:   15 15:51:45     -627.947290        0.484351
FIRE:   16 15:51:55     -628.168925        0.496466
FIRE:   17 15:52:04     -628.383417        0.579937
FIRE:   18 15:52:13     -628.611316        0.676674
FIRE:   19 15:52:23     -628.872058        0.748072
FIRE:   20 15:52:32     -629.158298        0.729349
FIRE:   21 15:52:41     -629.433961        0.611440
FIRE:   22 15:52:50     -629.671519        0.485298
FIRE:   23 15:53:00     -629.871075        0.408539
FIRE:   24 15:53:09     -630.029780        0.627408
FIRE:   25 15:53:18     -630.158048        0.853773
FIRE:   26 15:53:28     -630.288085        0.945158
FIRE:   27 15:53:37     -630.456133        0.773935
FIRE:   28 15:53:46     -630.645973        0.598190
FIRE:   29 15:53:56     -630.829474        0.667766
FIRE:   30 15:54:05     -630.995901        0.627457
FIRE:   31 15:54:14     -631.136930        0.539028
FIRE:   32 15:54:23     -631.258799        0.457290
FIRE:   33 15:54:33     -631.358164        0.649372
FIRE:   34 15:54:42     -631.427179        1.047451
FIRE:   35 15:54:51     -631.487770        1.345866
FIRE:   36 15:55:00     -631.590117        1.117857
FIRE:   37 15:55:10     -631.719219        0.555066
FIRE:   38 15:55:19     -631.845171        0.452251
FIRE:   39 15:55:28     -631.968704        0.466482
FIRE:   40 15:55:37     -632.093911        0.638223
FIRE:   41 15:55:47     -632.224047        0.634828
FIRE:   42 15:55:56     -632.360059        0.483757
FIRE:   43 15:56:05     -632.500788        0.415978
FIRE:   44 15:56:14     -632.641029        0.440245
FIRE:   45 15:56:24     -632.774953        0.459710
FIRE:   46 15:56:33     -632.902690        0.454148
FIRE:   47 15:56:42     -633.028879        0.440389
FIRE:   48 15:56:51     -633.155608        0.352069
FIRE:   49 15:57:01     -633.279721        0.382384
FIRE:   50 15:57:10     -633.396303        0.356817
FIRE:   51 15:57:19     -633.501967        0.290479
FIRE:   52 15:57:29     -633.594937        0.309216
FIRE:   53 15:57:38     -633.673185        0.310515
FIRE:   54 15:57:47     -633.733935        0.241164
FIRE:   55 15:57:56     -633.775886        0.268937
FIRE:   56 15:58:06     -633.802369        0.302000
FIRE:   57 15:58:15     -633.820868        0.260116
FIRE:   58 15:58:24     -633.838159        0.227673
FIRE:   59 15:58:33     -633.855915        0.227761
FIRE:   60 15:58:43     -633.871360        0.282730
FIRE:   61 15:58:52     -633.967059        0.317242
FIRE:   62 15:59:01     -634.033902        0.155201
FIRE:   63 15:59:10     -634.060346        0.238197
FIRE:   64 15:59:20     -634.074417        0.086499
FIRE:   65 15:59:29     -634.082186        0.118586
FIRE:   66 15:59:38     -634.083547        0.101161
FIRE:   67 15:59:47     -634.085717        0.069042
FIRE:   68 15:59:57     -634.087941        0.034904
FIRE:   69 16:00:06     -634.089806        0.033405
FIRE:   70 16:00:15     -634.091477        0.063625
FIRE:   71 16:00:24     -634.093381        0.074943
FIRE:   72 16:00:34     -634.095717        0.065433
FIRE:   73 16:00:43     -634.098467        0.041306
FIRE:   74 16:00:52     -634.101044        0.026672
FIRE:   75 16:01:01     -634.103358        0.055212
FIRE:   76 16:01:11     -634.106190        0.063356
FIRE:   77 16:01:20     -634.109707        0.031897
FIRE:   78 16:01:29     -634.112789        0.030537
FIRE:   79 16:01:38     -634.115526        0.046604
FIRE:   80 16:01:48     -634.118454        0.021713
FIRE:   81 16:01:57     -634.120674        0.048800
FIRE:   82 16:02:06     -634.123036        0.027133
FIRE:   83 16:02:15     -634.125100        0.047109
FIRE:   84 16:02:25     -634.128376        0.034920
FIRE:   85 16:02:34     -634.134376        0.041671
FIRE:   86 16:02:43     -634.146773        0.051995
FIRE:   87 16:02:52     -634.165275        0.068384
FIRE:   88 16:03:02     -634.174674        0.100271
FIRE:   89 16:03:11     -634.181365        0.039134
FIRE:   90 16:03:20     -634.181574        0.079902
FIRE:   91 16:03:29     -634.183086        0.062059
FIRE:   92 16:03:39     -634.184821        0.032047
FIRE:   93 16:03:48     -634.185469        0.029457
FIRE:   94 16:03:57     -634.185525        0.027821
FIRE:   95 16:04:06     -634.185627        0.024720
FIRE:   96 16:04:16     -634.185770        0.020519
FIRE:   97 16:04:25     -634.185940        0.016620
FIRE:   98 16:04:34     -634.186124        0.013459
FIRE:   99 16:04:43     -634.186322        0.012647
FIRE:  100 16:04:53     -634.186533        0.014749
FIRE:  101 16:05:02     -634.186788        0.017335
FIRE:  102 16:05:11     -634.187095        0.018067
FIRE:  103 16:05:20     -634.187479        0.016226
FIRE:  104 16:05:30     -634.187931        0.012961
FIRE:  105 16:05:39     -634.188448        0.011373
FIRE:  106 16:05:48     -634.189008        0.013330
FIRE:  107 16:05:57     -634.189627        0.014615
FIRE:  108 16:06:07     -634.190327        0.010653
FIRE:  109 16:06:16     -634.191079        0.008886
MACE calculation complete. Energy written to MACE_OUTCAR: -634.191079 eV
Job ended on: Thu  5 Jun 15:06:17 UTC 2025
