Si Bulk DFT energetics calculations using VASP
Running on host: comp102
Working directory: /lustre/home/ah1365/projects/127870/upgrade_report/case_studies/common/structures/interfaces/120_Si36C84_012_012_a0.234848_b0.012346_c1.680068_interface13shift8
Job started on: Thu  5 Jun 09:56:55 UTC 2025
cuequivariance or cuequivariance_torch is not available. Cuequivariance acceleration will be disabled.
Using Materials Project MACE for MACECalculator with /lustre/home/ah1365/.cache/mace/MACE_MPtrj_20229model
Using float64 for MACECalculator, which is slower but more accurate. Recommended for geometry optimization.
Using TorchDFTD3Calculator for D3 dispersion corrections
      Step     Time          Energy          fmax
FIRE:    0 10:57:13     -840.616849        4.438536
FIRE:    1 10:57:24     -846.233989        3.814673
FIRE:    2 10:57:35     -851.170067        3.316794
FIRE:    3 10:57:45     -855.499115        2.890895
FIRE:    4 10:57:56     -859.285382        2.503380
FIRE:    5 10:58:07     -862.572646        2.230031
FIRE:    6 10:58:17     -865.393986        1.977710
FIRE:    7 10:58:28     -867.782785        1.743447
FIRE:    8 10:58:39     -869.785903        1.646477
FIRE:    9 10:58:49     -871.463884        1.647677
FIRE:   10 10:59:00     -872.879304        1.625863
FIRE:   11 10:59:11     -874.073197        1.459017
FIRE:   12 10:59:22     -875.053555        1.265014
FIRE:   13 10:59:32     -875.818177        1.270380
FIRE:   14 10:59:43     -876.398046        1.271643
FIRE:   15 10:59:54     -876.873283        1.306077
FIRE:   16 11:00:04     -877.325353        1.408304
FIRE:   17 11:00:15     -877.766133        1.110086
FIRE:   18 11:00:26     -878.185248        1.175965
FIRE:   19 11:00:37     -878.638121        1.292818
FIRE:   20 11:00:47     -879.194491        1.288000
FIRE:   21 11:00:58     -879.889241        1.398228
FIRE:   22 11:01:09     -880.739033        1.581138
FIRE:   23 11:01:19     -881.692527        1.518754
FIRE:   24 11:01:30     -882.652929        1.550956
FIRE:   25 11:01:41     -883.610760        1.979659
FIRE:   26 11:01:52     -884.651094        2.552709
FIRE:   27 11:02:02     -885.846474        3.168479
FIRE:   28 11:02:13     -887.214709        3.609197
FIRE:   29 11:02:24     -888.710968        3.522657
FIRE:   30 11:02:34     -890.176708        2.928082
FIRE:   31 11:02:45     -891.427353        2.351353
FIRE:   32 11:02:56     -892.348456        3.469281
FIRE:   33 11:03:06     -893.220877        4.693698
FIRE:   34 11:03:17     -894.351525        3.760089
FIRE:   35 11:03:28     -895.499842        1.676622
FIRE:   36 11:03:38     -896.438801        1.849942
FIRE:   37 11:03:49     -897.279779        2.664680
FIRE:   38 11:04:00     -898.201028        3.125917
FIRE:   39 11:04:10     -899.294207        3.147799
FIRE:   40 11:04:21     -900.534756        3.419663
FIRE:   41 11:04:31     -901.868165        3.556930
FIRE:   42 11:04:42     -903.204053        3.221595
FIRE:   43 11:04:53     -904.406758        2.547206
FIRE:   44 11:05:03     -905.320612        3.510511
FIRE:   45 11:05:14     -906.060181        5.526571
FIRE:   46 11:05:25     -906.948390        6.119053
FIRE:   47 11:05:35     -908.068318        4.406062
FIRE:   48 11:05:46     -909.010842        1.916080
FIRE:   49 11:05:56     -909.506736        2.007364
FIRE:   50 11:06:07     -909.674696        3.669466
FIRE:   51 11:06:18     -910.758045        2.215475
FIRE:   52 11:06:28     -911.068354        4.785258
FIRE:   53 11:06:39     -911.387891        3.800138
FIRE:   54 11:06:49     -911.708966        2.530695
FIRE:   55 11:07:00     -911.997269        1.009652
FIRE:   56 11:07:11     -912.009259        3.073099
FIRE:   57 11:07:21     -912.066445        2.611396
FIRE:   58 11:07:32     -912.156486        1.805005
FIRE:   59 11:07:42     -912.246807        0.966665
FIRE:   60 11:07:53     -912.316630        0.957901
FIRE:   61 11:08:04     -912.368194        0.963160
FIRE:   62 11:08:14     -912.420472        1.394868
FIRE:   63 11:08:25     -912.492225        1.583818
FIRE:   64 11:08:36     -912.603881        1.515116
FIRE:   65 11:08:46     -912.757310        1.147971
FIRE:   66 11:08:57     -912.933806        0.870461
FIRE:   67 11:09:08     -913.106923        0.848256
FIRE:   68 11:09:18     -913.291569        1.409569
FIRE:   69 11:09:29     -913.539667        1.164527
FIRE:   70 11:09:39     -913.834514        0.718497
FIRE:   71 11:09:50     -914.117125        1.011426
FIRE:   72 11:10:00     -914.433877        1.002967
FIRE:   73 11:10:11     -914.775752        0.357194
FIRE:   74 11:10:22     -915.066742        1.058355
FIRE:   75 11:10:32     -915.339442        0.576239
FIRE:   76 11:10:43     -915.542820        0.808432
FIRE:   77 11:10:53     -915.760260        0.644139
FIRE:   78 11:11:04     -915.945738        0.692608
FIRE:   79 11:11:15     -916.120523        0.445769
FIRE:   80 11:11:25     -916.267608        0.492321
FIRE:   81 11:11:36     -916.420260        0.623274
FIRE:   82 11:11:46     -916.619408        0.652273
FIRE:   83 11:11:57     -916.867666        0.756015
FIRE:   84 11:12:07     -917.172320        0.853926
FIRE:   85 11:12:18     -917.521165        0.923452
FIRE:   86 11:12:29     -917.896018        0.935258
FIRE:   87 11:12:39     -918.283178        0.837372
FIRE:   88 11:12:50     -918.644508        0.594677
FIRE:   89 11:13:00     -918.941655        0.378632
FIRE:   90 11:13:11     -919.164972        0.353515
FIRE:   91 11:13:22     -919.334414        0.341460
FIRE:   92 11:13:32     -919.464764        0.538560
FIRE:   93 11:13:43     -919.585957        0.683840
FIRE:   94 11:13:53     -919.729403        0.719103
FIRE:   95 11:14:04     -919.909225        0.596427
FIRE:   96 11:14:15     -920.113656        0.576812
FIRE:   97 11:14:25     -920.331945        0.628189
FIRE:   98 11:14:36     -920.561289        0.607726
FIRE:   99 11:14:46     -920.765798        0.477105
FIRE:  100 11:14:57     -920.922776        0.321329
FIRE:  101 11:15:08     -921.035889        0.351231
FIRE:  102 11:15:18     -921.125139        0.365519
FIRE:  103 11:15:29     -921.201058        0.334887
FIRE:  104 11:15:39     -921.254255        0.375524
FIRE:  105 11:15:50     -921.279288        0.344570
FIRE:  106 11:16:01     -921.323646        1.473192
FIRE:  107 11:16:11     -920.152002        5.768023
FIRE:  108 11:16:22     -921.272927        2.294550
FIRE:  109 11:16:32     -921.372332        1.454712
FIRE:  110 11:16:43     -921.433959        0.176591
FIRE:  111 11:16:53     -921.434451        0.164067
FIRE:  112 11:17:04     -921.435361        0.163709
FIRE:  113 11:17:15     -921.436580        0.163171
FIRE:  114 11:17:25     -921.437994        0.162454
FIRE:  115 11:17:36     -921.439545        0.161556
FIRE:  116 11:17:46     -921.441242        0.160482
FIRE:  117 11:17:57     -921.443135        0.159242
FIRE:  118 11:18:08     -921.445521        0.157689
FIRE:  119 11:18:18     -921.448517        0.155759
FIRE:  120 11:18:29     -921.452171        0.153365
FIRE:  121 11:18:39     -921.456515        0.150396
FIRE:  122 11:18:50     -921.461662        0.146719
FIRE:  123 11:19:00     -921.467802        0.142183
FIRE:  124 11:19:11     -921.474989        0.136603
FIRE:  125 11:19:22     -921.483193        0.129774
FIRE:  126 11:19:32     -921.492668        0.121540
FIRE:  127 11:19:43     -921.503345        0.111755
FIRE:  128 11:19:53     -921.515060        0.100348
FIRE:  129 11:20:04     -921.527778        0.088170
FIRE:  130 11:20:15     -921.541113        0.086966
FIRE:  131 11:20:25     -921.554594        0.084732
FIRE:  132 11:20:36     -921.567801        0.119990
FIRE:  133 11:20:46     -921.579969        0.199145
FIRE:  134 11:20:57     -921.589423        0.390546
FIRE:  135 11:21:08     -921.590554        0.784414
FIRE:  136 11:21:18     -921.602156        0.114950
FIRE:  137 11:21:29     -921.595302        0.682085
FIRE:  138 11:21:39     -921.598611        0.523049
FIRE:  139 11:21:50     -921.602441        0.247170
FIRE:  140 11:22:01     -921.603725        0.075801
FIRE:  141 11:22:11     -921.603756        0.071636
FIRE:  142 11:22:22     -921.603817        0.063550
FIRE:  143 11:22:32     -921.603902        0.061367
FIRE:  144 11:22:43     -921.604008        0.061287
FIRE:  145 11:22:54     -921.604130        0.061185
FIRE:  146 11:23:04     -921.604265        0.061064
FIRE:  147 11:23:15     -921.604413        0.060921
FIRE:  148 11:23:25     -921.604594        0.060741
FIRE:  149 11:23:36     -921.604821        0.060515
FIRE:  150 11:23:47     -921.605107        0.060237
FIRE:  151 11:23:57     -921.605465        0.059898
FIRE:  152 11:24:08     -921.605912        0.059488
FIRE:  153 11:24:19     -921.606449        0.058996
FIRE:  154 11:24:29     -921.607086        0.058412
FIRE:  155 11:24:40     -921.607843        0.057727
FIRE:  156 11:24:50     -921.608753        0.056935
FIRE:  157 11:25:01     -921.609833        0.056024
FIRE:  158 11:25:11     -921.611073        0.054976
FIRE:  159 11:25:22     -921.612505        0.053773
FIRE:  160 11:25:33     -921.614144        0.052395
FIRE:  161 11:25:43     -921.615966        0.050810
FIRE:  162 11:25:54     -921.618003        0.048987
FIRE:  163 11:26:04     -921.620215        0.046847
FIRE:  164 11:26:15     -921.622610        0.044359
FIRE:  165 11:26:26     -921.625183        0.041611
FIRE:  166 11:26:36     -921.627951        0.038806
FIRE:  167 11:26:47     -921.630911        0.055407
FIRE:  168 11:26:57     -921.633781        0.157486
FIRE:  169 11:27:08     -921.635036        0.385802
FIRE:  170 11:27:18     -921.637631        0.038563
FIRE:  171 11:27:29     -921.635971        0.340872
FIRE:  172 11:27:40     -921.636776        0.260579
FIRE:  173 11:27:50     -921.637695        0.120320
FIRE:  174 11:28:01     -921.637969        0.045210
FIRE:  175 11:28:11     -921.637978        0.042651
FIRE:  176 11:28:22     -921.637995        0.037692
FIRE:  177 11:28:33     -921.638018        0.032654
FIRE:  178 11:28:43     -921.638047        0.032646
FIRE:  179 11:28:54     -921.638078        0.032636
FIRE:  180 11:29:04     -921.638113        0.032623
FIRE:  181 11:29:15     -921.638149        0.032607
FIRE:  182 11:29:26     -921.638194        0.032586
FIRE:  183 11:29:36     -921.638249        0.032557
FIRE:  184 11:29:47     -921.638321        0.032521
FIRE:  185 11:29:57     -921.638415        0.032473
FIRE:  186 11:30:08     -921.638530        0.032412
FIRE:  187 11:30:19     -921.638668        0.032334
FIRE:  188 11:30:29     -921.638831        0.032236
FIRE:  189 11:30:40     -921.639027        0.032114
FIRE:  190 11:30:51     -921.639270        0.031962
FIRE:  191 11:31:01     -921.639566        0.031774
FIRE:  192 11:31:12     -921.639910        0.031536
FIRE:  193 11:31:22     -921.640325        0.031307
FIRE:  194 11:31:33     -921.640814        0.031102
FIRE:  195 11:31:43     -921.641384        0.030880
FIRE:  196 11:31:54     -921.642059        0.030646
FIRE:  197 11:32:05     -921.642832        0.030401
FIRE:  198 11:32:15     -921.643751        0.030155
FIRE:  199 11:32:26     -921.644823        0.029944
FIRE:  200 11:32:36     -921.646079        0.029816
FIRE:  201 11:32:47     -921.647545        0.039660
FIRE:  202 11:32:57     -921.649146        0.103701
FIRE:  203 11:33:08     -921.650215        0.256248
FIRE:  204 11:33:19     -921.651370        0.030779
FIRE:  205 11:33:29     -921.650644        0.230623
FIRE:  206 11:33:40     -921.651023        0.174906
FIRE:  207 11:33:50     -921.651449        0.077677
FIRE:  208 11:34:01     -921.651567        0.036147
FIRE:  209 11:34:12     -921.651573        0.033974
FIRE:  210 11:34:22     -921.651584        0.030787
FIRE:  211 11:34:33     -921.651600        0.030788
FIRE:  212 11:34:43     -921.651618        0.030791
FIRE:  213 11:34:54     -921.651638        0.030794
FIRE:  214 11:35:05     -921.651660        0.030798
FIRE:  215 11:35:15     -921.651681        0.030802
FIRE:  216 11:35:26     -921.651709        0.030807
FIRE:  217 11:35:36     -921.651745        0.030814
FIRE:  218 11:35:47     -921.651792        0.030822
FIRE:  219 11:35:58     -921.651852        0.030832
FIRE:  220 11:36:08     -921.651927        0.030846
FIRE:  221 11:36:19     -921.652019        0.030864
FIRE:  222 11:36:29     -921.652129        0.030889
FIRE:  223 11:36:40     -921.652264        0.030923
FIRE:  224 11:36:50     -921.652432        0.030969
FIRE:  225 11:37:01     -921.652637        0.031032
FIRE:  226 11:37:11     -921.652885        0.031117
FIRE:  227 11:37:22     -921.653187        0.031231
FIRE:  228 11:37:33     -921.653558        0.031382
FIRE:  229 11:37:43     -921.654007        0.031585
FIRE:  230 11:37:54     -921.654558        0.031859
FIRE:  231 11:38:04     -921.655226        0.032225
FIRE:  232 11:38:15     -921.656046        0.032712
FIRE:  233 11:38:26     -921.657049        0.033368
FIRE:  234 11:38:36     -921.658288        0.034253
FIRE:  235 11:38:47     -921.659804        0.035440
FIRE:  236 11:38:57     -921.661600        0.083775
FIRE:  237 11:39:08     -921.663085        0.235844
FIRE:  238 11:39:19     -921.664079        0.039118
FIRE:  239 11:39:29     -921.663496        0.214279
FIRE:  240 11:39:40     -921.663839        0.160608
FIRE:  241 11:39:50     -921.664221        0.067406
FIRE:  242 11:40:01     -921.664324        0.040322
FIRE:  243 11:40:12     -921.664331        0.039327
FIRE:  244 11:40:22     -921.664345        0.039334
FIRE:  245 11:40:33     -921.664364        0.039345
FIRE:  246 11:40:43     -921.664388        0.039360
FIRE:  247 11:40:54     -921.664413        0.039378
FIRE:  248 11:41:05     -921.664441        0.039400
FIRE:  249 11:41:15     -921.664470        0.039426
FIRE:  250 11:41:26     -921.664506        0.039459
FIRE:  251 11:41:36     -921.664552        0.039500
FIRE:  252 11:41:47     -921.664612        0.039551
FIRE:  253 11:41:58     -921.664691        0.039613
FIRE:  254 11:42:08     -921.664788        0.039692
FIRE:  255 11:42:19     -921.664906        0.039789
FIRE:  256 11:42:29     -921.665046        0.039912
FIRE:  257 11:42:40     -921.665226        0.040067
FIRE:  258 11:42:51     -921.665447        0.040259
FIRE:  259 11:43:01     -921.665722        0.040500
FIRE:  260 11:43:12     -921.666056        0.040802
FIRE:  261 11:43:22     -921.666473        0.041177
FIRE:  262 11:43:33     -921.666989        0.041645
FIRE:  263 11:43:44     -921.667619        0.042232
FIRE:  264 11:43:54     -921.668407        0.042968
FIRE:  265 11:44:05     -921.669379        0.043890
FIRE:  266 11:44:15     -921.670592        0.045038
FIRE:  267 11:44:26     -921.672120        0.046477
FIRE:  268 11:44:36     -921.674040        0.048273
FIRE:  269 11:44:47     -921.676469        0.050505
FIRE:  270 11:44:58     -921.679505        0.066881
FIRE:  271 11:45:08     -921.682586        0.231721
FIRE:  272 11:45:19     -921.677974        0.811334
FIRE:  273 11:45:29     -921.687638        0.218485
FIRE:  274 11:45:40     -921.688084        0.152194
FIRE:  275 11:45:51     -921.688520        0.060333
FIRE:  276 11:46:01     -921.688567        0.082287
FIRE:  277 11:46:12     -921.688594        0.075853
FIRE:  278 11:46:22     -921.688641        0.063517
FIRE:  279 11:46:33     -921.688702        0.060484
FIRE:  280 11:46:44     -921.688768        0.060511
FIRE:  281 11:46:54     -921.688830        0.060546
FIRE:  282 11:47:05     -921.688890        0.060590
FIRE:  283 11:47:15     -921.688955        0.060642
FIRE:  284 11:47:26     -921.689036        0.060709
FIRE:  285 11:47:37     -921.689147        0.060794
FIRE:  286 11:47:47     -921.689299        0.060900
FIRE:  287 11:47:58     -921.689493        0.061031
FIRE:  288 11:48:08     -921.689723        0.061195
FIRE:  289 11:48:19     -921.689986        0.061399
FIRE:  290 11:48:30     -921.690315        0.061647
FIRE:  291 11:48:40     -921.690743        0.061947
FIRE:  292 11:48:51     -921.691269        0.062312
FIRE:  293 11:49:01     -921.691890        0.062760
FIRE:  294 11:49:12     -921.692680        0.063308
FIRE:  295 11:49:23     -921.693650        0.063971
FIRE:  296 11:49:33     -921.694836        0.064761
FIRE:  297 11:49:44     -921.696308        0.065685
FIRE:  298 11:49:55     -921.698102        0.066769
FIRE:  299 11:50:05     -921.700323        0.068018
FIRE:  300 11:50:16     -921.703066        0.069392
FIRE:  301 11:50:26     -921.706422        0.070872
FIRE:  302 11:50:37     -921.710505        0.072349
FIRE:  303 11:50:48     -921.715308        0.089089
FIRE:  304 11:50:58     -921.719217        0.345905
FIRE:  305 11:51:09     -921.703299        1.174648
FIRE:  306 11:51:19     -921.726226        0.269197
FIRE:  307 11:51:30     -921.726894        0.181539
FIRE:  308 11:51:41     -921.727482        0.072470
FIRE:  309 11:51:51     -921.727434        0.111882
FIRE:  310 11:52:02     -921.727475        0.102962
FIRE:  311 11:52:12     -921.727548        0.085832
FIRE:  312 11:52:23     -921.727635        0.072385
FIRE:  313 11:52:34     -921.727720        0.072378
FIRE:  314 11:52:44     -921.727790        0.072367
FIRE:  315 11:52:55     -921.727844        0.072351
FIRE:  316 11:53:05     -921.727894        0.072331
FIRE:  317 11:53:16     -921.727964        0.072303
FIRE:  318 11:53:27     -921.728071        0.072266
FIRE:  319 11:53:37     -921.728228        0.072218
FIRE:  320 11:53:48     -921.728428        0.072155
FIRE:  321 11:53:58     -921.728647        0.072076
FIRE:  322 11:54:09     -921.728884        0.071977
FIRE:  323 11:54:20     -921.729183        0.071855
FIRE:  324 11:54:30     -921.729586        0.071705
FIRE:  325 11:54:41     -921.730070        0.071515
FIRE:  326 11:54:51     -921.730612        0.071257
FIRE:  327 11:55:02     -921.731312        0.070905
FIRE:  328 11:55:12     -921.732150        0.070422
FIRE:  329 11:55:23     -921.733142        0.069770
FIRE:  330 11:55:34     -921.734355        0.068894
FIRE:  331 11:55:44     -921.735779        0.067672
FIRE:  332 11:55:55     -921.737451        0.065984
FIRE:  333 11:56:05     -921.739420        0.063748
FIRE:  334 11:56:16     -921.741675        0.060710
FIRE:  335 11:56:27     -921.744206        0.056627
FIRE:  336 11:56:37     -921.746687        0.127952
FIRE:  337 11:56:48     -921.746401        0.434577
FIRE:  338 11:56:58     -921.749791        0.050818
FIRE:  339 11:57:09     -921.749824        0.043714
FIRE:  340 11:57:20     -921.749870        0.043669
FIRE:  341 11:57:30     -921.749908        0.043598
FIRE:  342 11:57:41     -921.749947        0.043499
FIRE:  343 11:57:51     -921.750005        0.043373
FIRE:  344 11:58:02     -921.750088        0.043221
FIRE:  345 11:58:12     -921.750184        0.043045
FIRE:  346 11:58:23     -921.750287        0.042816
FIRE:  347 11:58:34     -921.750410        0.042526
FIRE:  348 11:58:44     -921.750580        0.042165
FIRE:  349 11:58:55     -921.750785        0.041709
FIRE:  350 11:59:05     -921.751018        0.041115
FIRE:  351 11:59:16     -921.751323        0.040355
FIRE:  352 11:59:26     -921.751667        0.039373
FIRE:  353 11:59:37     -921.752092        0.038143
FIRE:  354 11:59:48     -921.752572        0.036562
FIRE:  355 11:59:58     -921.753142        0.034566
FIRE:  356 12:00:09     -921.753791        0.032106
FIRE:  357 12:00:20     -921.754514        0.029026
FIRE:  358 12:00:30     -921.755293        0.025201
FIRE:  359 12:00:41     -921.756028        0.064075
FIRE:  360 12:00:51     -921.755603        0.277268
FIRE:  361 12:01:02     -921.756786        0.057528
FIRE:  362 12:01:13     -921.756817        0.040200
FIRE:  363 12:01:23     -921.756847        0.014811
FIRE:  364 12:01:34     -921.756850        0.021121
FIRE:  365 12:01:44     -921.756852        0.019580
FIRE:  366 12:01:55     -921.756855        0.016619
FIRE:  367 12:02:06     -921.756859        0.014758
FIRE:  368 12:02:17     -921.756863        0.014745
FIRE:  369 12:02:27     -921.756867        0.014727
FIRE:  370 12:02:38     -921.756871        0.014706
FIRE:  371 12:02:49     -921.756875        0.014682
FIRE:  372 12:02:59     -921.756880        0.014653
FIRE:  373 12:03:10     -921.756886        0.014616
FIRE:  374 12:03:20     -921.756896        0.014572
FIRE:  375 12:03:31     -921.756908        0.014518
FIRE:  376 12:03:41     -921.756922        0.014452
FIRE:  377 12:03:52     -921.756938        0.014367
FIRE:  378 12:04:03     -921.756957        0.014262
FIRE:  379 12:04:13     -921.756983        0.014129
FIRE:  380 12:04:24     -921.757014        0.013964
FIRE:  381 12:04:34     -921.757049        0.013758
FIRE:  382 12:04:45     -921.757096        0.013507
FIRE:  383 12:04:56     -921.757148        0.013198
FIRE:  384 12:05:06     -921.757209        0.012815
FIRE:  385 12:05:17     -921.757281        0.012342
FIRE:  386 12:05:27     -921.757366        0.011758
FIRE:  387 12:05:38     -921.757462        0.011052
FIRE:  388 12:05:48     -921.757572        0.010191
FIRE:  389 12:05:59     -921.757694        0.009155
MACE calculation complete. Energy written to MACE_OUTCAR: -921.757694 eV
Job ended on: Thu  5 Jun 11:06:00 UTC 2025
