Si Bulk DFT energetics calculations using VASP
Running on host: comp050
Working directory: /lustre/home/ah1365/projects/127870/upgrade_report/case_studies/common/structures/interfaces/48_Ge48_001_122_a0.329114_b0.071429_c1.091038_interface4shift1
Job started on: Tue  3 Jun 13:24:10 UTC 2025
cuequivariance or cuequivariance_torch is not available. Cuequivariance acceleration will be disabled.
Using Materials Project MACE for MACECalculator with /lustre/home/ah1365/.cache/mace/MACE_MPtrj_20229model
Using float64 for MACECalculator, which is slower but more accurate. Recommended for geometry optimization.
Using TorchDFTD3Calculator for D3 dispersion corrections
      Step     Time          Energy          fmax
FIRE:    0 14:24:21     -214.432904       14.583076
FIRE:    1 14:24:25     -218.651026        7.085870
FIRE:    2 14:24:28     -220.524539        1.853879
FIRE:    3 14:24:32     -220.853772        2.987463
FIRE:    4 14:24:35     -221.006563        2.746658
FIRE:    5 14:24:39     -221.265276        2.312756
FIRE:    6 14:24:42     -221.560786        1.850667
FIRE:    7 14:24:46     -221.837801        1.385804
FIRE:    8 14:24:49     -222.080976        1.272122
FIRE:    9 14:24:53     -222.310472        1.478978
FIRE:   10 14:24:56     -222.552110        1.591552
FIRE:   11 14:25:00     -222.840956        1.427500
FIRE:   12 14:25:03     -223.160006        1.021156
FIRE:   13 14:25:06     -223.463079        0.719417
FIRE:   14 14:25:10     -223.697294        0.541522
FIRE:   15 14:25:13     -223.837971        0.503682
FIRE:   16 14:25:17     -223.894341        0.651297
FIRE:   17 14:25:20     -223.900843        0.631855
FIRE:   18 14:25:24     -223.913324        0.593658
FIRE:   19 14:25:27     -223.930797        0.538099
FIRE:   20 14:25:31     -223.951931        0.467303
FIRE:   21 14:25:34     -223.975214        0.384186
FIRE:   22 14:25:38     -223.999119        0.292658
FIRE:   23 14:25:41     -224.022415        0.223670
FIRE:   24 14:25:45     -224.046413        0.202259
FIRE:   25 14:25:48     -224.070345        0.220416
FIRE:   26 14:25:51     -224.094184        0.266300
FIRE:   27 14:25:55     -224.119080        0.313386
FIRE:   28 14:25:58     -224.146918        0.339916
FIRE:   29 14:26:02     -224.179033        0.333661
FIRE:   30 14:26:05     -224.214682        0.294675
FIRE:   31 14:26:09     -224.250798        0.242641
FIRE:   32 14:26:12     -224.285070        0.220351
FIRE:   33 14:26:16     -224.319960        0.244417
FIRE:   34 14:26:19     -224.359735        0.274317
FIRE:   35 14:26:23     -224.404817        0.285900
FIRE:   36 14:26:26     -224.456058        0.295937
FIRE:   37 14:26:30     -224.520371        0.309116
FIRE:   38 14:26:33     -224.605179        0.301389
FIRE:   39 14:26:37     -224.711187        0.270119
FIRE:   40 14:26:40     -224.828927        0.298977
FIRE:   41 14:26:44     -224.955343        0.237172
FIRE:   42 14:26:47     -225.083184        0.239834
FIRE:   43 14:26:51     -225.211655        0.224394
FIRE:   44 14:26:54     -225.338931        0.241266
FIRE:   45 14:26:58     -225.460629        0.271002
FIRE:   46 14:27:01     -225.573588        0.298832
FIRE:   47 14:27:05     -225.677107        0.298649
FIRE:   48 14:27:08     -225.770391        0.256491
FIRE:   49 14:27:12     -225.850352        0.193552
FIRE:   50 14:27:15     -225.915385        0.156173
FIRE:   51 14:27:19     -225.966995        0.134519
FIRE:   52 14:27:22     -226.006468        0.126317
FIRE:   53 14:27:26     -226.035455        0.142284
FIRE:   54 14:27:29     -226.056193        0.143096
FIRE:   55 14:27:33     -226.068626        0.097535
FIRE:   56 14:27:36     -226.094855        0.083922
FIRE:   57 14:27:40     -226.127566        0.086127
FIRE:   58 14:27:43     -226.162834        0.102411
FIRE:   59 14:27:47     -226.199157        0.111552
FIRE:   60 14:27:50     -226.252398        0.198428
FIRE:   61 14:27:54     -226.344395        0.348553
FIRE:   62 14:27:57     -226.479178        0.456802
FIRE:   63 14:28:01     -226.650425        0.498863
FIRE:   64 14:28:04     -226.843124        0.450746
FIRE:   65 14:28:08     -227.030517        0.469575
FIRE:   66 14:28:11     -227.223166        0.469241
FIRE:   67 14:28:15     -227.413317        0.413453
FIRE:   68 14:28:19     -227.582311        0.346797
FIRE:   69 14:28:22     -227.736447        0.391474
FIRE:   70 14:28:26     -227.891406        0.399425
FIRE:   71 14:28:29     -228.044466        0.333224
FIRE:   72 14:28:33     -228.180687        0.210420
FIRE:   73 14:28:36     -228.294633        0.231323
FIRE:   74 14:28:40     -228.395098        0.263007
FIRE:   75 14:28:43     -228.490596        0.246950
FIRE:   76 14:28:47     -228.577706        0.197903
FIRE:   77 14:28:50     -228.646650        0.222687
FIRE:   78 14:28:54     -228.695291        0.208507
FIRE:   79 14:28:57     -228.728363        0.175318
FIRE:   80 14:29:01     -228.746880        0.178823
FIRE:   81 14:29:04     -228.749353        0.195355
FIRE:   82 14:29:08     -228.794601        0.185492
FIRE:   83 14:29:11     -228.806265        0.089624
FIRE:   84 14:29:15     -228.813134        0.133875
FIRE:   85 14:29:18     -228.818536        0.180009
FIRE:   86 14:29:22     -228.830021        0.101719
FIRE:   87 14:29:26     -228.837729        0.063462
FIRE:   88 14:29:29     -228.841289        0.101123
FIRE:   89 14:29:33     -228.847122        0.070649
FIRE:   90 14:29:36     -228.851237        0.078013
FIRE:   91 14:29:40     -228.852172        0.066175
FIRE:   92 14:29:43     -228.853591        0.045740
FIRE:   93 14:29:47     -228.854934        0.037478
FIRE:   94 14:29:50     -228.855991        0.035307
FIRE:   95 14:29:54     -228.857007        0.041407
FIRE:   96 14:29:57     -228.858290        0.041082
FIRE:   97 14:30:01     -228.859840        0.035637
FIRE:   98 14:30:04     -228.861539        0.031224
FIRE:   99 14:30:08     -228.863166        0.038210
FIRE:  100 14:30:11     -228.865013        0.048480
FIRE:  101 14:30:15     -228.867574        0.038199
FIRE:  102 14:30:18     -228.870817        0.035823
FIRE:  103 14:30:22     -228.875191        0.046711
FIRE:  104 14:30:26     -228.881806        0.048116
FIRE:  105 14:30:29     -228.890608        0.058547
FIRE:  106 14:30:33     -228.903017        0.064262
FIRE:  107 14:30:36     -228.919726        0.053303
FIRE:  108 14:30:40     -228.941486        0.049533
FIRE:  109 14:30:43     -228.967855        0.061251
FIRE:  110 14:30:47     -228.992097        0.049398
FIRE:  111 14:30:50     -229.010358        0.036015
FIRE:  112 14:30:54     -229.020789        0.035879
FIRE:  113 14:30:57     -229.021629        0.049966
FIRE:  114 14:31:01     -229.023330        0.026746
FIRE:  115 14:31:04     -229.023994        0.049611
FIRE:  116 14:31:08     -229.024550        0.038671
FIRE:  117 14:31:11     -229.025203        0.023296
FIRE:  118 14:31:15     -229.025570        0.026765
FIRE:  119 14:31:18     -229.025815        0.033989
FIRE:  120 14:31:22     -229.026304        0.034288
FIRE:  121 14:31:25     -229.027099        0.026415
FIRE:  122 14:31:29     -229.027877        0.015682
FIRE:  123 14:31:32     -229.028411        0.021089
FIRE:  124 14:31:36     -229.028905        0.026376
FIRE:  125 14:31:39     -229.029655        0.015967
FIRE:  126 14:31:43     -229.030209        0.011430
FIRE:  127 14:31:46     -229.030475        0.018129
FIRE:  128 14:31:50     -229.030860        0.009078
MACE calculation complete. Energy written to MACE_OUTCAR: -229.030860 eV
Job ended on: Tue  3 Jun 13:31:51 UTC 2025
