The following modules were not unloaded:
  (Use "module --force purge" to unload all):

  1) slurm/23.02.6
[comp033:254314:0:254314] Caught signal 11 (Segmentation fault: address not mapped to object at address 0x7ffef7e36300)
[comp033:254299:0:254299] Caught signal 11 (Segmentation fault: address not mapped to object at address 0x7ffd9ad0f020)
[comp033:254302:0:254302] Caught signal 11 (Segmentation fault: address not mapped to object at address 0x7ffe9b9a54c0)
[comp033:254303:0:254303] Caught signal 11 (Segmentation fault: address not mapped to object at address 0x7fffbd25b440)
[comp033:254306:0:254306] Caught signal 11 (Segmentation fault: address not mapped to object at address 0x7ffff7337320)
[comp033:254311:0:254311] Caught signal 11 (Segmentation fault: address not mapped to object at address 0x7ffff82d0200)
[comp033:254312:0:254312] Caught signal 11 (Segmentation fault: address not mapped to object at address 0x7fff644471a0)
[comp033:254300:0:254300] Caught signal 11 (Segmentation fault: address not mapped to object at address 0x7ffcf2da8be0)
[comp033:254301:0:254301] Caught signal 11 (Segmentation fault: address not mapped to object at address 0x7ffc7dac81e0)
[comp033:254304:0:254304] Caught signal 11 (Segmentation fault: address not mapped to object at address 0x7ffe9e9c88e0)
[comp033:254305:0:254305] Caught signal 11 (Segmentation fault: address not mapped to object at address 0x7ffdf284ec20)
[comp033:254307:0:254307] Caught signal 11 (Segmentation fault: address not mapped to object at address 0x7ffcc875cd20)
[comp033:254308:0:254308] Caught signal 11 (Segmentation fault: address not mapped to object at address 0x7ffc02005d60)
[comp033:254309:0:254309] Caught signal 11 (Segmentation fault: address not mapped to object at address 0x7ffc40b101e0)
[comp033:254310:0:254310] Caught signal 11 (Segmentation fault: address not mapped to object at address 0x7ffd1ce7a380)
[comp033:254313:0:254313] Caught signal 11 (Segmentation fault: address not mapped to object at address 0x7ffe0004dee0)
==== backtrace (tid: 254305) ====
==== backtrace (tid: 254302) ====
 0 0x000000000003e6f0 __GI___sigaction()  :0
 1 0x00000000009e0300 hamil_mp_hamiltmu_()  ???:0
 2 0x000000000119090e david_mp_eddav_()  ???:0
 3 0x00000000012534d5 elmin_()  ???:0
 4 0x0000000001e67467 vamp_IP_electronic_optimization_()  main.f90:0
 5 0x0000000001e40413 MAIN__()  ???:0
 6 0x000000000040963d main()  ???:0
 7 0x0000000000029590 __libc_start_call_main()  ???:0
 8 0x0000000000029640 __libc_start_main_alias_2()  :0
 9 0x0000000000409555 _start()  ???:0
=================================
 0 0x000000000003e6f0 __GI___sigaction()  :0
 1 0x00000000009e0300 hamil_mp_hamiltmu_()  ???:0
 2 0x000000000119090e david_mp_eddav_()  ???:0
 3 0x00000000012534d5 elmin_()  ???:0
 4 0x0000000001e67467 vamp_IP_electronic_optimization_()  main.f90:0
 5 0x0000000001e40413 MAIN__()  ???:0
 6 0x000000000040963d main()  ???:0
 7 0x0000000000029590 __libc_start_call_main()  ???:0
 8 0x0000000000029640 __libc_start_main_alias_2()  :0
 9 0x0000000000409555 _start()  ???:0
=================================
==== backtrace (tid: 254306) ====
 0 0x000000000003e6f0 __GI___sigaction()  :0
 1 0x00000000009e0300 hamil_mp_hamiltmu_()  ???:0
 2 0x000000000119090e david_mp_eddav_()  ???:0
 3 0x00000000012534d5 elmin_()  ???:0
 4 0x0000000001e67467 vamp_IP_electronic_optimization_()  main.f90:0
 5 0x0000000001e40413 MAIN__()  ???:0
 6 0x000000000040963d main()  ???:0
 7 0x0000000000029590 __libc_start_call_main()  ???:0
 8 0x0000000000029640 __libc_start_main_alias_2()  :0
 9 0x0000000000409555 _start()  ???:0
=================================
==== backtrace (tid: 254304) ====
 0 0x000000000003e6f0 __GI___sigaction()  :0
==== backtrace (tid: 254299) ====
 0 0x000000000003e6f0 __GI___sigaction()  :0
 1 0x00000000009e0300 hamil_mp_hamiltmu_()  ???:0
 2 0x000000000119090e david_mp_eddav_()  ???:0
 3 0x00000000012534d5 elmin_()  ???:0
 4 0x0000000001e67467 vamp_IP_electronic_optimization_()  main.f90:0
 5 0x0000000001e40413 MAIN__()  ???:0
 6 0x000000000040963d main()  ???:0
 7 0x0000000000029590 __libc_start_call_main()  ???:0
 8 0x0000000000029640 __libc_start_main_alias_2()  :0
 9 0x0000000000409555 _start()  ???:0
=================================
 1 0x00000000009e0300 hamil_mp_hamiltmu_()  ???:0
 2 0x000000000119090e david_mp_eddav_()  ???:0
 3 0x00000000012534d5 elmin_()  ???:0
 4 0x0000000001e67467 vamp_IP_electronic_optimization_()  main.f90:0
 5 0x0000000001e40413 MAIN__()  ???:0
 6 0x000000000040963d main()  ???:0
 7 0x0000000000029590 __libc_start_call_main()  ???:0
 8 0x0000000000029640 __libc_start_main_alias_2()  :0
 9 0x0000000000409555 _start()  ???:0
=================================
forrtl: severe (174): SIGSEGV, segmentation fault occurred
Image              PC                Routine            Line        Source             
libc.so.6          00007EFD03A3E6F0  Unknown               Unknown  Unknown
vasp_std           00000000009E0300  Unknown               Unknown  Unknown
vasp_std           000000000119090E  Unknown               Unknown  Unknown
vasp_std           00000000012534D5  Unknown               Unknown  Unknown
vasp_std           0000000001E67467  Unknown               Unknown  Unknown
vasp_std           0000000001E40413  Unknown               Unknown  Unknown
vasp_std           000000000040963D  Unknown               Unknown  Unknown
libc.so.6          00007EFD03A29590  Unknown               Unknown  Unknown
libc.so.6          00007EFD03A29640  __libc_start_main     Unknown  Unknown
vasp_std           0000000000409555  Unknown               Unknown  Unknown
forrtl: severe (174): SIGSEGV, segmentation fault occurred
Image              PC                Routine            Line        Source             
libc.so.6          00007F0358E3E6F0  Unknown               Unknown  Unknown
vasp_std           00000000009E0300  Unknown               Unknown  Unknown
vasp_std           000000000119090E  Unknown               Unknown  Unknown
vasp_std           00000000012534D5  Unknown               Unknown  Unknown
vasp_std           0000000001E67467  Unknown               Unknown  Unknown
vasp_std           0000000001E40413  Unknown               Unknown  Unknown
vasp_std           000000000040963D  Unknown               Unknown  Unknown
libc.so.6          00007F0358E29590  Unknown               Unknown  Unknown
libc.so.6          00007F0358E29640  __libc_start_main     Unknown  Unknown
vasp_std           0000000000409555  Unknown               Unknown  Unknown
forrtl: severe (174): SIGSEGV, segmentation fault occurred
Image              PC                Routine            Line        Source             
libc.so.6          00007FDE74C3E6F0  Unknown               Unknown  Unknown
vasp_std           00000000009E0300  Unknown               Unknown  Unknown
vasp_std           000000000119090E  Unknown               Unknown  Unknown
vasp_std           00000000012534D5  Unknown               Unknown  Unknown
vasp_std           0000000001E67467  Unknown               Unknown  Unknown
vasp_std           0000000001E40413  Unknown               Unknown  Unknown
vasp_std           000000000040963D  Unknown               Unknown  Unknown
libc.so.6          00007FDE74C29590  Unknown               Unknown  Unknown
libc.so.6          00007FDE74C29640  __libc_start_main     Unknown  Unknown
vasp_std           0000000000409555  Unknown               Unknown  Unknown
forrtl: severe (174): SIGSEGV, segmentation fault occurred
Image              PC                Routine            Line        Source             
libc.so.6          00007F8E00A3E6F0  Unknown               Unknown  Unknown
vasp_std           00000000009E0300  Unknown               Unknown  Unknown
vasp_std           000000000119090E  Unknown               Unknown  Unknown
vasp_std           00000000012534D5  Unknown               Unknown  Unknown
vasp_std           0000000001E67467  Unknown               Unknown  Unknown
vasp_std           0000000001E40413  Unknown               Unknown  Unknown
vasp_std           000000000040963D  Unknown               Unknown  Unknown
libc.so.6          00007F8E00A29590  Unknown               Unknown  Unknown
libc.so.6          00007F8E00A29640  __libc_start_main     Unknown  Unknown
vasp_std           0000000000409555  Unknown               Unknown  Unknown
==== backtrace (tid: 254308) ====
 0 0x000000000003e6f0 __GI___sigaction()  :0
 1 0x00000000009e0300 hamil_mp_hamiltmu_()  ???:0
 2 0x000000000119090e david_mp_eddav_()  ???:0
 3 0x00000000012534d5 elmin_()  ???:0
 4 0x0000000001e67467 vamp_IP_electronic_optimization_()  main.f90:0
 5 0x0000000001e40413 MAIN__()  ???:0
 6 0x000000000040963d main()  ???:0
 7 0x0000000000029590 __libc_start_call_main()  ???:0
 8 0x0000000000029640 __libc_start_main_alias_2()  :0
 9 0x0000000000409555 _start()  ???:0
=================================
==== backtrace (tid: 254311) ====
 0 0x000000000003e6f0 __GI___sigaction()  :0
==== backtrace (tid: 254310) ====
 1 0x00000000009e0300 hamil_mp_hamiltmu_()  ???:0
 2 0x000000000119090e david_mp_eddav_()  ???:0
 3 0x00000000012534d5 elmin_()  ???:0
 4 0x0000000001e67467 vamp_IP_electronic_optimization_()  main.f90:0
 5 0x0000000001e40413 MAIN__()  ???:0
 6 0x000000000040963d main()  ???:0
 7 0x0000000000029590 __libc_start_call_main()  ???:0
 8 0x0000000000029640 __libc_start_main_alias_2()  :0
 9 0x0000000000409555 _start()  ???:0
=================================
forrtl: severe (174): SIGSEGV, segmentation fault occurred
Image              PC                Routine            Line        Source             
libc.so.6          00007F228223E6F0  Unknown               Unknown  Unknown
vasp_std           00000000009E0300  Unknown               Unknown  Unknown
vasp_std           000000000119090E  Unknown               Unknown  Unknown
vasp_std           00000000012534D5  Unknown               Unknown  Unknown
vasp_std           0000000001E67467  Unknown               Unknown  Unknown
vasp_std           0000000001E40413  Unknown               Unknown  Unknown
vasp_std           000000000040963D  Unknown               Unknown  Unknown
libc.so.6          00007F2282229590  Unknown               Unknown  Unknown
libc.so.6          00007F2282229640  __libc_start_main     Unknown  Unknown
vasp_std           0000000000409555  Unknown               Unknown  Unknown
 0 0x000000000003e6f0 __GI___sigaction()  :0
 1 0x00000000009e0300 hamil_mp_hamiltmu_()  ???:0
 2 0x000000000119090e david_mp_eddav_()  ???:0
 3 0x00000000012534d5 elmin_()  ???:0
 4 0x0000000001e67467 vamp_IP_electronic_optimization_()  main.f90:0
 5 0x0000000001e40413 MAIN__()  ???:0
 6 0x000000000040963d main()  ???:0
 7 0x0000000000029590 __libc_start_call_main()  ???:0
==== backtrace (tid: 254312) ====
 8 0x0000000000029640 __libc_start_main_alias_2()  :0
 9 0x0000000000409555 _start()  ???:0
=================================
==== backtrace (tid: 254313) ====
 0 0x000000000003e6f0 __GI___sigaction()  :0
 1 0x00000000009e0300 hamil_mp_hamiltmu_()  ???:0
 2 0x000000000119090e david_mp_eddav_()  ???:0
 3 0x00000000012534d5 elmin_()  ???:0
 4 0x0000000001e67467 vamp_IP_electronic_optimization_()  main.f90:0
==== backtrace (tid: 254301) ====
 0 0x000000000003e6f0 __GI___sigaction()  :0
 1 0x00000000009e0300 hamil_mp_hamiltmu_()  ???:0
 2 0x000000000119090e david_mp_eddav_()  ???:0
 3 0x00000000012534d5 elmin_()  ???:0
 4 0x0000000001e67467 vamp_IP_electronic_optimization_()  main.f90:0
 5 0x0000000001e40413 MAIN__()  ???:0
 6 0x000000000040963d main()  ???:0
 7 0x0000000000029590 __libc_start_call_main()  ???:0
 8 0x0000000000029640 __libc_start_main_alias_2()  :0
 9 0x0000000000409555 _start()  ???:0
=================================
 5 0x0000000001e40413 MAIN__()  ???:0
 6 0x000000000040963d main()  ???:0
 7 0x0000000000029590 __libc_start_call_main()  ???:0
 8 0x0000000000029640 __libc_start_main_alias_2()  :0
 9 0x0000000000409555 _start()  ???:0
=================================
==== backtrace (tid: 254309) ====
 0 0x000000000003e6f0 __GI___sigaction()  :0
 1 0x00000000009e0300 hamil_mp_hamiltmu_()  ???:0
 0 0x000000000003e6f0 __GI___sigaction()  :0
 2 0x000000000119090e david_mp_eddav_()  ???:0
 3 0x00000000012534d5 elmin_()  ???:0
 4 0x0000000001e67467 vamp_IP_electronic_optimization_()  main.f90:0
 5 0x0000000001e40413 MAIN__()  ???:0
 6 0x000000000040963d main()  ???:0
 7 0x0000000000029590 __libc_start_call_main()  ???:0
 8 0x0000000000029640 __libc_start_main_alias_2()  :0
 9 0x0000000000409555 _start()  ???:0
=================================
==== backtrace (tid: 254307) ====
 0 0x000000000003e6f0 __GI___sigaction()  :0
 1 0x00000000009e0300 hamil_mp_hamiltmu_()  ???:0
 2 0x000000000119090e david_mp_eddav_()  ???:0
 3 0x00000000012534d5 elmin_()  ???:0
 4 0x0000000001e67467 vamp_IP_electronic_optimization_()  main.f90:0
 5 0x0000000001e40413 MAIN__()  ???:0
 6 0x000000000040963d main()  ???:0
 7 0x0000000000029590 __libc_start_call_main()  ???:0
 8 0x0000000000029640 __libc_start_main_alias_2()  :0
 9 0x0000000000409555 _start()  ???:0
=================================
 1 0x00000000009e0300 hamil_mp_hamiltmu_()  ???:0
 2 0x000000000119090e david_mp_eddav_()  ???:0
 3 0x00000000012534d5 elmin_()  ???:0
 4 0x0000000001e67467 vamp_IP_electronic_optimization_()  main.f90:0
 5 0x0000000001e40413 MAIN__()  ???:0
 6 0x000000000040963d main()  ???:0
 7 0x0000000000029590 __libc_start_call_main()  ???:0
 8 0x0000000000029640 __libc_start_main_alias_2()  :0
 9 0x0000000000409555 _start()  ???:0
=================================
==== backtrace (tid: 254314) ====
 0 0x000000000003e6f0 __GI___sigaction()  :0
 1 0x00000000009e0300 hamil_mp_hamiltmu_()  ???:0
 2 0x000000000119090e david_mp_eddav_()  ???:0
 3 0x00000000012534d5 elmin_()  ???:0
 4 0x0000000001e67467 vamp_IP_electronic_optimization_()  main.f90:0
 5 0x0000000001e40413 MAIN__()  ???:0
==== backtrace (tid: 254303) ====
 0 0x000000000003e6f0 __GI___sigaction()  :0
 6 0x000000000040963d main()  ???:0
 1 0x00000000009e0300 hamil_mp_hamiltmu_()  ???:0
 2 0x000000000119090e david_mp_eddav_()  ???:0
 3 0x00000000012534d5 elmin_()  ???:0
 4 0x0000000001e67467 vamp_IP_electronic_optimization_()  main.f90:0
 5 0x0000000001e40413 MAIN__()  ???:0
 6 0x000000000040963d main()  ???:0
 7 0x0000000000029590 __libc_start_call_main()  ???:0
 8 0x0000000000029640 __libc_start_main_alias_2()  :0
 9 0x0000000000409555 _start()  ???:0
=================================
 7 0x0000000000029590 __libc_start_call_main()  ???:0
 8 0x0000000000029640 __libc_start_main_alias_2()  :0
 9 0x0000000000409555 _start()  ???:0
==== backtrace (tid: 254300) ====
 0 0x000000000003e6f0 __GI___sigaction()  :0
 1 0x00000000009e0300 hamil_mp_hamiltmu_()  ???:0
 2 0x000000000119090e david_mp_eddav_()  ???:0
 3 0x00000000012534d5 elmin_()  ???:0
 4 0x0000000001e67467 vamp_IP_electronic_optimization_()  main.f90:0
 5 0x0000000001e40413 MAIN__()  ???:0
 6 0x000000000040963d main()  ???:0
 7 0x0000000000029590 __libc_start_call_main()  ???:0
 8 0x0000000000029640 __libc_start_main_alias_2()  :0
 9 0x0000000000409555 _start()  ???:0
=================================
=================================
forrtl: severe (174): SIGSEGV, segmentation fault occurred
Image              PC                Routine            Line        Source             
libc.so.6          00007FC8A903E6F0  Unknown               Unknown  Unknown
vasp_std           00000000009E0300  Unknown               Unknown  Unknown
vasp_std           000000000119090E  Unknown               Unknown  Unknown
vasp_std           00000000012534D5  Unknown               Unknown  Unknown
vasp_std           0000000001E67467  Unknown               Unknown  Unknown
vasp_std           0000000001E40413  Unknown               Unknown  Unknown
vasp_std           000000000040963D  Unknown               Unknown  Unknown
libc.so.6          00007FC8A9029590  Unknown               Unknown  Unknown
libc.so.6          00007FC8A9029640  __libc_start_main     Unknown  Unknown
vasp_std           0000000000409555  Unknown               Unknown  Unknown
forrtl: severe (174): SIGSEGV, segmentation fault occurred
Image              PC                Routine            Line        Source             
libc.so.6          00007F6E48E3E6F0  Unknown               Unknown  Unknown
vasp_std           00000000009E0300  Unknown               Unknown  Unknown
vasp_std           000000000119090E  Unknown               Unknown  Unknown
vasp_std           00000000012534D5  Unknown               Unknown  Unknown
vasp_std           0000000001E67467  Unknown               Unknown  Unknown
vasp_std           0000000001E40413  Unknown               Unknown  Unknown
vasp_std           000000000040963D  Unknown               Unknown  Unknown
libc.so.6          00007F6E48E29590  Unknown               Unknown  Unknown
libc.so.6          00007F6E48E29640  __libc_start_main     Unknown  Unknown
vasp_std           0000000000409555  Unknown               Unknown  Unknown
forrtl: severe (174): SIGSEGV, segmentation fault occurred
Image              PC                Routine            Line        Source             
libc.so.6          00007F191EC3E6F0  Unknown               Unknown  Unknown
vasp_std           00000000009E0300  Unknown               Unknown  Unknown
vasp_std           000000000119090E  Unknown               Unknown  Unknown
vasp_std           00000000012534D5  Unknown               Unknown  Unknown
vasp_std           0000000001E67467  Unknown               Unknown  Unknown
vasp_std           0000000001E40413  Unknown               Unknown  Unknown
vasp_std           000000000040963D  Unknown               Unknown  Unknown
libc.so.6          00007F191EC29590  Unknown               Unknown  Unknown
libc.so.6          00007F191EC29640  __libc_start_main     Unknown  Unknown
vasp_std           0000000000409555  Unknown               Unknown  Unknown
forrtl: severe (174): SIGSEGV, segmentation fault occurred
Image              PC                Routine            Line        Source             
libc.so.6          00007F373E03E6F0  Unknown               Unknown  Unknown
vasp_std           00000000009E0300  Unknown               Unknown  Unknown
vasp_std           000000000119090E  Unknown               Unknown  Unknown
vasp_std           00000000012534D5  Unknown               Unknown  Unknown
vasp_std           0000000001E67467  Unknown               Unknown  Unknown
vasp_std           0000000001E40413  Unknown               Unknown  Unknown
vasp_std           000000000040963D  Unknown               Unknown  Unknown
libc.so.6          00007F373E029590  Unknown               Unknown  Unknown
libc.so.6          00007F373E029640  __libc_start_main     Unknown  Unknown
vasp_std           0000000000409555  Unknown               Unknown  Unknown
forrtl: severe (174): SIGSEGV, segmentation fault occurred
Image              PC                Routine            Line        Source             
libc.so.6          00007F152963E6F0  Unknown               Unknown  Unknown
vasp_std           00000000009E0300  Unknown               Unknown  Unknown
vasp_std           000000000119090E  Unknown               Unknown  Unknown
vasp_std           00000000012534D5  Unknown               Unknown  Unknown
vasp_std           0000000001E67467  Unknown               Unknown  Unknown
vasp_std           0000000001E40413  Unknown               Unknown  Unknown
vasp_std           000000000040963D  Unknown               Unknown  Unknown
libc.so.6          00007F1529629590  Unknown               Unknown  Unknown
libc.so.6          00007F1529629640  __libc_start_main     Unknown  Unknown
vasp_std           0000000000409555  Unknown               Unknown  Unknown
forrtl: severe (174): SIGSEGV, segmentation fault occurred
Image              PC                Routine            Line        Source             
libc.so.6          00007F291A23E6F0  Unknown               Unknown  Unknown
vasp_std           00000000009E0300  Unknown               Unknown  Unknown
vasp_std           000000000119090E  Unknown               Unknown  Unknown
vasp_std           00000000012534D5  Unknown               Unknown  Unknown
vasp_std           0000000001E67467  Unknown               Unknown  Unknown
vasp_std           0000000001E40413  Unknown               Unknown  Unknown
vasp_std           000000000040963D  Unknown               Unknown  Unknown
libc.so.6          00007F291A229590  Unknown               Unknown  Unknown
libc.so.6          00007F291A229640  __libc_start_main     Unknown  Unknown
vasp_std           0000000000409555  Unknown               Unknown  Unknown
forrtl: severe (174): SIGSEGV, segmentation fault occurred
Image              PC                Routine            Line        Source             
libc.so.6          00007FAC17C3E6F0  Unknown               Unknown  Unknown
vasp_std           00000000009E0300  Unknown               Unknown  Unknown
vasp_std           000000000119090E  Unknown               Unknown  Unknown
vasp_std           00000000012534D5  Unknown               Unknown  Unknown
vasp_std           0000000001E67467  Unknown               Unknown  Unknown
vasp_std           0000000001E40413  Unknown               Unknown  Unknown
vasp_std           000000000040963D  Unknown               Unknown  Unknown
libc.so.6          00007FAC17C29590  Unknown               Unknown  Unknown
libc.so.6          00007FAC17C29640  __libc_start_main     Unknown  Unknown
vasp_std           0000000000409555  Unknown               Unknown  Unknown
forrtl: severe (174): SIGSEGV, segmentation fault occurred
Image              PC                Routine            Line        Source             
libc.so.6          00007FB96DA3E6F0  Unknown               Unknown  Unknown
vasp_std           00000000009E0300  Unknown               Unknown  Unknown
vasp_std           000000000119090E  Unknown               Unknown  Unknown
vasp_std           00000000012534D5  Unknown               Unknown  Unknown
vasp_std           0000000001E67467  Unknown               Unknown  Unknown
vasp_std           0000000001E40413  Unknown               Unknown  Unknown
vasp_std           000000000040963D  Unknown               Unknown  Unknown
libc.so.6          00007FB96DA29590  Unknown               Unknown  Unknown
libc.so.6          00007FB96DA29640  __libc_start_main     Unknown  Unknown
vasp_std           0000000000409555  Unknown               Unknown  Unknown
forrtl: severe (174): SIGSEGV, segmentation fault occurred
Image              PC                Routine            Line        Source             
libc.so.6          00007FBBFAA3E6F0  Unknown               Unknown  Unknown
vasp_std           00000000009E0300  Unknown               Unknown  Unknown
vasp_std           000000000119090E  Unknown               Unknown  Unknown
vasp_std           00000000012534D5  Unknown               Unknown  Unknown
vasp_std           0000000001E67467  Unknown               Unknown  Unknown
vasp_std           0000000001E40413  Unknown               Unknown  Unknown
vasp_std           000000000040963D  Unknown               Unknown  Unknown
libc.so.6          00007FBBFAA29590  Unknown               Unknown  Unknown
libc.so.6          00007FBBFAA29640  __libc_start_main     Unknown  Unknown
vasp_std           0000000000409555  Unknown               Unknown  Unknown
forrtl: severe (174): SIGSEGV, segmentation fault occurred
Image              PC                Routine            Line        Source             
libc.so.6          00007FFB7283E6F0  Unknown               Unknown  Unknown
vasp_std           00000000009E0300  Unknown               Unknown  Unknown
vasp_std           000000000119090E  Unknown               Unknown  Unknown
vasp_std           00000000012534D5  Unknown               Unknown  Unknown
vasp_std           0000000001E67467  Unknown               Unknown  Unknown
vasp_std           0000000001E40413  Unknown               Unknown  Unknown
vasp_std           000000000040963D  Unknown               Unknown  Unknown
libc.so.6          00007FFB72829590  Unknown               Unknown  Unknown
libc.so.6          00007FFB72829640  __libc_start_main     Unknown  Unknown
vasp_std           0000000000409555  Unknown               Unknown  Unknown
forrtl: severe (174): SIGSEGV, segmentation fault occurred
Image              PC                Routine            Line        Source             
libc.so.6          00007FF58383E6F0  Unknown               Unknown  Unknown
vasp_std           00000000009E0300  Unknown               Unknown  Unknown
vasp_std           000000000119090E  Unknown               Unknown  Unknown
vasp_std           00000000012534D5  Unknown               Unknown  Unknown
vasp_std           0000000001E67467  Unknown               Unknown  Unknown
vasp_std           0000000001E40413  Unknown               Unknown  Unknown
vasp_std           000000000040963D  Unknown               Unknown  Unknown
libc.so.6          00007FF583829590  Unknown               Unknown  Unknown
libc.so.6          00007FF583829640  __libc_start_main     Unknown  Unknown
vasp_std           0000000000409555  Unknown               Unknown  Unknown
