Si Bulk DFT energetics calculations using VASP
Running on host: comp190
Working directory: /lustre/home/ah1365/projects/127870/upgrade_report/case_studies/common/structures/interfaces/120_Si36C84_012_012_a0.75_b0.135802_c1.18593_interface16shift8
Job started on: Thu  5 Jun 03:21:28 UTC 2025
cuequivariance or cuequivariance_torch is not available. Cuequivariance acceleration will be disabled.
Using Materials Project MACE for MACECalculator with /lustre/home/ah1365/.cache/mace/MACE_MPtrj_20229model
Using float64 for MACECalculator, which is slower but more accurate. Recommended for geometry optimization.
Using TorchDFTD3Calculator for D3 dispersion corrections
      Step     Time          Energy          fmax
FIRE:    0 04:22:51     -839.243519       37.489797
FIRE:    1 04:23:02     -850.072406       13.895018
FIRE:    2 04:23:13     -855.370533        3.883672
FIRE:    3 04:23:24     -858.810764        3.348299
FIRE:    4 04:23:35     -861.747369        3.130284
FIRE:    5 04:23:46     -864.502227        3.541247
FIRE:    6 04:23:57     -867.144439        3.865530
FIRE:    7 04:24:07     -869.632323        3.752245
FIRE:    8 04:24:18     -871.936534        3.355972
FIRE:    9 04:24:29     -874.047304        2.848714
FIRE:   10 04:24:40     -875.970971        2.458658
FIRE:   11 04:24:51     -877.720425        2.323503
FIRE:   12 04:25:02     -879.312480        2.108601
FIRE:   13 04:25:13     -880.764329        1.969915
FIRE:   14 04:25:24     -882.089824        1.797761
FIRE:   15 04:25:35     -883.293611        1.525451
FIRE:   16 04:25:46     -884.368177        1.425701
FIRE:   17 04:25:57     -885.309915        1.742428
FIRE:   18 04:26:07     -886.137883        1.642129
FIRE:   19 04:26:18     -886.899132        1.620981
FIRE:   20 04:26:29     -887.667867        1.821986
FIRE:   21 04:26:40     -888.512485        1.756463
FIRE:   22 04:26:51     -889.431259        1.455409
FIRE:   23 04:27:02     -890.358459        1.379603
FIRE:   24 04:27:13     -891.234341        1.404318
FIRE:   25 04:27:24     -892.042286        1.464814
FIRE:   26 04:27:35     -892.808827        1.537434
FIRE:   27 04:27:45     -893.577982        1.580496
FIRE:   28 04:27:56     -894.370979        1.555273
FIRE:   29 04:28:07     -895.166120        1.448175
FIRE:   30 04:28:18     -895.925791        1.274264
FIRE:   31 04:28:29     -896.638533        1.058239
FIRE:   32 04:28:40     -897.313255        1.117449
FIRE:   33 04:28:51     -897.952087        1.141238
FIRE:   34 04:29:01     -898.538021        1.017179
FIRE:   35 04:29:12     -899.044179        0.767632
FIRE:   36 04:29:23     -899.453781        0.947294
FIRE:   37 04:29:34     -899.768034        1.507304
FIRE:   38 04:29:45     -900.010967        1.779917
FIRE:   39 04:29:56     -900.219061        1.638089
FIRE:   40 04:30:07     -900.411119        1.113269
FIRE:   41 04:30:17     -900.577229        0.915867
FIRE:   42 04:30:28     -900.707850        0.894280
FIRE:   43 04:30:39     -900.825239        1.229583
FIRE:   44 04:30:50     -900.970000        1.333861
FIRE:   45 04:31:01     -901.165060        1.092526
FIRE:   46 04:31:12     -901.409575        0.991267
FIRE:   47 04:31:23     -901.696427        1.063265
FIRE:   48 04:31:33     -902.023306        1.209471
FIRE:   49 04:31:44     -902.378690        1.275153
FIRE:   50 04:31:55     -902.726009        1.256052
FIRE:   51 04:32:06     -903.040682        1.096860
FIRE:   52 04:32:17     -903.292306        1.703399
FIRE:   53 04:32:28     -903.509140        2.118202
FIRE:   54 04:32:38     -903.746616        2.338625
FIRE:   55 04:32:49     -904.104672        2.240456
FIRE:   56 04:33:00     -904.568587        1.897476
FIRE:   57 04:33:11     -905.010220        1.212801
FIRE:   58 04:33:22     -905.317924        1.218799
FIRE:   59 04:33:33     -905.488975        1.742545
FIRE:   60 04:33:43     -905.595968        2.142040
FIRE:   61 04:33:54     -906.452846        1.017574
FIRE:   62 04:34:05     -906.699460        1.047827
FIRE:   63 04:34:16     -906.908021        1.067154
FIRE:   64 04:34:27     -907.064747        0.464022
FIRE:   65 04:34:38     -907.123915        0.474194
FIRE:   66 04:34:49     -907.147534        0.432117
FIRE:   67 04:35:00     -907.183297        0.426442
FIRE:   68 04:35:10     -907.217647        0.418461
FIRE:   69 04:35:21     -907.246875        0.408238
FIRE:   70 04:35:32     -907.279347        0.395621
FIRE:   71 04:35:43     -907.324072        0.390442
FIRE:   72 04:35:54     -907.380802        0.362328
FIRE:   73 04:36:05     -907.447780        0.339943
FIRE:   74 04:36:15     -907.516713        0.313714
FIRE:   75 04:36:26     -907.591913        0.284362
FIRE:   76 04:36:37     -907.684328        0.251280
FIRE:   77 04:36:48     -907.788455        0.238246
FIRE:   78 04:36:59     -907.896242        0.256937
FIRE:   79 04:37:10     -908.017045        0.272548
FIRE:   80 04:37:21     -908.146896        0.277033
FIRE:   81 04:37:31     -908.283164        0.258705
FIRE:   82 04:37:42     -908.415899        0.206139
FIRE:   83 04:37:53     -908.538017        0.254299
FIRE:   84 04:38:04     -908.657464        0.244487
FIRE:   85 04:38:14     -908.755385        0.151364
FIRE:   86 04:38:25     -908.811087        0.269498
FIRE:   87 04:38:36     -908.829861        0.364174
FIRE:   88 04:38:47     -908.846834        0.250081
FIRE:   89 04:38:58     -908.863372        0.145210
FIRE:   90 04:39:08     -908.878033        0.119434
FIRE:   91 04:39:19     -908.889345        0.151987
FIRE:   92 04:39:30     -908.898714        0.183902
FIRE:   93 04:39:41     -908.910259        0.159517
FIRE:   94 04:39:52     -908.922988        0.130248
FIRE:   95 04:40:02     -908.937809        0.131726
FIRE:   96 04:40:13     -908.957319        0.179221
FIRE:   97 04:40:24     -908.983748        0.258272
FIRE:   98 04:40:35     -909.026575        0.375286
FIRE:   99 04:40:46     -909.102417        0.460419
FIRE:  100 04:40:57     -909.228348        0.387093
FIRE:  101 04:41:07     -909.289125        0.480362
FIRE:  102 04:41:18     -909.309980        0.302447
FIRE:  103 04:41:29     -909.319160        0.307386
FIRE:  104 04:41:40     -909.322798        0.225309
FIRE:  105 04:41:51     -909.327306        0.140155
FIRE:  106 04:42:02     -909.330067        0.137833
FIRE:  107 04:42:12     -909.331655        0.188114
FIRE:  108 04:42:23     -909.334538        0.225566
FIRE:  109 04:42:34     -909.339496        0.189564
FIRE:  110 04:42:45     -909.344958        0.110411
FIRE:  111 04:42:56     -909.349570        0.105330
FIRE:  112 04:43:06     -909.353904        0.168586
FIRE:  113 04:43:17     -909.360437        0.134851
FIRE:  114 04:43:28     -909.368164        0.086981
FIRE:  115 04:43:39     -909.375317        0.150018
FIRE:  116 04:43:50     -909.384830        0.119240
FIRE:  117 04:44:01     -909.394842        0.120503
FIRE:  118 04:44:11     -909.406417        0.098717
FIRE:  119 04:44:22     -909.419602        0.136704
FIRE:  120 04:44:33     -909.437643        0.139562
FIRE:  121 04:44:44     -909.464065        0.202330
FIRE:  122 04:44:55     -909.514372        0.350927
FIRE:  123 04:45:05     -909.632759        0.634962
FIRE:  124 04:45:16     -909.890018        0.838867
FIRE:  125 04:45:27     -910.125505        0.530809
FIRE:  126 04:45:38     -910.253877        0.949354
FIRE:  127 04:45:49     -910.329059        0.530666
FIRE:  128 04:45:59     -910.368510        0.577874
FIRE:  129 04:46:10     -910.421082        0.664092
FIRE:  130 04:46:21     -910.497868        0.637155
FIRE:  131 04:46:32     -910.639543        0.721804
FIRE:  132 04:46:43     -910.801870        0.800808
FIRE:  133 04:46:53     -911.026594        0.865964
FIRE:  134 04:47:04     -911.373601        0.975596
FIRE:  135 04:47:15     -911.739023        1.067893
FIRE:  136 04:47:26     -912.060425        0.969079
FIRE:  137 04:47:37     -912.299210        0.658206
FIRE:  138 04:47:47     -912.408223        0.777153
FIRE:  139 04:47:58     -912.452765        0.597658
FIRE:  140 04:48:09     -912.509750        0.429135
FIRE:  141 04:48:20     -912.557750        0.285413
FIRE:  142 04:48:31     -912.591638        0.404078
FIRE:  143 04:48:41     -912.628086        0.498488
FIRE:  144 04:48:52     -912.681581        0.419335
FIRE:  145 04:49:03     -912.747274        0.446700
FIRE:  146 04:49:14     -912.839734        0.738153
FIRE:  147 04:49:24     -913.023703        1.160122
FIRE:  148 04:49:35     -913.457694        1.404101
FIRE:  149 04:49:46     -913.903477        0.922268
FIRE:  150 04:49:57     -914.201058        0.676958
FIRE:  151 04:50:08     -914.436765        0.565876
FIRE:  152 04:50:18     -914.606412        0.440407
FIRE:  153 04:50:29     -914.693275        0.614470
FIRE:  154 04:50:40     -914.716058        0.638314
FIRE:  155 04:50:51     -914.761132        0.530149
FIRE:  156 04:51:02     -914.819418        0.368463
FIRE:  157 04:51:12     -914.866755        0.183971
FIRE:  158 04:51:23     -914.895982        0.178066
FIRE:  159 04:51:34     -914.910966        0.223571
FIRE:  160 04:51:45     -914.920045        0.328463
FIRE:  161 04:51:56     -914.923713        0.311601
FIRE:  162 04:52:06     -914.930302        0.279870
FIRE:  163 04:52:17     -914.938650        0.236692
FIRE:  164 04:52:28     -914.947629        0.195982
FIRE:  165 04:52:39     -914.956400        0.159938
FIRE:  166 04:52:50     -914.964421        0.120652
FIRE:  167 04:53:00     -914.971372        0.079504
FIRE:  168 04:53:11     -914.977722        0.073209
FIRE:  169 04:53:22     -914.983415        0.086101
FIRE:  170 04:53:33     -914.989025        0.121950
FIRE:  171 04:53:44     -914.995855        0.141340
FIRE:  172 04:53:54     -915.005220        0.138795
FIRE:  173 04:54:05     -915.017033        0.112288
FIRE:  174 04:54:16     -915.029762        0.068826
FIRE:  175 04:54:27     -915.041713        0.060180
FIRE:  176 04:54:38     -915.051808        0.060507
FIRE:  177 04:54:48     -915.060644        0.092132
FIRE:  178 04:54:59     -915.069727        0.067498
FIRE:  179 04:55:10     -915.078778        0.152671
FIRE:  180 04:55:21     -915.082009        0.426250
FIRE:  181 04:55:31     -915.092896        0.102027
FIRE:  182 04:55:42     -915.087875        0.378077
FIRE:  183 04:55:53     -915.091688        0.288979
FIRE:  184 04:56:04     -915.095884        0.128549
FIRE:  185 04:56:14     -915.097055        0.100109
FIRE:  186 04:56:25     -915.097172        0.100168
FIRE:  187 04:56:36     -915.097393        0.100286
FIRE:  188 04:56:47     -915.097695        0.100471
FIRE:  189 04:56:58     -915.098054        0.100729
FIRE:  190 04:57:08     -915.098446        0.101072
FIRE:  191 04:57:19     -915.098866        0.101513
FIRE:  192 04:57:30     -915.099319        0.102064
FIRE:  193 04:57:41     -915.099883        0.102811
FIRE:  194 04:57:52     -915.100609        0.103812
FIRE:  195 04:58:03     -915.101562        0.105138
FIRE:  196 04:58:13     -915.102793        0.106885
FIRE:  197 04:58:24     -915.104328        0.109166
FIRE:  198 04:58:35     -915.106205        0.112118
FIRE:  199 04:58:46     -915.108547        0.115861
FIRE:  200 04:58:57     -915.111581        0.120477
FIRE:  201 04:59:07     -915.115576        0.126014
FIRE:  202 04:59:18     -915.120806        0.132439
FIRE:  203 04:59:29     -915.127801        0.141787
FIRE:  204 04:59:40     -915.137501        0.160487
FIRE:  205 04:59:51     -915.151095        0.187452
FIRE:  206 05:00:02     -915.170625        0.226684
FIRE:  207 05:00:12     -915.199624        0.283683
FIRE:  208 05:00:23     -915.244131        0.364305
FIRE:  209 05:00:34     -915.315477        0.462824
FIRE:  210 05:00:45     -915.429152        0.500520
FIRE:  211 05:00:56     -915.575772        0.302321
FIRE:  212 05:01:07     -915.685653        0.338421
FIRE:  213 05:01:17     -915.741240        0.399435
FIRE:  214 05:01:28     -915.768228        0.347204
FIRE:  215 05:01:39     -915.782986        0.305346
FIRE:  216 05:01:50     -915.799245        0.302974
FIRE:  217 05:02:01     -915.822039        0.145094
FIRE:  218 05:02:11     -915.838828        0.227436
FIRE:  219 05:02:22     -915.852107        0.190142
FIRE:  220 05:02:33     -915.861907        0.168395
FIRE:  221 05:02:44     -915.869529        0.192646
FIRE:  222 05:02:55     -915.878536        0.182057
FIRE:  223 05:03:06     -915.888487        0.152947
FIRE:  224 05:03:16     -915.897093        0.275159
FIRE:  225 05:03:27     -915.908495        0.227479
FIRE:  226 05:03:38     -915.921190        0.139533
FIRE:  227 05:03:49     -915.933402        0.220272
FIRE:  228 05:04:00     -915.931523        0.545770
FIRE:  229 05:04:10     -915.947844        0.069012
FIRE:  230 05:04:21     -915.948123        0.057916
FIRE:  231 05:04:32     -915.948618        0.048493
FIRE:  232 05:04:43     -915.949253        0.046261
FIRE:  233 05:04:54     -915.949994        0.043939
FIRE:  234 05:05:05     -915.950835        0.043691
FIRE:  235 05:05:15     -915.951751        0.037936
FIRE:  236 05:05:26     -915.952668        0.032565
FIRE:  237 05:05:37     -915.953610        0.035412
FIRE:  238 05:05:48     -915.954571        0.041231
FIRE:  239 05:05:59     -915.955573        0.028510
FIRE:  240 05:06:09     -915.956577        0.032123
FIRE:  241 05:06:20     -915.957639        0.035511
FIRE:  242 05:06:31     -915.958859        0.029104
FIRE:  243 05:06:42     -915.960248        0.030115
FIRE:  244 05:06:53     -915.961935        0.031044
FIRE:  245 05:07:03     -915.963878        0.032734
FIRE:  246 05:07:14     -915.966092        0.034416
FIRE:  247 05:07:25     -915.968564        0.035918
FIRE:  248 05:07:36     -915.971267        0.037180
FIRE:  249 05:07:47     -915.974210        0.082344
FIRE:  250 05:07:57     -915.976445        0.224213
FIRE:  251 05:08:08     -915.978154        0.035187
FIRE:  252 05:08:19     -915.977264        0.206090
FIRE:  253 05:08:30     -915.977817        0.154213
FIRE:  254 05:08:41     -915.978438        0.065266
FIRE:  255 05:08:52     -915.978627        0.036248
FIRE:  256 05:09:02     -915.978639        0.034820
FIRE:  257 05:09:13     -915.978660        0.034813
FIRE:  258 05:09:24     -915.978690        0.034802
FIRE:  259 05:09:35     -915.978726        0.034787
FIRE:  260 05:09:46     -915.978766        0.034767
FIRE:  261 05:09:56     -915.978811        0.034742
FIRE:  262 05:10:07     -915.978859        0.034711
FIRE:  263 05:10:18     -915.978918        0.034671
FIRE:  264 05:10:29     -915.978992        0.034618
FIRE:  265 05:10:40     -915.979087        0.034551
FIRE:  266 05:10:51     -915.979205        0.034466
FIRE:  267 05:11:01     -915.979352        0.034359
FIRE:  268 05:11:12     -915.979527        0.034227
FIRE:  269 05:11:23     -915.979732        0.034068
FIRE:  270 05:11:34     -915.979978        0.033878
FIRE:  271 05:11:44     -915.980279        0.033652
FIRE:  272 05:11:55     -915.980639        0.033381
FIRE:  273 05:12:06     -915.981062        0.033046
FIRE:  274 05:12:17     -915.981574        0.032632
FIRE:  275 05:12:28     -915.982185        0.032120
FIRE:  276 05:12:39     -915.982906        0.031500
FIRE:  277 05:12:49     -915.983778        0.030757
FIRE:  278 05:13:00     -915.984808        0.029840
FIRE:  279 05:13:11     -915.986023        0.028701
FIRE:  280 05:13:22     -915.987438        0.027375
FIRE:  281 05:13:33     -915.989064        0.025687
FIRE:  282 05:13:44     -915.990930        0.023408
FIRE:  283 05:13:54     -915.992980        0.035476
FIRE:  284 05:14:05     -915.994601        0.132746
FIRE:  285 05:14:16     -915.990468        0.447826
FIRE:  286 05:14:27     -915.997106        0.112109
FIRE:  287 05:14:38     -915.997297        0.080510
FIRE:  288 05:14:49     -915.997482        0.026232
FIRE:  289 05:15:00     -915.997490        0.038606
FIRE:  290 05:15:10     -915.997499        0.035972
FIRE:  291 05:15:21     -915.997514        0.030929
FIRE:  292 05:15:32     -915.997534        0.023934
FIRE:  293 05:15:43     -915.997554        0.017878
FIRE:  294 05:15:54     -915.997572        0.017887
FIRE:  295 05:16:04     -915.997587        0.017897
FIRE:  296 05:16:15     -915.997602        0.017908
FIRE:  297 05:16:26     -915.997621        0.022097
FIRE:  298 05:16:37     -915.997648        0.023977
FIRE:  299 05:16:48     -915.997687        0.021762
FIRE:  300 05:16:58     -915.997736        0.017956
FIRE:  301 05:17:09     -915.997794        0.017972
FIRE:  302 05:17:20     -915.997858        0.017993
FIRE:  303 05:17:31     -915.997934        0.018504
FIRE:  304 05:17:42     -915.998034        0.018065
FIRE:  305 05:17:53     -915.998157        0.018119
FIRE:  306 05:18:03     -915.998298        0.018183
FIRE:  307 05:18:14     -915.998471        0.018250
FIRE:  308 05:18:25     -915.998686        0.018319
FIRE:  309 05:18:36     -915.998928        0.018403
FIRE:  310 05:18:47     -915.999226        0.018516
FIRE:  311 05:18:57     -915.999568        0.018653
FIRE:  312 05:19:08     -915.999979        0.018791
FIRE:  313 05:19:19     -916.000458        0.018953
FIRE:  314 05:19:30     -916.001006        0.019117
FIRE:  315 05:19:41     -916.001612        0.031599
FIRE:  316 05:19:51     -916.002164        0.075069
FIRE:  317 05:20:02     -916.002092        0.177679
FIRE:  318 05:20:13     -916.003113        0.019396
FIRE:  319 05:20:24     -916.003117        0.019396
FIRE:  320 05:20:35     -916.003126        0.019396
FIRE:  321 05:20:46     -916.003139        0.019396
FIRE:  322 05:20:57     -916.003156        0.019396
FIRE:  323 05:21:07     -916.003176        0.019395
FIRE:  324 05:21:18     -916.003201        0.019393
FIRE:  325 05:21:29     -916.003232        0.019388
FIRE:  326 05:21:40     -916.003268        0.019381
FIRE:  327 05:21:51     -916.003316        0.019366
FIRE:  328 05:22:02     -916.003376        0.019343
FIRE:  329 05:22:12     -916.003449        0.019308
FIRE:  330 05:22:23     -916.003539        0.019260
FIRE:  331 05:22:34     -916.003652        0.019199
FIRE:  332 05:22:45     -916.003790        0.019121
FIRE:  333 05:22:56     -916.003959        0.019023
FIRE:  334 05:23:07     -916.004164        0.018901
FIRE:  335 05:23:17     -916.004411        0.018744
FIRE:  336 05:23:28     -916.004712        0.018519
FIRE:  337 05:23:39     -916.005070        0.018210
FIRE:  338 05:23:50     -916.005497        0.017815
FIRE:  339 05:24:01     -916.005982        0.017984
FIRE:  340 05:24:11     -916.006317        0.075559
FIRE:  341 05:24:22     -916.006562        0.016589
FIRE:  342 05:24:33     -916.006566        0.016588
FIRE:  343 05:24:44     -916.006573        0.016586
FIRE:  344 05:24:55     -916.006583        0.016582
FIRE:  345 05:25:05     -916.006595        0.016577
FIRE:  346 05:25:16     -916.006610        0.016569
FIRE:  347 05:25:27     -916.006630        0.016559
FIRE:  348 05:25:38     -916.006652        0.016547
FIRE:  349 05:25:49     -916.006679        0.016530
FIRE:  350 05:25:59     -916.006714        0.016506
FIRE:  351 05:26:10     -916.006757        0.016473
FIRE:  352 05:26:21     -916.006809        0.016428
FIRE:  353 05:26:32     -916.006874        0.016365
FIRE:  354 05:26:43     -916.006956        0.016280
FIRE:  355 05:26:54     -916.007055        0.016169
FIRE:  356 05:27:04     -916.007178        0.016023
FIRE:  357 05:27:15     -916.007326        0.015826
FIRE:  358 05:27:26     -916.007504        0.015564
FIRE:  359 05:27:37     -916.007713        0.015228
FIRE:  360 05:27:50     -916.007955        0.014788
FIRE:  361 05:28:01     -916.008208        0.033619
FIRE:  362 05:28:12     -916.008310        0.088811
FIRE:  363 05:28:23     -916.008558        0.013616
FIRE:  364 05:28:34     -916.008385        0.079672
FIRE:  365 05:28:45     -916.008470        0.060490
FIRE:  366 05:28:56     -916.008563        0.026580
FIRE:  367 05:29:06     -916.008583        0.014896
FIRE:  368 05:29:17     -916.008584        0.014036
FIRE:  369 05:29:28     -916.008586        0.013569
FIRE:  370 05:29:39     -916.008589        0.013568
FIRE:  371 05:29:50     -916.008593        0.013566
FIRE:  372 05:30:00     -916.008596        0.013563
FIRE:  373 05:30:11     -916.008599        0.013560
FIRE:  374 05:30:22     -916.008602        0.013556
FIRE:  375 05:30:33     -916.008606        0.013551
FIRE:  376 05:30:44     -916.008610        0.013544
FIRE:  377 05:30:55     -916.008617        0.013534
FIRE:  378 05:31:05     -916.008625        0.013522
FIRE:  379 05:31:16     -916.008636        0.013507
FIRE:  380 05:31:27     -916.008648        0.013488
FIRE:  381 05:31:38     -916.008662        0.013465
FIRE:  382 05:31:49     -916.008679        0.013438
FIRE:  383 05:31:59     -916.008702        0.013405
FIRE:  384 05:32:10     -916.008729        0.013366
FIRE:  385 05:32:21     -916.008761        0.013315
FIRE:  386 05:32:32     -916.008801        0.013251
FIRE:  387 05:32:43     -916.008849        0.013170
FIRE:  388 05:32:53     -916.008906        0.013072
FIRE:  389 05:33:04     -916.008977        0.012955
FIRE:  390 05:33:15     -916.009061        0.012813
FIRE:  391 05:33:26     -916.009160        0.012642
FIRE:  392 05:33:37     -916.009280        0.012450
FIRE:  393 05:33:47     -916.009419        0.012234
FIRE:  394 05:33:58     -916.009582        0.012007
FIRE:  395 05:34:09     -916.009761        0.019548
FIRE:  396 05:34:20     -916.009863        0.060940
FIRE:  397 05:34:31     -916.009987        0.011656
FIRE:  398 05:34:42     -916.009988        0.011657
FIRE:  399 05:34:52     -916.009990        0.011658
FIRE:  400 05:35:03     -916.009994        0.011660
FIRE:  401 05:35:14     -916.009998        0.011663
FIRE:  402 05:35:25     -916.010004        0.011669
FIRE:  403 05:35:35     -916.010011        0.011676
FIRE:  404 05:35:46     -916.010020        0.011687
FIRE:  405 05:35:57     -916.010030        0.011702
FIRE:  406 05:36:08     -916.010043        0.011724
FIRE:  407 05:36:19     -916.010059        0.011755
FIRE:  408 05:36:30     -916.010079        0.011795
FIRE:  409 05:36:40     -916.010104        0.011849
FIRE:  410 05:36:51     -916.010135        0.011917
FIRE:  411 05:37:02     -916.010172        0.012002
FIRE:  412 05:37:13     -916.010218        0.012110
FIRE:  413 05:37:23     -916.010276        0.012249
FIRE:  414 05:37:34     -916.010348        0.012442
FIRE:  415 05:37:45     -916.010436        0.012725
FIRE:  416 05:37:56     -916.010546        0.013149
FIRE:  417 05:38:07     -916.010685        0.013792
FIRE:  418 05:38:18     -916.010860        0.014773
FIRE:  419 05:38:28     -916.011082        0.023028
FIRE:  420 05:38:39     -916.011154        0.108528
FIRE:  421 05:38:50     -916.011381        0.039472
FIRE:  422 05:39:01     -916.011401        0.026695
FIRE:  423 05:39:12     -916.011421        0.018958
FIRE:  424 05:39:22     -916.011426        0.019044
FIRE:  425 05:39:33     -916.011427        0.019052
FIRE:  426 05:39:44     -916.011431        0.019068
FIRE:  427 05:39:55     -916.011435        0.019092
FIRE:  428 05:40:06     -916.011440        0.019125
FIRE:  429 05:40:16     -916.011444        0.019166
FIRE:  430 05:40:27     -916.011448        0.019217
FIRE:  431 05:40:38     -916.011453        0.019277
FIRE:  432 05:40:49     -916.011460        0.019353
FIRE:  433 05:41:00     -916.011470        0.019449
FIRE:  434 05:41:10     -916.011482        0.019570
FIRE:  435 05:41:21     -916.011498        0.019723
FIRE:  436 05:41:32     -916.011517        0.019920
FIRE:  437 05:41:43     -916.011540        0.020171
FIRE:  438 05:41:54     -916.011570        0.020492
FIRE:  439 05:42:05     -916.011608        0.020899
FIRE:  440 05:42:15     -916.011655        0.021420
FIRE:  441 05:42:26     -916.011715        0.022084
FIRE:  442 05:42:37     -916.011793        0.022928
FIRE:  443 05:42:48     -916.011894        0.024016
FIRE:  444 05:42:59     -916.012026        0.025428
FIRE:  445 05:43:09     -916.012202        0.027290
FIRE:  446 05:43:20     -916.012441        0.029792
FIRE:  447 05:43:31     -916.012775        0.033245
FIRE:  448 05:43:42     -916.013259        0.038123
FIRE:  449 05:43:53     -916.013993        0.045180
FIRE:  450 05:44:03     -916.015168        0.055627
FIRE:  451 05:44:14     -916.017166        0.071222
FIRE:  452 05:44:25     -916.020802        0.093692
FIRE:  453 05:44:36     -916.027623        0.120557
FIRE:  454 05:44:47     -916.036171        0.384812
FIRE:  455 05:44:58     -915.867530        3.484660
FIRE:  456 05:45:08     -915.748951        2.821026
FIRE:  457 05:45:19     -915.923914        2.198345
FIRE:  458 05:45:30     -916.050147        0.565565
FIRE:  459 05:45:41     -915.929520        2.916618
FIRE:  460 05:45:52     -915.968563        2.313764
FIRE:  461 05:46:03     -916.020292        1.356733
FIRE:  462 05:46:13     -916.054699        0.367885
FIRE:  463 05:46:24     -916.057566        0.465066
FIRE:  464 05:46:35     -916.057796        0.452640
FIRE:  465 05:46:46     -916.058233        0.427983
FIRE:  466 05:46:57     -916.058833        0.392568
FIRE:  467 05:47:08     -916.059538        0.347815
FIRE:  468 05:47:18     -916.060277        0.293557
FIRE:  469 05:47:29     -916.060979        0.231271
FIRE:  470 05:47:40     -916.061578        0.163477
FIRE:  471 05:47:51     -916.062061        0.095854
FIRE:  472 05:48:02     -916.062361        0.095570
FIRE:  473 05:48:13     -916.062476        0.135000
FIRE:  474 05:48:23     -916.062491        0.133102
FIRE:  475 05:48:34     -916.062522        0.129339
FIRE:  476 05:48:45     -916.062566        0.123777
FIRE:  477 05:48:56     -916.062623        0.116520
FIRE:  478 05:49:07     -916.062690        0.107710
FIRE:  479 05:49:18     -916.062767        0.097527
FIRE:  480 05:49:28     -916.062852        0.094892
FIRE:  481 05:49:39     -916.062953        0.094796
FIRE:  482 05:49:50     -916.063070        0.094673
FIRE:  483 05:50:01     -916.063204        0.094515
FIRE:  484 05:50:12     -916.063356        0.094312
FIRE:  485 05:50:23     -916.063528        0.094055
FIRE:  486 05:50:33     -916.063725        0.093728
FIRE:  487 05:50:44     -916.063959        0.093315
FIRE:  488 05:50:55     -916.064243        0.092796
FIRE:  489 05:51:06     -916.064598        0.092147
FIRE:  490 05:51:17     -916.065040        0.091334
FIRE:  491 05:51:27     -916.065579        0.090310
FIRE:  492 05:51:38     -916.066212        0.089013
FIRE:  493 05:51:49     -916.066941        0.087359
FIRE:  494 05:52:00     -916.067791        0.085253
FIRE:  495 05:52:11     -916.068817        0.082587
FIRE:  496 05:52:22     -916.070059        0.079225
FIRE:  497 05:52:33     -916.071504        0.074992
FIRE:  498 05:52:43     -916.073161        0.069703
FIRE:  499 05:52:54     -916.075110        0.063228
FIRE:  500 05:53:05     -916.077328        0.055486
FIRE:  501 05:53:16     -916.079777        0.051371
FIRE:  502 05:53:27     -916.082497        0.052566
FIRE:  503 05:53:38     -916.085371        0.053850
FIRE:  504 05:53:49     -916.088381        0.055109
FIRE:  505 05:53:59     -916.091439        0.056304
FIRE:  506 05:54:10     -916.094429        0.057455
FIRE:  507 05:54:21     -916.097190        0.084744
FIRE:  508 05:54:32     -916.099302        0.176525
FIRE:  509 05:54:43     -916.099675        0.383752
FIRE:  510 05:54:54     -916.102071        0.055106
FIRE:  511 05:55:04     -916.100861        0.307917
FIRE:  512 05:55:15     -916.101507        0.244039
FIRE:  513 05:55:26     -916.102308        0.126816
FIRE:  514 05:55:37     -916.102666        0.054068
FIRE:  515 05:55:48     -916.102676        0.054053
FIRE:  516 05:55:59     -916.102695        0.054022
FIRE:  517 05:56:09     -916.102723        0.053977
FIRE:  518 05:56:20     -916.102759        0.053917
FIRE:  519 05:56:31     -916.102804        0.053842
FIRE:  520 05:56:42     -916.102856        0.053752
FIRE:  521 05:56:53     -916.102915        0.053647
FIRE:  522 05:57:04     -916.102989        0.053515
FIRE:  523 05:57:14     -916.103083        0.053349
FIRE:  524 05:57:25     -916.103199        0.053142
FIRE:  525 05:57:36     -916.103342        0.052886
FIRE:  526 05:57:47     -916.103518        0.052570
FIRE:  527 05:57:58     -916.103731        0.052183
FIRE:  528 05:58:09     -916.103989        0.051707
FIRE:  529 05:58:19     -916.104295        0.051127
FIRE:  530 05:58:30     -916.104661        0.050422
FIRE:  531 05:58:41     -916.105099        0.049569
FIRE:  532 05:58:52     -916.105619        0.048542
FIRE:  533 05:59:03     -916.106240        0.047315
FIRE:  534 05:59:14     -916.107003        0.051164
FIRE:  535 05:59:25     -916.107991        0.064635
FIRE:  536 05:59:36     -916.109375        0.086552
FIRE:  537 05:59:46     -916.111585        0.123833
FIRE:  538 05:59:57     -916.115755        0.191437
FIRE:  539 06:00:08     -916.125337        0.326974
FIRE:  540 06:00:19     -916.153039        0.615900
FIRE:  541 06:00:29     -916.240488        0.925849
FIRE:  542 06:00:40     -916.430598        1.022909
FIRE:  543 06:00:51     -916.785638        1.272964
FIRE:  544 06:01:02     -917.079104        0.792327
FIRE:  545 06:01:13     -917.228326        0.689013
FIRE:  546 06:01:24     -917.305496        0.785942
FIRE:  547 06:01:34     -917.395434        0.837570
FIRE:  548 06:01:45     -917.464686        0.501339
FIRE:  549 06:01:56     -917.532619        0.658701
FIRE:  550 06:02:07     -917.648732        0.564788
FIRE:  551 06:02:18     -917.723530        0.539978
FIRE:  552 06:02:28     -917.779281        0.439214
FIRE:  553 06:02:39     -917.799251        0.241873
FIRE:  554 06:02:50     -917.810304        0.293238
FIRE:  555 06:03:01     -917.813510        0.237004
FIRE:  556 06:03:11     -917.818432        0.208853
FIRE:  557 06:03:22     -917.823432        0.202337
FIRE:  558 06:03:33     -917.828174        0.195082
FIRE:  559 06:03:44     -917.833624        0.189417
FIRE:  560 06:03:55     -917.840601        0.181203
FIRE:  561 06:04:06     -917.848797        0.175403
FIRE:  562 06:04:16     -917.858073        0.168279
FIRE:  563 06:04:27     -917.867714        0.160008
FIRE:  564 06:04:38     -917.878222        0.150554
FIRE:  565 06:04:49     -917.889989        0.133824
FIRE:  566 06:04:59     -917.902375        0.128051
FIRE:  567 06:05:10     -917.914963        0.111617
FIRE:  568 06:05:21     -917.927461        0.128665
FIRE:  569 06:05:32     -917.940016        0.110724
FIRE:  570 06:05:43     -917.952058        0.106633
FIRE:  571 06:05:53     -917.963846        0.138705
FIRE:  572 06:06:04     -917.975610        0.148557
FIRE:  573 06:06:15     -917.988277        0.138381
FIRE:  574 06:06:26     -917.999311        0.249608
FIRE:  575 06:06:37     -918.002954        0.652431
FIRE:  576 06:06:47     -918.012122        0.059676
FIRE:  577 06:06:58     -918.007277        0.533027
FIRE:  578 06:07:09     -918.009796        0.421803
FIRE:  579 06:07:20     -918.012859        0.214238
FIRE:  580 06:07:31     -918.014073        0.064740
FIRE:  581 06:07:42     -918.014107        0.061207
FIRE:  582 06:07:52     -918.014174        0.055148
FIRE:  583 06:08:03     -918.014270        0.054975
FIRE:  584 06:08:14     -918.014390        0.054748
FIRE:  585 06:08:25     -918.014531        0.054468
FIRE:  586 06:08:36     -918.014691        0.054137
FIRE:  587 06:08:46     -918.014869        0.053761
FIRE:  588 06:08:57     -918.015088        0.053296
FIRE:  589 06:09:08     -918.015361        0.052732
FIRE:  590 06:09:19     -918.015702        0.052056
FIRE:  591 06:09:30     -918.016125        0.051258
FIRE:  592 06:09:41     -918.016634        0.050323
FIRE:  593 06:09:51     -918.017237        0.049236
FIRE:  594 06:10:02     -918.017943        0.047986
FIRE:  595 06:10:13     -918.018765        0.046564
FIRE:  596 06:10:24     -918.019720        0.044969
FIRE:  597 06:10:35     -918.020802        0.043203
FIRE:  598 06:10:46     -918.022003        0.041267
FIRE:  599 06:10:56     -918.023333        0.039145
FIRE:  600 06:11:07     -918.024761        0.036737
FIRE:  601 06:11:18     -918.026268        0.033861
FIRE:  602 06:11:29     -918.027838        0.030342
FIRE:  603 06:11:40     -918.029455        0.027030
FIRE:  604 06:11:51     -918.031104        0.027538
FIRE:  605 06:12:02     -918.032806        0.041733
FIRE:  606 06:12:12     -918.034574        0.057084
FIRE:  607 06:12:23     -918.036345        0.107493
FIRE:  608 06:12:34     -918.037732        0.215436
FIRE:  609 06:12:45     -918.038504        0.036026
FIRE:  610 06:12:56     -918.038249        0.167806
FIRE:  611 06:13:07     -918.038419        0.135484
FIRE:  612 06:13:17     -918.038641        0.076620
FIRE:  613 06:13:28     -918.038771        0.019380
FIRE:  614 06:13:39     -918.038770        0.068425
FIRE:  615 06:13:50     -918.038781        0.065138
FIRE:  616 06:14:01     -918.038802        0.058759
FIRE:  617 06:14:12     -918.038829        0.049692
FIRE:  618 06:14:23     -918.038859        0.038559
FIRE:  619 06:14:34     -918.038891        0.026287
FIRE:  620 06:14:44     -918.038921        0.019160
FIRE:  621 06:14:55     -918.038949        0.019218
FIRE:  622 06:15:06     -918.038979        0.023463
FIRE:  623 06:15:17     -918.039016        0.033436
FIRE:  624 06:15:28     -918.039064        0.038998
FIRE:  625 06:15:39     -918.039129        0.038430
FIRE:  626 06:15:50     -918.039215        0.030622
FIRE:  627 06:16:00     -918.039317        0.018854
FIRE:  628 06:16:11     -918.039430        0.018619
FIRE:  629 06:16:22     -918.039559        0.027090
FIRE:  630 06:16:33     -918.039717        0.030472
FIRE:  631 06:16:44     -918.039911        0.019746
FIRE:  632 06:16:55     -918.040130        0.018043
FIRE:  633 06:17:05     -918.040375        0.028056
FIRE:  634 06:17:16     -918.040671        0.017979
FIRE:  635 06:17:27     -918.040998        0.019110
FIRE:  636 06:17:38     -918.041372        0.022271
FIRE:  637 06:17:49     -918.041797        0.018186
FIRE:  638 06:18:00     -918.042280        0.017443
FIRE:  639 06:18:10     -918.042829        0.027623
FIRE:  640 06:18:21     -918.043486        0.020392
FIRE:  641 06:18:32     -918.044267        0.018808
FIRE:  642 06:18:43     -918.045227        0.018903
FIRE:  643 06:18:54     -918.046411        0.027345
FIRE:  644 06:19:05     -918.047665        0.103137
FIRE:  645 06:19:15     -918.046452        0.382861
FIRE:  646 06:19:26     -918.049546        0.088907
FIRE:  647 06:19:37     -918.049663        0.060190
FIRE:  648 06:19:48     -918.049780        0.022139
FIRE:  649 06:19:59     -918.049803        0.037440
FIRE:  650 06:20:10     -918.049811        0.034661
FIRE:  651 06:20:20     -918.049825        0.029340
FIRE:  652 06:20:31     -918.049844        0.022456
FIRE:  653 06:20:42     -918.049865        0.022366
FIRE:  654 06:20:53     -918.049886        0.022271
FIRE:  655 06:21:04     -918.049907        0.022181
FIRE:  656 06:21:15     -918.049930        0.022107
