Si Bulk DFT energetics calculations using VASP
Running on host: comp030
Working directory: /lustre/home/ah1365/projects/127870/upgrade_report/case_studies/common/structures/interfaces/264_Sn108Si156_001_001_a0.07732_b0.082474_c2.1_interface2shift6swap2
Job started on: Fri 13 Jun 12:28:54 UTC 2025
cuequivariance or cuequivariance_torch is not available. Cuequivariance acceleration will be disabled.
Using Materials Project MACE for MACECalculator with /lustre/home/ah1365/.cache/mace/MACE_MPtrj_20229model
Using float64 for MACECalculator, which is slower but more accurate. Recommended for geometry optimization.
Using TorchDFTD3Calculator for D3 dispersion corrections
      Step     Time          Energy          fmax
FIRE:    0 13:29:49    -1224.928266        7.280610
FIRE:    1 13:30:09    -1232.697767        6.142214
FIRE:    2 13:30:29    -1239.403727        5.301065
FIRE:    3 13:30:49    -1245.228471        4.546713
FIRE:    4 13:31:09    -1250.318937        3.884740
FIRE:    5 13:31:28    -1254.797091        3.309936
FIRE:    6 13:31:48    -1258.760723        2.808283
FIRE:    7 13:32:08    -1262.286356        2.366572
FIRE:    8 13:32:27    -1265.438101        1.978896
FIRE:    9 13:32:47    -1268.268193        1.796645
FIRE:   10 13:33:07    -1270.822079        1.786980
FIRE:   11 13:33:27    -1273.140077        1.754991
FIRE:   12 13:33:46    -1275.257488        1.698926
FIRE:   13 13:34:06    -1277.204338        1.618551
FIRE:   14 13:34:26    -1279.005127        1.515335
FIRE:   15 13:34:46    -1280.679118        1.392616
FIRE:   16 13:35:05    -1282.241492        1.255608
FIRE:   17 13:35:25    -1283.705068        1.135176
FIRE:   18 13:35:45    -1285.081458        1.103126
FIRE:   19 13:36:05    -1286.381838        1.078118
FIRE:   20 13:36:24    -1287.616716        1.056621
FIRE:   21 13:36:44    -1288.795595        1.035001
FIRE:   22 13:37:04    -1289.926629        1.010119
FIRE:   23 13:37:24    -1291.016033        0.979936
FIRE:   24 13:37:44    -1292.067731        0.943706
FIRE:   25 13:38:03    -1293.082442        0.900868
FIRE:   26 13:38:23    -1294.057735        0.845566
FIRE:   27 13:38:43    -1294.988135        0.769057
FIRE:   28 13:39:03    -1295.866454        0.703294
FIRE:   29 13:39:22    -1296.686281        0.630759
FIRE:   30 13:39:42    -1297.444970        0.586053
FIRE:   31 13:40:02    -1298.144744        0.586272
FIRE:   32 13:40:22    -1298.788711        0.575719
FIRE:   33 13:40:42    -1299.378922        0.576582
FIRE:   34 13:41:01    -1299.916512        0.595026
FIRE:   35 13:41:21    -1300.403329        0.609701
FIRE:   36 13:41:41    -1300.843365        0.616094
FIRE:   37 13:42:01    -1301.242082        0.608006
FIRE:   38 13:42:21    -1301.604586        0.696284
FIRE:   39 13:42:41    -1301.934284        0.738957
FIRE:   40 13:43:00    -1302.232065        0.719178
FIRE:   41 13:43:20    -1302.496066        0.637068
FIRE:   42 13:43:40    -1302.722796        0.565794
FIRE:   43 13:44:00    -1302.910314        0.626199
FIRE:   44 13:44:20    -1303.062074        0.627179
FIRE:   45 13:44:39    -1303.187013        0.567068
FIRE:   46 13:44:59    -1303.294317        0.465729
FIRE:   47 13:45:19    -1303.390073        0.457804
FIRE:   48 13:45:38    -1303.477711        0.491775
FIRE:   49 13:45:58    -1303.558960        0.554577
FIRE:   50 13:46:18    -1303.634058        0.570766
FIRE:   51 13:46:38    -1303.702145        0.545698
FIRE:   52 13:46:58    -1303.761922        0.489603
FIRE:   53 13:47:17    -1303.813112        0.416122
FIRE:   54 13:47:37    -1303.857649        0.497409
FIRE:   55 13:47:57    -1303.899988        0.590690
FIRE:   56 13:48:17    -1303.945840        0.645316
FIRE:   57 13:48:37    -1304.000612        0.649838
FIRE:   58 13:48:56    -1304.067525        0.605656
FIRE:   59 13:49:16    -1304.147414        0.526945
FIRE:   60 13:49:36    -1304.239212        0.436258
FIRE:   61 13:49:56    -1304.340851        0.370744
FIRE:   62 13:50:15    -1304.450037        0.361751
FIRE:   63 13:50:35    -1304.564389        0.350067
FIRE:   64 13:50:55    -1304.681396        0.353459
FIRE:   65 13:51:15    -1304.797639        0.340683
FIRE:   66 13:51:35    -1304.908734        0.329731
FIRE:   67 13:51:54    -1305.010226        0.288490
FIRE:   68 13:52:14    -1305.098527        0.279157
FIRE:   69 13:52:34    -1305.171574        0.304217
FIRE:   70 13:52:54    -1305.229095        0.314664
FIRE:   71 13:53:14    -1305.272985        0.301151
FIRE:   72 13:53:33    -1305.306937        0.413216
FIRE:   73 13:53:53    -1305.335538        0.493185
FIRE:   74 13:54:13    -1305.636798        0.243112
FIRE:   75 13:54:33    -1305.799107        0.165788
FIRE:   76 13:54:53    -1305.901942        0.181380
FIRE:   77 13:55:12    -1305.980261        0.151017
FIRE:   78 13:55:32    -1306.041005        0.184328
FIRE:   79 13:55:52    -1306.090699        0.198258
FIRE:   80 13:56:12    -1306.137862        0.179506
FIRE:   81 13:56:31    -1306.188958        0.164035
FIRE:   82 13:56:51    -1306.237563        0.118679
FIRE:   83 13:57:11    -1306.274584        0.141599
FIRE:   84 13:57:31    -1306.302888        0.205803
FIRE:   85 13:57:50    -1306.331781        0.125804
FIRE:   86 13:58:10    -1306.358428        0.119208
FIRE:   87 13:58:30    -1306.384408        0.110418
FIRE:   88 13:58:50    -1306.410538        0.117188
FIRE:   89 13:59:10    -1306.432183        0.159372
FIRE:   90 13:59:30    -1306.456614        0.092197
FIRE:   91 13:59:49    -1306.484662        0.139269
FIRE:   92 14:00:09    -1306.516772        0.156963
FIRE:   93 14:00:29    -1306.548031        0.078733
FIRE:   94 14:00:49    -1306.564626        0.179222
FIRE:   95 14:01:08    -1306.592382        0.100612
FIRE:   96 14:01:28    -1306.601582        0.095349
FIRE:   97 14:01:48    -1306.607547        0.094776
FIRE:   98 14:02:08    -1306.613539        0.092619
FIRE:   99 14:02:28    -1306.624616        0.087921
FIRE:  100 14:02:47    -1306.635463        0.081294
FIRE:  101 14:03:07    -1306.645269        0.074940
FIRE:  102 14:03:27    -1306.655759        0.070734
FIRE:  103 14:03:47    -1306.668210        0.068434
FIRE:  104 14:04:06    -1306.681510        0.068929
FIRE:  105 14:04:26    -1306.697459        0.078046
FIRE:  106 14:04:46    -1306.717789        0.098151
FIRE:  107 14:05:06    -1306.744068        0.128924
FIRE:  108 14:05:26    -1306.775822        0.176391
FIRE:  109 14:05:45    -1306.815494        0.202747
FIRE:  110 14:06:05    -1306.848132        0.114906
FIRE:  111 14:06:25    -1306.853970        0.301188
FIRE:  112 14:06:45    -1306.868847        0.178450
FIRE:  113 14:07:05    -1306.879276        0.049382
FIRE:  114 14:07:24    -1306.881502        0.125125
FIRE:  115 14:07:44    -1306.882627        0.116932
FIRE:  116 14:08:04    -1306.884514        0.100951
FIRE:  117 14:08:24    -1306.886626        0.078120
FIRE:  118 14:08:44    -1306.888526        0.050328
FIRE:  119 14:09:03    -1306.890052        0.036091
FIRE:  120 14:09:23    -1306.891320        0.049434
FIRE:  121 14:09:43    -1306.892579        0.069381
FIRE:  122 14:10:03    -1306.894232        0.078794
FIRE:  123 14:10:23    -1306.896517        0.073365
FIRE:  124 14:10:42    -1306.899400        0.051675
FIRE:  125 14:11:02    -1306.902567        0.037144
FIRE:  126 14:11:22    -1306.905669        0.036452
FIRE:  127 14:11:42    -1306.908815        0.040415
FIRE:  128 14:12:01    -1306.912735        0.039184
FIRE:  129 14:12:21    -1306.917396        0.030979
FIRE:  130 14:12:41    -1306.922002        0.025158
FIRE:  131 14:13:01    -1306.926353        0.036987
FIRE:  132 14:13:21    -1306.930002        0.019741
FIRE:  133 14:13:40    -1306.931366        0.049394
FIRE:  134 14:14:00    -1306.932151        0.027874
FIRE:  135 14:14:20    -1306.932613        0.038285
FIRE:  136 14:14:40    -1306.933271        0.038995
FIRE:  137 14:15:00    -1306.934128        0.028671
FIRE:  138 14:15:19    -1306.934692        0.037034
FIRE:  139 14:15:39    -1306.935635        0.032247
FIRE:  140 14:15:59    -1306.936684        0.035414
FIRE:  141 14:16:19    -1306.937771        0.040340
FIRE:  142 14:16:38    -1306.939383        0.047770
FIRE:  143 14:16:58    -1306.941406        0.059597
FIRE:  144 14:17:18    -1306.944886        0.079390
FIRE:  145 14:17:38    -1306.951098        0.116084
FIRE:  146 14:17:58    -1306.964256        0.183265
FIRE:  147 14:18:17    -1306.994159        0.238673
FIRE:  148 14:18:37    -1307.035093        0.191013
FIRE:  149 14:18:57    -1307.078670        0.226165
FIRE:  150 14:19:17    -1307.125498        0.253484
FIRE:  151 14:19:37    -1307.176524        0.198255
FIRE:  152 14:19:56    -1307.191627        0.391518
FIRE:  153 14:20:16    -1307.217123        0.094741
FIRE:  154 14:20:36    -1307.222252        0.254694
FIRE:  155 14:20:56    -1307.226977        0.194249
FIRE:  156 14:21:15    -1307.233250        0.140325
FIRE:  157 14:21:35    -1307.237502        0.102736
FIRE:  158 14:21:55    -1307.239498        0.160673
FIRE:  159 14:22:15    -1307.242485        0.204488
FIRE:  160 14:22:35    -1307.248531        0.169238
FIRE:  161 14:22:54    -1307.256017        0.119399
FIRE:  162 14:23:14    -1307.262364        0.069470
FIRE:  163 14:23:34    -1307.265774        0.134671
FIRE:  164 14:23:54    -1307.267386        0.149635
FIRE:  165 14:24:14    -1307.268172        0.136030
FIRE:  166 14:24:33    -1307.269468        0.110162
FIRE:  167 14:24:53    -1307.270834        0.074637
FIRE:  168 14:25:13    -1307.271848        0.033379
FIRE:  169 14:25:33    -1307.272308        0.036043
FIRE:  170 14:25:53    -1307.272389        0.062102
FIRE:  171 14:26:12    -1307.272430        0.060291
FIRE:  172 14:26:32    -1307.272509        0.056735
FIRE:  173 14:26:52    -1307.272622        0.051567
FIRE:  174 14:27:12    -1307.272757        0.044990
FIRE:  175 14:27:32    -1307.272904        0.037272
FIRE:  176 14:27:51    -1307.273057        0.028756
FIRE:  177 14:28:11    -1307.273209        0.021114
FIRE:  178 14:28:31    -1307.273367        0.017435
FIRE:  179 14:28:51    -1307.273525        0.014115
FIRE:  180 14:29:11    -1307.273687        0.014298
FIRE:  181 14:29:31    -1307.273872        0.020187
FIRE:  182 14:29:50    -1307.274095        0.024218
FIRE:  183 14:30:10    -1307.274377        0.025325
FIRE:  184 14:30:30    -1307.274731        0.022727
FIRE:  185 14:30:50    -1307.275161        0.016160
FIRE:  186 14:31:10    -1307.275632        0.010448
FIRE:  187 14:31:29    -1307.276113        0.014569
FIRE:  188 14:31:49    -1307.276604        0.020279
FIRE:  189 14:32:09    -1307.277132        0.016118
FIRE:  190 14:32:29    -1307.277724        0.008008
MACE calculation complete. Energy written to MACE_OUTCAR: -1307.277724 eV
Job ended on: Fri 13 Jun 13:32:32 UTC 2025
