Si Bulk DFT energetics calculations using VASP
Running on host: comp111
Working directory: /lustre/home/ah1365/projects/127870/upgrade_report/case_studies/common/structures/interfaces/120_Si36C84_012_012_a0.111111_b0.203704_c0.988275_interface2shift2
Job started on: Thu  5 Jun 08:39:13 UTC 2025
cuequivariance or cuequivariance_torch is not available. Cuequivariance acceleration will be disabled.
Using Materials Project MACE for MACECalculator with /lustre/home/ah1365/.cache/mace/MACE_MPtrj_20229model
Using float64 for MACECalculator, which is slower but more accurate. Recommended for geometry optimization.
Using TorchDFTD3Calculator for D3 dispersion corrections
      Step     Time          Energy          fmax
FIRE:    0 09:40:17     -844.458217       21.509963
FIRE:    1 09:40:29     -854.930411       10.948025
FIRE:    2 09:40:40     -861.776606        4.977178
FIRE:    3 09:40:51     -866.490517        4.079901
FIRE:    4 09:41:02     -869.857274        3.794937
FIRE:    5 09:41:13     -872.407357        3.825533
FIRE:    6 09:41:25     -874.513541        3.976807
FIRE:    7 09:41:36     -876.410540        3.745534
FIRE:    8 09:41:47     -878.194880        3.562619
FIRE:    9 09:41:58     -879.819921        2.752968
FIRE:   10 09:42:09     -881.207203        2.285901
FIRE:   11 09:42:20     -882.331131        2.180277
FIRE:   12 09:42:31     -883.226320        2.316818
FIRE:   13 09:42:43     -884.008969        3.189990
FIRE:   14 09:42:54     -884.848989        3.391503
FIRE:   15 09:43:05     -885.816247        2.745640
FIRE:   16 09:43:16     -886.805715        1.639618
FIRE:   17 09:43:27     -887.686789        1.490389
FIRE:   18 09:43:39     -888.453529        1.567803
FIRE:   19 09:43:50     -889.197310        1.758602
FIRE:   20 09:44:01     -890.012388        1.685985
FIRE:   21 09:44:12     -890.922331        1.558320
FIRE:   22 09:44:23     -891.874561        1.320744
FIRE:   23 09:44:34     -892.797400        1.326357
FIRE:   24 09:44:46     -893.655420        1.407703
FIRE:   25 09:44:57     -894.460119        1.503564
FIRE:   26 09:45:08     -895.236600        1.308205
FIRE:   27 09:45:19     -896.002642        1.055313
FIRE:   28 09:45:30     -896.765478        1.071590
FIRE:   29 09:45:41     -897.493099        1.031733
FIRE:   30 09:45:53     -898.139833        0.964530
FIRE:   31 09:46:04     -898.714581        0.948651
FIRE:   32 09:46:15     -899.250111        0.877152
FIRE:   33 09:46:26     -899.753009        0.783908
FIRE:   34 09:46:37     -900.216293        0.713573
FIRE:   35 09:46:48     -900.652402        0.690757
FIRE:   36 09:46:59     -901.071567        0.668282
FIRE:   37 09:47:11     -901.467730        0.666359
FIRE:   38 09:47:22     -901.845004        0.695350
FIRE:   39 09:47:33     -902.211075        0.731334
FIRE:   40 09:47:44     -902.555981        0.778716
FIRE:   41 09:47:55     -902.868651        0.839546
FIRE:   42 09:48:06     -903.166604        0.910470
FIRE:   43 09:48:17     -903.474700        0.981207
FIRE:   44 09:48:29     -903.790791        1.036898
FIRE:   45 09:48:40     -904.092461        1.060445
FIRE:   46 09:48:51     -904.358696        1.038505
FIRE:   47 09:49:02     -904.583273        0.965115
FIRE:   48 09:49:13     -904.772106        0.829063
FIRE:   49 09:49:24     -904.930315        0.698384
FIRE:   50 09:49:35     -905.059177        0.715632
FIRE:   51 09:49:46     -905.157060        0.700743
FIRE:   52 09:49:57     -905.230471        0.809011
FIRE:   53 09:50:08     -905.298308        0.998705
FIRE:   54 09:50:20     -905.377460        1.087811
FIRE:   55 09:50:31     -905.476584        0.971460
FIRE:   56 09:50:42     -905.581942        0.779935
FIRE:   57 09:50:53     -905.645724        0.919533
FIRE:   58 09:51:04     -906.004272        1.160216
FIRE:   59 09:51:15     -906.228358        1.568849
FIRE:   60 09:51:26     -905.695328        6.646358
FIRE:   61 09:51:37     -906.238564        3.157311
FIRE:   62 09:51:48     -906.374820        2.425017
FIRE:   63 09:51:59     -906.524939        0.985399
FIRE:   64 09:52:10     -906.532394        1.457190
FIRE:   65 09:52:21     -906.542133        1.304983
FIRE:   66 09:52:32     -906.558348        1.027107
FIRE:   67 09:52:44     -906.576154        0.669965
FIRE:   68 09:52:55     -906.591396        0.448349
FIRE:   69 09:53:06     -906.602624        0.453234
FIRE:   70 09:53:17     -906.611601        0.606927
FIRE:   71 09:53:28     -906.621654        0.783899
FIRE:   72 09:53:39     -906.637240        0.857746
FIRE:   73 09:53:50     -906.661059        0.799782
FIRE:   74 09:54:01     -906.693181        0.588437
FIRE:   75 09:54:12     -906.729987        0.506631
FIRE:   76 09:54:23     -906.767341        0.522074
FIRE:   77 09:54:34     -906.809456        0.691730
FIRE:   78 09:54:45     -906.866863        0.596545
FIRE:   79 09:54:56     -906.937803        0.582457
FIRE:   80 09:55:08     -907.013119        0.607056
FIRE:   81 09:55:19     -907.104729        0.633617
FIRE:   82 09:55:30     -907.219892        0.663209
FIRE:   83 09:55:41     -907.350601        0.696253
FIRE:   84 09:55:52     -907.522708        0.700470
FIRE:   85 09:56:03     -907.721855        0.564974
FIRE:   86 09:56:14     -907.929489        0.486426
FIRE:   87 09:56:25     -908.072742        0.440855
FIRE:   88 09:56:36     -908.172921        0.453651
FIRE:   89 09:56:47     -908.244358        0.516804
FIRE:   90 09:56:58     -908.288921        0.436259
FIRE:   91 09:57:09     -908.308054        0.396492
FIRE:   92 09:57:21     -908.333425        0.351583
FIRE:   93 09:57:32     -908.366038        0.340522
FIRE:   94 09:57:43     -908.402329        0.226084
FIRE:   95 09:57:54     -908.431367        0.308919
FIRE:   96 09:58:05     -908.458241        0.212992
FIRE:   97 09:58:16     -908.479846        0.171323
FIRE:   98 09:58:27     -908.498777        0.233063
FIRE:   99 09:58:38     -908.518132        0.184932
FIRE:  100 09:58:49     -908.538134        0.228442
FIRE:  101 09:59:00     -908.561065        0.279135
FIRE:  102 09:59:11     -908.590384        0.157571
FIRE:  103 09:59:23     -908.623699        0.162087
FIRE:  104 09:59:34     -908.662813        0.242004
FIRE:  105 09:59:45     -908.706996        0.581605
FIRE:  106 09:59:56     -908.715145        1.464888
FIRE:  107 10:00:07     -908.838051        0.531042
FIRE:  108 10:00:18     -908.782085        1.698583
FIRE:  109 10:00:29     -908.839598        1.120008
FIRE:  110 10:00:40     -908.893287        0.587936
FIRE:  111 10:00:51     -908.902980        0.587307
FIRE:  112 10:01:02     -908.905862        0.587654
FIRE:  113 10:01:13     -908.911252        0.588206
FIRE:  114 10:01:25     -908.918486        0.588652
FIRE:  115 10:01:36     -908.926801        0.588502
FIRE:  116 10:01:47     -908.935570        0.587051
FIRE:  117 10:01:58     -908.944526        0.583359
FIRE:  118 10:02:09     -908.953871        0.576300
FIRE:  119 10:02:20     -908.965299        0.563145
FIRE:  120 10:02:31     -908.980001        0.540331
FIRE:  121 10:02:42     -908.998959        0.503094
FIRE:  122 10:02:53     -909.022039        0.445897
FIRE:  123 10:03:04     -909.047370        0.364371
FIRE:  124 10:03:15     -909.072311        0.260197
FIRE:  125 10:03:26     -909.095950        0.241743
FIRE:  126 10:03:37     -909.119035        0.198258
FIRE:  127 10:03:48     -909.140196        0.152615
FIRE:  128 10:03:59     -909.157103        0.212407
FIRE:  129 10:04:11     -909.173308        0.230851
FIRE:  130 10:04:22     -909.190574        0.252115
FIRE:  131 10:04:33     -909.207828        0.238872
FIRE:  132 10:04:44     -909.231415        0.218035
FIRE:  133 10:04:55     -909.259726        0.205251
FIRE:  134 10:05:06     -909.296973        0.218979
FIRE:  135 10:05:17     -909.342878        0.314207
FIRE:  136 10:05:28     -909.412595        0.445341
FIRE:  137 10:05:39     -909.525539        0.555249
FIRE:  138 10:05:50     -909.679602        0.455058
FIRE:  139 10:06:01     -909.753650        0.739808
FIRE:  140 10:06:12     -909.782428        0.449827
FIRE:  141 10:06:23     -909.792585        0.692173
FIRE:  142 10:06:34     -909.798363        0.542059
FIRE:  143 10:06:45     -909.805901        0.268942
FIRE:  144 10:06:57     -909.810644        0.143121
FIRE:  145 10:07:08     -909.812384        0.351186
FIRE:  146 10:07:19     -909.813006        0.329656
FIRE:  147 10:07:30     -909.814145        0.288339
FIRE:  148 10:07:41     -909.815626        0.230692
FIRE:  149 10:07:52     -909.817240        0.161918
FIRE:  150 10:08:03     -909.818817        0.141154
FIRE:  151 10:08:14     -909.820283        0.140771
FIRE:  152 10:08:25     -909.821668        0.140347
FIRE:  153 10:08:36     -909.823254        0.170020
FIRE:  154 10:08:47     -909.825265        0.205040
FIRE:  155 10:08:58     -909.827938        0.207658
FIRE:  156 10:09:09     -909.831385        0.170684
FIRE:  157 10:09:20     -909.835456        0.137252
FIRE:  158 10:09:32     -909.839818        0.136493
FIRE:  159 10:09:43     -909.844422        0.135722
FIRE:  160 10:09:54     -909.849837        0.146461
FIRE:  161 10:10:05     -909.856470        0.134421
FIRE:  162 10:10:16     -909.863773        0.134208
FIRE:  163 10:10:27     -909.871630        0.139134
FIRE:  164 10:10:38     -909.881135        0.136128
FIRE:  165 10:10:49     -909.891857        0.138850
FIRE:  166 10:11:00     -909.904269        0.142878
FIRE:  167 10:11:11     -909.919510        0.147676
FIRE:  168 10:11:22     -909.937881        0.151624
FIRE:  169 10:11:33     -909.960519        0.150268
FIRE:  170 10:11:44     -909.987767        0.135802
FIRE:  171 10:11:55     -910.018067        0.101111
FIRE:  172 10:12:06     -910.048031        0.200483
FIRE:  173 10:12:17     -910.071980        0.453677
FIRE:  174 10:12:29     -910.076290        1.154916
FIRE:  175 10:12:40     -910.114104        0.231956
FIRE:  176 10:12:51     -910.115169        0.233190
FIRE:  177 10:13:02     -910.117227        0.235674
FIRE:  178 10:13:13     -910.120198        0.239440
FIRE:  179 10:13:24     -910.124068        0.244538
FIRE:  180 10:13:35     -910.128888        0.251025
FIRE:  181 10:13:46     -910.134701        0.258979
FIRE:  182 10:13:57     -910.141496        0.268500
FIRE:  183 10:14:08     -910.150154        0.280988
FIRE:  184 10:14:19     -910.161261        0.297262
FIRE:  185 10:14:30     -910.175762        0.318204
FIRE:  186 10:14:41     -910.194949        0.344547
FIRE:  187 10:14:53     -910.220767        0.376041
FIRE:  188 10:15:04     -910.256318        0.409101
FIRE:  189 10:15:15     -910.305476        0.431822
FIRE:  190 10:15:26     -910.371848        0.419174
FIRE:  191 10:15:37     -910.455796        0.348172
FIRE:  192 10:15:48     -910.554626        0.280931
FIRE:  193 10:15:59     -910.668185        0.285909
FIRE:  194 10:16:10     -910.795492        0.325611
FIRE:  195 10:16:21     -910.937074        0.530989
FIRE:  196 10:16:32     -911.133336        0.765198
FIRE:  197 10:16:43     -911.372195        0.614345
FIRE:  198 10:16:54     -911.540418        0.416020
FIRE:  199 10:17:05     -911.623639        0.585888
FIRE:  200 10:17:16     -911.657889        0.822409
FIRE:  201 10:17:27     -911.718186        0.469467
FIRE:  202 10:17:38     -911.770856        0.151972
FIRE:  203 10:17:49     -911.786237        0.372686
FIRE:  204 10:18:00     -911.791391        0.333205
FIRE:  205 10:18:12     -911.799560        0.262266
FIRE:  206 10:18:23     -911.808371        0.174767
FIRE:  207 10:18:34     -911.816599        0.102243
FIRE:  208 10:18:45     -911.823731        0.100774
FIRE:  209 10:18:56     -911.829897        0.114824
FIRE:  210 10:19:07     -911.836393        0.157726
FIRE:  211 10:19:18     -911.845346        0.176079
FIRE:  212 10:19:29     -911.856901        0.152067
FIRE:  213 10:19:40     -911.870214        0.110947
FIRE:  214 10:19:51     -911.883579        0.074445
FIRE:  215 10:20:02     -911.895552        0.147219
FIRE:  216 10:20:13     -911.907782        0.153171
FIRE:  217 10:20:24     -911.921232        0.080507
FIRE:  218 10:20:35     -911.933478        0.089562
FIRE:  219 10:20:46     -911.943573        0.163262
FIRE:  220 10:20:58     -911.953379        0.290570
FIRE:  221 10:21:09     -911.954244        0.605873
FIRE:  222 10:21:20     -911.969467        0.064595
FIRE:  223 10:21:31     -911.961104        0.501092
FIRE:  224 10:21:42     -911.965643        0.391788
FIRE:  225 10:21:53     -911.970935        0.192087
FIRE:  226 10:22:04     -911.972649        0.071640
FIRE:  227 10:22:15     -911.972715        0.067863
FIRE:  228 10:22:26     -911.972842        0.062215
FIRE:  229 10:22:37     -911.973018        0.062086
FIRE:  230 10:22:48     -911.973231        0.061918
FIRE:  231 10:22:59     -911.973470        0.061715
FIRE:  232 10:23:10     -911.973730        0.061482
FIRE:  233 10:23:22     -911.974012        0.061224
FIRE:  234 10:23:33     -911.974354        0.060921
FIRE:  235 10:23:44     -911.974791        0.060754
FIRE:  236 10:23:55     -911.975353        0.061015
FIRE:  237 10:24:06     -911.976064        0.061334
FIRE:  238 10:24:17     -911.976943        0.061722
FIRE:  239 10:24:28     -911.978003        0.062186
FIRE:  240 10:24:39     -911.979272        0.062722
FIRE:  241 10:24:50     -911.980831        0.063295
FIRE:  242 10:25:01     -911.982765        0.063816
FIRE:  243 10:25:12     -911.985116        0.064095
FIRE:  244 10:25:23     -911.987932        0.063770
FIRE:  245 10:25:35     -911.991356        0.062224
FIRE:  246 10:25:46     -911.995446        0.058532
FIRE:  247 10:25:57     -912.000225        0.051500
FIRE:  248 10:26:08     -912.005726        0.049689
FIRE:  249 10:26:19     -912.011787        0.051402
FIRE:  250 10:26:30     -912.018260        0.053266
FIRE:  251 10:26:41     -912.025026        0.055482
FIRE:  252 10:26:52     -912.032202        0.057760
FIRE:  253 10:27:03     -912.040029        0.058751
FIRE:  254 10:27:14     -912.047654        0.156022
FIRE:  255 10:27:25     -912.046864        0.562097
FIRE:  256 10:27:37     -912.057495        0.092470
FIRE:  257 10:27:48     -912.057649        0.066649
FIRE:  258 10:27:59     -912.057885        0.042368
FIRE:  259 10:28:10     -912.058144        0.042132
FIRE:  260 10:28:21     -912.058441        0.059897
FIRE:  261 10:28:32     -912.058838        0.066534
FIRE:  262 10:28:43     -912.059340        0.046018
FIRE:  263 10:28:54     -912.059888        0.040164
FIRE:  264 10:29:05     -912.060507        0.039281
FIRE:  265 10:29:16     -912.061245        0.051523
FIRE:  266 10:29:27     -912.062168        0.036646
FIRE:  267 10:29:38     -912.063199        0.034729
FIRE:  268 10:29:49     -912.064365        0.047691
FIRE:  269 10:30:00     -912.065714        0.029296
FIRE:  270 10:30:11     -912.067167        0.041937
FIRE:  271 10:30:22     -912.068780        0.027483
FIRE:  272 10:30:34     -912.070503        0.023778
FIRE:  273 10:30:45     -912.072325        0.053465
FIRE:  274 10:30:56     -912.074260        0.088276
FIRE:  275 10:31:07     -912.076294        0.127178
FIRE:  276 10:31:18     -912.078132        0.239626
FIRE:  277 10:31:29     -912.079083        0.036023
FIRE:  278 10:31:40     -912.078781        0.185351
FIRE:  279 10:31:51     -912.079006        0.146415
FIRE:  280 10:32:02     -912.079297        0.076611
FIRE:  281 10:32:13     -912.079462        0.033187
FIRE:  282 10:32:24     -912.079465        0.082923
FIRE:  283 10:32:36     -912.079482        0.078550
FIRE:  284 10:32:47     -912.079512        0.070051
FIRE:  285 10:32:58     -912.079554        0.057921
FIRE:  286 10:33:09     -912.079600        0.042918
FIRE:  287 10:33:20     -912.079648        0.033348
FIRE:  288 10:33:31     -912.079693        0.033384
FIRE:  289 10:33:42     -912.079736        0.033428
FIRE:  290 10:33:53     -912.079784        0.033486
FIRE:  291 10:34:04     -912.079843        0.035401
FIRE:  292 10:34:15     -912.079921        0.041651
FIRE:  293 10:34:26     -912.080028        0.040198
FIRE:  294 10:34:38     -912.080167        0.033961
FIRE:  295 10:34:49     -912.080338        0.034187
FIRE:  296 10:35:00     -912.080529        0.034495
FIRE:  297 10:35:11     -912.080753        0.034917
FIRE:  298 10:35:22     -912.081041        0.035495
FIRE:  299 10:35:33     -912.081406        0.036290
FIRE:  300 10:35:44     -912.081841        0.037400
FIRE:  301 10:35:55     -912.082366        0.038966
FIRE:  302 10:36:06     -912.083034        0.041176
FIRE:  303 10:36:17     -912.083858        0.044349
FIRE:  304 10:36:28     -912.084911        0.048953
FIRE:  305 10:36:40     -912.086297        0.055710
FIRE:  306 10:36:51     -912.088167        0.065811
FIRE:  307 10:37:02     -912.090839        0.081164
FIRE:  308 10:37:13     -912.094936        0.104927
FIRE:  309 10:37:24     -912.101703        0.142215
FIRE:  310 10:37:35     -912.113958        0.200152
FIRE:  311 10:37:46     -912.137924        0.284596
FIRE:  312 10:37:57     -912.185778        0.390332
FIRE:  313 10:38:08     -912.268681        0.814760
FIRE:  314 10:38:19     -912.201394        4.156622
FIRE:  315 10:38:30     -912.329966        2.473870
FIRE:  316 10:38:41     -912.392518        1.625610
FIRE:  317 10:38:52     -912.442083        0.515403
FIRE:  318 10:39:03     -912.424251        1.413424
FIRE:  319 10:39:14     -912.430385        1.265593
FIRE:  320 10:39:26     -912.440438        0.989524
FIRE:  321 10:39:37     -912.450942        0.620387
FIRE:  322 10:39:48     -912.458685        0.497998
FIRE:  323 10:39:59     -912.462232        0.493898
FIRE:  324 10:40:10     -912.462941        0.523579
FIRE:  325 10:40:21     -912.463276        0.511480
FIRE:  326 10:40:32     -912.463930        0.488029
FIRE:  327 10:40:43     -912.464866        0.487468
FIRE:  328 10:40:54     -912.466038        0.486716
FIRE:  329 10:41:05     -912.467389        0.485766
FIRE:  330 10:41:16     -912.468863        0.484611
FIRE:  331 10:41:27     -912.470405        0.483241
FIRE:  332 10:41:38     -912.472139        0.481464
FIRE:  333 10:41:49     -912.474058        0.479169
FIRE:  334 10:42:01     -912.476178        0.476223
FIRE:  335 10:42:12     -912.478580        0.472476
FIRE:  336 10:42:23     -912.481448        0.467756
FIRE:  337 10:42:34     -912.485044        0.461863
FIRE:  338 10:42:45     -912.489665        0.454536
FIRE:  339 10:42:56     -912.495506        0.445424
FIRE:  340 10:43:07     -912.502535        0.434036
FIRE:  341 10:43:18     -912.510544        0.419706
FIRE:  342 10:43:29     -912.519478        0.401630
FIRE:  343 10:43:40     -912.529798        0.379015
FIRE:  344 10:43:51     -912.542052        0.351059
FIRE:  345 10:44:02     -912.555872        0.316806
FIRE:  346 10:44:13     -912.570360        0.275306
FIRE:  347 10:44:25     -912.585880        0.226623
FIRE:  348 10:44:36     -912.602181        0.172961
FIRE:  349 10:44:47     -912.617620        0.186756
FIRE:  350 10:44:58     -912.632969        0.191957
FIRE:  351 10:45:09     -912.646544        0.179289
FIRE:  352 10:45:21     -912.659243        0.144333
FIRE:  353 10:45:32     -912.668999        0.130384
FIRE:  354 10:45:43     -912.674142        0.245257
FIRE:  355 10:45:54     -912.675130        0.124057
FIRE:  356 10:46:05     -912.675945        0.077329
FIRE:  357 10:46:16     -912.676394        0.181075
FIRE:  358 10:46:27     -912.677417        0.188911
FIRE:  359 10:46:38     -912.679016        0.083951
FIRE:  360 10:46:49     -912.680294        0.069913
FIRE:  361 10:47:01     -912.681301        0.151204
FIRE:  362 10:47:12     -912.682858        0.100991
FIRE:  363 10:47:23     -912.684377        0.063513
FIRE:  364 10:47:34     -912.685603        0.134436
FIRE:  365 10:47:45     -912.687211        0.019302
FIRE:  366 10:47:56     -912.688239        0.131150
FIRE:  367 10:48:07     -912.689623        0.025776
FIRE:  368 10:48:18     -912.690565        0.097099
FIRE:  369 10:48:29     -912.691384        0.142162
FIRE:  370 10:48:40     -912.691687        0.063074
FIRE:  371 10:48:51     -912.691825        0.048814
FIRE:  372 10:49:03     -912.691847        0.042019
FIRE:  373 10:49:14     -912.691887        0.037190
FIRE:  374 10:49:25     -912.691936        0.036640
FIRE:  375 10:49:36     -912.691990        0.035906
FIRE:  376 10:49:47     -912.692048        0.034997
FIRE:  377 10:49:58     -912.692115        0.033931
FIRE:  378 10:50:09     -912.692196        0.032731
FIRE:  379 10:50:20     -912.692301        0.031266
FIRE:  380 10:50:31     -912.692429        0.029493
FIRE:  381 10:50:42     -912.692572        0.027360
FIRE:  382 10:50:53     -912.692733        0.024831
FIRE:  383 10:51:05     -912.692924        0.021907
FIRE:  384 10:51:16     -912.693143        0.018599
FIRE:  385 10:51:27     -912.693374        0.018390
FIRE:  386 10:51:38     -912.693626        0.019600
FIRE:  387 10:51:49     -912.693893        0.010432
FIRE:  388 10:52:00     -912.694169        0.017751
FIRE:  389 10:52:11     -912.694460        0.010958
FIRE:  390 10:52:22     -912.694763        0.012931
FIRE:  391 10:52:33     -912.695087        0.023163
FIRE:  392 10:52:44     -912.695437        0.021371
FIRE:  393 10:52:55     -912.695803        0.021745
FIRE:  394 10:53:06     -912.696141        0.041482
FIRE:  395 10:53:18     -912.696303        0.108528
FIRE:  396 10:53:29     -912.696488        0.013886
FIRE:  397 10:53:40     -912.696381        0.089424
FIRE:  398 10:53:51     -912.696432        0.069398
FIRE:  399 10:54:02     -912.696493        0.033878
FIRE:  400 10:54:13     -912.696516        0.009238
MACE calculation complete. Energy written to MACE_OUTCAR: -912.696516 eV
Job ended on: Thu  5 Jun 09:54:14 UTC 2025
