Si Bulk DFT energetics calculations using VASP
Running on host: comp127
Working directory: /lustre/home/ah1365/projects/127870/upgrade_report/case_studies/common/structures/interfaces/120_Si36C84_012_012_a0.015152_b0.12963_c1.482413_interface14shift6
Job started on: Thu  5 Jun 04:08:57 UTC 2025
cuequivariance or cuequivariance_torch is not available. Cuequivariance acceleration will be disabled.
Using Materials Project MACE for MACECalculator with /lustre/home/ah1365/.cache/mace/MACE_MPtrj_20229model
Using float64 for MACECalculator, which is slower but more accurate. Recommended for geometry optimization.
Using TorchDFTD3Calculator for D3 dispersion corrections
      Step     Time          Energy          fmax
FIRE:    0 05:09:15     -843.087469        4.151343
FIRE:    1 05:09:26     -848.349069        3.636369
FIRE:    2 05:09:37     -852.997822        3.182671
FIRE:    3 05:09:47     -857.080053        2.766906
FIRE:    4 05:09:58     -860.648296        2.553635
FIRE:    5 05:10:09     -863.746684        2.367177
FIRE:    6 05:10:20     -866.417049        2.173424
FIRE:    7 05:10:30     -868.706816        1.977063
FIRE:    8 05:10:41     -870.676212        1.784820
FIRE:    9 05:10:52     -872.387613        1.815741
FIRE:   10 05:11:03     -873.887475        1.764527
FIRE:   11 05:11:14     -875.193837        1.557595
FIRE:   12 05:11:24     -876.308490        1.429926
FIRE:   13 05:11:35     -877.246028        1.360476
FIRE:   14 05:11:46     -878.044590        1.281056
FIRE:   15 05:11:57     -878.748379        1.486994
FIRE:   16 05:12:08     -879.391367        1.571761
FIRE:   17 05:12:19     -879.986980        1.355036
FIRE:   18 05:12:30     -880.553294        1.311333
FIRE:   19 05:12:41     -881.147319        1.312077
FIRE:   20 05:12:52     -881.836233        1.321073
FIRE:   21 05:13:03     -882.641118        1.404193
FIRE:   22 05:13:14     -883.516407        1.290811
FIRE:   23 05:13:25     -884.376151        1.172514
FIRE:   24 05:13:35     -885.138903        0.984321
FIRE:   25 05:13:46     -885.761502        0.796135
FIRE:   26 05:13:57     -886.250644        0.752908
FIRE:   27 05:14:08     -886.638463        0.882187
FIRE:   28 05:14:19     -886.944479        0.868933
FIRE:   29 05:14:30     -887.183782        0.738109
FIRE:   30 05:14:40     -887.385827        0.679498
FIRE:   31 05:14:51     -887.577376        0.770149
FIRE:   32 05:15:02     -887.775150        0.841955
FIRE:   33 05:15:13     -888.006077        0.645275
FIRE:   34 05:15:24     -888.278771        0.884280
FIRE:   35 05:15:35     -888.586791        1.064710
FIRE:   36 05:15:45     -888.931855        1.077713
FIRE:   37 05:15:56     -889.310828        1.391715
FIRE:   38 05:16:07     -889.742636        1.753599
FIRE:   39 05:16:18     -890.292325        2.075065
FIRE:   40 05:16:29     -890.985057        2.265013
FIRE:   41 05:16:39     -891.859904        2.441588
FIRE:   42 05:16:50     -892.817106        2.191895
FIRE:   43 05:17:01     -893.759159        2.151453
FIRE:   44 05:17:12     -894.629679        2.359489
FIRE:   45 05:17:23     -895.328949        3.152856
FIRE:   46 05:17:33     -895.875663        3.790004
FIRE:   47 05:17:44     -896.443776        3.500493
FIRE:   48 05:17:55     -897.099178        3.426240
FIRE:   49 05:18:06     -897.795887        2.899061
FIRE:   50 05:18:17     -898.398560        2.209458
FIRE:   51 05:18:28     -898.865897        2.540479
FIRE:   52 05:18:38     -899.335579        2.613376
FIRE:   53 05:18:49     -899.901948        2.704686
FIRE:   54 05:19:00     -900.496954        1.959027
FIRE:   55 05:19:11     -900.988773        1.569345
FIRE:   56 05:19:22     -901.333990        1.836053
FIRE:   57 05:19:32     -901.625809        2.155734
FIRE:   58 05:19:43     -902.016538        2.421793
FIRE:   59 05:19:54     -902.552518        2.399990
FIRE:   60 05:20:05     -903.142023        2.112254
FIRE:   61 05:20:15     -903.702050        1.991501
FIRE:   62 05:20:26     -904.237196        2.019831
FIRE:   63 05:20:37     -904.782392        1.546276
FIRE:   64 05:20:48     -905.331574        1.416255
FIRE:   65 05:20:58     -905.837847        1.383157
FIRE:   66 05:21:09     -906.265232        1.446736
FIRE:   67 05:21:20     -906.617995        1.442944
FIRE:   68 05:21:31     -906.917010        1.340983
FIRE:   69 05:21:42     -907.171082        1.498116
FIRE:   70 05:21:52     -907.372499        1.776055
FIRE:   71 05:22:03     -907.506295        1.915516
FIRE:   72 05:22:14     -907.573683        1.875362
FIRE:   73 05:22:24     -908.218919        1.597069
FIRE:   74 05:22:35     -908.723255        0.561431
FIRE:   75 05:22:46     -908.934449        0.985184
FIRE:   76 05:22:57     -909.087405        0.748113
FIRE:   77 05:23:07     -908.993293        2.602729
FIRE:   78 05:23:18     -909.360105        0.877241
FIRE:   79 05:23:29     -909.391559        0.547900
FIRE:   80 05:23:40     -909.423581        0.392238
FIRE:   81 05:23:50     -909.438619        0.558607
FIRE:   82 05:24:01     -909.456164        0.710217
FIRE:   83 05:24:12     -909.495751        0.551171
FIRE:   84 05:24:23     -909.547821        0.404061
FIRE:   85 05:24:33     -909.592259        0.407746
FIRE:   86 05:24:44     -909.638180        0.554282
FIRE:   87 05:24:55     -909.708013        0.415017
FIRE:   88 05:25:06     -909.792598        0.417707
FIRE:   89 05:25:16     -909.880696        0.509809
FIRE:   90 05:25:27     -910.002217        0.414326
FIRE:   91 05:25:38     -910.136252        0.495021
FIRE:   92 05:25:49     -910.303381        0.379884
FIRE:   93 05:25:59     -910.491371        0.424942
FIRE:   94 05:26:10     -910.707411        0.439737
FIRE:   95 05:26:21     -910.912913        0.350627
FIRE:   96 05:26:32     -911.109606        0.318385
FIRE:   97 05:26:42     -911.286515        0.293201
FIRE:   98 05:26:53     -911.435904        0.409424
FIRE:   99 05:27:04     -911.562545        0.452264
FIRE:  100 05:27:15     -911.671955        0.350637
FIRE:  101 05:27:25     -911.775670        0.386475
FIRE:  102 05:27:36     -911.887091        0.360980
FIRE:  103 05:27:47     -912.011284        0.515909
FIRE:  104 05:27:58     -912.144245        0.662504
FIRE:  105 05:28:08     -912.280713        0.919826
FIRE:  106 05:28:19     -912.418379        1.068517
FIRE:  107 05:28:30     -912.565321        1.196138
FIRE:  108 05:28:41     -912.714798        1.193011
FIRE:  109 05:28:51     -912.892058        1.144312
FIRE:  110 05:29:02     -913.093315        1.085989
FIRE:  111 05:29:13     -913.340884        0.850076
FIRE:  112 05:29:23     -913.590920        0.755772
FIRE:  113 05:29:34     -913.813534        0.630390
FIRE:  114 05:29:45     -914.010081        0.512084
FIRE:  115 05:29:56     -914.189358        0.423326
FIRE:  116 05:30:06     -914.352190        0.367157
FIRE:  117 05:30:17     -914.497471        0.367264
FIRE:  118 05:30:28     -914.624012        0.387119
FIRE:  119 05:30:39     -914.729299        0.530339
FIRE:  120 05:30:49     -914.809286        0.642313
FIRE:  121 05:31:00     -914.863636        0.638072
FIRE:  122 05:31:11     -914.897213        0.502950
FIRE:  123 05:31:22     -914.722379        3.155347
FIRE:  124 05:31:32     -914.286098        7.068495
FIRE:  125 05:31:43     -914.717383        3.562392
FIRE:  126 05:31:54     -914.896210        2.603693
FIRE:  127 05:32:04     -915.062085        0.679422
FIRE:  128 05:32:15     -914.991184        2.272334
FIRE:  129 05:32:26     -915.011133        1.984368
FIRE:  130 05:32:37     -915.041672        1.467446
FIRE:  131 05:32:47     -915.069402        0.817780
FIRE:  132 05:32:58     -915.083760        0.149512
FIRE:  133 05:33:09     -915.082366        0.488668
FIRE:  134 05:33:19     -915.082702        0.477904
FIRE:  135 05:33:30     -915.083353        0.456586
FIRE:  136 05:33:41     -915.084279        0.425148
FIRE:  137 05:33:52     -915.085420        0.384280
FIRE:  138 05:34:02     -915.086712        0.334961
FIRE:  139 05:34:13     -915.088083        0.278528
FIRE:  140 05:34:24     -915.089469        0.216789
FIRE:  141 05:34:35     -915.090958        0.145332
FIRE:  142 05:34:45     -915.092504        0.141773
FIRE:  143 05:34:56     -915.094106        0.141478
FIRE:  144 05:35:07     -915.095835        0.158752
FIRE:  145 05:35:17     -915.097885        0.221894
FIRE:  146 05:35:28     -915.100550        0.259362
FIRE:  147 05:35:39     -915.104130        0.258700
FIRE:  148 05:35:50     -915.108778        0.212163
FIRE:  149 05:36:00     -915.114388        0.138445
FIRE:  150 05:36:11     -915.120695        0.137809
FIRE:  151 05:36:22     -915.127751        0.137201
FIRE:  152 05:36:33     -915.136278        0.182591
FIRE:  153 05:36:43     -915.147062        0.142766
FIRE:  154 05:36:54     -915.159931        0.135736
FIRE:  155 05:37:05     -915.174419        0.142139
FIRE:  156 05:37:15     -915.191794        0.162114
FIRE:  157 05:37:26     -915.212702        0.133065
FIRE:  158 05:37:37     -915.236216        0.150444
FIRE:  159 05:37:48     -915.264217        0.138121
FIRE:  160 05:37:58     -915.295440        0.168049
FIRE:  161 05:38:09     -915.331453        0.158029
FIRE:  162 05:38:20     -915.370779        0.171120
FIRE:  163 05:38:30     -915.413747        0.240410
FIRE:  164 05:38:41     -915.460078        0.276396
FIRE:  165 05:38:52     -915.507665        0.455658
FIRE:  166 05:39:02     -915.544292        0.909192
FIRE:  167 05:39:13     -915.564160        0.191211
FIRE:  168 05:39:24     -915.555961        0.809971
FIRE:  169 05:39:35     -915.561517        0.615011
FIRE:  170 05:39:45     -915.567997        0.284076
FIRE:  171 05:39:56     -915.570611        0.186206
FIRE:  172 05:40:07     -915.570727        0.186142
FIRE:  173 05:40:17     -915.570953        0.186013
FIRE:  174 05:40:28     -915.571282        0.185819
FIRE:  175 05:40:39     -915.571702        0.185558
FIRE:  176 05:40:49     -915.572208        0.185229
FIRE:  177 05:41:00     -915.572790        0.184831
FIRE:  178 05:41:11     -915.573449        0.184362
FIRE:  179 05:41:22     -915.574271        0.183761
FIRE:  180 05:41:32     -915.575300        0.182999
FIRE:  181 05:41:43     -915.576593        0.182042
FIRE:  182 05:41:54     -915.578209        0.180852
FIRE:  183 05:42:04     -915.580198        0.179388
FIRE:  184 05:42:15     -915.582623        0.177605
FIRE:  185 05:42:26     -915.585539        0.175458
FIRE:  186 05:42:36     -915.589056        0.172905
FIRE:  187 05:42:47     -915.593316        0.169896
FIRE:  188 05:42:58     -915.598422        0.166357
FIRE:  189 05:43:09     -915.604466        0.162175
FIRE:  190 05:43:19     -915.611644        0.157215
FIRE:  191 05:43:30     -915.620139        0.151352
FIRE:  192 05:43:41     -915.630075        0.144476
FIRE:  193 05:43:51     -915.641749        0.136442
FIRE:  194 05:44:02     -915.655311        0.126903
FIRE:  195 05:44:13     -915.671036        0.115451
FIRE:  196 05:44:23     -915.689076        0.101965
FIRE:  197 05:44:34     -915.709517        0.086506
FIRE:  198 05:44:45     -915.732165        0.105921
FIRE:  199 05:44:55     -915.755306        0.310560
FIRE:  200 05:45:06     -915.769297        0.771503
FIRE:  201 05:45:17     -915.783123        0.105528
FIRE:  202 05:45:27     -915.774665        0.719052
FIRE:  203 05:45:38     -915.779036        0.542087
FIRE:  204 05:45:49     -915.783895        0.241413
FIRE:  205 05:45:59     -915.785249        0.106250
FIRE:  206 05:46:10     -915.785306        0.100600
FIRE:  207 05:46:21     -915.785417        0.089626
FIRE:  208 05:46:32     -915.785570        0.074011
FIRE:  209 05:46:42     -915.785754        0.057424
FIRE:  210 05:46:53     -915.785958        0.057412
FIRE:  211 05:47:04     -915.786177        0.057396
FIRE:  212 05:47:14     -915.786411        0.057377
FIRE:  213 05:47:25     -915.786695        0.057352
FIRE:  214 05:47:36     -915.787053        0.057320
FIRE:  215 05:47:46     -915.787514        0.061851
FIRE:  216 05:47:57     -915.788108        0.057234
FIRE:  217 05:48:08     -915.788854        0.057178
FIRE:  218 05:48:18     -915.789755        0.057116
FIRE:  219 05:48:29     -915.790831        0.057051
FIRE:  220 05:48:40     -915.792142        0.056989
FIRE:  221 05:48:50     -915.793771        0.056938
FIRE:  222 05:49:01     -915.795759        0.056910
FIRE:  223 05:49:12     -915.798125        0.056913
FIRE:  224 05:49:23     -915.800997        0.056960
FIRE:  225 05:49:33     -915.804477        0.057071
FIRE:  226 05:49:44     -915.808601        0.057283
FIRE:  227 05:49:55     -915.813578        0.057635
FIRE:  228 05:50:05     -915.819465        0.058166
FIRE:  229 05:50:16     -915.826491        0.058914
FIRE:  230 05:50:27     -915.834776        0.059992
FIRE:  231 05:50:37     -915.844501        0.061571
FIRE:  232 05:50:48     -915.855704        0.107283
FIRE:  233 05:50:59     -915.867589        0.267804
FIRE:  234 05:51:10     -915.875033        0.616339
FIRE:  235 05:51:20     -915.883908        0.073949
FIRE:  236 05:51:31     -915.878148        0.582917
FIRE:  237 05:51:42     -915.881142        0.436926
FIRE:  238 05:51:52     -915.884421        0.188211
FIRE:  239 05:52:03     -915.885223        0.098720
FIRE:  240 05:52:14     -915.885268        0.093262
FIRE:  241 05:52:25     -915.885353        0.082675
FIRE:  242 05:52:35     -915.885469        0.074455
FIRE:  243 05:52:46     -915.885604        0.074490
FIRE:  244 05:52:57     -915.885752        0.074534
FIRE:  245 05:53:07     -915.885904        0.074589
FIRE:  246 05:53:18     -915.886063        0.074654
FIRE:  247 05:53:29     -915.886254        0.074738
FIRE:  248 05:53:40     -915.886498        0.074846
FIRE:  249 05:53:50     -915.886817        0.074982
FIRE:  250 05:54:01     -915.887232        0.075156
FIRE:  251 05:54:12     -915.887756        0.075380
FIRE:  252 05:54:22     -915.888387        0.075672
FIRE:  253 05:54:33     -915.889136        0.076057
FIRE:  254 05:54:44     -915.890057        0.076568
FIRE:  255 05:54:55     -915.891221        0.077246
FIRE:  256 05:55:05     -915.892659        0.078155
FIRE:  257 05:55:16     -915.894386        0.079385
FIRE:  258 05:55:27     -915.896539        0.081053
FIRE:  259 05:55:37     -915.899210        0.083336
FIRE:  260 05:55:48     -915.902467        0.086503
FIRE:  261 05:55:59     -915.906555        0.090918
FIRE:  262 05:56:09     -915.911616        0.097169
FIRE:  263 05:56:20     -915.918050        0.106089
FIRE:  264 05:56:31     -915.926313        0.119054
FIRE:  265 05:56:42     -915.937198        0.138126
FIRE:  266 05:56:52     -915.952060        0.166093
FIRE:  267 05:57:03     -915.973056        0.205624
FIRE:  268 05:57:14     -916.001269        0.457762
FIRE:  269 05:57:24     -916.010551        1.544546
FIRE:  270 05:57:35     -916.054659        0.403138
FIRE:  271 05:57:46     -916.057145        0.306247
FIRE:  272 05:57:57     -916.060327        0.307379
FIRE:  273 05:58:07     -916.062631        0.309096
FIRE:  274 05:58:18     -916.064751        0.311316
FIRE:  275 05:58:29     -916.068542        0.313873
FIRE:  276 05:58:40     -916.074314        0.316641
FIRE:  277 05:58:50     -916.080667        0.319538
FIRE:  278 05:59:01     -916.087360        0.322773
FIRE:  279 05:59:12     -916.095936        0.326027
FIRE:  280 05:59:23     -916.108257        0.328766
FIRE:  281 05:59:33     -916.122937        0.330166
FIRE:  282 05:59:44     -916.140608        0.328757
FIRE:  283 05:59:55     -916.163993        0.322339
FIRE:  284 06:00:05     -916.190695        0.306869
FIRE:  285 06:00:16     -916.223753        0.275665
FIRE:  286 06:00:27     -916.259576        0.217336
FIRE:  287 06:00:38     -916.297406        0.250430
FIRE:  288 06:00:48     -916.336640        0.330337
FIRE:  289 06:00:59     -916.382641        0.329690
FIRE:  290 06:01:10     -916.444152        0.454561
FIRE:  291 06:01:21     -916.500123        1.238938
FIRE:  292 06:01:31     -916.544512        0.399104
FIRE:  293 06:01:42     -916.528271        1.314698
FIRE:  294 06:01:53     -916.546511        0.912092
FIRE:  295 06:02:04     -916.564999        0.418910
FIRE:  296 06:02:14     -916.569739        0.424745
FIRE:  297 06:02:25     -916.570565        0.425237
FIRE:  298 06:02:36     -916.572129        0.426223
FIRE:  299 06:02:46     -916.574266        0.427712
FIRE:  300 06:02:57     -916.576795        0.429720
FIRE:  301 06:03:08     -916.579571        0.432268
FIRE:  302 06:03:19     -916.582536        0.435376
FIRE:  303 06:03:29     -916.585746        0.439057
FIRE:  304 06:03:40     -916.589752        0.443792
FIRE:  305 06:03:51     -916.594961        0.449826
FIRE:  306 06:04:01     -916.601845        0.457486
FIRE:  307 06:04:12     -916.610788        0.467227
FIRE:  308 06:04:23     -916.621998        0.479697
FIRE:  309 06:04:34     -916.635759        0.495772
FIRE:  310 06:04:44     -916.652973        0.516521
FIRE:  311 06:04:55     -916.675365        0.543187
FIRE:  312 06:05:06     -916.704748        0.577211
FIRE:  313 06:05:16     -916.742820        0.619803
FIRE:  314 06:05:27     -916.793089        0.669611
FIRE:  315 06:05:38     -916.860935        0.716285
FIRE:  316 06:05:49     -916.949606        0.730263
FIRE:  317 06:05:59     -917.058613        0.676047
FIRE:  318 06:06:10     -917.179030        0.553207
FIRE:  319 06:06:21     -917.298941        0.406639
FIRE:  320 06:06:31     -917.401443        0.596222
FIRE:  321 06:06:42     -917.469340        0.879099
FIRE:  322 06:06:53     -917.537364        1.003489
FIRE:  323 06:07:04     -917.657289        0.588454
FIRE:  324 06:07:14     -917.736608        0.313118
FIRE:  325 06:07:25     -917.758390        0.552444
FIRE:  326 06:07:36     -917.773996        0.506704
FIRE:  327 06:07:46     -917.796766        0.417304
FIRE:  328 06:07:57     -917.825665        0.292910
FIRE:  329 06:08:08     -917.850575        0.197680
FIRE:  330 06:08:19     -917.871471        0.177104
FIRE:  331 06:08:29     -917.889416        0.225086
FIRE:  332 06:08:40     -917.909683        0.256415
FIRE:  333 06:08:51     -917.938004        0.268870
FIRE:  334 06:09:01     -917.975809        0.226532
FIRE:  335 06:09:12     -918.019099        0.263231
FIRE:  336 06:09:23     -918.068706        0.317435
FIRE:  337 06:09:34     -918.126700        0.397115
FIRE:  338 06:09:44     -918.187454        0.760031
FIRE:  339 06:09:55     -918.191285        2.170555
FIRE:  340 06:10:06     -918.277429        0.397500
FIRE:  341 06:10:16     -918.279829        0.300372
FIRE:  342 06:10:27     -918.283326        0.177779
FIRE:  343 06:10:38     -918.286600        0.171832
FIRE:  344 06:10:49     -918.289778        0.229746
FIRE:  345 06:10:59     -918.294105        0.278945
FIRE:  346 06:11:10     -918.300068        0.219608
FIRE:  347 06:11:21     -918.306758        0.137760
FIRE:  348 06:11:31     -918.313789        0.136076
FIRE:  349 06:11:42     -918.321726        0.214950
FIRE:  350 06:11:53     -918.332258        0.168168
FIRE:  351 06:12:04     -918.344827        0.152292
FIRE:  352 06:12:14     -918.358876        0.188410
FIRE:  353 06:12:25     -918.377216        0.168588
FIRE:  354 06:12:36     -918.398610        0.177574
FIRE:  355 06:12:46     -918.425623        0.186483
FIRE:  356 06:12:57     -918.457438        0.204721
FIRE:  357 06:13:08     -918.497238        0.201714
FIRE:  358 06:13:18     -918.544909        0.210164
FIRE:  359 06:13:29     -918.602507        0.245425
FIRE:  360 06:13:40     -918.669708        0.571871
FIRE:  361 06:13:51     -918.730810        1.501255
FIRE:  362 06:14:02     -918.779126        0.357579
FIRE:  363 06:14:13     -918.760396        1.173164
FIRE:  364 06:14:24     -918.774735        0.927704
FIRE:  365 06:14:34     -918.793047        0.468015
FIRE:  366 06:14:45     -918.802600        0.393292
FIRE:  367 06:14:56     -918.801849        0.650571
FIRE:  368 06:15:06     -918.803307        0.608555
FIRE:  369 06:15:17     -918.805961        0.527946
FIRE:  370 06:15:28     -918.809366        0.415374
FIRE:  371 06:15:38     -918.813016        0.409839
FIRE:  372 06:15:49     -918.816499        0.412856
FIRE:  373 06:16:00     -918.819641        0.416560
FIRE:  374 06:16:11     -918.822566        0.420939
FIRE:  375 06:16:21     -918.825962        0.426472
FIRE:  376 06:16:32     -918.830491        0.433278
FIRE:  377 06:16:43     -918.836929        0.441493
FIRE:  378 06:16:53     -918.845866        0.451289
FIRE:  379 06:17:04     -918.857401        0.462860
FIRE:  380 06:17:15     -918.871192        0.476337
FIRE:  381 06:17:26     -918.887420        0.491470
FIRE:  382 06:17:36     -918.907994        0.507017
FIRE:  383 06:17:47     -918.935498        0.520119
FIRE:  384 06:17:58     -918.970325        0.527204
FIRE:  385 06:18:08     -919.011702        0.518360
FIRE:  386 06:18:19     -919.061333        0.476717
FIRE:  387 06:18:30     -919.116651        0.386631
FIRE:  388 06:18:40     -919.168736        0.245153
FIRE:  389 06:18:51     -919.213691        0.218193
FIRE:  390 06:19:02     -919.246136        0.293721
FIRE:  391 06:19:13     -919.274449        0.351524
FIRE:  392 06:19:23     -919.307452        0.358419
FIRE:  393 06:19:34     -919.355057        0.386897
FIRE:  394 06:19:44     -919.424977        0.359866
FIRE:  395 06:19:55     -919.518166        0.527879
FIRE:  396 06:20:06     -919.615142        1.304814
FIRE:  397 06:20:17     -919.606218        2.460254
FIRE:  398 06:20:27     -919.772794        0.383642
FIRE:  399 06:20:38     -919.775473        0.378912
FIRE:  400 06:20:49     -919.780451        0.369720
FIRE:  401 06:20:59     -919.787294        0.356610
FIRE:  402 06:21:10     -919.795808        0.340418
FIRE:  403 06:21:21     -919.805993        0.322213
FIRE:  404 06:21:31     -919.817706        0.303149
FIRE:  405 06:21:42     -919.830589        0.284311
FIRE:  406 06:21:53     -919.845888        0.264814
FIRE:  407 06:22:04     -919.864102        0.245723
FIRE:  408 06:22:14     -919.885964        0.227919
FIRE:  409 06:22:25     -919.912177        0.211667
FIRE:  410 06:22:36     -919.944033        0.196410
FIRE:  411 06:22:46     -919.983226        0.181197
FIRE:  412 06:22:57     -920.031624        0.177684
FIRE:  413 06:23:08     -920.089530        0.169292
FIRE:  414 06:23:18     -920.151752        0.161666
FIRE:  415 06:23:29     -920.209968        0.298372
FIRE:  416 06:23:40     -920.267724        0.254502
FIRE:  417 06:23:50     -920.327800        0.217245
FIRE:  418 06:24:01     -920.378075        0.543249
FIRE:  419 06:24:12     -920.351846        1.935236
FIRE:  420 06:24:22     -920.422207        0.322538
FIRE:  421 06:24:33     -920.424314        0.240970
FIRE:  422 06:24:44     -920.427471        0.123660
FIRE:  423 06:24:54     -920.430565        0.108021
FIRE:  424 06:25:05     -920.433526        0.197780
FIRE:  425 06:25:16     -920.437091        0.235797
FIRE:  426 06:25:27     -920.441468        0.178051
FIRE:  427 06:25:37     -920.445863        0.080426
FIRE:  428 06:25:48     -920.449934        0.105944
FIRE:  429 06:25:59     -920.454143        0.179798
FIRE:  430 06:26:09     -920.459510        0.121298
FIRE:  431 06:26:20     -920.465221        0.081514
FIRE:  432 06:26:31     -920.471023        0.165972
FIRE:  433 06:26:41     -920.478297        0.083059
FIRE:  434 06:26:52     -920.485170        0.151154
FIRE:  435 06:27:03     -920.492954        0.084889
FIRE:  436 06:27:14     -920.500015        0.180146
FIRE:  437 06:27:24     -920.508927        0.086631
FIRE:  438 06:27:35     -920.518901        0.086996
FIRE:  439 06:27:46     -920.529557        0.215578
FIRE:  440 06:27:56     -920.538412        0.434930
FIRE:  441 06:28:07     -920.542982        0.099895
FIRE:  442 06:28:18     -920.542059        0.320683
FIRE:  443 06:28:28     -920.542976        0.254207
FIRE:  444 06:28:39     -920.544180        0.136641
FIRE:  445 06:28:50     -920.544931        0.082680
FIRE:  446 06:29:00     -920.545057        0.130526
FIRE:  447 06:29:11     -920.545117        0.124211
FIRE:  448 06:29:22     -920.545231        0.111893
FIRE:  449 06:29:33     -920.545387        0.094217
FIRE:  450 06:29:43     -920.545568        0.082440
FIRE:  451 06:29:54     -920.545762        0.082338
FIRE:  452 06:30:04     -920.545957        0.082220
FIRE:  453 06:30:15     -920.546149        0.082090
FIRE:  454 06:30:26     -920.546366        0.081938
FIRE:  455 06:30:37     -920.546627        0.081763
FIRE:  456 06:30:47     -920.546962        0.081568
FIRE:  457 06:30:58     -920.547400        0.081353
FIRE:  458 06:31:09     -920.547966        0.081115
FIRE:  459 06:31:19     -920.548653        0.080843
FIRE:  460 06:31:30     -920.549446        0.080513
FIRE:  461 06:31:41     -920.550350        0.080087
FIRE:  462 06:31:51     -920.551446        0.079522
FIRE:  463 06:32:02     -920.552802        0.078774
FIRE:  464 06:32:13     -920.554380        0.077814
FIRE:  465 06:32:23     -920.556185        0.076645
FIRE:  466 06:32:34     -920.558355        0.075276
FIRE:  467 06:32:45     -920.560858        0.073606
FIRE:  468 06:32:56     -920.563718        0.071378
FIRE:  469 06:33:06     -920.567034        0.068369
FIRE:  470 06:33:17     -920.570785        0.064580
FIRE:  471 06:33:28     -920.575022        0.059906
FIRE:  472 06:33:38     -920.579810        0.053704
FIRE:  473 06:33:49     -920.585096        0.046210
FIRE:  474 06:34:00     -920.590832        0.037087
FIRE:  475 06:34:10     -920.596739        0.080791
FIRE:  476 06:34:21     -920.600524        0.327857
FIRE:  477 06:34:32     -920.602715        0.030141
FIRE:  478 06:34:42     -920.601279        0.293201
FIRE:  479 06:34:53     -920.602026        0.222720
FIRE:  480 06:35:04     -920.602853        0.097774
FIRE:  481 06:35:15     -920.603043        0.053328
FIRE:  482 06:35:25     -920.603056        0.050233
FIRE:  483 06:35:36     -920.603080        0.044268
FIRE:  484 06:35:47     -920.603112        0.035900
FIRE:  485 06:35:57     -920.603148        0.030031
FIRE:  486 06:36:08     -920.603186        0.030012
FIRE:  487 06:36:19     -920.603224        0.029991
FIRE:  488 06:36:29     -920.603262        0.029968
FIRE:  489 06:36:40     -920.603309        0.029941
FIRE:  490 06:36:51     -920.603369        0.031769
FIRE:  491 06:37:01     -920.603449        0.032582
FIRE:  492 06:37:12     -920.603553        0.029841
FIRE:  493 06:37:23     -920.603681        0.029795
FIRE:  494 06:37:33     -920.603831        0.029737
FIRE:  495 06:37:44     -920.604005        0.029657
FIRE:  496 06:37:55     -920.604219        0.029545
FIRE:  497 06:38:06     -920.604486        0.029390
FIRE:  498 06:38:16     -920.604802        0.029182
FIRE:  499 06:38:28     -920.605166        0.028912
FIRE:  500 06:38:39     -920.605609        0.028570
FIRE:  501 06:38:49     -920.606126        0.028120
FIRE:  502 06:39:00     -920.606724        0.027495
FIRE:  503 06:39:11     -920.607420        0.026638
FIRE:  504 06:39:21     -920.608208        0.025517
FIRE:  505 06:39:32     -920.609098        0.024048
FIRE:  506 06:39:43     -920.610089        0.022895
FIRE:  507 06:39:53     -920.611151        0.026197
FIRE:  508 06:40:04     -920.612221        0.054923
FIRE:  509 06:40:15     -920.612986        0.138510
FIRE:  510 06:40:25     -920.613387        0.019378
FIRE:  511 06:40:36     -920.613174        0.112607
FIRE:  512 06:40:47     -920.613277        0.088927
FIRE:  513 06:40:57     -920.613404        0.046478
FIRE:  514 06:41:08     -920.613459        0.012644
FIRE:  515 06:41:19     -920.613460        0.012641
FIRE:  516 06:41:29     -920.613462        0.012636
FIRE:  517 06:41:40     -920.613465        0.012628
FIRE:  518 06:41:51     -920.613470        0.012617
FIRE:  519 06:42:02     -920.613475        0.012605
FIRE:  520 06:42:12     -920.613482        0.012589
FIRE:  521 06:42:23     -920.613489        0.012572
FIRE:  522 06:42:33     -920.613498        0.012550
FIRE:  523 06:42:44     -920.613510        0.012523
FIRE:  524 06:42:55     -920.613523        0.012490
FIRE:  525 06:43:05     -920.613541        0.012449
FIRE:  526 06:43:16     -920.613564        0.012398
FIRE:  527 06:43:27     -920.613592        0.012336
FIRE:  528 06:43:37     -920.613626        0.012258
FIRE:  529 06:43:48     -920.613666        0.012160
FIRE:  530 06:43:59     -920.613716        0.012037
FIRE:  531 06:44:09     -920.613776        0.011884
FIRE:  532 06:44:20     -920.613846        0.011693
FIRE:  533 06:44:31     -920.613933        0.011459
FIRE:  534 06:44:41     -920.614036        0.011174
FIRE:  535 06:44:52     -920.614156        0.010823
FIRE:  536 06:45:03     -920.614296        0.010388
FIRE:  537 06:45:13     -920.614457        0.009853
MACE calculation complete. Energy written to MACE_OUTCAR: -920.614457 eV
Job ended on: Thu  5 Jun 05:45:16 UTC 2025
