Si Bulk DFT energetics calculations using VASP
Running on host: comp167
Working directory: /lustre/home/ah1365/projects/127870/upgrade_report/case_studies/common/structures/interfaces/48_Ge48_001_122_a0.293651_b0.206349_c0.991853_interface6shift6
Job started on: Tue  3 Jun 13:04:10 UTC 2025
cuequivariance or cuequivariance_torch is not available. Cuequivariance acceleration will be disabled.
Using Materials Project MACE for MACECalculator with /lustre/home/ah1365/.cache/mace/MACE_MPtrj_20229model
Using float64 for MACECalculator, which is slower but more accurate. Recommended for geometry optimization.
Using TorchDFTD3Calculator for D3 dispersion corrections
      Step     Time          Energy          fmax
FIRE:    0 14:04:20     -209.775438       21.773120
FIRE:    1 14:04:24     -215.809516        9.848810
FIRE:    2 14:04:28     -218.818123        3.945356
FIRE:    3 14:04:32     -219.911175        2.982285
FIRE:    4 14:04:35     -219.966803        4.184130
FIRE:    5 14:04:39     -220.272210        3.758735
FIRE:    6 14:04:42     -220.764171        3.007956
FIRE:    7 14:04:46     -221.269661        2.091642
FIRE:    8 14:04:50     -221.655531        1.519005
FIRE:    9 14:04:53     -221.902813        1.571561
FIRE:   10 14:04:57     -222.092102        2.229704
FIRE:   11 14:05:00     -222.308792        2.426100
FIRE:   12 14:05:04     -222.611537        2.164924
FIRE:   13 14:05:08     -222.968970        1.507960
FIRE:   14 14:05:11     -223.289874        0.694472
FIRE:   15 14:05:15     -223.489144        0.559539
FIRE:   16 14:05:19     -223.558089        0.699820
FIRE:   17 14:05:22     -223.564770        0.681579
FIRE:   18 14:05:26     -223.577708        0.645698
FIRE:   19 14:05:30     -223.596111        0.593385
FIRE:   20 14:05:33     -223.618878        0.526442
FIRE:   21 14:05:37     -223.644748        0.447271
FIRE:   22 14:05:40     -223.672413        0.390961
FIRE:   23 14:05:44     -223.700694        0.361746
FIRE:   24 14:05:48     -223.731558        0.347996
FIRE:   25 14:05:51     -223.764322        0.330626
FIRE:   26 14:05:55     -223.798666        0.323293
FIRE:   27 14:05:59     -223.835427        0.363432
FIRE:   28 14:06:02     -223.876837        0.404393
FIRE:   29 14:06:06     -223.925764        0.421935
FIRE:   30 14:06:10     -223.983809        0.400809
FIRE:   31 14:06:13     -224.049173        0.344655
FIRE:   32 14:06:17     -224.118022        0.285734
FIRE:   33 14:06:21     -224.190911        0.339005
FIRE:   34 14:06:24     -224.275331        0.348893
FIRE:   35 14:06:28     -224.375924        0.313309
FIRE:   36 14:06:31     -224.491342        0.345422
FIRE:   37 14:06:35     -224.629985        0.385739
FIRE:   38 14:06:39     -224.788406        0.398298
FIRE:   39 14:06:42     -224.958875        0.379721
FIRE:   40 14:06:46     -225.130647        0.344829
FIRE:   41 14:06:50     -225.296602        0.308290
FIRE:   42 14:06:53     -225.451135        0.286055
FIRE:   43 14:06:57     -225.590471        0.284043
FIRE:   44 14:07:01     -225.717706        0.293688
FIRE:   45 14:07:04     -225.838826        0.294762
FIRE:   46 14:07:08     -225.953674        0.276630
FIRE:   47 14:07:12     -226.057931        0.247533
FIRE:   48 14:07:15     -226.148794        0.213758
FIRE:   49 14:07:19     -226.225456        0.174203
FIRE:   50 14:07:23     -226.287136        0.133463
FIRE:   51 14:07:26     -226.335750        0.118852
FIRE:   52 14:07:30     -226.380190        0.139534
FIRE:   53 14:07:33     -226.434991        0.203840
FIRE:   54 14:07:37     -226.514407        0.316140
FIRE:   55 14:07:41     -226.624882        0.427937
FIRE:   56 14:07:44     -226.759318        0.455148
FIRE:   57 14:07:48     -226.911265        0.467647
FIRE:   58 14:07:52     -227.086275        0.456877
FIRE:   59 14:07:55     -227.272712        0.385822
FIRE:   60 14:07:59     -227.448721        0.328056
FIRE:   61 14:08:03     -227.611218        0.350613
FIRE:   62 14:08:06     -227.778071        0.386710
FIRE:   63 14:08:10     -227.951165        0.430215
FIRE:   64 14:08:13     -228.121787        0.438762
FIRE:   65 14:08:17     -228.282997        0.400451
FIRE:   66 14:08:21     -228.430411        0.323002
FIRE:   67 14:08:24     -228.559763        0.302808
FIRE:   68 14:08:28     -228.666835        0.252948
FIRE:   69 14:08:32     -228.748997        0.177578
FIRE:   70 14:08:35     -228.807099        0.210301
FIRE:   71 14:08:39     -228.845699        0.262192
FIRE:   72 14:08:43     -228.871742        0.293614
FIRE:   73 14:08:46     -228.893738        0.332765
FIRE:   74 14:08:50     -228.918210        0.312487
FIRE:   75 14:08:54     -228.942254        0.209310
FIRE:   76 14:08:57     -228.954418        0.171796
FIRE:   77 14:09:01     -229.019734        0.123197
FIRE:   78 14:09:05     -229.046332        0.129165
FIRE:   79 14:09:08     -229.058697        0.089336
FIRE:   80 14:09:12     -229.069972        0.047921
FIRE:   81 14:09:16     -229.073327        0.087256
FIRE:   82 14:09:19     -229.074308        0.080637
FIRE:   83 14:09:23     -229.075947        0.068193
FIRE:   84 14:09:27     -229.077768        0.051565
FIRE:   85 14:09:30     -229.079424        0.034834
FIRE:   86 14:09:34     -229.080829        0.038799
FIRE:   87 14:09:38     -229.082169        0.038186
FIRE:   88 14:09:41     -229.083648        0.033166
FIRE:   89 14:09:45     -229.085521        0.032530
FIRE:   90 14:09:49     -229.087797        0.033146
FIRE:   91 14:09:52     -229.090381        0.030878
FIRE:   92 14:09:56     -229.093093        0.020505
FIRE:   93 14:09:59     -229.095498        0.020572
FIRE:   94 14:10:03     -229.097494        0.026468
FIRE:   95 14:10:07     -229.099492        0.022899
FIRE:   96 14:10:10     -229.101095        0.020053
FIRE:   97 14:10:14     -229.101838        0.016809
FIRE:   98 14:10:18     -229.101943        0.014425
FIRE:   99 14:10:21     -229.102106        0.011866
FIRE:  100 14:10:25     -229.102266        0.010387
FIRE:  101 14:10:29     -229.102400        0.011331
FIRE:  102 14:10:32     -229.102514        0.011559
FIRE:  103 14:10:36     -229.102640        0.010526
FIRE:  104 14:10:40     -229.102778        0.010442
FIRE:  105 14:10:43     -229.102952        0.009123
MACE calculation complete. Energy written to MACE_OUTCAR: -229.102952 eV
Job ended on: Tue  3 Jun 13:10:44 UTC 2025
