Si Bulk DFT energetics calculations using VASP
Running on host: comp054
Working directory: /lustre/home/ah1365/projects/127870/upgrade_report/case_studies/common/structures/interfaces/264_Sn108Si156_001_001_a0.07732_b0.082474_c2.1_interface1shift4swap5
Job started on: Thu 12 Jun 07:16:15 UTC 2025
cuequivariance or cuequivariance_torch is not available. Cuequivariance acceleration will be disabled.
Using Materials Project MACE for MACECalculator with /lustre/home/ah1365/.cache/mace/MACE_MPtrj_20229model
Using float64 for MACECalculator, which is slower but more accurate. Recommended for geometry optimization.
Using TorchDFTD3Calculator for D3 dispersion corrections
      Step     Time          Energy          fmax
FIRE:    0 08:16:51    -1232.933934        6.846986
FIRE:    1 08:17:11    -1239.814223        5.953504
FIRE:    2 08:17:31    -1245.863391        5.145411
FIRE:    3 08:17:51    -1251.182080        4.420855
FIRE:    4 08:18:11    -1255.859216        3.780961
FIRE:    5 08:18:30    -1259.971543        3.218672
FIRE:    6 08:18:50    -1263.583543        2.721447
FIRE:    7 08:19:09    -1266.749477        2.278812
FIRE:    8 08:19:29    -1269.519802        2.035416
FIRE:    9 08:19:48    -1271.942964        1.879149
FIRE:   10 08:20:08    -1274.067181        1.728907
FIRE:   11 08:20:28    -1275.940846        1.590058
FIRE:   12 08:20:47    -1277.610752        1.467420
FIRE:   13 08:21:07    -1279.119965        1.362798
FIRE:   14 08:21:27    -1280.505133        1.274748
FIRE:   15 08:21:46    -1281.795138        1.199554
FIRE:   16 08:22:06    -1283.011324        1.132424
FIRE:   17 08:22:25    -1284.168708        1.068281
FIRE:   18 08:22:45    -1285.277941        1.002354
FIRE:   19 08:23:05    -1286.347003        0.931029
FIRE:   20 08:23:24    -1287.382980        0.860524
FIRE:   21 08:23:44    -1288.391923        0.830904
FIRE:   22 08:24:04    -1289.378557        0.804600
FIRE:   23 08:24:23    -1290.345122        0.781667
FIRE:   24 08:24:43    -1291.290607        0.773756
FIRE:   25 08:25:03    -1292.211271        0.779642
FIRE:   26 08:25:22    -1293.101902        0.769508
FIRE:   27 08:25:42    -1293.956653        0.736372
FIRE:   28 08:26:02    -1294.769113        0.716304
FIRE:   29 08:26:21    -1295.531938        0.709482
FIRE:   30 08:26:41    -1296.237806        0.692576
FIRE:   31 08:27:01    -1296.881021        0.653844
FIRE:   32 08:27:20    -1297.456769        0.589139
FIRE:   33 08:27:40    -1297.960453        0.510566
FIRE:   34 08:27:59    -1298.387790        0.414409
FIRE:   35 08:28:19    -1298.736760        0.397957
FIRE:   36 08:28:39    -1299.012028        0.489418
FIRE:   37 08:28:58    -1299.227004        0.617590
FIRE:   38 08:29:18    -1299.401730        0.705072
FIRE:   39 08:29:37    -1299.556209        0.721886
FIRE:   40 08:29:57    -1299.703749        0.673084
FIRE:   41 08:30:17    -1299.847817        0.588994
FIRE:   42 08:30:36    -1299.984084        0.460705
FIRE:   43 08:30:56    -1300.105662        0.409096
FIRE:   44 08:31:15    -1300.208362        0.484024
FIRE:   45 08:31:35    -1300.293541        0.542666
FIRE:   46 08:31:55    -1300.367099        0.568259
FIRE:   47 08:32:14    -1300.435980        0.635288
FIRE:   48 08:32:34    -1300.504811        0.638920
FIRE:   49 08:32:54    -1300.575661        0.589629
FIRE:   50 08:33:13    -1300.649580        0.508114
FIRE:   51 08:33:33    -1300.726959        0.413701
FIRE:   52 08:33:53    -1300.806519        0.408246
FIRE:   53 08:34:12    -1300.885435        0.418076
FIRE:   54 08:34:32    -1300.960982        0.466809
FIRE:   55 08:34:51    -1301.030965        0.473244
FIRE:   56 08:35:11    -1301.094140        0.439496
FIRE:   57 08:35:31    -1301.150877        0.394793
FIRE:   58 08:35:50    -1301.203575        0.438228
FIRE:   59 08:36:10    -1301.256610        0.553779
FIRE:   60 08:36:30    -1301.315549        0.612904
FIRE:   61 08:36:49    -1301.385705        0.587286
FIRE:   62 08:37:09    -1301.469985        0.543966
FIRE:   63 08:37:29    -1301.566958        0.449098
FIRE:   64 08:37:48    -1301.671457        0.432165
FIRE:   65 08:38:08    -1301.776477        0.499185
FIRE:   66 08:38:28    -1301.875177        0.502360
FIRE:   67 08:38:48    -1301.962224        0.450359
FIRE:   68 08:39:07    -1302.034770        0.460341
FIRE:   69 08:39:27    -1302.092290        0.459914
FIRE:   70 08:39:47    -1302.137427        0.435258
FIRE:   71 08:40:06    -1302.176735        0.608904
FIRE:   72 08:40:26    -1302.218467        0.719094
FIRE:   73 08:40:46    -1302.266287        0.683497
FIRE:   74 08:41:05    -1302.315311        0.541418
FIRE:   75 08:41:25    -1302.357857        0.452355
FIRE:   76 08:41:45    -1302.393124        0.431518
FIRE:   77 08:42:04    -1302.673647        0.196331
FIRE:   78 08:42:24    -1302.822304        0.243453
FIRE:   79 08:42:44    -1302.932573        0.227818
FIRE:   80 08:43:03    -1303.032630        0.240337
FIRE:   81 08:43:23    -1303.126845        0.302098
FIRE:   82 08:43:42    -1303.225483        0.383111
FIRE:   83 08:44:02    -1303.337552        0.470942
FIRE:   84 08:44:22    -1303.472656        0.522908
FIRE:   85 08:44:41    -1303.621517        0.441656
FIRE:   86 08:45:01    -1303.755371        0.275298
FIRE:   87 08:45:21    -1303.866792        0.309006
FIRE:   88 08:45:40    -1303.977292        0.379103
FIRE:   89 08:46:00    -1304.101479        0.459666
FIRE:   90 08:46:20    -1304.235868        0.529033
FIRE:   91 08:46:40    -1304.367322        0.516130
FIRE:   92 08:46:59    -1304.473986        0.290526
FIRE:   93 08:47:19    -1304.529749        0.291460
FIRE:   94 08:47:38    -1304.556815        0.216089
FIRE:   95 08:47:58    -1304.573900        0.394041
FIRE:   96 08:48:18    -1304.651631        0.227753
FIRE:   97 08:48:37    -1304.670789        0.099759
FIRE:   98 08:48:57    -1304.684138        0.157505
FIRE:   99 08:49:17    -1304.697845        0.195211
FIRE:  100 08:49:36    -1304.720370        0.108451
FIRE:  101 08:49:56    -1304.739327        0.112188
FIRE:  102 08:50:16    -1304.756936        0.141193
FIRE:  103 08:50:35    -1304.776789        0.107722
FIRE:  104 08:50:55    -1304.798424        0.147795
FIRE:  105 08:51:15    -1304.827535        0.110106
FIRE:  106 08:51:34    -1304.858533        0.095114
FIRE:  107 08:51:54    -1304.891088        0.076557
FIRE:  108 08:52:14    -1304.916645        0.104478
FIRE:  109 08:52:33    -1304.942607        0.112730
FIRE:  110 08:52:53    -1304.968578        0.101697
FIRE:  111 08:53:13    -1304.997128        0.087221
FIRE:  112 08:53:32    -1305.026136        0.079439
FIRE:  113 08:53:52    -1305.051293        0.076810
FIRE:  114 08:54:12    -1305.073042        0.107321
FIRE:  115 08:54:31    -1305.097479        0.123099
FIRE:  116 08:54:51    -1305.124872        0.108041
FIRE:  117 08:55:11    -1305.151989        0.094094
FIRE:  118 08:55:30    -1305.181426        0.077597
FIRE:  119 08:55:50    -1305.207803        0.082188
FIRE:  120 08:56:10    -1305.225502        0.115233
FIRE:  121 08:56:29    -1305.233713        0.104401
FIRE:  122 08:56:49    -1305.244564        0.106899
FIRE:  123 08:57:09    -1305.246656        0.287425
FIRE:  124 08:57:28    -1305.254323        0.030518
FIRE:  125 08:57:48    -1305.251962        0.258935
FIRE:  126 08:58:08    -1305.254304        0.188571
FIRE:  127 08:58:27    -1305.256853        0.069578
FIRE:  128 08:58:47    -1305.257496        0.064981
FIRE:  129 08:59:07    -1305.257565        0.060856
FIRE:  130 08:59:26    -1305.257693        0.052892
FIRE:  131 08:59:46    -1305.257865        0.041683
FIRE:  132 09:00:06    -1305.258065        0.029813
FIRE:  133 09:00:25    -1305.258276        0.029817
FIRE:  134 09:00:45    -1305.258497        0.029823
FIRE:  135 09:01:05    -1305.258725        0.029832
FIRE:  136 09:01:24    -1305.259007        0.029844
FIRE:  137 09:01:44    -1305.259366        0.032900
FIRE:  138 09:02:04    -1305.259847        0.032846
FIRE:  139 09:02:24    -1305.260449        0.029939
FIRE:  140 09:02:43    -1305.261187        0.030007
FIRE:  141 09:03:03    -1305.262068        0.030113
FIRE:  142 09:03:23    -1305.263139        0.032080
FIRE:  143 09:03:42    -1305.264543        0.036987
FIRE:  144 09:04:02    -1305.266388        0.043406
FIRE:  145 09:04:22    -1305.268812        0.051550
FIRE:  146 09:04:41    -1305.272104        0.060993
FIRE:  147 09:05:01    -1305.276699        0.069554
FIRE:  148 09:05:21    -1305.282824        0.072421
FIRE:  149 09:05:40    -1305.290188        0.065943
FIRE:  150 09:06:00    -1305.297875        0.058798
FIRE:  151 09:06:20    -1305.305033        0.058186
FIRE:  152 09:06:39    -1305.311873        0.066928
FIRE:  153 09:06:59    -1305.319629        0.086752
FIRE:  154 09:07:19    -1305.331580        0.115503
FIRE:  155 09:07:39    -1305.354565        0.166572
FIRE:  156 09:07:58    -1305.407421        0.248288
FIRE:  157 09:08:18    -1305.464921        0.150077
FIRE:  158 09:08:38    -1305.485212        0.303529
FIRE:  159 09:08:57    -1305.501294        0.194728
FIRE:  160 09:09:17    -1305.514625        0.099309
FIRE:  161 09:09:37    -1305.521548        0.152480
FIRE:  162 09:09:57    -1305.530993        0.178387
FIRE:  163 09:10:16    -1305.548048        0.150942
FIRE:  164 09:10:36    -1305.568062        0.152537
FIRE:  165 09:10:56    -1305.586518        0.163968
FIRE:  166 09:11:15    -1305.605703        0.137152
FIRE:  167 09:11:35    -1305.625409        0.157740
FIRE:  168 09:11:55    -1305.642467        0.232332
FIRE:  169 09:12:15    -1305.669824        0.139248
FIRE:  170 09:12:34    -1305.698397        0.136293
FIRE:  171 09:12:54    -1305.724336        0.132664
FIRE:  172 09:13:14    -1305.746246        0.191560
FIRE:  173 09:13:34    -1305.761527        0.284491
FIRE:  174 09:13:53    -1305.771894        0.150686
FIRE:  175 09:14:13    -1305.773827        0.095029
FIRE:  176 09:14:33    -1305.776473        0.054337
FIRE:  177 09:14:52    -1305.778993        0.077484
FIRE:  178 09:15:12    -1305.781848        0.112175
FIRE:  179 09:15:32    -1305.785476        0.083369
FIRE:  180 09:15:51    -1305.789140        0.052519
FIRE:  181 09:16:11    -1305.792168        0.066587
FIRE:  182 09:16:31    -1305.795495        0.089359
FIRE:  183 09:16:50    -1305.799615        0.035035
FIRE:  184 09:17:10    -1305.803490        0.058434
FIRE:  185 09:17:30    -1305.807597        0.067673
FIRE:  186 09:17:49    -1305.812065        0.036469
FIRE:  187 09:18:09    -1305.816311        0.065767
FIRE:  188 09:18:29    -1305.820921        0.054729
FIRE:  189 09:18:48    -1305.826000        0.042490
FIRE:  190 09:19:08    -1305.831095        0.085918
FIRE:  191 09:19:28    -1305.836192        0.122796
FIRE:  192 09:19:48    -1305.840712        0.152659
FIRE:  193 09:20:07    -1305.842335        0.032900
FIRE:  194 09:20:27    -1305.842498        0.107798
FIRE:  195 09:20:47    -1305.842782        0.087529
FIRE:  196 09:21:06    -1305.843198        0.051038
FIRE:  197 09:21:26    -1305.843536        0.022053
FIRE:  198 09:21:46    -1305.843742        0.036082
FIRE:  199 09:22:06    -1305.843931        0.062677
FIRE:  200 09:22:26    -1305.844252        0.069261
FIRE:  201 09:22:46    -1305.844750        0.056017
FIRE:  202 09:23:05    -1305.845381        0.023229
FIRE:  203 09:23:25    -1305.845955        0.022459
FIRE:  204 09:23:45    -1305.846494        0.053335
FIRE:  205 09:24:05    -1305.847253        0.052462
FIRE:  206 09:24:24    -1305.848240        0.021479
FIRE:  207 09:24:44    -1305.849132        0.039291
FIRE:  208 09:25:04    -1305.850204        0.044421
FIRE:  209 09:25:23    -1305.851495        0.018085
FIRE:  210 09:25:43    -1305.852758        0.045453
FIRE:  211 09:26:03    -1305.854384        0.028805
FIRE:  212 09:26:22    -1305.856177        0.040193
FIRE:  213 09:26:42    -1305.858677        0.060559
FIRE:  214 09:27:02    -1305.863049        0.097718
FIRE:  215 09:27:22    -1305.872331        0.149234
FIRE:  216 09:27:41    -1305.889305        0.104717
FIRE:  217 09:28:01    -1305.892117        0.218185
FIRE:  218 09:28:21    -1305.899262        0.124402
FIRE:  219 09:28:40    -1305.902324        0.149544
FIRE:  220 09:29:00    -1305.903109        0.111734
FIRE:  221 09:29:20    -1305.904119        0.046402
FIRE:  222 09:29:39    -1305.904778        0.043570
FIRE:  223 09:29:59    -1305.905105        0.083028
FIRE:  224 09:30:19    -1305.905600        0.103467
FIRE:  225 09:30:39    -1305.906513        0.086499
FIRE:  226 09:30:58    -1305.907623        0.045519
FIRE:  227 09:31:18    -1305.908641        0.047512
FIRE:  228 09:31:38    -1305.909565        0.076792
FIRE:  229 09:31:57    -1305.911026        0.077705
FIRE:  230 09:32:17    -1305.913116        0.054376
FIRE:  231 09:32:37    -1305.915174        0.057763
FIRE:  232 09:32:57    -1305.917803        0.064424
FIRE:  233 09:33:16    -1305.921039        0.046835
FIRE:  234 09:33:36    -1305.923987        0.068849
FIRE:  235 09:33:56    -1305.927297        0.062966
FIRE:  236 09:34:16    -1305.930519        0.071649
FIRE:  237 09:34:35    -1305.934371        0.070496
FIRE:  238 09:34:55    -1305.938503        0.044869
FIRE:  239 09:35:15    -1305.942852        0.050911
FIRE:  240 09:35:34    -1305.948486        0.047494
FIRE:  241 09:35:54    -1305.952550        0.147993
FIRE:  242 09:36:14    -1305.954858        0.035606
FIRE:  243 09:36:34    -1305.954763        0.144397
FIRE:  244 09:36:53    -1305.955494        0.104450
FIRE:  245 09:37:13    -1305.956314        0.036246
FIRE:  246 09:37:33    -1305.956624        0.038971
FIRE:  247 09:37:53    -1305.956661        0.036214
FIRE:  248 09:38:12    -1305.956730        0.030905
FIRE:  249 09:38:32    -1305.956822        0.030583
FIRE:  250 09:38:52    -1305.956937        0.030578
FIRE:  251 09:39:11    -1305.957068        0.030570
FIRE:  252 09:39:31    -1305.957208        0.030558
FIRE:  253 09:39:51    -1305.957363        0.030538
FIRE:  254 09:40:11    -1305.957549        0.030507
FIRE:  255 09:40:30    -1305.957792        0.030457
FIRE:  256 09:40:50    -1305.958089        0.030378
FIRE:  257 09:41:10    -1305.958460        0.030254
FIRE:  258 09:41:29    -1305.958888        0.030060
FIRE:  259 09:41:49    -1305.959381        0.029756
FIRE:  260 09:42:09    -1305.959945        0.029286
FIRE:  261 09:42:29    -1305.960620        0.028569
FIRE:  262 09:42:49    -1305.961390        0.027485
FIRE:  263 09:43:08    -1305.962202        0.025856
FIRE:  264 09:43:28    -1305.963100        0.023480
FIRE:  265 09:43:48    -1305.964040        0.020157
FIRE:  266 09:44:07    -1305.964972        0.015790
FIRE:  267 09:44:27    -1305.965881        0.012934
FIRE:  268 09:44:47    -1305.966698        0.012063
FIRE:  269 09:45:07    -1305.967359        0.015438
FIRE:  270 09:45:26    -1305.967841        0.011840
FIRE:  271 09:45:46    -1305.968078        0.011013
FIRE:  272 09:46:06    -1305.968108        0.010787
FIRE:  273 09:46:26    -1305.968157        0.010342
FIRE:  274 09:46:46    -1305.968230        0.009698
MACE calculation complete. Energy written to MACE_OUTCAR: -1305.968230 eV
Job ended on: Thu 12 Jun 08:46:47 UTC 2025
