Si Bulk DFT energetics calculations using VASP
Running on host: comp192
Working directory: /lustre/home/ah1365/projects/127870/upgrade_report/case_studies/common/structures/interfaces/156_Ge84Si72_001_112_a0.0_b0.0_c0.0_interface16shift1
Job started on: Tue 10 Jun 04:31:54 UTC 2025
cuequivariance or cuequivariance_torch is not available. Cuequivariance acceleration will be disabled.
Using Materials Project MACE for MACECalculator with /lustre/home/ah1365/.cache/mace/MACE_MPtrj_20229model
Using float64 for MACECalculator, which is slower but more accurate. Recommended for geometry optimization.
Using TorchDFTD3Calculator for D3 dispersion corrections
      Step     Time          Energy          fmax
FIRE:    0 05:32:14       11.084865      483.273098
FIRE:    1 05:32:27     -128.869045      167.266436
FIRE:    2 05:32:40     -236.888204      144.943294
FIRE:    3 05:32:52     -329.245496      118.640233
FIRE:    4 05:33:05     -405.121134       88.472250
FIRE:    5 05:33:18     -467.490674       66.400772
FIRE:    6 05:33:30     -518.307257       52.642353
FIRE:    7 05:33:43     -559.024049       44.848232
FIRE:    8 05:33:56     -591.676108       37.420959
FIRE:    9 05:34:08     -618.298362       31.036262
FIRE:   10 05:34:21     -640.432322       25.699631
FIRE:   11 05:34:34     -659.270478       21.120615
FIRE:   12 05:34:47     -675.563875       17.296458
FIRE:   13 05:34:59     -689.664031       14.335075
FIRE:   14 05:35:12     -701.787493       11.853639
FIRE:   15 05:35:25     -712.135380       10.897724
FIRE:   16 05:35:38     -720.892714       10.303783
FIRE:   17 05:35:50     -728.238020        9.530551
FIRE:   18 05:36:03     -734.359804        8.598471
FIRE:   19 05:36:16     -739.458938        8.125911
FIRE:   20 05:36:29     -743.730313        7.579725
FIRE:   21 05:36:41     -747.343298        6.842081
FIRE:   22 05:36:54     -750.444734        5.903351
FIRE:   23 05:37:07     -753.167396        4.792394
FIRE:   24 05:37:20     -755.623540        4.408448
FIRE:   25 05:37:32     -757.892152        4.286025
FIRE:   26 05:37:45     -760.021091        4.048978
FIRE:   27 05:37:58     -762.032503        3.634455
FIRE:   28 05:38:11     -763.928087        3.092707
FIRE:   29 05:38:23     -765.695386        2.840773
FIRE:   30 05:38:36     -767.314287        2.661353
FIRE:   31 05:38:49     -768.765736        2.367907
FIRE:   32 05:39:02     -770.035661        2.007446
FIRE:   33 05:39:14     -771.124073        1.757130
FIRE:   34 05:39:27     -772.042371        1.622970
FIRE:   35 05:39:40     -772.809497        1.580436
FIRE:   36 05:39:53     -773.449708        1.706365
FIRE:   37 05:40:05     -773.990918        1.738537
FIRE:   38 05:40:18     -774.462069        1.678681
FIRE:   39 05:40:31     -774.891025        1.541147
FIRE:   40 05:40:43     -775.302314        1.434530
FIRE:   41 05:40:56     -775.714848        1.378483
FIRE:   42 05:41:09     -776.139942        1.418118
FIRE:   43 05:41:22     -776.579395        1.504215
FIRE:   44 05:41:34     -777.026186        1.515143
FIRE:   45 05:41:47     -777.467728        1.448333
FIRE:   46 05:42:00     -777.892708        1.329776
FIRE:   47 05:42:12     -778.296943        1.705777
FIRE:   48 05:42:25     -778.685309        1.985112
FIRE:   49 05:42:38     -779.067734        2.105698
FIRE:   50 05:42:51     -779.451146        2.237108
FIRE:   51 05:43:03     -779.833589        2.203125
FIRE:   52 05:43:16     -780.204151        1.986744
FIRE:   53 05:43:29     -780.548917        1.730246
FIRE:   54 05:43:42     -780.857314        1.852185
FIRE:   55 05:43:54     -781.124724        1.942803
FIRE:   56 05:44:07     -781.350970        1.933704
FIRE:   57 05:44:20     -781.537984        1.844278
FIRE:   58 05:44:33     -781.690761        1.700967
FIRE:   59 05:44:45     -781.820778        1.533753
FIRE:   60 05:44:58     -781.945786        1.886031
FIRE:   61 05:45:11     -782.083121        2.058982
FIRE:   62 05:45:24     -782.240492        2.010957
FIRE:   63 05:45:37     -782.410886        1.760944
FIRE:   64 05:45:49     -782.576566        1.377223
FIRE:   65 05:46:02     -782.720880        1.569215
FIRE:   66 05:46:15     -782.840004        1.715427
FIRE:   67 05:46:28     -782.944008        1.720674
FIRE:   68 05:46:40     -783.046918        1.585219
FIRE:   69 05:46:53     -783.155035        1.571214
FIRE:   70 05:47:06     -783.263019        1.351755
FIRE:   71 05:47:19     -783.360534        1.180783
FIRE:   72 05:47:31     -784.353693        0.782054
FIRE:   73 05:47:44     -784.974636        0.534171
FIRE:   74 05:47:57     -785.350572        0.642085
FIRE:   75 05:48:10     -785.598392        0.595326
FIRE:   76 05:48:22     -785.803671        0.533680
FIRE:   77 05:48:35     -785.992337        0.394978
FIRE:   78 05:48:48     -786.156075        0.372757
FIRE:   79 05:49:01     -786.310241        0.473160
FIRE:   80 05:49:14     -786.487456        0.446544
FIRE:   81 05:49:26     -786.694272        0.333431
FIRE:   82 05:49:39     -786.902258        0.323480
FIRE:   83 05:49:52     -787.085303        0.297472
FIRE:   84 05:50:05     -787.246860        0.331653
FIRE:   85 05:50:17     -787.406089        0.393848
FIRE:   86 05:50:30     -787.564185        0.313309
FIRE:   87 05:50:43     -787.711717        0.205203
FIRE:   88 05:50:56     -787.852674        0.261759
FIRE:   89 05:51:09     -787.997389        0.229823
FIRE:   90 05:51:21     -788.144146        0.201300
FIRE:   91 05:51:34     -788.283780        0.190375
FIRE:   92 05:51:47     -788.413573        0.192684
FIRE:   93 05:52:00     -788.538733        0.192589
FIRE:   94 05:52:12     -788.664359        0.194044
FIRE:   95 05:52:25     -788.791860        0.223078
FIRE:   96 05:52:38     -788.921697        0.250551
FIRE:   97 05:52:51     -789.055275        0.270793
FIRE:   98 05:53:04     -789.193122        0.280264
FIRE:   99 05:53:16     -789.334181        0.277665
FIRE:  100 05:53:29     -789.477429        0.270205
FIRE:  101 05:53:42     -789.621500        0.267207
FIRE:  102 05:53:55     -789.761593        0.254715
FIRE:  103 05:54:07     -789.889384        0.223865
FIRE:  104 05:54:20     -789.997282        0.182528
FIRE:  105 05:54:33     -790.081234        0.210224
FIRE:  106 05:54:46     -790.144509        0.334934
FIRE:  107 05:54:59     -790.200097        0.404404
FIRE:  108 05:55:12     -790.261219        0.384568
FIRE:  109 05:55:24     -790.326858        0.308161
FIRE:  110 05:55:37     -790.385684        0.263563
FIRE:  111 05:55:50     -790.434855        0.280648
FIRE:  112 05:56:03     -790.482402        0.262395
FIRE:  113 05:56:16     -790.532842        0.271997
FIRE:  114 05:56:28     -790.583078        0.260809
FIRE:  115 05:56:41     -790.629739        0.220836
FIRE:  116 05:56:54     -790.673176        0.192687
FIRE:  117 05:57:07     -790.713720        0.176873
FIRE:  118 05:57:19     -790.749787        0.166499
FIRE:  119 05:57:32     -790.781097        0.165847
FIRE:  120 05:57:45     -790.810306        0.175250
FIRE:  121 05:57:58     -790.840377        0.196788
FIRE:  122 05:58:11     -790.872497        0.197419
FIRE:  123 05:58:23     -790.906999        0.176856
FIRE:  124 05:58:36     -790.945097        0.166994
FIRE:  125 05:58:49     -790.988897        0.177388
FIRE:  126 05:59:02     -791.040253        0.183453
FIRE:  127 05:59:14     -791.098286        0.155016
FIRE:  128 05:59:27     -791.160282        0.167406
FIRE:  129 05:59:40     -791.224697        0.183468
FIRE:  130 05:59:53     -791.291594        0.162306
FIRE:  131 06:00:05     -791.360616        0.160950
FIRE:  132 06:00:18     -791.430611        0.154593
FIRE:  133 06:00:31     -791.500539        0.150198
FIRE:  134 06:00:44     -791.570357        0.133095
FIRE:  135 06:00:57     -791.640352        0.133391
FIRE:  136 06:01:09     -791.710657        0.146478
FIRE:  137 06:01:22     -791.781573        0.151651
FIRE:  138 06:01:35     -791.852934        0.162034
FIRE:  139 06:01:48     -791.923666        0.171393
FIRE:  140 06:02:01     -791.992465        0.177762
FIRE:  141 06:02:13     -792.058668        0.172349
FIRE:  142 06:02:26     -792.121972        0.158112
FIRE:  143 06:02:39     -792.181712        0.184922
FIRE:  144 06:02:52     -792.237576        0.209841
FIRE:  145 06:03:05     -792.290469        0.320567
FIRE:  146 06:03:17     -792.343502        0.389024
FIRE:  147 06:03:30     -792.399504        0.359073
FIRE:  148 06:03:43     -792.456608        0.255716
FIRE:  149 06:03:56     -792.511040        0.260724
FIRE:  150 06:04:09     -792.563524        0.299393
FIRE:  151 06:04:21     -792.615673        0.250355
FIRE:  152 06:04:34     -792.664829        0.217830
FIRE:  153 06:04:47     -792.708389        0.217762
FIRE:  154 06:05:00     -792.747960        0.245275
FIRE:  155 06:05:13     -792.786421        0.277847
FIRE:  156 06:05:25     -792.824421        0.267134
FIRE:  157 06:05:38     -792.861123        0.216382
FIRE:  158 06:05:51     -792.895762        0.212267
FIRE:  159 06:06:04     -792.927945        0.223438
FIRE:  160 06:06:17     -792.957436        0.211821
FIRE:  161 06:06:29     -792.983982        0.180956
FIRE:  162 06:06:42     -793.008199        0.209309
FIRE:  163 06:06:55     -793.030598        0.213477
FIRE:  164 06:07:08     -793.049784        0.183126
FIRE:  165 06:07:21     -793.063271        0.198799
FIRE:  166 06:07:33     -793.147457        0.177027
FIRE:  167 06:07:46     -793.214582        0.159796
FIRE:  168 06:07:59     -793.265958        0.102354
FIRE:  169 06:08:12     -793.297163        0.150237
FIRE:  170 06:08:25     -793.323557        0.135884
FIRE:  171 06:08:37     -793.349541        0.139554
FIRE:  172 06:08:50     -793.371878        0.079012
FIRE:  173 06:09:03     -793.394324        0.078988
FIRE:  174 06:09:16     -793.418096        0.096454
FIRE:  175 06:09:29     -793.443168        0.108524
FIRE:  176 06:09:41     -793.470569        0.167905
FIRE:  177 06:09:54     -793.498140        0.240323
FIRE:  178 06:10:07     -793.483150        0.559485
FIRE:  179 06:10:20     -793.520390        0.145682
FIRE:  180 06:10:33     -793.510625        0.395993
FIRE:  181 06:10:46     -793.517472        0.307604
FIRE:  182 06:10:58     -793.526470        0.155017
FIRE:  183 06:11:11     -793.531988        0.056677
FIRE:  184 06:11:24     -793.532339        0.177889
FIRE:  185 06:11:37     -793.532730        0.170113
FIRE:  186 06:11:49     -793.533463        0.154918
FIRE:  187 06:12:02     -793.534460        0.133047
FIRE:  188 06:12:15     -793.535618        0.105675
FIRE:  189 06:12:28     -793.536838        0.074515
FIRE:  190 06:12:41     -793.538043        0.057645
FIRE:  191 06:12:53     -793.539222        0.057796
FIRE:  192 06:13:06     -793.540531        0.058017
FIRE:  193 06:13:19     -793.542084        0.072882
FIRE:  194 06:13:32     -793.544101        0.085970
FIRE:  195 06:13:45     -793.546808        0.088323
FIRE:  196 06:13:57     -793.550372        0.077397
FIRE:  197 06:14:10     -793.554807        0.061151
FIRE:  198 06:14:23     -793.560000        0.062459
FIRE:  199 06:14:36     -793.566089        0.072397
FIRE:  200 06:14:49     -793.573675        0.086494
FIRE:  201 06:15:01     -793.583441        0.068579
FIRE:  202 06:15:14     -793.595544        0.071648
FIRE:  203 06:15:27     -793.610260        0.080132
FIRE:  204 06:15:40     -793.629116        0.080848
FIRE:  205 06:15:53     -793.653260        0.087753
FIRE:  206 06:16:05     -793.683944        0.096723
FIRE:  207 06:16:18     -793.724466        0.108392
FIRE:  208 06:16:31     -793.777688        0.132234
FIRE:  209 06:16:44     -793.846148        0.138777
FIRE:  210 06:16:57     -793.916909        0.148290
FIRE:  211 06:17:10     -793.983551        0.105030
FIRE:  212 06:17:22     -794.034187        0.133642
FIRE:  213 06:17:35     -794.064100        0.260532
FIRE:  214 06:17:48     -794.098942        0.252938
FIRE:  215 06:18:01     -794.145624        0.169526
FIRE:  216 06:18:14     -794.191651        0.177139
FIRE:  217 06:18:27     -794.236988        0.184030
FIRE:  218 06:18:39     -794.294098        0.152953
FIRE:  219 06:18:52     -794.355782        0.127484
FIRE:  220 06:19:05     -794.414928        0.122081
FIRE:  221 06:19:18     -794.472198        0.117490
FIRE:  222 06:19:31     -794.526378        0.111893
FIRE:  223 06:19:43     -794.577738        0.101192
FIRE:  224 06:19:56     -794.628335        0.086283
FIRE:  225 06:20:09     -794.678083        0.088549
FIRE:  226 06:20:22     -794.726443        0.086012
FIRE:  227 06:20:35     -794.774128        0.079259
FIRE:  228 06:20:47     -794.822176        0.075258
FIRE:  229 06:21:00     -794.870734        0.076414
FIRE:  230 06:21:13     -794.919930        0.087394
FIRE:  231 06:21:26     -794.969357        0.089134
FIRE:  232 06:21:39     -795.017709        0.094762
FIRE:  233 06:21:51     -795.063349        0.100775
FIRE:  234 06:22:04     -795.105039        0.098555
FIRE:  235 06:22:17     -795.142613        0.154763
FIRE:  236 06:22:30     -795.178539        0.181308
FIRE:  237 06:22:43     -795.214962        0.143126
FIRE:  238 06:22:55     -795.249654        0.094600
FIRE:  239 06:23:08     -795.279277        0.086876
FIRE:  240 06:23:21     -795.304595        0.141746
FIRE:  241 06:23:34     -795.329581        0.176239
FIRE:  242 06:23:46     -795.356712        0.178169
FIRE:  243 06:23:59     -795.385819        0.148305
FIRE:  244 06:24:12     -795.416424        0.146671
FIRE:  245 06:24:25     -795.447986        0.123070
FIRE:  246 06:24:38     -795.479820        0.119513
FIRE:  247 06:24:51     -795.512503        0.126517
FIRE:  248 06:25:03     -795.547970        0.115307
FIRE:  249 06:25:16     -795.586368        0.127660
FIRE:  250 06:25:29     -795.624763        0.136245
FIRE:  251 06:25:42     -795.660327        0.123056
FIRE:  252 06:25:55     -795.692792        0.110072
FIRE:  253 06:26:08     -795.722296        0.130409
FIRE:  254 06:26:20     -795.747298        0.124849
FIRE:  255 06:26:33     -795.766174        0.121766
FIRE:  256 06:26:46     -795.779017        0.158014
FIRE:  257 06:26:59     -795.829072        0.104817
FIRE:  258 06:27:11     -795.867173        0.082956
FIRE:  259 06:27:24     -795.891381        0.104801
FIRE:  260 06:27:37     -795.914685        0.156733
FIRE:  261 06:27:50     -795.926249        0.076672
FIRE:  262 06:28:03     -795.930678        0.137359
FIRE:  263 06:28:15     -795.933592        0.102828
FIRE:  264 06:28:28     -795.937352        0.076333
FIRE:  265 06:28:41     -795.939915        0.073379
FIRE:  266 06:28:54     -795.941533        0.098721
FIRE:  267 06:29:07     -795.944110        0.106556
FIRE:  268 06:29:20     -795.948428        0.075979
FIRE:  269 06:29:32     -795.953411        0.075289
FIRE:  270 06:29:45     -795.957921        0.078181
FIRE:  271 06:29:58     -795.962075        0.080190
FIRE:  272 06:30:11     -795.968069        0.079289
FIRE:  273 06:30:24     -795.975757        0.074262
FIRE:  274 06:30:36     -795.983406        0.069212
FIRE:  275 06:30:49     -795.993388        0.069352
FIRE:  276 06:31:02     -796.005607        0.062575
FIRE:  277 06:31:15     -796.019262        0.063581
FIRE:  278 06:31:28     -796.035129        0.068475
FIRE:  279 06:31:41     -796.050908        0.061747
FIRE:  280 06:31:53     -796.065125        0.072797
FIRE:  281 06:32:06     -796.075435        0.073228
FIRE:  282 06:32:19     -796.081579        0.086441
FIRE:  283 06:32:32     -796.085307        0.066128
FIRE:  284 06:32:45     -796.087189        0.060507
FIRE:  285 06:32:58     -796.087807        0.050102
FIRE:  286 06:33:11     -796.088772        0.047908
FIRE:  287 06:33:24     -796.089732        0.045509
FIRE:  288 06:33:36     -796.090562        0.042494
FIRE:  289 06:33:49     -796.091432        0.041711
FIRE:  290 06:34:02     -796.092568        0.043774
FIRE:  291 06:34:15     -796.093962        0.034846
FIRE:  292 06:34:28     -796.095556        0.026578
FIRE:  293 06:34:41     -796.097033        0.025953
FIRE:  294 06:34:54     -796.098452        0.033296
FIRE:  295 06:35:06     -796.100199        0.027344
FIRE:  296 06:35:19     -796.102078        0.027677
FIRE:  297 06:35:32     -796.103762        0.032910
FIRE:  298 06:35:45     -796.105881        0.029988
FIRE:  299 06:35:58     -796.108326        0.030714
FIRE:  300 06:36:11     -796.111315        0.034702
FIRE:  301 06:36:23     -796.115263        0.043251
FIRE:  302 06:36:36     -796.120378        0.051701
FIRE:  303 06:36:49     -796.127126        0.073110
FIRE:  304 06:37:04     -796.137058        0.106212
FIRE:  305 06:37:18     -796.153362        0.141165
FIRE:  306 06:37:31     -796.177807        0.120641
FIRE:  307 06:37:44     -796.186093        0.256417
FIRE:  308 06:37:56     -796.196381        0.117613
FIRE:  309 06:38:09     -796.195135        0.232780
FIRE:  310 06:38:22     -796.197890        0.170357
FIRE:  311 06:38:35     -796.200918        0.060918
FIRE:  312 06:38:48     -796.201770        0.066035
FIRE:  313 06:39:00     -796.201872        0.061520
FIRE:  314 06:39:13     -796.202062        0.052839
FIRE:  315 06:39:26     -796.202319        0.040703
FIRE:  316 06:39:39     -796.202619        0.038845
FIRE:  317 06:39:52     -796.202937        0.038995
FIRE:  318 06:40:05     -796.203271        0.039173
FIRE:  319 06:40:18     -796.203628        0.039375
FIRE:  320 06:40:30     -796.204061        0.039625
FIRE:  321 06:40:43     -796.204615        0.039932
FIRE:  322 06:40:56     -796.205328        0.040308
FIRE:  323 06:41:09     -796.206222        0.041003
FIRE:  324 06:41:22     -796.207292        0.041995
FIRE:  325 06:41:34     -796.208530        0.043224
FIRE:  326 06:41:47     -796.209997        0.044665
FIRE:  327 06:42:00     -796.211801        0.046286
FIRE:  328 06:42:13     -796.214013        0.048126
FIRE:  329 06:42:26     -796.216623        0.050338
FIRE:  330 06:42:39     -796.219815        0.053104
FIRE:  331 06:42:52     -796.223772        0.056467
FIRE:  332 06:43:04     -796.228537        0.060156
FIRE:  333 06:43:17     -796.234402        0.063483
FIRE:  334 06:43:30     -796.241407        0.065655
FIRE:  335 06:43:43     -796.249701        0.065256
FIRE:  336 06:43:56     -796.259181        0.058991
FIRE:  337 06:44:09     -796.270001        0.069836
FIRE:  338 06:44:21     -796.282677        0.058374
FIRE:  339 06:44:34     -796.298187        0.062375
FIRE:  340 06:44:47     -796.316849        0.178677
FIRE:  341 06:45:00     -796.325367        0.419431
FIRE:  342 06:45:13     -796.339278        0.047333
FIRE:  343 06:45:26     -796.339773        0.047125
FIRE:  344 06:45:39     -796.340665        0.046739
FIRE:  345 06:45:51     -796.341849        0.046234
FIRE:  346 06:46:04     -796.343306        0.045702
FIRE:  347 06:46:17     -796.345086        0.045262
FIRE:  348 06:46:30     -796.347195        0.045045
FIRE:  349 06:46:43     -796.349559        0.045186
FIRE:  350 06:46:55     -796.352419        0.045912
FIRE:  351 06:47:08     -796.355910        0.047531
FIRE:  352 06:47:21     -796.360232        0.050362
FIRE:  353 06:47:34     -796.365516        0.054676
FIRE:  354 06:47:47     -796.372153        0.060512
FIRE:  355 06:48:00     -796.380717        0.067462
FIRE:  356 06:48:12     -796.391964        0.074093
FIRE:  357 06:48:25     -796.407055        0.076579
FIRE:  358 06:48:38     -796.426848        0.082420
FIRE:  359 06:48:51     -796.451203        0.085874
FIRE:  360 06:49:04     -796.478338        0.116163
FIRE:  361 06:49:17     -796.506628        0.093789
FIRE:  362 06:49:29     -796.532523        0.098101
FIRE:  363 06:49:42     -796.555399        0.127282
FIRE:  364 06:49:55     -796.576148        0.119488
FIRE:  365 06:50:08     -796.590887        0.203346
FIRE:  366 06:50:21     -796.597736        0.422213
FIRE:  367 06:50:34     -796.605119        0.343112
FIRE:  368 06:50:46     -796.611492        0.187553
FIRE:  369 06:50:59     -796.615878        0.064825
FIRE:  370 06:51:12     -796.615832        0.261512
FIRE:  371 06:51:25     -796.616854        0.230656
FIRE:  372 06:51:38     -796.618520        0.173369
FIRE:  373 06:51:51     -796.620263        0.097920
FIRE:  374 06:52:04     -796.621614        0.045981
FIRE:  375 06:52:16     -796.622501        0.061126
FIRE:  376 06:52:29     -796.623257        0.114524
FIRE:  377 06:52:42     -796.624314        0.141115
FIRE:  378 06:52:55     -796.626109        0.137730
FIRE:  379 06:53:08     -796.628675        0.099296
FIRE:  380 06:53:21     -796.631589        0.040300
FIRE:  381 06:53:33     -796.634249        0.060097
FIRE:  382 06:53:46     -796.636932        0.117373
FIRE:  383 06:53:59     -796.640691        0.108042
FIRE:  384 06:54:12     -796.645414        0.037686
FIRE:  385 06:54:25     -796.649897        0.079838
FIRE:  386 06:54:38     -796.655299        0.098313
FIRE:  387 06:54:50     -796.662353        0.045923
FIRE:  388 06:55:03     -796.669751        0.100713
FIRE:  389 06:55:16     -796.679996        0.055239
FIRE:  390 06:55:29     -796.691835        0.107443
FIRE:  391 06:55:42     -796.708357        0.069542
FIRE:  392 06:55:55     -796.728969        0.080454
FIRE:  393 06:56:07     -796.754793        0.153722
FIRE:  394 06:56:20     -796.784350        0.225698
FIRE:  395 06:56:33     -796.809740        0.293001
FIRE:  396 06:56:46     -796.830308        0.341151
FIRE:  397 06:56:59     -796.838310        0.047003
FIRE:  398 06:57:12     -796.838743        0.046621
FIRE:  399 06:57:24     -796.839533        0.045904
FIRE:  400 06:57:37     -796.840599        0.044947
FIRE:  401 06:57:50     -796.841929        0.043884
FIRE:  402 06:58:03     -796.843539        0.042865
FIRE:  403 06:58:16     -796.845411        0.042012
FIRE:  404 06:58:29     -796.847461        0.041379
FIRE:  405 06:58:42     -796.849856        0.040901
FIRE:  406 06:58:54     -796.852659        0.040482
FIRE:  407 06:59:07     -796.855910        0.039886
FIRE:  408 06:59:20     -796.859559        0.038763
FIRE:  409 06:59:33     -796.863584        0.036732
FIRE:  410 06:59:46     -796.867999        0.033383
FIRE:  411 06:59:59     -796.872625        0.028179
FIRE:  412 07:00:11     -796.877354        0.020710
FIRE:  413 07:00:24     -796.881971        0.021270
FIRE:  414 07:00:37     -796.886144        0.021598
FIRE:  415 07:00:50     -796.889701        0.036186
FIRE:  416 07:01:03     -796.892395        0.091797
FIRE:  417 07:01:16     -796.893162        0.209756
FIRE:  418 07:01:29     -796.895784        0.033168
FIRE:  419 07:01:41     -796.895049        0.156916
FIRE:  420 07:01:54     -796.895638        0.124789
FIRE:  421 07:02:07     -796.896410        0.066855
FIRE:  422 07:02:20     -796.896869        0.024088
FIRE:  423 07:02:33     -796.896901        0.068404
FIRE:  424 07:02:46     -796.896943        0.064861
FIRE:  425 07:02:59     -796.897021        0.057972
FIRE:  426 07:03:11     -796.897124        0.048140
FIRE:  427 07:03:24     -796.897241        0.035969
FIRE:  428 07:03:37     -796.897362        0.022861
FIRE:  429 07:03:50     -796.897478        0.022647
FIRE:  430 07:04:03     -796.897589        0.022394
FIRE:  431 07:04:16     -796.897709        0.022073
FIRE:  432 07:04:28     -796.897856        0.027877
FIRE:  433 07:04:41     -796.898049        0.033279
FIRE:  434 07:04:54     -796.898308        0.032460
FIRE:  435 07:05:07     -796.898636        0.024323
FIRE:  436 07:05:20     -796.899024        0.019040
FIRE:  437 07:05:33     -796.899456        0.018011
FIRE:  438 07:05:45     -796.899940        0.024138
FIRE:  439 07:05:58     -796.900530        0.026906
FIRE:  440 07:06:11     -796.901253        0.016464
FIRE:  441 07:06:24     -796.902042        0.016616
FIRE:  442 07:06:37     -796.902927        0.023344
FIRE:  443 07:06:50     -796.903972        0.016957
FIRE:  444 07:07:03     -796.905123        0.017604
FIRE:  445 07:07:15     -796.906430        0.017234
FIRE:  446 07:07:28     -796.907909        0.017518
FIRE:  447 07:07:41     -796.909589        0.017134
FIRE:  448 07:07:54     -796.911477        0.026840
FIRE:  449 07:08:07     -796.913661        0.022924
FIRE:  450 07:08:20     -796.916228        0.018219
FIRE:  451 07:08:32     -796.919234        0.019890
FIRE:  452 07:08:45     -796.922645        0.045992
FIRE:  453 07:08:58     -796.925227        0.149731
FIRE:  454 07:09:11     -796.927368        0.025779
FIRE:  455 07:09:24     -796.926308        0.138647
FIRE:  456 07:09:37     -796.927093        0.101828
FIRE:  457 07:09:50     -796.927951        0.038414
FIRE:  458 07:10:02     -796.928179        0.033345
FIRE:  459 07:10:15     -796.928204        0.031167
FIRE:  460 07:10:28     -796.928250        0.026962
FIRE:  461 07:10:41     -796.928313        0.026078
FIRE:  462 07:10:54     -796.928387        0.026102
FIRE:  463 07:11:07     -796.928468        0.026133
FIRE:  464 07:11:19     -796.928557        0.026171
FIRE:  465 07:11:32     -796.928652        0.026215
FIRE:  466 07:11:45     -796.928765        0.026271
FIRE:  467 07:11:58     -796.928914        0.026342
FIRE:  468 07:12:11     -796.929113        0.026430
FIRE:  469 07:12:24     -796.929363        0.026540
FIRE:  470 07:12:36     -796.929673        0.026678
FIRE:  471 07:12:49     -796.930043        0.026849
FIRE:  472 07:13:02     -796.930492        0.027061
FIRE:  473 07:13:15     -796.931060        0.027322
FIRE:  474 07:13:28     -796.931763        0.027638
FIRE:  475 07:13:41     -796.932619        0.028018
FIRE:  476 07:13:53     -796.933659        0.028464
FIRE:  477 07:14:06     -796.934969        0.028971
FIRE:  478 07:14:19     -796.936584        0.029521
FIRE:  479 07:14:32     -796.938620        0.030064
FIRE:  480 07:14:45     -796.941150        0.030512
FIRE:  481 07:14:58     -796.944361        0.030741
FIRE:  482 07:15:11     -796.948359        0.031943
FIRE:  483 07:15:23     -796.953318        0.032814
FIRE:  484 07:15:36     -796.959261        0.030946
FIRE:  485 07:15:49     -796.966004        0.024922
FIRE:  486 07:16:02     -796.972903        0.051892
FIRE:  487 07:16:15     -796.977033        0.210573
FIRE:  488 07:16:28     -796.979511        0.021844
FIRE:  489 07:16:40     -796.979564        0.021815
FIRE:  490 07:16:53     -796.979660        0.021756
FIRE:  491 07:17:06     -796.979795        0.021668
FIRE:  492 07:17:19     -796.979963        0.021548
FIRE:  493 07:17:32     -796.980172        0.021392
FIRE:  494 07:17:45     -796.980422        0.021195
FIRE:  495 07:17:57     -796.980702        0.020949
FIRE:  496 07:18:10     -796.981042        0.020609
FIRE:  497 07:18:23     -796.981459        0.020146
FIRE:  498 07:18:36     -796.981968        0.019540
FIRE:  499 07:18:49     -796.982578        0.018794
FIRE:  500 07:19:02     -796.983315        0.017958
FIRE:  501 07:19:14     -796.984190        0.017128
FIRE:  502 07:19:27     -796.985233        0.016424
FIRE:  503 07:19:40     -796.986470        0.015937
FIRE:  504 07:19:53     -796.987927        0.015712
FIRE:  505 07:20:06     -796.989649        0.015594
FIRE:  506 07:20:19     -796.991663        0.015281
FIRE:  507 07:20:32     -796.993950        0.023284
FIRE:  508 07:20:44     -796.996370        0.061816
FIRE:  509 07:20:57     -796.997600        0.168374
FIRE:  510 07:21:10     -796.999529        0.014752
FIRE:  511 07:21:23     -796.998239        0.151662
FIRE:  512 07:21:36     -796.998889        0.114317
FIRE:  513 07:21:49     -796.999610        0.049402
FIRE:  514 07:22:01     -796.999783        0.026281
FIRE:  515 07:22:14     -796.999793        0.024734
FIRE:  516 07:22:27     -796.999810        0.021736
FIRE:  517 07:22:40     -796.999834        0.017486
FIRE:  518 07:22:53     -796.999863        0.014723
FIRE:  519 07:23:06     -796.999894        0.014704
FIRE:  520 07:23:18     -796.999926        0.014684
FIRE:  521 07:23:31     -796.999955        0.014662
FIRE:  522 07:23:44     -796.999992        0.014637
FIRE:  523 07:23:57     -797.000039        0.014610
FIRE:  524 07:24:10     -797.000101        0.014582
FIRE:  525 07:24:23     -797.000179        0.014552
FIRE:  526 07:24:36     -797.000278        0.014517
FIRE:  527 07:24:48     -797.000396        0.014476
FIRE:  528 07:25:01     -797.000539        0.014421
FIRE:  529 07:25:14     -797.000719        0.014345
FIRE:  530 07:25:27     -797.000934        0.014242
FIRE:  531 07:25:40     -797.001197        0.014109
FIRE:  532 07:25:53     -797.001508        0.013955
FIRE:  533 07:26:05     -797.001896        0.013796
FIRE:  534 07:26:18     -797.002363        0.013640
FIRE:  535 07:26:31     -797.002919        0.013477
FIRE:  536 07:26:44     -797.003593        0.013297
FIRE:  537 07:26:57     -797.004387        0.013129
FIRE:  538 07:27:10     -797.005360        0.012958
FIRE:  539 07:27:23     -797.006504        0.012657
FIRE:  540 07:27:35     -797.007873        0.012329
FIRE:  541 07:27:48     -797.009467        0.018946
FIRE:  542 07:28:01     -797.011174        0.052719
FIRE:  543 07:28:14     -797.012051        0.147078
FIRE:  544 07:28:27     -797.013503        0.011021
FIRE:  545 07:28:40     -797.012505        0.133062
FIRE:  546 07:28:52     -797.013019        0.099261
FIRE:  547 07:29:05     -797.013572        0.040687
FIRE:  548 07:29:18     -797.013678        0.027097
FIRE:  549 07:29:31     -797.013687        0.025471
FIRE:  550 07:29:44     -797.013703        0.022321
FIRE:  551 07:29:57     -797.013724        0.017859
FIRE:  552 07:30:10     -797.013749        0.012407
FIRE:  553 07:30:22     -797.013772        0.010713
FIRE:  554 07:30:35     -797.013796        0.010718
FIRE:  555 07:30:48     -797.013818        0.010722
FIRE:  556 07:31:01     -797.013846        0.010725
FIRE:  557 07:31:14     -797.013879        0.012537
FIRE:  558 07:31:27     -797.013928        0.013098
FIRE:  559 07:31:39     -797.013990        0.010725
FIRE:  560 07:31:52     -797.014065        0.010719
FIRE:  561 07:32:05     -797.014154        0.010709
