Si Bulk DFT energetics calculations using VASP
Running on host: comp178
Working directory: /lustre/home/ah1365/projects/127870/upgrade_report/case_studies/common/structures/interfaces/264_Si156Sn108_001_001_a0.276923_b0.041026_c2.1_interface1shift3swap3
Job started on: Wed 11 Jun 23:32:11 UTC 2025
cuequivariance or cuequivariance_torch is not available. Cuequivariance acceleration will be disabled.
Using Materials Project MACE for MACECalculator with /lustre/home/ah1365/.cache/mace/MACE_MPtrj_20229model
Using float64 for MACECalculator, which is slower but more accurate. Recommended for geometry optimization.
Using TorchDFTD3Calculator for D3 dispersion corrections
      Step     Time          Energy          fmax
FIRE:    0 00:32:44    -1218.290353        7.002174
FIRE:    1 00:33:04    -1225.198585        5.960264
FIRE:    2 00:33:24    -1231.301963        5.080403
FIRE:    3 00:33:43    -1236.694310        4.337947
FIRE:    4 00:34:03    -1241.458141        3.717375
FIRE:    5 00:34:23    -1245.666025        3.328766
FIRE:    6 00:34:42    -1249.381329        2.964566
FIRE:    7 00:35:02    -1252.660957        2.612648
FIRE:    8 00:35:22    -1255.561584        2.285354
FIRE:    9 00:35:42    -1258.138682        1.988946
FIRE:   10 00:36:01    -1260.446366        1.721920
FIRE:   11 00:36:21    -1262.535517        1.550308
FIRE:   12 00:36:41    -1264.450779        1.545585
FIRE:   13 00:37:01    -1266.227863        1.535323
FIRE:   14 00:37:20    -1267.892056        1.513835
FIRE:   15 00:37:40    -1269.457923        1.474026
FIRE:   16 00:38:00    -1270.931675        1.412342
FIRE:   17 00:38:19    -1272.315342        1.329425
FIRE:   18 00:38:39    -1273.610887        1.226664
FIRE:   19 00:38:59    -1274.822616        1.106563
FIRE:   20 00:39:19    -1275.957866        0.970924
FIRE:   21 00:39:39    -1277.025627        0.895534
FIRE:   22 00:39:58    -1278.034544        0.873607
FIRE:   23 00:40:18    -1278.991455        0.848048
FIRE:   24 00:40:38    -1279.901461        0.815732
FIRE:   25 00:40:58    -1280.769237        0.774033
FIRE:   26 00:41:17    -1281.599741        0.751038
FIRE:   27 00:41:37    -1282.397964        0.772945
FIRE:   28 00:41:57    -1283.167478        0.784335
FIRE:   29 00:42:17    -1283.909144        0.781015
FIRE:   30 00:42:37    -1284.621612        0.749399
FIRE:   31 00:42:56    -1285.302371        0.683542
FIRE:   32 00:43:16    -1285.947489        0.673059
FIRE:   33 00:43:36    -1286.554057        0.651088
FIRE:   34 00:43:56    -1287.121451        0.658117
FIRE:   35 00:44:16    -1287.652365        0.685128
FIRE:   36 00:44:35    -1288.152175        0.705984
FIRE:   37 00:44:55    -1288.626514        0.738061
FIRE:   38 00:45:15    -1289.078756        0.765383
FIRE:   39 00:45:35    -1289.509332        0.770488
FIRE:   40 00:45:55    -1289.915847        0.748867
FIRE:   41 00:46:15    -1290.293465        0.704759
FIRE:   42 00:46:34    -1290.636996        0.660790
FIRE:   43 00:46:54    -1290.944740        0.645380
FIRE:   44 00:47:14    -1291.220243        0.646813
FIRE:   45 00:47:34    -1291.469525        0.616223
FIRE:   46 00:47:53    -1291.696750        0.636294
FIRE:   47 00:48:13    -1291.902248        0.778172
FIRE:   48 00:48:33    -1292.087627        0.890904
FIRE:   49 00:48:53    -1292.261600        1.206243
FIRE:   50 00:49:12    -1292.439649        1.486473
FIRE:   51 00:49:32    -1292.642629        1.727450
FIRE:   52 00:49:52    -1292.890498        1.792301
FIRE:   53 00:50:12    -1293.189839        1.643924
FIRE:   54 00:50:32    -1293.528501        1.318246
FIRE:   55 00:50:51    -1293.885424        0.904126
FIRE:   56 00:51:11    -1294.244296        0.884515
FIRE:   57 00:51:31    -1294.597834        0.925526
FIRE:   58 00:51:51    -1294.942357        0.931953
FIRE:   59 00:52:11    -1295.272116        0.927027
FIRE:   60 00:52:31    -1295.577730        0.876082
FIRE:   61 00:52:50    -1295.845941        0.785468
FIRE:   62 00:53:10    -1296.062165        0.669791
FIRE:   63 00:53:30    -1296.217193        0.672088
FIRE:   64 00:53:50    -1296.312874        0.953742
FIRE:   65 00:54:10    -1296.367462        1.221599
FIRE:   66 00:54:30    -1296.900090        0.413914
FIRE:   67 00:54:49    -1297.216685        0.302180
FIRE:   68 00:55:09    -1297.417548        0.480687
FIRE:   69 00:55:29    -1297.566775        0.503148
FIRE:   70 00:55:49    -1297.708317        0.429286
FIRE:   71 00:56:09    -1297.853591        0.324597
FIRE:   72 00:56:29    -1297.988247        0.298451
FIRE:   73 00:56:48    -1298.100902        0.254308
FIRE:   74 00:57:08    -1298.191582        0.276367
FIRE:   75 00:57:28    -1298.266792        0.286686
FIRE:   76 00:57:48    -1298.334553        0.228415
FIRE:   77 00:58:08    -1298.402225        0.221294
FIRE:   78 00:58:28    -1298.470411        0.172016
FIRE:   79 00:58:47    -1298.532930        0.175196
FIRE:   80 00:59:07    -1298.585369        0.155370
FIRE:   81 00:59:27    -1298.636620        0.163925
FIRE:   82 00:59:47    -1298.693256        0.118965
FIRE:   83 01:00:07    -1298.748884        0.122073
FIRE:   84 01:00:27    -1298.803488        0.149610
FIRE:   85 01:00:47    -1298.863837        0.189695
FIRE:   86 01:01:06    -1298.927846        0.241097
FIRE:   87 01:01:26    -1298.996032        0.298712
FIRE:   88 01:01:46    -1299.074624        0.339132
FIRE:   89 01:02:06    -1299.159630        0.302717
FIRE:   90 01:02:26    -1299.234818        0.172478
FIRE:   91 01:02:46    -1299.286876        0.390519
FIRE:   92 01:03:06    -1299.335686        0.502372
FIRE:   93 01:03:26    -1299.396682        0.258222
FIRE:   94 01:03:45    -1299.445773        0.263316
FIRE:   95 01:04:05    -1299.484527        0.377239
FIRE:   96 01:04:25    -1299.524567        0.349740
FIRE:   97 01:04:45    -1299.567883        0.228560
FIRE:   98 01:05:05    -1299.608692        0.222663
FIRE:   99 01:05:25    -1299.647673        0.303461
FIRE:  100 01:05:44    -1299.687394        0.227943
FIRE:  101 01:06:04    -1299.722436        0.183170
FIRE:  102 01:06:24    -1299.757326        0.219168
FIRE:  103 01:06:44    -1299.798259        0.186184
FIRE:  104 01:07:04    -1299.844115        0.172857
FIRE:  105 01:07:24    -1299.895015        0.179305
FIRE:  106 01:07:44    -1299.951308        0.234689
FIRE:  107 01:08:04    -1300.014922        0.273742
FIRE:  108 01:08:24    -1300.087403        0.270032
FIRE:  109 01:08:43    -1300.163119        0.291664
FIRE:  110 01:09:03    -1300.231239        0.324187
FIRE:  111 01:09:23    -1300.281414        0.298263
FIRE:  112 01:09:43    -1300.319286        0.389264
FIRE:  113 01:10:03    -1300.365457        0.347821
FIRE:  114 01:10:23    -1300.420092        0.236203
FIRE:  115 01:10:43    -1300.471089        0.228402
FIRE:  116 01:11:03    -1300.517206        0.336019
FIRE:  117 01:11:23    -1300.562225        0.333750
FIRE:  118 01:11:42    -1300.607412        0.282869
FIRE:  119 01:12:02    -1300.648978        0.250085
FIRE:  120 01:12:22    -1300.684607        0.240368
FIRE:  121 01:12:42    -1300.720979        0.249618
FIRE:  122 01:13:02    -1300.760447        0.219876
FIRE:  123 01:13:22    -1300.798715        0.206716
FIRE:  124 01:13:42    -1300.835303        0.174463
FIRE:  125 01:14:02    -1300.870658        0.209629
FIRE:  126 01:14:21    -1300.903161        0.203023
FIRE:  127 01:14:41    -1300.935633        0.195109
FIRE:  128 01:15:01    -1300.976609        0.187789
FIRE:  129 01:15:21    -1301.028248        0.188145
FIRE:  130 01:15:41    -1301.081302        0.157903
FIRE:  131 01:16:01    -1301.126758        0.155977
FIRE:  132 01:16:21    -1301.164198        0.204890
FIRE:  133 01:16:41    -1301.202808        0.316063
FIRE:  134 01:17:01    -1301.253130        0.345097
FIRE:  135 01:17:21    -1301.311167        0.253088
FIRE:  136 01:17:40    -1301.363935        0.180039
FIRE:  137 01:18:00    -1301.404006        0.243080
FIRE:  138 01:18:20    -1301.435511        0.361051
FIRE:  139 01:18:40    -1301.475337        0.386290
FIRE:  140 01:19:00    -1301.533426        0.291864
FIRE:  141 01:19:20    -1301.596712        0.231308
FIRE:  142 01:19:40    -1301.644723        0.277231
FIRE:  143 01:20:00    -1301.668283        0.411061
FIRE:  144 01:20:20    -1301.757548        0.490141
FIRE:  145 01:20:40    -1301.794582        0.161748
FIRE:  146 01:20:59    -1301.816514        0.345037
FIRE:  147 01:21:19    -1301.847433        0.395302
FIRE:  148 01:21:39    -1301.895265        0.108709
FIRE:  149 01:21:59    -1301.927233        0.339283
FIRE:  150 01:22:19    -1301.964690        0.229711
FIRE:  151 01:22:39    -1301.999972        0.199612
FIRE:  152 01:22:59    -1302.038780        0.242907
FIRE:  153 01:23:19    -1302.088274        0.247006
FIRE:  154 01:23:39    -1302.149532        0.392945
FIRE:  155 01:23:59    -1302.236558        0.519511
FIRE:  156 01:24:19    -1302.343916        0.486170
FIRE:  157 01:24:39    -1302.439592        0.413027
FIRE:  158 01:24:59    -1302.522336        0.471579
FIRE:  159 01:25:19    -1302.592684        0.257245
FIRE:  160 01:25:38    -1302.614621        0.422618
FIRE:  161 01:25:58    -1302.650207        0.207108
FIRE:  162 01:26:18    -1302.665241        0.437608
FIRE:  163 01:26:38    -1302.672621        0.286060
FIRE:  164 01:26:58    -1302.680059        0.110369
FIRE:  165 01:27:18    -1302.683792        0.190635
FIRE:  166 01:27:38    -1302.687483        0.250582
FIRE:  167 01:27:58    -1302.694874        0.236675
FIRE:  168 01:28:18    -1302.704993        0.155401
FIRE:  169 01:28:38    -1302.714255        0.121008
FIRE:  170 01:28:58    -1302.722457        0.217190
FIRE:  171 01:29:18    -1302.733502        0.219702
FIRE:  172 01:29:38    -1302.748001        0.148809
FIRE:  173 01:29:58    -1302.762180        0.159189
FIRE:  174 01:30:18    -1302.779697        0.135008
FIRE:  175 01:30:38    -1302.797583        0.243398
FIRE:  176 01:30:58    -1302.817448        0.348016
FIRE:  177 01:31:18    -1302.845715        0.199037
FIRE:  178 01:31:37    -1302.855212        0.213406
FIRE:  179 01:31:57    -1302.861720        0.178191
FIRE:  180 01:32:17    -1302.869649        0.128758
FIRE:  181 01:32:37    -1302.875332        0.106076
FIRE:  182 01:32:57    -1302.879481        0.148382
FIRE:  183 01:33:17    -1302.883222        0.157373
FIRE:  184 01:33:37    -1302.886369        0.130116
FIRE:  185 01:33:57    -1302.889399        0.094420
FIRE:  186 01:34:17    -1302.893530        0.105693
FIRE:  187 01:34:37    -1302.898254        0.121514
FIRE:  188 01:34:57    -1302.903308        0.104142
FIRE:  189 01:35:17    -1302.908531        0.060138
FIRE:  190 01:35:37    -1302.912040        0.081005
FIRE:  191 01:35:57    -1302.916234        0.071485
FIRE:  192 01:36:17    -1302.920563        0.079840
FIRE:  193 01:36:37    -1302.924751        0.045421
FIRE:  194 01:36:57    -1302.925595        0.038346
FIRE:  195 01:37:17    -1302.926746        0.027252
FIRE:  196 01:37:37    -1302.927855        0.033331
FIRE:  197 01:37:57    -1302.928989        0.025680
FIRE:  198 01:38:17    -1302.930114        0.024452
FIRE:  199 01:38:37    -1302.931260        0.025728
FIRE:  200 01:38:57    -1302.932519        0.027712
FIRE:  201 01:39:17    -1302.934021        0.025763
FIRE:  202 01:39:37    -1302.935706        0.024238
FIRE:  203 01:39:57    -1302.937657        0.023345
FIRE:  204 01:40:16    -1302.939708        0.020417
FIRE:  205 01:40:36    -1302.942066        0.026122
FIRE:  206 01:40:56    -1302.944751        0.032128
FIRE:  207 01:41:16    -1302.947825        0.033501
FIRE:  208 01:41:36    -1302.951182        0.029024
FIRE:  209 01:41:56    -1302.952903        0.067037
FIRE:  210 01:42:16    -1302.953536        0.018816
FIRE:  211 01:42:36    -1302.953607        0.052587
FIRE:  212 01:42:56    -1302.953731        0.041409
FIRE:  213 01:43:16    -1302.953895        0.021572
FIRE:  214 01:43:36    -1302.954013        0.014557
FIRE:  215 01:43:56    -1302.954064        0.023195
FIRE:  216 01:44:16    -1302.954118        0.034497
FIRE:  217 01:44:36    -1302.954230        0.034786
FIRE:  218 01:44:56    -1302.954406        0.024965
FIRE:  219 01:45:15    -1302.954589        0.011017
FIRE:  220 01:45:35    -1302.954718        0.016654
FIRE:  221 01:45:55    -1302.954827        0.028314
FIRE:  222 01:46:15    -1302.955027        0.021264
FIRE:  223 01:46:35    -1302.955231        0.008086
MACE calculation complete. Energy written to MACE_OUTCAR: -1302.955231 eV
Job ended on: Thu 12 Jun 00:46:37 UTC 2025
