Si Bulk DFT energetics calculations using VASP
Running on host: comp120
Working directory: /lustre/home/ah1365/projects/127870/upgrade_report/case_studies/common/structures/interfaces/216_Si144Sn72_011_001_a0.0_b0.0_c0.0_interface7shift1
Job started on: Wed 11 Jun 17:46:45 UTC 2025
cuequivariance or cuequivariance_torch is not available. Cuequivariance acceleration will be disabled.
Using Materials Project MACE for MACECalculator with /lustre/home/ah1365/.cache/mace/MACE_MPtrj_20229model
Using float64 for MACECalculator, which is slower but more accurate. Recommended for geometry optimization.
Using TorchDFTD3Calculator for D3 dispersion corrections
      Step     Time          Energy          fmax
FIRE:    0 18:47:23   132196.894047   350512.610986
FIRE:    1 18:47:41    21474.783789   130757.015506
FIRE:    2 18:47:58    14826.324419   104170.275660
FIRE:    3 18:48:15     1250.154761     2427.410610
FIRE:    4 18:48:32      576.505596     2000.260583
FIRE:    5 18:48:48      304.212903     1168.972011
FIRE:    6 18:49:05      123.817425      511.192583
FIRE:    7 18:49:22       -4.868401      333.560093
FIRE:    8 18:49:39     -111.781765      252.693200
FIRE:    9 18:49:56     -198.803787      182.847862
FIRE:   10 18:50:13     -279.937123      165.493049
FIRE:   11 18:50:30     -356.934588      154.843705
FIRE:   12 18:50:47     -428.736258      143.869644
FIRE:   13 18:51:04     -493.278818      128.009897
FIRE:   14 18:51:21     -548.799988       91.888130
FIRE:   15 18:51:38     -594.965216       62.419757
FIRE:   16 18:51:56     -636.680790       52.991785
FIRE:   17 18:52:13     -675.207780       44.965814
FIRE:   18 18:52:30     -710.591756       43.253037
FIRE:   19 18:52:47     -742.972974       41.394342
FIRE:   20 18:53:05     -772.391641       39.185059
FIRE:   21 18:53:22     -799.208858       36.533332
FIRE:   22 18:53:39     -824.066580       33.358335
FIRE:   23 18:53:56     -847.112573       29.694505
FIRE:   24 18:54:14     -868.141091       25.839814
FIRE:   25 18:54:31     -887.057847       22.503431
FIRE:   26 18:54:48     -903.993022       19.798304
FIRE:   27 18:55:06     -919.105190       17.257953
FIRE:   28 18:55:23     -932.503014       17.482789
FIRE:   29 18:55:40     -944.298327       17.618002
FIRE:   30 18:55:58     -954.640440       17.606098
FIRE:   31 18:56:15     -963.681459       17.380454
FIRE:   32 18:56:33     -971.537897       16.887999
FIRE:   33 18:56:50     -978.332340       16.105249
FIRE:   34 18:57:08     -984.219812       15.044255
FIRE:   35 18:57:25     -989.353380       13.752274
FIRE:   36 18:57:42     -993.855391       12.312504
FIRE:   37 18:58:00     -997.823865       10.833878
FIRE:   38 18:58:17    -1001.345044        9.416546
FIRE:   39 18:58:35    -1004.498258        8.699711
FIRE:   40 18:58:52    -1007.355131        9.040980
FIRE:   41 18:59:10    -1009.976835        9.021921
FIRE:   42 18:59:27    -1012.413980        8.707757
FIRE:   43 18:59:44    -1014.711807        8.168734
FIRE:   44 19:00:02    -1016.912888        7.480363
FIRE:   45 19:00:19    -1019.053269        7.411259
FIRE:   46 19:00:37    -1021.158712        7.203947
FIRE:   47 19:00:54    -1023.245210        6.927004
FIRE:   48 19:01:12    -1025.321143        6.804930
FIRE:   49 19:01:29    -1027.387795        6.536223
FIRE:   50 19:01:47    -1029.438729        6.145209
FIRE:   51 19:02:04    -1031.461227        5.662531
FIRE:   52 19:02:22    -1033.440261        5.123550
FIRE:   53 19:02:39    -1035.362520        4.569127
FIRE:   54 19:02:57    -1037.219390        4.044021
FIRE:   55 19:03:14    -1039.007613        4.011207
FIRE:   56 19:03:32    -1040.726997        3.981261
FIRE:   57 19:03:49    -1042.378015        3.870033
FIRE:   58 19:04:07    -1043.959301        3.683412
FIRE:   59 19:04:24    -1045.466974        3.431356
FIRE:   60 19:04:41    -1046.894977        3.126924
FIRE:   61 19:04:59    -1048.235993        3.096637
FIRE:   62 19:05:16    -1049.482656        3.062030
FIRE:   63 19:05:34    -1050.628684        2.979327
FIRE:   64 19:05:52    -1051.669372        2.854209
FIRE:   65 19:06:09    -1052.602077        2.822229
FIRE:   66 19:06:26    -1053.425492        2.797944
FIRE:   67 19:06:44    -1054.139510        2.726552
FIRE:   68 19:07:01    -1054.744116        2.610379
FIRE:   69 19:07:19    -1055.239936        2.454955
FIRE:   70 19:07:36    -1055.629514        2.268209
FIRE:   71 19:07:54    -1055.918189        2.166482
FIRE:   72 19:08:11    -1056.114699        2.277472
FIRE:   73 19:08:29    -1056.230508        2.608932
FIRE:   74 19:08:46    -1059.008629        1.771554
FIRE:   75 19:09:04    -1061.233196        1.486169
FIRE:   76 19:09:21    -1063.035980        1.471192
FIRE:   77 19:09:39    -1064.527396        1.450588
FIRE:   78 19:09:56    -1065.801036        1.419102
FIRE:   79 19:10:14    -1066.935240        1.371479
FIRE:   80 19:10:31    -1067.990910        1.302210
FIRE:   81 19:10:49    -1069.012671        1.205103
FIRE:   82 19:11:06    -1070.016087        1.077921
FIRE:   83 19:11:24    -1070.989413        0.929404
FIRE:   84 19:11:41    -1071.905737        0.868839
FIRE:   85 19:11:59    -1072.739651        0.819395
FIRE:   86 19:12:16    -1073.479998        0.803273
FIRE:   87 19:12:33    -1074.133301        0.773593
FIRE:   88 19:12:51    -1074.715157        0.708929
FIRE:   89 19:13:08    -1075.241819        0.677253
FIRE:   90 19:13:26    -1075.724682        0.686978
FIRE:   91 19:13:43    -1076.170236        0.662514
FIRE:   92 19:14:00    -1076.587664        0.858321
FIRE:   93 19:14:18    -1076.995783        1.058450
FIRE:   94 19:14:35    -1077.416612        1.084517
FIRE:   95 19:14:53    -1077.859107        0.911977
FIRE:   96 19:15:10    -1078.315103        0.659202
FIRE:   97 19:15:28    -1078.771164        0.625112
FIRE:   98 19:15:45    -1079.221878        0.604342
FIRE:   99 19:16:03    -1079.671169        0.610242
FIRE:  100 19:16:20    -1080.125882        0.616463
FIRE:  101 19:16:38    -1080.591400        0.621445
FIRE:  102 19:16:55    -1081.069597        0.618796
FIRE:  103 19:17:12    -1081.558874        0.601750
FIRE:  104 19:17:30    -1082.055201        0.568712
FIRE:  105 19:17:47    -1082.553683        0.523250
FIRE:  106 19:18:05    -1083.049792        0.511815
FIRE:  107 19:18:22    -1083.539735        0.516146
FIRE:  108 19:18:40    -1084.019402        0.519401
FIRE:  109 19:18:57    -1084.484684        0.524374
FIRE:  110 19:19:15    -1084.932387        0.538433
FIRE:  111 19:19:32    -1085.361738        0.550184
FIRE:  112 19:19:49    -1085.774962        0.561379
FIRE:  113 19:20:07    -1086.178688        0.575717
FIRE:  114 19:20:24    -1086.582035        0.587431
FIRE:  115 19:20:42    -1086.993794        0.596464
FIRE:  116 19:20:59    -1087.419040        0.606678
FIRE:  117 19:21:17    -1087.857158        0.607826
FIRE:  118 19:21:34    -1088.303451        0.606090
FIRE:  119 19:21:51    -1088.751890        0.594001
FIRE:  120 19:22:09    -1089.197808        0.569542
FIRE:  121 19:22:26    -1089.639906        0.555457
FIRE:  122 19:22:44    -1090.079917        0.547134
FIRE:  123 19:23:01    -1090.521130        0.534195
FIRE:  124 19:23:19    -1090.965928        0.517175
FIRE:  125 19:23:36    -1091.414396        0.496964
FIRE:  126 19:23:54    -1091.864132        0.482075
FIRE:  127 19:24:11    -1092.310872        0.462876
FIRE:  128 19:24:28    -1092.749824        0.440945
FIRE:  129 19:24:46    -1093.176748        0.418293
FIRE:  130 19:25:03    -1093.589114        0.479217
FIRE:  131 19:25:21    -1093.986537        0.559615
FIRE:  132 19:25:38    -1094.370312        0.613698
FIRE:  133 19:25:56    -1094.742393        0.630850
FIRE:  134 19:26:13    -1095.103835        0.606411
FIRE:  135 19:26:30    -1095.455353        0.542791
FIRE:  136 19:26:48    -1095.797097        0.488348
FIRE:  137 19:27:05    -1096.129992        0.524885
FIRE:  138 19:27:23    -1096.455566        0.585809
FIRE:  139 19:27:40    -1096.775117        0.612982
FIRE:  140 19:27:58    -1097.088834        0.603178
FIRE:  141 19:28:15    -1097.395565        0.560121
FIRE:  142 19:28:33    -1097.693421        0.492362
FIRE:  143 19:28:50    -1097.980332        0.476282
FIRE:  144 19:29:08    -1098.254984        0.461130
FIRE:  145 19:29:25    -1098.516878        0.475938
FIRE:  146 19:29:43    -1098.766758        0.551437
FIRE:  147 19:30:00    -1099.005944        0.641980
FIRE:  148 19:30:18    -1099.235884        0.713875
FIRE:  149 19:30:35    -1099.457486        0.757687
FIRE:  150 19:30:52    -1099.670270        0.768301
FIRE:  151 19:31:10    -1099.873142        0.746944
FIRE:  152 19:31:27    -1100.064069        0.701051
FIRE:  153 19:31:45    -1100.241293        0.641737
FIRE:  154 19:32:02    -1100.403782        0.579512
FIRE:  155 19:32:20    -1100.552426        0.520389
FIRE:  156 19:32:37    -1100.690356        0.606938
FIRE:  157 19:32:55    -1100.822476        0.692156
FIRE:  158 19:33:12    -1100.954679        0.734953
FIRE:  159 19:33:30    -1101.091601        0.725826
FIRE:  160 19:33:48    -1101.235669        0.664312
FIRE:  161 19:34:05    -1101.386414        0.655459
FIRE:  162 19:34:23    -1101.541014        0.649853
FIRE:  163 19:34:40    -1101.695218        0.604531
FIRE:  164 19:34:58    -1101.844660        0.523308
FIRE:  165 19:35:15    -1101.986129        0.462072
FIRE:  166 19:35:33    -1102.117893        0.476583
FIRE:  167 19:35:50    -1102.239518        0.491381
FIRE:  168 19:36:08    -1102.351232        0.468869
FIRE:  169 19:36:25    -1102.452724        0.467998
FIRE:  170 19:36:43    -1102.543119        0.472824
FIRE:  171 19:37:00    -1102.621448        0.457141
FIRE:  172 19:37:18    -1102.688028        0.429889
FIRE:  173 19:37:35    -1102.746134        0.444209
FIRE:  174 19:37:53    -1102.801882        0.445878
FIRE:  175 19:38:10    -1102.862388        0.469305
FIRE:  176 19:38:28    -1102.933114        0.499246
FIRE:  177 19:38:45    -1103.014985        0.474974
FIRE:  178 19:39:03    -1103.103553        0.417770
FIRE:  179 19:39:20    -1103.190750        0.440381
FIRE:  180 19:39:38    -1103.268128        0.454254
FIRE:  181 19:39:55    -1103.330448        0.451978
FIRE:  182 19:40:13    -1103.378098        0.442937
FIRE:  183 19:40:30    -1103.416873        0.450046
FIRE:  184 19:40:48    -1103.456304        0.456735
FIRE:  185 19:41:05    -1103.506543        0.453267
FIRE:  186 19:41:23    -1103.574710        0.445879
FIRE:  187 19:41:40    -1103.662644        0.453193
FIRE:  188 19:41:58    -1103.766552        0.446077
FIRE:  189 19:42:15    -1103.879125        0.425053
FIRE:  190 19:42:33    -1103.993049        0.392602
FIRE:  191 19:42:50    -1104.103381        0.352246
FIRE:  192 19:43:08    -1104.208342        0.350229
FIRE:  193 19:43:25    -1104.308689        0.408204
FIRE:  194 19:43:43    -1104.406059        0.442707
FIRE:  195 19:44:00    -1104.501383        0.446633
FIRE:  196 19:44:18    -1104.594025        0.418155
FIRE:  197 19:44:35    -1104.681915        0.360915
FIRE:  198 19:44:53    -1104.761998        0.293968
FIRE:  199 19:45:10    -1104.831936        0.307241
FIRE:  200 19:45:28    -1104.891193        0.320496
FIRE:  201 19:45:45    -1104.941935        0.321718
FIRE:  202 19:46:03    -1104.989380        0.332815
FIRE:  203 19:46:20    -1105.040352        0.342432
FIRE:  204 19:46:38    -1105.100867        0.368671
FIRE:  205 19:46:55    -1105.173329        0.377540
FIRE:  206 19:47:13    -1105.255265        0.362235
FIRE:  207 19:47:30    -1105.340061        0.323216
FIRE:  208 19:47:48    -1105.419656        0.307348
FIRE:  209 19:48:05    -1105.487221        0.339554
FIRE:  210 19:48:23    -1105.539302        0.350578
FIRE:  211 19:48:40    -1105.576398        0.337635
FIRE:  212 19:48:58    -1105.603194        0.339059
FIRE:  213 19:49:15    -1105.626364        0.353925
FIRE:  214 19:49:33    -1105.931996        0.231728
FIRE:  215 19:49:50    -1106.101098        0.178950
FIRE:  216 19:50:08    -1106.240895        0.182346
FIRE:  217 19:50:26    -1106.369402        0.158444
FIRE:  218 19:50:43    -1106.473169        0.170506
FIRE:  219 19:51:01    -1106.551692        0.155502
FIRE:  220 19:51:18    -1106.613591        0.135842
FIRE:  221 19:51:36    -1106.665655        0.132928
FIRE:  222 19:51:53    -1106.714288        0.141964
FIRE:  223 19:52:11    -1106.767788        0.111723
FIRE:  224 19:52:28    -1106.817268        0.095402
FIRE:  225 19:52:46    -1106.860159        0.115656
FIRE:  226 19:53:04    -1106.903909        0.101260
FIRE:  227 19:53:22    -1106.944303        0.094628
FIRE:  228 19:53:39    -1106.978035        0.117104
FIRE:  229 19:53:57    -1107.005421        0.060911
FIRE:  230 19:54:14    -1107.025101        0.094811
FIRE:  231 19:54:32    -1107.040712        0.098462
FIRE:  232 19:54:49    -1107.053759        0.068335
FIRE:  233 19:55:07    -1107.067818        0.113952
FIRE:  234 19:55:24    -1107.076888        0.035015
FIRE:  235 19:55:42    -1107.078119        0.103934
FIRE:  236 19:55:59    -1107.080133        0.075833
FIRE:  237 19:56:17    -1107.082628        0.029173
FIRE:  238 19:56:34    -1107.084112        0.038853
FIRE:  239 19:56:52    -1107.084755        0.069025
FIRE:  240 19:57:09    -1107.085858        0.075904
FIRE:  241 19:57:27    -1107.088015        0.059257
FIRE:  242 19:57:44    -1107.090609        0.028527
FIRE:  243 19:58:02    -1107.092917        0.040419
FIRE:  244 19:58:19    -1107.094768        0.060174
FIRE:  245 19:58:37    -1107.097087        0.040132
FIRE:  246 19:58:54    -1107.099761        0.021932
FIRE:  247 19:59:12    -1107.102145        0.045992
FIRE:  248 19:59:29    -1107.104929        0.023271
FIRE:  249 19:59:47    -1107.107667        0.044207
FIRE:  250 20:00:04    -1107.111124        0.026999
FIRE:  251 20:00:22    -1107.114639        0.046435
FIRE:  252 20:00:39    -1107.119457        0.024616
FIRE:  253 20:00:57    -1107.124483        0.040910
FIRE:  254 20:01:14    -1107.131370        0.066948
FIRE:  255 20:01:32    -1107.140839        0.108152
FIRE:  256 20:01:49    -1107.151839        0.225441
FIRE:  257 20:02:07    -1107.163383        0.072650
FIRE:  258 20:02:24    -1107.159575        0.220899
FIRE:  259 20:02:42    -1107.163811        0.158399
FIRE:  260 20:02:59    -1107.168585        0.077688
FIRE:  261 20:03:17    -1107.170508        0.078441
FIRE:  262 20:03:34    -1107.170703        0.078653
FIRE:  263 20:03:52    -1107.171085        0.079078
FIRE:  264 20:04:09    -1107.171624        0.079715
FIRE:  265 20:04:27    -1107.172302        0.080566
FIRE:  266 20:04:44    -1107.173093        0.081626
FIRE:  267 20:05:02    -1107.173993        0.082891
FIRE:  268 20:05:19    -1107.175024        0.084351
FIRE:  269 20:05:37    -1107.176351        0.086192
FIRE:  270 20:05:54    -1107.178069        0.088513
FIRE:  271 20:06:12    -1107.180354        0.091474
FIRE:  272 20:06:29    -1107.183360        0.095336
FIRE:  273 20:06:47    -1107.187306        0.100513
FIRE:  274 20:07:04    -1107.192472        0.107629
FIRE:  275 20:07:22    -1107.199402        0.117587
FIRE:  276 20:07:39    -1107.208936        0.131647
FIRE:  277 20:07:57    -1107.222435        0.151589
FIRE:  278 20:08:14    -1107.242064        0.179958
FIRE:  279 20:08:32    -1107.271656        0.220487
FIRE:  280 20:08:50    -1107.318370        0.278205
FIRE:  281 20:09:07    -1107.394601        0.355906
FIRE:  282 20:09:25    -1107.519406        0.434116
FIRE:  283 20:09:42    -1107.678692        0.433110
FIRE:  284 20:10:00    -1107.824889        0.338508
FIRE:  285 20:10:17    -1107.934386        0.585660
FIRE:  286 20:10:35    -1108.043991        0.498011
FIRE:  287 20:10:52    -1108.150341        0.233794
FIRE:  288 20:11:10    -1108.219868        0.216452
FIRE:  289 20:11:27    -1108.271928        0.237808
FIRE:  290 20:11:45    -1108.307417        0.170999
FIRE:  291 20:12:02    -1108.321282        0.226415
FIRE:  292 20:12:20    -1108.349507        0.103008
FIRE:  293 20:12:37    -1108.369114        0.209158
FIRE:  294 20:12:55    -1108.390742        0.137009
FIRE:  295 20:13:12    -1108.407343        0.188654
FIRE:  296 20:13:30    -1108.426123        0.154966
FIRE:  297 20:13:47    -1108.442217        0.132933
FIRE:  298 20:14:05    -1108.453730        0.218157
FIRE:  299 20:14:22    -1108.475342        0.102782
FIRE:  300 20:14:40    -1108.500109        0.158199
FIRE:  301 20:14:57    -1108.522512        0.153356
FIRE:  302 20:15:15    -1108.543371        0.111575
FIRE:  303 20:15:32    -1108.556443        0.131201
FIRE:  304 20:15:50    -1108.562339        0.038507
FIRE:  305 20:16:07    -1108.564329        0.105453
FIRE:  306 20:16:25    -1108.565331        0.082884
FIRE:  307 20:16:43    -1108.566732        0.043616
FIRE:  308 20:17:00    -1108.567870        0.024299
FIRE:  309 20:17:18    -1108.568600        0.047544
FIRE:  310 20:17:35    -1108.569405        0.067199
FIRE:  311 20:17:53    -1108.570687        0.066430
FIRE:  312 20:18:10    -1108.572408        0.046864
FIRE:  313 20:18:28    -1108.574295        0.022086
FIRE:  314 20:18:45    -1108.575852        0.035654
FIRE:  315 20:19:03    -1108.577504        0.055380
FIRE:  316 20:19:20    -1108.579891        0.038524
FIRE:  317 20:19:38    -1108.582523        0.021828
FIRE:  318 20:19:55    -1108.585158        0.051887
FIRE:  319 20:20:13    -1108.588878        0.030626
FIRE:  320 20:20:30    -1108.592984        0.043522
FIRE:  321 20:20:48    -1108.597998        0.034340
FIRE:  322 20:21:05    -1108.603568        0.046419
FIRE:  323 20:21:23    -1108.610283        0.021162
FIRE:  324 20:21:41    -1108.617544        0.048431
FIRE:  325 20:21:58    -1108.625852        0.073042
FIRE:  326 20:22:16    -1108.635147        0.108593
FIRE:  327 20:22:33    -1108.640988        0.209599
FIRE:  328 20:22:51    -1108.650550        0.030484
FIRE:  329 20:23:08    -1108.644640        0.199309
FIRE:  330 20:23:26    -1108.647912        0.150193
FIRE:  331 20:23:43    -1108.651513        0.065982
FIRE:  332 20:24:01    -1108.652404        0.037286
FIRE:  333 20:24:18    -1108.652467        0.035286
FIRE:  334 20:24:36    -1108.652585        0.031408
FIRE:  335 20:24:53    -1108.652746        0.030533
FIRE:  336 20:25:11    -1108.652933        0.030468
FIRE:  337 20:25:29    -1108.653132        0.030427
FIRE:  338 20:25:46    -1108.653345        0.030419
FIRE:  339 20:26:04    -1108.653571        0.030440
FIRE:  340 20:26:21    -1108.653841        0.030482
FIRE:  341 20:26:39    -1108.654189        0.030524
FIRE:  342 20:26:56    -1108.654656        0.030541
FIRE:  343 20:27:14    -1108.655259        0.030513
FIRE:  344 20:27:31    -1108.656003        0.030448
FIRE:  345 20:27:49    -1108.656902        0.030379
FIRE:  346 20:28:07    -1108.657968        0.030337
FIRE:  347 20:28:24    -1108.659298        0.030325
FIRE:  348 20:28:42    -1108.660978        0.030355
FIRE:  349 20:28:59    -1108.663078        0.030467
FIRE:  350 20:29:17    -1108.665631        0.030539
FIRE:  351 20:29:34    -1108.668830        0.030269
FIRE:  352 20:29:52    -1108.672820        0.029696
FIRE:  353 20:30:09    -1108.677763        0.029107
FIRE:  354 20:30:27    -1108.683931        0.028701
FIRE:  355 20:30:44    -1108.691590        0.028194
FIRE:  356 20:31:02    -1108.701266        0.027116
FIRE:  357 20:31:20    -1108.713622        0.026416
FIRE:  358 20:31:37    -1108.729700        0.027033
FIRE:  359 20:31:55    -1108.751136        0.032347
FIRE:  360 20:32:12    -1108.779632        0.075078
FIRE:  361 20:32:30    -1108.807097        0.186077
FIRE:  362 20:32:47    -1108.828695        0.317003
FIRE:  363 20:33:05    -1108.845760        0.097374
FIRE:  364 20:33:22    -1108.847118        0.067915
FIRE:  365 20:33:40    -1108.848929        0.049833
FIRE:  366 20:33:57    -1108.850515        0.050101
FIRE:  367 20:34:15    -1108.852355        0.064837
FIRE:  368 20:34:33    -1108.855235        0.064640
FIRE:  369 20:34:50    -1108.859099        0.051934
FIRE:  370 20:35:08    -1108.863180        0.052656
FIRE:  371 20:35:25    -1108.867853        0.053322
FIRE:  372 20:35:43    -1108.874122        0.054449
FIRE:  373 20:36:00    -1108.882396        0.057201
FIRE:  374 20:36:18    -1108.892093        0.060471
FIRE:  375 20:36:35    -1108.904728        0.063961
FIRE:  376 20:36:53    -1108.920594        0.067820
FIRE:  377 20:37:10    -1108.940437        0.072560
FIRE:  378 20:37:28    -1108.965495        0.076631
FIRE:  379 20:37:45    -1108.996830        0.073939
FIRE:  380 20:38:03    -1109.033135        0.056573
FIRE:  381 20:38:21    -1109.066141        0.084071
FIRE:  382 20:38:38    -1109.089975        0.111845
FIRE:  383 20:38:56    -1109.105741        0.137689
FIRE:  384 20:39:13    -1109.111073        0.054192
FIRE:  385 20:39:31    -1109.113267        0.118901
FIRE:  386 20:39:48    -1109.114617        0.089977
FIRE:  387 20:40:06    -1109.116441        0.039406
FIRE:  388 20:40:23    -1109.117840        0.031401
FIRE:  389 20:40:41    -1109.118824        0.065183
FIRE:  390 20:40:59    -1109.120155        0.084971
FIRE:  391 20:41:16    -1109.122332        0.074944
FIRE:  392 20:41:34    -1109.124934        0.040005
FIRE:  393 20:41:51    -1109.127487        0.027662
FIRE:  394 20:42:09    -1109.129735        0.056977
FIRE:  395 20:42:26    -1109.132737        0.061464
FIRE:  396 20:42:44    -1109.136764        0.027682
FIRE:  397 20:43:01    -1109.140610        0.047366
FIRE:  398 20:43:19    -1109.145380        0.055996
FIRE:  399 20:43:36    -1109.151663        0.032571
FIRE:  400 20:43:54    -1109.158552        0.054141
FIRE:  401 20:44:12    -1109.167835        0.038341
FIRE:  402 20:44:29    -1109.178529        0.048945
FIRE:  403 20:44:47    -1109.191754        0.057188
FIRE:  404 20:45:04    -1109.208636        0.046658
FIRE:  405 20:45:22    -1109.229738        0.043952
FIRE:  406 20:45:39    -1109.255456        0.097567
FIRE:  407 20:45:57    -1109.276070        0.260472
