Si Bulk DFT energetics calculations using VASP
Running on host: comp075
Working directory: /lustre/home/ah1365/projects/127870/upgrade_report/case_studies/common/structures/interfaces/264_Sn108Si156_001_001_a0.07732_b0.082474_c2.1_interface1shift2swap8
Job started on: Thu 12 Jun 06:08:15 UTC 2025
cuequivariance or cuequivariance_torch is not available. Cuequivariance acceleration will be disabled.
Using Materials Project MACE for MACECalculator with /lustre/home/ah1365/.cache/mace/MACE_MPtrj_20229model
Using float64 for MACECalculator, which is slower but more accurate. Recommended for geometry optimization.
Using TorchDFTD3Calculator for D3 dispersion corrections
      Step     Time          Energy          fmax
FIRE:    0 07:08:49    -1227.614824        7.909356
FIRE:    1 07:09:09    -1235.066427        6.512330
FIRE:    2 07:09:29    -1241.582783        5.750635
FIRE:    3 07:09:49    -1247.303236        5.052937
FIRE:    4 07:10:09    -1252.337847        4.420384
FIRE:    5 07:10:28    -1256.776113        3.851358
FIRE:    6 07:10:48    -1260.690610        3.339182
FIRE:    7 07:11:07    -1264.141125        2.877893
FIRE:    8 07:11:27    -1267.182131        2.466875
FIRE:    9 07:11:47    -1269.863053        2.107279
FIRE:   10 07:12:06    -1272.231053        1.798942
FIRE:   11 07:12:26    -1274.331516        1.539754
FIRE:   12 07:12:46    -1276.207259        1.450111
FIRE:   13 07:13:06    -1277.896643        1.426719
FIRE:   14 07:13:25    -1279.431727        1.385485
FIRE:   15 07:13:45    -1280.836965        1.324854
FIRE:   16 07:14:05    -1282.129758        1.246974
FIRE:   17 07:14:24    -1283.323230        1.158970
FIRE:   18 07:14:44    -1284.430286        1.070588
FIRE:   19 07:15:04    -1285.466446        0.988029
FIRE:   20 07:15:24    -1286.450333        0.909414
FIRE:   21 07:15:43    -1287.400156        0.979811
FIRE:   22 07:16:03    -1288.329344        0.985108
FIRE:   23 07:16:23    -1289.243027        0.909328
FIRE:   24 07:16:43    -1290.138897        0.769244
FIRE:   25 07:17:02    -1291.010760        0.703387
FIRE:   26 07:17:22    -1291.852338        0.699914
FIRE:   27 07:17:42    -1292.659694        0.691374
FIRE:   28 07:18:02    -1293.431229        0.673115
FIRE:   29 07:18:21    -1294.166690        0.641145
FIRE:   30 07:18:41    -1294.865952        0.599629
FIRE:   31 07:19:01    -1295.528613        0.565088
FIRE:   32 07:19:21    -1296.153077        0.541486
FIRE:   33 07:19:40    -1296.738558        0.560191
FIRE:   34 07:20:00    -1297.285063        0.568439
FIRE:   35 07:20:20    -1297.793966        0.589488
FIRE:   36 07:20:40    -1298.268110        0.625257
FIRE:   37 07:20:59    -1298.712005        0.670289
FIRE:   38 07:21:19    -1299.131215        0.723650
FIRE:   39 07:21:39    -1299.531548        0.781205
FIRE:   40 07:21:59    -1299.917717        0.833356
FIRE:   41 07:22:18    -1300.292935        0.867707
FIRE:   42 07:22:38    -1300.657961        0.858484
FIRE:   43 07:22:58    -1301.006539        0.783415
FIRE:   44 07:23:18    -1301.319864        0.645597
FIRE:   45 07:23:37    -1301.582439        0.403378
FIRE:   46 07:23:57    -1301.806557        0.351321
FIRE:   47 07:24:17    -1302.008603        0.362223
FIRE:   48 07:24:37    -1302.181365        0.509516
FIRE:   49 07:24:56    -1302.306390        0.948662
FIRE:   50 07:25:16    -1302.377198        1.462620
FIRE:   51 07:25:36    -1302.416857        1.832606
FIRE:   52 07:25:56    -1302.874647        0.393242
FIRE:   53 07:26:15    -1303.107093        0.387902
FIRE:   54 07:26:35    -1303.293437        0.497584
FIRE:   55 07:26:55    -1303.479318        0.502991
FIRE:   56 07:27:15    -1303.669549        0.461400
FIRE:   57 07:27:34    -1303.857465        0.391216
FIRE:   58 07:27:54    -1304.036662        0.320103
FIRE:   59 07:28:14    -1304.206971        0.270279
FIRE:   60 07:28:34    -1304.371040        0.238182
FIRE:   61 07:28:54    -1304.532667        0.250818
FIRE:   62 07:29:13    -1304.695518        0.290025
FIRE:   63 07:29:33    -1304.859618        0.302149
FIRE:   64 07:29:53    -1305.019817        0.346961
FIRE:   65 07:30:13    -1305.170588        0.374062
FIRE:   66 07:30:33    -1305.308398        0.355549
FIRE:   67 07:30:52    -1305.428865        0.349667
FIRE:   68 07:31:12    -1305.533311        0.434525
FIRE:   69 07:31:32    -1305.633179        0.428860
FIRE:   70 07:31:52    -1305.733454        0.342723
FIRE:   71 07:32:11    -1305.825449        0.412369
FIRE:   72 07:32:31    -1305.904827        0.461555
FIRE:   73 07:32:51    -1305.978119        0.508621
FIRE:   74 07:33:11    -1306.054655        0.525022
FIRE:   75 07:33:30    -1306.135320        0.403412
FIRE:   76 07:33:50    -1306.211249        0.316080
FIRE:   77 07:34:10    -1306.276101        0.244227
FIRE:   78 07:34:30    -1306.331064        0.366351
FIRE:   79 07:34:49    -1306.382816        0.359794
FIRE:   80 07:35:09    -1306.438279        0.300819
FIRE:   81 07:35:29    -1306.500395        0.325773
FIRE:   82 07:35:49    -1306.567232        0.255101
FIRE:   83 07:36:08    -1306.629233        0.274316
FIRE:   84 07:36:28    -1306.683741        0.303733
FIRE:   85 07:36:48    -1306.738444        0.289415
FIRE:   86 07:37:08    -1306.796787        0.223975
FIRE:   87 07:37:27    -1306.852127        0.215312
FIRE:   88 07:37:47    -1306.897862        0.222964
FIRE:   89 07:38:07    -1306.935628        0.190752
FIRE:   90 07:38:27    -1306.970883        0.163536
FIRE:   91 07:38:47    -1307.007358        0.165198
FIRE:   92 07:39:06    -1307.043312        0.175006
FIRE:   93 07:39:26    -1307.076691        0.213088
FIRE:   94 07:39:46    -1307.110809        0.235793
FIRE:   95 07:40:06    -1307.149270        0.266156
FIRE:   96 07:40:25    -1307.190943        0.281176
FIRE:   97 07:40:45    -1307.234083        0.254600
FIRE:   98 07:41:05    -1307.273211        0.165918
FIRE:   99 07:41:25    -1307.297971        0.324156
FIRE:  100 07:41:44    -1307.383548        0.225749
FIRE:  101 07:42:04    -1307.442400        0.479007
FIRE:  102 07:42:24    -1307.474933        0.238430
FIRE:  103 07:42:44    -1307.490813        0.406657
FIRE:  104 07:43:04    -1307.531413        0.264278
FIRE:  105 07:43:23    -1307.560382        0.382972
FIRE:  106 07:43:43    -1307.598567        0.233165
FIRE:  107 07:44:03    -1307.620138        0.334551
FIRE:  108 07:44:23    -1307.626291        0.307552
FIRE:  109 07:44:42    -1307.635135        0.258102
FIRE:  110 07:45:02    -1307.643012        0.193656
FIRE:  111 07:45:22    -1307.649574        0.192728
FIRE:  112 07:45:42    -1307.656699        0.189501
FIRE:  113 07:46:02    -1307.664464        0.122279
FIRE:  114 07:46:21    -1307.671293        0.155899
FIRE:  115 07:46:41    -1307.678353        0.174299
FIRE:  116 07:47:01    -1307.688821        0.174870
FIRE:  117 07:47:21    -1307.703612        0.154012
FIRE:  118 07:47:40    -1307.719596        0.116863
FIRE:  119 07:48:00    -1307.737525        0.119815
FIRE:  120 07:48:20    -1307.755964        0.090482
FIRE:  121 07:48:40    -1307.774608        0.116863
FIRE:  122 07:48:59    -1307.797469        0.086424
FIRE:  123 07:49:19    -1307.822286        0.072264
FIRE:  124 07:49:39    -1307.844239        0.170814
FIRE:  125 07:49:59    -1307.864990        0.190954
FIRE:  126 07:50:19    -1307.881664        0.199988
FIRE:  127 07:50:38    -1307.891473        0.210159
FIRE:  128 07:50:58    -1307.896316        0.073888
FIRE:  129 07:51:18    -1307.897896        0.187358
FIRE:  130 07:51:38    -1307.898974        0.146882
FIRE:  131 07:51:57    -1307.900456        0.074766
FIRE:  132 07:52:17    -1307.901598        0.038877
FIRE:  133 07:52:37    -1307.902317        0.083706
FIRE:  134 07:52:57    -1307.903223        0.119216
FIRE:  135 07:53:16    -1307.904798        0.110810
FIRE:  136 07:53:36    -1307.906825        0.064199
FIRE:  137 07:53:56    -1307.908884        0.027859
FIRE:  138 07:54:16    -1307.910609        0.085034
FIRE:  139 07:54:35    -1307.912733        0.105343
FIRE:  140 07:54:55    -1307.915748        0.053226
FIRE:  141 07:55:15    -1307.918555        0.047848
FIRE:  142 07:55:35    -1307.921360        0.082331
FIRE:  143 07:55:55    -1307.924966        0.019363
FIRE:  144 07:56:14    -1307.927898        0.090548
FIRE:  145 07:56:34    -1307.931698        0.023557
FIRE:  146 07:56:54    -1307.934810        0.095901
FIRE:  147 07:57:14    -1307.939200        0.054466
FIRE:  148 07:57:33    -1307.944974        0.083221
FIRE:  149 07:57:53    -1307.952677        0.098339
FIRE:  150 07:58:13    -1307.954087        0.195673
FIRE:  151 07:58:33    -1307.958239        0.069394
FIRE:  152 07:58:52    -1307.958772        0.159007
FIRE:  153 07:59:12    -1307.959440        0.125684
FIRE:  154 07:59:32    -1307.960312        0.066797
FIRE:  155 07:59:52    -1307.960867        0.026970
FIRE:  156 08:00:11    -1307.960984        0.063971
FIRE:  157 08:00:31    -1307.961030        0.060453
FIRE:  158 08:00:51    -1307.961117        0.053604
FIRE:  159 08:01:11    -1307.961231        0.043808
FIRE:  160 08:01:31    -1307.961364        0.031655
FIRE:  161 08:01:50    -1307.961501        0.023519
FIRE:  162 08:02:10    -1307.961637        0.023026
FIRE:  163 08:02:30    -1307.961766        0.022736
FIRE:  164 08:02:50    -1307.961903        0.022637
FIRE:  165 08:03:09    -1307.962070        0.032474
FIRE:  166 08:03:29    -1307.962278        0.037557
FIRE:  167 08:03:49    -1307.962552        0.036088
FIRE:  168 08:04:09    -1307.962898        0.027005
FIRE:  169 08:04:29    -1307.963282        0.022893
FIRE:  170 08:04:48    -1307.963710        0.023069
FIRE:  171 08:05:08    -1307.964170        0.022881
FIRE:  172 08:05:28    -1307.964720        0.024024
FIRE:  173 08:05:48    -1307.965383        0.020514
FIRE:  174 08:06:08    -1307.966090        0.017857
FIRE:  175 08:06:27    -1307.966831        0.024412
FIRE:  176 08:06:47    -1307.967668        0.011351
FIRE:  177 08:07:07    -1307.968491        0.020727
FIRE:  178 08:07:27    -1307.969336        0.013729
FIRE:  179 08:07:46    -1307.970128        0.022041
FIRE:  180 08:08:06    -1307.970935        0.014794
FIRE:  181 08:08:26    -1307.971673        0.029191
FIRE:  182 08:08:46    -1307.972471        0.024648
FIRE:  183 08:09:06    -1307.973449        0.025819
FIRE:  184 08:09:25    -1307.974846        0.034136
FIRE:  185 08:09:45    -1307.977152        0.047946
FIRE:  186 08:10:05    -1307.981347        0.071268
FIRE:  187 08:10:25    -1307.987871        0.225544
FIRE:  188 08:10:45    -1307.956101        0.926335
FIRE:  189 08:11:04    -1307.998505        0.444756
FIRE:  190 08:11:24    -1308.007582        0.288253
FIRE:  191 08:11:44    -1308.014719        0.092645
FIRE:  192 08:12:04    -1308.012871        0.235998
FIRE:  193 08:12:23    -1308.013716        0.213503
FIRE:  194 08:12:43    -1308.015135        0.170786
FIRE:  195 08:13:03    -1308.016686        0.112195
FIRE:  196 08:13:23    -1308.017939        0.086340
FIRE:  197 08:13:43    -1308.018674        0.084630
FIRE:  198 08:14:03    -1308.019026        0.082665
FIRE:  199 08:14:23    -1308.019357        0.121095
FIRE:  200 08:14:42    -1308.020096        0.138334
FIRE:  201 08:15:02    -1308.021505        0.128344
FIRE:  202 08:15:22    -1308.023495        0.087864
FIRE:  203 08:15:42    -1308.025563        0.062090
FIRE:  204 08:16:01    -1308.027175        0.056764
FIRE:  205 08:16:21    -1308.028703        0.103461
FIRE:  206 08:16:41    -1308.031083        0.093823
FIRE:  207 08:17:01    -1308.034037        0.035513
FIRE:  208 08:17:21    -1308.036322        0.072892
FIRE:  209 08:17:40    -1308.038944        0.092983
FIRE:  210 08:18:00    -1308.042503        0.033157
FIRE:  211 08:18:20    -1308.045358        0.089650
FIRE:  212 08:18:40    -1308.049540        0.041386
FIRE:  213 08:19:00    -1308.053102        0.101395
FIRE:  214 08:19:19    -1308.057657        0.031690
FIRE:  215 08:19:39    -1308.059842        0.120061
FIRE:  216 08:19:59    -1308.060724        0.059585
FIRE:  217 08:20:19    -1308.061282        0.029630
FIRE:  218 08:20:39    -1308.061359        0.089663
FIRE:  219 08:20:58    -1308.061506        0.078594
FIRE:  220 08:21:18    -1308.061742        0.057866
FIRE:  221 08:21:38    -1308.061984        0.030249
FIRE:  222 08:21:58    -1308.062161        0.017492
FIRE:  223 08:22:17    -1308.062275        0.027464
FIRE:  224 08:22:37    -1308.062380        0.046152
FIRE:  225 08:22:57    -1308.062529        0.054095
FIRE:  226 08:23:17    -1308.062796        0.050019
FIRE:  227 08:23:36    -1308.063160        0.032498
FIRE:  228 08:23:56    -1308.063538        0.013701
FIRE:  229 08:24:16    -1308.063869        0.027757
FIRE:  230 08:24:36    -1308.064234        0.043576
FIRE:  231 08:24:55    -1308.064775        0.033952
FIRE:  232 08:25:15    -1308.065380        0.012116
FIRE:  233 08:25:35    -1308.065933        0.033697
FIRE:  234 08:25:55    -1308.066647        0.028996
FIRE:  235 08:26:14    -1308.067415        0.016912
FIRE:  236 08:26:34    -1308.068200        0.032856
FIRE:  237 08:26:54    -1308.069105        0.014913
FIRE:  238 08:27:14    -1308.070010        0.023126
FIRE:  239 08:27:34    -1308.070866        0.037694
FIRE:  240 08:27:53    -1308.071777        0.023997
FIRE:  241 08:28:13    -1308.072589        0.018518
FIRE:  242 08:28:33    -1308.073269        0.033720
FIRE:  243 08:28:53    -1308.073436        0.092634
FIRE:  244 08:29:13    -1308.074062        0.008977
MACE calculation complete. Energy written to MACE_OUTCAR: -1308.074062 eV
Job ended on: Thu 12 Jun 07:29:14 UTC 2025
