Si Bulk DFT energetics calculations using VASP
Running on host: comp026
Working directory: /lustre/home/ah1365/projects/127870/upgrade_report/case_studies/common/structures/interfaces/264_Sn108Si156_001_001_a0.07732_b0.082474_c2.1_interface1shift3swap7
Job started on: Thu 12 Jun 06:48:12 UTC 2025
cuequivariance or cuequivariance_torch is not available. Cuequivariance acceleration will be disabled.
Using Materials Project MACE for MACECalculator with /lustre/home/ah1365/.cache/mace/MACE_MPtrj_20229model
Using float64 for MACECalculator, which is slower but more accurate. Recommended for geometry optimization.
Using TorchDFTD3Calculator for D3 dispersion corrections
      Step     Time          Energy          fmax
FIRE:    0 07:48:39    -1237.863610        6.506781
FIRE:    1 07:48:59    -1244.078639        5.448320
FIRE:    2 07:49:19    -1249.564213        4.575554
FIRE:    3 07:49:39    -1254.405468        3.851268
FIRE:    4 07:49:58    -1258.674790        3.250057
FIRE:    5 07:50:18    -1262.433907        2.744188
FIRE:    6 07:50:37    -1265.736756        2.309101
FIRE:    7 07:50:57    -1268.633139        2.067047
FIRE:    8 07:51:17    -1271.174292        1.884121
FIRE:    9 07:51:36    -1273.411860        1.714774
FIRE:   10 07:51:56    -1275.397406        1.558515
FIRE:   11 07:52:15    -1277.179420        1.411731
FIRE:   12 07:52:35    -1278.800167        1.269197
FIRE:   13 07:52:55    -1280.292788        1.139328
FIRE:   14 07:53:14    -1281.680742        1.078224
FIRE:   15 07:53:34    -1282.978929        1.022572
FIRE:   16 07:53:54    -1284.196289        0.972857
FIRE:   17 07:54:14    -1285.339347        0.928281
FIRE:   18 07:54:33    -1286.414669        0.886870
FIRE:   19 07:54:53    -1287.430034        0.844085
FIRE:   20 07:55:13    -1288.393853        0.795845
FIRE:   21 07:55:33    -1289.313841        0.739193
FIRE:   22 07:55:52    -1290.195702        0.675909
FIRE:   23 07:56:12    -1291.042726        0.667933
FIRE:   24 07:56:32    -1291.855713        0.659871
FIRE:   25 07:56:52    -1292.633221        0.649495
FIRE:   26 07:57:11    -1293.371770        0.633627
FIRE:   27 07:57:31    -1294.066705        0.608965
FIRE:   28 07:57:51    -1294.713451        0.573308
FIRE:   29 07:58:10    -1295.309016        0.526626
FIRE:   30 07:58:30    -1295.853204        0.471228
FIRE:   31 07:58:50    -1296.348986        0.460819
FIRE:   32 07:59:10    -1296.800319        0.457544
FIRE:   33 07:59:29    -1297.212422        0.453151
FIRE:   34 07:59:49    -1297.590140        0.464078
FIRE:   35 08:00:09    -1297.936614        0.453888
FIRE:   36 08:00:29    -1298.253307        0.516568
FIRE:   37 08:00:48    -1298.540965        0.592794
FIRE:   38 08:01:08    -1298.801354        0.681842
FIRE:   39 08:01:28    -1299.039449        0.781468
FIRE:   40 08:01:47    -1299.264408        0.880723
FIRE:   41 08:02:07    -1299.487945        0.949640
FIRE:   42 08:02:27    -1299.719252        0.945960
FIRE:   43 08:02:46    -1299.958676        0.897929
FIRE:   44 08:03:06    -1300.190999        0.884443
FIRE:   45 08:03:26    -1300.400152        0.750039
FIRE:   46 08:03:45    -1300.574974        0.467076
FIRE:   47 08:04:05    -1300.701774        0.522559
FIRE:   48 08:04:25    -1300.777880        1.022975
FIRE:   49 08:04:44    -1300.797239        1.748754
FIRE:   50 08:05:04    -1301.239799        0.407509
FIRE:   51 08:05:24    -1301.479389        0.421856
FIRE:   52 08:05:43    -1301.643131        0.637900
FIRE:   53 08:06:03    -1301.787181        0.665510
FIRE:   54 08:06:23    -1301.930272        0.562590
FIRE:   55 08:06:43    -1302.071635        0.365661
FIRE:   56 08:07:02    -1302.201413        0.211957
FIRE:   57 08:07:22    -1302.311653        0.252879
FIRE:   58 08:07:42    -1302.411561        0.497781
FIRE:   59 08:08:02    -1302.523848        0.461354
FIRE:   60 08:08:21    -1302.640588        0.234908
FIRE:   61 08:08:41    -1302.741888        0.256446
FIRE:   62 08:09:01    -1302.835254        0.311989
FIRE:   63 08:09:20    -1302.937680        0.312189
FIRE:   64 08:09:40    -1303.043532        0.238982
FIRE:   65 08:10:00    -1303.138375        0.202643
FIRE:   66 08:10:20    -1303.221999        0.245501
FIRE:   67 08:10:39    -1303.308915        0.286588
FIRE:   68 08:10:59    -1303.411946        0.334912
FIRE:   69 08:11:19    -1303.521396        0.327785
FIRE:   70 08:11:39    -1303.622869        0.288937
FIRE:   71 08:11:58    -1303.708394        0.249892
FIRE:   72 08:12:18    -1303.776501        0.227084
FIRE:   73 08:12:38    -1303.830196        0.255408
FIRE:   74 08:12:57    -1303.877334        0.322856
FIRE:   75 08:13:17    -1303.924323        0.286483
FIRE:   76 08:13:37    -1303.974373        0.271866
FIRE:   77 08:13:57    -1304.027663        0.274724
FIRE:   78 08:14:16    -1304.080365        0.230265
FIRE:   79 08:14:36    -1304.132174        0.236964
FIRE:   80 08:14:56    -1304.186839        0.197096
FIRE:   81 08:15:16    -1304.245693        0.196171
FIRE:   82 08:15:35    -1304.303912        0.198735
FIRE:   83 08:15:55    -1304.355788        0.250052
FIRE:   84 08:16:15    -1304.402848        0.286984
FIRE:   85 08:16:34    -1304.447765        0.233879
FIRE:   86 08:16:54    -1304.490312        0.277507
FIRE:   87 08:17:14    -1304.532921        0.264330
FIRE:   88 08:17:34    -1304.574921        0.158987
FIRE:   89 08:17:53    -1304.610432        0.158065
FIRE:   90 08:18:13    -1304.639873        0.180099
FIRE:   91 08:18:33    -1304.667993        0.183051
FIRE:   92 08:18:53    -1304.692682        0.171750
FIRE:   93 08:19:12    -1304.711329        0.182786
FIRE:   94 08:19:32    -1304.727878        0.191448
FIRE:   95 08:19:52    -1304.784903        0.379864
FIRE:   96 08:20:12    -1304.813799        0.166737
FIRE:   97 08:20:31    -1304.822855        0.296086
FIRE:   98 08:20:51    -1304.829176        0.226960
FIRE:   99 08:21:11    -1304.838301        0.190954
FIRE:  100 08:21:31    -1304.846357        0.198544
FIRE:  101 08:21:50    -1304.852868        0.208408
FIRE:  102 08:22:10    -1304.861174        0.232801
FIRE:  103 08:22:30    -1304.874093        0.230101
FIRE:  104 08:22:50    -1304.890967        0.239158
FIRE:  105 08:23:09    -1304.910749        0.245446
FIRE:  106 08:23:29    -1304.931948        0.245343
FIRE:  107 08:23:49    -1304.957951        0.235556
FIRE:  108 08:24:09    -1304.991610        0.222306
FIRE:  109 08:24:28    -1305.029336        0.230739
FIRE:  110 08:24:48    -1305.074137        0.255765
FIRE:  111 08:25:08    -1305.127218        0.180744
FIRE:  112 08:25:28    -1305.136617        0.483250
FIRE:  113 08:25:47    -1305.147407        0.404361
FIRE:  114 08:26:07    -1305.162706        0.274742
FIRE:  115 08:26:27    -1305.175253        0.140100
FIRE:  116 08:26:47    -1305.182227        0.157116
FIRE:  117 08:27:07    -1305.185757        0.208776
FIRE:  118 08:27:26    -1305.188764        0.239419
FIRE:  119 08:27:46    -1305.192611        0.257515
FIRE:  120 08:28:06    -1305.198835        0.263988
FIRE:  121 08:28:26    -1305.209103        0.239094
FIRE:  122 08:28:45    -1305.223135        0.157679
FIRE:  123 08:29:05    -1305.235728        0.098827
FIRE:  124 08:29:25    -1305.242192        0.193044
FIRE:  125 08:29:45    -1305.249509        0.207061
FIRE:  126 08:30:04    -1305.262662        0.105808
FIRE:  127 08:30:24    -1305.272213        0.081035
FIRE:  128 08:30:44    -1305.275401        0.152617
FIRE:  129 08:31:04    -1305.277698        0.129090
FIRE:  130 08:31:23    -1305.280996        0.090852
FIRE:  131 08:31:43    -1305.283684        0.041522
FIRE:  132 08:32:03    -1305.285082        0.054581
FIRE:  133 08:32:23    -1305.285936        0.097677
FIRE:  134 08:32:43    -1305.287468        0.115209
FIRE:  135 08:33:02    -1305.290147        0.103225
FIRE:  136 08:33:22    -1305.293817        0.069732
FIRE:  137 08:33:42    -1305.297025        0.021921
FIRE:  138 08:34:02    -1305.298473        0.074735
FIRE:  139 08:34:22    -1305.299267        0.091193
FIRE:  140 08:34:41    -1305.299661        0.083414
FIRE:  141 08:35:01    -1305.300332        0.068451
FIRE:  142 08:35:21    -1305.301084        0.047526
FIRE:  143 08:35:41    -1305.301720        0.023770
FIRE:  144 08:36:01    -1305.302129        0.018431
FIRE:  145 08:36:20    -1305.302344        0.030968
FIRE:  146 08:36:40    -1305.302491        0.043596
FIRE:  147 08:37:00    -1305.302715        0.049447
FIRE:  148 08:37:20    -1305.303122        0.046007
FIRE:  149 08:37:40    -1305.303739        0.032590
FIRE:  150 08:37:59    -1305.304435        0.027505
FIRE:  151 08:38:19    -1305.305054        0.022338
FIRE:  152 08:38:39    -1305.305648        0.036048
FIRE:  153 08:38:59    -1305.306450        0.032963
FIRE:  154 08:39:19    -1305.307386        0.016690
FIRE:  155 08:39:38    -1305.308100        0.021159
FIRE:  156 08:39:58    -1305.308862        0.029521
FIRE:  157 08:40:18    -1305.309873        0.010936
FIRE:  158 08:40:38    -1305.310483        0.025926
FIRE:  159 08:40:57    -1305.311266        0.018051
FIRE:  160 08:41:17    -1305.311824        0.029502
FIRE:  161 08:41:37    -1305.311960        0.019592
FIRE:  162 08:41:57    -1305.312093        0.006788
MACE calculation complete. Energy written to MACE_OUTCAR: -1305.312093 eV
Job ended on: Thu 12 Jun 07:41:58 UTC 2025
