Si Bulk DFT energetics calculations using VASP
Running on host: comp174
Working directory: /lustre/home/ah1365/projects/127870/upgrade_report/case_studies/common/structures/interfaces/120_Si36C84_012_012_a0.123457_b0.216049_c1.087103_interface2shift6
Job started on: Thu  5 Jun 09:20:57 UTC 2025
cuequivariance or cuequivariance_torch is not available. Cuequivariance acceleration will be disabled.
Using Materials Project MACE for MACECalculator with /lustre/home/ah1365/.cache/mace/MACE_MPtrj_20229model
Using float64 for MACECalculator, which is slower but more accurate. Recommended for geometry optimization.
Using TorchDFTD3Calculator for D3 dispersion corrections
      Step     Time          Energy          fmax
FIRE:    0 10:21:24     -846.035659       14.606697
FIRE:    1 10:21:35     -855.391292        8.008438
FIRE:    2 10:21:47     -861.651857        4.202497
FIRE:    3 10:21:58     -866.043686        3.866791
FIRE:    4 10:22:08     -869.251014        3.501909
FIRE:    5 10:22:19     -871.752621        3.118330
FIRE:    6 10:22:30     -873.892801        3.747905
FIRE:    7 10:22:41     -875.876738        3.968737
FIRE:    8 10:22:52     -877.747665        3.339818
FIRE:    9 10:23:04     -879.421944        2.204935
FIRE:   10 10:23:15     -880.837163        1.891865
FIRE:   11 10:23:26     -882.014572        2.080964
FIRE:   12 10:23:37     -883.029460        2.143033
FIRE:   13 10:23:48     -883.990408        2.694881
FIRE:   14 10:23:59     -884.984320        2.607588
FIRE:   15 10:24:10     -885.996084        1.941357
FIRE:   16 10:24:21     -886.941551        1.385644
FIRE:   17 10:24:32     -887.792105        1.438820
FIRE:   18 10:24:43     -888.594131        1.419711
FIRE:   19 10:24:54     -889.398917        1.403359
FIRE:   20 10:25:05     -890.260534        1.493606
FIRE:   21 10:25:16     -891.184059        1.348816
FIRE:   22 10:25:27     -892.075717        1.273048
FIRE:   23 10:25:39     -892.857646        1.344083
FIRE:   24 10:25:50     -893.548588        1.495108
FIRE:   25 10:26:01     -894.215007        1.432421
FIRE:   26 10:26:12     -894.890765        1.072977
FIRE:   27 10:26:23     -895.559585        0.965148
FIRE:   28 10:26:34     -896.194125        1.031018
FIRE:   29 10:26:45     -896.786098        0.980701
FIRE:   30 10:26:56     -897.343339        0.939420
FIRE:   31 10:27:08     -897.882803        0.955945
FIRE:   32 10:27:19     -898.404934        0.967321
FIRE:   33 10:27:30     -898.905033        0.974638
FIRE:   34 10:27:41     -899.389526        0.982514
FIRE:   35 10:27:52     -899.870140        0.996026
FIRE:   36 10:28:03     -900.339728        1.012381
FIRE:   37 10:28:14     -900.773654        1.018535
FIRE:   38 10:28:25     -901.156367        0.996057
FIRE:   39 10:28:36     -901.483353        0.931142
FIRE:   40 10:28:47     -901.765976        1.096263
FIRE:   41 10:28:58     -902.030818        1.152529
FIRE:   42 10:29:09     -902.297895        1.109481
FIRE:   43 10:29:20     -902.559962        0.855423
FIRE:   44 10:29:31     -902.801331        0.740888
FIRE:   45 10:29:42     -903.028318        0.853367
FIRE:   46 10:29:53     -903.261040        0.942984
FIRE:   47 10:30:04     -903.515516        0.849033
FIRE:   48 10:30:15     -903.798981        0.925439
FIRE:   49 10:30:26     -904.105249        1.015918
FIRE:   50 10:30:37     -904.415053        1.031420
FIRE:   51 10:30:48     -904.712732        0.960749
FIRE:   52 10:30:59     -904.994548        1.148637
FIRE:   53 10:31:10     -905.258113        1.168842
FIRE:   54 10:31:21     -905.495217        1.125352
FIRE:   55 10:31:32     -905.695819        1.040648
FIRE:   56 10:31:43     -905.860212        1.099424
FIRE:   57 10:31:54     -905.999188        1.238238
FIRE:   58 10:32:05     -906.111889        1.350389
FIRE:   59 10:32:16     -906.732897        0.797267
FIRE:   60 10:32:27     -907.035208        0.939631
FIRE:   61 10:32:38     -907.307320        0.759731
FIRE:   62 10:32:48     -907.544994        0.543457
FIRE:   63 10:32:59     -907.700650        0.715106
FIRE:   64 10:33:10     -907.831316        0.924432
FIRE:   65 10:33:22     -908.005853        0.484699
FIRE:   66 10:33:33     -908.148554        0.680870
FIRE:   67 10:33:44     -908.321580        0.776096
FIRE:   68 10:33:55     -908.526314        0.553729
FIRE:   69 10:34:06     -908.716162        0.570531
FIRE:   70 10:34:17     -908.909625        0.471165
FIRE:   71 10:34:27     -909.048974        0.424362
FIRE:   72 10:34:38     -909.146822        0.779825
FIRE:   73 10:34:49     -909.280401        0.856410
FIRE:   74 10:35:00     -909.428692        0.531597
FIRE:   75 10:35:11     -909.559773        0.259593
FIRE:   76 10:35:22     -909.659731        0.405132
FIRE:   77 10:35:33     -909.752498        0.373912
FIRE:   78 10:35:44     -909.851630        0.321030
FIRE:   79 10:35:55     -909.935463        0.324285
FIRE:   80 10:36:06     -910.014660        0.238163
FIRE:   81 10:36:17     -910.081439        0.288524
FIRE:   82 10:36:28     -910.137565        0.254096
FIRE:   83 10:36:39     -910.187484        0.285140
FIRE:   84 10:36:50     -910.226404        0.260625
FIRE:   85 10:37:01     -910.260349        0.192493
FIRE:   86 10:37:12     -910.286260        0.230768
FIRE:   87 10:37:23     -910.128503        1.279588
FIRE:   88 10:37:34     -910.049968        1.686965
FIRE:   89 10:37:45     -910.348955        0.354353
FIRE:   90 10:37:56     -910.354609        0.308899
FIRE:   91 10:38:07     -910.362276        0.222488
FIRE:   92 10:38:18     -910.367736        0.119408
FIRE:   93 10:38:29     -910.369865        0.117944
FIRE:   94 10:38:40     -910.370232        0.111140
FIRE:   95 10:38:51     -910.370906        0.103784
FIRE:   96 10:39:02     -910.371775        0.102546
FIRE:   97 10:39:13     -910.372723        0.100932
FIRE:   98 10:39:24     -910.373655        0.098970
FIRE:   99 10:39:35     -910.374536        0.096707
FIRE:  100 10:39:46     -910.375398        0.094217
FIRE:  101 10:39:57     -910.376426        0.091303
FIRE:  102 10:40:08     -910.377762        0.087991
FIRE:  103 10:40:19     -910.379533        0.084306
FIRE:  104 10:40:30     -910.381777        0.080256
FIRE:  105 10:40:41     -910.384405        0.077662
FIRE:  106 10:40:52     -910.387319        0.079731
FIRE:  107 10:41:03     -910.390680        0.081556
FIRE:  108 10:41:14     -910.394793        0.082772
FIRE:  109 10:41:25     -910.399697        0.082832
FIRE:  110 10:41:36     -910.405246        0.080939
FIRE:  111 10:41:47     -910.411729        0.076253
FIRE:  112 10:41:58     -910.419268        0.067981
FIRE:  113 10:42:09     -910.427701        0.055691
FIRE:  114 10:42:20     -910.437293        0.050458
FIRE:  115 10:42:31     -910.447974        0.049362
FIRE:  116 10:42:42     -910.460095        0.056906
FIRE:  117 10:42:53     -910.473924        0.063570
FIRE:  118 10:43:04     -910.489823        0.066331
FIRE:  119 10:43:15     -910.508048        0.078868
FIRE:  120 10:43:26     -910.527533        0.176600
FIRE:  121 10:43:37     -910.537242        0.533563
FIRE:  122 10:43:47     -910.556164        0.059147
FIRE:  123 10:43:58     -910.543658        0.480385
FIRE:  124 10:44:09     -910.550357        0.351002
FIRE:  125 10:44:20     -910.557567        0.128912
FIRE:  126 10:44:31     -910.558932        0.127726
FIRE:  127 10:44:42     -910.559069        0.119918
FIRE:  128 10:44:53     -910.559321        0.104883
FIRE:  129 10:45:04     -910.559650        0.083845
FIRE:  130 10:45:15     -910.560013        0.063151
FIRE:  131 10:45:26     -910.560375        0.060306
FIRE:  132 10:45:37     -910.560722        0.060225
FIRE:  133 10:45:48     -910.561065        0.060203
FIRE:  134 10:45:59     -910.561477        0.060258
FIRE:  135 10:46:10     -910.562020        0.060842
FIRE:  136 10:46:21     -910.562764        0.060674
FIRE:  137 10:46:32     -910.563750        0.061084
FIRE:  138 10:46:43     -910.564967        0.061675
FIRE:  139 10:46:54     -910.566380        0.062476
FIRE:  140 10:47:05     -910.568042        0.063468
FIRE:  141 10:47:16     -910.570140        0.064575
FIRE:  142 10:47:27     -910.572821        0.065759
FIRE:  143 10:47:38     -910.576058        0.067159
FIRE:  144 10:47:49     -910.579952        0.069130
FIRE:  145 10:48:00     -910.584891        0.072134
FIRE:  146 10:48:11     -910.590947        0.076664
FIRE:  147 10:48:22     -910.598496        0.082618
FIRE:  148 10:48:33     -910.608071        0.089779
FIRE:  149 10:48:44     -910.620295        0.099771
FIRE:  150 10:48:55     -910.636255        0.114124
FIRE:  151 10:49:06     -910.657577        0.126715
FIRE:  152 10:49:17     -910.686040        0.128778
FIRE:  153 10:49:28     -910.722483        0.113751
FIRE:  154 10:49:39     -910.765520        0.134038
FIRE:  155 10:49:50     -910.810816        0.495781
FIRE:  156 10:50:01     -910.772627        1.609140
FIRE:  157 10:50:12     -910.889098        0.324986
FIRE:  158 10:50:23     -910.893182        0.233039
FIRE:  159 10:50:34     -910.897966        0.229678
FIRE:  160 10:50:45     -910.900963        0.224976
FIRE:  161 10:50:56     -910.903857        0.224703
FIRE:  162 10:51:07     -910.909434        0.214125
FIRE:  163 10:51:18     -910.917486        0.211507
FIRE:  164 10:51:29     -910.925531        0.213596
FIRE:  165 10:51:40     -910.933590        0.221400
FIRE:  166 10:51:51     -910.944798        0.233937
FIRE:  167 10:52:02     -910.961068        0.251739
FIRE:  168 10:52:13     -910.980266        0.281510
FIRE:  169 10:52:24     -911.006833        0.333169
FIRE:  170 10:52:35     -911.045506        0.410926
FIRE:  171 10:52:46     -911.099923        0.501175
FIRE:  172 10:52:57     -911.180671        0.549118
FIRE:  173 10:53:08     -911.275076        0.420824
FIRE:  174 10:53:19     -911.329077        0.533074
FIRE:  175 10:53:30     -911.337415        0.455479
FIRE:  176 10:53:41     -911.347536        0.315682
FIRE:  177 10:53:52     -911.355917        0.237978
FIRE:  178 10:54:03     -911.363388        0.181584
FIRE:  179 10:54:14     -911.368928        0.186276
FIRE:  180 10:54:25     -911.372731        0.220364
FIRE:  181 10:54:36     -911.378563        0.209550
FIRE:  182 10:54:47     -911.387488        0.175043
FIRE:  183 10:54:58     -911.396496        0.145364
FIRE:  184 10:55:09     -911.406196        0.107161
FIRE:  185 10:55:20     -911.413558        0.137834
FIRE:  186 10:55:31     -911.422192        0.123381
FIRE:  187 10:55:42     -911.432479        0.184249
FIRE:  188 10:55:53     -911.446095        0.117702
FIRE:  189 10:56:04     -911.462325        0.138043
FIRE:  190 10:56:15     -911.485433        0.145142
FIRE:  191 10:56:26     -911.509541        0.388660
FIRE:  192 10:56:37     -911.497478        1.040472
FIRE:  193 10:56:48     -911.553282        0.101525
FIRE:  194 10:56:59     -911.554162        0.099237
FIRE:  195 10:57:10     -911.555661        0.097962
FIRE:  196 10:57:21     -911.557504        0.096085
FIRE:  197 10:57:32     -911.559626        0.093672
FIRE:  198 10:57:43     -911.562117        0.090833
FIRE:  199 10:57:54     -911.564990        0.087699
FIRE:  200 10:58:05     -911.568098        0.084409
FIRE:  201 10:58:16     -911.571726        0.080765
FIRE:  202 10:58:27     -911.576200        0.076982
FIRE:  203 10:58:38     -911.581872        0.077700
FIRE:  204 10:58:49     -911.588698        0.082086
FIRE:  205 10:59:00     -911.596833        0.085259
FIRE:  206 10:59:11     -911.606583        0.086034
FIRE:  207 10:59:22     -911.617948        0.083604
FIRE:  208 10:59:33     -911.631484        0.078643
FIRE:  209 10:59:44     -911.647197        0.074078
FIRE:  210 10:59:55     -911.665471        0.074014
FIRE:  211 11:00:06     -911.687470        0.091305
FIRE:  212 11:00:17     -911.715225        0.130542
FIRE:  213 11:00:28     -911.750895        0.301680
FIRE:  214 11:00:39     -911.786226        0.809013
FIRE:  215 11:00:50     -911.812484        0.193030
FIRE:  216 11:01:01     -911.801891        0.696619
FIRE:  217 11:01:12     -911.810699        0.533402
FIRE:  218 11:01:23     -911.821106        0.238692
FIRE:  219 11:01:34     -911.825350        0.198590
FIRE:  220 11:01:45     -911.825646        0.198782
FIRE:  221 11:01:56     -911.826221        0.199164
FIRE:  222 11:02:07     -911.827044        0.199735
FIRE:  223 11:02:18     -911.828082        0.200494
FIRE:  224 11:02:29     -911.829309        0.201439
FIRE:  225 11:02:40     -911.830714        0.202564
FIRE:  226 11:02:51     -911.832305        0.203866
FIRE:  227 11:03:02     -911.834316        0.205502
FIRE:  228 11:03:12     -911.836888        0.207541
FIRE:  229 11:03:23     -911.840196        0.210071
FIRE:  230 11:03:34     -911.844431        0.213208
FIRE:  231 11:03:45     -911.849778        0.217109
FIRE:  232 11:03:56     -911.856464        0.221980
FIRE:  233 11:04:07     -911.864855        0.228069
FIRE:  234 11:04:18     -911.875548        0.235645
FIRE:  235 11:04:29     -911.889296        0.244963
FIRE:  236 11:04:40     -911.906899        0.256222
FIRE:  237 11:04:51     -911.929512        0.269441
FIRE:  238 11:05:02     -911.958872        0.284196
FIRE:  239 11:05:13     -911.996671        0.299018
FIRE:  240 11:05:24     -912.044261        0.309809
FIRE:  241 11:05:35     -912.101296        0.310547
FIRE:  242 11:05:46     -912.163425        0.292826
FIRE:  243 11:05:57     -912.226920        0.275641
FIRE:  244 11:06:08     -912.299300        0.319494
FIRE:  245 11:06:19     -912.392529        0.344692
FIRE:  246 11:06:30     -912.496003        0.301186
FIRE:  247 11:06:41     -912.577141        0.206985
FIRE:  248 11:06:52     -912.635186        0.346933
FIRE:  249 11:07:03     -912.667118        0.712461
FIRE:  250 11:07:14     -912.694382        0.213068
FIRE:  251 11:07:25     -912.696584        0.208619
FIRE:  252 11:07:36     -912.700331        0.199816
FIRE:  253 11:07:47     -912.705021        0.186865
FIRE:  254 11:07:58     -912.710657        0.170214
FIRE:  255 11:08:09     -912.717439        0.150538
FIRE:  256 11:08:20     -912.725042        0.128524
FIRE:  257 11:08:31     -912.732767        0.122976
FIRE:  258 11:08:42     -912.741133        0.116962
FIRE:  259 11:08:53     -912.750540        0.110019
FIRE:  260 11:09:04     -912.760753        0.102399
FIRE:  261 11:09:15     -912.771139        0.094623
FIRE:  262 11:09:26     -912.782375        0.087522
FIRE:  263 11:09:37     -912.793918        0.081297
FIRE:  264 11:09:48     -912.806575        0.087746
FIRE:  265 11:09:59     -912.819976        0.094236
FIRE:  266 11:10:10     -912.834950        0.073121
FIRE:  267 11:10:21     -912.851499        0.073083
FIRE:  268 11:10:32     -912.870093        0.058339
FIRE:  269 11:10:43     -912.890380        0.101129
FIRE:  270 11:10:54     -912.906455        0.297024
FIRE:  271 11:11:05     -912.880426        0.865629
FIRE:  272 11:11:16     -912.934754        0.090161
FIRE:  273 11:11:27     -912.935233        0.070251
FIRE:  274 11:11:38     -912.935899        0.038238
FIRE:  275 11:11:49     -912.936480        0.037211
FIRE:  276 11:12:00     -912.937033        0.059754
FIRE:  277 11:12:11     -912.937817        0.069069
FIRE:  278 11:12:22     -912.938910        0.052793
FIRE:  279 11:12:33     -912.940113        0.032741
FIRE:  280 11:12:44     -912.941330        0.036853
FIRE:  281 11:12:55     -912.942675        0.051687
FIRE:  282 11:13:06     -912.944464        0.036557
FIRE:  283 11:13:17     -912.946486        0.027379
FIRE:  284 11:13:28     -912.948619        0.047874
FIRE:  285 11:13:39     -912.951329        0.027214
FIRE:  286 11:13:50     -912.954232        0.044681
FIRE:  287 11:14:01     -912.957815        0.023932
FIRE:  288 11:14:12     -912.961693        0.054929
FIRE:  289 11:14:23     -912.966361        0.034109
FIRE:  290 11:14:34     -912.971515        0.024880
FIRE:  291 11:14:45     -912.977044        0.055095
FIRE:  292 11:14:56     -912.981974        0.138030
FIRE:  293 11:15:07     -912.981948        0.351888
FIRE:  294 11:15:18     -912.989667        0.020259
FIRE:  295 11:15:29     -912.984087        0.301803
FIRE:  296 11:15:40     -912.986681        0.229413
FIRE:  297 11:15:51     -912.989552        0.100594
FIRE:  298 11:16:02     -912.990171        0.055508
FIRE:  299 11:16:13     -912.990201        0.052265
FIRE:  300 11:16:24     -912.990256        0.045996
FIRE:  301 11:16:35     -912.990327        0.037148
FIRE:  302 11:16:46     -912.990404        0.026418
FIRE:  303 11:16:57     -912.990477        0.018668
FIRE:  304 11:17:08     -912.990543        0.018562
FIRE:  305 11:17:19     -912.990602        0.018439
FIRE:  306 11:17:30     -912.990669        0.019987
FIRE:  307 11:17:41     -912.990756        0.024760
FIRE:  308 11:17:52     -912.990879        0.025847
FIRE:  309 11:18:03     -912.991047        0.021875
FIRE:  310 11:18:14     -912.991257        0.017300
FIRE:  311 11:18:25     -912.991492        0.016926
FIRE:  312 11:18:36     -912.991751        0.018848
FIRE:  313 11:18:47     -912.992067        0.024697
FIRE:  314 11:18:58     -912.992477        0.018296
FIRE:  315 11:19:09     -912.992958        0.014656
FIRE:  316 11:19:20     -912.993501        0.017758
FIRE:  317 11:19:31     -912.994164        0.015278
FIRE:  318 11:19:42     -912.994949        0.012779
FIRE:  319 11:19:53     -912.995839        0.020093
FIRE:  320 11:20:04     -912.996911        0.011303
FIRE:  321 11:20:15     -912.998126        0.015342
FIRE:  322 11:20:26     -912.999538        0.016892
FIRE:  323 11:20:37     -913.001129        0.011752
FIRE:  324 11:20:48     -913.002885        0.019364
FIRE:  325 11:20:59     -913.004715        0.043841
FIRE:  326 11:21:10     -913.006197        0.104919
FIRE:  327 11:21:21     -913.005248        0.244912
FIRE:  328 11:21:32     -913.008795        0.017787
FIRE:  329 11:21:43     -913.008806        0.014078
FIRE:  330 11:21:54     -913.008825        0.007858
MACE calculation complete. Energy written to MACE_OUTCAR: -913.008825 eV
Job ended on: Thu  5 Jun 10:21:57 UTC 2025
