Si Bulk DFT energetics calculations using VASP
Running on host: comp145
Working directory: /lustre/home/ah1365/projects/127870/upgrade_report/case_studies/common/structures/interfaces/120_Si36C84_012_012_a0.015152_b0.104938_c1.482413_interface11shift4
Job started on: Thu  5 Jun 04:29:41 UTC 2025
cuequivariance or cuequivariance_torch is not available. Cuequivariance acceleration will be disabled.
Using Materials Project MACE for MACECalculator with /lustre/home/ah1365/.cache/mace/MACE_MPtrj_20229model
Using float64 for MACECalculator, which is slower but more accurate. Recommended for geometry optimization.
Using TorchDFTD3Calculator for D3 dispersion corrections
      Step     Time          Energy          fmax
FIRE:    0 05:30:36     -845.853306        8.408674
FIRE:    1 05:30:47     -851.650297        4.093199
FIRE:    2 05:30:58     -856.476859        3.440753
FIRE:    3 05:31:09     -860.609511        3.077018
FIRE:    4 05:31:19     -864.180005        2.729414
FIRE:    5 05:31:30     -867.271477        2.382756
FIRE:    6 05:31:41     -869.945981        2.033127
FIRE:    7 05:31:51     -872.252917        1.825331
FIRE:    8 05:32:02     -874.239935        1.745279
FIRE:    9 05:32:13     -875.948256        1.611415
FIRE:   10 05:32:24     -877.408303        1.594218
FIRE:   11 05:32:35     -878.632532        1.534561
FIRE:   12 05:32:46     -879.621603        1.519366
FIRE:   13 05:32:56     -880.388902        1.384215
FIRE:   14 05:33:07     -880.980428        1.271678
FIRE:   15 05:33:18     -881.458572        1.269273
FIRE:   16 05:33:29     -881.865340        1.435779
FIRE:   17 05:33:40     -882.231700        1.688152
FIRE:   18 05:33:50     -882.615631        1.163787
FIRE:   19 05:34:01     -883.093441        1.479596
FIRE:   20 05:34:12     -883.720269        1.502344
FIRE:   21 05:34:23     -884.465382        1.493352
FIRE:   22 05:34:34     -885.257328        1.237697
FIRE:   23 05:34:44     -886.063532        1.200863
FIRE:   24 05:34:55     -886.846674        1.145873
FIRE:   25 05:35:06     -887.588194        1.203884
FIRE:   26 05:35:17     -888.284688        1.215045
FIRE:   27 05:35:28     -888.917764        1.109610
FIRE:   28 05:35:38     -889.484932        0.887869
FIRE:   29 05:35:49     -889.988814        0.699362
FIRE:   30 05:36:00     -890.435714        0.628237
FIRE:   31 05:36:11     -890.852449        0.806418
FIRE:   32 05:36:21     -891.272911        0.791541
FIRE:   33 05:36:32     -891.719214        0.727939
FIRE:   34 05:36:43     -892.191167        0.821359
FIRE:   35 05:36:54     -892.679941        0.769578
FIRE:   36 05:37:04     -893.178462        0.716186
FIRE:   37 05:37:15     -893.684193        0.834407
FIRE:   38 05:37:26     -894.198103        0.888539
FIRE:   39 05:37:37     -894.720823        0.828123
FIRE:   40 05:37:48     -895.244125        0.984180
FIRE:   41 05:37:58     -895.761965        1.281931
FIRE:   42 05:38:09     -896.297154        1.638145
FIRE:   43 05:38:20     -896.897848        1.851122
FIRE:   44 05:38:30     -897.599258        1.907749
FIRE:   45 05:38:41     -898.425472        1.965622
FIRE:   46 05:38:52     -899.336220        1.877311
FIRE:   47 05:39:03     -900.218819        1.585603
FIRE:   48 05:39:13     -900.937704        2.252758
FIRE:   49 05:39:24     -901.562156        3.481180
FIRE:   50 05:39:35     -902.345898        3.540375
FIRE:   51 05:39:45     -903.318548        2.098630
FIRE:   52 05:39:56     -904.260639        2.342885
FIRE:   53 05:40:07     -905.102515        2.736774
FIRE:   54 05:40:17     -905.969501        3.019060
FIRE:   55 05:40:28     -906.952251        2.986228
FIRE:   56 05:40:39     -908.006448        2.600266
FIRE:   57 05:40:50     -908.979787        1.847212
FIRE:   58 05:41:00     -909.707038        2.200811
FIRE:   59 05:41:11     -910.215371        3.307482
FIRE:   60 05:41:22     -910.702763        4.033125
FIRE:   61 05:41:32     -911.308460        3.567613
FIRE:   62 05:41:43     -911.945583        2.364242
FIRE:   63 05:41:54     -912.468180        2.479560
FIRE:   64 05:42:04     -912.847476        3.288724
FIRE:   65 05:42:15     -913.156717        3.477687
FIRE:   66 05:42:26     -913.479690        3.121424
FIRE:   67 05:42:37     -913.850292        2.433526
FIRE:   68 05:42:47     -914.249769        2.159962
FIRE:   69 05:42:58     -914.629656        2.020109
FIRE:   70 05:43:09     -914.953904        1.647915
FIRE:   71 05:43:19     -915.232757        1.941892
FIRE:   72 05:43:30     -915.516142        2.057798
FIRE:   73 05:43:41     -915.838474        1.992178
FIRE:   74 05:43:51     -916.184654        1.753129
FIRE:   75 05:44:02     -916.519802        1.767867
FIRE:   76 05:44:13     -916.822740        1.457497
FIRE:   77 05:44:23     -917.084167        1.433150
FIRE:   78 05:44:34     -917.290502        1.412552
FIRE:   79 05:44:45     -917.426778        1.371001
FIRE:   80 05:44:55     -918.264924        0.890142
FIRE:   81 05:45:06     -918.876799        0.985349
FIRE:   82 05:45:17     -919.404909        0.783061
FIRE:   83 05:45:28     -919.773927        0.928599
FIRE:   84 05:45:38     -920.116318        0.861123
FIRE:   85 05:45:49     -920.391189        0.627748
FIRE:   86 05:46:00     -920.585338        0.771388
FIRE:   87 05:46:10     -920.722107        0.468277
FIRE:   88 05:46:21     -920.802248        0.879017
FIRE:   89 05:46:32     -920.600265        2.753117
FIRE:   90 05:46:42     -920.893251        1.424551
FIRE:   91 05:46:53     -920.993230        0.858788
FIRE:   92 05:47:04     -921.055163        0.343456
FIRE:   93 05:47:14     -921.027091        0.913249
FIRE:   94 05:47:25     -921.039919        0.811181
FIRE:   95 05:47:36     -921.060551        0.620655
FIRE:   96 05:47:46     -921.081308        0.377500
FIRE:   97 05:47:57     -921.095574        0.340780
FIRE:   98 05:48:08     -921.101624        0.339920
FIRE:   99 05:48:18     -921.103891        0.384694
FIRE:  100 05:48:29     -921.104852        0.373472
FIRE:  101 05:48:40     -921.106703        0.351373
FIRE:  102 05:48:50     -921.109315        0.338764
FIRE:  103 05:49:01     -921.112508        0.338668
FIRE:  104 05:49:12     -921.116083        0.338542
FIRE:  105 05:49:22     -921.119845        0.338378
FIRE:  106 05:49:33     -921.123633        0.338172
FIRE:  107 05:49:44     -921.127733        0.337883
FIRE:  108 05:49:54     -921.132118        0.337483
FIRE:  109 05:50:05     -921.136919        0.336929
FIRE:  110 05:50:16     -921.142506        0.336174
FIRE:  111 05:50:26     -921.149489        0.335158
FIRE:  112 05:50:37     -921.158582        0.333803
FIRE:  113 05:50:48     -921.170319        0.331998
FIRE:  114 05:50:58     -921.184733        0.329588
FIRE:  115 05:51:09     -921.201386        0.326345
FIRE:  116 05:51:20     -921.220036        0.321948
FIRE:  117 05:51:30     -921.241621        0.315990
FIRE:  118 05:51:41     -921.267655        0.307941
FIRE:  119 05:51:52     -921.298230        0.297074
FIRE:  120 05:52:02     -921.332220        0.282532
FIRE:  121 05:52:13     -921.370453        0.263875
FIRE:  122 05:52:24     -921.413753        0.241726
FIRE:  123 05:52:34     -921.460873        0.218174
FIRE:  124 05:52:45     -921.512965        0.196764
FIRE:  125 05:52:56     -921.569620        0.181369
FIRE:  126 05:53:06     -921.632465        0.175606
FIRE:  127 05:53:17     -921.701802        0.173555
FIRE:  128 05:53:28     -921.774588        0.137472
FIRE:  129 05:53:39     -921.838990        0.234925
FIRE:  130 05:53:49     -921.875760        0.424216
FIRE:  131 05:54:00     -921.889300        0.189503
FIRE:  132 05:54:11     -921.891057        0.268911
FIRE:  133 05:54:21     -921.893216        0.218736
FIRE:  134 05:54:32     -921.896387        0.159832
FIRE:  135 05:54:43     -921.899125        0.153072
FIRE:  136 05:54:53     -921.900900        0.144022
FIRE:  137 05:55:04     -921.902508        0.166730
FIRE:  138 05:55:15     -921.905051        0.186339
FIRE:  139 05:55:25     -921.908817        0.159143
FIRE:  140 05:55:36     -921.913587        0.095071
FIRE:  141 05:55:47     -921.918072        0.079693
FIRE:  142 05:55:57     -921.922033        0.125776
FIRE:  143 05:56:08     -921.927253        0.133777
FIRE:  144 05:56:19     -921.934062        0.076119
FIRE:  145 05:56:30     -921.940072        0.104024
FIRE:  146 05:56:40     -921.946781        0.128049
FIRE:  147 05:56:51     -921.955406        0.071573
FIRE:  148 05:57:02     -921.963573        0.118283
FIRE:  149 05:57:12     -921.974892        0.080372
FIRE:  150 05:57:23     -921.986721        0.125604
FIRE:  151 05:57:34     -922.002267        0.074159
FIRE:  152 05:57:44     -922.020045        0.065606
FIRE:  153 05:57:55     -922.039040        0.107480
FIRE:  154 05:58:06     -922.055491        0.265513
FIRE:  155 05:58:16     -922.054515        0.577822
FIRE:  156 05:58:27     -922.082219        0.068251
FIRE:  157 05:58:38     -922.062047        0.545844
FIRE:  158 05:58:48     -922.071810        0.409056
FIRE:  159 05:58:59     -922.082347        0.174181
FIRE:  160 05:59:10     -922.084306        0.101393
FIRE:  161 05:59:21     -922.084437        0.095271
FIRE:  162 05:59:31     -922.084677        0.083483
FIRE:  163 05:59:42     -922.084984        0.067430
FIRE:  164 05:59:53     -922.085317        0.067415
FIRE:  165 06:00:03     -922.085633        0.067394
FIRE:  166 06:00:14     -922.085911        0.067368
FIRE:  167 06:00:25     -922.086160        0.067335
FIRE:  168 06:00:36     -922.086437        0.067293
FIRE:  169 06:00:46     -922.086799        0.067239
FIRE:  170 06:00:57     -922.087313        0.067174
FIRE:  171 06:01:08     -922.088021        0.067096
FIRE:  172 06:01:19     -922.088903        0.067006
FIRE:  173 06:01:29     -922.089893        0.066905
FIRE:  174 06:01:40     -922.090974        0.066795
FIRE:  175 06:01:51     -922.092284        0.066677
FIRE:  176 06:02:01     -922.093984        0.066545
FIRE:  177 06:02:12     -922.096006        0.066381
FIRE:  178 06:02:23     -922.098270        0.066148
FIRE:  179 06:02:34     -922.101072        0.065801
FIRE:  180 06:02:44     -922.104445        0.065292
FIRE:  181 06:02:55     -922.108345        0.064569
FIRE:  182 06:03:06     -922.113144        0.063566
FIRE:  183 06:03:16     -922.118695        0.062156
FIRE:  184 06:03:27     -922.125335        0.060191
FIRE:  185 06:03:38     -922.133056        0.057478
FIRE:  186 06:03:49     -922.141871        0.053621
FIRE:  187 06:04:00     -922.151519        0.069547
FIRE:  188 06:04:10     -922.160287        0.166676
FIRE:  189 06:04:21     -922.159268        0.407355
FIRE:  190 06:04:32     -922.174724        0.044021
FIRE:  191 06:04:42     -922.163175        0.373550
FIRE:  192 06:04:53     -922.168794        0.276380
FIRE:  193 06:05:04     -922.174703        0.109072
FIRE:  194 06:05:15     -922.175460        0.085116
FIRE:  195 06:05:25     -922.175551        0.079851
FIRE:  196 06:05:36     -922.175714        0.069682
FIRE:  197 06:05:47     -922.175918        0.055360
FIRE:  198 06:05:57     -922.176126        0.042452
FIRE:  199 06:06:08     -922.176307        0.042544
FIRE:  200 06:06:19     -922.176445        0.042624
FIRE:  201 06:06:30     -922.176550        0.042671
FIRE:  202 06:06:40     -922.176661        0.042669
FIRE:  203 06:06:51     -922.176821        0.045051
FIRE:  204 06:07:02     -922.177075        0.045843
FIRE:  205 06:07:13     -922.177445        0.042153
FIRE:  206 06:07:24     -922.177905        0.041760
FIRE:  207 06:07:34     -922.178399        0.041273
FIRE:  208 06:07:45     -922.178915        0.040753
FIRE:  209 06:07:56     -922.179560        0.040282
FIRE:  210 06:08:07     -922.180440        0.039898
FIRE:  211 06:08:17     -922.181478        0.039566
FIRE:  212 06:08:28     -922.182621        0.039092
FIRE:  213 06:08:39     -922.184076        0.038222
FIRE:  214 06:08:50     -922.185829        0.036883
FIRE:  215 06:09:00     -922.187825        0.035664
FIRE:  216 06:09:11     -922.190293        0.033782
FIRE:  217 06:09:22     -922.193054        0.036415
FIRE:  218 06:09:33     -922.196285        0.032189
FIRE:  219 06:09:43     -922.199907        0.031408
FIRE:  220 06:09:54     -922.203818        0.038424
FIRE:  221 06:10:05     -922.207691        0.069828
FIRE:  222 06:10:16     -922.210310        0.173159
FIRE:  223 06:10:26     -922.211987        0.031165
FIRE:  224 06:10:37     -922.211140        0.126181
FIRE:  225 06:10:48     -922.211565        0.098912
FIRE:  226 06:10:59     -922.212087        0.055781
FIRE:  227 06:11:09     -922.212319        0.023150
FIRE:  228 06:11:20     -922.212199        0.065766
FIRE:  229 06:11:31     -922.212226        0.062643
FIRE:  230 06:11:42     -922.212276        0.056587
FIRE:  231 06:11:52     -922.212340        0.047980
FIRE:  232 06:12:03     -922.212407        0.037423
FIRE:  233 06:12:14     -922.212468        0.025848
FIRE:  234 06:12:25     -922.212516        0.022770
FIRE:  235 06:12:35     -922.212550        0.022702
FIRE:  236 06:12:46     -922.212579        0.024436
FIRE:  237 06:12:57     -922.212614        0.031156
FIRE:  238 06:13:08     -922.212670        0.034658
FIRE:  239 06:13:18     -922.212759        0.033710
FIRE:  240 06:13:29     -922.212884        0.027652
FIRE:  241 06:13:40     -922.213030        0.021792
FIRE:  242 06:13:51     -922.213179        0.021517
FIRE:  243 06:14:01     -922.213336        0.027618
FIRE:  244 06:14:12     -922.213543        0.030766
FIRE:  245 06:14:23     -922.213825        0.021316
FIRE:  246 06:14:34     -922.214137        0.019857
FIRE:  247 06:14:44     -922.214477        0.025034
FIRE:  248 06:14:55     -922.214920        0.019552
FIRE:  249 06:15:06     -922.215424        0.017799
FIRE:  250 06:15:17     -922.216003        0.024310
FIRE:  251 06:15:27     -922.216699        0.016212
FIRE:  252 06:15:38     -922.217479        0.019716
FIRE:  253 06:15:49     -922.218359        0.024658
FIRE:  254 06:16:00     -922.219371        0.014768
FIRE:  255 06:16:10     -922.220457        0.013372
FIRE:  256 06:16:21     -922.221571        0.024174
FIRE:  257 06:16:32     -922.222352        0.067773
FIRE:  258 06:16:43     -922.222818        0.010463
FIRE:  259 06:16:53     -922.222553        0.056350
FIRE:  260 06:17:04     -922.222683        0.043588
FIRE:  261 06:17:15     -922.222839        0.021221
FIRE:  262 06:17:26     -922.222898        0.008781
MACE calculation complete. Energy written to MACE_OUTCAR: -922.222898 eV
Job ended on: Thu  5 Jun 05:17:29 UTC 2025
