The following modules were not unloaded:
  (Use "module --force purge" to unload all):

  1) slurm/23.02.6
[comp182:239728:0:239728] Caught signal 11 (Segmentation fault: address not mapped to object at address 0x7ffe3bb8ba00)
[comp182:239732:0:239732] Caught signal 11 (Segmentation fault: address not mapped to object at address 0x7ffcad8aefc0)
[comp182:239721:0:239721] Caught signal 11 (Segmentation fault: address not mapped to object at address 0x7fffd996d2c0)
[comp182:239722:0:239722] Caught signal 11 (Segmentation fault: address not mapped to object at address 0x7ffd2b2da920)
[comp182:239723:0:239723] Caught signal 11 (Segmentation fault: address not mapped to object at address 0x7ffec6d8ae20)
[comp182:239724:0:239724] Caught signal 11 (Segmentation fault: address not mapped to object at address 0x7ffec1f55b00)
[comp182:239725:0:239725] Caught signal 11 (Segmentation fault: address not mapped to object at address 0x7ffd0b62ada0)
[comp182:239726:0:239726] Caught signal 11 (Segmentation fault: address not mapped to object at address 0x7ffde933dea0)
[comp182:239727:0:239727] Caught signal 11 (Segmentation fault: address not mapped to object at address 0x7fff2cb3d6c0)
[comp182:239729:0:239729] Caught signal 11 (Segmentation fault: address not mapped to object at address 0x7ffd0038b600)
[comp182:239730:0:239730] Caught signal 11 (Segmentation fault: address not mapped to object at address 0x7ffbff22f5a0)
[comp182:239731:0:239731] Caught signal 11 (Segmentation fault: address not mapped to object at address 0x7fffbb16e880)
[comp182:239733:0:239733] Caught signal 11 (Segmentation fault: address not mapped to object at address 0x7ffd192627c0)
[comp182:239734:0:239734] Caught signal 11 (Segmentation fault: address not mapped to object at address 0x7fff2e3f41a0)
[comp182:239735:0:239735] Caught signal 11 (Segmentation fault: address not mapped to object at address 0x7fff50e3f4e0)
[comp182:239720:0:239720] Caught signal 11 (Segmentation fault: address not mapped to object at address 0x7ffed6a49240)
==== backtrace (tid: 239734) ====
==== backtrace (tid: 239735) ====
 0 0x000000000003e6f0 __GI___sigaction()  :0
 1 0x00000000009e0300 hamil_mp_hamiltmu_()  ???:0
 2 0x000000000119090e david_mp_eddav_()  ???:0
 3 0x00000000012534d5 elmin_()  ???:0
 4 0x0000000001e67467 vamp_IP_electronic_optimization_()  main.f90:0
 5 0x0000000001e40413 MAIN__()  ???:0
 6 0x000000000040963d main()  ???:0
 7 0x0000000000029590 __libc_start_call_main()  ???:0
 8 0x0000000000029640 __libc_start_main_alias_2()  :0
 9 0x0000000000409555 _start()  ???:0
=================================
 0 0x000000000003e6f0 __GI___sigaction()  :0
 1 0x00000000009e0300 hamil_mp_hamiltmu_()  ???:0
==== backtrace (tid: 239732) ====
 0 0x000000000003e6f0 __GI___sigaction()  :0
 1 0x00000000009e0300 hamil_mp_hamiltmu_()  ???:0
 2 0x000000000119090e david_mp_eddav_()  ???:0
 3 0x00000000012534d5 elmin_()  ???:0
 4 0x0000000001e67467 vamp_IP_electronic_optimization_()  main.f90:0
 5 0x0000000001e40413 MAIN__()  ???:0
 6 0x000000000040963d main()  ???:0
 7 0x0000000000029590 __libc_start_call_main()  ???:0
 8 0x0000000000029640 __libc_start_main_alias_2()  :0
 9 0x0000000000409555 _start()  ???:0
=================================
 2 0x000000000119090e david_mp_eddav_()  ???:0
 3 0x00000000012534d5 elmin_()  ???:0
==== backtrace (tid: 239733) ====
 0 0x000000000003e6f0 __GI___sigaction()  :0
 1 0x00000000009e0300 hamil_mp_hamiltmu_()  ???:0
 2 0x000000000119090e david_mp_eddav_()  ???:0
 3 0x00000000012534d5 elmin_()  ???:0
 4 0x0000000001e67467 vamp_IP_electronic_optimization_()  main.f90:0
 5 0x0000000001e40413 MAIN__()  ???:0
 6 0x000000000040963d main()  ???:0
 7 0x0000000000029590 __libc_start_call_main()  ???:0
 8 0x0000000000029640 __libc_start_main_alias_2()  :0
 9 0x0000000000409555 _start()  ???:0
=================================
==== backtrace (tid: 239731) ====
 4 0x0000000001e67467 vamp_IP_electronic_optimization_()  main.f90:0
 0 0x000000000003e6f0 __GI___sigaction()  :0
 1 0x00000000009e0300 hamil_mp_hamiltmu_()  ???:0
 2 0x000000000119090e david_mp_eddav_()  ???:0
 3 0x00000000012534d5 elmin_()  ???:0
 4 0x0000000001e67467 vamp_IP_electronic_optimization_()  main.f90:0
 5 0x0000000001e40413 MAIN__()  ???:0
 6 0x000000000040963d main()  ???:0
 7 0x0000000000029590 __libc_start_call_main()  ???:0
 8 0x0000000000029640 __libc_start_main_alias_2()  :0
 9 0x0000000000409555 _start()  ???:0
=================================
 5 0x0000000001e40413 MAIN__()  ???:0
 6 0x000000000040963d main()  ???:0
==== backtrace (tid: 239730) ====
 0 0x000000000003e6f0 __GI___sigaction()  :0
 7 0x0000000000029590 __libc_start_call_main()  ???:0
 1 0x00000000009e0300 hamil_mp_hamiltmu_()  ???:0
 2 0x000000000119090e david_mp_eddav_()  ???:0
 3 0x00000000012534d5 elmin_()  ???:0
 4 0x0000000001e67467 vamp_IP_electronic_optimization_()  main.f90:0
 5 0x0000000001e40413 MAIN__()  ???:0
 6 0x000000000040963d main()  ???:0
 7 0x0000000000029590 __libc_start_call_main()  ???:0
 8 0x0000000000029640 __libc_start_main_alias_2()  :0
 9 0x0000000000409555 _start()  ???:0
=================================
 8 0x0000000000029640 __libc_start_main_alias_2()  :0
 9 0x0000000000409555 _start()  ???:0
=================================
forrtl: severe (174): SIGSEGV, segmentation fault occurred
Image              PC                Routine            Line        Source             
libc.so.6          00007FA658A3E6F0  Unknown               Unknown  Unknown
vasp_std           00000000009E0300  Unknown               Unknown  Unknown
vasp_std           000000000119090E  Unknown               Unknown  Unknown
vasp_std           00000000012534D5  Unknown               Unknown  Unknown
vasp_std           0000000001E67467  Unknown               Unknown  Unknown
vasp_std           0000000001E40413  Unknown               Unknown  Unknown
vasp_std           000000000040963D  Unknown               Unknown  Unknown
libc.so.6          00007FA658A29590  Unknown               Unknown  Unknown
libc.so.6          00007FA658A29640  __libc_start_main     Unknown  Unknown
vasp_std           0000000000409555  Unknown               Unknown  Unknown
forrtl: severe (174): SIGSEGV, segmentation fault occurred
Image              PC                Routine            Line        Source             
libc.so.6          00007FCAED03E6F0  Unknown               Unknown  Unknown
vasp_std           00000000009E0300  Unknown               Unknown  Unknown
vasp_std           000000000119090E  Unknown               Unknown  Unknown
vasp_std           00000000012534D5  Unknown               Unknown  Unknown
vasp_std           0000000001E67467  Unknown               Unknown  Unknown
vasp_std           0000000001E40413  Unknown               Unknown  Unknown
vasp_std           000000000040963D  Unknown               Unknown  Unknown
libc.so.6          00007FCAED029590  Unknown               Unknown  Unknown
libc.so.6          00007FCAED029640  __libc_start_main     Unknown  Unknown
vasp_std           0000000000409555  Unknown               Unknown  Unknown
forrtl: severe (174): SIGSEGV, segmentation fault occurred
Image              PC                Routine            Line        Source             
libc.so.6          00007F087643E6F0  Unknown               Unknown  Unknown
vasp_std           00000000009E0300  Unknown               Unknown  Unknown
vasp_std           000000000119090E  Unknown               Unknown  Unknown
vasp_std           00000000012534D5  Unknown               Unknown  Unknown
vasp_std           0000000001E67467  Unknown               Unknown  Unknown
vasp_std           0000000001E40413  Unknown               Unknown  Unknown
vasp_std           000000000040963D  Unknown               Unknown  Unknown
libc.so.6          00007F0876429590  Unknown               Unknown  Unknown
libc.so.6          00007F0876429640  __libc_start_main     Unknown  Unknown
vasp_std           0000000000409555  Unknown               Unknown  Unknown
forrtl: severe (174): SIGSEGV, segmentation fault occurred
Image              PC                Routine            Line        Source             
libc.so.6          00007FBF22E3E6F0  Unknown               Unknown  Unknown
vasp_std           00000000009E0300  Unknown               Unknown  Unknown
vasp_std           000000000119090E  Unknown               Unknown  Unknown
vasp_std           00000000012534D5  Unknown               Unknown  Unknown
vasp_std           0000000001E67467  Unknown               Unknown  Unknown
vasp_std           0000000001E40413  Unknown               Unknown  Unknown
vasp_std           000000000040963D  Unknown               Unknown  Unknown
libc.so.6          00007FBF22E29590  Unknown               Unknown  Unknown
libc.so.6          00007FBF22E29640  __libc_start_main     Unknown  Unknown
vasp_std           0000000000409555  Unknown               Unknown  Unknown
forrtl: severe (174): SIGSEGV, segmentation fault occurred
Image              PC                Routine            Line        Source             
libc.so.6          00007FA07D23E6F0  Unknown               Unknown  Unknown
vasp_std           00000000009E0300  Unknown               Unknown  Unknown
vasp_std           000000000119090E  Unknown               Unknown  Unknown
vasp_std           00000000012534D5  Unknown               Unknown  Unknown
vasp_std           0000000001E67467  Unknown               Unknown  Unknown
vasp_std           0000000001E40413  Unknown               Unknown  Unknown
vasp_std           000000000040963D  Unknown               Unknown  Unknown
libc.so.6          00007FA07D229590  Unknown               Unknown  Unknown
libc.so.6          00007FA07D229640  __libc_start_main     Unknown  Unknown
vasp_std           0000000000409555  Unknown               Unknown  Unknown
forrtl: severe (174): SIGSEGV, segmentation fault occurred
Image              PC                Routine            Line        Source             
libc.so.6          00007F5A71A3E6F0  Unknown               Unknown  Unknown
vasp_std           00000000009E0300  Unknown               Unknown  Unknown
vasp_std           000000000119090E  Unknown               Unknown  Unknown
vasp_std           00000000012534D5  Unknown               Unknown  Unknown
vasp_std           0000000001E67467  Unknown               Unknown  Unknown
vasp_std           0000000001E40413  Unknown               Unknown  Unknown
vasp_std           000000000040963D  Unknown               Unknown  Unknown
libc.so.6          00007F5A71A29590  Unknown               Unknown  Unknown
libc.so.6          00007F5A71A29640  __libc_start_main     Unknown  Unknown
vasp_std           0000000000409555  Unknown               Unknown  Unknown
