Si Bulk DFT energetics calculations using VASP
Running on host: comp097
Working directory: /lustre/home/ah1365/projects/127870/upgrade_report/case_studies/common/structures/interfaces/264_Si156Sn108_001_001_a0.276923_b0.041026_c2.1_interface1shift7swap7
Job started on: Thu 12 Jun 02:38:50 UTC 2025
cuequivariance or cuequivariance_torch is not available. Cuequivariance acceleration will be disabled.
Using Materials Project MACE for MACECalculator with /lustre/home/ah1365/.cache/mace/MACE_MPtrj_20229model
Using float64 for MACECalculator, which is slower but more accurate. Recommended for geometry optimization.
Using TorchDFTD3Calculator for D3 dispersion corrections
      Step     Time          Energy          fmax
FIRE:    0 03:39:23    -1213.708943        6.834694
FIRE:    1 03:39:43    -1220.643196        5.350265
FIRE:    2 03:40:02    -1226.718439        4.207982
FIRE:    3 03:40:22    -1232.062971        3.314192
FIRE:    4 03:40:41    -1236.781994        3.001531
FIRE:    5 03:41:01    -1240.964418        2.855334
FIRE:    6 03:41:21    -1244.683984        2.677394
FIRE:    7 03:41:40    -1248.001959        2.434124
FIRE:    8 03:42:00    -1250.973771        2.200384
FIRE:    9 03:42:19    -1253.648786        2.015616
FIRE:   10 03:42:39    -1256.072689        1.838763
FIRE:   11 03:42:59    -1258.287894        1.932552
FIRE:   12 03:43:18    -1260.332121        1.998888
FIRE:   13 03:43:38    -1262.236259        2.013937
FIRE:   14 03:43:58    -1264.022152        1.973893
FIRE:   15 03:44:17    -1265.703233        1.880942
FIRE:   16 03:44:37    -1267.285753        1.742967
FIRE:   17 03:44:57    -1268.772283        1.572998
FIRE:   18 03:45:16    -1270.165389        1.388491
FIRE:   19 03:45:36    -1271.470200        1.206798
FIRE:   20 03:45:56    -1272.694763        1.153894
FIRE:   21 03:46:15    -1273.848281        1.131235
FIRE:   22 03:46:35    -1274.939127        1.116700
FIRE:   23 03:46:55    -1275.973892        1.102531
FIRE:   24 03:47:15    -1276.957948        1.079100
FIRE:   25 03:47:34    -1277.895895        1.037358
FIRE:   26 03:47:54    -1278.790904        0.970786
FIRE:   27 03:48:14    -1279.643186        0.964835
FIRE:   28 03:48:33    -1280.450922        0.982045
FIRE:   29 03:48:53    -1281.214099        1.017703
FIRE:   30 03:49:13    -1281.935724        1.061352
FIRE:   31 03:49:32    -1282.614981        1.068129
FIRE:   32 03:49:52    -1283.244884        1.007378
FIRE:   33 03:50:12    -1283.818646        0.894338
FIRE:   34 03:50:31    -1284.336833        0.792312
FIRE:   35 03:50:51    -1284.807083        0.710615
FIRE:   36 03:51:11    -1285.236042        0.632159
FIRE:   37 03:51:31    -1285.626813        0.751896
FIRE:   38 03:51:50    -1285.984569        0.958808
FIRE:   39 03:52:10    -1286.321409        1.077258
FIRE:   40 03:52:30    -1286.652455        1.060358
FIRE:   41 03:52:49    -1286.986869        0.918826
FIRE:   42 03:53:09    -1287.323302        0.814198
FIRE:   43 03:53:29    -1287.653809        0.825881
FIRE:   44 03:53:48    -1287.970834        0.798483
FIRE:   45 03:54:08    -1288.269080        0.801146
FIRE:   46 03:54:28    -1288.544236        0.744692
FIRE:   47 03:54:48    -1288.798508        0.622979
FIRE:   48 03:55:07    -1289.043691        0.551475
FIRE:   49 03:55:27    -1289.288162        0.580631
FIRE:   50 03:55:47    -1289.529906        0.585593
FIRE:   51 03:56:07    -1289.763707        0.611587
FIRE:   52 03:56:26    -1289.986914        0.772309
FIRE:   53 03:56:46    -1290.201415        1.014034
FIRE:   54 03:57:06    -1290.417283        1.254731
FIRE:   55 03:57:25    -1290.651667        1.370603
FIRE:   56 03:57:45    -1290.918725        1.290980
FIRE:   57 03:58:05    -1291.218757        1.045903
FIRE:   58 03:58:25    -1291.537065        0.898958
FIRE:   59 03:58:44    -1291.853670        0.835483
FIRE:   60 03:59:04    -1292.154603        0.819311
FIRE:   61 03:59:24    -1292.433828        0.775275
FIRE:   62 03:59:44    -1292.687630        0.700893
FIRE:   63 04:00:04    -1292.909911        0.728554
FIRE:   64 04:00:23    -1293.092901        1.097119
FIRE:   65 04:00:43    -1293.241778        1.487868
FIRE:   66 04:01:03    -1293.388819        1.717241
FIRE:   67 04:01:23    -1293.577442        1.652999
FIRE:   68 04:01:43    -1293.821184        1.553343
FIRE:   69 04:02:03    -1294.088381        1.191938
FIRE:   70 04:02:22    -1294.336030        0.723973
FIRE:   71 04:02:42    -1294.541832        0.699124
FIRE:   72 04:03:02    -1294.711426        0.678768
FIRE:   73 04:03:22    -1294.860707        0.742569
FIRE:   74 04:03:42    -1294.993026        0.795060
FIRE:   75 04:04:01    -1295.104571        0.806234
FIRE:   76 04:04:21    -1295.193804        0.976462
FIRE:   77 04:04:41    -1295.268341        1.163872
FIRE:   78 04:05:01    -1295.351240        1.485537
FIRE:   79 04:05:20    -1295.474661        1.625022
FIRE:   80 04:05:40    -1295.656295        1.479247
FIRE:   81 04:06:00    -1295.880938        1.103655
FIRE:   82 04:06:20    -1296.112299        0.658231
FIRE:   83 04:06:40    -1296.319443        0.601002
FIRE:   84 04:06:59    -1296.488571        0.545276
FIRE:   85 04:07:19    -1296.619423        0.494483
FIRE:   86 04:07:39    -1296.717972        0.505215
FIRE:   87 04:07:59    -1296.793009        0.579744
FIRE:   88 04:08:18    -1296.854856        0.657408
FIRE:   89 04:08:38    -1296.913972        0.702863
FIRE:   90 04:08:58    -1296.979423        0.709291
FIRE:   91 04:09:18    -1297.056922        0.669716
FIRE:   92 04:09:38    -1297.148289        0.618669
FIRE:   93 04:09:57    -1297.252464        0.617257
FIRE:   94 04:10:17    -1297.364810        0.524137
FIRE:   95 04:10:37    -1297.477142        0.528062
FIRE:   96 04:10:57    -1297.583215        0.668013
FIRE:   97 04:11:17    -1297.682073        0.704320
FIRE:   98 04:11:37    -1297.774152        0.624237
FIRE:   99 04:11:56    -1297.857739        0.466192
FIRE:  100 04:12:16    -1297.931766        0.451236
FIRE:  101 04:12:36    -1298.001733        0.550786
FIRE:  102 04:12:56    -1298.077370        0.601531
FIRE:  103 04:13:15    -1298.163232        0.588579
FIRE:  104 04:13:35    -1298.253269        0.514230
FIRE:  105 04:13:55    -1298.333879        0.466451
FIRE:  106 04:14:15    -1298.393646        0.419255
FIRE:  107 04:14:35    -1298.435718        0.408491
FIRE:  108 04:14:54    -1298.471820        0.510704
FIRE:  109 04:15:14    -1298.830831        0.272860
FIRE:  110 04:15:34    -1299.016966        0.293343
FIRE:  111 04:15:54    -1299.158167        0.243518
FIRE:  112 04:16:14    -1299.284831        0.201149
FIRE:  113 04:16:34    -1299.385995        0.252172
FIRE:  114 04:16:53    -1299.462892        0.211934
FIRE:  115 04:17:13    -1299.524012        0.153487
FIRE:  116 04:17:33    -1299.584862        0.167903
FIRE:  117 04:17:53    -1299.645371        0.142463
FIRE:  118 04:18:12    -1299.692112        0.141362
FIRE:  119 04:18:32    -1299.730180        0.168599
FIRE:  120 04:18:52    -1299.772069        0.162007
FIRE:  121 04:19:12    -1299.820184        0.165684
FIRE:  122 04:19:32    -1299.879082        0.202706
FIRE:  123 04:19:51    -1299.946046        0.236045
FIRE:  124 04:20:11    -1300.020035        0.255760
FIRE:  125 04:20:31    -1300.105079        0.257136
FIRE:  126 04:20:51    -1300.201320        0.228128
FIRE:  127 04:21:11    -1300.302838        0.198594
FIRE:  128 04:21:31    -1300.402544        0.206423
FIRE:  129 04:21:50    -1300.505091        0.235512
FIRE:  130 04:22:10    -1300.617741        0.249709
FIRE:  131 04:22:30    -1300.739158        0.279592
FIRE:  132 04:22:50    -1300.863185        0.254864
FIRE:  133 04:23:10    -1300.980477        0.211908
FIRE:  134 04:23:30    -1301.086026        0.233814
FIRE:  135 04:23:49    -1301.184271        0.252140
FIRE:  136 04:24:09    -1301.272168        0.248969
FIRE:  137 04:24:29    -1301.342080        0.277170
FIRE:  138 04:24:49    -1301.402465        0.406214
FIRE:  139 04:25:09    -1301.470094        0.378822
FIRE:  140 04:25:28    -1301.544060        0.224692
FIRE:  141 04:25:48    -1301.610166        0.220300
FIRE:  142 04:26:08    -1301.663392        0.331910
FIRE:  143 04:26:28    -1301.706690        0.377855
FIRE:  144 04:26:48    -1301.740598        0.361636
FIRE:  145 04:27:08    -1301.770928        0.266779
FIRE:  146 04:27:27    -1301.801876        0.255144
FIRE:  147 04:27:47    -1301.834930        0.305758
FIRE:  148 04:28:07    -1301.866218        0.271792
FIRE:  149 04:28:27    -1301.892145        0.278552
FIRE:  150 04:28:47    -1301.917020        0.250525
FIRE:  151 04:29:07    -1301.946199        0.177365
FIRE:  152 04:29:27    -1301.978122        0.185399
FIRE:  153 04:29:46    -1302.009097        0.189074
FIRE:  154 04:30:06    -1302.040107        0.214061
FIRE:  155 04:30:26    -1302.073853        0.219277
FIRE:  156 04:30:46    -1302.108218        0.213442
FIRE:  157 04:31:06    -1302.142064        0.259326
FIRE:  158 04:31:26    -1302.183902        0.310905
FIRE:  159 04:31:45    -1302.239102        0.293005
FIRE:  160 04:32:05    -1302.294642        0.176904
FIRE:  161 04:32:25    -1302.331456        0.226700
FIRE:  162 04:32:45    -1302.350485        0.364502
FIRE:  163 04:33:05    -1302.401613        0.412130
FIRE:  164 04:33:25    -1302.434136        0.225974
FIRE:  165 04:33:45    -1302.451065        0.183092
FIRE:  166 04:34:04    -1302.454553        0.156788
FIRE:  167 04:34:24    -1302.460232        0.109933
FIRE:  168 04:34:44    -1302.466489        0.080928
FIRE:  169 04:35:04    -1302.472642        0.081581
FIRE:  170 04:35:24    -1302.479295        0.114598
FIRE:  171 04:35:44    -1302.487422        0.131418
FIRE:  172 04:36:04    -1302.497199        0.124758
FIRE:  173 04:36:24    -1302.508983        0.091326
FIRE:  174 04:36:43    -1302.521679        0.077517
FIRE:  175 04:37:03    -1302.535059        0.099655
FIRE:  176 04:37:23    -1302.549967        0.103107
FIRE:  177 04:37:43    -1302.565985        0.050103
FIRE:  178 04:38:03    -1302.580658        0.061948
FIRE:  179 04:38:23    -1302.593460        0.074421
FIRE:  180 04:38:43    -1302.605303        0.085508
FIRE:  181 04:39:02    -1302.616548        0.072228
FIRE:  182 04:39:22    -1302.628339        0.052254
FIRE:  183 04:39:42    -1302.637563        0.076885
FIRE:  184 04:40:02    -1302.643172        0.061144
FIRE:  185 04:40:22    -1302.645222        0.056155
FIRE:  186 04:40:42    -1302.647969        0.046739
FIRE:  187 04:41:02    -1302.650862        0.038677
FIRE:  188 04:41:21    -1302.654101        0.039588
FIRE:  189 04:41:41    -1302.657232        0.028427
FIRE:  190 04:42:01    -1302.659793        0.026843
FIRE:  191 04:42:21    -1302.662107        0.028789
FIRE:  192 04:42:41    -1302.664632        0.031786
FIRE:  193 04:43:01    -1302.667117        0.027883
FIRE:  194 04:43:21    -1302.669252        0.021947
FIRE:  195 04:43:40    -1302.670925        0.022028
FIRE:  196 04:44:01    -1302.671983        0.025834
FIRE:  197 04:44:21    -1302.672965        0.025450
FIRE:  198 04:44:41    -1302.673757        0.037448
FIRE:  199 04:45:01    -1302.674160        0.018006
FIRE:  200 04:45:21    -1302.674522        0.018797
FIRE:  201 04:45:40    -1302.674852        0.029028
FIRE:  202 04:46:00    -1302.675398        0.016547
FIRE:  203 04:46:20    -1302.675929        0.016100
FIRE:  204 04:46:40    -1302.676333        0.024110
FIRE:  205 04:47:00    -1302.676740        0.012045
FIRE:  206 04:47:20    -1302.677136        0.018987
FIRE:  207 04:47:40    -1302.677509        0.013313
FIRE:  208 04:47:59    -1302.677845        0.018506
FIRE:  209 04:48:19    -1302.678145        0.013484
FIRE:  210 04:48:39    -1302.678325        0.023671
FIRE:  211 04:48:59    -1302.678387        0.012625
FIRE:  212 04:49:19    -1302.678441        0.004765
MACE calculation complete. Energy written to MACE_OUTCAR: -1302.678441 eV
Job ended on: Thu 12 Jun 03:49:20 UTC 2025
