The following modules were not unloaded:
  (Use "module --force purge" to unload all):

  1) slurm/23.02.6
[comp044:168821:0:168821] Caught signal 11 (Segmentation fault: address not mapped to object at address 0x7fff34c8e0c0)
[comp044:168811:0:168811] Caught signal 11 (Segmentation fault: address not mapped to object at address 0x7ffcbd6421a0)
[comp044:168813:0:168813] Caught signal 11 (Segmentation fault: address not mapped to object at address 0x7ffc5fb24620)
[comp044:168814:0:168814] Caught signal 11 (Segmentation fault: address not mapped to object at address 0x7fff19307660)
[comp044:168815:0:168815] Caught signal 11 (Segmentation fault: address not mapped to object at address 0x7ffc269f78c0)
[comp044:168816:0:168816] Caught signal 11 (Segmentation fault: address not mapped to object at address 0x7ffc301d4fe0)
[comp044:168819:0:168819] Caught signal 11 (Segmentation fault: address not mapped to object at address 0x7ffc032dc240)
[comp044:168820:0:168820] Caught signal 11 (Segmentation fault: address not mapped to object at address 0x7ffeafe709a0)
[comp044:168824:0:168824] Caught signal 11 (Segmentation fault: address not mapped to object at address 0x7fff6a4edae0)
[comp044:168812:0:168812] Caught signal 11 (Segmentation fault: address not mapped to object at address 0x7fffdf3d57a0)
[comp044:168817:0:168817] Caught signal 11 (Segmentation fault: address not mapped to object at address 0x7fff61cbeb40)
[comp044:168818:0:168818] Caught signal 11 (Segmentation fault: address not mapped to object at address 0x7fff8aac5bc0)
[comp044:168822:0:168822] Caught signal 11 (Segmentation fault: address not mapped to object at address 0x7fff55ace340)
[comp044:168823:0:168823] Caught signal 11 (Segmentation fault: address not mapped to object at address 0x7ffcfb78c0c0)
[comp044:168825:0:168825] Caught signal 11 (Segmentation fault: address not mapped to object at address 0x7ffec19ad520)
[comp044:168810:0:168810] Caught signal 11 (Segmentation fault: address not mapped to object at address 0x7fffa2fba3e0)
==== backtrace (tid: 168811) ====
==== backtrace (tid: 168812) ====
 0 0x000000000003e6f0 __GI___sigaction()  :0
 1 0x00000000009e0300 hamil_mp_hamiltmu_()  ???:0
 2 0x000000000119090e david_mp_eddav_()  ???:0
 3 0x00000000012534d5 elmin_()  ???:0
 4 0x0000000001e67467 vamp_IP_electronic_optimization_()  main.f90:0
 5 0x0000000001e40413 MAIN__()  ???:0
 6 0x000000000040963d main()  ???:0
 7 0x0000000000029590 __libc_start_call_main()  ???:0
 8 0x0000000000029640 __libc_start_main_alias_2()  :0
 9 0x0000000000409555 _start()  ???:0
=================================
 0 0x000000000003e6f0 __GI___sigaction()  :0
 1 0x00000000009e0300 hamil_mp_hamiltmu_()  ???:0
 2 0x000000000119090e david_mp_eddav_()  ???:0
 3 0x00000000012534d5 elmin_()  ???:0
==== backtrace (tid: 168825) ====
 0 0x000000000003e6f0 __GI___sigaction()  :0
 1 0x00000000009e0300 hamil_mp_hamiltmu_()  ???:0
 2 0x000000000119090e david_mp_eddav_()  ???:0
 3 0x00000000012534d5 elmin_()  ???:0
 4 0x0000000001e67467 vamp_IP_electronic_optimization_()  main.f90:0
 5 0x0000000001e40413 MAIN__()  ???:0
 6 0x000000000040963d main()  ???:0
 7 0x0000000000029590 __libc_start_call_main()  ???:0
 8 0x0000000000029640 __libc_start_main_alias_2()  :0
 9 0x0000000000409555 _start()  ???:0
=================================
 4 0x0000000001e67467 vamp_IP_electronic_optimization_()  main.f90:0
==== backtrace (tid: 168824) ====
 0 0x000000000003e6f0 __GI___sigaction()  :0
 1 0x00000000009e0300 hamil_mp_hamiltmu_()  ???:0
 2 0x000000000119090e david_mp_eddav_()  ???:0
 3 0x00000000012534d5 elmin_()  ???:0
 4 0x0000000001e67467 vamp_IP_electronic_optimization_()  main.f90:0
 5 0x0000000001e40413 MAIN__()  ???:0
 6 0x000000000040963d main()  ???:0
 7 0x0000000000029590 __libc_start_call_main()  ???:0
 8 0x0000000000029640 __libc_start_main_alias_2()  :0
 9 0x0000000000409555 _start()  ???:0
=================================
==== backtrace (tid: 168810) ====
 0 0x000000000003e6f0 __GI___sigaction()  :0
 1 0x00000000009e0300 hamil_mp_hamiltmu_()  ???:0
 2 0x000000000119090e david_mp_eddav_()  ???:0
 3 0x00000000012534d5 elmin_()  ???:0
 4 0x0000000001e67467 vamp_IP_electronic_optimization_()  main.f90:0
 5 0x0000000001e40413 MAIN__()  ???:0
 6 0x000000000040963d main()  ???:0
 7 0x0000000000029590 __libc_start_call_main()  ???:0
 8 0x0000000000029640 __libc_start_main_alias_2()  :0
 9 0x0000000000409555 _start()  ???:0
=================================
 5 0x0000000001e40413 MAIN__()  ???:0
 6 0x000000000040963d main()  ???:0
 7 0x0000000000029590 __libc_start_call_main()  ???:0
 8 0x0000000000029640 __libc_start_main_alias_2()  :0
 9 0x0000000000409555 _start()  ???:0
=================================
==== backtrace (tid: 168821) ====
==== backtrace (tid: 168819) ====
 0 0x000000000003e6f0 __GI___sigaction()  :0
 1 0x00000000009e0300 hamil_mp_hamiltmu_()  ???:0
 2 0x000000000119090e david_mp_eddav_()  ???:0
 3 0x00000000012534d5 elmin_()  ???:0
 4 0x0000000001e67467 vamp_IP_electronic_optimization_()  main.f90:0
 5 0x0000000001e40413 MAIN__()  ???:0
 6 0x000000000040963d main()  ???:0
 7 0x0000000000029590 __libc_start_call_main()  ???:0
 8 0x0000000000029640 __libc_start_main_alias_2()  :0
 9 0x0000000000409555 _start()  ???:0
=================================
 0 0x000000000003e6f0 __GI___sigaction()  :0
 1 0x00000000009e0300 hamil_mp_hamiltmu_()  ???:0
==== backtrace (tid: 168816) ====
 0 0x000000000003e6f0 __GI___sigaction()  :0
 1 0x00000000009e0300 hamil_mp_hamiltmu_()  ???:0
 2 0x000000000119090e david_mp_eddav_()  ???:0
 3 0x00000000012534d5 elmin_()  ???:0
 4 0x0000000001e67467 vamp_IP_electronic_optimization_()  main.f90:0
 5 0x0000000001e40413 MAIN__()  ???:0
 6 0x000000000040963d main()  ???:0
 7 0x0000000000029590 __libc_start_call_main()  ???:0
 8 0x0000000000029640 __libc_start_main_alias_2()  :0
 9 0x0000000000409555 _start()  ???:0
=================================
 2 0x000000000119090e david_mp_eddav_()  ???:0
 3 0x00000000012534d5 elmin_()  ???:0
 4 0x0000000001e67467 vamp_IP_electronic_optimization_()  main.f90:0
 5 0x0000000001e40413 MAIN__()  ???:0
 6 0x000000000040963d main()  ???:0
==== backtrace (tid: 168823) ====
 0 0x000000000003e6f0 __GI___sigaction()  :0
 1 0x00000000009e0300 hamil_mp_hamiltmu_()  ???:0
 2 0x000000000119090e david_mp_eddav_()  ???:0
 3 0x00000000012534d5 elmin_()  ???:0
 4 0x0000000001e67467 vamp_IP_electronic_optimization_()  main.f90:0
 5 0x0000000001e40413 MAIN__()  ???:0
 6 0x000000000040963d main()  ???:0
 7 0x0000000000029590 __libc_start_call_main()  ???:0
 8 0x0000000000029640 __libc_start_main_alias_2()  :0
 9 0x0000000000409555 _start()  ???:0
=================================
==== backtrace (tid: 168813) ====
 0 0x000000000003e6f0 __GI___sigaction()  :0
 1 0x00000000009e0300 hamil_mp_hamiltmu_()  ???:0
 2 0x000000000119090e david_mp_eddav_()  ???:0
 3 0x00000000012534d5 elmin_()  ???:0
 4 0x0000000001e67467 vamp_IP_electronic_optimization_()  main.f90:0
 5 0x0000000001e40413 MAIN__()  ???:0
 6 0x000000000040963d main()  ???:0
 7 0x0000000000029590 __libc_start_call_main()  ???:0
 8 0x0000000000029640 __libc_start_main_alias_2()  :0
 9 0x0000000000409555 _start()  ???:0
=================================
==== backtrace (tid: 168818) ====
 0 0x000000000003e6f0 __GI___sigaction()  :0
 1 0x00000000009e0300 hamil_mp_hamiltmu_()  ???:0
 2 0x000000000119090e david_mp_eddav_()  ???:0
 3 0x00000000012534d5 elmin_()  ???:0
 4 0x0000000001e67467 vamp_IP_electronic_optimization_()  main.f90:0
 5 0x0000000001e40413 MAIN__()  ???:0
 6 0x000000000040963d main()  ???:0
 7 0x0000000000029590 __libc_start_call_main()  ???:0
 8 0x0000000000029640 __libc_start_main_alias_2()  :0
 9 0x0000000000409555 _start()  ???:0
=================================
 7 0x0000000000029590 __libc_start_call_main()  ???:0
 8 0x0000000000029640 __libc_start_main_alias_2()  :0
 9 0x0000000000409555 _start()  ???:0
=================================
==== backtrace (tid: 168815) ====
 0 0x000000000003e6f0 __GI___sigaction()  :0
 1 0x00000000009e0300 hamil_mp_hamiltmu_()  ???:0
 2 0x000000000119090e david_mp_eddav_()  ???:0
 3 0x00000000012534d5 elmin_()  ???:0
 4 0x0000000001e67467 vamp_IP_electronic_optimization_()  main.f90:0
==== backtrace (tid: 168817) ====
 0 0x000000000003e6f0 __GI___sigaction()  :0
 1 0x00000000009e0300 hamil_mp_hamiltmu_()  ???:0
 2 0x000000000119090e david_mp_eddav_()  ???:0
 3 0x00000000012534d5 elmin_()  ???:0
 4 0x0000000001e67467 vamp_IP_electronic_optimization_()  main.f90:0
 5 0x0000000001e40413 MAIN__()  ???:0
 6 0x000000000040963d main()  ???:0
 7 0x0000000000029590 __libc_start_call_main()  ???:0
 8 0x0000000000029640 __libc_start_main_alias_2()  :0
 9 0x0000000000409555 _start()  ???:0
=================================
 5 0x0000000001e40413 MAIN__()  ???:0
 6 0x000000000040963d main()  ???:0
 7 0x0000000000029590 __libc_start_call_main()  ???:0
 8 0x0000000000029640 __libc_start_main_alias_2()  :0
 9 0x0000000000409555 _start()  ???:0
forrtl: severe (174): SIGSEGV, segmentation fault occurred
Image              PC                Routine            Line        Source             
libc.so.6          00007F9BC6C3E6F0  Unknown               Unknown  Unknown
vasp_std           00000000009E0300  Unknown               Unknown  Unknown
vasp_std           000000000119090E  Unknown               Unknown  Unknown
vasp_std           00000000012534D5  Unknown               Unknown  Unknown
vasp_std           0000000001E67467  Unknown               Unknown  Unknown
vasp_std           0000000001E40413  Unknown               Unknown  Unknown
vasp_std           000000000040963D  Unknown               Unknown  Unknown
libc.so.6          00007F9BC6C29590  Unknown               Unknown  Unknown
libc.so.6          00007F9BC6C29640  __libc_start_main     Unknown  Unknown
vasp_std           0000000000409555  Unknown               Unknown  Unknown
=================================
forrtl: severe (174): SIGSEGV, segmentation fault occurred
Image              PC                Routine            Line        Source             
libc.so.6          00007F58BCE3E6F0  Unknown               Unknown  Unknown
vasp_std           00000000009E0300  Unknown               Unknown  Unknown
vasp_std           000000000119090E  Unknown               Unknown  Unknown
vasp_std           00000000012534D5  Unknown               Unknown  Unknown
vasp_std           0000000001E67467  Unknown               Unknown  Unknown
vasp_std           0000000001E40413  Unknown               Unknown  Unknown
vasp_std           000000000040963D  Unknown               Unknown  Unknown
libc.so.6          00007F58BCE29590  Unknown               Unknown  Unknown
libc.so.6          00007F58BCE29640  __libc_start_main     Unknown  Unknown
vasp_std           0000000000409555  Unknown               Unknown  Unknown
forrtl: severe (174): SIGSEGV, segmentation fault occurred
Image              PC                Routine            Line        Source             
libc.so.6          00007FB0A9A3E6F0  Unknown               Unknown  Unknown
vasp_std           00000000009E0300  Unknown               Unknown  Unknown
vasp_std           000000000119090E  Unknown               Unknown  Unknown
vasp_std           00000000012534D5  Unknown               Unknown  Unknown
vasp_std           0000000001E67467  Unknown               Unknown  Unknown
vasp_std           0000000001E40413  Unknown               Unknown  Unknown
vasp_std           000000000040963D  Unknown               Unknown  Unknown
libc.so.6          00007FB0A9A29590  Unknown               Unknown  Unknown
libc.so.6          00007FB0A9A29640  __libc_start_main     Unknown  Unknown
vasp_std           0000000000409555  Unknown               Unknown  Unknown
forrtl: severe (174): SIGSEGV, segmentation fault occurred
Image              PC                Routine            Line        Source             
libc.so.6          00007F9ADD83E6F0  Unknown               Unknown  Unknown
vasp_std           00000000009E0300  Unknown               Unknown  Unknown
vasp_std           000000000119090E  Unknown               Unknown  Unknown
vasp_std           00000000012534D5  Unknown               Unknown  Unknown
vasp_std           0000000001E67467  Unknown               Unknown  Unknown
vasp_std           0000000001E40413  Unknown               Unknown  Unknown
vasp_std           000000000040963D  Unknown               Unknown  Unknown
libc.so.6          00007F9ADD829590  Unknown               Unknown  Unknown
libc.so.6          00007F9ADD829640  __libc_start_main     Unknown  Unknown
vasp_std           0000000000409555  Unknown               Unknown  Unknown
==== backtrace (tid: 168820) ====
==== backtrace (tid: 168822) ====
 0 0x000000000003e6f0 __GI___sigaction()  :0
 1 0x00000000009e0300 hamil_mp_hamiltmu_()  ???:0
 2 0x000000000119090e david_mp_eddav_()  ???:0
 3 0x00000000012534d5 elmin_()  ???:0
 4 0x0000000001e67467 vamp_IP_electronic_optimization_()  main.f90:0
 5 0x0000000001e40413 MAIN__()  ???:0
 6 0x000000000040963d main()  ???:0
 7 0x0000000000029590 __libc_start_call_main()  ???:0
 8 0x0000000000029640 __libc_start_main_alias_2()  :0
 9 0x0000000000409555 _start()  ???:0
=================================
 0 0x000000000003e6f0 __GI___sigaction()  :0
 1 0x00000000009e0300 hamil_mp_hamiltmu_()  ???:0
forrtl: severe (174): SIGSEGV, segmentation fault occurred
Image              PC                Routine            Line        Source             
libc.so.6          00007FF857A3E6F0  Unknown               Unknown  Unknown
vasp_std           00000000009E0300  Unknown               Unknown  Unknown
vasp_std           000000000119090E  Unknown               Unknown  Unknown
vasp_std           00000000012534D5  Unknown               Unknown  Unknown
vasp_std           0000000001E67467  Unknown               Unknown  Unknown
vasp_std           0000000001E40413  Unknown               Unknown  Unknown
vasp_std           000000000040963D  Unknown               Unknown  Unknown
libc.so.6          00007FF857A29590  Unknown               Unknown  Unknown
libc.so.6          00007FF857A29640  __libc_start_main     Unknown  Unknown
vasp_std           0000000000409555  Unknown               Unknown  Unknown
forrtl: severe (174): SIGSEGV, segmentation fault occurred
Image              PC                Routine            Line        Source             
libc.so.6          00007F73DE03E6F0  Unknown               Unknown  Unknown
vasp_std           00000000009E0300  Unknown               Unknown  Unknown
vasp_std           000000000119090E  Unknown               Unknown  Unknown
vasp_std           00000000012534D5  Unknown               Unknown  Unknown
vasp_std           0000000001E67467  Unknown               Unknown  Unknown
vasp_std           0000000001E40413  Unknown               Unknown  Unknown
vasp_std           000000000040963D  Unknown               Unknown  Unknown
libc.so.6          00007F73DE029590  Unknown               Unknown  Unknown
libc.so.6          00007F73DE029640  __libc_start_main     Unknown  Unknown
vasp_std           0000000000409555  Unknown               Unknown  Unknown
forrtl: severe (174): SIGSEGV, segmentation fault occurred
Image              PC                Routine            Line        Source             
libc.so.6          00007F538323E6F0  Unknown               Unknown  Unknown
vasp_std           00000000009E0300  Unknown               Unknown  Unknown
vasp_std           000000000119090E  Unknown               Unknown  Unknown
vasp_std           00000000012534D5  Unknown               Unknown  Unknown
vasp_std           0000000001E67467  Unknown               Unknown  Unknown
vasp_std           0000000001E40413  Unknown               Unknown  Unknown
vasp_std           000000000040963D  Unknown               Unknown  Unknown
libc.so.6          00007F5383229590  Unknown               Unknown  Unknown
libc.so.6          00007F5383229640  __libc_start_main     Unknown  Unknown
vasp_std           0000000000409555  Unknown               Unknown  Unknown
 2 0x000000000119090e david_mp_eddav_()  ???:0
 3 0x00000000012534d5 elmin_()  ???:0
 4 0x0000000001e67467 vamp_IP_electronic_optimization_()  main.f90:0
 5 0x0000000001e40413 MAIN__()  ???:0
forrtl: severe (174): SIGSEGV, segmentation fault occurred
Image              PC                Routine            Line        Source             
libc.so.6          00007F920183E6F0  Unknown               Unknown  Unknown
vasp_std           00000000009E0300  Unknown               Unknown  Unknown
vasp_std           000000000119090E  Unknown               Unknown  Unknown
vasp_std           00000000012534D5  Unknown               Unknown  Unknown
vasp_std           0000000001E67467  Unknown               Unknown  Unknown
vasp_std           0000000001E40413  Unknown               Unknown  Unknown
vasp_std           000000000040963D  Unknown               Unknown  Unknown
libc.so.6          00007F9201829590  Unknown               Unknown  Unknown
libc.so.6          00007F9201829640  __libc_start_main     Unknown  Unknown
vasp_std           0000000000409555  Unknown               Unknown  Unknown
forrtl: severe (174): SIGSEGV, segmentation fault occurred
Image              PC                Routine            Line        Source             
libc.so.6          00007FAF3DA3E6F0  Unknown               Unknown  Unknown
vasp_std           00000000009E0300  Unknown               Unknown  Unknown
vasp_std           000000000119090E  Unknown               Unknown  Unknown
vasp_std           00000000012534D5  Unknown               Unknown  Unknown
vasp_std           0000000001E67467  Unknown               Unknown  Unknown
vasp_std           0000000001E40413  Unknown               Unknown  Unknown
vasp_std           000000000040963D  Unknown               Unknown  Unknown
libc.so.6          00007FAF3DA29590  Unknown               Unknown  Unknown
libc.so.6          00007FAF3DA29640  __libc_start_main     Unknown  Unknown
vasp_std           0000000000409555  Unknown               Unknown  Unknown
 6 0x000000000040963d main()  ???:0
 7 0x0000000000029590 __libc_start_call_main()  ???:0
forrtl: severe (174): SIGSEGV, segmentation fault occurred
Image              PC                Routine            Line        Source             
libc.so.6          00007FE749E3E6F0  Unknown               Unknown  Unknown
vasp_std           00000000009E0300  Unknown               Unknown  Unknown
vasp_std           000000000119090E  Unknown               Unknown  Unknown
vasp_std           00000000012534D5  Unknown               Unknown  Unknown
vasp_std           0000000001E67467  Unknown               Unknown  Unknown
vasp_std           0000000001E40413  Unknown               Unknown  Unknown
vasp_std           000000000040963D  Unknown               Unknown  Unknown
libc.so.6          00007FE749E29590  Unknown               Unknown  Unknown
libc.so.6          00007FE749E29640  __libc_start_main     Unknown  Unknown
vasp_std           0000000000409555  Unknown               Unknown  Unknown
 8 0x0000000000029640 __libc_start_main_alias_2()  :0
 9 0x0000000000409555 _start()  ???:0
=================================
forrtl: severe (174): SIGSEGV, segmentation fault occurred
Image              PC                Routine            Line        Source             
libc.so.6          00007F7DAB43E6F0  Unknown               Unknown  Unknown
vasp_std           00000000009E0300  Unknown               Unknown  Unknown
vasp_std           000000000119090E  Unknown               Unknown  Unknown
vasp_std           00000000012534D5  Unknown               Unknown  Unknown
vasp_std           0000000001E67467  Unknown               Unknown  Unknown
vasp_std           0000000001E40413  Unknown               Unknown  Unknown
vasp_std           000000000040963D  Unknown               Unknown  Unknown
libc.so.6          00007F7DAB429590  Unknown               Unknown  Unknown
libc.so.6          00007F7DAB429640  __libc_start_main     Unknown  Unknown
vasp_std           0000000000409555  Unknown               Unknown  Unknown
forrtl: severe (174): SIGSEGV, segmentation fault occurred
Image              PC                Routine            Line        Source             
libc.so.6          00007FF54243E6F0  Unknown               Unknown  Unknown
vasp_std           00000000009E0300  Unknown               Unknown  Unknown
vasp_std           000000000119090E  Unknown               Unknown  Unknown
vasp_std           00000000012534D5  Unknown               Unknown  Unknown
vasp_std           0000000001E67467  Unknown               Unknown  Unknown
vasp_std           0000000001E40413  Unknown               Unknown  Unknown
vasp_std           000000000040963D  Unknown               Unknown  Unknown
libc.so.6          00007FF542429590  Unknown               Unknown  Unknown
libc.so.6          00007FF542429640  __libc_start_main     Unknown  Unknown
vasp_std           0000000000409555  Unknown               Unknown  Unknown
forrtl: severe (174): SIGSEGV, segmentation fault occurred
Image              PC                Routine            Line        Source             
libc.so.6          00007EFC6B83E6F0  Unknown               Unknown  Unknown
vasp_std           00000000009E0300  Unknown               Unknown  Unknown
vasp_std           000000000119090E  Unknown               Unknown  Unknown
vasp_std           00000000012534D5  Unknown               Unknown  Unknown
vasp_std           0000000001E67467  Unknown               Unknown  Unknown
vasp_std           0000000001E40413  Unknown               Unknown  Unknown
vasp_std           000000000040963D  Unknown               Unknown  Unknown
libc.so.6          00007EFC6B829590  Unknown               Unknown  Unknown
libc.so.6          00007EFC6B829640  __libc_start_main     Unknown  Unknown
vasp_std           0000000000409555  Unknown               Unknown  Unknown
forrtl: severe (174): SIGSEGV, segmentation fault occurred
Image              PC                Routine            Line        Source             
libc.so.6          00007F1A6623E6F0  Unknown               Unknown  Unknown
vasp_std           00000000009E0300  Unknown               Unknown  Unknown
vasp_std           000000000119090E  Unknown               Unknown  Unknown
vasp_std           00000000012534D5  Unknown               Unknown  Unknown
vasp_std           0000000001E67467  Unknown               Unknown  Unknown
vasp_std           0000000001E40413  Unknown               Unknown  Unknown
vasp_std           000000000040963D  Unknown               Unknown  Unknown
libc.so.6          00007F1A66229590  Unknown               Unknown  Unknown
libc.so.6          00007F1A66229640  __libc_start_main     Unknown  Unknown
vasp_std           0000000000409555  Unknown               Unknown  Unknown
==== backtrace (tid: 168814) ====
 0 0x000000000003e6f0 __GI___sigaction()  :0
 1 0x00000000009e0300 hamil_mp_hamiltmu_()  ???:0
 2 0x000000000119090e david_mp_eddav_()  ???:0
 3 0x00000000012534d5 elmin_()  ???:0
 4 0x0000000001e67467 vamp_IP_electronic_optimization_()  main.f90:0
 5 0x0000000001e40413 MAIN__()  ???:0
 6 0x000000000040963d main()  ???:0
 7 0x0000000000029590 __libc_start_call_main()  ???:0
 8 0x0000000000029640 __libc_start_main_alias_2()  :0
 9 0x0000000000409555 _start()  ???:0
=================================
forrtl: severe (174): SIGSEGV, segmentation fault occurred
Image              PC                Routine            Line        Source             
libc.so.6          00007FBF8B63E6F0  Unknown               Unknown  Unknown
vasp_std           00000000009E0300  Unknown               Unknown  Unknown
vasp_std           000000000119090E  Unknown               Unknown  Unknown
vasp_std           00000000012534D5  Unknown               Unknown  Unknown
vasp_std           0000000001E67467  Unknown               Unknown  Unknown
vasp_std           0000000001E40413  Unknown               Unknown  Unknown
vasp_std           000000000040963D  Unknown               Unknown  Unknown
libc.so.6          00007FBF8B629590  Unknown               Unknown  Unknown
libc.so.6          00007FBF8B629640  __libc_start_main     Unknown  Unknown
vasp_std           0000000000409555  Unknown               Unknown  Unknown
forrtl: severe (174): SIGSEGV, segmentation fault occurred
Image              PC                Routine            Line        Source             
libc.so.6          00007F017D83E6F0  Unknown               Unknown  Unknown
vasp_std           00000000009E0300  Unknown               Unknown  Unknown
vasp_std           000000000119090E  Unknown               Unknown  Unknown
vasp_std           00000000012534D5  Unknown               Unknown  Unknown
vasp_std           0000000001E67467  Unknown               Unknown  Unknown
vasp_std           0000000001E40413  Unknown               Unknown  Unknown
vasp_std           000000000040963D  Unknown               Unknown  Unknown
libc.so.6          00007F017D829590  Unknown               Unknown  Unknown
libc.so.6          00007F017D829640  __libc_start_main     Unknown  Unknown
vasp_std           0000000000409555  Unknown               Unknown  Unknown
