Si Bulk DFT energetics calculations using VASP
Running on host: comp075
Working directory: /lustre/home/ah1365/projects/127870/upgrade_report/case_studies/common/structures/interfaces/264_Sn108Si156_001_001_a0.07732_b0.082474_c2.1_interface1shift6swap5
Job started on: Thu 12 Jun 08:20:13 UTC 2025
cuequivariance or cuequivariance_torch is not available. Cuequivariance acceleration will be disabled.
Using Materials Project MACE for MACECalculator with /lustre/home/ah1365/.cache/mace/MACE_MPtrj_20229model
Using float64 for MACECalculator, which is slower but more accurate. Recommended for geometry optimization.
Using TorchDFTD3Calculator for D3 dispersion corrections
      Step     Time          Energy          fmax
FIRE:    0 09:20:39    -1232.504841        6.856386
FIRE:    1 09:20:59    -1239.454479        5.987706
FIRE:    2 09:21:19    -1245.570410        5.203071
FIRE:    3 09:21:39    -1250.957217        4.499392
FIRE:    4 09:21:59    -1255.707400        3.876361
FIRE:    5 09:22:18    -1259.900575        3.325268
FIRE:    6 09:22:38    -1263.603161        2.831810
FIRE:    7 09:22:58    -1266.870132        2.384530
FIRE:    8 09:23:17    -1269.751424        2.053819
FIRE:    9 09:23:37    -1272.293477        1.897490
FIRE:   10 09:23:57    -1274.541921        1.749278
FIRE:   11 09:24:16    -1276.541985        1.612496
FIRE:   12 09:24:36    -1278.337539        1.490376
FIRE:   13 09:24:56    -1279.969039        1.481565
FIRE:   14 09:25:16    -1281.470645        1.468315
FIRE:   15 09:25:35    -1282.868981        1.430656
FIRE:   16 09:25:55    -1284.182382        1.364562
FIRE:   17 09:26:15    -1285.422418        1.270471
FIRE:   18 09:26:35    -1286.596497        1.153548
FIRE:   19 09:26:54    -1287.710675        1.050329
FIRE:   20 09:27:14    -1288.771262        0.942810
FIRE:   21 09:27:34    -1289.784095        0.818582
FIRE:   22 09:27:53    -1290.753255        0.715034
FIRE:   23 09:28:13    -1291.680474        0.711965
FIRE:   24 09:28:33    -1292.565758        0.711555
FIRE:   25 09:28:53    -1293.408406        0.707521
FIRE:   26 09:29:12    -1294.208080        0.695929
FIRE:   27 09:29:32    -1294.964783        0.672956
FIRE:   28 09:29:52    -1295.677828        0.636759
FIRE:   29 09:30:12    -1296.344713        0.589254
FIRE:   30 09:30:31    -1296.961587        0.554345
FIRE:   31 09:30:51    -1297.525451        0.513317
FIRE:   32 09:31:11    -1298.035543        0.467541
FIRE:   33 09:31:31    -1298.495034        0.464333
FIRE:   34 09:31:50    -1298.909854        0.467165
FIRE:   35 09:32:10    -1299.286015        0.447840
FIRE:   36 09:32:30    -1299.628298        0.402646
FIRE:   37 09:32:50    -1299.939746        0.394246
FIRE:   38 09:33:09    -1300.222120        0.400282
FIRE:   39 09:33:29    -1300.476383        0.386657
FIRE:   40 09:33:49    -1300.702797        0.385399
FIRE:   41 09:34:08    -1300.901594        0.382577
FIRE:   42 09:34:28    -1301.073488        0.414855
FIRE:   43 09:34:48    -1301.221095        0.455847
FIRE:   44 09:35:07    -1301.349427        0.528178
FIRE:   45 09:35:27    -1301.465758        0.573628
FIRE:   46 09:35:47    -1301.578138        0.569820
FIRE:   47 09:36:07    -1301.692951        0.507623
FIRE:   48 09:36:26    -1301.811920        0.490963
FIRE:   49 09:36:46    -1301.930646        0.437467
FIRE:   50 09:37:06    -1302.040422        0.386932
FIRE:   51 09:37:26    -1302.133183        0.393056
FIRE:   52 09:37:45    -1302.209370        0.383780
FIRE:   53 09:38:05    -1302.279581        0.445759
FIRE:   54 09:38:25    -1302.353551        0.475551
FIRE:   55 09:38:45    -1302.433670        0.463014
FIRE:   56 09:39:04    -1302.518493        0.428266
FIRE:   57 09:39:24    -1302.606582        0.388511
FIRE:   58 09:39:44    -1302.697787        0.382092
FIRE:   59 09:40:03    -1302.793093        0.408626
FIRE:   60 09:40:23    -1302.893746        0.410723
FIRE:   61 09:40:43    -1303.000015        0.385157
FIRE:   62 09:41:03    -1303.110281        0.363375
FIRE:   63 09:41:22    -1303.221159        0.341435
FIRE:   64 09:41:42    -1303.328715        0.345073
FIRE:   65 09:42:02    -1303.429059        0.325860
FIRE:   66 09:42:22    -1303.518772        0.286570
FIRE:   67 09:42:42    -1303.594201        0.343845
FIRE:   68 09:43:01    -1303.651189        0.411257
FIRE:   69 09:43:21    -1303.686666        0.458779
FIRE:   70 09:43:41    -1303.962157        0.237103
FIRE:   71 09:44:01    -1304.119593        0.241431
FIRE:   72 09:44:20    -1304.224253        0.252048
FIRE:   73 09:44:40    -1304.301644        0.164538
FIRE:   74 09:45:00    -1304.358656        0.139949
FIRE:   75 09:45:20    -1304.403567        0.170697
FIRE:   76 09:45:40    -1304.448521        0.150281
FIRE:   77 09:45:59    -1304.501823        0.163851
FIRE:   78 09:46:19    -1304.560362        0.194747
FIRE:   79 09:46:39    -1304.626719        0.217109
FIRE:   80 09:46:59    -1304.702047        0.257505
FIRE:   81 09:47:18    -1304.780328        0.330144
FIRE:   82 09:47:38    -1304.861796        0.340175
FIRE:   83 09:47:58    -1304.941263        0.278614
FIRE:   84 09:48:18    -1305.005066        0.579448
FIRE:   85 09:48:37    -1305.080687        0.372978
FIRE:   86 09:48:57    -1305.139999        0.229316
FIRE:   87 09:49:17    -1305.176359        0.450682
FIRE:   88 09:49:37    -1305.220803        0.359242
FIRE:   89 09:49:56    -1305.266686        0.392991
FIRE:   90 09:50:16    -1305.313292        0.435418
FIRE:   91 09:50:36    -1305.360277        0.191382
FIRE:   92 09:50:56    -1305.406927        0.397906
FIRE:   93 09:51:15    -1305.483391        0.241024
FIRE:   94 09:51:35    -1305.562827        0.217198
FIRE:   95 09:51:55    -1305.637832        0.328123
FIRE:   96 09:52:15    -1305.711618        0.246647
FIRE:   97 09:52:34    -1305.776431        0.321082
FIRE:   98 09:52:54    -1305.855309        0.395715
FIRE:   99 09:53:14    -1305.953652        0.318452
FIRE:  100 09:53:34    -1306.029734        0.371042
FIRE:  101 09:53:54    -1306.088206        0.394987
FIRE:  102 09:54:13    -1306.148452        0.322807
FIRE:  103 09:54:33    -1306.181795        0.602607
FIRE:  104 09:54:53    -1306.250946        0.511495
FIRE:  105 09:55:13    -1306.287715        0.350689
FIRE:  106 09:55:32    -1306.306277        0.439202
FIRE:  107 09:55:52    -1306.311815        0.362845
FIRE:  108 09:56:12    -1306.320062        0.234605
FIRE:  109 09:56:32    -1306.327907        0.158029
FIRE:  110 09:56:52    -1306.334710        0.222645
FIRE:  111 09:57:11    -1306.342374        0.256258
FIRE:  112 09:57:31    -1306.352734        0.251767
FIRE:  113 09:57:51    -1306.365535        0.208036
FIRE:  114 09:58:11    -1306.379871        0.123843
FIRE:  115 09:58:31    -1306.393388        0.183377
FIRE:  116 09:58:50    -1306.408260        0.257030
FIRE:  117 09:59:10    -1306.427974        0.154243
FIRE:  118 09:59:30    -1306.448121        0.138016
FIRE:  119 09:59:50    -1306.469555        0.177725
FIRE:  120 10:00:09    -1306.496446        0.126399
FIRE:  121 10:00:29    -1306.524069        0.215323
FIRE:  122 10:00:49    -1306.557553        0.122341
FIRE:  123 10:01:09    -1306.586572        0.128772
FIRE:  124 10:01:28    -1306.601816        0.249517
FIRE:  125 10:01:48    -1306.605233        0.115509
FIRE:  126 10:02:08    -1306.607538        0.120715
FIRE:  127 10:02:28    -1306.609338        0.200198
FIRE:  128 10:02:48    -1306.613311        0.157615
FIRE:  129 10:03:07    -1306.617695        0.046406
FIRE:  130 10:03:27    -1306.620390        0.136221
FIRE:  131 10:03:47    -1306.623748        0.137474
FIRE:  132 10:04:07    -1306.628297        0.041376
FIRE:  133 10:04:27    -1306.631551        0.123104
FIRE:  134 10:04:46    -1306.636240        0.074212
FIRE:  135 10:05:06    -1306.639963        0.135679
FIRE:  136 10:05:26    -1306.644978        0.066336
FIRE:  137 10:05:46    -1306.648381        0.156165
FIRE:  138 10:06:06    -1306.654547        0.081142
FIRE:  139 10:06:25    -1306.660771        0.051886
FIRE:  140 10:06:45    -1306.668156        0.166823
FIRE:  141 10:07:05    -1306.674830        0.438056
FIRE:  142 10:07:25    -1306.685323        0.091069
FIRE:  143 10:07:45    -1306.681562        0.351401
FIRE:  144 10:08:04    -1306.684747        0.277059
FIRE:  145 10:08:24    -1306.688810        0.138163
FIRE:  146 10:08:44    -1306.690898        0.096471
FIRE:  147 10:09:04    -1306.690698        0.196557
FIRE:  148 10:09:24    -1306.691033        0.183413
FIRE:  149 10:09:43    -1306.691642        0.158239
FIRE:  150 10:10:03    -1306.692416        0.123168
FIRE:  151 10:10:23    -1306.693226        0.097073
FIRE:  152 10:10:43    -1306.693981        0.097031
FIRE:  153 10:11:03    -1306.694643        0.096919
FIRE:  154 10:11:22    -1306.695240        0.096699
FIRE:  155 10:11:42    -1306.695920        0.096283
FIRE:  156 10:12:02    -1306.696820        0.096326
FIRE:  157 10:12:22    -1306.698099        0.099678
FIRE:  158 10:12:42    -1306.699835        0.092355
FIRE:  159 10:13:02    -1306.701974        0.089228
FIRE:  160 10:13:21    -1306.704336        0.084311
FIRE:  161 10:13:41    -1306.706833        0.076701
FIRE:  162 10:14:01    -1306.709701        0.080285
FIRE:  163 10:14:21    -1306.713193        0.054713
FIRE:  164 10:14:40    -1306.716910        0.033614
FIRE:  165 10:15:00    -1306.720515        0.064694
FIRE:  166 10:15:20    -1306.724721        0.054043
FIRE:  167 10:15:40    -1306.729606        0.045878
FIRE:  168 10:16:00    -1306.735076        0.066249
FIRE:  169 10:16:19    -1306.741468        0.030834
FIRE:  170 10:16:39    -1306.747320        0.067098
FIRE:  171 10:16:59    -1306.753356        0.042836
FIRE:  172 10:17:19    -1306.759840        0.045884
FIRE:  173 10:17:39    -1306.766591        0.089624
FIRE:  174 10:17:58    -1306.774196        0.101824
FIRE:  175 10:18:18    -1306.783599        0.160444
FIRE:  176 10:18:38    -1306.789768        0.372877
FIRE:  177 10:18:58    -1306.797416        0.037877
FIRE:  178 10:19:18    -1306.797689        0.037739
FIRE:  179 10:19:38    -1306.798187        0.037613
FIRE:  180 10:19:57    -1306.798843        0.037381
FIRE:  181 10:20:17    -1306.799616        0.036993
FIRE:  182 10:20:37    -1306.800497        0.036383
FIRE:  183 10:20:57    -1306.801476        0.035476
FIRE:  184 10:21:17    -1306.802500        0.034198
FIRE:  185 10:21:36    -1306.803661        0.032281
FIRE:  186 10:21:56    -1306.804963        0.029529
FIRE:  187 10:22:16    -1306.806400        0.025807
FIRE:  188 10:22:36    -1306.807915        0.021113
FIRE:  189 10:22:55    -1306.809421        0.018810
FIRE:  190 10:23:15    -1306.810900        0.011723
FIRE:  191 10:23:35    -1306.812331        0.019752
FIRE:  192 10:23:55    -1306.813697        0.010131
FIRE:  193 10:24:15    -1306.814971        0.012489
FIRE:  194 10:24:34    -1306.816264        0.022973
FIRE:  195 10:24:54    -1306.817616        0.020634
FIRE:  196 10:25:14    -1306.818941        0.024841
FIRE:  197 10:25:34    -1306.820101        0.052214
FIRE:  198 10:25:54    -1306.820391        0.128846
FIRE:  199 10:26:14    -1306.821399        0.014962
FIRE:  200 10:26:34    -1306.820931        0.117219
FIRE:  201 10:26:53    -1306.821232        0.089351
FIRE:  202 10:27:13    -1306.821578        0.041220
FIRE:  203 10:27:33    -1306.821703        0.016403
FIRE:  204 10:27:53    -1306.821708        0.015563
FIRE:  205 10:28:13    -1306.821719        0.013935
FIRE:  206 10:28:32    -1306.821735        0.011623
FIRE:  207 10:28:52    -1306.821754        0.008788
MACE calculation complete. Energy written to MACE_OUTCAR: -1306.821754 eV
Job ended on: Thu 12 Jun 09:28:54 UTC 2025
