Si Bulk DFT energetics calculations using VASP
Running on host: comp061
Working directory: /lustre/home/ah1365/projects/127870/upgrade_report/case_studies/common/structures/interfaces/264_Si156Sn108_001_001_a0.276923_b0.041026_c2.1_interface1shift6swap6
Job started on: Thu 12 Jun 01:56:13 UTC 2025
cuequivariance or cuequivariance_torch is not available. Cuequivariance acceleration will be disabled.
Using Materials Project MACE for MACECalculator with /lustre/home/ah1365/.cache/mace/MACE_MPtrj_20229model
Using float64 for MACECalculator, which is slower but more accurate. Recommended for geometry optimization.
Using TorchDFTD3Calculator for D3 dispersion corrections
      Step     Time          Energy          fmax
FIRE:    0 02:56:45    -1221.093267        4.724603
FIRE:    1 02:57:04    -1227.563743        4.097808
FIRE:    2 02:57:24    -1233.331463        3.993666
FIRE:    3 02:57:43    -1238.469682        3.850609
FIRE:    4 02:58:03    -1243.043503        3.670483
FIRE:    5 02:58:22    -1247.111463        3.457591
FIRE:    6 02:58:42    -1250.726396        3.217967
FIRE:    7 02:59:01    -1253.936789        2.958829
FIRE:    8 02:59:21    -1256.790291        2.687228
FIRE:    9 02:59:40    -1259.332339        2.410888
FIRE:   10 02:59:59    -1261.606195        2.144677
FIRE:   11 03:00:19    -1263.651460        1.911541
FIRE:   12 03:00:38    -1265.501882        1.674919
FIRE:   13 03:00:58    -1267.184393        1.449246
FIRE:   14 03:01:18    -1268.719739        1.250199
FIRE:   15 03:01:37    -1270.123879        1.081458
FIRE:   16 03:01:56    -1271.409417        1.003985
FIRE:   17 03:02:16    -1272.588223        0.943421
FIRE:   18 03:02:36    -1273.673289        0.890182
FIRE:   19 03:02:55    -1274.680005        0.845446
FIRE:   20 03:03:15    -1275.626233        0.845131
FIRE:   21 03:03:34    -1276.530459        0.850785
FIRE:   22 03:03:54    -1277.409533        0.860788
FIRE:   23 03:04:13    -1278.275148        0.872369
FIRE:   24 03:04:33    -1279.132038        0.880491
FIRE:   25 03:04:52    -1279.977575        0.876934
FIRE:   26 03:05:12    -1280.804035        0.852509
FIRE:   27 03:05:31    -1281.602180        0.861480
FIRE:   28 03:05:51    -1282.363574        0.834599
FIRE:   29 03:06:10    -1283.082355        0.764906
FIRE:   30 03:06:30    -1283.755388        0.655640
FIRE:   31 03:06:49    -1284.382616        0.622918
FIRE:   32 03:07:09    -1284.965513        0.616450
FIRE:   33 03:07:28    -1285.507905        0.601177
FIRE:   34 03:07:48    -1286.014684        0.572225
FIRE:   35 03:08:07    -1286.489500        0.523890
FIRE:   36 03:08:27    -1286.934006        0.530559
FIRE:   37 03:08:46    -1287.348169        0.556703
FIRE:   38 03:09:06    -1287.730834        0.576827
FIRE:   39 03:09:25    -1288.081200        0.591219
FIRE:   40 03:09:45    -1288.400464        0.603483
FIRE:   41 03:10:04    -1288.692298        0.613861
FIRE:   42 03:10:24    -1288.962195        0.610870
FIRE:   43 03:10:43    -1289.215486        0.583274
FIRE:   44 03:11:03    -1289.457573        0.617278
FIRE:   45 03:11:22    -1289.694126        0.660902
FIRE:   46 03:11:42    -1289.928542        0.663361
FIRE:   47 03:12:01    -1290.160920        0.627773
FIRE:   48 03:12:21    -1290.390036        0.603797
FIRE:   49 03:12:40    -1290.614588        0.546124
FIRE:   50 03:13:00    -1290.833068        0.544207
FIRE:   51 03:13:19    -1291.045284        0.594295
FIRE:   52 03:13:39    -1291.252544        0.652732
FIRE:   53 03:13:59    -1291.456719        0.654859
FIRE:   54 03:14:18    -1291.659751        0.632746
FIRE:   55 03:14:38    -1291.864752        0.635190
FIRE:   56 03:14:57    -1292.073398        0.597688
FIRE:   57 03:15:17    -1292.285251        0.588383
FIRE:   58 03:15:36    -1292.498585        0.573348
FIRE:   59 03:15:56    -1292.709865        0.708399
FIRE:   60 03:16:15    -1292.916480        0.946104
FIRE:   61 03:16:35    -1293.123185        1.207469
FIRE:   62 03:16:54    -1293.343437        1.362167
FIRE:   63 03:17:14    -1293.588499        1.299130
FIRE:   64 03:17:34    -1293.856963        1.063034
FIRE:   65 03:17:53    -1294.139244        0.890170
FIRE:   66 03:18:13    -1294.426090        0.896284
FIRE:   67 03:18:33    -1294.712190        0.822630
FIRE:   68 03:18:52    -1294.995219        0.798005
FIRE:   69 03:19:12    -1295.270979        0.825734
FIRE:   70 03:19:31    -1295.532582        0.968479
FIRE:   71 03:19:51    -1295.776257        1.115849
FIRE:   72 03:20:10    -1296.007511        1.156487
FIRE:   73 03:20:30    -1296.227900        1.049193
FIRE:   74 03:20:50    -1296.428332        0.815163
FIRE:   75 03:21:09    -1296.595261        0.834754
FIRE:   76 03:21:29    -1296.716100        0.979839
FIRE:   77 03:21:49    -1296.790948        1.375405
FIRE:   78 03:22:08    -1296.843882        1.630626
FIRE:   79 03:22:28    -1296.909408        1.560667
FIRE:   80 03:22:47    -1296.997776        1.231925
FIRE:   81 03:23:07    -1297.087304        1.035656
FIRE:   82 03:23:27    -1297.158054        1.222893
FIRE:   83 03:23:46    -1297.213740        1.226007
FIRE:   84 03:24:06    -1297.267101        1.002204
FIRE:   85 03:24:25    -1297.323936        0.834569
FIRE:   86 03:24:45    -1297.386098        0.901961
FIRE:   87 03:25:05    -1297.455459        1.054610
FIRE:   88 03:25:24    -1297.530843        1.076078
FIRE:   89 03:25:44    -1297.605755        0.987200
FIRE:   90 03:26:04    -1297.671828        0.828745
FIRE:   91 03:26:23    -1297.722796        0.631319
FIRE:   92 03:26:43    -1298.153652        0.448729
FIRE:   93 03:27:03    -1298.402584        0.386505
FIRE:   94 03:27:22    -1298.577624        0.483674
FIRE:   95 03:27:42    -1298.735141        0.330630
FIRE:   96 03:28:01    -1298.884591        0.368357
FIRE:   97 03:28:21    -1299.028739        0.371889
FIRE:   98 03:28:41    -1299.156726        0.313565
FIRE:   99 03:29:00    -1299.259788        0.205178
FIRE:  100 03:29:20    -1299.339570        0.209850
FIRE:  101 03:29:40    -1299.412625        0.229513
FIRE:  102 03:29:59    -1299.488984        0.318283
FIRE:  103 03:30:19    -1299.564586        0.295676
FIRE:  104 03:30:38    -1299.635892        0.191399
FIRE:  105 03:30:58    -1299.707002        0.189235
FIRE:  106 03:31:18    -1299.774371        0.173884
FIRE:  107 03:31:37    -1299.836167        0.118272
FIRE:  108 03:31:57    -1299.893691        0.123852
FIRE:  109 03:32:16    -1299.948407        0.127616
FIRE:  110 03:32:36    -1300.005218        0.136691
FIRE:  111 03:32:56    -1300.066102        0.147418
FIRE:  112 03:33:15    -1300.129383        0.169664
FIRE:  113 03:33:35    -1300.194590        0.195280
FIRE:  114 03:33:55    -1300.263151        0.222566
FIRE:  115 03:34:14    -1300.334035        0.230097
FIRE:  116 03:34:34    -1300.403967        0.171908
FIRE:  117 03:34:54    -1300.468578        0.200979
FIRE:  118 03:35:13    -1300.526122        0.301941
FIRE:  119 03:35:33    -1300.580238        0.265519
FIRE:  120 03:35:52    -1300.629144        0.220160
FIRE:  121 03:36:12    -1300.670737        0.310527
FIRE:  122 03:36:32    -1300.711236        0.250217
FIRE:  123 03:36:51    -1300.749975        0.239302
FIRE:  124 03:37:11    -1300.782813        0.267185
FIRE:  125 03:37:31    -1300.813084        0.231815
FIRE:  126 03:37:50    -1300.841599        0.218660
FIRE:  127 03:38:10    -1300.867417        0.202048
FIRE:  128 03:38:30    -1300.893847        0.214342
FIRE:  129 03:38:49    -1300.924055        0.193055
FIRE:  130 03:39:09    -1300.954985        0.168168
FIRE:  131 03:39:29    -1300.978737        0.180671
FIRE:  132 03:39:48    -1300.994057        0.224097
FIRE:  133 03:40:08    -1301.041181        0.209048
FIRE:  134 03:40:28    -1301.060551        0.091652
FIRE:  135 03:40:47    -1301.071261        0.131017
FIRE:  136 03:41:07    -1301.073975        0.107783
FIRE:  137 03:41:26    -1301.078347        0.083130
FIRE:  138 03:41:46    -1301.083134        0.084697
FIRE:  139 03:42:06    -1301.088044        0.086460
FIRE:  140 03:42:25    -1301.093789        0.087851
FIRE:  141 03:42:45    -1301.101042        0.088049
FIRE:  142 03:43:05    -1301.109713        0.086003
FIRE:  143 03:43:24    -1301.120160        0.079529
FIRE:  144 03:43:44    -1301.131937        0.075709
FIRE:  145 03:44:03    -1301.144990        0.077382
FIRE:  146 03:44:23    -1301.159271        0.086894
FIRE:  147 03:44:43    -1301.174766        0.099548
FIRE:  148 03:45:02    -1301.192373        0.114562
FIRE:  149 03:45:22    -1301.213520        0.120800
FIRE:  150 03:45:42    -1301.238206        0.089404
FIRE:  151 03:46:01    -1301.262688        0.131249
FIRE:  152 03:46:21    -1301.289112        0.151189
FIRE:  153 03:46:41    -1301.321176        0.133200
FIRE:  154 03:47:00    -1301.350009        0.119338
FIRE:  155 03:47:20    -1301.369185        0.127835
FIRE:  156 03:47:40    -1301.377571        0.255407
FIRE:  157 03:47:59    -1301.387365        0.135438
FIRE:  158 03:48:19    -1301.395796        0.063729
FIRE:  159 03:48:39    -1301.399849        0.141692
FIRE:  160 03:48:58    -1301.404186        0.161651
FIRE:  161 03:49:18    -1301.411731        0.129457
FIRE:  162 03:49:37    -1301.421534        0.072366
FIRE:  163 03:49:57    -1301.430568        0.070490
FIRE:  164 03:50:17    -1301.439222        0.125697
FIRE:  165 03:50:36    -1301.450375        0.098930
FIRE:  166 03:50:56    -1301.465036        0.106354
FIRE:  167 03:51:16    -1301.482885        0.158140
FIRE:  168 03:51:35    -1301.513591        0.184511
FIRE:  169 03:51:55    -1301.546124        0.176762
FIRE:  170 03:52:15    -1301.561415        0.265455
FIRE:  171 03:52:35    -1301.572611        0.165167
FIRE:  172 03:52:54    -1301.582921        0.074188
FIRE:  173 03:53:14    -1301.587554        0.123070
FIRE:  174 03:53:34    -1301.590190        0.181083
FIRE:  175 03:53:53    -1301.595462        0.190268
FIRE:  176 03:54:13    -1301.604108        0.154528
FIRE:  177 03:54:33    -1301.612811        0.078483
FIRE:  178 03:54:52    -1301.620420        0.125244
FIRE:  179 03:55:12    -1301.627421        0.099298
FIRE:  180 03:55:32    -1301.636943        0.077896
FIRE:  181 03:55:51    -1301.647933        0.096126
FIRE:  182 03:56:11    -1301.662618        0.107659
FIRE:  183 03:56:31    -1301.680680        0.103453
FIRE:  184 03:56:50    -1301.689075        0.218354
FIRE:  185 03:57:10    -1301.697907        0.121313
FIRE:  186 03:57:30    -1301.701416        0.187014
FIRE:  187 03:57:49    -1301.702858        0.142399
FIRE:  188 03:58:09    -1301.704767        0.074846
FIRE:  189 03:58:29    -1301.706118        0.075516
FIRE:  190 03:58:48    -1301.706880        0.097631
FIRE:  191 03:59:08    -1301.707942        0.130147
FIRE:  192 03:59:28    -1301.709889        0.118243
FIRE:  193 03:59:47    -1301.712419        0.077930
FIRE:  194 04:00:07    -1301.714983        0.077187
FIRE:  195 04:00:27    -1301.717211        0.083862
FIRE:  196 04:00:46    -1301.720078        0.101717
FIRE:  197 04:01:06    -1301.724146        0.056790
FIRE:  198 04:01:26    -1301.727786        0.058180
FIRE:  199 04:01:46    -1301.731247        0.090198
FIRE:  200 04:02:06    -1301.735472        0.040542
FIRE:  201 04:02:25    -1301.738917        0.087141
FIRE:  202 04:02:45    -1301.743727        0.036441
FIRE:  203 04:03:05    -1301.747759        0.095465
FIRE:  204 04:03:24    -1301.752131        0.048224
FIRE:  205 04:03:44    -1301.754746        0.031476
FIRE:  206 04:04:04    -1301.755215        0.095377
FIRE:  207 04:04:23    -1301.756303        0.038199
FIRE:  208 04:04:43    -1301.756859        0.052097
FIRE:  209 04:05:03    -1301.756995        0.042729
FIRE:  210 04:05:23    -1301.757213        0.025705
FIRE:  211 04:05:42    -1301.757445        0.021164
FIRE:  212 04:06:02    -1301.757652        0.018338
FIRE:  213 04:06:22    -1301.757853        0.030885
FIRE:  214 04:06:41    -1301.758080        0.036148
FIRE:  215 04:07:01    -1301.758357        0.031402
FIRE:  216 04:07:21    -1301.758693        0.016402
FIRE:  217 04:07:40    -1301.759018        0.010430
FIRE:  218 04:08:00    -1301.759304        0.023733
FIRE:  219 04:08:20    -1301.759625        0.025872
FIRE:  220 04:08:39    -1301.760005        0.011958
FIRE:  221 04:08:59    -1301.760351        0.018052
FIRE:  222 04:09:19    -1301.760707        0.023997
FIRE:  223 04:09:39    -1301.761130        0.007956
MACE calculation complete. Energy written to MACE_OUTCAR: -1301.761130 eV
Job ended on: Thu 12 Jun 03:09:40 UTC 2025
