Si Bulk DFT energetics calculations using VASP
Running on host: comp022
Working directory: /lustre/home/ah1365/projects/127870/upgrade_report/case_studies/common/structures/interfaces/96_Si48Sn48_112_111_a0.849462_b0.150327_c1.480958_interface2shift2
Job started on: Wed  4 Jun 10:54:51 UTC 2025
cuequivariance or cuequivariance_torch is not available. Cuequivariance acceleration will be disabled.
Using Materials Project MACE for MACECalculator with /lustre/home/ah1365/.cache/mace/MACE_MPtrj_20229model
Using float64 for MACECalculator, which is slower but more accurate. Recommended for geometry optimization.
Using TorchDFTD3Calculator for D3 dispersion corrections
      Step     Time          Energy          fmax
FIRE:    0 11:55:05     -407.002928       45.392477
FIRE:    1 11:55:12     -427.413323       29.963256
FIRE:    2 11:55:20     -440.343620       18.755762
FIRE:    3 11:55:27     -448.494119       10.962282
FIRE:    4 11:55:34     -453.130452        6.382588
FIRE:    5 11:55:41     -455.522964        3.522148
FIRE:    6 11:55:48     -456.616398        4.658297
FIRE:    7 11:55:55     -457.191908        5.291343
FIRE:    8 11:56:02     -457.687253        5.321688
FIRE:    9 11:56:09     -458.276682        4.831685
FIRE:   10 11:56:17     -458.919704        3.702002
FIRE:   11 11:56:24     -459.479301        2.535124
FIRE:   12 11:56:31     -459.882348        1.723525
FIRE:   13 11:56:38     -460.134154        1.583791
FIRE:   14 11:56:45     -460.293013        1.507989
FIRE:   15 11:56:52     -460.419467        1.497944
FIRE:   16 11:56:59     -460.544219        1.528635
FIRE:   17 11:57:07     -460.672694        1.552791
FIRE:   18 11:57:14     -460.807342        1.532900
FIRE:   19 11:57:21     -460.978648        1.520759
FIRE:   20 11:57:28     -461.245296        1.519642
FIRE:   21 11:57:35     -461.637038        1.510100
FIRE:   22 11:57:43     -462.113254        1.474534
FIRE:   23 11:57:50     -462.590114        1.386206
FIRE:   24 11:57:57     -462.991586        1.229118
FIRE:   25 11:58:04     -463.284246        1.006746
FIRE:   26 11:58:11     -463.493137        1.122117
FIRE:   27 11:58:18     -463.689688        1.377156
FIRE:   28 11:58:26     -463.911277        1.218103
FIRE:   29 11:58:33     -464.124259        1.076290
FIRE:   30 11:58:40     -464.321349        1.120829
FIRE:   31 11:58:47     -464.511593        0.855041
FIRE:   32 11:58:54     -464.661036        0.714811
FIRE:   33 11:59:01     -464.778413        1.049157
FIRE:   34 11:59:09     -464.910041        1.122903
FIRE:   35 11:59:16     -465.065779        0.831730
FIRE:   36 11:59:23     -465.233244        0.619387
FIRE:   37 11:59:30     -465.411470        0.535594
FIRE:   38 11:59:37     -465.591904        0.467051
FIRE:   39 11:59:44     -465.760800        0.524682
FIRE:   40 11:59:52     -465.911769        0.545791
FIRE:   41 11:59:59     -466.042397        0.462709
FIRE:   42 12:00:06     -466.157408        0.482352
FIRE:   43 12:00:13     -466.274646        0.473668
FIRE:   44 12:00:20     -466.411679        0.453730
FIRE:   45 12:00:27     -466.568109        0.480541
FIRE:   46 12:00:35     -466.731724        0.485736
FIRE:   47 12:00:42     -466.895806        0.450792
FIRE:   48 12:00:49     -467.061735        0.513076
FIRE:   49 12:00:56     -467.230672        0.444555
FIRE:   50 12:01:03     -467.401962        0.392482
FIRE:   51 12:01:11     -467.575804        0.401714
FIRE:   52 12:01:18     -467.752471        0.391418
FIRE:   53 12:01:25     -467.928835        0.349339
FIRE:   54 12:01:32     -468.096402        0.348819
FIRE:   55 12:01:39     -468.247370        0.413387
FIRE:   56 12:01:47     -468.386471        0.618306
FIRE:   57 12:01:54     -468.529993        0.724956
FIRE:   58 12:02:01     -468.691010        0.668823
FIRE:   59 12:02:08     -468.865004        0.509972
FIRE:   60 12:02:15     -469.036660        0.414254
FIRE:   61 12:02:22     -469.198560        0.408489
FIRE:   62 12:02:30     -469.354481        0.461644
FIRE:   63 12:02:37     -469.508354        0.490960
FIRE:   64 12:02:44     -469.656736        0.461264
FIRE:   65 12:02:51     -469.792803        0.369147
FIRE:   66 12:02:58     -469.912243        0.275436
FIRE:   67 12:03:06     -470.015870        0.366173
FIRE:   68 12:03:13     -470.109010        0.401320
FIRE:   69 12:03:20     -470.199082        0.425092
FIRE:   70 12:03:27     -470.291872        0.415436
FIRE:   71 12:03:34     -470.387108        0.393623
FIRE:   72 12:03:42     -470.479441        0.370869
FIRE:   73 12:03:49     -470.564330        0.318184
FIRE:   74 12:03:56     -470.640962        0.314752
FIRE:   75 12:04:03     -470.709330        0.252551
FIRE:   76 12:04:10     -470.767783        0.286037
FIRE:   77 12:04:18     -470.815486        0.289133
FIRE:   78 12:04:25     -470.853722        0.294973
FIRE:   79 12:04:32     -470.883423        0.313662
FIRE:   80 12:04:39     -470.903929        0.294492
FIRE:   81 12:04:47     -470.913213        0.279011
FIRE:   82 12:04:54     -471.055024        0.216053
FIRE:   83 12:05:01     -471.162494        0.157087
FIRE:   84 12:05:08     -471.246455        0.174945
FIRE:   85 12:05:15     -471.320074        0.138509
FIRE:   86 12:05:23     -471.380219        0.130472
FIRE:   87 12:05:30     -471.426727        0.117968
FIRE:   88 12:05:37     -471.471902        0.112014
FIRE:   89 12:05:44     -471.515270        0.103354
FIRE:   90 12:05:51     -471.556131        0.095263
FIRE:   91 12:05:58     -471.590011        0.091945
FIRE:   92 12:06:06     -471.621509        0.120315
FIRE:   93 12:06:13     -471.656829        0.132142
FIRE:   94 12:06:20     -471.699125        0.129957
FIRE:   95 12:06:27     -471.748167        0.120393
FIRE:   96 12:06:35     -471.799425        0.114182
FIRE:   97 12:06:42     -471.855829        0.127827
FIRE:   98 12:06:49     -471.918048        0.163146
FIRE:   99 12:06:56     -471.988106        0.194455
FIRE:  100 12:07:03     -472.067708        0.218158
FIRE:  101 12:07:10     -472.154989        0.225089
FIRE:  102 12:07:18     -472.245296        0.205256
FIRE:  103 12:07:25     -472.331728        0.163390
FIRE:  104 12:07:32     -472.408551        0.164082
FIRE:  105 12:07:39     -472.476173        0.161465
FIRE:  106 12:07:47     -472.540246        0.153844
FIRE:  107 12:07:54     -472.603199        0.146623
FIRE:  108 12:08:01     -472.660700        0.134913
FIRE:  109 12:08:08     -472.710293        0.118218
FIRE:  110 12:08:15     -472.756034        0.132362
FIRE:  111 12:08:22     -472.802192        0.132421
FIRE:  112 12:08:30     -472.849246        0.152370
FIRE:  113 12:08:37     -472.896136        0.161801
FIRE:  114 12:08:44     -472.942233        0.152231
FIRE:  115 12:08:51     -472.986098        0.122246
FIRE:  116 12:08:58     -473.025132        0.104608
FIRE:  117 12:09:06     -473.058148        0.097289
FIRE:  118 12:09:13     -473.086327        0.137160
FIRE:  119 12:09:20     -473.112417        0.163217
FIRE:  120 12:09:27     -473.138555        0.164003
FIRE:  121 12:09:36     -473.165112        0.140532
FIRE:  122 12:09:43     -473.192368        0.149695
FIRE:  123 12:09:50     -473.223554        0.165946
FIRE:  124 12:09:57     -473.263682        0.174595
FIRE:  125 12:10:04     -473.313214        0.158664
FIRE:  126 12:10:12     -473.364598        0.110012
FIRE:  127 12:10:19     -473.407593        0.107978
FIRE:  128 12:10:26     -473.437307        0.106831
FIRE:  129 12:10:33     -473.455633        0.156926
FIRE:  130 12:10:41     -473.468820        0.204181
FIRE:  131 12:10:48     -473.483280        0.208421
FIRE:  132 12:10:55     -473.499810        0.173138
FIRE:  133 12:11:02     -473.514811        0.148587
FIRE:  134 12:11:09     -473.528190        0.160289
FIRE:  135 12:11:17     -473.543820        0.159574
FIRE:  136 12:11:24     -473.562379        0.130651
FIRE:  137 12:11:31     -473.581170        0.192646
FIRE:  138 12:11:38     -473.600975        0.216700
FIRE:  139 12:11:45     -473.623740        0.184026
FIRE:  140 12:11:53     -473.646005        0.120342
FIRE:  141 12:12:00     -473.661806        0.133284
FIRE:  142 12:12:07     -473.715721        0.086585
FIRE:  143 12:12:14     -473.757590        0.083154
FIRE:  144 12:12:21     -473.785425        0.086060
FIRE:  145 12:12:29     -473.802195        0.158959
FIRE:  146 12:12:36     -473.809461        0.061418
FIRE:  147 12:12:43     -473.813190        0.140353
FIRE:  148 12:12:50     -473.821377        0.087703
FIRE:  149 12:12:58     -473.827393        0.084816
FIRE:  150 12:13:05     -473.831388        0.115239
FIRE:  151 12:13:12     -473.837263        0.032267
FIRE:  152 12:13:19     -473.839838        0.101261
FIRE:  153 12:13:26     -473.845245        0.036521
FIRE:  154 12:13:34     -473.849176        0.110935
FIRE:  155 12:13:41     -473.856395        0.035537
FIRE:  156 12:13:48     -473.861807        0.062502
FIRE:  157 12:13:55     -473.865513        0.135921
FIRE:  158 12:14:02     -473.868209        0.039553
FIRE:  159 12:14:10     -473.868262        0.079920
FIRE:  160 12:14:17     -473.868596        0.066814
FIRE:  161 12:14:24     -473.869086        0.042584
FIRE:  162 12:14:31     -473.869500        0.018278
FIRE:  163 12:14:39     -473.869711        0.022357
FIRE:  164 12:14:46     -473.869816        0.043668
FIRE:  165 12:14:53     -473.870019        0.053215
FIRE:  166 12:15:00     -473.870416        0.048788
FIRE:  167 12:15:07     -473.870998        0.029973
FIRE:  168 12:15:14     -473.871565        0.016775
FIRE:  169 12:15:22     -473.871980        0.029515
FIRE:  170 12:15:29     -473.872479        0.040878
FIRE:  171 12:15:36     -473.873266        0.027184
FIRE:  172 12:15:43     -473.874137        0.014201
FIRE:  173 12:15:51     -473.874896        0.036450
FIRE:  174 12:15:58     -473.876049        0.020131
FIRE:  175 12:16:05     -473.877211        0.025525
FIRE:  176 12:16:12     -473.878558        0.024736
FIRE:  177 12:16:20     -473.880067        0.029318
FIRE:  178 12:16:27     -473.881774        0.010572
FIRE:  179 12:16:34     -473.883437        0.041788
FIRE:  180 12:16:41     -473.885386        0.044758
FIRE:  181 12:16:48     -473.887384        0.045710
FIRE:  182 12:16:56     -473.888862        0.078742
FIRE:  183 12:17:03     -473.889771        0.010959
FIRE:  184 12:17:10     -473.889304        0.065205
FIRE:  185 12:17:17     -473.889564        0.050765
FIRE:  186 12:17:25     -473.889879        0.024810
FIRE:  187 12:17:32     -473.890008        0.011196
FIRE:  188 12:17:39     -473.890012        0.011194
FIRE:  189 12:17:46     -473.890021        0.011191
FIRE:  190 12:17:53     -473.890033        0.011185
FIRE:  191 12:18:01     -473.890048        0.011177
FIRE:  192 12:18:08     -473.890067        0.011168
FIRE:  193 12:18:15     -473.890088        0.011156
FIRE:  194 12:18:22     -473.890113        0.011143
FIRE:  195 12:18:30     -473.890143        0.011125
FIRE:  196 12:18:37     -473.890182        0.011102
FIRE:  197 12:18:44     -473.890230        0.011073
FIRE:  198 12:18:51     -473.890288        0.011034
FIRE:  199 12:18:59     -473.890362        0.010983
FIRE:  200 12:19:06     -473.890450        0.010916
FIRE:  201 12:19:13     -473.890566        0.010826
FIRE:  202 12:19:20     -473.890704        0.010707
FIRE:  203 12:19:27     -473.890882        0.010550
FIRE:  204 12:19:35     -473.891092        0.010351
FIRE:  205 12:19:42     -473.891343        0.010104
FIRE:  206 12:19:49     -473.891646        0.009812
MACE calculation complete. Energy written to MACE_OUTCAR: -473.891646 eV
Job ended on: Wed  4 Jun 11:19:50 UTC 2025
