Si Bulk DFT energetics calculations using VASP
Running on host: comp117
Working directory: /lustre/home/ah1365/projects/127870/upgrade_report/case_studies/common/structures/interfaces/264_Sn108Si156_001_001_a0.07732_b0.082474_c2.1_interface2shift6swap3
Job started on: Fri 13 Jun 12:28:54 UTC 2025
cuequivariance or cuequivariance_torch is not available. Cuequivariance acceleration will be disabled.
Using Materials Project MACE for MACECalculator with /lustre/home/ah1365/.cache/mace/MACE_MPtrj_20229model
Using float64 for MACECalculator, which is slower but more accurate. Recommended for geometry optimization.
Using TorchDFTD3Calculator for D3 dispersion corrections
      Step     Time          Energy          fmax
FIRE:    0 13:29:49    -1227.515374        8.032142
FIRE:    1 13:30:09    -1235.143760        6.425733
FIRE:    2 13:30:30    -1241.735588        5.175673
FIRE:    3 13:30:49    -1247.466471        4.343861
FIRE:    4 13:31:09    -1252.472891        3.699310
FIRE:    5 13:31:29    -1256.864796        3.129765
FIRE:    6 13:31:49    -1260.728734        2.635749
FIRE:    7 13:32:09    -1264.132212        2.249445
FIRE:    8 13:32:29    -1267.133222        2.011681
FIRE:    9 13:32:49    -1269.782364        1.807807
FIRE:   10 13:33:08    -1272.127843        1.635345
FIRE:   11 13:33:28    -1274.217170        1.548754
FIRE:   12 13:33:48    -1276.096613        1.460805
FIRE:   13 13:34:08    -1277.808920        1.400918
FIRE:   14 13:34:28    -1279.390537        1.352573
FIRE:   15 13:34:48    -1280.869948        1.290119
FIRE:   16 13:35:08    -1282.266874        1.213123
FIRE:   17 13:35:28    -1283.593581        1.121786
FIRE:   18 13:35:48    -1284.857252        1.035768
FIRE:   19 13:36:08    -1286.062068        1.001627
FIRE:   20 13:36:28    -1287.211233        0.968436
FIRE:   21 13:36:48    -1288.307916        0.934194
FIRE:   22 13:37:08    -1289.355202        0.896123
FIRE:   23 13:37:28    -1290.355493        0.850964
FIRE:   24 13:37:48    -1291.309511        0.796002
FIRE:   25 13:38:08    -1292.215863        0.730426
FIRE:   26 13:38:28    -1293.070941        0.655974
FIRE:   27 13:38:48    -1293.869953        0.623315
FIRE:   28 13:39:08    -1294.608365        0.637298
FIRE:   29 13:39:28    -1295.283593        0.649447
FIRE:   30 13:39:48    -1295.896192        0.654890
FIRE:   31 13:40:08    -1296.450517        0.648754
FIRE:   32 13:40:28    -1296.952700        0.626849
FIRE:   33 13:40:48    -1297.409798        0.586404
FIRE:   34 13:41:08    -1297.828549        0.527182
FIRE:   35 13:41:28    -1298.214539        0.516372
FIRE:   36 13:41:48    -1298.571789        0.551270
FIRE:   37 13:42:08    -1298.903184        0.585088
FIRE:   38 13:42:28    -1299.211107        0.617344
FIRE:   39 13:42:48    -1299.498343        0.647785
FIRE:   40 13:43:08    -1299.769256        0.676633
FIRE:   41 13:43:27    -1300.030231        0.704255
FIRE:   42 13:43:47    -1300.288795        0.728856
FIRE:   43 13:44:07    -1300.551876        0.796527
FIRE:   44 13:44:27    -1300.823793        0.884377
FIRE:   45 13:44:47    -1301.104744        0.945396
FIRE:   46 13:45:07    -1301.386786        0.920524
FIRE:   47 13:45:27    -1301.644638        0.740484
FIRE:   48 13:45:47    -1301.855277        0.562614
FIRE:   49 13:46:07    -1302.033096        0.478418
FIRE:   50 13:46:27    -1302.186367        0.507365
FIRE:   51 13:46:47    -1302.285710        1.022841
FIRE:   52 13:47:07    -1302.287877        1.895098
FIRE:   53 13:47:27    -1302.741817        0.516774
FIRE:   54 13:47:47    -1303.021550        0.620584
FIRE:   55 13:48:07    -1303.288452        0.711740
FIRE:   56 13:48:26    -1303.581808        0.702933
FIRE:   57 13:48:46    -1303.900668        0.601121
FIRE:   58 13:49:06    -1304.223457        0.628825
FIRE:   59 13:49:26    -1304.522586        0.658183
FIRE:   60 13:49:46    -1304.777573        0.619074
FIRE:   61 13:50:06    -1304.989683        0.583946
FIRE:   62 13:50:26    -1305.180068        0.512174
FIRE:   63 13:50:46    -1305.356628        0.406421
FIRE:   64 13:51:06    -1305.503516        0.339452
FIRE:   65 13:51:26    -1305.606959        0.534211
FIRE:   66 13:51:46    -1305.677608        0.705096
FIRE:   67 13:52:06    -1305.750036        0.748349
FIRE:   68 13:52:26    -1305.851753        0.758493
FIRE:   69 13:52:46    -1305.964883        0.489302
FIRE:   70 13:53:06    -1306.053657        0.244042
FIRE:   71 13:53:26    -1306.114815        0.258617
FIRE:   72 13:53:46    -1306.167226        0.299383
FIRE:   73 13:54:06    -1306.224423        0.318053
FIRE:   74 13:54:26    -1306.290400        0.313891
FIRE:   75 13:54:46    -1306.359578        0.295201
FIRE:   76 13:55:06    -1306.420598        0.236190
FIRE:   77 13:55:26    -1306.468576        0.298029
FIRE:   78 13:55:46    -1306.509288        0.336501
FIRE:   79 13:56:06    -1306.550600        0.389386
FIRE:   80 13:56:26    -1306.595526        0.427169
FIRE:   81 13:56:46    -1306.639908        0.294526
FIRE:   82 13:57:06    -1306.677465        0.216372
FIRE:   83 13:57:26    -1306.709882        0.227991
FIRE:   84 13:57:46    -1306.743802        0.200757
FIRE:   85 13:58:06    -1306.781507        0.196669
FIRE:   86 13:58:26    -1306.818352        0.174947
FIRE:   87 13:58:46    -1306.850429        0.157268
FIRE:   88 13:59:06    -1306.884458        0.215344
FIRE:   89 13:59:26    -1306.929655        0.215068
FIRE:   90 13:59:46    -1306.984156        0.269077
FIRE:   91 14:00:06    -1307.040874        0.313970
FIRE:   92 14:00:26    -1307.098946        0.331015
FIRE:   93 14:00:46    -1307.162514        0.334445
FIRE:   94 14:01:06    -1307.233779        0.327564
FIRE:   95 14:01:26    -1307.299806        0.213515
FIRE:   96 14:01:46    -1307.324975        0.688503
FIRE:   97 14:02:06    -1307.413123        0.337423
FIRE:   98 14:02:26    -1307.436617        0.270767
FIRE:   99 14:02:46    -1307.468370        0.173173
FIRE:  100 14:03:06    -1307.502676        0.263165
FIRE:  101 14:03:26    -1307.548004        0.318836
FIRE:  102 14:03:46    -1307.601461        0.183180
FIRE:  103 14:04:06    -1307.649924        0.142679
FIRE:  104 14:04:26    -1307.695516        0.178895
FIRE:  105 14:04:46    -1307.746900        0.102125
FIRE:  106 14:05:06    -1307.790951        0.123402
FIRE:  107 14:05:26    -1307.829603        0.161944
FIRE:  108 14:05:46    -1307.867141        0.092682
FIRE:  109 14:06:06    -1307.900740        0.138947
FIRE:  110 14:06:26    -1307.932930        0.092152
FIRE:  111 14:06:46    -1307.964425        0.106381
FIRE:  112 14:07:06    -1307.997190        0.140204
FIRE:  113 14:07:26    -1308.033142        0.192872
FIRE:  114 14:07:46    -1308.074390        0.241856
FIRE:  115 14:08:06    -1308.126323        0.266697
FIRE:  116 14:08:26    -1308.186113        0.282706
FIRE:  117 14:08:46    -1308.251329        0.261164
FIRE:  118 14:09:06    -1308.315965        0.250342
FIRE:  119 14:09:26    -1308.376730        0.210723
FIRE:  120 14:09:46    -1308.421545        0.182251
FIRE:  121 14:10:06    -1308.451002        0.236417
FIRE:  122 14:10:26    -1308.479021        0.241828
FIRE:  123 14:10:46    -1308.509616        0.231393
FIRE:  124 14:11:06    -1308.540487        0.138504
FIRE:  125 14:11:26    -1308.561231        0.143989
FIRE:  126 14:11:46    -1308.573268        0.183649
FIRE:  127 14:12:06    -1308.607379        0.119212
FIRE:  128 14:12:26    -1308.628094        0.149374
FIRE:  129 14:12:46    -1308.634024        0.115258
FIRE:  130 14:13:07    -1308.640435        0.055246
FIRE:  131 14:13:27    -1308.644947        0.048527
FIRE:  132 14:13:47    -1308.648574        0.085876
FIRE:  133 14:14:07    -1308.653274        0.108534
FIRE:  134 14:14:27    -1308.660803        0.090072
FIRE:  135 14:14:47    -1308.669157        0.040519
FIRE:  136 14:15:07    -1308.676711        0.038319
FIRE:  137 14:15:27    -1308.684028        0.066336
FIRE:  138 14:15:47    -1308.693328        0.052769
FIRE:  139 14:16:07    -1308.703804        0.045578
FIRE:  140 14:16:27    -1308.713849        0.078917
FIRE:  141 14:16:47    -1308.728838        0.068261
FIRE:  142 14:17:07    -1308.751075        0.116862
FIRE:  143 14:17:27    -1308.780809        0.192641
FIRE:  144 14:17:47    -1308.822117        0.246138
FIRE:  145 14:18:07    -1308.863849        0.193556
FIRE:  146 14:18:28    -1308.873711        0.124791
FIRE:  147 14:18:48    -1308.876125        0.080133
FIRE:  148 14:19:08    -1308.878860        0.073450
FIRE:  149 14:19:28    -1308.880819        0.075523
FIRE:  150 14:19:48    -1308.883464        0.098446
FIRE:  151 14:20:08    -1308.887706        0.067639
FIRE:  152 14:20:28    -1308.892187        0.060702
FIRE:  153 14:20:48    -1308.895806        0.057929
FIRE:  154 14:21:08    -1308.900107        0.068856
FIRE:  155 14:21:28    -1308.905825        0.030699
FIRE:  156 14:21:48    -1308.910984        0.056014
FIRE:  157 14:22:08    -1308.916761        0.052971
FIRE:  158 14:22:28    -1308.923240        0.039765
FIRE:  159 14:22:48    -1308.929842        0.044587
FIRE:  160 14:23:08    -1308.937586        0.056581
FIRE:  161 14:23:28    -1308.947818        0.049525
FIRE:  162 14:23:49    -1308.962016        0.070731
FIRE:  163 14:24:09    -1308.983739        0.110083
FIRE:  164 14:24:29    -1309.011724        0.156073
FIRE:  165 14:24:49    -1309.050436        0.208129
FIRE:  166 14:25:09    -1309.102420        0.196803
FIRE:  167 14:25:29    -1309.118483        0.387333
FIRE:  168 14:25:49    -1309.138167        0.156222
FIRE:  169 14:26:09    -1309.145583        0.139619
FIRE:  170 14:26:29    -1309.147415        0.116692
FIRE:  171 14:26:49    -1309.149952        0.077327
FIRE:  172 14:27:09    -1309.152141        0.044876
FIRE:  173 14:27:29    -1309.153968        0.063658
FIRE:  174 14:27:49    -1309.156032        0.090706
FIRE:  175 14:28:09    -1309.158502        0.099577
FIRE:  176 14:28:29    -1309.161178        0.083660
FIRE:  177 14:28:50    -1309.164303        0.048258
FIRE:  178 14:29:10    -1309.167651        0.042294
FIRE:  179 14:29:30    -1309.170655        0.047764
FIRE:  180 14:29:50    -1309.173520        0.056626
FIRE:  181 14:30:10    -1309.176677        0.040451
FIRE:  182 14:30:30    -1309.179630        0.042045
FIRE:  183 14:30:50    -1309.182356        0.029044
FIRE:  184 14:31:10    -1309.184817        0.032705
FIRE:  185 14:31:30    -1309.187084        0.048951
FIRE:  186 14:31:50    -1309.188864        0.044292
FIRE:  187 14:32:10    -1309.189313        0.023123
FIRE:  188 14:32:30    -1309.189693        0.020452
FIRE:  189 14:32:50    -1309.189921        0.035963
FIRE:  190 14:33:10    -1309.190313        0.023418
FIRE:  191 14:33:30    -1309.190790        0.023997
FIRE:  192 14:33:50    -1309.191252        0.029193
FIRE:  193 14:34:11    -1309.191780        0.022705
FIRE:  194 14:34:33    -1309.192291        0.011233
FIRE:  195 14:34:53    -1309.192713        0.027135
FIRE:  196 14:35:13    -1309.193263        0.018379
FIRE:  197 14:35:34    -1309.193766        0.027249
FIRE:  198 14:35:54    -1309.194317        0.012902
FIRE:  199 14:36:14    -1309.194798        0.020592
FIRE:  200 14:36:34    -1309.195342        0.031804
FIRE:  201 14:36:54    -1309.195889        0.033238
FIRE:  202 14:37:14    -1309.196489        0.043873
FIRE:  203 14:37:34    -1309.196780        0.006796
MACE calculation complete. Energy written to MACE_OUTCAR: -1309.196780 eV
Job ended on: Fri 13 Jun 13:37:46 UTC 2025
