Si Bulk DFT energetics calculations using VASP
Running on host: comp027
Working directory: /lustre/home/ah1365/projects/127870/upgrade_report/case_studies/common/structures/interfaces/264_Sn108Si156_001_001_a0.07732_b0.082474_c2.1_interface2shift1swap8
Job started on: Thu 12 Jun 10:50:17 UTC 2025
cuequivariance or cuequivariance_torch is not available. Cuequivariance acceleration will be disabled.
Using Materials Project MACE for MACECalculator with /lustre/home/ah1365/.cache/mace/MACE_MPtrj_20229model
Using float64 for MACECalculator, which is slower but more accurate. Recommended for geometry optimization.
Using TorchDFTD3Calculator for D3 dispersion corrections
      Step     Time          Energy          fmax
FIRE:    0 11:50:50    -1229.533825        8.610911
FIRE:    1 11:51:11    -1237.238300        6.682604
FIRE:    2 11:51:31    -1243.887901        5.241614
FIRE:    3 11:51:50    -1249.660915        4.325063
FIRE:    4 11:52:10    -1254.694522        3.700003
FIRE:    5 11:52:30    -1259.099455        3.139821
FIRE:    6 11:52:49    -1262.963768        2.649571
FIRE:    7 11:53:09    -1266.357249        2.232311
FIRE:    8 11:53:29    -1269.340522        2.031981
FIRE:    9 11:53:48    -1271.967006        1.882368
FIRE:   10 11:54:08    -1274.286904        1.741324
FIRE:   11 11:54:28    -1276.347982        1.605453
FIRE:   12 11:54:47    -1278.194601        1.471862
FIRE:   13 11:55:07    -1279.865942        1.371693
FIRE:   14 11:55:27    -1281.393871        1.304561
FIRE:   15 11:55:47    -1282.802449        1.212013
FIRE:   16 11:56:06    -1284.108851        1.153330
FIRE:   17 11:56:26    -1285.325739        1.098304
FIRE:   18 11:56:46    -1286.465251        1.042772
FIRE:   19 11:57:06    -1287.541658        0.988493
FIRE:   20 11:57:25    -1288.571512        0.933929
FIRE:   21 11:57:45    -1289.570230        0.875358
FIRE:   22 11:58:05    -1290.548643        0.809603
FIRE:   23 11:58:25    -1291.511320        0.736372
FIRE:   24 11:58:44    -1292.457092        0.702012
FIRE:   25 11:59:04    -1293.381062        0.677375
FIRE:   26 11:59:24    -1294.276911        0.694370
FIRE:   27 11:59:44    -1295.138295        0.735777
FIRE:   28 12:00:03    -1295.960233        0.772695
FIRE:   29 12:00:23    -1296.739524        0.798425
FIRE:   30 12:00:43    -1297.474432        0.805411
FIRE:   31 12:01:03    -1298.164099        0.787842
FIRE:   32 12:01:22    -1298.806812        0.745145
FIRE:   33 12:01:42    -1299.400943        0.683933
FIRE:   34 12:02:02    -1299.946057        0.617019
FIRE:   35 12:02:22    -1300.442986        0.572343
FIRE:   36 12:02:41    -1300.893879        0.579563
FIRE:   37 12:03:01    -1301.301093        0.599723
FIRE:   38 12:03:21    -1301.666506        0.609915
FIRE:   39 12:03:41    -1301.990448        0.631076
FIRE:   40 12:04:00    -1302.271345        0.645694
FIRE:   41 12:04:20    -1302.508282        0.640246
FIRE:   42 12:04:40    -1302.703875        0.680996
FIRE:   43 12:05:00    -1302.864376        0.825628
FIRE:   44 12:05:19    -1302.997097        0.901009
FIRE:   45 12:05:39    -1303.109047        0.888741
FIRE:   46 12:05:59    -1303.209515        0.785492
FIRE:   47 12:06:19    -1303.310390        0.622239
FIRE:   48 12:06:38    -1303.417217        0.517553
FIRE:   49 12:06:58    -1303.526198        0.404402
FIRE:   50 12:07:18    -1303.631925        0.443448
FIRE:   51 12:07:38    -1303.732465        0.454409
FIRE:   52 12:07:57    -1303.828514        0.537349
FIRE:   53 12:08:17    -1303.920408        0.603559
FIRE:   54 12:08:37    -1304.007224        0.634503
FIRE:   55 12:08:56    -1304.087763        0.620595
FIRE:   56 12:09:16    -1304.161402        0.565992
FIRE:   57 12:09:36    -1304.228042        0.525924
FIRE:   58 12:09:56    -1304.287800        0.489934
FIRE:   59 12:10:16    -1304.341433        0.435227
FIRE:   60 12:10:35    -1304.390833        0.434843
FIRE:   61 12:10:55    -1304.438732        0.482909
FIRE:   62 12:11:15    -1304.486680        0.513483
FIRE:   63 12:11:35    -1304.534640        0.519888
FIRE:   64 12:11:54    -1304.581363        0.479711
FIRE:   65 12:12:14    -1304.625507        0.468381
FIRE:   66 12:12:34    -1304.666059        0.442776
FIRE:   67 12:12:54    -1304.704093        0.401373
FIRE:   68 12:13:13    -1304.742308        0.346166
FIRE:   69 12:13:33    -1304.782526        0.294939
FIRE:   70 12:13:53    -1304.823790        0.312383
FIRE:   71 12:14:13    -1304.863071        0.314083
FIRE:   72 12:14:32    -1304.897286        0.296986
FIRE:   73 12:14:52    -1305.201947        0.200131
FIRE:   74 12:15:12    -1305.382175        0.171469
FIRE:   75 12:15:32    -1305.504541        0.182491
FIRE:   76 12:15:51    -1305.594359        0.186922
FIRE:   77 12:16:11    -1305.657692        0.187925
FIRE:   78 12:16:31    -1305.701609        0.192420
FIRE:   79 12:16:51    -1305.737823        0.208343
FIRE:   80 12:17:10    -1305.780670        0.235743
FIRE:   81 12:17:30    -1305.837712        0.245897
FIRE:   82 12:17:50    -1305.911648        0.276151
FIRE:   83 12:18:10    -1305.997345        0.304945
FIRE:   84 12:18:29    -1306.081196        0.215337
FIRE:   85 12:18:49    -1306.147344        0.228284
FIRE:   86 12:19:09    -1306.202044        0.323253
FIRE:   87 12:19:28    -1306.267296        0.338189
FIRE:   88 12:19:48    -1306.337503        0.345525
FIRE:   89 12:20:08    -1306.397247        0.211470
FIRE:   90 12:20:28    -1306.436770        0.477092
FIRE:   91 12:20:47    -1306.484129        0.426506
FIRE:   92 12:21:07    -1306.542655        0.213627
FIRE:   93 12:21:27    -1306.587246        0.271779
FIRE:   94 12:21:47    -1306.623993        0.347115
FIRE:   95 12:22:06    -1306.655310        0.286311
FIRE:   96 12:22:26    -1306.675624        0.320735
FIRE:   97 12:22:46    -1306.729139        0.156068
FIRE:   98 12:23:06    -1306.743855        0.080740
FIRE:   99 12:23:25    -1306.753257        0.107348
FIRE:  100 12:23:45    -1306.761110        0.111036
FIRE:  101 12:24:05    -1306.775466        0.125466
FIRE:  102 12:24:25    -1306.789799        0.081025
FIRE:  103 12:24:44    -1306.800930        0.082620
FIRE:  104 12:25:04    -1306.811730        0.091893
FIRE:  105 12:25:24    -1306.825095        0.096640
FIRE:  106 12:25:43    -1306.839694        0.101340
FIRE:  107 12:26:03    -1306.857351        0.097504
FIRE:  108 12:26:23    -1306.877775        0.081546
FIRE:  109 12:26:43    -1306.898369        0.072698
FIRE:  110 12:27:02    -1306.916990        0.140122
FIRE:  111 12:27:22    -1306.930746        0.240545
FIRE:  112 12:27:42    -1306.939919        0.079116
FIRE:  113 12:28:02    -1306.938751        0.234796
FIRE:  114 12:28:21    -1306.941663        0.169815
FIRE:  115 12:28:41    -1306.944940        0.083576
FIRE:  116 12:29:01    -1306.946374        0.084853
FIRE:  117 12:29:21    -1306.946666        0.126762
FIRE:  118 12:29:40    -1306.946997        0.119383
FIRE:  119 12:30:00    -1306.947615        0.104970
FIRE:  120 12:30:20    -1306.948410        0.087036
FIRE:  121 12:30:40    -1306.949270        0.087393
FIRE:  122 12:30:59    -1306.950100        0.087838
FIRE:  123 12:31:19    -1306.950854        0.088367
FIRE:  124 12:31:39    -1306.951561        0.088962
FIRE:  125 12:31:59    -1306.952399        0.089658
FIRE:  126 12:32:18    -1306.953529        0.090414
FIRE:  127 12:32:38    -1306.955133        0.091145
FIRE:  128 12:32:58    -1306.957323        0.091696
FIRE:  129 12:33:17    -1306.960056        0.091770
FIRE:  130 12:33:37    -1306.963248        0.090797
FIRE:  131 12:33:57    -1306.967024        0.087738
FIRE:  132 12:34:17    -1306.971859        0.081787
FIRE:  133 12:34:36    -1306.978052        0.084186
FIRE:  134 12:34:56    -1306.985347        0.081965
FIRE:  135 12:35:16    -1306.993496        0.073719
FIRE:  136 12:35:36    -1307.002543        0.073706
FIRE:  137 12:35:55    -1307.011900        0.077665
FIRE:  138 12:36:15    -1307.022123        0.086379
FIRE:  139 12:36:35    -1307.034790        0.085888
FIRE:  140 12:36:55    -1307.051095        0.094105
FIRE:  141 12:37:14    -1307.071412        0.093402
FIRE:  142 12:37:34    -1307.091598        0.053713
FIRE:  143 12:37:54    -1307.106299        0.071719
FIRE:  144 12:38:14    -1307.117749        0.116124
FIRE:  145 12:38:33    -1307.134015        0.148056
FIRE:  146 12:38:53    -1307.154119        0.267292
FIRE:  147 12:39:13    -1307.164792        0.158308
FIRE:  148 12:39:33    -1307.169570        0.280112
FIRE:  149 12:39:52    -1307.173164        0.189779
FIRE:  150 12:40:12    -1307.177448        0.177607
FIRE:  151 12:40:32    -1307.180366        0.181841
FIRE:  152 12:40:52    -1307.183032        0.187258
FIRE:  153 12:41:11    -1307.187731        0.194733
FIRE:  154 12:41:31    -1307.194894        0.199215
FIRE:  155 12:41:51    -1307.203008        0.204424
FIRE:  156 12:42:11    -1307.211384        0.208297
FIRE:  157 12:42:30    -1307.221400        0.208585
FIRE:  158 12:42:50    -1307.235918        0.203041
FIRE:  159 12:43:10    -1307.253281        0.191026
FIRE:  160 12:43:29    -1307.273129        0.173847
FIRE:  161 12:43:49    -1307.299806        0.149226
FIRE:  162 12:44:09    -1307.331819        0.215465
FIRE:  163 12:44:29    -1307.378136        0.291308
FIRE:  164 12:44:48    -1307.465540        0.546583
FIRE:  165 12:45:08    -1307.618635        0.822599
FIRE:  166 12:45:28    -1307.790666        0.764946
FIRE:  167 12:45:48    -1307.937465        0.542121
FIRE:  168 12:46:07    -1307.972626        0.963566
FIRE:  169 12:46:27    -1308.020596        0.480921
FIRE:  170 12:46:47    -1308.049973        0.352858
FIRE:  171 12:47:07    -1308.063286        0.546642
FIRE:  172 12:47:26    -1308.091494        0.542171
FIRE:  173 12:47:46    -1308.139179        0.354473
FIRE:  174 12:48:06    -1308.180796        0.142022
FIRE:  175 12:48:26    -1308.197816        0.431872
FIRE:  176 12:48:45    -1308.203178        0.359903
FIRE:  177 12:49:05    -1308.211320        0.236897
FIRE:  178 12:49:25    -1308.218993        0.111774
FIRE:  179 12:49:45    -1308.224378        0.108526
FIRE:  180 12:50:05    -1308.227955        0.150966
FIRE:  181 12:50:24    -1308.231647        0.216082
FIRE:  182 12:50:44    -1308.237120        0.238499
FIRE:  183 12:51:04    -1308.245810        0.216870
FIRE:  184 12:51:24    -1308.257247        0.148279
FIRE:  185 12:51:43    -1308.269307        0.096775
FIRE:  186 12:52:03    -1308.280303        0.151498
FIRE:  187 12:52:23    -1308.292950        0.216344
FIRE:  188 12:52:43    -1308.311276        0.157340
FIRE:  189 12:53:02    -1308.333450        0.112886
FIRE:  190 12:53:22    -1308.358893        0.155193
FIRE:  191 12:53:42    -1308.398972        0.216651
FIRE:  192 12:54:02    -1308.460226        0.202707
FIRE:  193 12:54:21    -1308.508907        0.157168
FIRE:  194 12:54:41    -1308.517492        0.532558
FIRE:  195 12:55:01    -1308.531773        0.398717
FIRE:  196 12:55:21    -1308.547930        0.195177
FIRE:  197 12:55:43    -1308.556326        0.160858
FIRE:  198 12:56:04    -1308.558649        0.238808
FIRE:  199 12:56:23    -1308.559509        0.228332
FIRE:  200 12:56:43    -1308.561128        0.207795
FIRE:  201 12:57:03    -1308.563300        0.178088
FIRE:  202 12:57:23    -1308.565789        0.140685
FIRE:  203 12:57:42    -1308.568381        0.101561
FIRE:  204 12:58:02    -1308.570903        0.105363
FIRE:  205 12:58:22    -1308.573366        0.110130
FIRE:  206 12:58:42    -1308.576172        0.116668
FIRE:  207 12:59:01    -1308.579666        0.125621
FIRE:  208 12:59:21    -1308.584356        0.137978
FIRE:  209 12:59:41    -1308.590804        0.155420
FIRE:  210 13:00:01    -1308.599574        0.180988
FIRE:  211 13:00:20    -1308.611505        0.220337
FIRE:  212 13:00:40    -1308.628791        0.283820
FIRE:  213 13:01:00    -1308.656976        0.389925
FIRE:  214 13:01:20    -1308.710089        0.578238
FIRE:  215 13:01:39    -1308.827355        0.925234
FIRE:  216 13:01:59    -1309.066780        1.110280
FIRE:  217 13:02:19    -1309.281244        0.961423
FIRE:  218 13:02:39    -1309.381865        0.831788
FIRE:  219 13:02:58    -1309.400610        0.670260
FIRE:  220 13:03:18    -1309.426642        0.422504
FIRE:  221 13:03:38    -1309.450239        0.394981
FIRE:  222 13:03:58    -1309.471890        0.489139
FIRE:  223 13:04:17    -1309.496737        0.485041
FIRE:  224 13:04:37    -1309.524713        0.377032
FIRE:  225 13:04:57    -1309.549703        0.182569
FIRE:  226 13:05:17    -1309.568020        0.204662
FIRE:  227 13:05:36    -1309.581139        0.323157
FIRE:  228 13:05:56    -1309.596799        0.299927
FIRE:  229 13:06:16    -1309.609869        0.171285
FIRE:  230 13:06:36    -1309.618332        0.315142
FIRE:  231 13:06:55    -1309.630967        0.233541
FIRE:  232 13:07:15    -1309.648688        0.190318
FIRE:  233 13:07:36    -1309.664667        0.227521
FIRE:  234 13:07:55    -1309.681879        0.130863
FIRE:  235 13:08:15    -1309.695119        0.193578
FIRE:  236 13:08:35    -1309.701037        0.104191
FIRE:  237 13:08:55    -1309.706289        0.055827
FIRE:  238 13:09:14    -1309.709127        0.134798
FIRE:  239 13:09:34    -1309.714005        0.134189
FIRE:  240 13:09:54    -1309.721120        0.093238
FIRE:  241 13:10:14    -1309.726773        0.066014
FIRE:  242 13:10:34    -1309.731467        0.093136
FIRE:  243 13:10:53    -1309.738494        0.099385
FIRE:  244 13:11:13    -1309.747068        0.107371
FIRE:  245 13:11:33    -1309.757176        0.134014
FIRE:  246 13:11:53    -1309.770758        0.138902
FIRE:  247 13:12:12    -1309.784921        0.077340
FIRE:  248 13:12:32    -1309.790555        0.251656
FIRE:  249 13:12:52    -1309.794347        0.206696
FIRE:  250 13:13:12    -1309.799172        0.132100
FIRE:  251 13:13:31    -1309.802679        0.081606
FIRE:  252 13:13:51    -1309.805265        0.105312
FIRE:  253 13:14:11    -1309.808324        0.138573
FIRE:  254 13:14:31    -1309.811937        0.144763
FIRE:  255 13:14:50    -1309.815605        0.125597
FIRE:  256 13:15:10    -1309.819455        0.081628
FIRE:  257 13:15:30    -1309.822972        0.060054
FIRE:  258 13:15:50    -1309.825913        0.071012
FIRE:  259 13:16:10    -1309.829605        0.084540
FIRE:  260 13:16:29    -1309.834001        0.050334
FIRE:  261 13:16:49    -1309.837181        0.045629
FIRE:  262 13:17:09    -1309.839391        0.064473
FIRE:  263 13:17:29    -1309.843155        0.058329
FIRE:  264 13:17:48    -1309.847074        0.067506
FIRE:  265 13:18:08    -1309.852424        0.070863
FIRE:  266 13:18:28    -1309.855552        0.117053
FIRE:  267 13:18:48    -1309.858344        0.038841
FIRE:  268 13:19:07    -1309.858930        0.089124
FIRE:  269 13:19:27    -1309.859404        0.069866
FIRE:  270 13:19:47    -1309.860049        0.035392
FIRE:  271 13:20:07    -1309.860488        0.024853
FIRE:  272 13:20:26    -1309.860650        0.042274
FIRE:  273 13:20:46    -1309.860692        0.039975
FIRE:  274 13:21:06    -1309.860767        0.035516
FIRE:  275 13:21:26    -1309.860870        0.029171
FIRE:  276 13:21:45    -1309.860987        0.024793
FIRE:  277 13:22:05    -1309.861111        0.024803
FIRE:  278 13:22:25    -1309.861237        0.024820
FIRE:  279 13:22:45    -1309.861364        0.024845
FIRE:  280 13:23:04    -1309.861505        0.024881
FIRE:  281 13:23:24    -1309.861676        0.024930
FIRE:  282 13:23:44    -1309.861901        0.024992
FIRE:  283 13:24:04    -1309.862177        0.025059
FIRE:  284 13:24:23    -1309.862516        0.025110
FIRE:  285 13:24:43    -1309.862911        0.025103
FIRE:  286 13:25:03    -1309.863332        0.024959
FIRE:  287 13:25:23    -1309.863808        0.024565
FIRE:  288 13:25:43    -1309.864370        0.023787
FIRE:  289 13:26:02    -1309.865000        0.022440
FIRE:  290 13:26:22    -1309.865621        0.020295
FIRE:  291 13:26:42    -1309.866313        0.017266
FIRE:  292 13:27:02    -1309.867022        0.013436
FIRE:  293 13:27:21    -1309.867696        0.013351
FIRE:  294 13:27:41    -1309.868335        0.009748
MACE calculation complete. Energy written to MACE_OUTCAR: -1309.868335 eV
Job ended on: Thu 12 Jun 12:27:48 UTC 2025
