Si Bulk DFT energetics calculations using VASP
Running on host: comp116
Working directory: /lustre/home/ah1365/projects/127870/upgrade_report/case_studies/common/structures/interfaces/264_Sn108Si156_001_001_a0.07732_b0.082474_c2.1_interface2shift2swap3
Job started on: Thu 12 Jun 14:30:18 UTC 2025
cuequivariance or cuequivariance_torch is not available. Cuequivariance acceleration will be disabled.
Using Materials Project MACE for MACECalculator with /lustre/home/ah1365/.cache/mace/MACE_MPtrj_20229model
Using float64 for MACECalculator, which is slower but more accurate. Recommended for geometry optimization.
Using TorchDFTD3Calculator for D3 dispersion corrections
      Step     Time          Energy          fmax
FIRE:    0 15:33:39    -1233.928699        6.668631
FIRE:    1 15:34:00    -1240.637046        5.738603
FIRE:    2 15:34:20    -1246.548046        4.887798
FIRE:    3 15:34:39    -1251.756137        4.126278
FIRE:    4 15:34:59    -1256.344698        3.461471
FIRE:    5 15:35:19    -1260.386527        2.888829
FIRE:    6 15:35:38    -1263.943662        2.500470
FIRE:    7 15:35:58    -1267.069644        2.281400
FIRE:    8 15:36:17    -1269.815646        2.070347
FIRE:    9 15:36:37    -1272.231001        1.862688
FIRE:   10 15:36:57    -1274.364505        1.653249
FIRE:   11 15:37:17    -1276.263588        1.602534
FIRE:   12 15:37:36    -1277.972723        1.557091
FIRE:   13 15:37:56    -1279.531514        1.490565
FIRE:   14 15:38:16    -1280.972858        1.407787
FIRE:   15 15:38:36    -1282.321461        1.315196
FIRE:   16 15:38:55    -1283.594124        1.215707
FIRE:   17 15:39:15    -1284.801244        1.106441
FIRE:   18 15:39:35    -1285.949307        0.982137
FIRE:   19 15:39:55    -1287.043442        0.898423
FIRE:   20 15:40:14    -1288.089158        0.891553
FIRE:   21 15:40:34    -1289.092894        0.882649
FIRE:   22 15:40:54    -1290.060330        0.871573
FIRE:   23 15:41:14    -1290.994413        0.857973
FIRE:   24 15:41:33    -1291.894392        0.840688
FIRE:   25 15:41:53    -1292.757185        0.817251
FIRE:   26 15:42:13    -1293.579146        0.783863
FIRE:   27 15:42:33    -1294.356968        0.736329
FIRE:   28 15:42:52    -1295.087304        0.716118
FIRE:   29 15:43:12    -1295.766725        0.735259
FIRE:   30 15:43:32    -1296.392614        0.736435
FIRE:   31 15:43:52    -1296.964465        0.713536
FIRE:   32 15:44:11    -1297.482668        0.660634
FIRE:   33 15:44:31    -1297.948550        0.581052
FIRE:   34 15:44:51    -1298.363229        0.553361
FIRE:   35 15:45:11    -1298.726780        0.501747
FIRE:   36 15:45:30    -1299.039309        0.430695
FIRE:   37 15:45:50    -1299.302417        0.397893
FIRE:   38 15:46:10    -1299.520155        0.354953
FIRE:   39 15:46:30    -1299.699101        0.351841
FIRE:   40 15:46:49    -1299.847133        0.364152
FIRE:   41 15:47:09    -1299.971320        0.373472
FIRE:   42 15:47:29    -1300.076641        0.376369
FIRE:   43 15:47:48    -1300.165745        0.377388
FIRE:   44 15:48:08    -1300.239896        0.373016
FIRE:   45 15:48:28    -1300.300923        0.418712
FIRE:   46 15:48:48    -1300.352630        0.479384
FIRE:   47 15:49:07    -1300.401174        0.529249
FIRE:   48 15:49:27    -1300.453861        0.580182
FIRE:   49 15:49:47    -1300.516717        0.587289
FIRE:   50 15:50:07    -1300.592291        0.548067
FIRE:   51 15:50:26    -1300.678541        0.467480
FIRE:   52 15:50:46    -1300.770197        0.446695
FIRE:   53 15:51:06    -1300.861938        0.478563
FIRE:   54 15:51:26    -1300.952172        0.509366
FIRE:   55 15:51:45    -1301.046448        0.532944
FIRE:   56 15:52:05    -1301.157323        0.542708
FIRE:   57 15:52:25    -1301.299291        0.546823
FIRE:   58 15:52:45    -1301.480512        0.630787
FIRE:   59 15:53:05    -1301.696012        0.627145
FIRE:   60 15:53:24    -1301.926456        0.577380
FIRE:   61 15:53:44    -1302.143952        0.491353
FIRE:   62 15:54:04    -1302.337693        0.520692
FIRE:   63 15:54:24    -1302.519540        0.601528
FIRE:   64 15:54:44    -1302.695127        0.632806
FIRE:   65 15:55:04    -1302.863988        0.757667
FIRE:   66 15:55:23    -1303.021256        0.975614
FIRE:   67 15:55:43    -1303.160834        1.235414
FIRE:   68 15:56:03    -1303.293975        1.367749
FIRE:   69 15:56:23    -1303.450128        1.218890
FIRE:   70 15:56:43    -1303.629832        0.831292
FIRE:   71 15:57:02    -1303.796459        0.889062
FIRE:   72 15:57:22    -1303.906048        1.146767
FIRE:   73 15:57:42    -1303.947168        1.528606
FIRE:   74 15:58:02    -1304.309721        0.453097
FIRE:   75 15:58:22    -1304.477515        0.579993
FIRE:   76 15:58:41    -1304.577754        0.630684
FIRE:   77 15:59:01    -1304.670100        0.482926
FIRE:   78 15:59:21    -1304.750919        0.252098
FIRE:   79 15:59:41    -1304.801496        0.378292
FIRE:   80 16:00:01    -1304.847462        0.583968
FIRE:   81 16:00:20    -1304.917416        0.340534
FIRE:   82 16:00:40    -1304.977041        0.318130
FIRE:   83 16:01:00    -1305.031602        0.304413
FIRE:   84 16:01:20    -1305.089800        0.256626
FIRE:   85 16:01:40    -1305.141039        0.232863
FIRE:   86 16:02:00    -1305.181467        0.244444
FIRE:   87 16:02:19    -1305.222191        0.243965
FIRE:   88 16:02:39    -1305.263266        0.147930
FIRE:   89 16:02:59    -1305.297367        0.170984
FIRE:   90 16:03:19    -1305.333944        0.180090
FIRE:   91 16:03:39    -1305.368700        0.085940
FIRE:   92 16:03:59    -1305.392933        0.156923
FIRE:   93 16:04:18    -1305.419821        0.155018
FIRE:   94 16:04:38    -1305.449782        0.094200
FIRE:   95 16:04:58    -1305.478787        0.114344
FIRE:   96 16:05:18    -1305.512935        0.118490
FIRE:   97 16:05:38    -1305.551789        0.116706
FIRE:   98 16:05:57    -1305.593431        0.109735
FIRE:   99 16:06:17    -1305.633523        0.115557
FIRE:  100 16:06:37    -1305.671378        0.098571
FIRE:  101 16:06:57    -1305.706101        0.087961
FIRE:  102 16:07:17    -1305.738503        0.100424
FIRE:  103 16:07:37    -1305.770819        0.118841
FIRE:  104 16:07:57    -1305.802030        0.129708
FIRE:  105 16:08:16    -1305.831359        0.111775
FIRE:  106 16:08:36    -1305.856931        0.111582
FIRE:  107 16:08:56    -1305.880992        0.186723
FIRE:  108 16:09:16    -1305.909355        0.204666
FIRE:  109 16:09:36    -1305.939876        0.176358
FIRE:  110 16:09:55    -1305.968645        0.158164
FIRE:  111 16:10:15    -1305.990687        0.132393
FIRE:  112 16:10:35    -1305.999197        0.243932
FIRE:  113 16:10:55    -1306.031370        0.188513
FIRE:  114 16:11:15    -1306.040951        0.084099
FIRE:  115 16:11:35    -1306.046341        0.091705
FIRE:  116 16:11:55    -1306.051368        0.133332
FIRE:  117 16:12:14    -1306.060751        0.092803
FIRE:  118 16:12:34    -1306.068187        0.087148
FIRE:  119 16:12:54    -1306.075243        0.070129
FIRE:  120 16:13:14    -1306.082963        0.050010
FIRE:  121 16:13:34    -1306.089721        0.071025
FIRE:  122 16:13:54    -1306.098432        0.061688
FIRE:  123 16:14:14    -1306.108522        0.056043
FIRE:  124 16:14:33    -1306.119540        0.066512
FIRE:  125 16:14:53    -1306.132870        0.084021
FIRE:  126 16:15:13    -1306.149888        0.107074
FIRE:  127 16:15:33    -1306.170560        0.087614
FIRE:  128 16:15:53    -1306.182550        0.158682
FIRE:  129 16:16:13    -1306.193037        0.082086
FIRE:  130 16:16:32    -1306.191437        0.154082
FIRE:  131 16:16:52    -1306.194274        0.111665
FIRE:  132 16:17:12    -1306.197557        0.062105
FIRE:  133 16:17:32    -1306.198865        0.060154
FIRE:  134 16:17:52    -1306.198974        0.060147
FIRE:  135 16:18:12    -1306.199180        0.060134
FIRE:  136 16:18:32    -1306.199471        0.060122
FIRE:  137 16:18:52    -1306.199827        0.060117
FIRE:  138 16:19:12    -1306.200230        0.060126
FIRE:  139 16:19:32    -1306.200675        0.060161
FIRE:  140 16:19:51    -1306.201171        0.060229
FIRE:  141 16:20:11    -1306.201781        0.060351
FIRE:  142 16:20:31    -1306.202562        0.060548
FIRE:  143 16:20:51    -1306.203552        0.060841
FIRE:  144 16:21:11    -1306.204789        0.061244
FIRE:  145 16:21:31    -1306.206294        0.061752
FIRE:  146 16:21:51    -1306.208088        0.062319
FIRE:  147 16:22:10    -1306.210257        0.062826
FIRE:  148 16:22:30    -1306.212871        0.063056
FIRE:  149 16:22:50    -1306.216066        0.062739
FIRE:  150 16:23:10    -1306.219834        0.061851
FIRE:  151 16:23:30    -1306.224286        0.061486
FIRE:  152 16:23:50    -1306.229752        0.064935
FIRE:  153 16:24:09    -1306.236674        0.076027
FIRE:  154 16:24:29    -1306.246139        0.090633
FIRE:  155 16:24:49    -1306.259017        0.081283
FIRE:  156 16:25:09    -1306.272991        0.090984
FIRE:  157 16:25:29    -1306.283831        0.138395
FIRE:  158 16:25:49    -1306.297707        0.142599
FIRE:  159 16:26:09    -1306.315290        0.182089
FIRE:  160 16:26:29    -1306.339249        0.130853
FIRE:  161 16:26:48    -1306.358724        0.059803
FIRE:  162 16:27:08    -1306.371041        0.120557
FIRE:  163 16:27:28    -1306.382235        0.166873
FIRE:  164 16:27:48    -1306.388545        0.049958
FIRE:  165 16:28:08    -1306.392081        0.151855
FIRE:  166 16:28:28    -1306.399691        0.042063
FIRE:  167 16:28:48    -1306.402398        0.134928
FIRE:  168 16:29:08    -1306.403980        0.087863
FIRE:  169 16:29:27    -1306.405569        0.032161
FIRE:  170 16:29:47    -1306.406111        0.065611
FIRE:  171 16:30:07    -1306.406251        0.060045
FIRE:  172 16:30:27    -1306.406504        0.049426
FIRE:  173 16:30:47    -1306.406824        0.034798
FIRE:  174 16:31:07    -1306.407168        0.025932
FIRE:  175 16:31:27    -1306.407505        0.026007
FIRE:  176 16:31:46    -1306.407845        0.026271
FIRE:  177 16:32:06    -1306.408201        0.028085
FIRE:  178 16:32:26    -1306.408663        0.034861
FIRE:  179 16:32:46    -1306.409289        0.034558
FIRE:  180 16:33:06    -1306.410087        0.027876
FIRE:  181 16:33:26    -1306.411040        0.028469
FIRE:  182 16:33:46    -1306.412110        0.029152
FIRE:  183 16:34:06    -1306.413370        0.029936
FIRE:  184 16:34:25    -1306.414946        0.030832
FIRE:  185 16:34:45    -1306.416920        0.031875
FIRE:  186 16:35:05    -1306.419219        0.033108
FIRE:  187 16:35:25    -1306.422040        0.034532
FIRE:  188 16:35:45    -1306.425607        0.035943
FIRE:  189 16:36:05    -1306.429964        0.036624
FIRE:  190 16:36:25    -1306.435561        0.039681
FIRE:  191 16:36:45    -1306.442623        0.048864
FIRE:  192 16:37:05    -1306.451721        0.056947
FIRE:  193 16:37:24    -1306.462711        0.055689
FIRE:  194 16:37:44    -1306.475209        0.045310
FIRE:  195 16:38:04    -1306.489244        0.042817
FIRE:  196 16:38:24    -1306.506360        0.080442
FIRE:  197 16:38:44    -1306.527385        0.173662
FIRE:  198 16:39:04    -1306.553710        0.267973
FIRE:  199 16:39:24    -1306.573505        0.201293
FIRE:  200 16:39:44    -1306.575612        0.203239
FIRE:  201 16:40:04    -1306.579357        0.206865
FIRE:  202 16:40:24    -1306.584399        0.211500
FIRE:  203 16:40:44    -1306.590980        0.215788
FIRE:  204 16:41:04    -1306.599535        0.217526
FIRE:  205 16:41:24    -1306.609902        0.213703
FIRE:  206 16:41:43    -1306.621317        0.200844
FIRE:  207 16:42:03    -1306.634256        0.172749
FIRE:  208 16:42:23    -1306.647911        0.127427
FIRE:  209 16:42:43    -1306.660329        0.096937
FIRE:  210 16:43:03    -1306.670107        0.115749
FIRE:  211 16:43:23    -1306.679093        0.114086
FIRE:  212 16:43:43    -1306.687960        0.093863
FIRE:  213 16:44:02    -1306.696295        0.059236
FIRE:  214 16:44:22    -1306.703158        0.081971
FIRE:  215 16:44:42    -1306.709864        0.068354
FIRE:  216 16:45:02    -1306.717859        0.062299
FIRE:  217 16:45:22    -1306.727012        0.051161
FIRE:  218 16:45:42    -1306.735602        0.073969
FIRE:  219 16:46:02    -1306.738394        0.049810
FIRE:  220 16:46:22    -1306.741376        0.051896
FIRE:  221 16:46:42    -1306.744921        0.061863
FIRE:  222 16:47:02    -1306.749111        0.044701
FIRE:  223 16:47:21    -1306.752406        0.050757
FIRE:  224 16:47:41    -1306.756159        0.045159
FIRE:  225 16:48:01    -1306.760329        0.031926
FIRE:  226 16:48:21    -1306.764404        0.050114
FIRE:  227 16:48:41    -1306.769544        0.038522
FIRE:  228 16:49:01    -1306.774593        0.048310
FIRE:  229 16:49:21    -1306.780272        0.045796
FIRE:  230 16:49:41    -1306.785261        0.073823
FIRE:  231 16:50:01    -1306.793157        0.109533
FIRE:  232 16:50:21    -1306.811311        0.181230
FIRE:  233 16:50:41    -1306.854900        0.281087
FIRE:  234 16:51:01    -1306.912786        0.233436
FIRE:  235 16:51:21    -1306.931387        0.231186
FIRE:  236 16:51:40    -1306.948041        0.191480
FIRE:  237 16:52:00    -1306.956699        0.234655
FIRE:  238 16:52:20    -1306.970865        0.212891
FIRE:  239 16:52:40    -1306.976388        0.229404
FIRE:  240 16:53:00    -1306.980606        0.214901
FIRE:  241 16:53:20    -1306.985613        0.187303
FIRE:  242 16:53:40    -1306.988678        0.150253
FIRE:  243 16:54:00    -1306.990974        0.143255
FIRE:  244 16:54:20    -1306.994671        0.133636
FIRE:  245 16:54:40    -1306.999213        0.095703
FIRE:  246 16:55:00    -1307.002653        0.112146
FIRE:  247 16:55:20    -1307.005703        0.119101
FIRE:  248 16:55:40    -1307.011074        0.114524
FIRE:  249 16:55:59    -1307.018242        0.096301
FIRE:  250 16:56:19    -1307.023587        0.091254
FIRE:  251 16:56:39    -1307.029415        0.086434
FIRE:  252 16:56:59    -1307.034217        0.065235
FIRE:  253 16:57:19    -1307.037899        0.088893
FIRE:  254 16:57:39    -1307.041200        0.077233
FIRE:  255 16:57:59    -1307.041874        0.047671
FIRE:  256 16:58:19    -1307.042571        0.020427
FIRE:  257 16:58:39    -1307.042893        0.045104
FIRE:  258 16:58:59    -1307.043194        0.061114
FIRE:  259 16:59:18    -1307.043803        0.043676
FIRE:  260 16:59:38    -1307.044434        0.015695
FIRE:  261 16:59:58    -1307.044808        0.033976
FIRE:  262 17:00:18    -1307.045271        0.046914
FIRE:  263 17:00:38    -1307.046120        0.028284
FIRE:  264 17:00:58    -1307.046933        0.024443
FIRE:  265 17:01:18    -1307.047675        0.040513
FIRE:  266 17:01:38    -1307.048778        0.011433
FIRE:  267 17:01:57    -1307.049571        0.039316
FIRE:  268 17:02:17    -1307.050728        0.024991
FIRE:  269 17:02:37    -1307.051641        0.043145
FIRE:  270 17:02:57    -1307.052837        0.036845
FIRE:  271 17:03:17    -1307.054033        0.021619
FIRE:  272 17:03:37    -1307.055163        0.044760
FIRE:  273 17:03:57    -1307.055594        0.116329
FIRE:  274 17:04:17    -1307.056734        0.015071
FIRE:  275 17:04:37    -1307.056144        0.096183
FIRE:  276 17:04:56    -1307.056476        0.074755
FIRE:  277 17:05:16    -1307.056869        0.036031
FIRE:  278 17:05:36    -1307.057012        0.015462
FIRE:  279 17:05:56    -1307.057018        0.015460
FIRE:  280 17:06:16    -1307.057028        0.015455
FIRE:  281 17:06:36    -1307.057043        0.015448
FIRE:  282 17:06:56    -1307.057061        0.015438
FIRE:  283 17:07:15    -1307.057082        0.015425
FIRE:  284 17:07:35    -1307.057107        0.015411
FIRE:  285 17:07:55    -1307.057135        0.015393
FIRE:  286 17:08:15    -1307.057169        0.015371
FIRE:  287 17:08:35    -1307.057211        0.015344
FIRE:  288 17:08:55    -1307.057263        0.015309
FIRE:  289 17:09:15    -1307.057330        0.015267
FIRE:  290 17:09:35    -1307.057410        0.015216
FIRE:  291 17:09:54    -1307.057505        0.015152
FIRE:  292 17:10:14    -1307.057626        0.015075
FIRE:  293 17:10:34    -1307.057768        0.014981
FIRE:  294 17:10:54    -1307.057941        0.014866
FIRE:  295 17:11:14    -1307.058155        0.014728
FIRE:  296 17:11:34    -1307.058404        0.014564
FIRE:  297 17:11:54    -1307.058715        0.014377
FIRE:  298 17:12:13    -1307.059093        0.014183
FIRE:  299 17:12:33    -1307.059542        0.014021
FIRE:  300 17:12:53    -1307.060083        0.013954
FIRE:  301 17:13:13    -1307.060765        0.014054
FIRE:  302 17:13:33    -1307.061614        0.014372
FIRE:  303 17:13:53    -1307.062706        0.014875
FIRE:  304 17:14:13    -1307.064163        0.015330
FIRE:  305 17:14:33    -1307.066027        0.015115
FIRE:  306 17:14:53    -1307.068324        0.023849
FIRE:  307 17:15:13    -1307.070457        0.075557
FIRE:  308 17:15:32    -1307.068405        0.229982
FIRE:  309 17:15:52    -1307.073107        0.023316
FIRE:  310 17:16:12    -1307.073165        0.016395
FIRE:  311 17:16:32    -1307.073242        0.012817
FIRE:  312 17:16:52    -1307.073303        0.012346
FIRE:  313 17:17:12    -1307.073364        0.015540
FIRE:  314 17:17:32    -1307.073457        0.016681
FIRE:  315 17:17:52    -1307.073589        0.011063
FIRE:  316 17:18:12    -1307.073724        0.010558
FIRE:  317 17:18:32    -1307.073862        0.010225
FIRE:  318 17:18:52    -1307.074017        0.013974
FIRE:  319 17:19:12    -1307.074231        0.009289
MACE calculation complete. Energy written to MACE_OUTCAR: -1307.074231 eV
Job ended on: Thu 12 Jun 16:19:27 UTC 2025
