Si Bulk DFT energetics calculations using VASP
Running on host: comp026
Working directory: /lustre/home/ah1365/projects/127870/upgrade_report/case_studies/common/structures/interfaces/264_Sn108Si156_001_001_a0.07732_b0.082474_c2.1_interface1shift8swap6
Job started on: Thu 12 Jun 09:44:15 UTC 2025
cuequivariance or cuequivariance_torch is not available. Cuequivariance acceleration will be disabled.
Using Materials Project MACE for MACECalculator with /lustre/home/ah1365/.cache/mace/MACE_MPtrj_20229model
Using float64 for MACECalculator, which is slower but more accurate. Recommended for geometry optimization.
Using TorchDFTD3Calculator for D3 dispersion corrections
      Step     Time          Energy          fmax
FIRE:    0 10:44:52    -1236.768565        8.238097
FIRE:    1 10:45:12    -1243.013741        7.008404
FIRE:    2 10:45:32    -1248.524284        5.847366
FIRE:    3 10:45:52    -1253.367385        4.800197
FIRE:    4 10:46:11    -1257.610495        3.900777
FIRE:    5 10:46:31    -1261.317358        3.149131
FIRE:    6 10:46:50    -1264.545830        2.528951
FIRE:    7 10:47:10    -1267.349574        2.028307
FIRE:    8 10:47:30    -1269.783654        1.700190
FIRE:    9 10:47:49    -1271.903618        1.519896
FIRE:   10 10:48:09    -1273.764668        1.343990
FIRE:   11 10:48:29    -1275.418771        1.245676
FIRE:   12 10:48:49    -1276.911597        1.162281
FIRE:   13 10:49:08    -1278.280157        1.077641
FIRE:   14 10:49:28    -1279.551953        0.995098
FIRE:   15 10:49:48    -1280.746153        0.916330
FIRE:   16 10:50:08    -1281.876506        0.869535
FIRE:   17 10:50:27    -1282.954052        0.824401
FIRE:   18 10:50:47    -1283.988967        0.815353
FIRE:   19 10:51:07    -1284.990494        0.823759
FIRE:   20 10:51:27    -1285.966672        0.825047
FIRE:   21 10:51:46    -1286.922930        0.815647
FIRE:   22 10:52:06    -1287.861406        0.793460
FIRE:   23 10:52:26    -1288.780218        0.759246
FIRE:   24 10:52:46    -1289.674147        0.716291
FIRE:   25 10:53:06    -1290.536171        0.669048
FIRE:   26 10:53:25    -1291.359710        0.629269
FIRE:   27 10:53:45    -1292.140484        0.621523
FIRE:   28 10:54:05    -1292.877087        0.608256
FIRE:   29 10:54:25    -1293.570747        0.586659
FIRE:   30 10:54:44    -1294.223836        0.553843
FIRE:   31 10:55:04    -1294.838201        0.510849
FIRE:   32 10:55:24    -1295.412623        0.500464
FIRE:   33 10:55:44    -1295.943314        0.477307
FIRE:   34 10:56:03    -1296.425620        0.475313
FIRE:   35 10:56:23    -1296.856037        0.487430
FIRE:   36 10:56:43    -1297.233619        0.505242
FIRE:   37 10:57:03    -1297.560470        0.530057
FIRE:   38 10:57:22    -1297.842310        0.561800
FIRE:   39 10:57:42    -1298.088425        0.599373
FIRE:   40 10:58:02    -1298.310906        0.639147
FIRE:   41 10:58:22    -1298.521922        0.670951
FIRE:   42 10:58:41    -1298.730496        0.677835
FIRE:   43 10:59:01    -1298.939577        0.677748
FIRE:   44 10:59:21    -1299.144073        0.643264
FIRE:   45 10:59:41    -1299.330516        0.537505
FIRE:   46 11:00:00    -1299.487615        0.496410
FIRE:   47 11:00:20    -1299.619359        0.525632
FIRE:   48 11:00:40    -1299.736592        0.575070
FIRE:   49 11:01:00    -1299.840183        0.765798
FIRE:   50 11:01:19    -1299.917437        1.131211
FIRE:   51 11:01:39    -1299.956910        1.629204
FIRE:   52 11:01:59    -1300.415432        0.554948
FIRE:   53 11:02:18    -1300.691666        0.338885
FIRE:   54 11:02:38    -1300.890639        0.382380
FIRE:   55 11:02:58    -1301.064175        0.444976
FIRE:   56 11:03:18    -1301.237062        0.448774
FIRE:   57 11:03:37    -1301.408889        0.401587
FIRE:   58 11:03:57    -1301.569867        0.310532
FIRE:   59 11:04:17    -1301.710741        0.216342
FIRE:   60 11:04:37    -1301.829658        0.281681
FIRE:   61 11:04:56    -1301.939403        0.348037
FIRE:   62 11:05:16    -1302.055249        0.334978
FIRE:   63 11:05:36    -1302.176979        0.254784
FIRE:   64 11:05:56    -1302.298303        0.219682
FIRE:   65 11:06:16    -1302.413731        0.207946
FIRE:   66 11:06:35    -1302.518757        0.187592
FIRE:   67 11:06:55    -1302.615336        0.197246
FIRE:   68 11:07:15    -1302.711848        0.257667
FIRE:   69 11:07:35    -1302.820206        0.258236
FIRE:   70 11:07:55    -1302.946202        0.215297
FIRE:   71 11:08:14    -1303.085321        0.251450
FIRE:   72 11:08:34    -1303.228150        0.257260
FIRE:   73 11:08:54    -1303.368363        0.312766
FIRE:   74 11:09:14    -1303.502550        0.331082
FIRE:   75 11:09:33    -1303.628227        0.387129
FIRE:   76 11:09:53    -1303.745053        0.377650
FIRE:   77 11:10:13    -1303.857630        0.332452
FIRE:   78 11:10:33    -1303.972610        0.342782
FIRE:   79 11:10:53    -1304.095038        0.379713
FIRE:   80 11:11:12    -1304.225716        0.395493
FIRE:   81 11:11:32    -1304.355325        0.424612
FIRE:   82 11:11:52    -1304.471192        0.365692
FIRE:   83 11:12:12    -1304.565163        0.376085
FIRE:   84 11:12:32    -1304.642318        0.359823
FIRE:   85 11:12:51    -1304.714352        0.300985
FIRE:   86 11:13:11    -1304.785100        0.303332
FIRE:   87 11:13:31    -1304.852275        0.280637
FIRE:   88 11:13:51    -1304.914405        0.298379
FIRE:   89 11:14:11    -1304.972760        0.300111
FIRE:   90 11:14:30    -1305.031821        0.317569
FIRE:   91 11:14:50    -1305.095243        0.287850
FIRE:   92 11:15:10    -1305.162907        0.267372
FIRE:   93 11:15:30    -1305.232307        0.244815
FIRE:   94 11:15:50    -1305.300218        0.273789
FIRE:   95 11:16:09    -1305.364047        0.256163
FIRE:   96 11:16:29    -1305.421544        0.220165
FIRE:   97 11:16:49    -1305.469480        0.201155
FIRE:   98 11:17:09    -1305.505804        0.291103
FIRE:   99 11:17:29    -1305.534173        0.370617
FIRE:  100 11:17:48    -1305.561590        0.352115
FIRE:  101 11:18:08    -1305.591926        0.297418
FIRE:  102 11:18:28    -1305.624958        0.281315
FIRE:  103 11:18:48    -1305.656947        0.208403
FIRE:  104 11:19:08    -1305.681436        0.211281
FIRE:  105 11:19:27    -1305.697901        0.285709
FIRE:  106 11:19:47    -1305.778985        0.208103
FIRE:  107 11:20:07    -1305.807529        0.112232
FIRE:  108 11:20:27    -1305.823632        0.119113
FIRE:  109 11:20:46    -1305.839646        0.179924
FIRE:  110 11:21:06    -1305.870170        0.134022
FIRE:  111 11:21:26    -1305.892951        0.102090
FIRE:  112 11:21:46    -1305.906832        0.117858
FIRE:  113 11:22:06    -1305.924071        0.137954
FIRE:  114 11:22:26    -1305.941099        0.093306
FIRE:  115 11:22:45    -1305.953318        0.151054
FIRE:  116 11:23:05    -1305.968621        0.119005
FIRE:  117 11:23:25    -1305.978105        0.105719
FIRE:  118 11:23:45    -1305.982585        0.081425
FIRE:  119 11:24:05    -1305.987809        0.052888
FIRE:  120 11:24:24    -1305.991128        0.059520
FIRE:  121 11:24:44    -1305.994062        0.062499
FIRE:  122 11:25:04    -1305.998562        0.059043
FIRE:  123 11:25:24    -1306.003502        0.037823
FIRE:  124 11:25:43    -1306.006887        0.033215
FIRE:  125 11:26:03    -1306.009460        0.048608
FIRE:  126 11:26:23    -1306.012955        0.046693
FIRE:  127 11:26:43    -1306.016694        0.032272
FIRE:  128 11:27:03    -1306.019125        0.050975
FIRE:  129 11:27:22    -1306.022438        0.038095
FIRE:  130 11:27:42    -1306.025546        0.034497
FIRE:  131 11:28:02    -1306.028061        0.043580
FIRE:  132 11:28:22    -1306.030420        0.035939
FIRE:  133 11:28:42    -1306.031228        0.032916
FIRE:  134 11:29:01    -1306.032112        0.027829
FIRE:  135 11:29:21    -1306.032711        0.020952
FIRE:  136 11:29:41    -1306.033426        0.023135
FIRE:  137 11:30:01    -1306.034359        0.017664
FIRE:  138 11:30:21    -1306.035130        0.016309
FIRE:  139 11:30:40    -1306.035661        0.017471
FIRE:  140 11:31:00    -1306.036301        0.018588
FIRE:  141 11:31:20    -1306.037127        0.018469
FIRE:  142 11:31:40    -1306.037916        0.018683
FIRE:  143 11:32:00    -1306.038841        0.017724
FIRE:  144 11:32:19    -1306.039927        0.012082
FIRE:  145 11:32:39    -1306.040829        0.018233
FIRE:  146 11:32:59    -1306.041754        0.015352
FIRE:  147 11:33:19    -1306.042497        0.017764
FIRE:  148 11:33:38    -1306.043060        0.017753
FIRE:  149 11:33:58    -1306.043322        0.014219
FIRE:  150 11:34:18    -1306.043501        0.010367
FIRE:  151 11:34:38    -1306.043632        0.013883
FIRE:  152 11:34:58    -1306.043873        0.010855
FIRE:  153 11:35:17    -1306.044080        0.006229
MACE calculation complete. Energy written to MACE_OUTCAR: -1306.044080 eV
Job ended on: Thu 12 Jun 10:35:19 UTC 2025
