Si Bulk DFT energetics calculations using VASP
Running on host: comp184
Working directory: /lustre/home/ah1365/projects/127870/upgrade_report/case_studies/common/structures/interfaces/120_Si72Ge48_013_114_a0.135802_b0.520468_c1.38743_interface3shift6
Job started on: Mon  9 Jun 11:11:51 UTC 2025
cuequivariance or cuequivariance_torch is not available. Cuequivariance acceleration will be disabled.
Using Materials Project MACE for MACECalculator with /lustre/home/ah1365/.cache/mace/MACE_MPtrj_20229model
Using float64 for MACECalculator, which is slower but more accurate. Recommended for geometry optimization.
Using TorchDFTD3Calculator for D3 dispersion corrections
      Step     Time          Energy          fmax
FIRE:    0 12:13:18     -595.779167        4.555694
FIRE:    1 12:13:28     -597.159173        2.629077
FIRE:    2 12:13:37     -598.549276        1.349985
FIRE:    3 12:13:46     -599.406752        1.204900
FIRE:    4 12:13:55     -600.073490        1.303307
FIRE:    5 12:14:04     -600.722596        1.390779
FIRE:    6 12:14:13     -601.400187        1.314212
FIRE:    7 12:14:22     -602.085512        1.159031
FIRE:    8 12:14:31     -602.748395        0.968477
FIRE:    9 12:14:41     -603.363157        0.786582
FIRE:   10 12:14:50     -603.914634        0.703856
FIRE:   11 12:14:59     -604.398344        0.703135
FIRE:   12 12:15:08     -604.820783        0.664632
FIRE:   13 12:15:17     -605.201214        0.584902
FIRE:   14 12:15:26     -605.560158        0.583729
FIRE:   15 12:15:36     -605.908123        0.565327
FIRE:   16 12:15:45     -606.250508        0.501853
FIRE:   17 12:15:54     -606.590533        0.451510
FIRE:   18 12:16:03     -606.930405        0.493407
FIRE:   19 12:16:12     -607.270861        0.545715
FIRE:   20 12:16:21     -607.609140        0.607798
FIRE:   21 12:16:31     -607.942853        0.675744
FIRE:   22 12:16:40     -608.274713        0.738165
FIRE:   23 12:16:49     -608.611406        0.779584
FIRE:   24 12:16:58     -608.958943        0.786781
FIRE:   25 12:17:07     -609.316956        0.740510
FIRE:   26 12:17:17     -609.673719        0.747470
FIRE:   27 12:17:26     -610.019570        0.714948
FIRE:   28 12:17:35     -610.352797        0.630075
FIRE:   29 12:17:44     -610.656271        0.587125
FIRE:   30 12:17:53     -610.914675        0.579655
FIRE:   31 12:18:03     -611.128573        0.559341
FIRE:   32 12:18:12     -611.297615        0.757822
FIRE:   33 12:18:21     -611.425567        0.802372
FIRE:   34 12:18:30     -611.520271        0.653510
FIRE:   35 12:18:39     -611.584693        0.724354
FIRE:   36 12:18:48     -611.640660        0.927876
FIRE:   37 12:18:58     -611.729337        0.928155
FIRE:   38 12:19:07     -611.857409        0.707672
FIRE:   39 12:19:16     -611.991656        0.464178
FIRE:   40 12:19:25     -612.110711        0.512841
FIRE:   41 12:19:34     -612.216036        0.500987
FIRE:   42 12:19:43     -612.312498        0.430895
FIRE:   43 12:19:52     -612.400686        0.435604
FIRE:   44 12:20:02     -612.479497        0.462870
FIRE:   45 12:20:11     -612.547738        0.435568
FIRE:   46 12:20:20     -612.605361        0.388816
FIRE:   47 12:20:29     -612.656387        0.392516
FIRE:   48 12:20:38     -612.706132        0.467266
FIRE:   49 12:20:47     -612.756810        0.473229
FIRE:   50 12:20:57     -612.807101        0.386558
FIRE:   51 12:21:06     -612.853556        0.380502
FIRE:   52 12:21:15     -612.894185        0.368204
FIRE:   53 12:21:24     -612.933093        0.403692
FIRE:   54 12:21:33     -612.979219        0.440421
FIRE:   55 12:21:43     -613.037115        0.424520
FIRE:   56 12:21:52     -613.101615        0.366301
FIRE:   57 12:22:01     -613.166769        0.413093
FIRE:   58 12:22:10     -613.234662        0.393150
FIRE:   59 12:22:19     -613.311156        0.330051
FIRE:   60 12:22:28     -613.396952        0.370423
FIRE:   61 12:22:37     -613.484560        0.340027
FIRE:   62 12:22:46     -613.565357        0.340781
FIRE:   63 12:22:56     -613.637296        0.328233
FIRE:   64 12:23:05     -613.705009        0.323310
FIRE:   65 12:23:14     -613.775067        0.319510
FIRE:   66 12:23:23     -613.851846        0.311918
FIRE:   67 12:23:32     -613.933723        0.308340
FIRE:   68 12:23:41     -614.013727        0.292706
FIRE:   69 12:23:50     -614.086528        0.323687
FIRE:   70 12:24:00     -614.153822        0.337992
FIRE:   71 12:24:09     -614.222279        0.386080
FIRE:   72 12:24:18     -614.296399        0.442204
FIRE:   73 12:24:27     -614.373220        0.445082
FIRE:   74 12:24:36     -614.442468        0.330549
FIRE:   75 12:24:45     -614.498677        0.341642
FIRE:   76 12:24:54     -614.559958        0.342174
FIRE:   77 12:25:04     -614.636465        0.369948
FIRE:   78 12:25:13     -614.719057        0.402295
FIRE:   79 12:25:22     -614.798388        0.566598
FIRE:   80 12:25:31     -614.871623        0.697434
FIRE:   81 12:25:40     -614.946447        0.640866
FIRE:   82 12:25:49     -615.026691        0.447186
FIRE:   83 12:25:59     -615.099293        0.337918
FIRE:   84 12:26:08     -615.156344        0.340287
FIRE:   85 12:26:17     -615.211358        0.524836
FIRE:   86 12:26:26     -615.279259        0.588830
FIRE:   87 12:26:35     -615.353843        0.574205
FIRE:   88 12:26:44     -615.423295        0.520225
FIRE:   89 12:26:54     -615.484143        0.547496
FIRE:   90 12:27:03     -615.540158        0.681295
FIRE:   91 12:27:12     -615.594634        0.673370
FIRE:   92 12:27:21     -615.640298        0.463776
FIRE:   93 12:27:30     -615.668623        0.421731
FIRE:   94 12:27:39     -615.835002        0.239846
FIRE:   95 12:27:49     -615.910093        0.333207
FIRE:   96 12:27:58     -615.981056        0.206698
FIRE:   97 12:28:07     -616.026955        0.214025
FIRE:   98 12:28:16     -616.048664        0.236093
FIRE:   99 12:28:25     -616.073286        0.158859
FIRE:  100 12:28:34     -616.093452        0.102322
FIRE:  101 12:28:43     -616.104059        0.143776
FIRE:  102 12:28:53     -616.118621        0.131128
FIRE:  103 12:29:02     -616.134111        0.097649
FIRE:  104 12:29:11     -616.143727        0.099074
FIRE:  105 12:29:20     -616.155585        0.114137
FIRE:  106 12:29:29     -616.177697        0.077615
FIRE:  107 12:29:38     -616.196554        0.084900
FIRE:  108 12:29:47     -616.211346        0.110116
FIRE:  109 12:29:57     -616.226386        0.068356
FIRE:  110 12:30:06     -616.235627        0.117470
FIRE:  111 12:30:15     -616.240435        0.086903
FIRE:  112 12:30:24     -616.246455        0.088715
FIRE:  113 12:30:33     -616.251469        0.092818
FIRE:  114 12:30:42     -616.256853        0.099985
FIRE:  115 12:30:52     -616.264043        0.110697
FIRE:  116 12:31:01     -616.272681        0.125463
FIRE:  117 12:31:10     -616.282046        0.144625
FIRE:  118 12:31:19     -616.294408        0.170721
FIRE:  119 12:31:28     -616.314033        0.204499
FIRE:  120 12:31:37     -616.344723        0.245972
FIRE:  121 12:31:47     -616.389829        0.290044
FIRE:  122 12:31:56     -616.458043        0.294059
FIRE:  123 12:32:05     -616.528110        0.217243
FIRE:  124 12:32:14     -616.585848        0.221498
FIRE:  125 12:32:23     -616.626783        0.217271
FIRE:  126 12:32:33     -616.651952        0.309562
FIRE:  127 12:32:42     -616.678020        0.301484
FIRE:  128 12:32:51     -616.715644        0.201495
FIRE:  129 12:33:00     -616.754005        0.179942
FIRE:  130 12:33:09     -616.795111        0.253782
FIRE:  131 12:33:19     -616.833226        0.149960
FIRE:  132 12:33:28     -616.829693        0.441559
FIRE:  133 12:33:37     -616.860934        0.231047
FIRE:  134 12:33:46     -616.867868        0.143622
FIRE:  135 12:33:55     -616.873983        0.083920
FIRE:  136 12:34:05     -616.876890        0.185835
FIRE:  137 12:34:14     -616.881761        0.195231
FIRE:  138 12:34:23     -616.889120        0.124704
FIRE:  139 12:34:32     -616.895281        0.092953
FIRE:  140 12:34:41     -616.900624        0.126436
FIRE:  141 12:34:51     -616.906591        0.107526
FIRE:  142 12:35:00     -616.914354        0.103243
FIRE:  143 12:35:09     -616.925412        0.102939
FIRE:  144 12:35:18     -616.937770        0.121587
FIRE:  145 12:35:27     -616.956108        0.120814
FIRE:  146 12:35:37     -616.975429        0.109160
FIRE:  147 12:35:46     -616.993455        0.156431
FIRE:  148 12:35:55     -617.008422        0.166010
FIRE:  149 12:36:04     -617.014875        0.123836
FIRE:  150 12:36:13     -617.020569        0.121423
FIRE:  151 12:36:22     -617.026135        0.156791
FIRE:  152 12:36:32     -617.033865        0.093946
FIRE:  153 12:36:41     -617.040390        0.093746
FIRE:  154 12:36:50     -617.045672        0.102169
FIRE:  155 12:36:59     -617.049899        0.058040
FIRE:  156 12:37:08     -617.052146        0.109325
FIRE:  157 12:37:17     -617.052866        0.085826
FIRE:  158 12:37:27     -617.053971        0.054229
FIRE:  159 12:37:36     -617.055058        0.046599
FIRE:  160 12:37:45     -617.055951        0.044682
FIRE:  161 12:37:54     -617.056776        0.064745
FIRE:  162 12:38:03     -617.057667        0.061210
FIRE:  163 12:38:12     -617.058600        0.038955
FIRE:  164 12:38:22     -617.059473        0.037609
FIRE:  165 12:38:31     -617.060213        0.050155
FIRE:  166 12:38:40     -617.061120        0.054804
FIRE:  167 12:38:49     -617.062319        0.035653
FIRE:  168 12:38:58     -617.063518        0.035854
FIRE:  169 12:39:07     -617.064881        0.047454
FIRE:  170 12:39:16     -617.066540        0.024503
FIRE:  171 12:39:26     -617.068061        0.049266
FIRE:  172 12:39:35     -617.069948        0.020117
FIRE:  173 12:39:44     -617.071592        0.052444
FIRE:  174 12:39:53     -617.073560        0.020189
FIRE:  175 12:40:02     -617.075459        0.023518
FIRE:  176 12:40:11     -617.077581        0.059216
FIRE:  177 12:40:21     -617.079776        0.106557
FIRE:  178 12:40:30     -617.080733        0.022880
FIRE:  179 12:40:39     -617.080684        0.074178
FIRE:  180 12:40:48     -617.080864        0.059249
FIRE:  181 12:40:58     -617.081115        0.032346
FIRE:  182 12:41:07     -617.081298        0.021656
FIRE:  183 12:41:16     -617.081370        0.031009
FIRE:  184 12:41:25     -617.081431        0.049309
FIRE:  185 12:41:34     -617.081587        0.052678
FIRE:  186 12:41:44     -617.081860        0.041767
FIRE:  187 12:41:53     -617.082202        0.020803
FIRE:  188 12:42:02     -617.082496        0.020626
FIRE:  189 12:42:11     -617.082771        0.037767
FIRE:  190 12:42:20     -617.083203        0.035842
FIRE:  191 12:42:30     -617.083797        0.020703
FIRE:  192 12:42:39     -617.084354        0.030336
FIRE:  193 12:42:48     -617.085068        0.032722
FIRE:  194 12:42:57     -617.086001        0.021412
FIRE:  195 12:43:06     -617.086975        0.032704
FIRE:  196 12:43:15     -617.088289        0.021505
FIRE:  197 12:43:25     -617.089725        0.027595
FIRE:  198 12:43:34     -617.091421        0.033588
FIRE:  199 12:43:43     -617.093465        0.023734
FIRE:  200 12:43:52     -617.095939        0.022509
FIRE:  201 12:44:01     -617.099559        0.032613
FIRE:  202 12:44:11     -617.105306        0.082410
FIRE:  203 12:44:20     -617.102895        0.280362
FIRE:  204 12:44:29     -617.114180        0.084341
FIRE:  205 12:44:38     -617.114821        0.058096
FIRE:  206 12:44:47     -617.115491        0.024742
FIRE:  207 12:44:56     -617.115724        0.033805
FIRE:  208 12:45:05     -617.115772        0.031215
FIRE:  209 12:45:15     -617.115859        0.026277
FIRE:  210 12:45:24     -617.115974        0.024640
FIRE:  211 12:45:33     -617.116104        0.024642
FIRE:  212 12:45:42     -617.116239        0.024634
FIRE:  213 12:45:51     -617.116379        0.024609
FIRE:  214 12:46:00     -617.116528        0.024557
FIRE:  215 12:46:09     -617.116713        0.024461
FIRE:  216 12:46:19     -617.116958        0.024296
FIRE:  217 12:46:28     -617.117269        0.024027
FIRE:  218 12:46:37     -617.117649        0.023602
FIRE:  219 12:46:46     -617.118080        0.022945
FIRE:  220 12:46:55     -617.118564        0.021963
FIRE:  221 12:47:05     -617.119139        0.020563
FIRE:  222 12:47:14     -617.119833        0.019711
FIRE:  223 12:47:23     -617.120597        0.019603
FIRE:  224 12:47:32     -617.121449        0.019503
FIRE:  225 12:47:41     -617.122421        0.019366
FIRE:  226 12:47:51     -617.123453        0.019100
FIRE:  227 12:48:00     -617.124609        0.018663
FIRE:  228 12:48:09     -617.125889        0.019407
FIRE:  229 12:48:18     -617.127423        0.023434
FIRE:  230 12:48:27     -617.129416        0.029268
FIRE:  231 12:48:36     -617.132382        0.037196
FIRE:  232 12:48:46     -617.137511        0.050614
FIRE:  233 12:48:55     -617.147185        0.071389
FIRE:  234 12:49:04     -617.165965        0.118746
FIRE:  235 12:49:13     -617.201613        0.131943
FIRE:  236 12:49:22     -617.249066        0.263520
FIRE:  237 12:49:31     -617.319055        0.236847
FIRE:  238 12:49:41     -617.387002        0.291030
FIRE:  239 12:49:50     -617.461227        0.380112
FIRE:  240 12:49:59     -617.556773        0.547276
FIRE:  241 12:50:08     -617.657935        0.408263
FIRE:  242 12:50:18     -617.699725        0.702538
FIRE:  243 12:50:27     -617.703453        0.613737
FIRE:  244 12:50:36     -617.753473        0.371190
FIRE:  245 12:50:45     -617.756321        0.422506
FIRE:  246 12:50:54     -617.763334        0.366708
FIRE:  247 12:51:04     -617.772997        0.265015
FIRE:  248 12:51:13     -617.779952        0.167607
FIRE:  249 12:51:22     -617.782476        0.224095
FIRE:  250 12:51:31     -617.783005        0.220273
FIRE:  251 12:51:40     -617.783998        0.212887
FIRE:  252 12:51:50     -617.785344        0.202458
FIRE:  253 12:51:59     -617.786908        0.189758
FIRE:  254 12:52:08     -617.788571        0.175784
FIRE:  255 12:52:17     -617.790253        0.161688
FIRE:  256 12:52:27     -617.791956        0.148591
FIRE:  257 12:52:36     -617.793921        0.136169
FIRE:  258 12:52:45     -617.796302        0.132653
FIRE:  259 12:52:54     -617.799317        0.140100
FIRE:  260 12:53:03     -617.803134        0.138910
FIRE:  261 12:53:12     -617.807778        0.126732
FIRE:  262 12:53:22     -617.813054        0.103989
FIRE:  263 12:53:31     -617.818795        0.086810
FIRE:  264 12:53:40     -617.825190        0.088833
FIRE:  265 12:53:49     -617.832604        0.087219
FIRE:  266 12:53:58     -617.840997        0.101342
FIRE:  267 12:54:07     -617.850203        0.118939
FIRE:  268 12:54:17     -617.861244        0.138361
FIRE:  269 12:54:26     -617.875549        0.159867
FIRE:  270 12:54:35     -617.895042        0.185790
FIRE:  271 12:54:44     -617.923669        0.208289
FIRE:  272 12:54:53     -617.963472        0.194847
FIRE:  273 12:55:02     -618.010720        0.143193
FIRE:  274 12:55:12     -618.048117        0.115062
FIRE:  275 12:55:21     -618.073148        0.142282
FIRE:  276 12:55:30     -618.093399        0.125246
FIRE:  277 12:55:39     -618.118554        0.146159
FIRE:  278 12:55:48     -618.149970        0.151176
FIRE:  279 12:55:58     -618.184810        0.161662
FIRE:  280 12:56:07     -618.225014        0.210284
FIRE:  281 12:56:16     -618.274949        0.260865
FIRE:  282 12:56:25     -618.330619        0.298691
FIRE:  283 12:56:34     -618.391575        0.338982
FIRE:  284 12:56:44     -618.465649        0.376074
FIRE:  285 12:56:53     -618.539011        0.334819
FIRE:  286 12:57:02     -618.586547        0.352126
FIRE:  287 12:57:11     -618.638973        0.331802
FIRE:  288 12:57:20     -618.697713        0.321936
FIRE:  289 12:57:30     -618.756832        0.308104
FIRE:  290 12:57:39     -618.816155        0.274839
FIRE:  291 12:57:48     -618.877755        0.256812
FIRE:  292 12:57:57     -618.928606        0.265604
FIRE:  293 12:58:06     -618.947979        0.321931
FIRE:  294 12:58:16     -619.009186        0.195583
FIRE:  295 12:58:25     -619.049254        0.304679
FIRE:  296 12:58:34     -619.095797        0.103346
FIRE:  297 12:58:43     -619.101672        0.246464
FIRE:  298 12:58:52     -619.112877        0.161212
FIRE:  299 12:59:01     -619.122182        0.068220
FIRE:  300 12:59:11     -619.125100        0.128182
FIRE:  301 12:59:20     -619.126240        0.116208
FIRE:  302 12:59:29     -619.128118        0.093646
FIRE:  303 12:59:38     -619.130156        0.063644
FIRE:  304 12:59:47     -619.131883        0.041875
FIRE:  305 12:59:56     -619.133198        0.040048
FIRE:  306 13:00:06     -619.134340        0.052215
FIRE:  307 13:00:15     -619.135626        0.068534
FIRE:  308 13:00:24     -619.137405        0.072851
FIRE:  309 13:00:33     -619.139710        0.060692
FIRE:  310 13:00:42     -619.142327        0.036290
FIRE:  311 13:00:51     -619.144774        0.024106
FIRE:  312 13:01:01     -619.146788        0.048819
FIRE:  313 13:01:10     -619.148848        0.060586
FIRE:  314 13:01:19     -619.151426        0.040612
FIRE:  315 13:01:28     -619.153765        0.025551
FIRE:  316 13:01:38     -619.155606        0.045090
FIRE:  317 13:01:47     -619.157833        0.028643
FIRE:  318 13:01:56     -619.159711        0.029429
FIRE:  319 13:02:05     -619.161498        0.038393
FIRE:  320 13:02:14     -619.163546        0.026423
FIRE:  321 13:02:23     -619.165198        0.034738
FIRE:  322 13:02:33     -619.165795        0.025462
FIRE:  323 13:02:42     -619.166303        0.022385
FIRE:  324 13:02:51     -619.166707        0.028503
FIRE:  325 13:03:00     -619.167333        0.023578
FIRE:  326 13:03:09     -619.168061        0.019099
FIRE:  327 13:03:18     -619.168786        0.020084
FIRE:  328 13:03:28     -619.169405        0.012570
FIRE:  329 13:03:37     -619.169936        0.019439
FIRE:  330 13:03:46     -619.170571        0.013170
FIRE:  331 13:03:55     -619.171042        0.019357
FIRE:  332 13:04:04     -619.171271        0.017081
FIRE:  333 13:04:14     -619.171344        0.013764
FIRE:  334 13:04:23     -619.171428        0.008301
MACE calculation complete. Energy written to MACE_OUTCAR: -619.171428 eV
Job ended on: Mon  9 Jun 12:04:27 UTC 2025
