Si Bulk DFT energetics calculations using VASP
Running on host: comp061
Working directory: /lustre/home/ah1365/projects/127870/upgrade_report/case_studies/common/structures/interfaces/96_Si48Sn48_112_111_a0.0_b0.0_c0.0_interface3shift1
Job started on: Wed  4 Jun 09:50:55 UTC 2025
cuequivariance or cuequivariance_torch is not available. Cuequivariance acceleration will be disabled.
Using Materials Project MACE for MACECalculator with /lustre/home/ah1365/.cache/mace/MACE_MPtrj_20229model
Using float64 for MACECalculator, which is slower but more accurate. Recommended for geometry optimization.
Using TorchDFTD3Calculator for D3 dispersion corrections
      Step     Time          Energy          fmax
FIRE:    0 10:51:17      314.358336     1258.433410
FIRE:    1 10:51:24      101.729100      230.773710
FIRE:    2 10:51:32        8.735260      137.793599
FIRE:    3 10:51:39      -55.419561       99.333031
FIRE:    4 10:51:46     -102.118752       76.036949
FIRE:    5 10:51:53     -140.352411       62.415382
FIRE:    6 10:52:01     -173.235493       52.060174
FIRE:    7 10:52:08     -201.865277       42.359015
FIRE:    8 10:52:15     -227.352123       41.178370
FIRE:    9 10:52:23     -250.403661       39.845839
FIRE:   10 10:52:30     -271.288414       37.217979
FIRE:   11 10:52:37     -290.474794       33.967278
FIRE:   12 10:52:45     -307.942018       30.601129
FIRE:   13 10:52:52     -323.358016       26.369818
FIRE:   14 10:52:59     -336.699658       22.608688
FIRE:   15 10:53:07     -348.163238       19.417820
FIRE:   16 10:53:14     -357.839658       16.154088
FIRE:   17 10:53:22     -365.821028       12.901239
FIRE:   18 10:53:29     -372.375441       11.217378
FIRE:   19 10:53:36     -377.799915       11.346799
FIRE:   20 10:53:44     -382.385310       11.118784
FIRE:   21 10:53:51     -386.427034       10.482606
FIRE:   22 10:53:58     -390.126736        9.438326
FIRE:   23 10:54:06     -393.581308        8.035115
FIRE:   24 10:54:13     -396.831740        6.368581
FIRE:   25 10:54:20     -399.898431        5.331724
FIRE:   26 10:54:28     -402.799252        5.100282
FIRE:   27 10:54:35     -405.549671        4.867269
FIRE:   28 10:54:42     -408.155735        4.495633
FIRE:   29 10:54:50     -410.619855        4.183257
FIRE:   30 10:54:57     -412.949894        4.046491
FIRE:   31 10:55:05     -415.162486        4.157913
FIRE:   32 10:55:12     -417.268501        4.555628
FIRE:   33 10:55:19     -419.275693        4.569914
FIRE:   34 10:55:27     -421.182557        4.235250
FIRE:   35 10:55:34     -422.978637        3.634458
FIRE:   36 10:55:41     -424.651891        3.077532
FIRE:   37 10:55:49     -426.197530        2.921355
FIRE:   38 10:55:56     -427.622878        2.734901
FIRE:   39 10:56:03     -428.944492        2.534044
FIRE:   40 10:56:11     -430.182397        2.332645
FIRE:   41 10:56:18     -431.355345        2.142242
FIRE:   42 10:56:25     -432.478395        1.972185
FIRE:   43 10:56:33     -433.563118        1.829560
FIRE:   44 10:56:40     -434.618341        1.715739
FIRE:   45 10:56:47     -435.650069        1.623106
FIRE:   46 10:56:55     -436.661221        1.588905
FIRE:   47 10:57:02     -437.652754        1.533351
FIRE:   48 10:57:09     -438.625389        1.446027
FIRE:   49 10:57:17     -439.580235        1.372981
FIRE:   50 10:57:24     -440.519552        1.398637
FIRE:   51 10:57:31     -441.447252        1.493859
FIRE:   52 10:57:39     -442.368696        1.583794
FIRE:   53 10:57:46     -443.290070        1.660464
FIRE:   54 10:57:53     -444.215814        1.715414
FIRE:   55 10:58:01     -445.146001        1.741685
FIRE:   56 10:58:08     -446.075241        1.734775
FIRE:   57 10:58:15     -446.992891        1.692777
FIRE:   58 10:58:23     -447.885815        1.616230
FIRE:   59 10:58:30     -448.741897        1.508086
FIRE:   60 10:58:37     -449.552788        1.373799
FIRE:   61 10:58:45     -450.315454        1.289603
FIRE:   62 10:58:52     -451.030482        1.382646
FIRE:   63 10:58:59     -451.698306        1.466699
FIRE:   64 10:59:07     -452.315489        1.469909
FIRE:   65 10:59:14     -452.873507        1.357607
FIRE:   66 10:59:21     -453.360340        1.126721
FIRE:   67 10:59:29     -453.764309        0.920646
FIRE:   68 10:59:36     -454.078935        0.963048
FIRE:   69 10:59:43     -454.305523        1.056355
FIRE:   70 10:59:51     -454.452646        1.236034
FIRE:   71 10:59:58     -454.533316        1.460096
FIRE:   72 11:00:05     -454.561128        1.647466
FIRE:   73 11:00:13     -455.558318        0.925407
FIRE:   74 11:00:20     -456.107841        0.564100
FIRE:   75 11:00:27     -456.427658        0.685610
FIRE:   76 11:00:34     -456.698702        0.604135
FIRE:   77 11:00:42     -456.978296        0.589185
FIRE:   78 11:00:49     -457.258638        0.516710
FIRE:   79 11:00:56     -457.531488        0.425762
FIRE:   80 11:01:04     -457.799870        0.376025
FIRE:   81 11:01:11     -458.060340        0.354156
FIRE:   82 11:01:18     -458.303777        0.360568
FIRE:   83 11:01:26     -458.523771        0.363800
FIRE:   84 11:01:33     -458.720340        0.319384
FIRE:   85 11:01:40     -458.896072        0.283985
FIRE:   86 11:01:48     -459.055764        0.291921
FIRE:   87 11:01:55     -459.208644        0.266276
FIRE:   88 11:02:02     -459.359281        0.233099
FIRE:   89 11:02:10     -459.502106        0.226991
FIRE:   90 11:02:17     -459.633388        0.224136
FIRE:   91 11:02:24     -459.759309        0.254716
FIRE:   92 11:02:32     -459.888207        0.279516
FIRE:   93 11:02:39     -460.021264        0.268534
FIRE:   94 11:02:46     -460.154073        0.235215
FIRE:   95 11:02:54     -460.283428        0.214278
FIRE:   96 11:03:01     -460.409601        0.217630
FIRE:   97 11:03:09     -460.535099        0.224060
FIRE:   98 11:03:16     -460.664530        0.215872
FIRE:   99 11:03:23     -460.803300        0.222293
FIRE:  100 11:03:31     -460.954516        0.233172
FIRE:  101 11:03:38     -461.119115        0.243331
FIRE:  102 11:03:45     -461.297496        0.264800
FIRE:  103 11:03:53     -461.489191        0.280565
FIRE:  104 11:04:00     -461.692378        0.288805
FIRE:  105 11:04:07     -461.905236        0.286885
FIRE:  106 11:04:15     -462.126815        0.306065
FIRE:  107 11:04:22     -462.355513        0.297561
FIRE:  108 11:04:29     -462.586917        0.290254
FIRE:  109 11:04:37     -462.814354        0.302047
FIRE:  110 11:04:44     -463.033038        0.311448
FIRE:  111 11:04:51     -463.242561        0.316540
FIRE:  112 11:04:59     -463.446191        0.316223
FIRE:  113 11:05:06     -463.647809        0.339945
FIRE:  114 11:05:14     -463.849429        0.328725
FIRE:  115 11:05:21     -464.050705        0.333271
FIRE:  116 11:05:28     -464.250407        0.347771
FIRE:  117 11:05:36     -464.447651        0.350871
FIRE:  118 11:05:43     -464.641789        0.333616
FIRE:  119 11:05:50     -464.831506        0.289625
FIRE:  120 11:05:58     -465.013708        0.289969
FIRE:  121 11:06:05     -465.182384        0.287102
FIRE:  122 11:06:13     -465.329771        0.422934
FIRE:  123 11:06:20     -465.455884        0.638316
FIRE:  124 11:06:27     -465.573648        0.719925
FIRE:  125 11:06:35     -465.692117        0.598513
FIRE:  126 11:06:42     -465.800068        0.374113
FIRE:  127 11:06:49     -465.881748        0.329329
FIRE:  128 11:06:57     -465.938839        0.436420
FIRE:  129 11:07:04     -465.984306        0.478778
FIRE:  130 11:07:11     -466.028967        0.461176
FIRE:  131 11:07:19     -466.077100        0.463702
FIRE:  132 11:07:26     -466.126432        0.436993
FIRE:  133 11:07:33     -466.168439        0.354641
FIRE:  134 11:07:41     -466.195001        0.338302
FIRE:  135 11:07:48     -466.350662        0.388813
FIRE:  136 11:07:55     -466.470083        0.238979
FIRE:  137 11:08:03     -466.548954        0.331799
FIRE:  138 11:08:10     -466.621658        0.152917
FIRE:  139 11:08:18     -466.674663        0.225310
FIRE:  140 11:08:25     -466.728505        0.203482
FIRE:  141 11:08:32     -466.785143        0.124308
FIRE:  142 11:08:40     -466.843015        0.155298
FIRE:  143 11:08:47     -466.908893        0.155142
FIRE:  144 11:08:54     -466.975516        0.127097
FIRE:  145 11:09:02     -467.040856        0.124394
FIRE:  146 11:09:09     -467.102037        0.114287
FIRE:  147 11:09:16     -467.163061        0.104647
FIRE:  148 11:09:24     -467.222406        0.103829
FIRE:  149 11:09:31     -467.280129        0.111610
FIRE:  150 11:09:39     -467.337935        0.113133
FIRE:  151 11:09:46     -467.395551        0.105533
FIRE:  152 11:09:53     -467.453135        0.103970
FIRE:  153 11:10:01     -467.511025        0.095797
FIRE:  154 11:10:08     -467.568082        0.095836
FIRE:  155 11:10:16     -467.623330        0.093836
FIRE:  156 11:10:23     -467.675868        0.093446
FIRE:  157 11:10:30     -467.724350        0.089870
FIRE:  158 11:10:38     -467.768436        0.083607
FIRE:  159 11:10:45     -467.808526        0.074622
FIRE:  160 11:10:53     -467.844582        0.062006
FIRE:  161 11:11:00     -467.876185        0.056378
FIRE:  162 11:11:07     -467.903389        0.068030
FIRE:  163 11:11:15     -467.927512        0.077875
FIRE:  164 11:11:22     -467.951776        0.083455
FIRE:  165 11:11:29     -467.979651        0.091676
FIRE:  166 11:11:37     -468.015503        0.105540
FIRE:  167 11:11:44     -468.062277        0.129082
FIRE:  168 11:11:52     -468.121200        0.157529
FIRE:  169 11:11:59     -468.192152        0.185141
FIRE:  170 11:12:06     -468.273440        0.204759
FIRE:  171 11:12:14     -468.361803        0.202227
FIRE:  172 11:12:21     -468.450682        0.163820
FIRE:  173 11:12:28     -468.530908        0.166579
FIRE:  174 11:12:36     -468.595136        0.330098
FIRE:  175 11:12:43     -468.652444        0.399913
FIRE:  176 11:12:50     -468.715426        0.235030
FIRE:  177 11:12:58     -468.769603        0.186547
FIRE:  178 11:13:05     -468.812984        0.225903
FIRE:  179 11:13:12     -468.850971        0.215520
FIRE:  180 11:13:20     -468.877049        0.131839
FIRE:  181 11:13:27     -468.887246        0.219184
FIRE:  182 11:13:35     -468.924004        0.365830
FIRE:  183 11:13:42     -468.955629        0.094341
FIRE:  184 11:13:49     -468.954175        0.330314
FIRE:  185 11:13:57     -468.962642        0.245481
FIRE:  186 11:14:04     -468.972562        0.110792
FIRE:  187 11:14:11     -468.977493        0.082191
FIRE:  188 11:14:19     -468.978421        0.184773
FIRE:  189 11:14:26     -468.979199        0.175442
FIRE:  190 11:14:34     -468.980628        0.157421
FIRE:  191 11:14:41     -468.982505        0.132081
FIRE:  192 11:14:48     -468.984577        0.101834
FIRE:  193 11:14:56     -468.986592        0.071239
FIRE:  194 11:15:03     -468.988407        0.050518
FIRE:  195 11:15:10     -468.990043        0.053218
FIRE:  196 11:15:18     -468.991809        0.071488
FIRE:  197 11:15:25     -468.993992        0.088575
FIRE:  198 11:15:33     -468.996922        0.095523
FIRE:  199 11:15:40     -469.000808        0.086029
FIRE:  200 11:15:47     -469.005483        0.059496
FIRE:  201 11:15:55     -469.010453        0.038433
FIRE:  202 11:16:02     -469.015381        0.050977
FIRE:  203 11:16:10     -469.020737        0.069006
FIRE:  204 11:16:17     -469.026937        0.054549
FIRE:  205 11:16:24     -469.033306        0.032087
FIRE:  206 11:16:32     -469.039025        0.051195
FIRE:  207 11:16:39     -469.044770        0.044027
FIRE:  208 11:16:47     -469.050134        0.032514
FIRE:  209 11:16:54     -469.054409        0.051910
FIRE:  210 11:17:01     -469.058200        0.033244
FIRE:  211 11:17:09     -469.060684        0.044237
FIRE:  212 11:17:16     -469.062607        0.029916
FIRE:  213 11:17:24     -469.063224        0.038915
FIRE:  214 11:17:31     -469.063880        0.030059
FIRE:  215 11:17:38     -469.064531        0.024186
FIRE:  216 11:17:46     -469.065015        0.034574
FIRE:  217 11:17:53     -469.065821        0.036829
FIRE:  218 11:18:00     -469.067003        0.023208
FIRE:  219 11:18:08     -469.068035        0.018076
FIRE:  220 11:18:15     -469.068909        0.022469
FIRE:  221 11:18:23     -469.069998        0.023447
FIRE:  222 11:18:30     -469.071095        0.016985
FIRE:  223 11:18:37     -469.072028        0.021950
FIRE:  224 11:18:45     -469.073023        0.019347
FIRE:  225 11:18:52     -469.073791        0.016635
FIRE:  226 11:19:00     -469.074561        0.023106
FIRE:  227 11:19:07     -469.075240        0.027037
FIRE:  228 11:19:14     -469.076165        0.012532
FIRE:  229 11:19:22     -469.077139        0.026516
FIRE:  230 11:19:29     -469.078111        0.060533
FIRE:  231 11:19:37     -469.078791        0.011917
FIRE:  232 11:19:44     -469.078654        0.042909
FIRE:  233 11:19:51     -469.078806        0.033618
FIRE:  234 11:19:59     -469.079001        0.017360
FIRE:  235 11:20:06     -469.079119        0.011424
FIRE:  236 11:20:14     -469.079143        0.021710
FIRE:  237 11:20:21     -469.079155        0.020692
FIRE:  238 11:20:28     -469.079177        0.018713
FIRE:  239 11:20:36     -469.079207        0.015894
FIRE:  240 11:20:43     -469.079241        0.012429
FIRE:  241 11:20:50     -469.079276        0.011157
FIRE:  242 11:20:58     -469.079311        0.011143
FIRE:  243 11:21:05     -469.079346        0.011121
FIRE:  244 11:21:13     -469.079385        0.011085
FIRE:  245 11:21:20     -469.079433        0.011030
FIRE:  246 11:21:27     -469.079495        0.010952
FIRE:  247 11:21:35     -469.079578        0.010845
FIRE:  248 11:21:42     -469.079686        0.010705
FIRE:  249 11:21:49     -469.079814        0.010530
FIRE:  250 11:21:57     -469.079951        0.010325
FIRE:  251 11:22:04     -469.080110        0.010102
FIRE:  252 11:22:12     -469.080294        0.009883
MACE calculation complete. Energy written to MACE_OUTCAR: -469.080294 eV
Job ended on: Wed  4 Jun 10:22:13 UTC 2025
