Si Bulk DFT energetics calculations using VASP
Running on host: comp059
Working directory: /lustre/home/ah1365/projects/127870/upgrade_report/case_studies/common/structures/interfaces/48_Si48_001_122_a0.0_b0.0_c0.0_interface11shift1
Job started on: Tue  3 Jun 13:54:10 UTC 2025
cuequivariance or cuequivariance_torch is not available. Cuequivariance acceleration will be disabled.
Using Materials Project MACE for MACECalculator with /lustre/home/ah1365/.cache/mace/MACE_MPtrj_20229model
Using float64 for MACECalculator, which is slower but more accurate. Recommended for geometry optimization.
Using TorchDFTD3Calculator for D3 dispersion corrections
      Step     Time          Energy          fmax
FIRE:    0 14:54:20     -103.589947      131.627144
FIRE:    1 14:54:24     -150.236897       88.079628
FIRE:    2 14:54:28     -180.629341       50.929194
FIRE:    3 14:54:32     -199.581652       25.837059
FIRE:    4 14:54:36     -211.311252       22.886200
FIRE:    5 14:54:39     -219.501675       19.488146
FIRE:    6 14:54:43     -225.524544       15.141768
FIRE:    7 14:54:47     -229.899154       10.928101
FIRE:    8 14:54:51     -233.130070       11.446550
FIRE:    9 14:54:55     -235.541277       12.255501
FIRE:   10 14:54:59     -237.540267       11.540182
FIRE:   11 14:55:03     -239.400047        9.809847
FIRE:   12 14:55:06     -241.190656        7.584929
FIRE:   13 14:55:10     -242.882614        6.729289
FIRE:   14 14:55:14     -244.438217        6.304017
FIRE:   15 14:55:18     -245.881265        5.410607
FIRE:   16 14:55:22     -247.206367        4.595956
FIRE:   17 14:55:26     -248.386194        4.567359
FIRE:   18 14:55:30     -249.401877        4.156436
FIRE:   19 14:55:34     -250.232443        3.315601
FIRE:   20 14:55:37     -250.869783        2.421940
FIRE:   21 14:55:41     -251.353086        2.392395
FIRE:   22 14:55:45     -251.750096        2.339696
FIRE:   23 14:55:49     -252.112272        2.285905
FIRE:   24 14:55:53     -252.457505        2.268732
FIRE:   25 14:55:57     -252.775946        2.272608
FIRE:   26 14:56:00     -253.069841        2.247520
FIRE:   27 14:56:04     -253.382094        2.088278
FIRE:   28 14:56:08     -253.760901        1.812229
FIRE:   29 14:56:12     -254.210970        1.595721
FIRE:   30 14:56:16     -254.690592        1.533329
FIRE:   31 14:56:20     -255.139692        1.440538
FIRE:   32 14:56:23     -255.520020        1.958578
FIRE:   33 14:56:27     -255.853274        2.129810
FIRE:   34 14:56:31     -256.156998        1.764876
FIRE:   35 14:56:35     -256.392490        1.198167
FIRE:   36 14:56:39     -256.528560        1.679892
FIRE:   37 14:56:43     -257.134023        0.697266
FIRE:   38 14:56:46     -257.354331        0.640534
FIRE:   39 14:56:50     -257.499145        0.961991
FIRE:   40 14:56:54     -257.777422        0.905368
FIRE:   41 14:56:58     -258.065084        0.777173
FIRE:   42 14:57:02     -258.314856        0.822022
FIRE:   43 14:57:06     -258.576128        0.776566
FIRE:   44 14:57:09     -258.848718        0.638761
FIRE:   45 14:57:13     -259.097833        0.479662
FIRE:   46 14:57:17     -259.303717        0.400915
FIRE:   47 14:57:21     -259.464342        0.369934
FIRE:   48 14:57:25     -259.594416        0.372349
FIRE:   49 14:57:29     -259.716575        0.408292
FIRE:   50 14:57:32     -259.846553        0.444804
FIRE:   51 14:57:36     -259.985566        0.456232
FIRE:   52 14:57:40     -260.128594        0.430644
FIRE:   53 14:57:44     -260.268392        0.360942
FIRE:   54 14:57:48     -260.394081        0.298627
FIRE:   55 14:57:52     -260.501094        0.471645
FIRE:   56 14:57:55     -260.607579        0.532845
FIRE:   57 14:57:59     -260.732403        0.374554
FIRE:   58 14:58:03     -260.864582        0.323104
FIRE:   59 14:58:07     -260.993237        0.315292
FIRE:   60 14:58:11     -261.123198        0.323043
FIRE:   61 14:58:15     -261.252547        0.316187
FIRE:   62 14:58:19     -261.371618        0.290742
FIRE:   63 14:58:22     -261.477504        0.259891
FIRE:   64 14:58:26     -261.571214        0.237550
FIRE:   65 14:58:30     -261.652930        0.250631
FIRE:   66 14:58:34     -261.725061        0.281181
FIRE:   67 14:58:38     -261.796693        0.288147
FIRE:   68 14:58:42     -261.879687        0.351912
FIRE:   69 14:58:46     -261.975688        0.366859
FIRE:   70 14:58:49     -262.073401        0.308521
FIRE:   71 14:58:53     -262.160691        0.287539
FIRE:   72 14:58:57     -262.235361        0.271354
FIRE:   73 14:59:01     -262.302481        0.261521
FIRE:   74 14:59:05     -262.365578        0.243957
FIRE:   75 14:59:09     -262.424475        0.227702
FIRE:   76 14:59:13     -262.481301        0.220863
FIRE:   77 14:59:16     -262.541506        0.278461
FIRE:   78 14:59:20     -262.605549        0.275426
FIRE:   79 14:59:24     -262.666297        0.270129
FIRE:   80 14:59:28     -262.715361        0.262566
FIRE:   81 14:59:32     -262.750856        0.229517
FIRE:   82 14:59:36     -262.779766        0.216968
FIRE:   83 14:59:40     -262.807385        0.231627
FIRE:   84 14:59:43     -262.829642        0.221898
FIRE:   85 14:59:47     -262.915341        0.262660
FIRE:   86 14:59:51     -262.950764        0.143120
FIRE:   87 14:59:55     -262.969717        0.209143
FIRE:   88 14:59:59     -263.002254        0.155939
FIRE:   89 15:00:03     -263.041790        0.159090
FIRE:   90 15:00:07     -263.072895        0.143882
FIRE:   91 15:00:10     -263.100266        0.116179
FIRE:   92 15:00:14     -263.119695        0.113931
FIRE:   93 15:00:18     -263.138904        0.120533
FIRE:   94 15:00:22     -263.151778        0.134706
FIRE:   95 15:00:26     -263.155665        0.097342
FIRE:   96 15:00:30     -263.160106        0.059842
FIRE:   97 15:00:34     -263.162590        0.057735
FIRE:   98 15:00:37     -263.164540        0.073274
FIRE:   99 15:00:41     -263.168064        0.068017
FIRE:  100 15:00:45     -263.172585        0.048480
FIRE:  101 15:00:49     -263.176381        0.047035
FIRE:  102 15:00:53     -263.179731        0.065855
FIRE:  103 15:00:57     -263.183584        0.041645
FIRE:  104 15:01:01     -263.187236        0.040139
FIRE:  105 15:01:05     -263.190860        0.066510
FIRE:  106 15:01:09     -263.195506        0.035375
FIRE:  107 15:01:12     -263.198576        0.060952
FIRE:  108 15:01:16     -263.202460        0.033058
FIRE:  109 15:01:20     -263.204004        0.063904
FIRE:  110 15:01:24     -263.204860        0.038300
FIRE:  111 15:01:28     -263.205505        0.016059
FIRE:  112 15:01:32     -263.205461        0.036315
FIRE:  113 15:01:36     -263.205555        0.032441
FIRE:  114 15:01:39     -263.205713        0.025221
FIRE:  115 15:01:43     -263.205885        0.016430
FIRE:  116 15:01:47     -263.206023        0.010989
FIRE:  117 15:01:51     -263.206113        0.011999
FIRE:  118 15:01:55     -263.206177        0.019095
FIRE:  119 15:01:59     -263.206252        0.023410
FIRE:  120 15:02:03     -263.206385        0.023780
FIRE:  121 15:02:07     -263.206589        0.019258
FIRE:  122 15:02:10     -263.206831        0.012769
FIRE:  123 15:02:14     -263.207055        0.009969
MACE calculation complete. Energy written to MACE_OUTCAR: -263.207055 eV
Job ended on: Tue  3 Jun 14:02:15 UTC 2025
