##################################################
##################################################

                    █████████████████████████████
  ██   ███   █████      ███  ███  ██     ███    █
 █  █  █  █    █     ██████ █ █ █ ████ ████  ████
 ████  ████    █       ████ ██ ██ ████ █████   ██
 █  █  █ █     █     ██████ █████ ████ ███████  █
 █  █  █  █    █        ███ █████ ██     ██    ██
                    █████████████████████████████

##################################################
##################################################
           Ab Initio Restructuring Tool           
    Enabling Modelling of Interface Structures    

 Welcome to ARTEMIS version 2.0.0
 (build May 31 2025 22:38:31)

 Authors:
 N. T. Taylor, F. H. Davies, I. E. M. Rudkin, S. P. Hepplestone

 Contributors:
 C. J. Price, T. H. Chan, J. Pitfield, E. A. D. Baker, S. G. Davies

 Artistic advisors:
 E. L. Martin

 LICENSE:
 This work is licensed under a General Public License 3.0 (GPLv3)
 https://www.gnu.org/licenses/gpl-3.0.en.html

##################################################
 executed on 2025.06.01 at 5:20:29
Using file 'no_shift.param.in'
 Output files will be VASP formatted
 clock seed: 40769431
Using file 'lower.vasp'
Using file 'upper.vasp'
##################################################
 task 1 set
 Performing Interface Generation

 Miller planes considered for lower material: 40
   1)      0   0   1
   2)      0   1   1
   3)      0   1   2
   4)      1   1   1
   5)      0   1   3
   6)      1   1   2
   7)      0   2   3
   8)      0   1   4
   9)      1   1   3
  10)      1   2   2
  11)      0   1   5
  12)      1   1   4
  13)      1   2   3
  14)      0   3   4
  15)      0   2   5
  16)      1   1   5
  17)      1   2   4
  18)      1   3   3
  19)      2   2   3
  20)      1   2   5
  21)      1   3   4
  22)      0   3   5
  23)      2   3   3
  24)      1   4   4
  25)      0   4   5
  26)      2   2   5
  27)      1   3   5
  28)      2   3   4
  29)      1   4   5
  30)      2   3   5
  31)      3   3   4
  32)      2   4   5
  33)      1   5   5
  34)      3   3   5
  35)      3   4   4
  36)      2   5   5
  37)      3   4   5
  38)      3   5   5
  39)      4   4   5
  40)      4   5   5

 Miller planes considered for upper material: 40
   1)      0   0   1
   2)      0   1   1
   3)      0   1   2
   4)      1   1   1
   5)      0   1   3
   6)      1   1   2
   7)      0   2   3
   8)      0   1   4
   9)      1   1   3
  10)      1   2   2
  11)      0   1   5
  12)      1   1   4
  13)      1   2   3
  14)      0   3   4
  15)      0   2   5
  16)      1   1   5
  17)      1   2   4
  18)      1   3   3
  19)      2   2   3
  20)      1   2   5
  21)      1   3   4
  22)      0   3   5
  23)      2   3   3
  24)      1   4   4
  25)      0   4   5
  26)      2   2   5
  27)      1   3   5
  28)      2   3   4
  29)      1   4   5
  30)      2   3   5
  31)      3   3   4
  32)      2   4   5
  33)      1   5   5
  34)      3   3   5
  35)      3   4   4
  36)      2   5   5
  37)      3   4   5
  38)      3   5   5
  39)      4   4   5
  40)      4   5   5

 Performing lattice match reduction
 Total number of matches saved:          16

Fit number: 1  Area increase: 9
   Transmat 1:    Transmat 2:

    a   b   c      a   b   c

    0   3   0      1  -3   0 
   -3   0   0      3   1   0 
    0   0   1      0   0   1 
 vector mismatch (%) = 1.183802485
 angle mismatch (°)  = .000000000
 area mismatch (%)   = 2.381610870
 reduced: F


Fit number: 2  Area increase: 9
   Transmat 1:    Transmat 2:

    a   b   c      a   b   c

    0   3   0      1   3   0 
   -3   0   0     -3   1   0 
    0   0   1      0   0   1 
 vector mismatch (%) = 1.183802485
 angle mismatch (°)  = .000000000
 area mismatch (%)   = 2.381610870
 reduced: F


Fit number: 3  Area increase: 8
   Transmat 1:    Transmat 2:

    a   b   c      a   b   c

   -2   2   0      3   0   0 
   -2  -2   1      0   3  -1 
    1   1   4      0   1   3 
 vector mismatch (%) = 1.814228892
 angle mismatch (°)  = .000000000
 area mismatch (%)   = 3.019487858
 reduced: F


Fit number: 4  Area increase: 8
   Transmat 1:    Transmat 2:

    a   b   c      a   b   c

    0  -2   2      3   0   0 
    3   0   0      0   3  -1 
    0   1   1      0   1   3 
 vector mismatch (%) = 1.814228892
 angle mismatch (°)  = .000000000
 area mismatch (%)   = 3.019499779
 reduced: F


Fit number: 5  Area increase: 8
   Transmat 1:    Transmat 2:

    a   b   c      a   b   c

   -2   2   0      3   0   0 
   -2  -2   1      0   3   0 
    1   1   4      0   0   1 
 vector mismatch (%) = 4.008629799
 angle mismatch (°)  = .000000000
 area mismatch (%)   = 2.267122269
 reduced: F


Fit number: 6  Area increase: 4
   Transmat 1:    Transmat 2:

    a   b   c      a   b   c

    1  -1   0      1  -1   0 
    2   2   0     -2  -2   1 
    0   0   1      1   1   4 
 vector mismatch (%) = 4.008624077
 angle mismatch (°)  = .000000000
 area mismatch (%)   = 2.267128229
 reduced: F


Fit number: 7  Area increase: 4
   Transmat 1:    Transmat 2:

    a   b   c      a   b   c

    1   1   0      0  -1   1 
   -2   2   0      3   0   0 
    0   0   1      0   1   1 
 vector mismatch (%) = 4.008624077
 angle mismatch (°)  = .000000000
 area mismatch (%)   = 2.267128229
 reduced: F


Fit number: 8  Area increase: 4
   Transmat 1:    Transmat 2:

    a   b   c      a   b   c

    1   1   0     -1   1   0 
   -2   2   0     -2  -2   1 
    0   0   1      1   1   4 
 vector mismatch (%) = 4.008624077
 angle mismatch (°)  = .000000000
 area mismatch (%)   = 2.267128229
 reduced: F


Fit number: 9  Area increase: 3
   Transmat 1:    Transmat 2:

    a   b   c      a   b   c

    1   0   0      0   1   0 
    0   2  -2     -3   0   0 
    0   1   1      0   0   1 
 vector mismatch (%) = 4.008624554
 angle mismatch (°)  = .000000000
 area mismatch (%)   = 2.267128229
 reduced: F


Fit number: 10  Area increase: 8
   Transmat 1:    Transmat 2:

    a   b   c      a   b   c

    2   2   0      0   3   0 
   -2   2   0     -3   0   0 
    0   0   1      0   0   1 
 vector mismatch (%) = 1.814228892
 angle mismatch (°)  = .000000000
 area mismatch (%)   = 3.661370277
 reduced: F


Fit number: 11  Area increase: 9
   Transmat 1:    Transmat 2:

    a   b   c      a   b   c

    3   0   0      3   1   0 
    0   3  -1     -1   3   0 
    0   1   3      0   0   1 
 vector mismatch (%) = 4.008617401
 angle mismatch (°)  = .000000000
 area mismatch (%)   = 2.872276306
 reduced: F


Fit number: 12  Area increase: 9
   Transmat 1:    Transmat 2:

    a   b   c      a   b   c

    3   0   0      3   1   0 
    0   3  -1      1  -3   0 
    0   1   3      0   0   1 
 vector mismatch (%) = 4.008617401
 angle mismatch (°)  = .000000000
 area mismatch (%)   = 2.872276306
 reduced: F


Fit number: 13  Area increase: 3
   Transmat 1:    Transmat 2:

    a   b   c      a   b   c

    1   0   0      1   0   0 
    0   3   0      0   3  -1 
    0   0   1      0   1   3 
 vector mismatch (%) = 4.008624554
 angle mismatch (°)  = .000000000
 area mismatch (%)   = 2.872276306
 reduced: F


Fit number: 14  Area increase: 3
   Transmat 1:    Transmat 2:

    a   b   c      a   b   c

    1   2  -2      3  -1   0 
   -2  -2   2     -3   2   0 
    0   1   1      0   0   1 
 vector mismatch (%) = 1.183791161
 angle mismatch (°)  = .538054943
 area mismatch (%)   = 2.267128229
 reduced: F


Fit number: 15  Area increase: 7
   Transmat 1:    Transmat 2:

    a   b   c      a   b   c

    2  -1   0      0  -2   1 
    1   3   0     -3   1   1 
    0   0   1      1   1   2 
 vector mismatch (%) = 4.008624554
 angle mismatch (°)  = .380735219
 area mismatch (%)   = 3.269535303
 reduced: F


Fit number: 16  Area increase: 7
   Transmat 1:    Transmat 2:

    a   b   c      a   b   c

    2   1   0      0  -2   1 
   -1   3   0      3  -1  -1 
    0   0   1      1   1   2 
 vector mismatch (%) = 4.008624554
 angle mismatch (°)  = .380735219
 area mismatch (%)   = 3.269535303
 reduced: F

 Term.   Min layer loc   Max layer loc   no. atoms
   1        0.00000         0.00000         18
 Term.   Min layer loc   Max layer loc   no. atoms
   1        0.00000         0.00000         20
+------------------------------------------------+
|                 W A R N I N G                  |
|                                                |
|  Smallest bond in the interface structure is   |
|               less than 1.5 Å.               |
+------------------------------------------------+
  bond length:  0.608529
  atom 1:   1    73
  atom 2:   2    60
 Term.   Min layer loc   Max layer loc   no. atoms
   1        0.00000         0.00000         18
 Term.   Min layer loc   Max layer loc   no. atoms
   1        0.00000         0.00000         20
+------------------------------------------------+
|                 W A R N I N G                  |
|                                                |
|  Smallest bond in the interface structure is   |
|               less than 1.5 Å.               |
+------------------------------------------------+
  bond length:  0.488639
  atom 1:   1    54
  atom 2:   2    73
 Term.   Min layer loc   Max layer loc   no. atoms
   1        0.00000         0.00000          8
 Term.   Min layer loc   Max layer loc   no. atoms
   1        1.00000         1.00000         12
+------------------------------------------------+
|                 W A R N I N G                  |
|                                                |
|  Smallest bond in the interface structure is   |
|               less than 1.5 Å.               |
+------------------------------------------------+
  bond length:  0.833440
  atom 1:   1    35
  atom 2:   2     8
 Term.   Min layer loc   Max layer loc   no. atoms
   1        0.00000         0.00000         24
 Term.   Min layer loc   Max layer loc   no. atoms
   1        1.00000         1.00000         12
+------------------------------------------------+
|                 W A R N I N G                  |
|                                                |
|  Smallest bond in the interface structure is   |
|               less than 1.5 Å.               |
+------------------------------------------------+
  bond length:  0.275065
  atom 1:   1    18
  atom 2:   2    26
 Term.   Min layer loc   Max layer loc   no. atoms
   1        0.00000         0.00000          8
 Term.   Min layer loc   Max layer loc   no. atoms
   1        0.00000         0.00000         18
+------------------------------------------------+
|                 W A R N I N G                  |
|                                                |
|  Smallest bond in the interface structure is   |
|               less than 1.5 Å.               |
+------------------------------------------------+
  bond length:  0.056180
  atom 1:   1     1
  atom 2:   2    90
 Term.   Min layer loc   Max layer loc   no. atoms
   1        0.00000         0.00000          8
 Term.   Min layer loc   Max layer loc   no. atoms
   1        0.00000         0.00000          4
+------------------------------------------------+
|                 W A R N I N G                  |
|                                                |
|  Smallest bond in the interface structure is   |
|               less than 1.5 Å.               |
+------------------------------------------------+
  bond length:  0.590361
  atom 1:   1    10
  atom 2:   2    18
 Term.   Min layer loc   Max layer loc   no. atoms
   1        0.00000         0.00000          8
 Term.   Min layer loc   Max layer loc   no. atoms
   1        0.00000         0.00000         12
+------------------------------------------------+
|                 W A R N I N G                  |
|                                                |
|  Smallest bond in the interface structure is   |
|               less than 1.5 Å.               |
+------------------------------------------------+
  bond length:  0.191289
  atom 1:   1    18
  atom 2:   2    37
 Term.   Min layer loc   Max layer loc   no. atoms
   1        0.00000         0.00000          8
 Term.   Min layer loc   Max layer loc   no. atoms
   1        0.00000         0.00000          4
+------------------------------------------------+
|                 W A R N I N G                  |
|                                                |
|  Smallest bond in the interface structure is   |
|               less than 1.5 Å.               |
+------------------------------------------------+
  bond length:  0.590360
  atom 1:   1    10
  atom 2:   2    18
 Term.   Min layer loc   Max layer loc   no. atoms
   1        0.00000         0.00000          8
 Term.   Min layer loc   Max layer loc   no. atoms
   1        0.00000         0.00000          6
+------------------------------------------------+
|                 W A R N I N G                  |
|                                                |
|  Smallest bond in the interface structure is   |
|               less than 1.5 Å.               |
+------------------------------------------------+
  bond length:  0.234286
  atom 1:   1    31
  atom 2:   2    36
 Term.   Min layer loc   Max layer loc   no. atoms
   1        0.00000         0.00000         16
 Term.   Min layer loc   Max layer loc   no. atoms
   1        0.00000         0.00000         18
+------------------------------------------------+
|                 W A R N I N G                  |
|                                                |
|  Smallest bond in the interface structure is   |
|               less than 1.5 Å.               |
 WARNING: No mirror identified in interface
 As such, cannot generate equivalent swaps on both interfaces
 Skipping...
 WARNING: No mirror identified in interface
 As such, cannot generate equivalent swaps on both interfaces
 Skipping...
 WARNING: No mirror identified in interface
 As such, cannot generate equivalent swaps on both interfaces
 Skipping...
 WARNING: No mirror identified in interface
 As such, cannot generate equivalent swaps on both interfaces
 Skipping...
 WARNING: No mirror identified in interface
 As such, cannot generate equivalent swaps on both interfaces
 Skipping...
 WARNING: No mirror identified in interface
 As such, cannot generate equivalent swaps on both interfaces
 Skipping...
 WARNING: No mirror identified in interface
 As such, cannot generate equivalent swaps on both interfaces
 Skipping...
 WARNING: No mirror identified in interface
 As such, cannot generate equivalent swaps on both interfaces
 Skipping...
 WARNING: No mirror identified in interface
 As such, cannot generate equivalent swaps on both interfaces
 Skipping...
 WARNING: No mirror identified in interface
 As such, cannot generate equivalent swaps on both interfaces
 Skipping...
 WARNING: No mirror identified in interface
 As such, cannot generate equivalent swaps on both interfaces
 Skipping...
 WARNING: No mirror identified in interface
 As such, cannot generate equivalent swaps on both interfaces
 Skipping...
 WARNING: No mirror identified in interface
 As such, cannot generate equivalent swaps on both interfaces
 Skipping...
 WARNING: No mirror identified in interface
 As such, cannot generate equivalent swaps on both interfaces
 Skipping...
 WARNING: No mirror identified in interface
 As such, cannot generate equivalent swaps on both interfaces
 Skipping...
+------------------------------------------------+
  bond length:  0.073335
  atom 1:   1    19
  atom 2:   2    36
 Term.   Min layer loc   Max layer loc   no. atoms
   1        1.00000         1.00000         12
 Term.   Min layer loc   Max layer loc   no. atoms
   1        0.00000         0.00000         20
+------------------------------------------------+
|                 W A R N I N G                  |
|                                                |
|  Smallest bond in the interface structure is   |
|               less than 1.5 Å.               |
+------------------------------------------------+
  bond length:  0.422116
  atom 1:   1    19
  atom 2:   2    13
 Term.   Min layer loc   Max layer loc   no. atoms
   1        1.00000         1.00000         12
 Term.   Min layer loc   Max layer loc   no. atoms
   1        0.00000         0.00000         20
+------------------------------------------------+
|                 W A R N I N G                  |
|                                                |
|  Smallest bond in the interface structure is   |
|               less than 1.5 Å.               |
+------------------------------------------------+
  bond length:  1.070025
  atom 1:   1    45
  atom 2:   2    45
 Term.   Min layer loc   Max layer loc   no. atoms
   1        0.00000         0.00000          6
 Term.   Min layer loc   Max layer loc   no. atoms
   1        0.00000         0.00000          4
+------------------------------------------------+
|                 W A R N I N G                  |
|                                                |
|  Smallest bond in the interface structure is   |
|               less than 1.5 Å.               |
+------------------------------------------------+
  bond length:  0.616404
  atom 1:   1    25
  atom 2:   2     6
 Term.   Min layer loc   Max layer loc   no. atoms
   1        0.00000         0.00000          8
 Term.   Min layer loc   Max layer loc   no. atoms
   1        0.00000         0.00000          6
+------------------------------------------------+
|                 W A R N I N G                  |
|                                                |
|  Smallest bond in the interface structure is   |
|               less than 1.5 Å.               |
+------------------------------------------------+
  bond length:  0.369257
  atom 1:   1    18
  atom 2:   2    25
 Term.   Min layer loc   Max layer loc   no. atoms
   1        0.00000         0.00000         14
 Term.   Min layer loc   Max layer loc   no. atoms
   1        1.00000         1.00000         12
+------------------------------------------------+
|                 W A R N I N G                  |
|                                                |
|  Smallest bond in the interface structure is   |
|               less than 1.5 Å.               |
+------------------------------------------------+
  bond length:  0.531840
  atom 1:   1    24
  atom 2:   2    56
 Term.   Min layer loc   Max layer loc   no. atoms
   1        0.00000         0.00000         14
 Term.   Min layer loc   Max layer loc   no. atoms
   1        0.00000         0.00000         12
+------------------------------------------------+
|                 W A R N I N G                  |
|                                                |
|  Smallest bond in the interface structure is   |
|               less than 1.5 Å.               |
+------------------------------------------------+
  bond length:  0.776523
  atom 1:   1    69
  atom 2:   2    55
