Si Bulk DFT energetics calculations using VASP
Running on host: comp135
Working directory: /lustre/home/ah1365/projects/127870/upgrade_report/case_studies/common/structures/interfaces/120_Si36C84_012_012_a0.121212_b0.12963_c1.087103_interface12shift6
Job started on: Thu  5 Jun 09:06:59 UTC 2025
cuequivariance or cuequivariance_torch is not available. Cuequivariance acceleration will be disabled.
Using Materials Project MACE for MACECalculator with /lustre/home/ah1365/.cache/mace/MACE_MPtrj_20229model
Using float64 for MACECalculator, which is slower but more accurate. Recommended for geometry optimization.
Using TorchDFTD3Calculator for D3 dispersion corrections
      Step     Time          Energy          fmax
FIRE:    0 10:08:14     -851.914372        6.838704
FIRE:    1 10:08:26     -857.931926        4.792417
FIRE:    2 10:08:37     -862.826801        3.581946
FIRE:    3 10:08:48     -866.826753        3.190136
FIRE:    4 10:08:59     -870.081879        2.921663
FIRE:    5 10:09:10     -872.717700        2.650245
FIRE:    6 10:09:21     -874.859740        2.663318
FIRE:    7 10:09:32     -876.628632        2.631719
FIRE:    8 10:09:44     -878.117519        1.989055
FIRE:    9 10:09:55     -879.373292        1.658956
FIRE:   10 10:10:06     -880.421984        1.619684
FIRE:   11 10:10:17     -881.297961        1.748454
FIRE:   12 10:10:28     -882.057861        1.619614
FIRE:   13 10:10:39     -882.760909        1.493811
FIRE:   14 10:10:50     -883.430763        1.381666
FIRE:   15 10:11:01     -884.043025        1.230436
FIRE:   16 10:11:13     -884.603110        1.910859
FIRE:   17 10:11:24     -885.212890        2.406542
FIRE:   18 10:11:35     -885.918651        1.595610
FIRE:   19 10:11:46     -886.613148        1.355451
FIRE:   20 10:11:57     -887.304596        1.290784
FIRE:   21 10:12:08     -888.079059        1.486283
FIRE:   22 10:12:19     -888.936635        1.434237
FIRE:   23 10:12:30     -889.789152        1.196765
FIRE:   24 10:12:42     -890.560849        1.072087
FIRE:   25 10:12:53     -891.270355        1.091620
FIRE:   26 10:13:04     -891.977227        1.097095
FIRE:   27 10:13:15     -892.684417        1.199645
FIRE:   28 10:13:26     -893.389818        1.332476
FIRE:   29 10:13:37     -894.124391        1.462843
FIRE:   30 10:13:48     -894.910980        1.558520
FIRE:   31 10:13:59     -895.752279        1.587379
FIRE:   32 10:14:10     -896.634101        1.544539
FIRE:   33 10:14:21     -897.541923        1.795229
FIRE:   34 10:14:32     -898.482689        2.115277
FIRE:   35 10:14:43     -899.493591        2.499622
FIRE:   36 10:14:54     -900.592496        2.582230
FIRE:   37 10:15:05     -901.703601        2.515702
FIRE:   38 10:15:16     -902.683420        1.851355
FIRE:   39 10:15:27     -903.438229        2.074526
FIRE:   40 10:15:38     -904.015353        2.588694
FIRE:   41 10:15:50     -904.565347        3.295631
FIRE:   42 10:16:01     -905.262003        3.869555
FIRE:   43 10:16:12     -906.111781        3.899299
FIRE:   44 10:16:23     -906.894098        2.977819
FIRE:   45 10:16:34     -907.438772        2.508491
FIRE:   46 10:16:45     -907.670937        3.632993
FIRE:   47 10:16:56     -908.742243        0.872197
FIRE:   48 10:17:07     -909.126487        2.173832
FIRE:   49 10:17:18     -909.557997        1.890610
FIRE:   50 10:17:29     -910.163188        1.347387
FIRE:   51 10:17:40     -910.773441        1.269383
FIRE:   52 10:17:51     -911.325089        1.667376
FIRE:   53 10:18:02     -911.935028        1.826420
FIRE:   54 10:18:13     -912.629619        1.219545
FIRE:   55 10:18:24     -913.266490        1.006284
FIRE:   56 10:18:35     -913.781043        0.830348
FIRE:   57 10:18:46     -914.237139        1.024996
FIRE:   58 10:18:57     -914.776738        1.382249
FIRE:   59 10:19:08     -915.460978        1.847902
FIRE:   60 10:19:19     -916.258933        2.292948
FIRE:   61 10:19:30     -917.155805        2.351264
FIRE:   62 10:19:41     -917.982667        1.726339
FIRE:   63 10:19:52     -918.541242        1.987078
FIRE:   64 10:20:03     -918.853777        3.808486
FIRE:   65 10:20:14     -919.428794        3.659266
FIRE:   66 10:20:25     -920.183670        1.330868
FIRE:   67 10:20:36     -920.678191        1.552130
FIRE:   68 10:20:47     -921.079314        2.593901
FIRE:   69 10:20:58     -921.605757        2.310292
FIRE:   70 10:21:09     -922.185282        1.189185
FIRE:   71 10:21:20     -922.698020        1.181279
FIRE:   72 10:21:31     -923.166028        1.696030
FIRE:   73 10:21:42     -923.632226        1.706329
FIRE:   74 10:21:53     -924.048435        0.890896
FIRE:   75 10:22:04     -924.389815        1.029111
FIRE:   76 10:22:15     -924.726651        1.482568
FIRE:   77 10:22:26     -925.110343        1.147418
FIRE:   78 10:22:37     -925.525222        1.202497
FIRE:   79 10:22:48     -925.972461        1.431930
FIRE:   80 10:22:59     -926.476722        1.624700
FIRE:   81 10:23:10     -927.016953        1.543411
FIRE:   82 10:23:21     -927.510986        1.225488
FIRE:   83 10:23:32     -927.877270        1.121108
FIRE:   84 10:23:43     -928.010316        2.551112
FIRE:   85 10:23:54     -928.360169        1.730425
FIRE:   86 10:24:05     -928.311354        2.249169
FIRE:   87 10:24:16     -928.752061        0.690500
FIRE:   88 10:24:27     -928.787230        0.619342
FIRE:   89 10:24:38     -928.831187        0.618226
FIRE:   90 10:24:49     -928.866857        0.615128
FIRE:   91 10:25:00     -928.909516        0.684144
FIRE:   92 10:25:11     -928.976255        0.599230
FIRE:   93 10:25:22     -929.056129        0.585685
FIRE:   94 10:25:33     -929.129397        0.568285
FIRE:   95 10:25:44     -929.208373        0.545035
FIRE:   96 10:25:55     -929.311338        0.514607
FIRE:   97 10:26:06     -929.425295        0.473323
FIRE:   98 10:26:17     -929.546216        0.444781
FIRE:   99 10:26:28     -929.698642        0.544611
FIRE:  100 10:26:39     -929.872092        0.620864
FIRE:  101 10:26:50     -930.094775        0.559634
FIRE:  102 10:27:00     -930.332637        0.628094
FIRE:  103 10:27:11     -930.557898        0.710860
FIRE:  104 10:27:22     -930.758958        0.718336
FIRE:  105 10:27:33     -930.934698        0.657580
FIRE:  106 10:27:44     -931.104873        0.707458
FIRE:  107 10:27:55     -931.312090        0.764006
FIRE:  108 10:28:06     -931.556647        0.746450
FIRE:  109 10:28:17     -931.811292        0.646865
FIRE:  110 10:28:28     -932.053475        0.503648
FIRE:  111 10:28:39     -932.271183        0.331353
FIRE:  112 10:28:50     -932.455568        0.290931
FIRE:  113 10:29:01     -932.614180        0.326701
FIRE:  114 10:29:12     -932.763689        0.415124
FIRE:  115 10:29:23     -932.931764        0.557400
FIRE:  116 10:29:34     -933.139798        0.464311
FIRE:  117 10:29:46     -933.368977        0.550861
FIRE:  118 10:29:57     -933.599940        0.584170
FIRE:  119 10:30:08     -933.827885        0.547864
FIRE:  120 10:30:19     -934.042317        0.412565
FIRE:  121 10:30:30     -934.223399        0.256094
FIRE:  122 10:30:41     -934.365013        0.389206
FIRE:  123 10:30:52     -934.483771        0.424518
FIRE:  124 10:31:03     -934.600113        0.479413
FIRE:  125 10:31:14     -934.716939        0.420119
FIRE:  126 10:31:25     -934.827105        0.294927
FIRE:  127 10:31:36     -934.931680        0.296336
FIRE:  128 10:31:47     -935.034694        0.281085
FIRE:  129 10:31:58     -935.135029        0.207614
FIRE:  130 10:32:09     -935.227735        0.249784
FIRE:  131 10:32:20     -935.309613        0.246568
FIRE:  132 10:32:31     -935.382311        0.227400
FIRE:  133 10:32:42     -935.450839        0.218163
FIRE:  134 10:32:53     -935.519082        0.212829
FIRE:  135 10:33:04     -935.585657        0.201283
FIRE:  136 10:33:15     -935.646910        0.187133
FIRE:  137 10:33:26     -935.701779        0.175172
FIRE:  138 10:33:37     -935.751270        0.160576
FIRE:  139 10:33:48     -935.796199        0.159787
FIRE:  140 10:33:59     -935.835459        0.185656
FIRE:  141 10:34:10     -935.866721        0.184271
FIRE:  142 10:34:21     -935.887970        0.152910
FIRE:  143 10:34:32     -935.899535        0.182297
FIRE:  144 10:34:43     -935.417966        3.417041
FIRE:  145 10:34:54     -935.512024        2.889900
FIRE:  146 10:35:05     -935.851832        1.475389
FIRE:  147 10:35:17     -935.926195        0.891716
FIRE:  148 10:35:28     -935.974008        0.144510
FIRE:  149 10:35:39     -935.942336        0.840577
FIRE:  150 10:35:50     -935.949349        0.758096
FIRE:  151 10:36:01     -935.960796        0.601453
FIRE:  152 10:36:12     -935.972518        0.386492
FIRE:  153 10:36:23     -935.980389        0.142723
FIRE:  154 10:36:34     -935.982090        0.142507
FIRE:  155 10:36:45     -935.982175        0.142502
FIRE:  156 10:36:56     -935.982342        0.142492
FIRE:  157 10:37:07     -935.982585        0.142477
FIRE:  158 10:37:18     -935.982895        0.142456
FIRE:  159 10:37:29     -935.983265        0.142431
FIRE:  160 10:37:40     -935.983679        0.142401
FIRE:  161 10:37:51     -935.984132        0.142367
FIRE:  162 10:38:02     -935.984667        0.142323
FIRE:  163 10:38:13     -935.985297        0.142268
FIRE:  164 10:38:24     -935.986036        0.142199
FIRE:  165 10:38:35     -935.986913        0.142114
FIRE:  166 10:38:46     -935.987976        0.142009
FIRE:  167 10:38:57     -935.989287        0.141880
FIRE:  168 10:39:08     -935.990919        0.141720
FIRE:  169 10:39:19     -935.992930        0.141523
FIRE:  170 10:39:30     -935.995356        0.141281
FIRE:  171 10:39:41     -935.998211        0.140983
FIRE:  172 10:39:52     -936.001558        0.140612
FIRE:  173 10:40:03     -936.005567        0.140144
FIRE:  174 10:40:14     -936.010462        0.139539
FIRE:  175 10:40:25     -936.016386        0.138737
FIRE:  176 10:40:36     -936.023450        0.137659
FIRE:  177 10:40:47     -936.032044        0.136188
FIRE:  178 10:40:58     -936.042589        0.134134
FIRE:  179 10:41:09     -936.055277        0.134542
FIRE:  180 10:41:20     -936.070718        0.139181
FIRE:  181 10:41:31     -936.089188        0.143309
FIRE:  182 10:41:42     -936.111212        0.146135
FIRE:  183 10:41:53     -936.137085        0.146459
FIRE:  184 10:42:04     -936.167277        0.142876
FIRE:  185 10:42:15     -936.201896        0.133358
FIRE:  186 10:42:26     -936.240061        0.121679
FIRE:  187 10:42:37     -936.276131        0.349160
FIRE:  188 10:42:48     -936.278116        1.012970
FIRE:  189 10:42:59     -936.316911        0.100695
FIRE:  190 10:43:10     -936.317210        0.100209
FIRE:  191 10:43:21     -936.317768        0.099253
FIRE:  192 10:43:32     -936.318549        0.097860
FIRE:  193 10:43:43     -936.319542        0.096080
FIRE:  194 10:43:54     -936.320760        0.093978
FIRE:  195 10:44:05     -936.322205        0.091624
FIRE:  196 10:44:16     -936.323846        0.089075
FIRE:  197 10:44:28     -936.325840        0.086081
FIRE:  198 10:44:39     -936.328241        0.082605
FIRE:  199 10:44:50     -936.331149        0.078603
FIRE:  200 10:45:01     -936.334604        0.074010
FIRE:  201 10:45:12     -936.338651        0.068754
FIRE:  202 10:45:23     -936.343414        0.062814
FIRE:  203 10:45:34     -936.348936        0.056218
FIRE:  204 10:45:45     -936.355343        0.049129
FIRE:  205 10:45:56     -936.362660        0.046686
FIRE:  206 10:46:07     -936.370919        0.045819
FIRE:  207 10:46:18     -936.380006        0.047430
FIRE:  208 10:46:29     -936.389527        0.077562
FIRE:  209 10:46:40     -936.397842        0.228737
FIRE:  210 10:46:51     -936.398686        0.539073
FIRE:  211 10:47:02     -936.408343        0.034094
FIRE:  212 10:47:13     -936.401380        0.479617
FIRE:  213 10:47:24     -936.404506        0.371199
FIRE:  214 10:47:35     -936.408053        0.178777
FIRE:  215 10:47:46     -936.408988        0.058857
FIRE:  216 10:47:57     -936.409015        0.055366
FIRE:  217 10:48:08     -936.409067        0.048646
FIRE:  218 10:48:19     -936.409135        0.039269
FIRE:  219 10:48:30     -936.409212        0.028287
FIRE:  220 10:48:42     -936.409290        0.026846
FIRE:  221 10:48:53     -936.409365        0.026819
FIRE:  222 10:49:04     -936.409438        0.026785
FIRE:  223 10:49:15     -936.409523        0.029873
FIRE:  224 10:49:26     -936.409630        0.036693
FIRE:  225 10:49:37     -936.409778        0.038964
FIRE:  226 10:49:48     -936.409971        0.035155
FIRE:  227 10:49:59     -936.410215        0.026358
FIRE:  228 10:50:10     -936.410501        0.026199
FIRE:  229 10:50:21     -936.410825        0.026011
FIRE:  230 10:50:32     -936.411218        0.025798
FIRE:  231 10:50:43     -936.411716        0.025561
FIRE:  232 10:50:54     -936.412318        0.025296
FIRE:  233 10:51:05     -936.413010        0.025868
FIRE:  234 10:51:16     -936.413850        0.026769
FIRE:  235 10:51:27     -936.414858        0.024102
FIRE:  236 10:51:38     -936.416021        0.023519
FIRE:  237 10:51:49     -936.417418        0.022844
FIRE:  238 10:52:00     -936.419027        0.027602
FIRE:  239 10:52:11     -936.420908        0.020899
FIRE:  240 10:52:22     -936.423062        0.019629
FIRE:  241 10:52:33     -936.425498        0.029372
FIRE:  242 10:52:44     -936.428129        0.059424
FIRE:  243 10:52:55     -936.430509        0.140348
FIRE:  244 10:53:06     -936.430678        0.313022
FIRE:  245 10:53:17     -936.434290        0.012998
FIRE:  246 10:53:28     -936.431581        0.283996
FIRE:  247 10:53:39     -936.432837        0.215400
FIRE:  248 10:53:50     -936.434209        0.094987
FIRE:  249 10:54:01     -936.434472        0.049558
FIRE:  250 10:54:12     -936.434486        0.046560
FIRE:  251 10:54:23     -936.434513        0.040773
FIRE:  252 10:54:34     -936.434548        0.032641
FIRE:  253 10:54:45     -936.434585        0.022920
FIRE:  254 10:54:56     -936.434619        0.013198
FIRE:  255 10:55:07     -936.434648        0.012808
FIRE:  256 10:55:18     -936.434673        0.014963
FIRE:  257 10:55:29     -936.434700        0.022538
FIRE:  258 10:55:40     -936.434736        0.027853
FIRE:  259 10:55:51     -936.434790        0.029131
FIRE:  260 10:56:02     -936.434866        0.025315
FIRE:  261 10:56:13     -936.434960        0.016572
FIRE:  262 10:56:24     -936.435067        0.012593
FIRE:  263 10:56:35     -936.435183        0.015605
FIRE:  264 10:56:46     -936.435325        0.021309
FIRE:  265 10:56:57     -936.435514        0.016897
FIRE:  266 10:57:08     -936.435744        0.012276
FIRE:  267 10:57:19     -936.436001        0.019405
FIRE:  268 10:57:30     -936.436322        0.019181
FIRE:  269 10:57:41     -936.436714        0.011855
FIRE:  270 10:57:52     -936.437166        0.017987
FIRE:  271 10:58:03     -936.437725        0.011461
FIRE:  272 10:58:15     -936.438360        0.020980
FIRE:  273 10:58:26     -936.439129        0.012136
FIRE:  274 10:58:37     -936.440025        0.010628
FIRE:  275 10:58:48     -936.441056        0.023075
FIRE:  276 10:58:59     -936.442186        0.045922
FIRE:  277 10:59:10     -936.443214        0.105482
FIRE:  278 10:59:21     -936.443045        0.237558
FIRE:  279 10:59:32     -936.445008        0.009102
MACE calculation complete. Energy written to MACE_OUTCAR: -936.445008 eV
Job ended on: Thu  5 Jun 09:59:33 UTC 2025
