Si Bulk DFT energetics calculations using VASP
Running on host: comp072
Working directory: /lustre/home/ah1365/projects/127870/upgrade_report/case_studies/common/structures/interfaces/168_Ge96Sn72_111_111_a0.0_b0.0_c0.0_interface10shift1
Job started on: Tue 10 Jun 08:07:57 UTC 2025
cuequivariance or cuequivariance_torch is not available. Cuequivariance acceleration will be disabled.
Using Materials Project MACE for MACECalculator with /lustre/home/ah1365/.cache/mace/MACE_MPtrj_20229model
Using float64 for MACECalculator, which is slower but more accurate. Recommended for geometry optimization.
Using TorchDFTD3Calculator for D3 dispersion corrections
      Step     Time          Energy          fmax
FIRE:    0 09:08:17     2408.078894      332.150264
FIRE:    1 09:08:30     2141.614730      282.621731
FIRE:    2 09:08:43     1911.426486      342.345169
FIRE:    3 09:08:56     1607.560431      331.511708
FIRE:    4 09:09:09     1461.164701      337.525649
FIRE:    5 09:09:22     1369.582688     1138.369376
FIRE:    6 09:09:35     1092.072877      756.342870
FIRE:    7 09:09:48     1302.040633     2975.171527
FIRE:    8 09:10:01     1305.456503      527.182177
FIRE:    9 09:10:14     1064.981615     6333.952618
FIRE:   10 09:10:27     3345.598427    53883.883441
FIRE:   11 09:10:40     1117.137415      918.953931
FIRE:   12 09:10:53     1107.969922      589.339564
FIRE:   13 09:11:05     1097.778400      937.051473
FIRE:   14 09:11:18     1084.140422      545.649205
FIRE:   15 09:11:31     1072.898925      593.523124
FIRE:   16 09:11:44     1049.806458      574.400837
FIRE:   17 09:11:57     1011.704051      861.812120
FIRE:   18 09:12:10     1002.215987     1721.087063
FIRE:   19 09:12:23      995.619593     1722.145183
FIRE:   20 09:12:36      987.006030     1781.255492
FIRE:   21 09:12:49      979.660411      655.817924
FIRE:   22 09:13:01      990.965909     2698.781281
FIRE:   23 09:13:14      988.071624     2797.825396
FIRE:   24 09:13:27      982.053898     3084.373420
FIRE:   25 09:13:40      972.011642     3764.853528
FIRE:   26 09:13:53      971.120801      703.909575
FIRE:   27 09:14:06      970.973032      704.422954
FIRE:   28 09:14:19      970.696656      705.451083
FIRE:   29 09:14:32      970.328322      707.000292
FIRE:   30 09:14:45      969.913312      709.084809
FIRE:   31 09:14:58      969.485271      711.722668
FIRE:   32 09:15:10      969.043067      714.914420
FIRE:   33 09:15:23      968.547875      718.626472
FIRE:   34 09:15:36      967.878814      723.288744
FIRE:   35 09:15:49      966.950906      729.090783
FIRE:   36 09:16:02      965.707618      736.325476
FIRE:   37 09:16:15      964.145731      745.473624
FIRE:   38 09:16:28      962.290960      757.333818
FIRE:   39 09:16:41      961.711980     3790.209007
FIRE:   40 09:16:54      960.828269     3174.705488
FIRE:   41 09:17:07      960.109509      774.721779
FIRE:   42 09:17:19      960.026072      776.540275
FIRE:   43 09:17:32      959.857720      779.059155
FIRE:   44 09:17:45      959.603638      782.237987
FIRE:   45 09:17:58      959.267459      786.057363
FIRE:   46 09:18:11      958.845227      790.517000
FIRE:   47 09:18:24      958.271370      796.217338
FIRE:   48 09:18:37      957.503960      803.512886
FIRE:   49 09:18:50      956.499029      812.897334
FIRE:   50 09:19:03      955.216817      825.059898
FIRE:   51 09:19:15      953.607123      840.942496
FIRE:   52 09:19:28      952.397721     3205.426855
FIRE:   53 09:19:41      949.688040      887.619856
FIRE:   54 09:19:54      947.112797      921.769110
FIRE:   55 09:20:07      943.703698      966.827170
FIRE:   56 09:20:20      939.163164     1027.940500
FIRE:   57 09:20:33      933.486340     2312.287552
FIRE:   58 09:20:46      927.055916      848.383947
FIRE:   59 09:20:59      919.856369      996.111152
FIRE:   60 09:21:11      908.783395     1343.671344
FIRE:   61 09:21:24      896.569801      603.482212
FIRE:   62 09:21:37      892.768876     3342.221802
FIRE:   63 09:21:50      888.851166     3633.178481
FIRE:   64 09:22:03      886.408814      579.694902
FIRE:   65 09:22:16      886.318005      581.200545
FIRE:   66 09:22:29      886.135083      584.125919
FIRE:   67 09:22:42      885.858223      588.300490
FIRE:   68 09:22:55      885.487533      593.475103
FIRE:   69 09:23:07      885.030647      599.337566
FIRE:   70 09:23:20      884.509096      605.540620
FIRE:   71 09:23:33      883.965867      611.731148
FIRE:   72 09:23:46      883.803348     2260.535764
FIRE:   73 09:23:59      883.679133     1726.561398
FIRE:   74 09:24:12      883.526677      798.382600
FIRE:   75 09:24:25      883.433557      619.379650
FIRE:   76 09:24:38      883.381220      620.193702
FIRE:   77 09:24:51      883.322904      621.175807
FIRE:   78 09:25:03      883.241175      622.276093
FIRE:   79 09:25:16      883.133615      623.457525
FIRE:   80 09:25:29      882.985356      624.826340
FIRE:   81 09:25:42      882.787990      626.383494
FIRE:   82 09:25:54      882.533889      628.127339
FIRE:   83 09:26:07      882.232137      630.061631
FIRE:   84 09:26:20      881.929945      777.909626
FIRE:   85 09:26:33      881.542457     1059.457032
FIRE:   86 09:26:46      880.978436      637.203431
FIRE:   87 09:26:59      880.376955      640.469350
FIRE:   88 09:27:12      879.628570      644.769060
FIRE:   89 09:27:25      878.652129      650.679613
FIRE:   90 09:27:37      877.526040      913.698528
FIRE:   91 09:27:50      876.058710      669.861525
FIRE:   92 09:28:03      874.305739      684.054927
FIRE:   93 09:28:16      872.072594      701.604132
FIRE:   94 09:28:29      869.300265      723.985015
FIRE:   95 09:28:42      865.837361      756.556960
FIRE:   96 09:28:55      861.419111     1301.769741
FIRE:   97 09:29:08      856.104908      886.586962
FIRE:   98 09:29:20      848.624502      996.852692
FIRE:   99 09:29:33      837.711111      996.544896
FIRE:  100 09:29:46      829.249072     3518.866068
FIRE:  101 09:29:59      810.230402      582.882828
FIRE:  102 09:30:12      802.656151     1780.410754
FIRE:  103 09:30:25      800.954166     1550.355383
FIRE:  104 09:30:38      798.957074      563.307089
FIRE:  105 09:30:50      797.742757      551.737765
FIRE:  106 09:31:03      796.515489      595.357949
FIRE:  107 09:31:16      795.387582     1243.274449
FIRE:  108 09:31:29      795.194332      824.648140
FIRE:  109 09:31:42      795.014749      768.292299
FIRE:  110 09:31:55      794.747084      627.693349
FIRE:  111 09:32:08      794.459713      494.067609
FIRE:  112 09:32:21      794.296064      317.252971
FIRE:  113 09:32:33      794.235431      961.488813
FIRE:  114 09:32:46      794.041331      545.829943
FIRE:  115 09:32:59      793.807810      555.908091
FIRE:  116 09:33:12      793.429878      527.273577
FIRE:  117 09:33:25      792.880548      399.361476
FIRE:  118 09:33:38      792.337164      807.585978
FIRE:  119 09:33:51      791.840998      629.818250
FIRE:  120 09:34:04      791.107167      613.696445
FIRE:  121 09:34:17      790.335706     2382.416191
FIRE:  122 09:34:29      789.471211      558.225134
FIRE:  123 09:34:42      788.519366      479.997731
FIRE:  124 09:34:55      786.859967      470.337547
FIRE:  125 09:35:08      784.690866      544.820076
FIRE:  126 09:35:21      782.789827     3564.520208
FIRE:  127 09:35:34      781.942202      641.247250
FIRE:  128 09:35:47      781.893358      659.945539
FIRE:  129 09:35:59      781.792281      699.670915
FIRE:  130 09:36:12      781.633006      722.839852
FIRE:  131 09:36:25      781.443834      318.411831
FIRE:  132 09:36:38      781.445895     1434.724437
FIRE:  133 09:36:51      781.407456     1167.480269
FIRE:  134 09:37:04      781.354416      704.640663
FIRE:  135 09:37:17      781.314256      207.835717
FIRE:  136 09:37:29      781.294525      219.085423
FIRE:  137 09:37:42      781.282721      428.809698
FIRE:  138 09:37:55      781.265628      528.898306
FIRE:  139 09:38:08      781.237253      563.267669
FIRE:  140 09:38:21      781.191196      548.593020
FIRE:  141 09:38:34      781.125254      465.992804
FIRE:  142 09:38:47      781.043156      258.899568
FIRE:  143 09:39:00      780.959377      191.654360
FIRE:  144 09:39:12      780.877515      602.091447
FIRE:  145 09:39:25      780.755638      599.617643
FIRE:  146 09:39:38      780.588709      151.899178
FIRE:  147 09:39:51      780.416266      349.746516
FIRE:  148 09:40:04      780.199866      426.170394
FIRE:  149 09:40:17      779.911783      151.733034
FIRE:  150 09:40:30      779.595420      582.842792
FIRE:  151 09:40:43      779.173948      151.552066
FIRE:  152 09:40:55      778.694834      422.375077
FIRE:  153 09:41:08      778.077653      151.282686
FIRE:  154 09:41:21      777.356402      544.736801
FIRE:  155 09:41:34      776.529744      679.900001
FIRE:  156 09:41:47      775.403332      177.961276
FIRE:  157 09:42:00      774.133264      626.032923
FIRE:  158 09:42:13      772.859761      674.989605
FIRE:  159 09:42:25      770.867946      745.319083
FIRE:  160 09:42:38      771.352034     3529.529158
FIRE:  161 09:42:51      768.542929      892.385760
FIRE:  162 09:43:04      768.950164      523.093016
FIRE:  163 09:43:17      768.918802      528.497303
FIRE:  164 09:43:30      768.855351      540.200051
FIRE:  165 09:43:43      768.758118      560.915060
FIRE:  166 09:43:56      768.623645      598.008197
FIRE:  167 09:44:08      768.444340      667.868887
FIRE:  168 09:44:21      768.205753      752.554679
FIRE:  169 09:44:34      767.950866      191.115500
FIRE:  170 09:44:47      768.106257     2382.915880
FIRE:  171 09:45:00      768.003617     1970.550118
FIRE:  172 09:45:13      767.866697     1140.731492
FIRE:  173 09:45:26      767.786309      204.911099
FIRE:  174 09:45:39      767.778176      422.598878
FIRE:  175 09:45:51      767.776250      414.607983
FIRE:  176 09:46:04      767.772461      398.445348
FIRE:  177 09:46:17      767.766935      373.813070
FIRE:  178 09:46:30      767.759854      340.421923
FIRE:  179 09:46:43      767.751451      298.211799
FIRE:  180 09:46:56      767.741988      247.731249
FIRE:  181 09:47:09      767.731724      190.855268
FIRE:  182 09:47:22      767.719699      148.719609
FIRE:  183 09:47:34      767.705782      148.716317
FIRE:  184 09:47:47      767.689588      148.712156
FIRE:  185 09:48:00      767.670172      197.292092
FIRE:  186 09:48:13      767.645839      255.227818
FIRE:  187 09:48:26      767.614406      268.536327
FIRE:  188 09:48:39      767.574067      223.521221
FIRE:  189 09:48:52      767.524199      148.671078
FIRE:  190 09:49:05      767.464716      148.656489
FIRE:  191 09:49:17      767.393717      160.933063
FIRE:  192 09:49:30      767.306336      201.986463
FIRE:  193 09:49:43      767.197173      165.858698
FIRE:  194 09:49:56      767.063682      148.556995
FIRE:  195 09:50:09      766.903697      169.896504
FIRE:  196 09:50:22      766.707029      170.940263
FIRE:  197 09:50:35      766.466253      148.408721
FIRE:  198 09:50:48      766.175989      177.377888
FIRE:  199 09:51:00      765.819427      148.248182
FIRE:  200 09:51:13      765.389353      197.207014
FIRE:  201 09:51:26      764.864174      148.010853
FIRE:  202 09:51:39      764.227596      147.852791
FIRE:  203 09:51:52      763.457868      255.281884
FIRE:  204 09:52:05      762.539665      435.484958
FIRE:  205 09:52:18      761.466431     1034.861902
FIRE:  206 09:52:31      760.378452      705.253127
FIRE:  207 09:52:44      758.772074      753.586331
FIRE:  208 09:52:56      758.142174     3536.082650
FIRE:  209 09:53:09      756.755389      597.906708
FIRE:  210 09:53:22      756.727255      504.337234
FIRE:  211 09:53:35      756.682744      261.486248
FIRE:  212 09:53:48      756.643880      211.473835
FIRE:  213 09:54:01      756.612037      589.866334
FIRE:  214 09:54:14      756.554134      612.871089
FIRE:  215 09:54:27      756.468686      284.967343
FIRE:  216 09:54:39      756.385175      157.129087
FIRE:  217 09:54:52      756.292987      371.366419
FIRE:  218 09:55:05      756.165111      374.028589
FIRE:  219 09:55:18      755.994745      145.805834
FIRE:  220 09:55:31      755.804168      417.654949
FIRE:  221 09:55:44      755.552298      268.663743
FIRE:  222 09:55:57      755.251569      317.106343
FIRE:  223 09:56:10      754.873743      264.241358
FIRE:  224 09:56:23      754.422862      535.364134
FIRE:  225 09:56:36      753.856482      325.229254
FIRE:  226 09:56:48      753.163970      145.105360
FIRE:  227 09:57:01      752.324133      361.303558
FIRE:  228 09:57:14      751.371739      726.716313
FIRE:  229 09:57:27      750.213727     1748.481122
FIRE:  230 09:57:40      749.200898      512.277445
FIRE:  231 09:57:53      747.685444      437.587662
FIRE:  232 09:58:06      745.486920      462.079501
FIRE:  233 09:58:19      742.295960      694.573723
FIRE:  234 09:58:31      746.842483     3345.225896
FIRE:  235 09:58:44      742.194056     3484.469375
FIRE:  236 09:58:57      739.757947      410.585222
FIRE:  237 09:59:10      739.720326      415.045399
FIRE:  238 09:59:23      739.644366      424.287768
FIRE:  239 09:59:36      739.528527      439.094982
FIRE:  240 09:59:49      739.370165      461.221723
FIRE:  241 10:00:02      739.164754      495.652401
FIRE:  242 10:00:15      738.902885      561.636816
FIRE:  243 10:00:28      738.556863      720.929162
FIRE:  244 10:00:41      738.105786      141.392746
FIRE:  245 10:00:53      738.616449     3247.591319
FIRE:  246 10:01:06      738.257292     2700.186715
FIRE:  247 10:01:19      737.861995      747.821224
FIRE:  248 10:01:32      737.862405      672.530289
FIRE:  249 10:01:45      737.856456      659.682674
FIRE:  250 10:01:58      737.844878      631.509152
FIRE:  251 10:02:11      737.828381      583.037411
FIRE:  252 10:02:24      737.808184      507.118400
FIRE:  253 10:02:37      737.786108      395.992113
FIRE:  254 10:02:50      737.764464      246.393517
FIRE:  255 10:03:02      737.745443      141.305128
FIRE:  256 10:03:15      737.728364      212.713773
FIRE:  257 10:03:28      737.711505      424.639239
FIRE:  258 10:03:41      737.688396      557.915585
FIRE:  259 10:03:54      737.651284      549.273572
FIRE:  260 10:04:07      737.598272      376.780686
FIRE:  261 10:04:20      737.536501      141.254223
FIRE:  262 10:04:33      737.471914      216.280633
FIRE:  263 10:04:45      737.396164      354.365861
FIRE:  264 10:04:58      737.294936      348.468480
FIRE:  265 10:05:11      737.164207      168.292770
FIRE:  266 10:05:24      737.015419      247.330642
FIRE:  267 10:05:37      736.836506      389.096273
FIRE:  268 10:05:50      736.605243      141.028173
FIRE:  269 10:06:03      736.338819      310.732694
FIRE:  270 10:06:16      736.000755      164.136098
FIRE:  271 10:06:29      735.603174      420.525572
FIRE:  272 10:06:41      735.106142      178.118784
FIRE:  273 10:06:54      734.509559      192.281656
FIRE:  274 10:07:07      733.797777      568.869276
FIRE:  275 10:07:20      732.987655      715.593772
FIRE:  276 10:07:33      731.906581      615.432839
FIRE:  277 10:07:46      730.750841      745.715974
FIRE:  278 10:07:59      729.516651     2415.859662
FIRE:  279 10:08:12      728.378936      393.826595
FIRE:  280 10:08:25      726.719405      265.200191
FIRE:  281 10:08:38      724.340970      173.118680
FIRE:  282 10:08:51      721.279323      147.841638
FIRE:  283 10:09:03      717.471595      153.466524
FIRE:  284 10:09:16      712.768069      143.242625
FIRE:  285 10:09:29      706.964818      212.040643
FIRE:  286 10:09:42      699.561509      386.928186
FIRE:  287 10:09:55      699.109815     3339.025177
FIRE:  288 10:10:08      690.784466      556.236805
FIRE:  289 10:10:21      690.651736      638.109797
FIRE:  290 10:10:34      690.333584      774.229672
FIRE:  291 10:10:47      690.384460     2397.550759
FIRE:  292 10:11:00      690.110573     1034.832839
FIRE:  293 10:11:12      690.053746      527.899178
FIRE:  294 10:11:25      690.046420      497.164361
FIRE:  295 10:11:38      690.032783      431.536220
FIRE:  296 10:11:51      690.014863      325.355486
FIRE:  297 10:12:04      689.995413      180.577982
FIRE:  298 10:12:17      689.976851      129.947922
FIRE:  299 10:12:30      689.959394      230.253000
FIRE:  300 10:12:43      689.940266      361.404180
FIRE:  301 10:12:55      689.912870      409.310155
FIRE:  302 10:13:09      689.873493      339.197258
FIRE:  303 10:13:22      689.823228      162.405114
FIRE:  304 10:13:35      689.765963      129.927252
FIRE:  305 10:13:48      689.699511      250.760949
FIRE:  306 10:14:01      689.614217      282.793880
FIRE:  307 10:14:13      689.503607      171.811752
FIRE:  308 10:14:26      689.371536      138.728041
FIRE:  309 10:14:39      689.213378      291.251478
FIRE:  310 10:14:52      689.011131      129.755222
FIRE:  311 10:15:05      688.771268      235.211309
FIRE:  312 10:15:18      688.471639      149.096581
FIRE:  313 10:15:31      688.111649      296.740190
FIRE:  314 10:15:44      687.665956      129.449977
FIRE:  315 10:15:56      687.126173      156.154259
FIRE:  316 10:16:09      686.474648      407.382647
FIRE:  317 10:16:22      685.719700      631.319753
FIRE:  318 10:16:35      684.798965     1111.031549
FIRE:  319 10:16:48      683.912744      690.310084
FIRE:  320 10:17:01      682.531038      758.906725
FIRE:  321 10:17:14      682.208136     3307.717898
FIRE:  322 10:17:27      680.746557      450.899247
FIRE:  323 10:17:40      680.726541      340.745429
FIRE:  324 10:17:52      680.695989      127.916895
FIRE:  325 10:18:05      680.665465      244.850817
FIRE:  326 10:18:18      680.628220      427.437455
FIRE:  327 10:18:31      680.570605      348.495314
FIRE:  328 10:18:44      680.499985      127.867597
FIRE:  329 10:18:57      680.427194      197.332616
FIRE:  330 10:19:10      680.336028      293.065557
FIRE:  331 10:19:23      680.213113      200.097813
FIRE:  332 10:19:35      680.062421      148.152838
FIRE:  333 10:19:48      679.879481      298.930079
FIRE:  334 10:20:01      679.643734      127.680403
FIRE:  335 10:20:14      679.360262      253.299985
FIRE:  336 10:20:27      679.002042      127.541609
FIRE:  337 10:20:40      678.564596      186.807769
FIRE:  338 10:20:53      678.031995      339.399831
FIRE:  339 10:21:06      677.380953      497.576124
FIRE:  340 10:21:19      676.635670      669.791067
FIRE:  341 10:21:31      675.724720     1278.287754
FIRE:  342 10:21:44      674.898713      591.480253
FIRE:  343 10:21:57      673.613335      548.656415
FIRE:  344 10:22:10      671.615285      125.916585
FIRE:  345 10:22:23      670.948859     3278.572301
FIRE:  346 10:22:36      668.601089      134.156203
FIRE:  347 10:22:49      669.514258     1651.687166
FIRE:  348 10:23:02      668.282869     1690.699660
FIRE:  349 10:23:14      666.064049     1012.774770
FIRE:  350 10:23:27      665.201225      124.580652
FIRE:  351 10:23:40      664.489926      288.549440
FIRE:  352 10:23:53      663.294506      689.678121
FIRE:  353 10:24:06      667.095370     3484.864121
FIRE:  354 10:24:19      665.826507     3388.125166
FIRE:  355 10:24:32      663.437717     3231.402634
FIRE:  356 10:24:45      662.646190      613.674909
FIRE:  357 10:24:58      662.631439      624.900530
FIRE:  358 10:25:10      662.601198      648.351795
FIRE:  359 10:25:23      662.553873      685.265386
FIRE:  360 10:25:36      662.486900      733.502238
FIRE:  361 10:25:49      662.397460      773.038235
FIRE:  362 10:26:02      662.287627      717.202749
FIRE:  363 10:26:15      662.184059      323.529040
FIRE:  364 10:26:28      662.162761      781.988990
FIRE:  365 10:26:41      662.156702      724.952869
FIRE:  366 10:26:53      662.145883      617.032271
FIRE:  367 10:27:06      662.132459      470.551724
FIRE:  368 10:27:19      662.118683      303.425443
FIRE:  369 10:27:32      662.106109      139.327316
FIRE:  370 10:27:45      662.095074      123.857552
FIRE:  371 10:27:58      662.084762      174.958300
FIRE:  372 10:28:11      662.072599      261.515179
FIRE:  373 10:28:24      662.056525      317.659471
FIRE:  374 10:28:37      662.034334      336.093974
FIRE:  375 10:28:49      662.004234      309.888902
FIRE:  376 10:29:02      661.965567      229.746442
FIRE:  377 10:29:15      661.919382      123.819996
FIRE:  378 10:29:28      661.867131      149.317343
FIRE:  379 10:29:41      661.805461      290.996389
FIRE:  380 10:29:54      661.725379      276.742175
FIRE:  381 10:30:07      661.624434      123.757196
FIRE:  382 10:30:20      661.506926      176.643204
FIRE:  383 10:30:32      661.363740      244.525034
FIRE:  384 10:30:45      661.183160      123.663088
FIRE:  385 10:30:58      660.969046      225.159938
FIRE:  386 10:31:11      660.704305      155.902761
FIRE:  387 10:31:24      660.385313      216.301792
FIRE:  388 10:31:37      659.993174      123.409788
FIRE:  389 10:31:50      659.523761      333.155190
FIRE:  390 10:32:03      658.955504      354.247300
FIRE:  391 10:32:16      658.263020      305.929342
FIRE:  392 10:32:29      657.442808      416.445025
FIRE:  393 10:32:41      656.522028     1300.429855
FIRE:  394 10:32:54      655.665766      539.352989
FIRE:  395 10:33:07      654.378141      452.624172
FIRE:  396 10:33:20      652.499555      665.901390
FIRE:  397 10:33:33      652.707427     3266.858021
FIRE:  398 10:33:46      650.192806      387.340280
FIRE:  399 10:33:59      650.576671      424.129871
FIRE:  400 10:34:12      650.551065      431.333725
FIRE:  401 10:34:25      650.498955      447.678621
FIRE:  402 10:34:38      650.418099      478.413330
FIRE:  403 10:34:50      650.303545      535.747624
FIRE:  404 10:35:03      650.144041      642.692279
FIRE:  405 10:35:16      649.918143      768.103773
FIRE:  406 10:35:29      649.680318      121.227509
FIRE:  407 10:35:42      649.858254     2319.667501
FIRE:  408 10:35:55      649.750975     1925.801496
FIRE:  409 10:36:08      649.608843     1084.726468
FIRE:  410 10:36:21      649.533407      121.196869
FIRE:  411 10:36:33      649.537289      505.036948
FIRE:  412 10:36:46      649.534981      495.166766
FIRE:  413 10:36:59      649.530472      474.980578
FIRE:  414 10:37:12      649.523971      443.676330
FIRE:  415 10:37:25      649.515795      400.290907
FIRE:  416 10:37:38      649.506354      344.066449
FIRE:  417 10:37:51      649.496123      275.114023
FIRE:  418 10:38:04      649.485576      195.751735
FIRE:  419 10:38:17      649.474001      121.184382
FIRE:  420 10:38:29      649.461559      121.181905
FIRE:  421 10:38:42      649.447858      185.921785
FIRE:  422 10:38:55      649.431434      284.695012
FIRE:  423 10:39:08      649.409779      336.936204
FIRE:  424 10:39:21      649.380382      317.623369
FIRE:  425 10:39:34      649.342378      219.875488
FIRE:  426 10:39:47      649.297047      121.147563
FIRE:  427 10:40:00      649.245095      137.919704
FIRE:  428 10:40:13      649.182951      228.341826
FIRE:  429 10:40:25      649.104175      232.525489
FIRE:  430 10:40:38      649.005183      131.041446
FIRE:  431 10:40:51      648.887568      125.312101
FIRE:  432 10:41:04      648.746435      241.063527
FIRE:  433 10:41:17      648.569153      120.995918
FIRE:  434 10:41:30      648.357704      179.341803
FIRE:  435 10:41:43      648.098329      168.514603
FIRE:  436 10:41:56      647.783185      172.181259
FIRE:  437 10:42:08      647.399144      120.752434
FIRE:  438 10:42:21      646.935878      229.973261
FIRE:  439 10:42:34      646.370290      201.006218
FIRE:  440 10:42:47      645.686673      190.876044
FIRE:  441 10:43:00      644.863236      358.228027
FIRE:  442 10:43:13      643.930442      692.907249
FIRE:  443 10:43:26      642.896109     1960.235401
FIRE:  444 10:43:39      641.917371      386.825760
FIRE:  445 10:43:51      640.535935      296.459328
FIRE:  446 10:44:04      638.628943      267.168778
FIRE:  447 10:44:17      636.154778      283.533518
FIRE:  448 10:44:30      632.944245      377.420245
FIRE:  449 10:44:43      631.068432     3202.348722
FIRE:  450 10:44:56      629.148309      503.126917
FIRE:  451 10:45:09      629.094609      537.132205
FIRE:  452 10:45:22      628.977554      624.463566
FIRE:  453 10:45:35      628.770414      754.060678
FIRE:  454 10:45:48      628.530821      136.902415
FIRE:  455 10:46:01      628.699116     2268.892033
FIRE:  456 10:46:14      628.557540     1692.819045
FIRE:  457 10:46:26      628.412567      561.433433
FIRE:  458 10:46:39      628.388201      389.655850
FIRE:  459 10:46:52      628.385702      376.442986
FIRE:  460 10:47:05      628.380857      349.742057
FIRE:  461 10:47:18      628.373964      309.273751
FIRE:  462 10:47:31      628.365436      255.340100
FIRE:  463 10:47:44      628.355741      190.018279
FIRE:  464 10:47:57      628.345303      120.445956
FIRE:  465 10:48:10      628.334372      116.822280
FIRE:  466 10:48:23      628.321653      116.819707
FIRE:  467 10:48:36      628.306310      182.155782
FIRE:  468 10:48:48      628.286814      235.097435
FIRE:  469 10:49:01      628.261253      242.413381
FIRE:  470 10:49:14      628.228190      192.456311
FIRE:  471 10:49:27      628.187328      116.792970
FIRE:  472 10:49:40      628.138669      116.783229
FIRE:  473 10:49:53      628.080202      163.233626
FIRE:  474 10:50:06      628.007367      186.092577
FIRE:  475 10:50:19      627.916056      128.680599
FIRE:  476 10:50:32      627.805186      116.716565
FIRE:  477 10:50:45      627.671513      174.954658
FIRE:  478 10:50:57      627.505409      116.656428
FIRE:  479 10:51:10      627.303995      124.670320
FIRE:  480 10:51:23      627.058387      147.538165
FIRE:  481 10:51:36      626.757949      116.506717
FIRE:  482 10:51:49      626.392662      117.431037
FIRE:  483 10:52:02      625.949090      180.909887
FIRE:  484 10:52:15      625.408106      130.612541
FIRE:  485 10:52:28      624.751489      116.105374
FIRE:  486 10:52:40      623.953864      135.810228
FIRE:  487 10:52:53      622.995000      357.886673
FIRE:  488 10:53:06      621.998420     1806.171152
FIRE:  489 10:53:19      621.056645      368.641681
FIRE:  490 10:53:32      619.691419      279.751358
FIRE:  491 10:53:45      617.824123      248.034074
FIRE:  492 10:53:58      615.420114      258.563534
FIRE:  493 10:54:11      612.338084      328.034820
FIRE:  494 10:54:24      608.902552     2958.994757
FIRE:  495 10:54:36      608.694741      371.019842
FIRE:  496 10:54:49      608.656992      379.930604
FIRE:  497 10:55:02      608.579780      401.338457
FIRE:  498 10:55:15      608.458340      446.697452
FIRE:  499 10:55:28      608.279744      548.549287
FIRE:  500 10:55:41      608.008469      732.447839
FIRE:  501 10:55:54      607.723265      366.648056
FIRE:  502 10:56:07      607.925304     2473.648543
FIRE:  503 10:56:20      607.758094     1919.687356
FIRE:  504 10:56:33      607.576484      700.329765
FIRE:  505 10:56:45      607.543053      381.820363
FIRE:  506 10:56:58      607.540672      369.181117
FIRE:  507 10:57:11      607.536054      343.647164
FIRE:  508 10:57:24      607.529471      304.952673
FIRE:  509 10:57:37      607.521307      253.344985
FIRE:  510 10:57:50      607.511998      190.630701
FIRE:  511 10:58:03      607.501946      122.915417
FIRE:  512 10:58:16      607.491398      112.670809
FIRE:  513 10:58:28      607.479136      112.668423
FIRE:  514 10:58:41      607.464411      171.266046
FIRE:  515 10:58:54      607.445809      226.362128
FIRE:  516 10:59:07      607.421489      239.094675
FIRE:  517 10:59:20      607.389954      196.574714
FIRE:  518 10:59:33      607.350781      112.643587
FIRE:  519 10:59:46      607.304011      112.634540
FIRE:  520 10:59:58      607.247992      152.016515
FIRE:  521 11:00:11      607.178488      182.758429
FIRE:  522 11:00:24      607.091248      135.751237
FIRE:  523 11:00:37      606.984879      112.572580
FIRE:  524 11:00:50      606.856956      165.564146
FIRE:  525 11:01:03      606.698320      123.916130
FIRE:  526 11:01:16      606.505162      112.479067
FIRE:  527 11:01:29      606.270535      152.747514
FIRE:  528 11:01:42      605.982591      112.377554
FIRE:  529 11:01:54      605.633562      143.190768
FIRE:  530 11:02:07      605.208655      166.805380
FIRE:  531 11:02:20      604.690573      112.126599
FIRE:  532 11:02:33      604.061410      112.004373
FIRE:  533 11:02:46      603.297898      185.700670
FIRE:  534 11:02:59      602.395821      686.542003
FIRE:  535 11:03:12      601.497037      684.869413
FIRE:  536 11:03:25      600.054369      651.544444
FIRE:  537 11:03:37      600.577458     3146.641902
FIRE:  538 11:03:50      598.560429     1527.255931
FIRE:  539 11:04:03      598.813211      404.405352
FIRE:  540 11:04:16      598.794608      411.228992
FIRE:  541 11:04:29      598.756767      426.412818
FIRE:  542 11:04:42      598.698157      453.782322
FIRE:  543 11:04:55      598.615632      501.188059
FIRE:  544 11:05:08      598.502771      582.182128
FIRE:  545 11:05:20      598.347329      699.864065
FIRE:  546 11:05:33      598.142789      659.300746
FIRE:  547 11:05:46      598.037221      851.100528
FIRE:  548 11:05:59      598.023397      721.473958
FIRE:  549 11:06:12      598.002062      491.828801
FIRE:  550 11:06:25      597.981440      220.136061
FIRE:  551 11:06:38      597.965936      110.879426
FIRE:  552 11:06:51      597.953785      245.112058
FIRE:  553 11:07:04      597.940227      350.750884
FIRE:  554 11:07:16      597.921596      396.669335
FIRE:  555 11:07:29      597.893364      389.250151
FIRE:  556 11:07:42      597.854039      316.428838
FIRE:  557 11:07:55      597.805355      159.933489
FIRE:  558 11:08:08      597.752187      133.852076
