Job started on: Thu Jun 12 11:55:53 PM UTC 2025\n
cuequivariance or cuequivariance_torch is not available. Cuequivariance acceleration will be disabled.
Using Materials Project MACE for MACECalculator with /home/alexander/.cache/mace/MACE_MPtrj_20229model
Using float64 for MACECalculator, which is slower but more accurate. Recommended for geometry optimization.
Using head Default out of ['Default']
Using TorchDFTD3Calculator for D3 dispersion corrections
      Step     Time          Energy          fmax
FIRE:    0 00:55:57     -837.801228        4.027106
FIRE:    1 00:55:57     -843.205719        3.531805
FIRE:    2 00:55:59     -848.000426        3.124404
FIRE:    3 00:56:00     -852.218904        2.750304
FIRE:    4 00:56:02     -855.902869        2.402111
FIRE:    5 00:56:04     -859.084308        2.214949
FIRE:    6 00:56:05     -861.789111        2.053606
FIRE:    7 00:56:05     -864.048520        1.918669
FIRE:    8 00:56:06     -865.914252        1.809391
FIRE:    9 00:56:06     -867.460913        1.699510
FIRE:   10 00:56:07     -868.770144        1.658385
FIRE:   11 00:56:07     -869.899205        1.586722
FIRE:   12 00:56:08     -870.866580        1.411934
FIRE:   13 00:56:08     -871.675783        1.108203
FIRE:   14 00:56:08     -872.355622        1.277254
FIRE:   15 00:56:09     -872.967956        1.372550
FIRE:   16 00:56:09     -873.563967        1.492936
FIRE:   17 00:56:10     -874.134153        1.256046
FIRE:   18 00:56:10     -874.629035        1.104427
FIRE:   19 00:56:11     -875.038519        1.077795
FIRE:   20 00:56:11     -875.425561        1.057526
FIRE:   21 00:56:12     -875.879001        1.063874
FIRE:   22 00:56:12     -876.446443        1.071174
FIRE:   23 00:56:13     -877.148907        1.157490
FIRE:   24 00:56:13     -877.972712        1.418140
FIRE:   25 00:56:14     -878.861259        1.651693
FIRE:   26 00:56:14     -879.795121        1.982969
FIRE:   27 00:56:15     -880.787849        2.236001
FIRE:   28 00:56:15     -881.869545        2.559845
FIRE:   29 00:56:16     -883.090848        2.782781
FIRE:   30 00:56:16     -884.378135        2.598845
FIRE:   31 00:56:16     -885.593225        2.571779
FIRE:   32 00:56:17     -886.662649        2.971109
FIRE:   33 00:56:17     -887.725556        3.868318
FIRE:   34 00:56:18     -888.902452        3.204091
FIRE:   35 00:56:18     -889.826520        2.445369
FIRE:   36 00:56:19     -890.306585        4.244268
FIRE:   37 00:56:19     -890.814905        4.999001
FIRE:   38 00:56:20     -891.759584        3.468106
FIRE:   39 00:56:20     -892.726065        2.551529
FIRE:   40 00:56:21     -893.403504        2.739006
FIRE:   41 00:56:21     -893.931011        3.573753
FIRE:   42 00:56:22     -894.533302        3.260207
FIRE:   43 00:56:22     -895.280803        2.600488
FIRE:   44 00:56:23     -896.042971        2.169086
FIRE:   45 00:56:23     -896.697882        2.178828
FIRE:   46 00:56:24     -897.320799        2.233232
FIRE:   47 00:56:24     -898.037596        2.318723
FIRE:   48 00:56:24     -898.811048        1.878274
FIRE:   49 00:56:25     -899.520432        1.791154
FIRE:   50 00:56:25     -900.136870        2.135668
FIRE:   51 00:56:26     -900.706191        1.827173
FIRE:   52 00:56:26     -901.241807        1.462651
FIRE:   53 00:56:27     -901.710963        1.251237
FIRE:   54 00:56:27     -902.083566        1.298742
FIRE:   55 00:56:28     -902.368346        1.482391
FIRE:   56 00:56:28     -902.617330        1.686176
FIRE:   57 00:56:29     -902.890912        1.847488
FIRE:   58 00:56:29     -903.225493        1.885920
FIRE:   59 00:56:30     -903.645799        2.262777
FIRE:   60 00:56:30     -904.180425        2.546044
FIRE:   61 00:56:31     -904.850677        2.748117
FIRE:   62 00:56:31     -905.642160        2.731954
FIRE:   63 00:56:32     -906.494565        2.355361
FIRE:   64 00:56:32     -907.316945        1.624060
FIRE:   65 00:56:32     -908.028272        1.310964
FIRE:   66 00:56:33     -908.583029        2.020743
FIRE:   67 00:56:33     -909.027633        3.318337
FIRE:   68 00:56:34     -909.496203        4.172872
FIRE:   69 00:56:34     -910.103536        4.087043
FIRE:   70 00:56:35     -910.820885        3.181847
FIRE:   71 00:56:35     -911.536979        2.527591
FIRE:   72 00:56:36     -912.210295        2.509052
FIRE:   73 00:56:36     -912.850507        2.769715
FIRE:   74 00:56:37     -913.456302        2.610616
FIRE:   75 00:56:37     -913.945442        2.139644
FIRE:   76 00:56:38     -914.222921        3.859141
FIRE:   77 00:56:38     -915.440847        1.438383
FIRE:   78 00:56:39     -915.974402        2.275564
FIRE:   79 00:56:39     -916.679507        2.240275
FIRE:   80 00:56:40     -917.389094        1.603853
FIRE:   81 00:56:40     -917.959369        1.267940
FIRE:   82 00:56:40     -918.483318        1.506802
FIRE:   83 00:56:41     -919.013432        1.180712
FIRE:   84 00:56:41     -919.467036        0.855315
FIRE:   85 00:56:42     -919.831479        1.306997
FIRE:   86 00:56:42     -920.159455        1.020612
FIRE:   87 00:56:43     -920.439991        0.876704
FIRE:   88 00:56:43     -920.696866        0.882107
FIRE:   89 00:56:44     -920.930036        0.673950
FIRE:   90 00:56:44     -921.133677        0.616798
FIRE:   91 00:56:45     -921.332635        0.587933
FIRE:   92 00:56:45     -921.528548        0.541676
FIRE:   93 00:56:46     -921.729546        0.492047
FIRE:   94 00:56:46     -921.933172        0.456847
FIRE:   95 00:56:47     -922.135154        0.522182
FIRE:   96 00:56:47     -922.387079        0.745528
FIRE:   97 00:56:47     -922.713398        1.036786
FIRE:   98 00:56:48     -923.132998        1.187320
FIRE:   99 00:56:48     -923.635170        1.311524
FIRE:  100 00:56:49     -924.194004        1.580870
FIRE:  101 00:56:49     -924.814388        1.998607
FIRE:  102 00:56:50     -925.559188        2.635946
FIRE:  103 00:56:50     -926.464466        2.982722
FIRE:  104 00:56:51     -927.428079        2.710554
FIRE:  105 00:56:51     -928.260950        1.756014
FIRE:  106 00:56:52     -928.769304        1.256293
FIRE:  107 00:56:52     -928.706446        3.825960
FIRE:  108 00:56:53     -929.242227        1.740161
FIRE:  109 00:56:53     -929.160278        3.272668
FIRE:  110 00:56:54     -929.598645        0.505378
FIRE:  111 00:56:54     -929.613855        0.454025
FIRE:  112 00:56:54     -929.638424        0.417717
FIRE:  113 00:56:55     -929.667241        0.407826
FIRE:  114 00:56:55     -929.701168        0.411345
FIRE:  115 00:56:56     -929.743269        0.393975
FIRE:  116 00:56:56     -929.791885        0.352958
FIRE:  117 00:56:57     -929.841778        0.322443
FIRE:  118 00:56:57     -929.896689        0.315840
FIRE:  119 00:56:58     -929.960785        0.325497
FIRE:  120 00:56:58     -930.034151        0.352285
FIRE:  121 00:56:59     -930.114436        0.393147
FIRE:  122 00:56:59     -930.209074        0.444800
FIRE:  123 00:57:00     -930.319266        0.502912
FIRE:  124 00:57:00     -930.452270        0.561413
FIRE:  125 00:57:01     -930.610768        0.595517
FIRE:  126 00:57:01     -930.788703        0.535940
FIRE:  127 00:57:02     -930.941732        0.362099
FIRE:  128 00:57:02     -931.061586        0.429657
FIRE:  129 00:57:02     -931.159619        0.394216
FIRE:  130 00:57:03     -931.224182        0.378461
FIRE:  131 00:57:03     -931.267177        0.569543
FIRE:  132 00:57:04     -931.294285        0.513338
FIRE:  133 00:57:04     -931.332165        0.408888
FIRE:  134 00:57:05     -931.380336        0.271507
FIRE:  135 00:57:05     -931.418121        0.183086
FIRE:  136 00:57:06     -931.448199        0.143032
FIRE:  137 00:57:06     -931.466104        0.189454
FIRE:  138 00:57:07     -931.481339        0.284515
FIRE:  139 00:57:07     -931.497456        0.332175
FIRE:  140 00:57:08     -931.520414        0.322335
FIRE:  141 00:57:08     -931.549648        0.251561
FIRE:  142 00:57:09     -931.580543        0.171205
FIRE:  143 00:57:09     -931.600337        0.297517
FIRE:  144 00:57:09     -931.611395        0.100745
FIRE:  145 00:57:10     -931.609602        0.232183
FIRE:  146 00:57:10     -931.612132        0.185536
FIRE:  147 00:57:11     -931.615423        0.108864
FIRE:  148 00:57:11     -931.617413        0.079673
FIRE:  149 00:57:12     -931.617765        0.127157
FIRE:  150 00:57:12     -931.617964        0.122256
FIRE:  151 00:57:13     -931.618334        0.112971
FIRE:  152 00:57:13     -931.618828        0.100421
FIRE:  153 00:57:14     -931.619389        0.086507
FIRE:  154 00:57:14     -931.619964        0.074124
FIRE:  155 00:57:15     -931.620521        0.069438
FIRE:  156 00:57:15     -931.621058        0.067726
FIRE:  157 00:57:16     -931.621649        0.071544
FIRE:  158 00:57:16     -931.622368        0.078009
FIRE:  159 00:57:17     -931.623306        0.081097
FIRE:  160 00:57:17     -931.624539        0.077795
FIRE:  161 00:57:18     -931.626083        0.068693
FIRE:  162 00:57:18     -931.627863        0.061214
FIRE:  163 00:57:18     -931.629794        0.065408
FIRE:  164 00:57:19     -931.631956        0.074065
FIRE:  165 00:57:19     -931.634564        0.071212
FIRE:  166 00:57:20     -931.637636        0.057088
FIRE:  167 00:57:20     -931.640967        0.056532
FIRE:  168 00:57:21     -931.644714        0.056258
FIRE:  169 00:57:21     -931.649123        0.052040
FIRE:  170 00:57:22     -931.653933        0.060549
FIRE:  171 00:57:22     -931.659484        0.050324
FIRE:  172 00:57:23     -931.665604        0.049560
FIRE:  173 00:57:23     -931.672505        0.048546
FIRE:  174 00:57:24     -931.680052        0.047382
FIRE:  175 00:57:24     -931.688346        0.049629
FIRE:  176 00:57:25     -931.697180        0.088037
FIRE:  177 00:57:25     -931.705523        0.163511
FIRE:  178 00:57:25     -931.708832        0.344754
FIRE:  179 00:57:26     -931.716900        0.032794
FIRE:  180 00:57:26     -931.711431        0.303282
FIRE:  181 00:57:27     -931.713987        0.234781
FIRE:  182 00:57:27     -931.716908        0.112507
FIRE:  183 00:57:28     -931.717740        0.044046
FIRE:  184 00:57:28     -931.717766        0.041817
FIRE:  185 00:57:29     -931.717815        0.037520
FIRE:  186 00:57:29     -931.717882        0.033029
FIRE:  187 00:57:30     -931.717960        0.033033
FIRE:  188 00:57:30     -931.718044        0.033038
FIRE:  189 00:57:31     -931.718132        0.033047
FIRE:  190 00:57:31     -931.718224        0.033059
FIRE:  191 00:57:32     -931.718334        0.033078
FIRE:  192 00:57:32     -931.718471        0.033106
FIRE:  193 00:57:33     -931.718650        0.033145
FIRE:  194 00:57:33     -931.718882        0.033198
FIRE:  195 00:57:33     -931.719172        0.033268
FIRE:  196 00:57:34     -931.719516        0.033356
FIRE:  197 00:57:34     -931.719919        0.033464
FIRE:  198 00:57:35     -931.720408        0.033589
FIRE:  199 00:57:35     -931.721008        0.033733
FIRE:  200 00:57:36     -931.721726        0.033904
FIRE:  201 00:57:36     -931.722559        0.034116
FIRE:  202 00:57:37     -931.723561        0.034394
FIRE:  203 00:57:37     -931.724745        0.034754
FIRE:  204 00:57:38     -931.726114        0.035201
FIRE:  205 00:57:38     -931.727741        0.035745
FIRE:  206 00:57:39     -931.729619        0.036462
FIRE:  207 00:57:39     -931.731816        0.037432
FIRE:  208 00:57:40     -931.734373        0.038656
FIRE:  209 00:57:40     -931.737349        0.040259
FIRE:  210 00:57:41     -931.740796        0.042348
FIRE:  211 00:57:41     -931.744436        0.085521
FIRE:  212 00:57:41     -931.746360        0.212989
FIRE:  213 00:57:42     -931.749574        0.047803
FIRE:  214 00:57:42     -931.747426        0.193203
FIRE:  215 00:57:43     -931.748506        0.147544
FIRE:  216 00:57:43     -931.749712        0.066949
FIRE:  217 00:57:44     -931.750008        0.048124
FIRE:  218 00:57:44     -931.750024        0.048127
FIRE:  219 00:57:45     -931.750054        0.048132
FIRE:  220 00:57:45     -931.750096        0.048140
FIRE:  221 00:57:46     -931.750143        0.048152
FIRE:  222 00:57:46     -931.750193        0.048167
FIRE:  223 00:57:47     -931.750243        0.048188
FIRE:  224 00:57:47     -931.750294        0.048213
FIRE:  225 00:57:48     -931.750357        0.048248
FIRE:  226 00:57:48     -931.750439        0.048295
FIRE:  227 00:57:48     -931.750546        0.048356
FIRE:  228 00:57:49     -931.750685        0.048434
FIRE:  229 00:57:49     -931.750861        0.048533
FIRE:  230 00:57:50     -931.751067        0.048656
FIRE:  231 00:57:50     -931.751313        0.048806
FIRE:  232 00:57:51     -931.751618        0.048986
FIRE:  233 00:57:51     -931.752005        0.049198
FIRE:  234 00:57:52     -931.752477        0.049454
FIRE:  235 00:57:52     -931.753041        0.049771
FIRE:  236 00:57:53     -931.753745        0.050168
FIRE:  237 00:57:53     -931.754605        0.050659
FIRE:  238 00:57:54     -931.755647        0.051248
FIRE:  239 00:57:54     -931.756935        0.051937
FIRE:  240 00:57:55     -931.758498        0.052766
FIRE:  241 00:57:55     -931.760421        0.053758
FIRE:  242 00:57:56     -931.762790        0.054872
FIRE:  243 00:57:56     -931.765703        0.056137
FIRE:  244 00:57:57     -931.769269        0.057559
FIRE:  245 00:57:57     -931.773425        0.069594
FIRE:  246 00:57:57     -931.776491        0.192955
FIRE:  247 00:57:58     -931.779155        0.060539
FIRE:  248 00:57:58     -931.777486        0.177580
FIRE:  249 00:57:59     -931.778423        0.134007
FIRE:  250 00:57:59     -931.779450        0.060584
FIRE:  251 00:58:00     -931.779688        0.060679
FIRE:  252 00:58:00     -931.779707        0.060679
FIRE:  253 00:58:01     -931.779744        0.060680
FIRE:  254 00:58:01     -931.779794        0.060680
FIRE:  255 00:58:02     -931.779852        0.060682
FIRE:  256 00:58:02     -931.779912        0.060685
FIRE:  257 00:58:03     -931.779975        0.060690
FIRE:  258 00:58:03     -931.780041        0.060699
FIRE:  259 00:58:04     -931.780120        0.060712
FIRE:  260 00:58:04     -931.780223        0.060732
FIRE:  261 00:58:05     -931.780359        0.060760
FIRE:  262 00:58:05     -931.780540        0.060798
FIRE:  263 00:58:05     -931.780763        0.060849
FIRE:  264 00:58:06     -931.781029        0.060913
FIRE:  265 00:58:06     -931.781346        0.060991
FIRE:  266 00:58:07     -931.781738        0.061082
FIRE:  267 00:58:07     -931.782240        0.061188
FIRE:  268 00:58:08     -931.782850        0.061317
FIRE:  269 00:58:08     -931.783588        0.061484
FIRE:  270 00:58:09     -931.784507        0.061707
FIRE:  271 00:58:09     -931.785632        0.061993
FIRE:  272 00:58:10     -931.787010        0.062333
FIRE:  273 00:58:10     -931.788725        0.062728
FIRE:  274 00:58:11     -931.790825        0.063215
FIRE:  275 00:58:11     -931.793413        0.063808
FIRE:  276 00:58:12     -931.796644        0.064439
FIRE:  277 00:58:12     -931.800685        0.065172
FIRE:  278 00:58:13     -931.805765        0.065960
FIRE:  279 00:58:13     -931.812244        0.066828
FIRE:  280 00:58:13     -931.820302        0.076195
FIRE:  281 00:58:14     -931.824542        0.304468
FIRE:  282 00:58:14     -931.831411        0.090142
FIRE:  283 00:58:15     -931.831752        0.090256
FIRE:  284 00:58:15     -931.832152        0.090491
FIRE:  285 00:58:16     -931.832403        0.090867
FIRE:  286 00:58:16     -931.832652        0.091378
FIRE:  287 00:58:17     -931.833144        0.092007
FIRE:  288 00:58:17     -931.833877        0.092748
FIRE:  289 00:58:18     -931.834635        0.093612
FIRE:  290 00:58:18     -931.835411        0.094734
FIRE:  291 00:58:19     -931.836472        0.096146
FIRE:  292 00:58:19     -931.837984        0.097911
FIRE:  293 00:58:20     -931.839710        0.100159
FIRE:  294 00:58:20     -931.841920        0.102958
FIRE:  295 00:58:21     -931.844848        0.106352
FIRE:  296 00:58:21     -931.848409        0.110454
FIRE:  297 00:58:21     -931.853109        0.115199
FIRE:  298 00:58:22     -931.859068        0.120293
FIRE:  299 00:58:22     -931.866576        0.124963
FIRE:  300 00:58:23     -931.876027        0.128128
FIRE:  301 00:58:23     -931.887189        0.126984
FIRE:  302 00:58:24     -931.897061        0.270889
FIRE:  303 00:58:24     -931.902184        0.120071
FIRE:  304 00:58:25     -931.899589        0.238714
FIRE:  305 00:58:25     -931.901181        0.181522
FIRE:  306 00:58:26     -931.903038        0.118720
FIRE:  307 00:58:26     -931.903721        0.118743
FIRE:  308 00:58:27     -931.903754        0.118715
FIRE:  309 00:58:27     -931.903819        0.118660
FIRE:  310 00:58:28     -931.903912        0.118578
FIRE:  311 00:58:28     -931.904029        0.118471
FIRE:  312 00:58:28     -931.904167        0.118338
FIRE:  313 00:58:29     -931.904324        0.118181
FIRE:  314 00:58:29     -931.904500        0.118003
FIRE:  315 00:58:30     -931.904719        0.117783
FIRE:  316 00:58:30     -931.904995        0.117513
FIRE:  317 00:58:31     -931.905346        0.117184
FIRE:  318 00:58:31     -931.905793        0.116784
FIRE:  319 00:58:32     -931.906347        0.116294
FIRE:  320 00:58:32     -931.907024        0.115685
FIRE:  321 00:58:33     -931.907842        0.114919
FIRE:  322 00:58:33     -931.908846        0.113944
FIRE:  323 00:58:34     -931.910085        0.112703
FIRE:  324 00:58:34     -931.911587        0.111136
FIRE:  325 00:58:35     -931.913392        0.109185
FIRE:  326 00:58:35     -931.915566        0.106788
FIRE:  327 00:58:36     -931.918162        0.103826
FIRE:  328 00:58:36     -931.921226        0.100066
FIRE:  329 00:58:36     -931.924819        0.095229
FIRE:  330 00:58:37     -931.928942        0.089094
FIRE:  331 00:58:37     -931.933598        0.081401
FIRE:  332 00:58:38     -931.938707        0.071459
FIRE:  333 00:58:38     -931.944102        0.059107
FIRE:  334 00:58:39     -931.949483        0.045231
FIRE:  335 00:58:39     -931.954310        0.037562
FIRE:  336 00:58:40     -931.956377        0.157265
FIRE:  337 00:58:40     -931.958091        0.027774
FIRE:  338 00:58:41     -931.956882        0.138321
FIRE:  339 00:58:41     -931.957463        0.104662
FIRE:  340 00:58:42     -931.958105        0.045282
FIRE:  341 00:58:42     -931.958247        0.027601
FIRE:  342 00:58:43     -931.958255        0.027595
FIRE:  343 00:58:43     -931.958269        0.027582
FIRE:  344 00:58:44     -931.958287        0.027564
FIRE:  345 00:58:44     -931.958308        0.027538
FIRE:  346 00:58:45     -931.958328        0.027505
FIRE:  347 00:58:45     -931.958348        0.027464
FIRE:  348 00:58:46     -931.958367        0.027415
FIRE:  349 00:58:46     -931.958389        0.027350
FIRE:  350 00:58:46     -931.958417        0.027268
FIRE:  351 00:58:47     -931.958456        0.027165
FIRE:  352 00:58:47     -931.958508        0.027037
FIRE:  353 00:58:48     -931.958574        0.026878
FIRE:  354 00:58:48     -931.958651        0.026679
FIRE:  355 00:58:49     -931.958736        0.026433
FIRE:  356 00:58:49     -931.958840        0.026133
FIRE:  357 00:58:50     -931.958972        0.025771
FIRE:  358 00:58:50     -931.959131        0.025334
FIRE:  359 00:58:51     -931.959314        0.024800
FIRE:  360 00:58:51     -931.959537        0.024154
FIRE:  361 00:58:52     -931.959800        0.023372
FIRE:  362 00:58:52     -931.960103        0.022430
FIRE:  363 00:58:53     -931.960456        0.021303
FIRE:  364 00:58:53     -931.960856        0.019918
FIRE:  365 00:58:54     -931.961314        0.018213
FIRE:  366 00:58:54     -931.961828        0.016161
FIRE:  367 00:58:55     -931.962384        0.013659
FIRE:  368 00:58:55     -931.962982        0.010690
FIRE:  369 00:58:55     -931.963590        0.018767
FIRE:  370 00:58:56     -931.963935        0.063246
FIRE:  371 00:58:56     -931.964257        0.007915
MACE calculation complete. Energy written to MACE_OUTCAR: -931.964257 eV
Job ended on: Thu Jun 12 11:58:57 PM UTC 2025\n
