##################################################
##################################################

                    █████████████████████████████
  ██   ███   █████      ███  ███  ██     ███    █
 █  █  █  █    █     ██████ █ █ █ ████ ████  ████
 ████  ████    █       ████ ██ ██ ████ █████   ██
 █  █  █ █     █     ██████ █████ ████ ███████  █
 █  █  █  █    █        ███ █████ ██     ██    ██
                    █████████████████████████████

##################################################
##################################################
           Ab Initio Restructuring Tool           
    Enabling Modelling of Interface Structures    

 Welcome to ARTEMIS version 2.0.0
 (build May 31 2025 22:38:31)

 Authors:
 N. T. Taylor, F. H. Davies, I. E. M. Rudkin, S. P. Hepplestone

 Contributors:
 C. J. Price, T. H. Chan, J. Pitfield, E. A. D. Baker, S. G. Davies

 Artistic advisors:
 E. L. Martin

 LICENSE:
 This work is licensed under a General Public License 3.0 (GPLv3)
 https://www.gnu.org/licenses/gpl-3.0.en.html

##################################################
 executed on 2025.06.01 at 5:20:29
Using file 'no_shift.param.in'
 Output files will be VASP formatted
 clock seed: 40768901
Using file 'lower.vasp'
Using file 'upper.vasp'
##################################################
 task 1 set
 Performing Interface Generation

 Miller planes considered for lower material: 40
   1)      0   0   1
   2)      0   1   1
   3)      0   1   2
   4)      1   1   1
   5)      0   1   3
   6)      1   1   2
   7)      0   2   3
   8)      0   1   4
   9)      1   1   3
  10)      1   2   2
  11)      0   1   5
  12)      1   1   4
  13)      1   2   3
  14)      0   3   4
  15)      0   2   5
  16)      1   1   5
  17)      1   2   4
  18)      1   3   3
  19)      2   2   3
  20)      1   2   5
  21)      1   3   4
  22)      0   3   5
  23)      2   3   3
  24)      1   4   4
  25)      0   4   5
  26)      2   2   5
  27)      1   3   5
  28)      2   3   4
  29)      1   4   5
  30)      2   3   5
  31)      3   3   4
  32)      2   4   5
  33)      1   5   5
  34)      3   3   5
  35)      3   4   4
  36)      2   5   5
  37)      3   4   5
  38)      3   5   5
  39)      4   4   5
  40)      4   5   5

 Miller planes considered for upper material: 40
   1)      0   0   1
   2)      0   1   1
   3)      0   1   2
   4)      1   1   1
   5)      0   1   3
   6)      1   1   2
   7)      0   2   3
   8)      0   1   4
   9)      1   1   3
  10)      1   2   2
  11)      0   1   5
  12)      1   1   4
  13)      1   2   3
  14)      0   3   4
  15)      0   2   5
  16)      1   1   5
  17)      1   2   4
  18)      1   3   3
  19)      2   2   3
  20)      1   2   5
  21)      1   3   4
  22)      0   3   5
  23)      2   3   3
  24)      1   4   4
  25)      0   4   5
  26)      2   2   5
  27)      1   3   5
  28)      2   3   4
  29)      1   4   5
  30)      2   3   5
  31)      3   3   4
  32)      2   4   5
  33)      1   5   5
  34)      3   3   5
  35)      3   4   4
  36)      2   5   5
  37)      3   4   5
  38)      3   5   5
  39)      4   4   5
  40)      4   5   5

 Performing lattice match reduction
 Total number of matches saved:          16

Fit number: 1  Area increase: 6
   Transmat 1:    Transmat 2:

    a   b   c      a   b   c

    0  -2   0      1  -3   0 
    3   1   0      4   3   0 
    0   0   1      0   0   1 
 vector mismatch (%) = .321577638
 angle mismatch (°)  = .000000000
 area mismatch (%)   = .642102957
 reduced: F


Fit number: 2  Area increase: 2
   Transmat 1:    Transmat 2:

    a   b   c      a   b   c

   -1  -1   0      2   1   0 
    2   0   0     -3   1   0 
    0   0   1      0   0   1 
 vector mismatch (%) = .321578830
 angle mismatch (°)  = .000000000
 area mismatch (%)   = .642108917
 reduced: F


Fit number: 3  Area increase: 6
   Transmat 1:    Transmat 2:

    a   b   c      a   b   c

    2   0   0      0   3  -1 
    0   3  -1      5   0   0 
    0   1   3      0   1   3 
 vector mismatch (%) = .321577638
 angle mismatch (°)  = .000000000
 area mismatch (%)   = .642114878
 reduced: F


Fit number: 4  Area increase: 6
   Transmat 1:    Transmat 2:

    a   b   c      a   b   c

   -2   0   0      3   1   0 
    1  -3   0      0  -5   0 
    0   0   1      0   0   1 
 vector mismatch (%) = .321577638
 angle mismatch (°)  = .000000000
 area mismatch (%)   = .642114878
 reduced: F


Fit number: 5  Area increase: 2
   Transmat 1:    Transmat 2:

    a   b   c      a   b   c

    1   1   0      2   1   0 
   -1   1   0     -1   2   0 
    0   0   1      0   0   1 
 vector mismatch (%) = .321577251
 angle mismatch (°)  = .000000000
 area mismatch (%)   = .642120838
 reduced: F


Fit number: 6  Area increase: 4
   Transmat 1:    Transmat 2:

    a   b   c      a   b   c

   -1  -1   0      1   2   0 
    3  -1   0     -5   0   0 
    0   0   1      0   0   1 
 vector mismatch (%) = .321578830
 angle mismatch (°)  = .000000000
 area mismatch (%)   = .642120838
 reduced: F


Fit number: 7  Area increase: 6
   Transmat 1:    Transmat 2:

    a   b   c      a   b   c

    2   0   0      3   1   0 
    1   3   0      3  -4   0 
    0   0   1      0   0   1 
 vector mismatch (%) = .321577638
 angle mismatch (°)  = .000006830
 area mismatch (%)   = .642102957
 reduced: F


Fit number: 8  Area increase: 2
   Transmat 1:    Transmat 2:

    a   b   c      a   b   c

    0   2   0      1   3   0 
   -1  -3   0      0  -5   0 
    0   0   1      0   0   1 
 vector mismatch (%) = .321577638
 angle mismatch (°)  = .000013660
 area mismatch (%)   = .642120838
 reduced: F


Fit number: 9  Area increase: 7
   Transmat 1:    Transmat 2:

    a   b   c      a   b   c

    0   2  -1     -2  -2   2 
   -3   0   0      4  -2   2 
    0   1   2      0   1   1 
 vector mismatch (%) = 2.947437525
 angle mismatch (°)  = .000000000
 area mismatch (%)   = .543129444
 reduced: F


Fit number: 10  Area increase: 7
   Transmat 1:    Transmat 2:

    a   b   c      a   b   c

    0   2  -1      2  -2   2 
   -3   0   0      4   2  -2 
    0   1   2      0   1   1 
 vector mismatch (%) = 2.947437525
 angle mismatch (°)  = .000000000
 area mismatch (%)   = .543129444
 reduced: F


Fit number: 11  Area increase: 4
   Transmat 1:    Transmat 2:

    a   b   c      a   b   c

   -3   0   1      3   4   0 
    3  -1   0     -1  -5   0 
    1   3   3      0   0   1 
 vector mismatch (%) = 1.652449608
 angle mismatch (°)  = .281977534
 area mismatch (%)   = .294744968
 reduced: F


Fit number: 12  Area increase: 4
   Transmat 1:    Transmat 2:

    a   b   c      a   b   c

   -3   0   1      1   5   0 
    3  -1   0     -3  -4   0 
    1   3   3      0   0   1 
 vector mismatch (%) = 1.652449608
 angle mismatch (°)  = .281977534
 area mismatch (%)   = .294744968
 reduced: F


Fit number: 13  Area increase: 10
   Transmat 1:    Transmat 2:

    a   b   c      a   b   c

    1   3   0      0   5  -1 
   -3   1   0     -5   0   0 
    0   0   1      0   1   5 
 vector mismatch (%) = 1.652449608
 angle mismatch (°)  = .000000000
 area mismatch (%)   = 1.325547695
 reduced: F


Fit number: 14  Area increase: 10
   Transmat 1:    Transmat 2:

    a   b   c      a   b   c

    3   1   0      5   0   0 
   -1   3   0      0   5  -1 
    0   0   1      0   1   5 
 vector mismatch (%) = 1.652449608
 angle mismatch (°)  = .000000000
 area mismatch (%)   = 1.325547695
 reduced: F


Fit number: 15  Area increase: 8
   Transmat 1:    Transmat 2:

    a   b   c      a   b   c

    2  -1   1      4   0   0 
    2   2  -2      0   5  -2 
    0   1   1      0   2   5 
 vector mismatch (%) = 2.947427750
 angle mismatch (°)  = .000000000
 area mismatch (%)   = .891602039
 reduced: F


Fit number: 16  Area increase: 10
   Transmat 1:    Transmat 2:

    a   b   c      a   b   c

    1   3   0      4  -2   2 
   -3   1   0      3   3  -3 
    0   0   1      0   1   1 
 vector mismatch (%) = 3.588855267
 angle mismatch (°)  = .000000000
 area mismatch (%)   = 1.169562340
 reduced: F

 Term.   Min layer loc   Max layer loc   no. atoms
   1        0.00000         0.00000         12
 Term.   Min layer loc   Max layer loc   no. atoms
   1        0.00000         0.00000         30
+------------------------------------------------+
|                 W A R N I N G                  |
|                                                |
|  Smallest bond in the interface structure is   |
|               less than 1.5 Å.               |
+------------------------------------------------+
  bond length:  0.864406
  atom 1:   1    72
  atom 2:   2    37
 Term.   Min layer loc   Max layer loc   no. atoms
   1        0.00000         0.00000          4
 Term.   Min layer loc   Max layer loc   no. atoms
   1        0.00000         0.00000         10
+------------------------------------------------+
|                 W A R N I N G                  |
|                                                |
|  Smallest bond in the interface structure is   |
|               less than 1.5 Å.               |
+------------------------------------------------+
  bond length:  0.720251
  atom 1:   1    21
  atom 2:   2     7
 Term.   Min layer loc   Max layer loc   no. atoms
   1        0.00000         0.00000          8
 Term.   Min layer loc   Max layer loc   no. atoms
   1        0.00000         0.00000         20
+------------------------------------------------+
|                 W A R N I N G                  |
|                                                |
|  Smallest bond in the interface structure is   |
|               less than 1.5 Å.               |
+------------------------------------------------+
  bond length:  0.073325
  atom 1:   1    43
  atom 2:   2    60
 Term.   Min layer loc   Max layer loc   no. atoms
   1        0.00000         0.00000         12
 Term.   Min layer loc   Max layer loc   no. atoms
   1        0.00000         0.00000         30
+------------------------------------------------+
|                 W A R N I N G                  |
|                                                |
|  Smallest bond in the interface structure is   |
|               less than 1.5 Å.               |
+------------------------------------------------+
  bond length:  0.868921
  atom 1:   1    36
  atom 2:   2   100
 Term.   Min layer loc   Max layer loc   no. atoms
   1        0.00000         0.00000          4
 Term.   Min layer loc   Max layer loc   no. atoms
   1        0.00000         0.00000         10
+------------------------------------------------+
|                 W A R N I N G                  |
|                                                |
|  Smallest bond in the interface structure is   |
|               less than 1.5 Å.               |
+------------------------------------------------+
  bond length:  0.868924
  atom 1:   1    24
  atom 2:   2     4
 Term.   Min layer loc   Max layer loc   no. atoms
   1        0.00000         0.00000          8
 Term.   Min layer loc   Max layer loc   no. atoms
   1        0.00000         0.00000         20
+------------------------------------------------+
|                 W A R N I N G                  |
|                                                |
|  Smallest bond in the interface structure is   |
|               less than 1.5 Å.               |
+------------------------------------------------+
  bond length:  0.462324
  atom 1:   1    39
  atom 2:   2    19
 Term.   Min layer loc   Max layer loc   no. atoms
   1        0.00000         0.00000         12
 Term.   Min layer loc   Max layer loc   no. atoms
   1        0.00000         0.00000         30
+------------------------------------------------+
|                 W A R N I N G                  |
|                                                |
|  Smallest bond in the interface structure is   |
|               less than 1.5 Å.               |
+------------------------------------------------+
  bond length:  0.990166
  atom 1:   1    30
  atom 2:   2   118
 Term.   Min layer loc   Max layer loc   no. atoms
   1        0.00000         0.00000          4
 Term.   Min layer loc   Max layer loc   no. atoms
   1        0.00000         0.00000         10
+------------------------------------------------+
|                 W A R N I N G                  |
|                                                |
|  Smallest bond in the interface structure is   |
|               less than 1.5 Å.               |
+------------------------------------------------+
  bond length:  0.878196
  atom 1:   1    12
  atom 2:   2     4
 Term.   Min layer loc   Max layer loc   no. atoms
   1        0.00000         0.00000          6
 Term.   Min layer loc   Max layer loc   no. atoms
   1        0.00000         0.00000         48
+------------------------------------------------+
|                 W A R N I N G                  |
|                                                |
|  Smallest bond in the interface structure is   |
|               less than 1.5 Å.               |
+------------------------------------------------+
  bond length:  0.717187
  atom 1:   1     4
  atom 2:   2     6
 Term.   Min layer loc   Max layer loc   no. atoms
   1        0.00000         0.00000          6
 Term.   Min layer loc   Max layer loc   no. atoms
   1        0.00000         0.00000         48
+------------------------------------------------+
|                 W A R N I N G                  |
|                                                |
|  Smallest bond in the interface structure is   |
|               less than 1.5 Å.               |
+------------------------------------------------+
Note: The following floating-point exceptions are signalling: IEEE_INVALID_FLAG IEEE_DIVIDE_BY_ZERO IEEE_OVERFLOW_FLAG IEEE_UNDERFLOW_FLAG IEEE_DENORMAL
STOP 1
 WARNING: No mirror identified in interface
 As such, cannot generate equivalent swaps on both interfaces
 Skipping...
 WARNING: No mirror identified in interface
 As such, cannot generate equivalent swaps on both interfaces
 Skipping...
 WARNING: No mirror identified in interface
 As such, cannot generate equivalent swaps on both interfaces
 Skipping...
 WARNING: No mirror identified in interface
 As such, cannot generate equivalent swaps on both interfaces
 Skipping...
 WARNING: No mirror identified in interface
 As such, cannot generate equivalent swaps on both interfaces
 Skipping...
 WARNING: No mirror identified in interface
 As such, cannot generate equivalent swaps on both interfaces
 Skipping...
 WARNING: No mirror identified in interface
 As such, cannot generate equivalent swaps on both interfaces
 Skipping...
 WARNING: No mirror identified in interface
 As such, cannot generate equivalent swaps on both interfaces
 Skipping...
 WARNING: No mirror identified in interface
 As such, cannot generate equivalent swaps on both interfaces
 Skipping...
 WARNING: No mirror identified in interface
 As such, cannot generate equivalent swaps on both interfaces
 Skipping...
 WARNING: No mirror identified in interface
 As such, cannot generate equivalent swaps on both interfaces
 Skipping...
 WARNING: No mirror identified in interface
 As such, cannot generate equivalent swaps on both interfaces
 Skipping...
 WARNING: No mirror identified in interface
 As such, cannot generate equivalent swaps on both interfaces
 Skipping...
 WARNING: No mirror identified in interface
 As such, cannot generate equivalent swaps on both interfaces
 Skipping...
ERROR: Error in artemis__sym.f90
  get_terminations subroutine unable to find a separation in the material that is greater than LAYER_SEP
  Writing material to 'unlayerable.vasp'
  We suggest reducing LAYER_SEP to less than 0.5000
  NOTE: If LAYER_SEP < 0.7, the material likely does not support the Miller plane
  Please inform the developers of this and give details of what structure caused this
 ERROR: The termination generator failed with exit code 1
  bond length:  0.404240
  atom 1:   1    19
  atom 2:   2   108
 Term.   Min layer loc   Max layer loc   no. atoms
   1        1.00000         1.25000          8
 Term.   Min layer loc   Max layer loc   no. atoms
   1        0.00000         0.00000         22
+------------------------------------------------+
|                 W A R N I N G                  |
|                                                |
|  Smallest bond in the interface structure is   |
|               less than 1.5 Å.               |
+------------------------------------------------+
  bond length:  0.356431
  atom 1:   1    20
  atom 2:   2    63
 Term.   Min layer loc   Max layer loc   no. atoms
   1        1.00000         1.25000          8
 Term.   Min layer loc   Max layer loc   no. atoms
   1        0.00000         0.00000         22
+------------------------------------------------+
|                 W A R N I N G                  |
|                                                |
|  Smallest bond in the interface structure is   |
|               less than 1.5 Å.               |
+------------------------------------------------+
  bond length:  0.356430
  atom 1:   1    44
  atom 2:   2   114
 Term.   Min layer loc   Max layer loc   no. atoms
   1        0.00000         0.00000         20
 Term.   Min layer loc   Max layer loc   no. atoms
   1        1.00000         1.00000         20
+------------------------------------------------+
|                 W A R N I N G                  |
|                                                |
|  Smallest bond in the interface structure is   |
|               less than 1.5 Å.               |
+------------------------------------------------+
  bond length:  0.339584
  atom 1:   1    79
  atom 2:   2    49
 Term.   Min layer loc   Max layer loc   no. atoms
   1        0.00000         0.00000         20
 Term.   Min layer loc   Max layer loc   no. atoms
   1        1.00000         1.00000         20
+------------------------------------------------+
|                 W A R N I N G                  |
|                                                |
|  Smallest bond in the interface structure is   |
|               less than 1.5 Å.               |
+------------------------------------------------+
  bond length:  0.499178
  atom 1:   1    42
  atom 2:   2   110
 Term.   Min layer loc   Max layer loc   no. atoms
   1        0.00000         0.00000         24
