Si Bulk DFT energetics calculations using VASP
Running on host: comp136
Working directory: /lustre/home/ah1365/projects/127870/upgrade_report/case_studies/common/structures/interfaces/120_Si36C84_012_012_a0.283951_b0.709877_c0.988275_interface2shift5
Job started on: Thu  5 Jun 11:01:03 UTC 2025
cuequivariance or cuequivariance_torch is not available. Cuequivariance acceleration will be disabled.
Using Materials Project MACE for MACECalculator with /lustre/home/ah1365/.cache/mace/MACE_MPtrj_20229model
Using float64 for MACECalculator, which is slower but more accurate. Recommended for geometry optimization.
Using TorchDFTD3Calculator for D3 dispersion corrections
      Step     Time          Energy          fmax
FIRE:    0 12:01:28     -841.708357       22.251990
FIRE:    1 12:01:39     -853.324763       12.021209
FIRE:    2 12:01:51     -860.826102        5.881613
FIRE:    3 12:02:02     -865.834066        4.123828
FIRE:    4 12:02:13     -869.288854        3.847235
FIRE:    5 12:02:24     -871.822198        3.708413
FIRE:    6 12:02:35     -873.899224        4.126199
FIRE:    7 12:02:47     -875.813549        4.224541
FIRE:    8 12:02:58     -877.673006        3.998759
FIRE:    9 12:03:09     -879.400575        3.118446
FIRE:   10 12:03:21     -880.892435        2.362236
FIRE:   11 12:03:32     -882.125651        2.306909
FIRE:   12 12:03:43     -883.145538        2.503330
FIRE:   13 12:03:55     -884.044326        2.946729
FIRE:   14 12:04:06     -884.968880        3.553090
FIRE:   15 12:04:17     -886.020582        3.266201
FIRE:   16 12:04:28     -887.132512        2.303385
FIRE:   17 12:04:40     -888.164567        1.586716
FIRE:   18 12:04:51     -889.077961        1.661273
FIRE:   19 12:05:02     -889.923245        1.588080
FIRE:   20 12:05:14     -890.766232        1.847076
FIRE:   21 12:05:25     -891.666001        1.612377
FIRE:   22 12:05:36     -892.606545        1.494361
FIRE:   23 12:05:48     -893.508186        1.309493
FIRE:   24 12:05:59     -894.316759        1.327497
FIRE:   25 12:06:10     -895.048884        1.598628
FIRE:   26 12:06:22     -895.753571        1.546054
FIRE:   27 12:06:33     -896.459642        1.115173
FIRE:   28 12:06:44     -897.175549        1.148998
FIRE:   29 12:06:55     -897.896195        1.107299
FIRE:   30 12:07:07     -898.573318        1.052883
FIRE:   31 12:07:18     -899.169355        0.997152
FIRE:   32 12:07:29     -899.706563        0.969086
FIRE:   33 12:07:40     -900.226488        0.945324
FIRE:   34 12:07:52     -900.741611        0.922188
FIRE:   35 12:08:03     -901.246757        1.001914
FIRE:   36 12:08:14     -901.738127        1.091034
FIRE:   37 12:08:25     -902.201152        1.186592
FIRE:   38 12:08:37     -902.624917        1.275287
FIRE:   39 12:08:48     -903.026817        1.332492
FIRE:   40 12:08:59     -903.425837        1.328047
FIRE:   41 12:09:10     -903.810016        1.245241
FIRE:   42 12:09:22     -904.150764        1.069599
FIRE:   43 12:09:33     -904.434661        0.814732
FIRE:   44 12:09:44     -904.667066        0.673068
FIRE:   45 12:09:55     -904.851379        0.870224
FIRE:   46 12:10:06     -904.989953        0.948279
FIRE:   47 12:10:17     -905.094355        0.885904
FIRE:   48 12:10:29     -905.177665        0.918536
FIRE:   49 12:10:40     -905.249100        0.877983
FIRE:   50 12:10:51     -905.322787        0.857079
FIRE:   51 12:11:02     -905.409409        0.784722
FIRE:   52 12:11:13     -905.481910        0.645615
FIRE:   53 12:11:25     -905.842374        0.946700
FIRE:   54 12:11:36     -906.061813        1.401276
FIRE:   55 12:11:47     -905.532452        5.708023
FIRE:   56 12:11:58     -906.071315        2.834314
FIRE:   57 12:12:09     -906.194679        2.192226
FIRE:   58 12:12:20     -906.329374        0.918653
FIRE:   59 12:12:32     -906.338300        1.236655
FIRE:   60 12:12:43     -906.346040        1.114172
FIRE:   61 12:12:54     -906.359130        0.888563
FIRE:   62 12:13:05     -906.373883        0.594088
FIRE:   63 12:13:16     -906.386992        0.310644
FIRE:   64 12:13:27     -906.397011        0.314210
FIRE:   65 12:13:39     -906.404993        0.487033
FIRE:   66 12:13:50     -906.413482        0.644500
FIRE:   67 12:14:01     -906.426221        0.718087
FIRE:   68 12:14:12     -906.445655        0.683794
FIRE:   69 12:14:23     -906.472243        0.523476
FIRE:   70 12:14:34     -906.503337        0.354283
FIRE:   71 12:14:45     -906.535268        0.366366
FIRE:   72 12:14:57     -906.570367        0.585485
FIRE:   73 12:15:08     -906.617172        0.546469
FIRE:   74 12:15:19     -906.676234        0.417703
FIRE:   75 12:15:30     -906.739550        0.440091
FIRE:   76 12:15:41     -906.814417        0.489431
FIRE:   77 12:15:52     -906.908986        0.486002
FIRE:   78 12:16:04     -907.013976        0.503635
FIRE:   79 12:16:15     -907.145417        0.514148
FIRE:   80 12:16:26     -907.297704        0.525417
FIRE:   81 12:16:37     -907.487039        0.555029
FIRE:   82 12:16:48     -907.693630        0.564066
FIRE:   83 12:17:00     -907.888198        0.445120
FIRE:   84 12:17:11     -908.046160        0.451450
FIRE:   85 12:17:22     -908.176633        0.356010
FIRE:   86 12:17:33     -908.301565        0.396848
FIRE:   87 12:17:44     -908.417277        0.355657
FIRE:   88 12:17:55     -908.488686        0.456166
FIRE:   89 12:18:06     -908.535077        0.535235
FIRE:   90 12:18:18     -908.578475        0.345206
FIRE:   91 12:18:29     -908.625394        0.289506
FIRE:   92 12:18:40     -908.660310        0.325758
FIRE:   93 12:18:51     -908.690660        0.287943
FIRE:   94 12:19:02     -908.717181        0.377722
FIRE:   95 12:19:13     -908.747663        0.173965
FIRE:   96 12:19:25     -908.768723        0.297534
FIRE:   97 12:19:36     -908.786240        0.347462
FIRE:   98 12:19:47     -908.791495        0.162486
FIRE:   99 12:19:58     -908.797107        0.148120
FIRE:  100 12:20:09     -908.802314        0.271141
FIRE:  101 12:20:20     -908.809691        0.233817
FIRE:  102 12:20:31     -908.817733        0.096403
FIRE:  103 12:20:42     -908.823876        0.186942
FIRE:  104 12:20:54     -908.830590        0.216385
FIRE:  105 12:21:05     -908.839888        0.107130
FIRE:  106 12:21:16     -908.849303        0.193020
FIRE:  107 12:21:27     -908.861906        0.146211
FIRE:  108 12:21:38     -908.877132        0.166105
FIRE:  109 12:21:49     -908.898704        0.226750
FIRE:  110 12:22:01     -908.934154        0.331438
FIRE:  111 12:22:12     -909.005478        0.496517
FIRE:  112 12:22:23     -909.150228        0.617288
FIRE:  113 12:22:34     -909.356071        0.470159
FIRE:  114 12:22:45     -909.461921        0.667186
FIRE:  115 12:22:57     -909.506174        0.548774
FIRE:  116 12:23:08     -909.544608        0.541597
FIRE:  117 12:23:19     -909.590043        0.518229
FIRE:  118 12:23:30     -909.632582        0.465560
FIRE:  119 12:23:41     -909.664992        0.514387
FIRE:  120 12:23:52     -909.710356        0.360655
FIRE:  121 12:24:04     -909.740889        0.366005
FIRE:  122 12:24:15     -909.766320        0.301479
FIRE:  123 12:24:26     -909.780427        0.360963
FIRE:  124 12:24:37     -909.786132        0.311563
FIRE:  125 12:24:48     -909.793891        0.276103
FIRE:  126 12:25:00     -909.800608        0.227287
FIRE:  127 12:25:11     -909.806561        0.260229
FIRE:  128 12:25:22     -909.812863        0.217113
FIRE:  129 12:25:33     -909.818444        0.104283
FIRE:  130 12:25:44     -909.821833        0.121473
FIRE:  131 12:25:55     -909.824858        0.223713
FIRE:  132 12:26:07     -909.830231        0.162602
FIRE:  133 12:26:18     -909.836658        0.106356
FIRE:  134 12:26:29     -909.842409        0.191211
FIRE:  135 12:26:40     -909.850362        0.105685
FIRE:  136 12:26:51     -909.858708        0.147417
FIRE:  137 12:27:02     -909.870447        0.121241
FIRE:  138 12:27:14     -909.883851        0.186284
FIRE:  139 12:27:25     -909.899948        0.108658
FIRE:  140 12:27:36     -909.917699        0.177346
FIRE:  141 12:27:47     -909.939798        0.319349
FIRE:  142 12:27:58     -909.965801        0.516566
FIRE:  143 12:28:09     -909.979276        1.060952
FIRE:  144 12:28:21     -910.018757        0.171475
FIRE:  145 12:28:32     -909.994759        1.081609
FIRE:  146 12:28:43     -910.010023        0.767958
FIRE:  147 12:28:54     -910.025536        0.262076
FIRE:  148 12:29:05     -910.028010        0.264657
FIRE:  149 12:29:16     -910.028416        0.248531
FIRE:  150 12:29:28     -910.029170        0.217201
FIRE:  151 12:29:39     -910.030173        0.175162
FIRE:  152 12:29:50     -910.031307        0.176349
FIRE:  153 12:30:01     -910.032476        0.177833
FIRE:  154 12:30:12     -910.033633        0.179610
FIRE:  155 12:30:23     -910.034806        0.181664
FIRE:  156 12:30:35     -910.036220        0.184227
FIRE:  157 12:30:46     -910.038072        0.187380
FIRE:  158 12:30:57     -910.040587        0.191241
FIRE:  159 12:31:08     -910.043935        0.196010
FIRE:  160 12:31:19     -910.048144        0.202009
FIRE:  161 12:31:30     -910.053192        0.209746
FIRE:  162 12:31:42     -910.059311        0.219881
FIRE:  163 12:31:53     -910.067201        0.233143
FIRE:  164 12:32:04     -910.077610        0.250361
FIRE:  165 12:32:15     -910.090921        0.272521
FIRE:  166 12:32:26     -910.108014        0.300580
FIRE:  167 12:32:37     -910.131103        0.335318
FIRE:  168 12:32:49     -910.162329        0.377468
FIRE:  169 12:33:00     -910.205105        0.425145
FIRE:  170 12:33:11     -910.265014        0.465808
FIRE:  171 12:33:22     -910.345898        0.466194
FIRE:  172 12:33:33     -910.447754        0.389423
FIRE:  173 12:33:45     -910.563599        0.284546
FIRE:  174 12:33:56     -910.689612        0.283779
FIRE:  175 12:34:07     -910.814034        0.304362
FIRE:  176 12:34:18     -910.936357        0.497637
FIRE:  177 12:34:29     -911.111065        0.738582
FIRE:  178 12:34:40     -911.342672        0.651918
FIRE:  179 12:34:52     -911.521846        0.432650
FIRE:  180 12:35:03     -911.615679        0.518750
FIRE:  181 12:35:14     -911.658579        0.798899
FIRE:  182 12:35:25     -911.719737        0.411753
FIRE:  183 12:35:36     -911.773380        0.162483
FIRE:  184 12:35:47     -911.785536        0.436898
FIRE:  185 12:35:59     -911.793447        0.387880
FIRE:  186 12:36:10     -911.803679        0.300155
FIRE:  187 12:36:21     -911.813279        0.192589
FIRE:  188 12:36:32     -911.822971        0.136181
FIRE:  189 12:36:43     -911.830966        0.117332
FIRE:  190 12:36:54     -911.836412        0.150675
FIRE:  191 12:37:06     -911.843240        0.191798
FIRE:  192 12:37:17     -911.853770        0.198081
FIRE:  193 12:37:28     -911.866157        0.169922
FIRE:  194 12:37:39     -911.880977        0.121448
FIRE:  195 12:37:50     -911.893777        0.127829
FIRE:  196 12:38:02     -911.905386        0.179690
FIRE:  197 12:38:13     -911.916748        0.175385
FIRE:  198 12:38:24     -911.930258        0.128505
FIRE:  199 12:38:35     -911.941278        0.202914
FIRE:  200 12:38:46     -911.948822        0.349581
FIRE:  201 12:38:57     -911.953452        0.101707
FIRE:  202 12:39:09     -911.953862        0.308497
FIRE:  203 12:39:20     -911.954730        0.245221
FIRE:  204 12:39:31     -911.955906        0.133154
FIRE:  205 12:39:42     -911.956731        0.052242
FIRE:  206 12:39:53     -911.957054        0.116548
FIRE:  207 12:40:04     -911.957352        0.180993
FIRE:  208 12:40:16     -911.958088        0.185555
FIRE:  209 12:40:27     -911.959275        0.135586
FIRE:  210 12:40:38     -911.960666        0.054628
FIRE:  211 12:40:49     -911.961778        0.088292
FIRE:  212 12:41:00     -911.962863        0.156310
FIRE:  213 12:41:12     -911.964755        0.125215
FIRE:  214 12:41:23     -911.967295        0.056052
FIRE:  215 12:41:34     -911.969707        0.127473
FIRE:  216 12:41:45     -911.973004        0.098252
FIRE:  217 12:41:56     -911.977082        0.079529
FIRE:  218 12:42:07     -911.981614        0.118945
FIRE:  219 12:42:19     -911.987601        0.071373
FIRE:  220 12:42:30     -911.994708        0.069960
FIRE:  221 12:42:41     -912.002909        0.153513
FIRE:  222 12:42:52     -912.012147        0.175181
FIRE:  223 12:43:03     -912.021403        0.226231
FIRE:  224 12:43:14     -912.028340        0.437797
FIRE:  225 12:43:26     -912.032187        0.058998
FIRE:  226 12:43:37     -912.030839        0.374507
FIRE:  227 12:43:48     -912.031889        0.288388
FIRE:  228 12:43:59     -912.033164        0.137617
FIRE:  229 12:44:10     -912.033759        0.050258
FIRE:  230 12:44:21     -912.033638        0.182342
FIRE:  231 12:44:33     -912.033723        0.172079
FIRE:  232 12:44:44     -912.033878        0.152133
FIRE:  233 12:44:55     -912.034079        0.123680
FIRE:  234 12:45:06     -912.034297        0.088537
FIRE:  235 12:45:17     -912.034504        0.050048
FIRE:  236 12:45:28     -912.034683        0.050015
FIRE:  237 12:45:40     -912.034836        0.049968
FIRE:  238 12:45:51     -912.034993        0.064873
FIRE:  239 12:46:02     -912.035188        0.088988
FIRE:  240 12:46:13     -912.035465        0.098847
FIRE:  241 12:46:24     -912.035859        0.090181
FIRE:  242 12:46:36     -912.036368        0.061147
FIRE:  243 12:46:47     -912.036947        0.048919
FIRE:  244 12:46:58     -912.037555        0.048494
FIRE:  245 12:47:09     -912.038246        0.071079
FIRE:  246 12:47:20     -912.039134        0.066007
FIRE:  247 12:47:32     -912.040226        0.046364
FIRE:  248 12:47:43     -912.041409        0.047401
FIRE:  249 12:47:54     -912.042771        0.067072
FIRE:  250 12:48:05     -912.044450        0.041630
FIRE:  251 12:48:16     -912.046285        0.057689
FIRE:  252 12:48:27     -912.048503        0.036023
FIRE:  253 12:48:39     -912.050974        0.065287
FIRE:  254 12:48:50     -912.053890        0.028118
FIRE:  255 12:49:01     -912.057041        0.065928
FIRE:  256 12:49:12     -912.060482        0.097170
FIRE:  257 12:49:23     -912.064109        0.107842
FIRE:  258 12:49:34     -912.067570        0.181067
FIRE:  259 12:49:46     -912.069413        0.377157
FIRE:  260 12:49:57     -912.072155        0.024047
FIRE:  261 12:50:08     -912.070368        0.341296
FIRE:  262 12:50:19     -912.071250        0.260011
FIRE:  263 12:50:30     -912.072247        0.117987
FIRE:  264 12:50:42     -912.072525        0.049229
FIRE:  265 12:50:53     -912.072536        0.046255
FIRE:  266 12:51:04     -912.072557        0.040494
FIRE:  267 12:51:15     -912.072586        0.032335
FIRE:  268 12:51:26     -912.072620        0.022392
FIRE:  269 12:51:37     -912.072657        0.021809
FIRE:  270 12:51:49     -912.072696        0.021791
FIRE:  271 12:52:00     -912.072737        0.021771
FIRE:  272 12:52:11     -912.072786        0.021748
FIRE:  273 12:52:22     -912.072849        0.026322
FIRE:  274 12:52:33     -912.072931        0.028418
FIRE:  275 12:52:45     -912.073037        0.025024
FIRE:  276 12:52:56     -912.073168        0.021647
FIRE:  277 12:53:07     -912.073327        0.021633
FIRE:  278 12:53:18     -912.073514        0.021634
FIRE:  279 12:53:29     -912.073742        0.021663
FIRE:  280 12:53:41     -912.074024        0.021736
FIRE:  281 12:53:52     -912.074369        0.021881
FIRE:  282 12:54:03     -912.074777        0.022139
FIRE:  283 12:54:14     -912.075272        0.022569
FIRE:  284 12:54:25     -912.075878        0.023261
FIRE:  285 12:54:36     -912.076607        0.024344
FIRE:  286 12:54:48     -912.077502        0.026000
FIRE:  287 12:54:59     -912.078592        0.028547
FIRE:  288 12:55:10     -912.079957        0.032472
FIRE:  289 12:55:21     -912.081693        0.038588
FIRE:  290 12:55:32     -912.083977        0.048319
FIRE:  291 12:55:44     -912.087167        0.064236
FIRE:  292 12:55:55     -912.091965        0.090888
FIRE:  293 12:56:06     -912.099605        0.223019
FIRE:  294 12:56:17     -912.108663        0.693726
FIRE:  295 12:56:28     -912.118164        0.217394
FIRE:  296 12:56:39     -912.118778        0.219185
FIRE:  297 12:56:51     -912.119859        0.222805
FIRE:  298 12:57:02     -912.121302        0.228330
FIRE:  299 12:57:13     -912.123212        0.235798
FIRE:  300 12:57:24     -912.125813        0.245204
FIRE:  301 12:57:35     -912.129206        0.256555
FIRE:  302 12:57:46     -912.133365        0.269889
FIRE:  303 12:57:58     -912.138931        0.286936
FIRE:  304 12:58:09     -912.146621        0.308326
FIRE:  305 12:58:20     -912.157445        0.334589
FIRE:  306 12:58:31     -912.172529        0.366178
FIRE:  307 12:58:42     -912.193768        0.403529
FIRE:  308 12:58:53     -912.223952        0.447871
FIRE:  309 12:59:04     -912.266487        0.501077
FIRE:  310 12:59:16     -912.326159        0.554308
FIRE:  311 12:59:27     -912.404160        0.557344
FIRE:  312 12:59:38     -912.486429        0.436327
FIRE:  313 12:59:49     -912.540047        0.277920
FIRE:  314 13:00:00     -912.544876        0.557595
FIRE:  315 13:00:11     -912.554438        0.517317
FIRE:  316 13:00:23     -912.570597        0.445404
FIRE:  317 13:00:34     -912.589336        0.355083
FIRE:  318 13:00:45     -912.606816        0.258699
FIRE:  319 13:00:56     -912.620195        0.164465
FIRE:  320 13:01:07     -912.628929        0.163196
FIRE:  321 13:01:18     -912.634054        0.223106
FIRE:  322 13:01:29     -912.637927        0.259769
FIRE:  323 13:01:41     -912.642581        0.266699
FIRE:  324 13:01:52     -912.649567        0.242132
FIRE:  325 13:02:03     -912.659334        0.188138
FIRE:  326 13:02:14     -912.670192        0.111406
FIRE:  327 13:02:25     -912.678550        0.061101
FIRE:  328 13:02:37     -912.681304        0.142346
FIRE:  329 13:02:48     -912.682269        0.085672
FIRE:  330 13:02:59     -912.683345        0.080406
FIRE:  331 13:03:10     -912.684599        0.124878
FIRE:  332 13:03:21     -912.686197        0.057618
FIRE:  333 13:03:32     -912.687367        0.062588
FIRE:  334 13:03:44     -912.688136        0.098362
FIRE:  335 13:03:55     -912.688851        0.027705
FIRE:  336 13:04:06     -912.689183        0.086369
FIRE:  337 13:04:17     -912.689273        0.068518
FIRE:  338 13:04:28     -912.689412        0.037321
FIRE:  339 13:04:39     -912.689552        0.035204
FIRE:  340 13:04:50     -912.689676        0.036008
FIRE:  341 13:05:01     -912.689812        0.055957
FIRE:  342 13:05:13     -912.689988        0.057052
FIRE:  343 13:05:24     -912.690197        0.040096
FIRE:  344 13:05:35     -912.690423        0.017034
FIRE:  345 13:05:46     -912.690625        0.029971
FIRE:  346 13:05:57     -912.690834        0.046871
FIRE:  347 13:06:08     -912.691096        0.029881
FIRE:  348 13:06:20     -912.691371        0.014978
FIRE:  349 13:06:31     -912.691649        0.041778
FIRE:  350 13:06:43     -912.692030        0.017165
FIRE:  351 13:06:54     -912.692440        0.034994
FIRE:  352 13:07:05     -912.692944        0.023304
FIRE:  353 13:07:16     -912.693460        0.043374
FIRE:  354 13:07:27     -912.694016        0.008792
MACE calculation complete. Energy written to MACE_OUTCAR: -912.694016 eV
Job ended on: Thu  5 Jun 12:07:28 UTC 2025
