Si Bulk DFT energetics calculations using VASP
Running on host: comp165
Working directory: /lustre/home/ah1365/projects/127870/upgrade_report/case_studies/common/structures/interfaces/120_Si36C84_012_012_a0.25_b0.018519_c1.680068_interface13shift1
Job started on: Thu  5 Jun 01:43:28 UTC 2025
cuequivariance or cuequivariance_torch is not available. Cuequivariance acceleration will be disabled.
Using Materials Project MACE for MACECalculator with /lustre/home/ah1365/.cache/mace/MACE_MPtrj_20229model
Using float64 for MACECalculator, which is slower but more accurate. Recommended for geometry optimization.
Using TorchDFTD3Calculator for D3 dispersion corrections
      Step     Time          Energy          fmax
FIRE:    0 02:44:23     -842.282549        4.435332
FIRE:    1 02:44:34     -847.873855        3.888769
FIRE:    2 02:44:45     -852.793555        3.417798
FIRE:    3 02:44:56     -857.112876        2.989060
FIRE:    4 02:45:06     -860.893815        2.596163
FIRE:    5 02:45:17     -864.179950        2.321486
FIRE:    6 02:45:27     -867.006118        2.066488
FIRE:    7 02:45:38     -869.408129        1.809133
FIRE:    8 02:45:48     -871.434447        1.710371
FIRE:    9 02:45:59     -873.144125        1.681987
FIRE:   10 02:46:09     -874.596067        1.640289
FIRE:   11 02:46:20     -875.830741        1.480381
FIRE:   12 02:46:30     -876.863918        1.243489
FIRE:   13 02:46:41     -877.705001        1.225595
FIRE:   14 02:46:52     -878.387254        1.274503
FIRE:   15 02:47:02     -878.979738        1.314670
FIRE:   16 02:47:13     -879.553973        1.468036
FIRE:   17 02:47:23     -880.118236        1.108556
FIRE:   18 02:47:34     -880.645597        1.170269
FIRE:   19 02:47:45     -881.167911        1.252657
FIRE:   20 02:47:55     -881.743286        1.285298
FIRE:   21 02:48:06     -882.388703        1.309197
FIRE:   22 02:48:16     -883.108694        1.421485
FIRE:   23 02:48:27     -883.900161        1.430981
FIRE:   24 02:48:38     -884.723682        1.276015
FIRE:   25 02:48:48     -885.549948        1.656898
FIRE:   26 02:48:59     -886.421558        2.123847
FIRE:   27 02:49:09     -887.421804        2.765930
FIRE:   28 02:49:20     -888.604741        3.335743
FIRE:   29 02:49:31     -889.967506        3.569304
FIRE:   30 02:49:41     -891.410515        3.187868
FIRE:   31 02:49:52     -892.747433        2.511035
FIRE:   32 02:50:02     -893.781857        2.565689
FIRE:   33 02:50:13     -894.534249        4.181535
FIRE:   34 02:50:23     -895.402659        4.627428
FIRE:   35 02:50:34     -896.492579        2.811044
FIRE:   36 02:50:44     -897.420140        1.569879
FIRE:   37 02:50:55     -898.085167        2.029216
FIRE:   38 02:51:05     -898.636737        3.043932
FIRE:   39 02:51:16     -899.204784        3.028956
FIRE:   40 02:51:26     -899.799074        2.203287
FIRE:   41 02:51:37     -900.380874        2.529843
FIRE:   42 02:51:47     -900.974611        2.763948
FIRE:   43 02:51:58     -901.646762        2.380364
FIRE:   44 02:52:08     -902.422869        2.046739
FIRE:   45 02:52:19     -903.264516        2.342585
FIRE:   46 02:52:29     -904.102067        2.517626
FIRE:   47 02:52:40     -904.909969        2.628096
FIRE:   48 02:52:50     -905.710744        2.653973
FIRE:   49 02:53:01     -906.516800        2.550115
FIRE:   50 02:53:11     -907.264851        2.429906
FIRE:   51 02:53:21     -907.849198        2.608635
FIRE:   52 02:53:32     -908.258041        2.792320
FIRE:   53 02:53:42     -908.603966        2.788593
FIRE:   54 02:53:53     -908.984495        2.591394
FIRE:   55 02:54:03     -909.400809        2.042808
FIRE:   56 02:54:14     -909.804756        2.057325
FIRE:   57 02:54:24     -910.181634        2.788820
FIRE:   58 02:54:35     -910.546293        3.103691
FIRE:   59 02:54:45     -910.905349        2.911993
FIRE:   60 02:54:55     -911.270366        2.410406
FIRE:   61 02:55:06     -911.637091        1.896812
FIRE:   62 02:55:16     -911.971178        1.725571
FIRE:   63 02:55:27     -912.247884        2.042456
FIRE:   64 02:55:37     -912.509117        2.394754
FIRE:   65 02:55:47     -912.842648        2.351973
FIRE:   66 02:55:58     -913.271739        1.843302
FIRE:   67 02:56:08     -913.701733        1.723256
FIRE:   68 02:56:19     -914.034954        1.797785
FIRE:   69 02:56:29     -914.293879        2.010829
FIRE:   70 02:56:40     -914.577486        2.221404
FIRE:   71 02:56:50     -914.912582        1.732679
FIRE:   72 02:57:00     -915.232753        1.120157
FIRE:   73 02:57:11     -915.500059        1.188518
FIRE:   74 02:57:21     -915.737677        1.470355
FIRE:   75 02:57:32     -915.965497        1.522751
FIRE:   76 02:57:42     -916.182955        1.246686
FIRE:   77 02:57:52     -916.383608        1.152587
FIRE:   78 02:58:03     -916.555534        1.176977
FIRE:   79 02:58:13     -916.683352        0.939211
FIRE:   80 02:58:24     -916.767446        1.248149
FIRE:   81 02:58:34     -917.168173        2.068808
FIRE:   82 02:58:45     -916.967216        5.609417
FIRE:   83 02:58:55     -917.228828        4.217008
FIRE:   84 02:59:05     -917.465929        2.882344
FIRE:   85 02:59:16     -917.664068        0.347226
FIRE:   86 02:59:26     -917.571440        3.117653
FIRE:   87 02:59:37     -917.609629        2.658906
FIRE:   88 02:59:47     -917.666582        1.850534
FIRE:   89 02:59:58     -917.716227        0.863705
FIRE:   90 03:00:08     -917.741301        0.316630
FIRE:   91 03:00:18     -917.743510        0.922500
FIRE:   92 03:00:29     -917.744861        0.899759
FIRE:   93 03:00:39     -917.747485        0.854724
FIRE:   94 03:00:50     -917.751240        0.788348
FIRE:   95 03:01:00     -917.755917        0.702174
FIRE:   96 03:01:10     -917.761288        0.598444
FIRE:   97 03:01:21     -917.767110        0.480246
FIRE:   98 03:01:31     -917.773170        0.351706
FIRE:   99 03:01:42     -917.779962        0.314141
FIRE:  100 03:01:52     -917.787469        0.313909
FIRE:  101 03:02:02     -917.795830        0.313562
FIRE:  102 03:02:13     -917.805491        0.313054
FIRE:  103 03:02:23     -917.817254        0.385093
FIRE:  104 03:02:34     -917.832153        0.424348
FIRE:  105 03:02:44     -917.850991        0.385328
FIRE:  106 03:02:55     -917.873809        0.308233
FIRE:  107 03:03:05     -917.899760        0.306006
FIRE:  108 03:03:15     -917.928135        0.303284
FIRE:  109 03:03:26     -917.959965        0.350943
FIRE:  110 03:03:36     -917.997424        0.326386
FIRE:  111 03:03:47     -918.040386        0.291973
FIRE:  112 03:03:57     -918.086176        0.286397
FIRE:  113 03:04:08     -918.136538        0.324258
FIRE:  114 03:04:18     -918.194428        0.300436
FIRE:  115 03:04:28     -918.256579        0.317909
FIRE:  116 03:04:39     -918.328103        0.328421
FIRE:  117 03:04:49     -918.406664        0.321501
FIRE:  118 03:05:00     -918.493903        0.286496
FIRE:  119 03:05:10     -918.581183        0.365848
FIRE:  120 03:05:21     -918.663589        0.395915
FIRE:  121 03:05:31     -918.732688        0.427479
FIRE:  122 03:05:41     -918.784702        0.603403
FIRE:  123 03:05:52     -918.808811        1.287912
FIRE:  124 03:06:02     -918.840834        0.277116
FIRE:  125 03:06:13     -918.835252        1.035721
FIRE:  126 03:06:23     -918.843138        0.786702
FIRE:  127 03:06:34     -918.852892        0.365783
FIRE:  128 03:06:44     -918.858221        0.218048
FIRE:  129 03:06:54     -918.858905        0.503857
FIRE:  130 03:07:05     -918.859523        0.479042
FIRE:  131 03:07:15     -918.860677        0.430582
FIRE:  132 03:07:26     -918.862220        0.360929
FIRE:  133 03:07:36     -918.863975        0.274027
FIRE:  134 03:07:47     -918.865768        0.206650
FIRE:  135 03:07:57     -918.867482        0.204599
FIRE:  136 03:08:08     -918.869094        0.202169
FIRE:  137 03:08:18     -918.870843        0.199065
FIRE:  138 03:08:29     -918.872942        0.228913
FIRE:  139 03:08:39     -918.875691        0.258108
FIRE:  140 03:08:49     -918.879370        0.247136
FIRE:  141 03:09:00     -918.884027        0.191217
FIRE:  142 03:09:10     -918.889395        0.169561
FIRE:  143 03:09:21     -918.895132        0.159543
FIRE:  144 03:09:31     -918.901447        0.202702
FIRE:  145 03:09:42     -918.909040        0.202230
FIRE:  146 03:09:52     -918.917968        0.117621
FIRE:  147 03:10:02     -918.927304        0.126686
FIRE:  148 03:10:13     -918.937363        0.174344
FIRE:  149 03:10:23     -918.948926        0.091644
FIRE:  150 03:10:34     -918.960605        0.172178
FIRE:  151 03:10:44     -918.973612        0.104908
FIRE:  152 03:10:55     -918.986792        0.176099
FIRE:  153 03:11:05     -919.001370        0.078592
FIRE:  154 03:11:15     -919.015886        0.202147
FIRE:  155 03:11:26     -919.031290        0.227418
FIRE:  156 03:11:36     -919.047867        0.218630
FIRE:  157 03:11:47     -919.065101        0.268281
FIRE:  158 03:11:57     -919.079612        0.610650
FIRE:  159 03:12:07     -919.065141        1.671425
FIRE:  160 03:12:18     -919.105577        0.263481
FIRE:  161 03:12:28     -919.106263        0.196654
FIRE:  162 03:12:39     -919.107152        0.080508
FIRE:  163 03:12:49     -919.107778        0.058507
FIRE:  164 03:12:59     -919.108240        0.149004
FIRE:  165 03:13:10     -919.109018        0.178170
FIRE:  166 03:13:20     -919.110284        0.143121
FIRE:  167 03:13:31     -919.111729        0.059700
FIRE:  168 03:13:41     -919.113115        0.081543
FIRE:  169 03:13:51     -919.114579        0.151335
FIRE:  170 03:14:02     -919.116679        0.121225
FIRE:  171 03:14:12     -919.119158        0.059010
FIRE:  172 03:14:23     -919.121588        0.121991
FIRE:  173 03:14:33     -919.124778        0.067162
FIRE:  174 03:14:43     -919.128069        0.117621
FIRE:  175 03:14:54     -919.132007        0.076608
FIRE:  176 03:15:04     -919.136106        0.144578
FIRE:  177 03:15:15     -919.141359        0.069784
FIRE:  178 03:15:25     -919.147142        0.091322
FIRE:  179 03:15:35     -919.153567        0.219928
FIRE:  180 03:15:46     -919.160204        0.413194
FIRE:  181 03:15:56     -919.162728        0.842077
FIRE:  182 03:16:07     -919.173922        0.109602
FIRE:  183 03:16:17     -919.166809        0.715336
FIRE:  184 03:16:27     -919.170388        0.551466
FIRE:  185 03:16:38     -919.174521        0.255079
FIRE:  186 03:16:48     -919.175722        0.113354
FIRE:  187 03:16:59     -919.175777        0.113415
FIRE:  188 03:17:09     -919.175880        0.113537
FIRE:  189 03:17:19     -919.176022        0.113721
FIRE:  190 03:17:30     -919.176191        0.113969
FIRE:  191 03:17:40     -919.176377        0.114284
FIRE:  192 03:17:51     -919.176575        0.114670
FIRE:  193 03:18:01     -919.176788        0.115126
FIRE:  194 03:18:12     -919.177050        0.115714
FIRE:  195 03:18:22     -919.177386        0.116462
FIRE:  196 03:18:33     -919.177824        0.117410
FIRE:  197 03:18:43     -919.178392        0.118613
FIRE:  198 03:18:53     -919.179107        0.120146
FIRE:  199 03:19:04     -919.179973        0.122120
FIRE:  200 03:19:14     -919.181029        0.124688
FIRE:  201 03:19:25     -919.182350        0.128048
FIRE:  202 03:19:35     -919.184042        0.132495
FIRE:  203 03:19:45     -919.186162        0.138501
FIRE:  204 03:19:56     -919.188825        0.146824
FIRE:  205 03:20:06     -919.192297        0.158665
FIRE:  206 03:20:17     -919.196885        0.176143
FIRE:  207 03:20:27     -919.203133        0.203073
FIRE:  208 03:20:37     -919.212210        0.246229
FIRE:  209 03:20:48     -919.226349        0.317722
FIRE:  210 03:20:58     -919.250841        0.435768
FIRE:  211 03:21:09     -919.297553        0.613776
FIRE:  212 03:21:19     -919.389825        0.815106
FIRE:  213 03:21:30     -919.554635        0.930017
FIRE:  214 03:21:40     -919.772148        0.686890
FIRE:  215 03:21:50     -919.813286        1.203246
FIRE:  216 03:22:01     -919.842080        0.943321
FIRE:  217 03:22:11     -919.877525        0.507962
FIRE:  218 03:22:22     -919.896361        0.186621
FIRE:  219 03:22:32     -919.895628        0.380123
FIRE:  220 03:22:43     -919.897026        0.356553
FIRE:  221 03:22:53     -919.899573        0.310910
FIRE:  222 03:23:03     -919.902829        0.246239
FIRE:  223 03:23:14     -919.906269        0.177810
FIRE:  224 03:23:24     -919.909417        0.151065
FIRE:  225 03:23:35     -919.911966        0.122468
FIRE:  226 03:23:45     -919.913900        0.105901
FIRE:  227 03:23:56     -919.915606        0.175272
FIRE:  228 03:24:06     -919.917441        0.224801
FIRE:  229 03:24:16     -919.919873        0.243838
FIRE:  230 03:24:27     -919.923191        0.225621
FIRE:  231 03:24:37     -919.927224        0.170456
FIRE:  232 03:24:48     -919.931286        0.098344
FIRE:  233 03:24:58     -919.934612        0.085546
FIRE:  234 03:25:09     -919.937122        0.124340
FIRE:  235 03:25:19     -919.939357        0.131671
FIRE:  236 03:25:29     -919.941631        0.102132
FIRE:  237 03:25:40     -919.943725        0.085441
FIRE:  238 03:25:50     -919.945151        0.080100
FIRE:  239 03:26:01     -919.946484        0.089295
FIRE:  240 03:26:11     -919.948701        0.061899
FIRE:  241 03:26:21     -919.950489        0.083911
FIRE:  242 03:26:32     -919.950972        0.067628
FIRE:  243 03:26:42     -919.951529        0.050898
FIRE:  244 03:26:53     -919.952054        0.027923
FIRE:  245 03:27:03     -919.952412        0.046057
FIRE:  246 03:27:14     -919.952867        0.040738
FIRE:  247 03:27:24     -919.953493        0.037163
FIRE:  248 03:27:34     -919.954141        0.037358
FIRE:  249 03:27:45     -919.954732        0.030191
FIRE:  250 03:27:55     -919.955153        0.031256
FIRE:  251 03:28:06     -919.955477        0.046239
FIRE:  252 03:28:16     -919.955814        0.050331
FIRE:  253 03:28:27     -919.956037        0.052931
FIRE:  254 03:28:37     -919.956109        0.019201
FIRE:  255 03:28:47     -919.956147        0.033543
FIRE:  256 03:28:58     -919.956157        0.027736
FIRE:  257 03:29:08     -919.956173        0.017247
FIRE:  258 03:29:19     -919.956190        0.015432
FIRE:  259 03:29:29     -919.956205        0.015380
FIRE:  260 03:29:40     -919.956222        0.017718
FIRE:  261 03:29:50     -919.956242        0.020634
FIRE:  262 03:30:01     -919.956269        0.017474
FIRE:  263 03:30:11     -919.956301        0.015029
FIRE:  264 03:30:22     -919.956340        0.014884
FIRE:  265 03:30:32     -919.956379        0.015908
FIRE:  266 03:30:43     -919.956429        0.017026
FIRE:  267 03:30:53     -919.956491        0.014230
FIRE:  268 03:31:04     -919.956558        0.013916
FIRE:  269 03:31:14     -919.956636        0.013536
FIRE:  270 03:31:25     -919.956724        0.013083
FIRE:  271 03:31:35     -919.956819        0.015472
FIRE:  272 03:31:45     -919.956924        0.011918
FIRE:  273 03:31:56     -919.957033        0.011175
FIRE:  274 03:32:06     -919.957145        0.017974
FIRE:  275 03:32:17     -919.957273        0.013028
FIRE:  276 03:32:27     -919.957413        0.015723
FIRE:  277 03:32:38     -919.957550        0.028671
FIRE:  278 03:32:48     -919.957622        0.078555
FIRE:  279 03:32:59     -919.957721        0.005639
MACE calculation complete. Energy written to MACE_OUTCAR: -919.957721 eV
Job ended on: Thu  5 Jun 02:32:59 UTC 2025
