Si Bulk DFT energetics calculations using VASP
Running on host: comp145
Working directory: /lustre/home/ah1365/projects/127870/upgrade_report/case_studies/common/structures/interfaces/120_Si36C84_012_012_a0.0_b0.0_c0.0_interface15shift1
Job started on: Thu  5 Jun 00:25:00 UTC 2025
cuequivariance or cuequivariance_torch is not available. Cuequivariance acceleration will be disabled.
Using Materials Project MACE for MACECalculator with /lustre/home/ah1365/.cache/mace/MACE_MPtrj_20229model
Using float64 for MACECalculator, which is slower but more accurate. Recommended for geometry optimization.
Using TorchDFTD3Calculator for D3 dispersion corrections
      Step     Time          Energy          fmax
FIRE:    0 01:25:27     1474.686255     2341.093906
FIRE:    1 01:25:39      993.320354      914.089561
FIRE:    2 01:25:52      525.233126     2138.172701
FIRE:    3 01:26:04       19.279767     1273.718993
FIRE:    4 01:26:16     -255.914639      545.317930
FIRE:    5 01:26:28     -393.757540      254.332203
FIRE:    6 01:26:40     -477.050204      181.592080
FIRE:    7 01:26:52     -534.067583      109.169785
FIRE:    8 01:27:05     -577.054793      118.890529
FIRE:    9 01:27:17     -614.092968      120.386431
FIRE:   10 01:27:29     -648.282364      111.119778
FIRE:   11 01:27:41     -681.353528       95.868042
FIRE:   12 01:27:53     -712.260804       76.394608
FIRE:   13 01:28:05     -739.239901       54.573166
FIRE:   14 01:28:17     -761.208194       36.585301
FIRE:   15 01:28:29     -778.410684       25.575689
FIRE:   16 01:28:42     -791.551317       18.432489
FIRE:   17 01:28:54     -801.462346       15.670334
FIRE:   18 01:29:06     -808.751015       14.053980
FIRE:   19 01:29:18     -814.102808       12.226069
FIRE:   20 01:29:30     -818.225403       10.218890
FIRE:   21 01:29:42     -821.595300       10.348092
FIRE:   22 01:29:55     -824.500235        9.669165
FIRE:   23 01:30:07     -827.069173        9.617780
FIRE:   24 01:30:19     -829.362703        9.507374
FIRE:   25 01:30:31     -831.420226        9.200107
FIRE:   26 01:30:43     -833.277118        8.839447
FIRE:   27 01:30:56     -834.966416        8.455420
FIRE:   28 01:31:08     -836.517697        8.035002
FIRE:   29 01:31:20     -837.969028        7.562072
FIRE:   30 01:31:32     -839.378073        7.025320
FIRE:   31 01:31:44     -840.811933        6.423159
FIRE:   32 01:31:57     -842.305798        5.767130
FIRE:   33 01:32:09     -843.868181        5.986261
FIRE:   34 01:32:21     -845.481243        6.238075
FIRE:   35 01:32:33     -847.114628        6.187287
FIRE:   36 01:32:45     -848.735209        5.853109
FIRE:   37 01:32:57     -850.319556        5.266817
FIRE:   38 01:33:10     -851.864832        4.698101
FIRE:   39 01:33:22     -853.384584        5.252946
FIRE:   40 01:33:34     -854.898232        5.674783
FIRE:   41 01:33:46     -856.414654        5.474319
FIRE:   42 01:33:58     -857.919529        5.430724
FIRE:   43 01:34:11     -859.391058        5.174067
FIRE:   44 01:34:23     -860.830500        4.943087
FIRE:   45 01:34:35     -862.260295        5.380172
FIRE:   46 01:34:47     -863.696583        5.451857
FIRE:   47 01:35:00     -865.124031        5.042421
FIRE:   48 01:35:12     -866.485426        4.267478
FIRE:   49 01:35:24     -867.703128        4.335579
FIRE:   50 01:35:37     -868.725572        4.755565
FIRE:   51 01:35:49     -869.567385        5.124388
FIRE:   52 01:36:01     -870.303099        5.103314
FIRE:   53 01:36:14     -871.016126        4.494268
FIRE:   54 01:36:26     -871.745398        4.907687
FIRE:   55 01:36:38     -872.471131        5.286128
FIRE:   56 01:36:50     -873.152359        5.118604
FIRE:   57 01:37:03     -873.777511        4.515729
FIRE:   58 01:37:15     -874.383447        4.008012
FIRE:   59 01:37:27     -875.033251        4.248008
FIRE:   60 01:37:40     -875.770704        3.863926
FIRE:   61 01:37:52     -876.586843        3.469782
FIRE:   62 01:38:05     -877.421276        3.463823
FIRE:   63 01:38:17     -878.193419        3.292194
FIRE:   64 01:38:29     -878.837885        2.889813
FIRE:   65 01:38:42     -879.325899        3.199541
FIRE:   66 01:38:54     -879.686627        3.986724
FIRE:   67 01:39:06     -880.018005        4.602932
FIRE:   68 01:39:18     -880.460045        4.913188
FIRE:   69 01:39:31     -881.093963        4.812641
FIRE:   70 01:39:43     -881.848638        4.288129
FIRE:   71 01:39:55     -882.559502        3.422387
FIRE:   72 01:40:07     -883.108560        2.339401
FIRE:   73 01:40:19     -883.476440        2.360285
FIRE:   74 01:40:32     -883.707824        2.647000
FIRE:   75 01:40:44     -886.099661        1.866047
FIRE:   76 01:40:56     -887.326088        1.396190
FIRE:   77 01:41:08     -888.106424        1.520625
FIRE:   78 01:41:21     -888.825443        1.583065
FIRE:   79 01:41:33     -889.476582        1.491265
FIRE:   80 01:41:45     -890.036468        1.414076
FIRE:   81 01:41:57     -890.542148        1.070155
FIRE:   82 01:42:10     -890.942660        1.150342
FIRE:   83 01:42:22     -891.203311        1.772497
FIRE:   84 01:42:34     -891.839729        0.917976
FIRE:   85 01:42:46     -892.113185        0.972907
FIRE:   86 01:42:59     -892.455360        0.708628
FIRE:   87 01:43:11     -892.875666        0.919952
FIRE:   88 01:43:23     -893.282823        0.679007
FIRE:   89 01:43:35     -893.628425        0.874967
FIRE:   90 01:43:48     -893.973429        0.560952
FIRE:   91 01:44:00     -894.254155        0.553639
FIRE:   92 01:44:12     -894.504560        0.575866
FIRE:   93 01:44:24     -894.754260        0.756428
FIRE:   94 01:44:37     -895.053401        0.965580
FIRE:   95 01:44:49     -895.376203        0.898805
FIRE:   96 01:45:01     -895.654976        0.466749
FIRE:   97 01:45:13     -895.766682        1.125236
FIRE:   98 01:45:26     -895.875493        0.416061
FIRE:   99 01:45:38     -895.941441        0.361409
FIRE:  100 01:45:50     -895.997306        0.573564
FIRE:  101 01:46:02     -896.067423        0.692206
FIRE:  102 01:46:14     -896.174867        0.582696
FIRE:  103 01:46:27     -896.278081        0.263465
FIRE:  104 01:46:39     -896.345553        0.478946
FIRE:  105 01:46:51     -896.405691        0.619641
FIRE:  106 01:47:03     -896.485953        0.360192
FIRE:  107 01:47:16     -896.536119        0.538059
FIRE:  108 01:47:28     -896.554435        0.297384
FIRE:  109 01:47:40     -896.569479        0.288098
FIRE:  110 01:47:53     -896.580911        0.422755
FIRE:  111 01:48:05     -896.596357        0.196345
FIRE:  112 01:48:17     -896.607903        0.274464
FIRE:  113 01:48:29     -896.617951        0.380292
FIRE:  114 01:48:41     -896.634625        0.219178
FIRE:  115 01:48:54     -896.650430        0.253307
FIRE:  116 01:49:06     -896.662480        0.294483
FIRE:  117 01:49:18     -896.675570        0.177763
FIRE:  118 01:49:31     -896.689947        0.287683
FIRE:  119 01:49:43     -896.707179        0.226320
FIRE:  120 01:49:55     -896.724131        0.165970
FIRE:  121 01:50:07     -896.742735        0.324437
FIRE:  122 01:50:20     -896.761755        0.581388
FIRE:  123 01:50:32     -896.771647        0.151985
FIRE:  124 01:50:44     -896.771885        0.394806
FIRE:  125 01:50:56     -896.773532        0.316302
FIRE:  126 01:51:09     -896.775835        0.176998
FIRE:  127 01:51:21     -896.777604        0.087394
FIRE:  128 01:51:33     -896.778485        0.143330
FIRE:  129 01:51:46     -896.779261        0.235463
FIRE:  130 01:51:58     -896.780849        0.255334
FIRE:  131 01:52:10     -896.783453        0.205523
FIRE:  132 01:52:22     -896.786854        0.093233
FIRE:  133 01:52:35     -896.790113        0.089468
FIRE:  134 01:52:47     -896.793264        0.201087
FIRE:  135 01:52:59     -896.797937        0.203400
FIRE:  136 01:53:11     -896.804525        0.102565
FIRE:  137 01:53:23     -896.811506        0.132144
FIRE:  138 01:53:36     -896.820436        0.166490
FIRE:  139 01:53:48     -896.832781        0.114436
FIRE:  140 01:54:00     -896.847483        0.184227
FIRE:  141 01:54:12     -896.868373        0.132464
FIRE:  142 01:54:25     -896.895108        0.166093
FIRE:  143 01:54:37     -896.931620        0.149442
FIRE:  144 01:54:49     -896.978438        0.146677
FIRE:  145 01:55:02     -897.034431        0.180363
FIRE:  146 01:55:14     -897.099095        0.303834
FIRE:  147 01:55:26     -897.157965        0.894141
FIRE:  148 01:55:39     -897.088169        2.777096
FIRE:  149 01:55:51     -897.231159        0.907754
FIRE:  150 01:56:03     -897.243199        0.654742
FIRE:  151 01:56:15     -897.256477        0.205501
FIRE:  152 01:56:28     -897.260730        0.317468
FIRE:  153 01:56:40     -897.261459        0.292649
FIRE:  154 01:56:52     -897.262807        0.245271
FIRE:  155 01:57:05     -897.264587        0.179886
FIRE:  156 01:57:17     -897.266602        0.161054
FIRE:  157 01:57:29     -897.268712        0.157660
FIRE:  158 01:57:41     -897.270884        0.153763
FIRE:  159 01:57:54     -897.273191        0.149483
FIRE:  160 01:58:06     -897.276047        0.155502
FIRE:  161 01:58:18     -897.279711        0.166888
FIRE:  162 01:58:30     -897.284346        0.145652
FIRE:  163 01:58:43     -897.289907        0.147063
FIRE:  164 01:58:55     -897.296149        0.147900
FIRE:  165 01:59:07     -897.302994        0.147768
FIRE:  166 01:59:20     -897.310873        0.146009
FIRE:  167 01:59:32     -897.320140        0.141873
FIRE:  168 01:59:44     -897.330298        0.134522
FIRE:  169 01:59:56     -897.341183        0.122674
FIRE:  170 02:00:09     -897.353533        0.105151
FIRE:  171 02:00:21     -897.366552        0.096353
FIRE:  172 02:00:34     -897.380355        0.096569
FIRE:  173 02:00:46     -897.394322        0.092618
FIRE:  174 02:00:58     -897.408033        0.049750
FIRE:  175 02:01:11     -897.419994        0.158317
FIRE:  176 02:01:23     -897.429830        0.157809
FIRE:  177 02:01:35     -897.437264        0.175964
FIRE:  178 02:01:47     -897.441653        0.194922
FIRE:  179 02:02:00     -897.443273        0.071537
FIRE:  180 02:02:12     -897.443880        0.134577
FIRE:  181 02:02:24     -897.444123        0.112999
FIRE:  182 02:02:36     -897.444510        0.074164
FIRE:  183 02:02:49     -897.444915        0.064314
FIRE:  184 02:03:01     -897.445279        0.062987
FIRE:  185 02:03:13     -897.445658        0.067705
FIRE:  186 02:03:26     -897.446144        0.077028
FIRE:  187 02:03:38     -897.446771        0.068644
FIRE:  188 02:03:50     -897.447555        0.052898
FIRE:  189 02:04:02     -897.448385        0.050609
FIRE:  190 02:04:15     -897.449218        0.065169
FIRE:  191 02:04:27     -897.450202        0.071070
FIRE:  192 02:04:39     -897.451367        0.038430
FIRE:  193 02:04:51     -897.452445        0.042667
FIRE:  194 02:05:04     -897.453533        0.049550
FIRE:  195 02:05:16     -897.454636        0.020687
FIRE:  196 02:05:28     -897.455516        0.055253
FIRE:  197 02:05:40     -897.456345        0.023441
FIRE:  198 02:05:53     -897.456929        0.032817
FIRE:  199 02:06:05     -897.457326        0.056213
FIRE:  200 02:06:17     -897.457714        0.034585
FIRE:  201 02:06:30     -897.457788        0.022698
FIRE:  202 02:06:42     -897.457881        0.021466
FIRE:  203 02:06:54     -897.457989        0.023975
FIRE:  204 02:07:07     -897.458153        0.022125
FIRE:  205 02:07:19     -897.458355        0.020680
FIRE:  206 02:07:31     -897.458552        0.022532
FIRE:  207 02:07:44     -897.458766        0.024452
FIRE:  208 02:07:56     -897.459036        0.026637
FIRE:  209 02:08:08     -897.459323        0.030416
FIRE:  210 02:08:21     -897.459687        0.036230
FIRE:  211 02:08:33     -897.460129        0.045569
FIRE:  212 02:08:45     -897.460760        0.059709
FIRE:  213 02:08:57     -897.461774        0.083434
FIRE:  214 02:09:10     -897.463791        0.126277
FIRE:  215 02:09:22     -897.468511        0.207684
FIRE:  216 02:09:34     -897.482043        0.384539
FIRE:  217 02:09:47     -897.529143        0.756231
FIRE:  218 02:09:59     -897.688322        1.159143
FIRE:  219 02:10:11     -898.080133        1.823493
FIRE:  220 02:10:23     -898.436126        0.844278
FIRE:  221 02:10:36     -898.303444        3.826828
FIRE:  222 02:10:48     -898.608327        0.612691
FIRE:  223 02:11:00     -898.624226        0.458652
FIRE:  224 02:11:12     -898.640937        0.261102
FIRE:  225 02:11:25     -898.650909        0.413494
FIRE:  226 02:11:37     -898.661457        0.410993
FIRE:  227 02:11:49     -898.676327        0.422365
FIRE:  228 02:12:01     -898.691027        0.355973
FIRE:  229 02:12:13     -898.704278        0.299766
FIRE:  230 02:12:26     -898.719218        0.380455
FIRE:  231 02:12:38     -898.732143        0.399137
FIRE:  232 02:12:50     -898.743559        0.302460
FIRE:  233 02:13:03     -898.753540        0.243178
FIRE:  234 02:13:15     -898.757372        0.397322
FIRE:  235 02:13:27     -898.759658        0.334688
FIRE:  236 02:13:39     -898.762432        0.224428
FIRE:  237 02:13:52     -898.764018        0.107952
FIRE:  238 02:14:04     -898.764670        0.177286
FIRE:  239 02:14:16     -898.765668        0.178894
FIRE:  240 02:14:28     -898.767358        0.211936
FIRE:  241 02:14:41     -898.769119        0.192193
FIRE:  242 02:14:53     -898.770642        0.131116
FIRE:  243 02:15:05     -898.772250        0.138446
FIRE:  244 02:15:17     -898.774220        0.142583
FIRE:  245 02:15:30     -898.776007        0.133856
FIRE:  246 02:15:42     -898.778092        0.114128
FIRE:  247 02:15:54     -898.780280        0.091006
FIRE:  248 02:16:07     -898.782072        0.124322
FIRE:  249 02:16:19     -898.785461        0.059771
FIRE:  250 02:16:32     -898.787968        0.135631
FIRE:  251 02:16:44     -898.791228        0.118890
FIRE:  252 02:16:56     -898.794461        0.114916
FIRE:  253 02:17:09     -898.797007        0.151169
FIRE:  254 02:17:21     -898.798031        0.042474
FIRE:  255 02:17:33     -898.798133        0.107520
FIRE:  256 02:17:46     -898.798280        0.087780
FIRE:  257 02:17:58     -898.798491        0.052193
FIRE:  258 02:18:10     -898.798660        0.041206
FIRE:  259 02:18:23     -898.798750        0.040391
FIRE:  260 02:18:35     -898.798827        0.060173
FIRE:  261 02:18:47     -898.798975        0.068009
FIRE:  262 02:19:00     -898.799213        0.056983
FIRE:  263 02:19:12     -898.799522        0.040386
FIRE:  264 02:19:24     -898.799820        0.040371
FIRE:  265 02:19:37     -898.800104        0.049821
FIRE:  266 02:19:49     -898.800507        0.053944
FIRE:  267 02:20:02     -898.801065        0.039917
FIRE:  268 02:20:14     -898.801634        0.039808
FIRE:  269 02:20:26     -898.802327        0.046948
FIRE:  270 02:20:39     -898.803236        0.039098
FIRE:  271 02:20:51     -898.804223        0.049445
FIRE:  272 02:21:03     -898.805520        0.036788
FIRE:  273 02:21:16     -898.806967        0.048236
FIRE:  274 02:21:28     -898.808755        0.039410
FIRE:  275 02:21:40     -898.810840        0.045781
FIRE:  276 02:21:52     -898.813196        0.082770
FIRE:  277 02:22:05     -898.815503        0.192125
FIRE:  278 02:22:17     -898.815292        0.502558
FIRE:  279 02:22:29     -898.819463        0.031078
FIRE:  280 02:22:42     -898.819496        0.026983
FIRE:  281 02:22:54     -898.819558        0.027016
FIRE:  282 02:23:06     -898.819641        0.027073
FIRE:  283 02:23:19     -898.819746        0.027158
FIRE:  284 02:23:31     -898.819882        0.027277
FIRE:  285 02:23:43     -898.820047        0.027428
FIRE:  286 02:23:56     -898.820239        0.027609
FIRE:  287 02:24:08     -898.820479        0.027834
FIRE:  288 02:24:20     -898.820779        0.028103
FIRE:  289 02:24:33     -898.821165        0.028418
FIRE:  290 02:24:45     -898.821646        0.028803
FIRE:  291 02:24:57     -898.822244        0.029318
FIRE:  292 02:25:10     -898.822998        0.030046
FIRE:  293 02:25:22     -898.823939        0.031043
FIRE:  294 02:25:34     -898.825129        0.032307
FIRE:  295 02:25:47     -898.826626        0.033932
FIRE:  296 02:25:59     -898.828533        0.036220
FIRE:  297 02:26:11     -898.830990        0.039322
FIRE:  298 02:26:24     -898.834194        0.043395
FIRE:  299 02:26:36     -898.838445        0.049741
FIRE:  300 02:26:48     -898.844205        0.059128
FIRE:  301 02:27:01     -898.851427        0.203786
FIRE:  302 02:27:13     -898.847407        0.912665
FIRE:  303 02:27:26     -898.862650        0.378366
FIRE:  304 02:27:38     -898.864116        0.246790
FIRE:  305 02:27:50     -898.865438        0.102108
FIRE:  306 02:28:03     -898.865538        0.184422
FIRE:  307 02:28:15     -898.865663        0.167969
FIRE:  308 02:28:27     -898.865886        0.136622
FIRE:  309 02:28:40     -898.866161        0.103335
FIRE:  310 02:28:52     -898.866441        0.103771
FIRE:  311 02:29:04     -898.866702        0.104321
FIRE:  312 02:29:17     -898.866949        0.104981
FIRE:  313 02:29:29     -898.867217        0.105739
FIRE:  314 02:29:41     -898.867585        0.106677
FIRE:  315 02:29:54     -898.868110        0.107832
FIRE:  316 02:30:06     -898.868825        0.109263
FIRE:  317 02:30:19     -898.869715        0.111072
FIRE:  318 02:30:33     -898.870757        0.113417
FIRE:  319 02:30:46     -898.872027        0.116506
FIRE:  320 02:30:58     -898.873708        0.120582
FIRE:  321 02:31:11     -898.875933        0.125973
FIRE:  322 02:31:23     -898.878718        0.133126
FIRE:  323 02:31:35     -898.882330        0.142511
FIRE:  324 02:31:48     -898.887231        0.154706
FIRE:  325 02:32:00     -898.893733        0.170748
FIRE:  326 02:32:12     -898.902762        0.192177
FIRE:  327 02:32:24     -898.915501        0.221067
FIRE:  328 02:32:37     -898.934082        0.258995
FIRE:  329 02:32:49     -898.961764        0.304153
FIRE:  330 02:33:01     -899.003605        0.338638
FIRE:  331 02:33:14     -899.063486        0.280707
FIRE:  332 02:33:26     -899.130447        0.236200
FIRE:  333 02:33:38     -899.185117        0.502886
FIRE:  334 02:33:51     -899.251292        0.812016
FIRE:  335 02:34:03     -899.244965        3.124883
FIRE:  336 02:34:15     -899.359992        1.643323
FIRE:  337 02:34:28     -899.384649        1.090484
FIRE:  338 02:34:40     -899.408294        0.379886
FIRE:  339 02:34:52     -899.413862        0.814948
FIRE:  340 02:35:05     -899.416369        0.735248
FIRE:  341 02:35:17     -899.420820        0.585034
FIRE:  342 02:35:29     -899.426319        0.383613
FIRE:  343 02:35:42     -899.432001        0.384744
FIRE:  344 02:35:54     -899.437419        0.386261
FIRE:  345 02:36:06     -899.442756        0.388208
FIRE:  346 02:36:19     -899.448664        0.409231
FIRE:  347 02:36:31     -899.456669        0.470848
FIRE:  348 02:36:43     -899.467689        0.435257
FIRE:  349 02:36:55     -899.482005        0.403240
FIRE:  350 02:37:08     -899.499008        0.410116
FIRE:  351 02:37:20     -899.518259        0.418764
FIRE:  352 02:37:32     -899.541392        0.428945
FIRE:  353 02:37:45     -899.571369        0.439327
FIRE:  354 02:37:57     -899.608638        0.446185
FIRE:  355 02:38:09     -899.652337        0.439962
FIRE:  356 02:38:22     -899.706067        0.399938
FIRE:  357 02:38:34     -899.769510        0.293296
FIRE:  358 02:38:46     -899.835806        0.352501
FIRE:  359 02:38:59     -899.904727        0.444819
FIRE:  360 02:39:11     -899.980466        0.554184
FIRE:  361 02:39:23     -900.086645        0.668898
FIRE:  362 02:39:36     -900.243124        0.908205
FIRE:  363 02:39:48     -900.491120        1.210048
FIRE:  364 02:40:01     -900.798140        0.913751
FIRE:  365 02:40:13     -901.049290        1.111454
FIRE:  366 02:40:25     -901.226004        1.679610
FIRE:  367 02:40:37     -901.373489        0.620238
FIRE:  368 02:40:50     -901.408125        1.406258
FIRE:  369 02:41:02     -901.481624        0.374619
FIRE:  370 02:41:14     -901.516340        1.155053
FIRE:  371 02:41:27     -901.530086        0.923567
FIRE:  372 02:41:39     -901.548366        0.536106
FIRE:  373 02:41:51     -901.561925        0.264057
FIRE:  374 02:42:04     -901.570937        0.583243
FIRE:  375 02:42:16     -901.582424        0.713972
FIRE:  376 02:42:28     -901.600053        0.626801
FIRE:  377 02:42:41     -901.620899        0.363740
FIRE:  378 02:42:53     -901.641149        0.227660
FIRE:  379 02:43:05     -901.658334        0.434014
FIRE:  380 02:43:17     -901.680036        0.530779
FIRE:  381 02:43:30     -901.713033        0.328001
FIRE:  382 02:43:42     -901.755029        0.481707
FIRE:  383 02:43:54     -901.817753        0.737045
FIRE:  384 02:44:07     -901.932637        1.099706
FIRE:  385 02:44:19     -902.135863        1.593310
FIRE:  386 02:44:31     -902.572801        2.778590
FIRE:  387 02:44:44     -903.190997        1.888772
FIRE:  388 02:44:56     -903.159013        3.951995
FIRE:  389 02:45:08     -903.365856        1.741460
FIRE:  390 02:45:21     -903.436626        0.888516
FIRE:  391 02:45:33     -903.443234        0.793907
FIRE:  392 02:45:45     -903.454591        0.613221
FIRE:  393 02:45:58     -903.467794        0.366934
FIRE:  394 02:46:10     -903.480289        0.308645
FIRE:  395 02:46:22     -903.491266        0.346528
FIRE:  396 02:46:35     -903.501943        0.430557
FIRE:  397 02:46:47     -903.514213        0.536500
FIRE:  398 02:46:59     -903.530612        0.517362
FIRE:  399 02:47:12     -903.550571        0.350073
FIRE:  400 02:47:24     -903.571196        0.309913
FIRE:  401 02:47:36     -903.590788        0.339191
FIRE:  402 02:47:49     -903.612793        0.442434
FIRE:  403 02:48:01     -903.641378        0.422404
FIRE:  404 02:48:13     -903.675538        0.476957
FIRE:  405 02:48:26     -903.716813        0.535248
FIRE:  406 02:48:38     -903.774831        0.578645
FIRE:  407 02:48:50     -903.850952        0.568359
FIRE:  408 02:49:03     -903.944368        0.462128
FIRE:  409 02:49:15     -904.044420        0.231967
FIRE:  410 02:49:27     -904.083996        1.033659
FIRE:  411 02:49:40     -904.099491        0.862748
FIRE:  412 02:49:52     -904.121278        0.576288
FIRE:  413 02:50:04     -904.140029        0.257619
FIRE:  414 02:50:17     -904.153845        0.234552
FIRE:  415 02:50:29     -904.166052        0.381836
FIRE:  416 02:50:41     -904.179654        0.437477
FIRE:  417 02:50:54     -904.196475        0.415776
FIRE:  418 02:51:06     -904.219640        0.367245
FIRE:  419 02:51:19     -904.248599        0.290249
FIRE:  420 02:51:31     -904.281175        0.221209
FIRE:  421 02:51:43     -904.318627        0.275775
FIRE:  422 02:51:56     -904.367218        0.348617
FIRE:  423 02:52:08     -904.437547        0.643275
FIRE:  424 02:52:21     -904.570059        1.336706
FIRE:  425 02:52:33     -904.955778        2.470226
FIRE:  426 02:52:45     -905.504597        1.340457
FIRE:  427 02:52:58     -905.665787        1.781593
FIRE:  428 02:53:10     -905.749921        0.890046
FIRE:  429 02:53:23     -905.804891        0.713039
FIRE:  430 02:53:35     -905.816872        1.205358
FIRE:  431 02:53:47     -905.827105        1.058854
FIRE:  432 02:54:00     -905.843087        0.791540
FIRE:  433 02:54:12     -905.858625        0.452993
FIRE:  434 02:54:24     -905.869778        0.399630
FIRE:  435 02:54:37     -905.877398        0.427058
FIRE:  436 02:54:49     -905.885159        0.496329
FIRE:  437 02:55:01     -905.895483        0.530929
FIRE:  438 02:55:14     -905.909624        0.473059
FIRE:  439 02:55:26     -905.925724        0.308184
FIRE:  440 02:55:39     -905.941870        0.353302
FIRE:  441 02:55:51     -905.958296        0.357349
FIRE:  442 02:56:03     -905.974504        0.292178
FIRE:  443 02:56:16     -905.987921        0.348675
FIRE:  444 02:56:28     -906.002128        0.377978
FIRE:  445 02:56:40     -906.018165        0.201014
FIRE:  446 02:56:53     -906.031586        0.298049
FIRE:  447 02:57:05     -906.048585        0.291628
FIRE:  448 02:57:17     -906.070088        0.339850
FIRE:  449 02:57:30     -906.100955        0.254883
FIRE:  450 02:57:42     -906.140712        0.312824
FIRE:  451 02:57:54     -906.194139        0.372809
FIRE:  452 02:58:07     -906.247149        0.708145
FIRE:  453 02:58:19     -906.264368        1.721839
FIRE:  454 02:58:32     -906.310699        0.167485
FIRE:  455 02:58:44     -906.311605        0.166142
FIRE:  456 02:58:56     -906.313220        0.163748
FIRE:  457 02:59:09     -906.315299        0.160829
FIRE:  458 02:59:21     -906.317731        0.158014
FIRE:  459 02:59:33     -906.320551        0.155803
FIRE:  460 02:59:46     -906.323793        0.154341
FIRE:  461 02:59:58     -906.327367        0.153355
FIRE:  462 03:00:10     -906.331541        0.152161
FIRE:  463 03:00:23     -906.336385        0.149933
FIRE:  464 03:00:35     -906.342116        0.145964
FIRE:  465 03:00:47     -906.348832        0.140181
FIRE:  466 03:01:00     -906.356679        0.133413
FIRE:  467 03:01:12     -906.366138        0.126727
FIRE:  468 03:01:24     -906.377479        0.126126
FIRE:  469 03:01:37     -906.391622        0.157663
FIRE:  470 03:01:49     -906.409969        0.207933
FIRE:  471 03:02:02     -906.435747        0.288549
FIRE:  472 03:02:14     -906.475228        0.404585
FIRE:  473 03:02:27     -906.537968        0.520640
FIRE:  474 03:02:39     -906.617765        0.352098
FIRE:  475 03:02:51     -906.636491        1.120470
FIRE:  476 03:03:04     -906.659486        0.750329
FIRE:  477 03:03:16     -906.680214        0.253699
FIRE:  478 03:03:29     -906.688947        0.324141
FIRE:  479 03:03:41     -906.690252        0.291951
FIRE:  480 03:03:53     -906.692426        0.231741
FIRE:  481 03:04:06     -906.694894        0.151827
FIRE:  482 03:04:18     -906.697315        0.126172
FIRE:  483 03:04:31     -906.699722        0.142876
FIRE:  484 03:04:43     -906.702304        0.128069
FIRE:  485 03:04:56     -906.705123        0.157528
FIRE:  486 03:05:08     -906.708486        0.183361
FIRE:  487 03:05:20     -906.712595        0.178717
FIRE:  488 03:05:33     -906.717829        0.140568
FIRE:  489 03:05:45     -906.724201        0.100083
FIRE:  490 03:05:58     -906.731208        0.092064
FIRE:  491 03:06:10     -906.739106        0.092219
FIRE:  492 03:06:22     -906.748270        0.099812
FIRE:  493 03:06:35     -906.758545        0.086654
FIRE:  494 03:06:47     -906.770022        0.096222
FIRE:  495 03:07:00     -906.782666        0.127704
FIRE:  496 03:07:12     -906.798232        0.161364
FIRE:  497 03:07:24     -906.820454        0.192559
FIRE:  498 03:07:37     -906.856010        0.213192
FIRE:  499 03:07:49     -906.915487        0.245315
FIRE:  500 03:08:01     -906.990765        0.704194
FIRE:  501 03:08:14     -906.951422        2.532652
FIRE:  502 03:08:26     -907.070562        0.676935
FIRE:  503 03:08:38     -907.077167        0.422336
FIRE:  504 03:08:51     -907.083665        0.188702
FIRE:  505 03:09:03     -907.086304        0.342044
FIRE:  506 03:09:16     -907.089378        0.501632
FIRE:  507 03:09:28     -907.097020        0.425220
FIRE:  508 03:09:41     -907.107137        0.234213
FIRE:  509 03:09:53     -907.115345        0.253864
FIRE:  510 03:10:05     -907.123502        0.413043
FIRE:  511 03:10:18     -907.136963        0.310076
FIRE:  512 03:10:30     -907.154213        0.310248
FIRE:  513 03:10:42     -907.173210        0.347860
FIRE:  514 03:10:55     -907.202622        0.378988
FIRE:  515 03:11:07     -907.242408        0.475553
FIRE:  516 03:11:19     -907.309522        0.700291
FIRE:  517 03:11:32     -907.445825        1.247772
FIRE:  518 03:11:44     -907.804708        2.090701
FIRE:  519 03:11:56     -908.313266        1.445281
FIRE:  520 03:12:09     -908.323592        4.218765
FIRE:  521 03:12:21     -908.535264        1.473636
FIRE:  522 03:12:34     -908.563306        1.741260
FIRE:  523 03:12:46     -908.576485        1.527301
FIRE:  524 03:12:58     -908.596932        1.152568
FIRE:  525 03:13:11     -908.616601        0.742209
FIRE:  526 03:13:23     -908.630556        0.576768
FIRE:  527 03:13:35     -908.640268        0.777494
FIRE:  528 03:13:48     -908.651422        0.990830
FIRE:  529 03:14:00     -908.668474        1.040997
FIRE:  530 03:14:12     -908.694148        0.874352
FIRE:  531 03:14:25     -908.724027        0.567391
FIRE:  532 03:14:37     -908.751345        0.580036
FIRE:  533 03:14:49     -908.778522        0.800129
FIRE:  534 03:15:02     -908.813728        0.714177
FIRE:  535 03:15:14     -908.853009        0.404701
FIRE:  536 03:15:27     -908.889697        0.502414
FIRE:  537 03:15:39     -908.931744        0.422818
FIRE:  538 03:15:51     -908.972910        0.438697
FIRE:  539 03:16:04     -909.014641        0.487843
FIRE:  540 03:16:16     -909.056323        0.465276
FIRE:  541 03:16:28     -909.098332        0.460436
FIRE:  542 03:16:41     -909.137938        0.497463
FIRE:  543 03:16:53     -909.182120        0.592901
FIRE:  544 03:17:06     -909.227130        0.897160
FIRE:  545 03:17:18     -909.239055        2.313674
FIRE:  546 03:17:30     -909.304396        0.171023
FIRE:  547 03:17:43     -909.267920        2.192647
FIRE:  548 03:17:55     -909.292683        1.557422
FIRE:  549 03:18:07     -909.317825        0.513647
FIRE:  550 03:18:20     -909.321627        0.633027
FIRE:  551 03:18:32     -909.322347        0.595203
FIRE:  552 03:18:45     -909.323674        0.522193
FIRE:  553 03:18:57     -909.325406        0.419615
FIRE:  554 03:19:09     -909.327314        0.297119
FIRE:  555 03:19:22     -909.329206        0.173410
FIRE:  556 03:19:34     -909.330999        0.130973
FIRE:  557 03:19:46     -909.332743        0.165192
FIRE:  558 03:19:59     -909.334806        0.248337
FIRE:  559 03:20:11     -909.337492        0.299380
FIRE:  560 03:20:24     -909.341121        0.293996
FIRE:  561 03:20:36     -909.345810        0.221874
FIRE:  562 03:20:48     -909.351366        0.132519
FIRE:  563 03:21:01     -909.357469        0.152740
FIRE:  564 03:21:13     -909.364278        0.269196
FIRE:  565 03:21:25     -909.372564        0.279337
FIRE:  566 03:21:38     -909.382580        0.151451
FIRE:  567 03:21:50     -909.393533        0.135846
FIRE:  568 03:22:02     -909.405738        0.219492
FIRE:  569 03:22:15     -909.420198        0.121192
FIRE:  570 03:22:27     -909.435737        0.217923
FIRE:  571 03:22:40     -909.453626        0.134187
FIRE:  572 03:22:52     -909.473069        0.212839
FIRE:  573 03:23:04     -909.495404        0.155714
FIRE:  574 03:23:17     -909.519989        0.231659
FIRE:  575 03:23:29     -909.548380        0.327916
FIRE:  576 03:23:41     -909.582396        0.378274
FIRE:  577 03:23:54     -909.623775        0.608896
FIRE:  578 03:24:06     -909.668893        1.334510
FIRE:  579 03:24:18     -909.639700        3.946367
FIRE:  580 03:24:31     -909.769227        0.849490
FIRE:  581 03:24:43     -909.774062        0.611937
FIRE:  582 03:24:55     -909.780185        0.437035
FIRE:  583 03:25:08     -909.784340        0.437190
