Si Bulk DFT energetics calculations using VASP
Running on host: comp060
Working directory: /lustre/home/ah1365/projects/127870/upgrade_report/case_studies/common/structures/interfaces/264_Sn108Si156_001_001_a0.07732_b0.082474_c2.1_interface1shift1swap8
Job started on: Thu 12 Jun 05:46:48 UTC 2025
cuequivariance or cuequivariance_torch is not available. Cuequivariance acceleration will be disabled.
Using Materials Project MACE for MACECalculator with /lustre/home/ah1365/.cache/mace/MACE_MPtrj_20229model
Using float64 for MACECalculator, which is slower but more accurate. Recommended for geometry optimization.
Using TorchDFTD3Calculator for D3 dispersion corrections
      Step     Time          Energy          fmax
FIRE:    0 06:47:14    -1227.531774        8.566807
FIRE:    1 06:47:35    -1235.036925        6.654808
FIRE:    2 06:47:55    -1241.576668        5.794096
FIRE:    3 06:48:14    -1247.306353        5.098475
FIRE:    4 06:48:34    -1252.343892        4.467158
FIRE:    5 06:48:54    -1256.783155        3.899474
FIRE:    6 06:49:13    -1260.698823        3.388868
FIRE:    7 06:49:33    -1264.151281        2.928418
FIRE:    8 06:49:53    -1267.194664        2.515692
FIRE:    9 06:50:12    -1269.877786        2.149760
FIRE:   10 06:50:32    -1272.247390        1.829580
FIRE:   11 06:50:52    -1274.348511        1.553147
FIRE:   12 06:51:12    -1276.223694        1.413415
FIRE:   13 06:51:31    -1277.911422        1.402202
FIRE:   14 06:51:51    -1279.444049        1.375823
FIRE:   15 06:52:11    -1280.846444        1.331456
FIRE:   16 06:52:30    -1282.137022        1.268917
FIRE:   17 06:52:50    -1283.330115        1.192656
FIRE:   18 06:53:10    -1284.439748        1.111160
FIRE:   19 06:53:30    -1285.482639        1.031928
FIRE:   20 06:53:49    -1286.477482        0.955686
FIRE:   21 06:54:09    -1287.441838        0.980418
FIRE:   22 06:54:29    -1288.387831        0.977418
FIRE:   23 06:54:49    -1289.319586        0.895396
FIRE:   24 06:55:08    -1290.234470        0.752498
FIRE:   25 06:55:28    -1291.126019        0.692701
FIRE:   26 06:55:48    -1291.988095        0.688915
FIRE:   27 06:56:08    -1292.816428        0.683802
FIRE:   28 06:56:27    -1293.609221        0.673464
FIRE:   29 06:56:47    -1294.366110        0.653482
FIRE:   30 06:57:07    -1295.087333        0.626236
FIRE:   31 06:57:27    -1295.772648        0.604053
FIRE:   32 06:57:46    -1296.420043        0.608508
FIRE:   33 06:58:06    -1297.027405        0.615589
FIRE:   34 06:58:26    -1297.593030        0.618996
FIRE:   35 06:58:46    -1298.116347        0.609820
FIRE:   36 06:59:05    -1298.598274        0.585639
FIRE:   37 06:59:25    -1299.041504        0.568736
FIRE:   38 06:59:45    -1299.450030        0.591856
FIRE:   39 07:00:05    -1299.828873        0.638935
FIRE:   40 07:00:25    -1300.184236        0.693156
FIRE:   41 07:00:44    -1300.523794        0.750162
FIRE:   42 07:01:04    -1300.854809        0.798694
FIRE:   43 07:01:24    -1301.181208        0.822181
FIRE:   44 07:01:44    -1301.500101        0.791298
FIRE:   45 07:02:03    -1301.798777        0.720843
FIRE:   46 07:02:23    -1302.054987        0.572315
FIRE:   47 07:02:43    -1302.258301        0.486134
FIRE:   48 07:03:03    -1302.425522        0.542346
FIRE:   49 07:03:22    -1302.573683        0.570703
FIRE:   50 07:03:42    -1302.699516        0.562685
FIRE:   51 07:04:02    -1302.789027        0.924135
FIRE:   52 07:04:22    -1302.832937        1.457397
FIRE:   53 07:04:41    -1303.271738        0.414155
FIRE:   54 07:05:01    -1303.525109        0.362418
FIRE:   55 07:05:21    -1303.705827        0.469204
FIRE:   56 07:05:41    -1303.871017        0.489489
FIRE:   57 07:06:00    -1304.040109        0.453868
FIRE:   58 07:06:20    -1304.210159        0.373299
FIRE:   59 07:06:40    -1304.373691        0.266225
FIRE:   60 07:07:00    -1304.527085        0.237448
FIRE:   61 07:07:20    -1304.670365        0.225620
FIRE:   62 07:07:39    -1304.808864        0.283448
FIRE:   63 07:07:59    -1304.948306        0.326265
FIRE:   64 07:08:19    -1305.087240        0.370550
FIRE:   65 07:08:39    -1305.220974        0.368361
FIRE:   66 07:08:59    -1305.346641        0.306565
FIRE:   67 07:09:19    -1305.460876        0.235702
FIRE:   68 07:09:38    -1305.560974        0.275585
FIRE:   69 07:09:58    -1305.650585        0.574552
FIRE:   70 07:10:18    -1305.749573        0.621120
FIRE:   71 07:10:38    -1305.847809        0.347876
FIRE:   72 07:10:57    -1305.909168        0.456918
FIRE:   73 07:11:17    -1305.941325        0.489737
FIRE:   74 07:11:37    -1306.049438        0.418602
FIRE:   75 07:11:57    -1306.082222        0.161907
FIRE:   76 07:12:16    -1306.106337        0.244914
FIRE:   77 07:12:36    -1306.139817        0.282282
FIRE:   78 07:12:56    -1306.190876        0.160437
FIRE:   79 07:13:16    -1306.233767        0.301448
FIRE:   80 07:13:36    -1306.283624        0.246581
FIRE:   81 07:13:55    -1306.335990        0.208012
FIRE:   82 07:14:15    -1306.393209        0.177070
FIRE:   83 07:14:35    -1306.447913        0.190824
FIRE:   84 07:14:55    -1306.501323        0.246007
FIRE:   85 07:15:14    -1306.561652        0.152879
FIRE:   86 07:15:34    -1306.616489        0.187799
FIRE:   87 07:15:54    -1306.664855        0.193155
FIRE:   88 07:16:14    -1306.709363        0.142109
FIRE:   89 07:16:34    -1306.750879        0.131968
FIRE:   90 07:16:53    -1306.790311        0.123702
FIRE:   91 07:17:13    -1306.826930        0.118646
FIRE:   92 07:17:33    -1306.858709        0.141915
FIRE:   93 07:17:53    -1306.886970        0.133208
FIRE:   94 07:18:12    -1306.916053        0.122225
FIRE:   95 07:18:32    -1306.945749        0.097000
FIRE:   96 07:18:52    -1306.975586        0.085180
FIRE:   97 07:19:12    -1307.004766        0.102874
FIRE:   98 07:19:32    -1307.029561        0.095059
FIRE:   99 07:19:51    -1307.049028        0.082856
FIRE:  100 07:20:11    -1307.063439        0.095547
FIRE:  101 07:20:31    -1307.076153        0.107508
FIRE:  102 07:20:51    -1307.091497        0.097750
FIRE:  103 07:21:10    -1307.112426        0.090750
FIRE:  104 07:21:30    -1307.139464        0.112184
FIRE:  105 07:21:50    -1307.170702        0.117136
FIRE:  106 07:22:10    -1307.205667        0.173917
FIRE:  107 07:22:30    -1307.245062        0.247609
FIRE:  108 07:22:49    -1307.288090        0.256960
FIRE:  109 07:23:09    -1307.322151        0.212629
FIRE:  110 07:23:29    -1307.331822        0.350434
FIRE:  111 07:23:49    -1307.366530        0.115391
FIRE:  112 07:24:08    -1307.363761        0.344338
FIRE:  113 07:24:28    -1307.381946        0.170307
FIRE:  114 07:24:48    -1307.380422        0.321456
FIRE:  115 07:25:08    -1307.386240        0.229382
FIRE:  116 07:25:28    -1307.392299        0.110438
FIRE:  117 07:25:47    -1307.393541        0.106324
FIRE:  118 07:26:07    -1307.393802        0.102127
FIRE:  119 07:26:27    -1307.394278        0.101248
FIRE:  120 07:26:47    -1307.394895        0.099932
FIRE:  121 07:27:06    -1307.395565        0.098179
FIRE:  122 07:27:26    -1307.396231        0.095990
FIRE:  123 07:27:46    -1307.396873        0.093388
FIRE:  124 07:28:06    -1307.397529        0.090429
FIRE:  125 07:28:26    -1307.398331        0.086840
FIRE:  126 07:28:45    -1307.399377        0.082604
FIRE:  127 07:29:05    -1307.400747        0.077730
FIRE:  128 07:29:25    -1307.402419        0.072271
FIRE:  129 07:29:45    -1307.404311        0.066370
FIRE:  130 07:30:05    -1307.406384        0.065943
FIRE:  131 07:30:24    -1307.408814        0.071432
FIRE:  132 07:30:44    -1307.411863        0.075821
FIRE:  133 07:31:04    -1307.415506        0.078406
FIRE:  134 07:31:24    -1307.419760        0.078748
FIRE:  135 07:31:43    -1307.425065        0.077289
FIRE:  136 07:32:03    -1307.431552        0.074981
FIRE:  137 07:32:23    -1307.439412        0.072585
FIRE:  138 07:32:43    -1307.449112        0.069312
FIRE:  139 07:33:02    -1307.460833        0.068409
FIRE:  140 07:33:22    -1307.474659        0.065257
FIRE:  141 07:33:42    -1307.489872        0.055193
FIRE:  142 07:34:02    -1307.505032        0.045515
FIRE:  143 07:34:22    -1307.518352        0.049793
FIRE:  144 07:34:41    -1307.527528        0.134080
FIRE:  145 07:35:01    -1307.528611        0.345540
FIRE:  146 07:35:21    -1307.537121        0.055395
FIRE:  147 07:35:41    -1307.533783        0.297967
FIRE:  148 07:36:01    -1307.536542        0.227111
FIRE:  149 07:36:20    -1307.539759        0.101694
FIRE:  150 07:36:40    -1307.541025        0.068553
FIRE:  151 07:37:00    -1307.541114        0.068833
FIRE:  152 07:37:20    -1307.541286        0.069400
FIRE:  153 07:37:39    -1307.541530        0.070272
FIRE:  154 07:37:59    -1307.541839        0.071470
FIRE:  155 07:38:19    -1307.542196        0.073011
FIRE:  156 07:38:39    -1307.542602        0.074909
FIRE:  157 07:38:59    -1307.543061        0.077168
FIRE:  158 07:39:18    -1307.543646        0.080087
FIRE:  159 07:39:38    -1307.544393        0.083832
FIRE:  160 07:39:58    -1307.545369        0.088642
FIRE:  161 07:40:18    -1307.546640        0.094885
FIRE:  162 07:40:38    -1307.548264        0.103133
FIRE:  163 07:40:57    -1307.550354        0.114228
FIRE:  164 07:41:17    -1307.553097        0.129343
FIRE:  165 07:41:37    -1307.556862        0.150051
FIRE:  166 07:41:57    -1307.562210        0.178432
FIRE:  167 07:42:16    -1307.570070        0.216965
FIRE:  168 07:42:36    -1307.582149        0.267927
FIRE:  169 07:42:56    -1307.601675        0.333337
FIRE:  170 07:43:16    -1307.634549        0.421602
FIRE:  171 07:43:36    -1307.694219        0.567807
FIRE:  172 07:43:55    -1307.815834        0.785142
FIRE:  173 07:44:15    -1308.018416        0.800868
FIRE:  174 07:44:35    -1308.169022        0.342355
FIRE:  175 07:44:55    -1308.242117        0.320923
FIRE:  176 07:45:15    -1308.207713        1.056267
FIRE:  177 07:45:34    -1308.264544        0.641683
FIRE:  178 07:45:54    -1308.309653        0.181565
FIRE:  179 07:46:14    -1308.313196        0.357994
FIRE:  180 07:46:34    -1308.315775        0.330771
FIRE:  181 07:46:53    -1308.320259        0.279355
FIRE:  182 07:47:13    -1308.325567        0.209413
FIRE:  183 07:47:33    -1308.330581        0.144242
FIRE:  184 07:47:53    -1308.334602        0.135617
FIRE:  185 07:48:13    -1308.337608        0.133449
FIRE:  186 07:48:32    -1308.340218        0.160099
FIRE:  187 07:48:52    -1308.343531        0.174047
FIRE:  188 07:49:12    -1308.348367        0.170485
FIRE:  189 07:49:32    -1308.354997        0.145163
FIRE:  190 07:49:52    -1308.362616        0.096704
FIRE:  191 07:50:11    -1308.369498        0.069615
FIRE:  192 07:50:31    -1308.374734        0.125956
FIRE:  193 07:50:51    -1308.379746        0.145416
FIRE:  194 07:51:11    -1308.385377        0.076947
FIRE:  195 07:51:31    -1308.389372        0.054496
FIRE:  196 07:51:51    -1308.391118        0.115092
FIRE:  197 07:52:11    -1308.391702        0.098197
FIRE:  198 07:52:31    -1308.392642        0.066878
FIRE:  199 07:52:51    -1308.393604        0.032157
FIRE:  200 07:53:10    -1308.394367        0.034684
FIRE:  201 07:53:30    -1308.394956        0.054681
FIRE:  202 07:53:50    -1308.395588        0.069287
FIRE:  203 07:54:10    -1308.396414        0.069463
FIRE:  204 07:54:30    -1308.397559        0.051234
FIRE:  205 07:54:49    -1308.398789        0.019963
FIRE:  206 07:55:09    -1308.399812        0.027914
FIRE:  207 07:55:29    -1308.400643        0.048672
FIRE:  208 07:55:49    -1308.401704        0.041594
FIRE:  209 07:56:09    -1308.402963        0.023960
FIRE:  210 07:56:29    -1308.404054        0.044244
FIRE:  211 07:56:48    -1308.405300        0.044927
FIRE:  212 07:57:08    -1308.406930        0.027337
FIRE:  213 07:57:28    -1308.408443        0.037827
FIRE:  214 07:57:48    -1308.410177        0.018070
FIRE:  215 07:58:08    -1308.411603        0.037424
FIRE:  216 07:58:27    -1308.413025        0.019987
FIRE:  217 07:58:47    -1308.414245        0.029951
FIRE:  218 07:59:07    -1308.415669        0.044122
FIRE:  219 07:59:27    -1308.416434        0.108289
FIRE:  220 07:59:47    -1308.418093        0.042627
FIRE:  221 08:00:06    -1308.418188        0.028097
FIRE:  222 08:00:26    -1308.418317        0.014078
FIRE:  223 08:00:46    -1308.418429        0.018340
FIRE:  224 08:01:06    -1308.418559        0.029554
FIRE:  225 08:01:26    -1308.418750        0.025392
FIRE:  226 08:01:46    -1308.418980        0.014690
FIRE:  227 08:02:05    -1308.419221        0.014863
FIRE:  228 08:02:25    -1308.419504        0.024728
FIRE:  229 08:02:45    -1308.419863        0.018344
FIRE:  230 08:03:05    -1308.420296        0.015344
FIRE:  231 08:03:25    -1308.420803        0.020904
FIRE:  232 08:03:44    -1308.421482        0.017815
FIRE:  233 08:04:04    -1308.422320        0.021782
FIRE:  234 08:04:24    -1308.423479        0.028687
FIRE:  235 08:04:44    -1308.425152        0.041298
FIRE:  236 08:05:04    -1308.427922        0.063227
FIRE:  237 08:05:23    -1308.433054        0.087218
FIRE:  238 08:05:43    -1308.440569        0.048534
FIRE:  239 08:06:03    -1308.444739        0.073636
FIRE:  240 08:06:23    -1308.446155        0.053916
FIRE:  241 08:06:43    -1308.447625        0.044009
FIRE:  242 08:07:02    -1308.448599        0.040981
FIRE:  243 08:07:22    -1308.449212        0.052060
FIRE:  244 08:07:42    -1308.449843        0.055709
FIRE:  245 08:08:02    -1308.451045        0.046438
FIRE:  246 08:08:22    -1308.452528        0.033321
FIRE:  247 08:08:42    -1308.454165        0.035496
FIRE:  248 08:09:01    -1308.455810        0.026399
FIRE:  249 08:09:21    -1308.457525        0.034235
FIRE:  250 08:09:41    -1308.459656        0.034922
FIRE:  251 08:10:01    -1308.462076        0.024548
FIRE:  252 08:10:21    -1308.464783        0.028200
FIRE:  253 08:10:40    -1308.468249        0.041111
FIRE:  254 08:11:00    -1308.472353        0.131322
FIRE:  255 08:11:20    -1308.471290        0.425782
FIRE:  256 08:11:40    -1308.479697        0.081217
FIRE:  257 08:12:00    -1308.479963        0.057614
FIRE:  258 08:12:19    -1308.480339        0.051108
FIRE:  259 08:12:39    -1308.480680        0.051689
FIRE:  260 08:12:59    -1308.481037        0.053120
FIRE:  261 08:13:19    -1308.481547        0.056766
FIRE:  262 08:13:39    -1308.482224        0.053586
FIRE:  263 08:13:59    -1308.482951        0.053746
FIRE:  264 08:14:18    -1308.483751        0.053281
FIRE:  265 08:14:38    -1308.484768        0.051834
FIRE:  266 08:14:58    -1308.486097        0.049069
FIRE:  267 08:15:18    -1308.487601        0.044744
FIRE:  268 08:15:38    -1308.489344        0.039004
FIRE:  269 08:15:58    -1308.491394        0.032453
FIRE:  270 08:16:17    -1308.493576        0.035441
FIRE:  271 08:16:37    -1308.495978        0.025492
FIRE:  272 08:16:57    -1308.498411        0.017435
FIRE:  273 08:17:17    -1308.500673        0.043585
FIRE:  274 08:17:37    -1308.502472        0.079850
FIRE:  275 08:17:57    -1308.503371        0.128030
FIRE:  276 08:18:16    -1308.504082        0.031900
FIRE:  277 08:18:36    -1308.503932        0.084238
FIRE:  278 08:18:56    -1308.504045        0.068761
FIRE:  279 08:19:16    -1308.504199        0.040614
FIRE:  280 08:19:35    -1308.504305        0.008380
MACE calculation complete. Energy written to MACE_OUTCAR: -1308.504305 eV
Job ended on: Thu 12 Jun 07:19:37 UTC 2025
