Si Bulk DFT energetics calculations using VASP
Running on host: comp161
Working directory: /lustre/home/ah1365/projects/127870/upgrade_report/case_studies/common/structures/interfaces/216_Sn72Si144_001_011_a0.0_b0.0_c0.0_interface6shift1
Job started on: Wed 11 Jun 18:48:05 UTC 2025
cuequivariance or cuequivariance_torch is not available. Cuequivariance acceleration will be disabled.
Using Materials Project MACE for MACECalculator with /lustre/home/ah1365/.cache/mace/MACE_MPtrj_20229model
Using float64 for MACECalculator, which is slower but more accurate. Recommended for geometry optimization.
Using TorchDFTD3Calculator for D3 dispersion corrections
      Step     Time          Energy          fmax
FIRE:    0 19:48:29   319735.268211   639756.183750
FIRE:    1 19:48:47   123851.243346   401528.356408
FIRE:    2 19:49:04    30690.895897   185581.690581
FIRE:    3 19:49:21     1414.500036     4621.589256
FIRE:    4 19:49:39      589.400085     1628.574355
FIRE:    5 19:49:56      376.297596     1255.502267
FIRE:    6 19:50:13      203.934517      660.362477
FIRE:    7 19:50:31       65.774480      443.808947
FIRE:    8 19:50:48      -56.246703      315.346487
FIRE:    9 19:51:05     -155.835897      206.381858
FIRE:   10 19:51:22     -240.930614      167.509166
FIRE:   11 19:51:40     -321.761242      143.182139
FIRE:   12 19:51:57     -397.725495      129.479403
FIRE:   13 19:52:14     -466.372565      112.160537
FIRE:   14 19:52:31     -525.760404       87.291909
FIRE:   15 19:52:49     -574.513210       60.683798
FIRE:   16 19:53:06     -616.780198       52.686919
FIRE:   17 19:53:23     -655.204820       47.512949
FIRE:   18 19:53:40     -690.108159       41.981683
FIRE:   19 19:53:58     -721.720244       36.777815
FIRE:   20 19:54:15     -750.390819       33.816739
FIRE:   21 19:54:32     -776.447426       31.578962
FIRE:   22 19:54:50     -800.191467       29.211787
FIRE:   23 19:55:07     -821.905283       26.717734
FIRE:   24 19:55:24     -841.743259       24.065110
FIRE:   25 19:55:42     -859.696111       21.588564
FIRE:   26 19:55:59     -875.710020       19.247373
FIRE:   27 19:56:16     -889.858706       18.042214
FIRE:   28 19:56:34     -902.363895       17.747358
FIRE:   29 19:56:51     -913.476476       17.901477
FIRE:   30 19:57:08     -923.406584       18.365679
FIRE:   31 19:57:26     -932.334537       19.123533
FIRE:   32 19:57:43     -940.431854       19.095107
FIRE:   33 19:58:00     -947.854161       18.292561
FIRE:   34 19:58:18     -954.706895       16.852415
FIRE:   35 19:58:35     -961.035559       14.932573
FIRE:   36 19:58:53     -966.853805       12.770934
FIRE:   37 19:59:10     -972.188290       10.782351
FIRE:   38 19:59:27     -977.094821        9.893521
FIRE:   39 19:59:45     -981.622015        9.300757
FIRE:   40 20:00:02     -985.792258        9.642163
FIRE:   41 20:00:20     -989.622963        9.781040
FIRE:   42 20:00:37     -993.156129        9.703753
FIRE:   43 20:00:54     -996.444406        9.413403
FIRE:   44 20:01:12     -999.524419        8.929320
FIRE:   45 20:01:29    -1002.422152        8.884130
FIRE:   46 20:01:47    -1005.154740        8.899651
FIRE:   47 20:02:04    -1007.725015        8.644906
FIRE:   48 20:02:22    -1010.122919        8.455868
FIRE:   49 20:02:39    -1012.333125        8.671678
FIRE:   50 20:02:56    -1014.343340        8.669448
FIRE:   51 20:03:14    -1016.149637        8.453530
FIRE:   52 20:03:31    -1017.757090        8.043434
FIRE:   53 20:03:49    -1019.177407        7.468413
FIRE:   54 20:04:06    -1020.425411        6.758714
FIRE:   55 20:04:23    -1021.516366        5.940167
FIRE:   56 20:04:41    -1022.464829        5.381224
FIRE:   57 20:04:58    -1023.284907        5.313362
FIRE:   58 20:05:16    -1023.992809        5.152576
FIRE:   59 20:05:33    -1024.610254        5.706772
FIRE:   60 20:05:50    -1025.165005        6.246551
FIRE:   61 20:06:08    -1025.688924        6.628522
FIRE:   62 20:06:25    -1026.214639        6.840917
FIRE:   63 20:06:42    -1026.771561        7.070272
FIRE:   64 20:07:00    -1027.382839        7.490775
FIRE:   65 20:07:17    -1028.063090        7.705476
FIRE:   66 20:07:34    -1028.817773        7.719114
FIRE:   67 20:07:51    -1029.644388        7.547934
FIRE:   68 20:08:09    -1030.534459        7.216170
FIRE:   69 20:08:26    -1031.475090        6.751292
FIRE:   70 20:08:43    -1032.450467        6.181893
FIRE:   71 20:09:00    -1033.443868        5.541339
FIRE:   72 20:09:18    -1034.440882        4.871057
FIRE:   73 20:09:35    -1035.432045        4.213784
FIRE:   74 20:09:52    -1036.413105        3.796848
FIRE:   75 20:10:10    -1037.382941        3.615352
FIRE:   76 20:10:27    -1038.341006        3.378739
FIRE:   77 20:10:44    -1039.286326        3.305068
FIRE:   78 20:11:01    -1040.217444        3.433427
FIRE:   79 20:11:19    -1041.133196        3.510717
FIRE:   80 20:11:36    -1042.033339        3.536372
FIRE:   81 20:11:53    -1042.918237        3.512860
FIRE:   82 20:12:10    -1043.789076        3.445152
FIRE:   83 20:12:28    -1044.647670        3.339876
FIRE:   84 20:12:45    -1045.496892        3.314057
FIRE:   85 20:13:02    -1046.340146        3.683354
FIRE:   86 20:13:19    -1047.181092        3.986650
FIRE:   87 20:13:37    -1048.022115        4.199854
FIRE:   88 20:13:54    -1048.863384        4.358576
FIRE:   89 20:14:11    -1049.701978        4.465419
FIRE:   90 20:14:29    -1050.531446        4.442234
FIRE:   91 20:14:46    -1051.341988        4.297595
FIRE:   92 20:15:03    -1052.121375        4.048169
FIRE:   93 20:15:20    -1052.856565        3.717624
FIRE:   94 20:15:38    -1053.535554        3.333654
FIRE:   95 20:15:55    -1054.149041        2.923180
FIRE:   96 20:16:12    -1054.691451        2.508335
FIRE:   97 20:16:30    -1055.160603        2.352310
FIRE:   98 20:16:47    -1055.557086        2.690449
FIRE:   99 20:17:04    -1055.883424        3.079636
FIRE:  100 20:17:22    -1056.143956        3.466031
FIRE:  101 20:17:39    -1056.344063        3.838186
FIRE:  102 20:17:56    -1056.489595        4.183415
FIRE:  103 20:18:13    -1056.586741        4.489153
FIRE:  104 20:18:31    -1059.867846        3.209765
FIRE:  105 20:18:48    -1062.474539        2.213897
FIRE:  106 20:19:05    -1064.545539        1.555440
FIRE:  107 20:19:23    -1066.207413        1.252059
FIRE:  108 20:19:40    -1067.578146        1.122740
FIRE:  109 20:19:57    -1068.760046        1.007578
FIRE:  110 20:20:15    -1069.828848        0.949384
FIRE:  111 20:20:32    -1070.834280        0.929152
FIRE:  112 20:20:49    -1071.796931        0.869668
FIRE:  113 20:21:07    -1072.718294        0.797377
FIRE:  114 20:21:24    -1073.592814        0.781733
FIRE:  115 20:21:42    -1074.415866        0.770863
FIRE:  116 20:21:59    -1075.187121        0.750710
FIRE:  117 20:22:16    -1075.910529        0.719272
FIRE:  118 20:22:34    -1076.590428        0.695386
FIRE:  119 20:22:51    -1077.232516        0.694094
FIRE:  120 20:23:08    -1077.843447        0.687497
FIRE:  121 20:23:26    -1078.430412        0.678180
FIRE:  122 20:23:43    -1079.000523        0.668233
FIRE:  123 20:24:00    -1079.560856        0.658069
FIRE:  124 20:24:18    -1080.117755        0.646293
FIRE:  125 20:24:35    -1080.675999        0.630471
FIRE:  126 20:24:52    -1081.238199        0.630415
FIRE:  127 20:25:10    -1081.804030        0.644514
FIRE:  128 20:25:27    -1082.371190        0.650756
FIRE:  129 20:25:44    -1082.935922        0.649459
FIRE:  130 20:26:01    -1083.494638        0.640791
FIRE:  131 20:26:19    -1084.044252        0.624838
FIRE:  132 20:26:36    -1084.582888        0.601838
FIRE:  133 20:26:53    -1085.110009        0.572328
FIRE:  134 20:27:11    -1085.625731        0.537200
FIRE:  135 20:27:28    -1086.131167        0.523015
FIRE:  136 20:27:45    -1086.627605        0.552349
FIRE:  137 20:28:03    -1087.116429        0.585372
FIRE:  138 20:28:20    -1087.598231        0.618062
FIRE:  139 20:28:37    -1088.072946        0.643517
FIRE:  140 20:28:55    -1088.539271        0.654496
FIRE:  141 20:29:12    -1088.995282        0.646569
FIRE:  142 20:29:30    -1089.438656        0.620139
FIRE:  143 20:29:47    -1089.867582        0.579946
FIRE:  144 20:30:04    -1090.281198        0.531541
FIRE:  145 20:30:22    -1090.679431        0.477042
FIRE:  146 20:30:39    -1091.062655        0.416739
FIRE:  147 20:30:56    -1091.430869        0.383828
FIRE:  148 20:31:14    -1091.784141        0.370540
FIRE:  149 20:31:31    -1092.122445        0.368910
FIRE:  150 20:31:49    -1092.446412        0.368337
FIRE:  151 20:32:06    -1092.757481        0.381123
FIRE:  152 20:32:23    -1093.057594        0.394122
FIRE:  153 20:32:41    -1093.348806        0.407120
FIRE:  154 20:32:58    -1093.633199        0.428070
FIRE:  155 20:33:15    -1093.912568        0.484356
FIRE:  156 20:33:33    -1094.188043        0.512983
FIRE:  157 20:33:50    -1094.459893        0.505953
FIRE:  158 20:34:07    -1094.727245        0.461738
FIRE:  159 20:34:25    -1094.988045        0.445449
FIRE:  160 20:34:42    -1095.239435        0.432154
FIRE:  161 20:35:00    -1095.478557        0.409060
FIRE:  162 20:35:17    -1095.703530        0.375144
FIRE:  163 20:35:34    -1095.913366        0.370072
FIRE:  164 20:35:52    -1096.108150        0.376640
FIRE:  165 20:36:09    -1096.288552        0.402840
FIRE:  166 20:36:26    -1096.455752        0.425876
FIRE:  167 20:36:44    -1096.612131        0.445842
FIRE:  168 20:37:01    -1096.761189        0.462848
FIRE:  169 20:37:18    -1096.907634        0.476340
FIRE:  170 20:37:36    -1097.055984        0.492152
FIRE:  171 20:37:53    -1097.209467        0.512098
FIRE:  172 20:38:11    -1097.368749        0.506021
FIRE:  173 20:38:28    -1097.532032        0.473721
FIRE:  174 20:38:45    -1097.695930        0.421851
FIRE:  175 20:39:03    -1097.856866        0.381858
FIRE:  176 20:39:20    -1098.012039        0.336381
FIRE:  177 20:39:37    -1098.159347        0.367509
FIRE:  178 20:39:55    -1098.296469        0.393612
FIRE:  179 20:40:12    -1098.421313        0.453242
FIRE:  180 20:40:30    -1098.532307        0.486699
FIRE:  181 20:40:47    -1098.629227        0.486641
FIRE:  182 20:41:04    -1098.713260        0.518865
FIRE:  183 20:41:22    -1098.786645        0.568038
FIRE:  184 20:41:39    -1098.852400        0.606901
FIRE:  185 20:41:57    -1098.912598        0.635272
FIRE:  186 20:42:14    -1098.968169        0.611856
FIRE:  187 20:42:31    -1099.019545        0.545659
FIRE:  188 20:42:49    -1099.069129        0.595175
FIRE:  189 20:43:06    -1099.123005        0.739560
FIRE:  190 20:43:23    -1099.189877        0.836085
FIRE:  191 20:43:41    -1099.277009        0.866023
FIRE:  192 20:43:58    -1099.386052        0.826596
FIRE:  193 20:44:16    -1099.511529        0.732324
FIRE:  194 20:44:33    -1099.643851        0.610621
FIRE:  195 20:44:50    -1099.773659        0.492262
FIRE:  196 20:45:08    -1099.895562        0.399556
FIRE:  197 20:45:25    -1100.008439        0.338322
FIRE:  198 20:45:43    -1100.114113        0.301461
FIRE:  199 20:46:00    -1100.215802        0.313311
FIRE:  200 20:46:18    -1100.316782        0.347694
FIRE:  201 20:46:35    -1100.419643        0.385301
FIRE:  202 20:46:52    -1100.526222        0.423495
FIRE:  203 20:47:10    -1100.637578        0.457837
FIRE:  204 20:47:27    -1100.754498        0.484052
FIRE:  205 20:47:45    -1100.877190        0.500641
FIRE:  206 20:48:02    -1101.006240        0.509464
FIRE:  207 20:48:19    -1101.142394        0.513431
FIRE:  208 20:48:37    -1101.286358        0.512797
FIRE:  209 20:48:54    -1101.437882        0.503377
FIRE:  210 20:49:12    -1101.595262        0.481042
FIRE:  211 20:49:29    -1101.755713        0.447472
FIRE:  212 20:49:47    -1101.916382        0.405772
FIRE:  213 20:50:04    -1102.073631        0.356916
FIRE:  214 20:50:22    -1102.222545        0.351564
FIRE:  215 20:50:39    -1102.356766        0.326568
FIRE:  216 20:50:57    -1102.470347        0.304491
FIRE:  217 20:51:14    -1102.558927        0.375542
FIRE:  218 20:51:32    -1102.621460        0.439907
FIRE:  219 20:51:49    -1102.661197        0.526763
FIRE:  220 20:52:07    -1102.684849        0.634959
FIRE:  221 20:52:24    -1102.968341        0.248249
FIRE:  222 20:52:42    -1103.114208        0.211781
FIRE:  223 20:52:59    -1103.221387        0.234916
FIRE:  224 20:53:17    -1103.324277        0.293828
FIRE:  225 20:53:34    -1103.434768        0.265975
FIRE:  226 20:53:51    -1103.542860        0.226928
FIRE:  227 20:54:09    -1103.644741        0.231203
FIRE:  228 20:54:26    -1103.743630        0.189467
FIRE:  229 20:54:44    -1103.836072        0.146790
FIRE:  230 20:55:01    -1103.922156        0.161051
FIRE:  231 20:55:19    -1104.004739        0.144059
FIRE:  232 20:55:36    -1104.082642        0.107142
FIRE:  233 20:55:54    -1104.155805        0.121188
FIRE:  234 20:56:11    -1104.229288        0.125675
FIRE:  235 20:56:29    -1104.301522        0.103497
FIRE:  236 20:56:46    -1104.368938        0.126660
FIRE:  237 20:57:04    -1104.435531        0.137157
FIRE:  238 20:57:21    -1104.503575        0.127104
FIRE:  239 20:57:39    -1104.569460        0.104035
FIRE:  240 20:57:56    -1104.631792        0.099608
FIRE:  241 20:58:14    -1104.692725        0.091545
FIRE:  242 20:58:31    -1104.753551        0.094537
FIRE:  243 20:58:49    -1104.814172        0.092222
FIRE:  244 20:59:06    -1104.874221        0.081872
FIRE:  245 20:59:24    -1104.932651        0.076802
FIRE:  246 20:59:41    -1104.987973        0.080555
FIRE:  247 20:59:59    -1105.039983        0.080347
FIRE:  248 21:00:16    -1105.089573        0.072489
FIRE:  249 21:00:34    -1105.137385        0.086220
FIRE:  250 21:00:51    -1105.183453        0.091667
FIRE:  251 21:01:09    -1105.227435        0.087045
FIRE:  252 21:01:26    -1105.268683        0.091584
FIRE:  253 21:01:44    -1105.306529        0.080374
FIRE:  254 21:02:01    -1105.339814        0.055763
FIRE:  255 21:02:19    -1105.367094        0.062298
FIRE:  256 21:02:36    -1105.388111        0.064529
FIRE:  257 21:02:54    -1105.403729        0.077189
FIRE:  258 21:03:11    -1105.415813        0.088407
FIRE:  259 21:03:29    -1105.426527        0.090647
FIRE:  260 21:03:47    -1105.438232        0.088753
FIRE:  261 21:04:04    -1105.452024        0.085083
FIRE:  262 21:04:22    -1105.466807        0.079976
FIRE:  263 21:04:39    -1105.478422        0.112744
FIRE:  264 21:04:57    -1105.484976        0.201620
FIRE:  265 21:05:14    -1105.520164        0.104007
FIRE:  266 21:05:32    -1105.550792        0.173461
FIRE:  267 21:05:49    -1105.581892        0.148866
FIRE:  268 21:06:07    -1105.594598        0.081204
FIRE:  269 21:06:24    -1105.594938        0.137980
FIRE:  270 21:06:42    -1105.598604        0.115730
FIRE:  271 21:06:59    -1105.602910        0.079908
FIRE:  272 21:07:17    -1105.604966        0.059068
FIRE:  273 21:07:34    -1105.605355        0.086065
FIRE:  274 21:07:52    -1105.605793        0.080228
FIRE:  275 21:08:09    -1105.606577        0.068967
FIRE:  276 21:08:27    -1105.607577        0.061554
FIRE:  277 21:08:44    -1105.608623        0.055109
FIRE:  278 21:09:02    -1105.609589        0.050570
FIRE:  279 21:09:19    -1105.610425        0.049219
FIRE:  280 21:09:37    -1105.611172        0.050640
FIRE:  281 21:09:54    -1105.612051        0.053306
FIRE:  282 21:10:11    -1105.613246        0.055056
FIRE:  283 21:10:29    -1105.614941        0.053856
FIRE:  284 21:10:46    -1105.617171        0.048508
FIRE:  285 21:11:04    -1105.619833        0.039907
FIRE:  286 21:11:21    -1105.622672        0.033622
FIRE:  287 21:11:39    -1105.625779        0.035550
FIRE:  288 21:11:56    -1105.629637        0.038137
FIRE:  289 21:12:14    -1105.634403        0.031443
FIRE:  290 21:12:31    -1105.639671        0.027348
FIRE:  291 21:12:49    -1105.645609        0.027294
FIRE:  292 21:13:06    -1105.652710        0.025203
FIRE:  293 21:13:24    -1105.660433        0.028025
FIRE:  294 21:13:41    -1105.669126        0.027083
FIRE:  295 21:13:59    -1105.678515        0.029470
FIRE:  296 21:14:16    -1105.688748        0.025091
FIRE:  297 21:14:34    -1105.699685        0.029387
FIRE:  298 21:14:51    -1105.711481        0.039138
FIRE:  299 21:15:09    -1105.724346        0.066908
FIRE:  300 21:15:26    -1105.738165        0.126337
FIRE:  301 21:15:44    -1105.749353        0.241074
FIRE:  302 21:16:01    -1105.761223        0.059379
FIRE:  303 21:16:19    -1105.755963        0.227528
FIRE:  304 21:16:36    -1105.759912        0.167004
FIRE:  305 21:16:53    -1105.764371        0.066151
FIRE:  306 21:17:11    -1105.766001        0.061336
FIRE:  307 21:17:28    -1105.766117        0.061391
FIRE:  308 21:17:46    -1105.766344        0.061501
FIRE:  309 21:18:03    -1105.766667        0.061667
FIRE:  310 21:18:21    -1105.767071        0.061891
FIRE:  311 21:18:38    -1105.767548        0.062176
FIRE:  312 21:18:55    -1105.768088        0.062524
FIRE:  313 21:19:13    -1105.768698        0.062937
FIRE:  314 21:19:30    -1105.769461        0.063469
FIRE:  315 21:19:48    -1105.770434        0.064150
FIRE:  316 21:20:05    -1105.771691        0.065015
FIRE:  317 21:20:23    -1105.773325        0.066109
FIRE:  318 21:20:40    -1105.775395        0.067488
FIRE:  319 21:20:58    -1105.777991        0.069222
FIRE:  320 21:21:15    -1105.781287        0.071387
FIRE:  321 21:21:33    -1105.785512        0.074059
FIRE:  322 21:21:50    -1105.791019        0.077293
FIRE:  323 21:22:08    -1105.798196        0.081089
FIRE:  324 21:22:25    -1105.807601        0.085308
FIRE:  325 21:22:43    -1105.820160        0.089551
FIRE:  326 21:23:00    -1105.836987        0.093054
FIRE:  327 21:23:17    -1105.859516        0.094512
FIRE:  328 21:23:35    -1105.889566        0.091412
FIRE:  329 21:23:53    -1105.928118        0.089851
FIRE:  330 21:24:10    -1105.974238        0.088438
FIRE:  331 21:24:27    -1106.019549        0.081080
FIRE:  332 21:24:45    -1106.057572        0.061037
FIRE:  333 21:25:02    -1106.087731        0.060376
FIRE:  334 21:25:20    -1106.110875        0.068880
FIRE:  335 21:25:37    -1106.128720        0.057270
FIRE:  336 21:25:55    -1106.142612        0.051709
FIRE:  337 21:26:12    -1106.153139        0.038897
FIRE:  338 21:26:29    -1106.160266        0.037201
FIRE:  339 21:26:47    -1106.163297        0.039620
FIRE:  340 21:27:04    -1106.167050        0.041166
FIRE:  341 21:27:22    -1106.172886        0.026783
FIRE:  342 21:27:39    -1106.177918        0.049083
FIRE:  343 21:27:56    -1106.182112        0.032074
FIRE:  344 21:28:14    -1106.184887        0.020303
FIRE:  345 21:28:31    -1106.186494        0.039894
FIRE:  346 21:28:49    -1106.187617        0.040308
FIRE:  347 21:29:06    -1106.187979        0.019828
FIRE:  348 21:29:24    -1106.188332        0.015378
FIRE:  349 21:29:41    -1106.188621        0.031496
FIRE:  350 21:29:59    -1106.189105        0.028000
FIRE:  351 21:30:16    -1106.189647        0.009559
MACE calculation complete. Energy written to MACE_OUTCAR: -1106.189647 eV
Job ended on: Wed 11 Jun 20:30:18 UTC 2025
