Traceback (most recent call last):
  File "/home/alexander/school/exeter/phd-physics/upgrade_report/case_studies/common/structures/interfaces/120_Ge48Si72_001_011_a0.898734_b0.138365_c2.1_interface7shift6swap1/run-mace.py", line 4, in <module>
    from ase.io import read
  File "/home/alexander/lib/python3.12/site-packages/ase/__init__.py", line 8, in <module>
    import ase.parallel  # noqa
    ^^^^^^^^^^^^^^^^^^^
  File "/home/alexander/lib/python3.12/site-packages/ase/parallel.py", line 9, in <module>
    import numpy as np
  File "/home/alexander/lib/python3.12/site-packages/numpy/__init__.py", line 130, in <module>
    from numpy.__config__ import show as show_config
  File "/home/alexander/lib/python3.12/site-packages/numpy/__config__.py", line 4, in <module>
    from numpy.core._multiarray_umath import (
  File "/home/alexander/lib/python3.12/site-packages/numpy/core/__init__.py", line 74, in <module>
    from . import numeric
  File "/home/alexander/lib/python3.12/site-packages/numpy/core/numeric.py", line 26, in <module>
    from . import shape_base
  File "<frozen importlib._bootstrap>", line 1360, in _find_and_load
  File "<frozen importlib._bootstrap>", line 1331, in _find_and_load_unlocked
  File "<frozen importlib._bootstrap>", line 921, in _load_unlocked
  File "<frozen importlib._bootstrap>", line 819, in module_from_spec
  File "<frozen importlib._bootstrap>", line 798, in _init_module_attrs
  File "<frozen importlib._bootstrap>", line 638, in cached
  File "<frozen importlib._bootstrap_external>", line 614, in _get_cached
  File "<frozen importlib._bootstrap_external>", line 508, in cache_from_source
  File "<frozen importlib._bootstrap_external>", line 134, in _path_split
  File "<frozen importlib._bootstrap_external>", line 134, in <genexpr>
KeyboardInterrupt
