Si Bulk DFT energetics calculations using VASP
Running on host: comp056
Working directory: /lustre/home/ah1365/projects/127870/upgrade_report/case_studies/common/structures/interfaces/264_Sn108Si156_001_001_a0.07732_b0.082474_c2.1_interface2shift3swap5
Job started on: Thu 12 Jun 18:09:02 UTC 2025
cuequivariance or cuequivariance_torch is not available. Cuequivariance acceleration will be disabled.
Using Materials Project MACE for MACECalculator with /lustre/home/ah1365/.cache/mace/MACE_MPtrj_20229model
Using float64 for MACECalculator, which is slower but more accurate. Recommended for geometry optimization.
Using TorchDFTD3Calculator for D3 dispersion corrections
      Step     Time          Energy          fmax
FIRE:    0 19:10:18    -1230.394194        6.489074
FIRE:    1 19:10:38    -1237.222850        5.412803
FIRE:    2 19:10:58    -1243.214548        4.515524
FIRE:    3 19:11:17    -1248.480693        3.759309
FIRE:    4 19:11:37    -1253.115244        3.122312
FIRE:    5 19:11:57    -1257.196464        2.579832
FIRE:    6 19:12:16    -1260.789281        2.109212
FIRE:    7 19:12:36    -1263.948922        1.895219
FIRE:    8 19:12:56    -1266.727350        1.758373
FIRE:    9 19:13:15    -1269.173599        1.619897
FIRE:   10 19:13:35    -1271.335461        1.479929
FIRE:   11 19:13:55    -1273.259442        1.339923
FIRE:   12 19:14:14    -1274.989119        1.202949
FIRE:   13 19:14:34    -1276.564052        1.105786
FIRE:   14 19:14:54    -1278.017857        1.051701
FIRE:   15 19:15:13    -1279.377382        1.000781
FIRE:   16 19:15:33    -1280.663025        0.954377
FIRE:   17 19:15:53    -1281.889609        0.913313
FIRE:   18 19:16:13    -1283.068079        0.877780
FIRE:   19 19:16:32    -1284.206890        0.847203
FIRE:   20 19:16:52    -1285.312829        0.821012
FIRE:   21 19:17:12    -1286.391034        0.797983
FIRE:   22 19:17:32    -1287.444466        0.773941
FIRE:   23 19:17:51    -1288.473411        0.763890
FIRE:   24 19:18:11    -1289.475246        0.765054
FIRE:   25 19:18:31    -1290.444608        0.762359
FIRE:   26 19:18:51    -1291.374450        0.752386
FIRE:   27 19:19:11    -1292.256828        0.731094
FIRE:   28 19:19:30    -1293.084294        0.696263
FIRE:   29 19:19:50    -1293.850373        0.644406
FIRE:   30 19:20:10    -1294.550657        0.572626
FIRE:   31 19:20:30    -1295.183709        0.507711
FIRE:   32 19:20:49    -1295.750973        0.509752
FIRE:   33 19:21:09    -1296.258101        0.508262
FIRE:   34 19:21:29    -1296.713400        0.505841
FIRE:   35 19:21:49    -1297.125496        0.505578
FIRE:   36 19:22:08    -1297.501555        0.509068
FIRE:   37 19:22:28    -1297.846939        0.534788
FIRE:   38 19:22:48    -1298.164363        0.570983
FIRE:   39 19:23:08    -1298.453571        0.569536
FIRE:   40 19:23:27    -1298.712002        0.531178
FIRE:   41 19:23:47    -1298.935989        0.456152
FIRE:   42 19:24:07    -1299.121994        0.469647
FIRE:   43 19:24:26    -1299.268450        0.513038
FIRE:   44 19:24:46    -1299.377494        0.512457
FIRE:   45 19:25:06    -1299.456007        0.498145
FIRE:   46 19:25:26    -1299.514422        0.561450
FIRE:   47 19:25:45    -1299.564147        0.657880
FIRE:   48 19:26:05    -1299.615816        0.700307
FIRE:   49 19:26:25    -1299.678314        0.702789
FIRE:   50 19:26:44    -1299.756942        0.676032
FIRE:   51 19:27:04    -1299.852865        0.589904
FIRE:   52 19:27:24    -1299.965685        0.485331
FIRE:   53 19:27:44    -1300.096493        0.522790
FIRE:   54 19:28:03    -1300.247291        0.577176
FIRE:   55 19:28:23    -1300.416792        0.618270
FIRE:   56 19:28:43    -1300.596455        0.630892
FIRE:   57 19:29:03    -1300.770815        0.593606
FIRE:   58 19:29:22    -1300.922159        0.759323
FIRE:   59 19:29:42    -1301.044190        0.904790
FIRE:   60 19:30:01    -1301.150090        0.961966
FIRE:   61 19:30:21    -1301.254480        0.892677
FIRE:   62 19:30:41    -1301.353408        0.692121
FIRE:   63 19:31:01    -1301.429936        0.603223
FIRE:   64 19:31:20    -1301.468914        0.614762
FIRE:   65 19:31:40    -1301.868635        0.353726
FIRE:   66 19:32:00    -1302.119438        0.290082
FIRE:   67 19:32:20    -1302.284153        0.256550
FIRE:   68 19:32:39    -1302.402002        0.246210
FIRE:   69 19:32:59    -1302.495192        0.237036
FIRE:   70 19:33:19    -1302.578727        0.228310
FIRE:   71 19:33:39    -1302.660221        0.229803
FIRE:   72 19:33:58    -1302.740466        0.221597
FIRE:   73 19:34:18    -1302.813852        0.205136
FIRE:   74 19:34:38    -1302.876232        0.167293
FIRE:   75 19:34:57    -1302.928110        0.186348
FIRE:   76 19:35:17    -1302.972576        0.228714
FIRE:   77 19:35:37    -1303.023921        0.263102
FIRE:   78 19:35:57    -1303.092380        0.207606
FIRE:   79 19:36:16    -1303.152864        0.245029
FIRE:   80 19:36:36    -1303.194954        0.270848
FIRE:   81 19:36:56    -1303.236827        0.289779
FIRE:   82 19:37:16    -1303.295509        0.308128
FIRE:   83 19:37:35    -1303.364919        0.275334
FIRE:   84 19:37:55    -1303.425969        0.191655
FIRE:   85 19:38:15    -1303.460356        0.471706
FIRE:   86 19:38:35    -1303.488374        0.637980
FIRE:   87 19:38:54    -1303.546965        0.417157
FIRE:   88 19:39:14    -1303.606523        0.233512
FIRE:   89 19:39:34    -1303.653551        0.322680
FIRE:   90 19:39:54    -1303.701208        0.316314
FIRE:   91 19:40:14    -1303.753660        0.295229
FIRE:   92 19:40:33    -1303.805867        0.243572
FIRE:   93 19:40:53    -1303.851663        0.247227
FIRE:   94 19:41:13    -1303.892799        0.228358
FIRE:   95 19:41:33    -1303.932461        0.291342
FIRE:   96 19:41:52    -1303.975896        0.392321
FIRE:   97 19:42:12    -1304.025760        0.397871
FIRE:   98 19:42:32    -1304.080726        0.339587
FIRE:   99 19:42:52    -1304.134936        0.330284
FIRE:  100 19:43:11    -1304.175622        0.280272
FIRE:  101 19:43:31    -1304.194494        0.446754
FIRE:  102 19:43:51    -1304.265491        0.223144
FIRE:  103 19:44:11    -1304.291074        0.170042
FIRE:  104 19:44:31    -1304.310370        0.153278
FIRE:  105 19:44:50    -1304.329851        0.242445
FIRE:  106 19:45:10    -1304.364957        0.203420
FIRE:  107 19:45:30    -1304.399103        0.112363
FIRE:  108 19:45:50    -1304.424195        0.147083
FIRE:  109 19:46:10    -1304.450625        0.088519
FIRE:  110 19:46:29    -1304.476429        0.098669
FIRE:  111 19:46:49    -1304.496616        0.111812
FIRE:  112 19:47:09    -1304.519311        0.096457
FIRE:  113 19:47:29    -1304.535865        0.114646
FIRE:  114 19:47:48    -1304.559823        0.143124
FIRE:  115 19:48:08    -1304.589790        0.187652
FIRE:  116 19:48:28    -1304.630054        0.179698
FIRE:  117 19:48:48    -1304.666898        0.127688
FIRE:  118 19:49:07    -1304.699524        0.124219
FIRE:  119 19:49:27    -1304.735190        0.161927
FIRE:  120 19:49:47    -1304.777320        0.177974
FIRE:  121 19:50:07    -1304.812723        0.218311
FIRE:  122 19:50:26    -1304.832643        0.190795
FIRE:  123 19:50:46    -1304.848431        0.091985
FIRE:  124 19:51:06    -1304.858514        0.144177
FIRE:  125 19:51:26    -1304.872169        0.071861
FIRE:  126 19:51:46    -1304.880439        0.177192
FIRE:  127 19:52:05    -1304.883783        0.123859
FIRE:  128 19:52:25    -1304.887392        0.059334
FIRE:  129 19:52:45    -1304.889630        0.105825
FIRE:  130 19:53:05    -1304.891867        0.127074
FIRE:  131 19:53:25    -1304.895365        0.113806
FIRE:  132 19:53:44    -1304.899760        0.065608
FIRE:  133 19:54:04    -1304.903880        0.075637
FIRE:  134 19:54:24    -1304.908522        0.119337
FIRE:  135 19:54:44    -1304.915795        0.085432
FIRE:  136 19:55:04    -1304.924467        0.047586
FIRE:  137 19:55:23    -1304.932425        0.067630
FIRE:  138 19:55:43    -1304.941190        0.036793
FIRE:  139 19:56:03    -1304.948868        0.074122
FIRE:  140 19:56:23    -1304.957990        0.050338
FIRE:  141 19:56:42    -1304.969797        0.112659
FIRE:  142 19:57:02    -1304.988561        0.266664
FIRE:  143 19:57:22    -1305.001843        0.566088
FIRE:  144 19:57:42    -1305.037711        0.215062
FIRE:  145 19:58:02    -1305.025565        0.579574
FIRE:  146 19:58:21    -1305.043905        0.362677
FIRE:  147 19:58:41    -1305.059652        0.211355
FIRE:  148 19:59:01    -1305.061512        0.259685
FIRE:  149 19:59:21    -1305.062617        0.245751
FIRE:  150 19:59:40    -1305.064656        0.218667
FIRE:  151 20:00:00    -1305.067320        0.206598
FIRE:  152 20:00:20    -1305.070261        0.204367
FIRE:  153 20:00:40    -1305.073189        0.201659
FIRE:  154 20:01:00    -1305.076036        0.198550
FIRE:  155 20:01:19    -1305.078940        0.195155
FIRE:  156 20:01:39    -1305.082579        0.191239
FIRE:  157 20:01:59    -1305.087473        0.186905
FIRE:  158 20:02:19    -1305.094108        0.182363
FIRE:  159 20:02:38    -1305.102585        0.177932
FIRE:  160 20:02:58    -1305.112675        0.173984
FIRE:  161 20:03:18    -1305.124389        0.170630
FIRE:  162 20:03:38    -1305.138807        0.167207
FIRE:  163 20:03:58    -1305.157283        0.162327
FIRE:  164 20:04:17    -1305.179984        0.154895
FIRE:  165 20:04:37    -1305.206552        0.145044
FIRE:  166 20:04:57    -1305.237954        0.132407
FIRE:  167 20:05:17    -1305.273361        0.106988
FIRE:  168 20:05:37    -1305.307947        0.129280
FIRE:  169 20:05:56    -1305.338117        0.182192
FIRE:  170 20:06:16    -1305.366114        0.199048
FIRE:  171 20:06:36    -1305.392894        0.156742
FIRE:  172 20:06:56    -1305.411655        0.219201
FIRE:  173 20:07:15    -1305.417830        0.165894
FIRE:  174 20:07:35    -1305.427670        0.118282
FIRE:  175 20:07:55    -1305.438472        0.108332
FIRE:  176 20:08:15    -1305.449230        0.105684
FIRE:  177 20:08:35    -1305.459887        0.121784
FIRE:  178 20:08:55    -1305.469985        0.112166
FIRE:  179 20:09:14    -1305.478604        0.077433
FIRE:  180 20:09:34    -1305.485287        0.050915
FIRE:  181 20:09:54    -1305.489004        0.076128
FIRE:  182 20:10:14    -1305.490813        0.058744
FIRE:  183 20:10:34    -1305.491252        0.056901
FIRE:  184 20:10:53    -1305.492055        0.053305
FIRE:  185 20:11:13    -1305.493080        0.048145
FIRE:  186 20:11:33    -1305.494185        0.041727
FIRE:  187 20:11:53    -1305.495298        0.034509
FIRE:  188 20:12:12    -1305.496409        0.027091
FIRE:  189 20:12:32    -1305.497531        0.025810
FIRE:  190 20:12:52    -1305.498794        0.025313
FIRE:  191 20:13:12    -1305.500216        0.026064
FIRE:  192 20:13:32    -1305.501764        0.027708
FIRE:  193 20:13:51    -1305.503362        0.030007
FIRE:  194 20:14:11    -1305.504981        0.033188
FIRE:  195 20:14:31    -1305.506835        0.037570
FIRE:  196 20:14:51    -1305.509327        0.043776
FIRE:  197 20:15:11    -1305.512720        0.053195
FIRE:  198 20:15:33    -1305.517464        0.068883
FIRE:  199 20:15:53    -1305.524842        0.097087
FIRE:  200 20:16:13    -1305.537893        0.145333
FIRE:  201 20:16:33    -1305.561791        0.179894
FIRE:  202 20:16:52    -1305.585966        0.118417
FIRE:  203 20:17:12    -1305.587657        0.331527
FIRE:  204 20:17:32    -1305.596368        0.254269
FIRE:  205 20:17:52    -1305.607018        0.124355
FIRE:  206 20:18:12    -1305.612760        0.066504
FIRE:  207 20:18:31    -1305.613238        0.129387
FIRE:  208 20:18:51    -1305.613804        0.121656
FIRE:  209 20:19:11    -1305.614846        0.108803
FIRE:  210 20:19:31    -1305.616203        0.096877
FIRE:  211 20:19:50    -1305.617685        0.081738
FIRE:  212 20:20:10    -1305.619125        0.064356
FIRE:  213 20:20:30    -1305.620412        0.046454
FIRE:  214 20:20:50    -1305.621555        0.040849
FIRE:  215 20:21:09    -1305.622740        0.055968
FIRE:  216 20:21:29    -1305.624151        0.072701
FIRE:  217 20:21:49    -1305.625990        0.078198
FIRE:  218 20:22:09    -1305.628383        0.069582
FIRE:  219 20:22:28    -1305.631215        0.047165
FIRE:  220 20:22:48    -1305.634117        0.027130
FIRE:  221 20:23:08    -1305.636733        0.032763
FIRE:  222 20:23:28    -1305.639002        0.042239
FIRE:  223 20:23:47    -1305.641142        0.036903
FIRE:  224 20:24:07    -1305.642964        0.021151
FIRE:  225 20:24:27    -1305.643938        0.032045
FIRE:  226 20:24:47    -1305.644443        0.035172
FIRE:  227 20:25:06    -1305.644608        0.031763
FIRE:  228 20:25:26    -1305.644865        0.025464
FIRE:  229 20:25:46    -1305.645126        0.017339
FIRE:  230 20:26:06    -1305.645334        0.009883
MACE calculation complete. Energy written to MACE_OUTCAR: -1305.645334 eV
Job ended on: Thu 12 Jun 19:26:15 UTC 2025
