Si Bulk DFT energetics calculations using VASP
Running on host: comp120
Working directory: /lustre/home/ah1365/projects/127870/upgrade_report/case_studies/common/structures/interfaces/264_Sn108Si156_001_001_a0.07732_b0.082474_c2.1_interface2shift5swap4
Job started on: Fri 13 Jun 10:50:24 UTC 2025
cuequivariance or cuequivariance_torch is not available. Cuequivariance acceleration will be disabled.
Using Materials Project MACE for MACECalculator with /lustre/home/ah1365/.cache/mace/MACE_MPtrj_20229model
Using float64 for MACECalculator, which is slower but more accurate. Recommended for geometry optimization.
Using TorchDFTD3Calculator for D3 dispersion corrections
      Step     Time          Energy          fmax
FIRE:    0 11:51:38    -1241.597399        6.267132
FIRE:    1 11:51:59    -1247.603306        5.106932
FIRE:    2 11:52:19    -1252.864227        4.156213
FIRE:    3 11:52:38    -1257.471667        3.377199
FIRE:    4 11:52:58    -1261.503478        2.746947
FIRE:    5 11:53:18    -1265.025993        2.231779
FIRE:    6 11:53:38    -1268.096539        1.859100
FIRE:    7 11:53:57    -1270.766940        1.687189
FIRE:    8 11:54:17    -1273.090009        1.605816
FIRE:    9 11:54:37    -1275.118468        1.562005
FIRE:   10 11:54:57    -1276.904350        1.503997
FIRE:   11 11:55:16    -1278.495803        1.436575
FIRE:   12 11:55:36    -1279.934090        1.365134
FIRE:   13 11:55:56    -1281.251615        1.294432
FIRE:   14 11:56:16    -1282.472178        1.227664
FIRE:   15 11:56:36    -1283.613255        1.165913
FIRE:   16 11:56:56    -1284.689261        1.107884
FIRE:   17 11:57:15    -1285.713353        1.050179
FIRE:   18 11:57:35    -1286.697954        0.990976
FIRE:   19 11:57:55    -1287.653839        0.921839
FIRE:   20 11:58:15    -1288.588089        0.839009
FIRE:   21 11:58:35    -1289.502355        0.742577
FIRE:   22 11:58:55    -1290.392537        0.681460
FIRE:   23 11:59:15    -1291.249933        0.665877
FIRE:   24 11:59:34    -1292.064048        0.644333
FIRE:   25 11:59:54    -1292.825831        0.655681
FIRE:   26 12:00:14    -1293.530721        0.670557
FIRE:   27 12:00:34    -1294.179672        0.682649
FIRE:   28 12:00:54    -1294.778665        0.689745
FIRE:   29 12:01:14    -1295.337040        0.687503
FIRE:   30 12:01:34    -1295.864385        0.669141
FIRE:   31 12:01:54    -1296.367673        0.626882
FIRE:   32 12:02:13    -1296.847469        0.555508
FIRE:   33 12:02:33    -1297.299763        0.503853
FIRE:   34 12:02:53    -1297.718516        0.540901
FIRE:   35 12:03:13    -1298.098679        0.578171
FIRE:   36 12:03:33    -1298.438822        0.608783
FIRE:   37 12:03:53    -1298.740766        0.623759
FIRE:   38 12:04:13    -1299.007759        0.613723
FIRE:   39 12:04:33    -1299.242217        0.574759
FIRE:   40 12:04:53    -1299.446611        0.514514
FIRE:   41 12:05:12    -1299.625383        0.468626
FIRE:   42 12:05:32    -1299.786622        0.571489
FIRE:   43 12:05:52    -1299.941174        0.657853
FIRE:   44 12:06:12    -1300.100456        0.694252
FIRE:   45 12:06:32    -1300.273657        0.710655
FIRE:   46 12:06:52    -1300.465082        0.691192
FIRE:   47 12:07:12    -1300.672955        0.615084
FIRE:   48 12:07:32    -1300.889979        0.497053
FIRE:   49 12:07:52    -1301.102526        0.481773
FIRE:   50 12:08:12    -1301.287699        0.478498
FIRE:   51 12:08:32    -1301.426598        0.442797
FIRE:   52 12:08:52    -1301.526717        0.461648
FIRE:   53 12:09:11    -1301.605346        0.545757
FIRE:   54 12:09:31    -1301.665056        0.699766
FIRE:   55 12:09:51    -1301.698329        0.965181
FIRE:   56 12:10:11    -1302.081351        0.390779
FIRE:   57 12:10:31    -1302.300668        0.159150
FIRE:   58 12:10:51    -1302.424583        0.248659
FIRE:   59 12:11:11    -1302.507808        0.323541
FIRE:   60 12:11:31    -1302.589783        0.330645
FIRE:   61 12:11:51    -1302.681351        0.246620
FIRE:   62 12:12:11    -1302.770911        0.183667
FIRE:   63 12:12:31    -1302.849152        0.137011
FIRE:   64 12:12:51    -1302.915119        0.158529
FIRE:   65 12:13:11    -1302.975038        0.188510
FIRE:   66 12:13:31    -1303.035354        0.192893
FIRE:   67 12:13:51    -1303.092735        0.153964
FIRE:   68 12:14:11    -1303.132659        0.142918
FIRE:   69 12:14:31    -1303.158867        0.211283
FIRE:   70 12:14:51    -1303.188767        0.135489
FIRE:   71 12:15:11    -1303.219350        0.114781
FIRE:   72 12:15:31    -1303.246009        0.142209
FIRE:   73 12:15:51    -1303.269171        0.106087
FIRE:   74 12:16:11    -1303.287960        0.087847
FIRE:   75 12:16:31    -1303.327604        0.081087
FIRE:   76 12:16:51    -1303.345804        0.074443
FIRE:   77 12:17:11    -1303.357793        0.058827
FIRE:   78 12:17:30    -1303.366432        0.061983
FIRE:   79 12:17:50    -1303.371971        0.067878
FIRE:   80 12:18:10    -1303.377977        0.061607
FIRE:   81 12:18:30    -1303.385703        0.058206
FIRE:   82 12:18:50    -1303.399190        0.051081
FIRE:   83 12:19:10    -1303.412393        0.058237
FIRE:   84 12:19:30    -1303.425026        0.055231
FIRE:   85 12:19:50    -1303.441064        0.048877
FIRE:   86 12:20:10    -1303.457618        0.054954
FIRE:   87 12:20:30    -1303.475484        0.060657
FIRE:   88 12:20:50    -1303.497716        0.062266
FIRE:   89 12:21:10    -1303.518414        0.078767
FIRE:   90 12:21:30    -1303.535908        0.077978
FIRE:   91 12:21:50    -1303.553254        0.119489
FIRE:   92 12:22:10    -1303.575721        0.210654
FIRE:   93 12:22:30    -1303.615925        0.256136
FIRE:   94 12:22:50    -1303.655059        0.237518
FIRE:   95 12:23:10    -1303.668237        0.204332
FIRE:   96 12:23:30    -1303.675525        0.122510
FIRE:   97 12:23:50    -1303.680928        0.118433
FIRE:   98 12:24:10    -1303.683888        0.137462
FIRE:   99 12:24:30    -1303.691557        0.135335
FIRE:  100 12:24:50    -1303.703333        0.106344
FIRE:  101 12:25:10    -1303.712880        0.102331
FIRE:  102 12:25:30    -1303.721860        0.131380
FIRE:  103 12:25:50    -1303.736558        0.099200
FIRE:  104 12:26:10    -1303.752514        0.108516
FIRE:  105 12:26:30    -1303.770047        0.115317
FIRE:  106 12:26:50    -1303.793321        0.107259
FIRE:  107 12:27:10    -1303.812334        0.111604
FIRE:  108 12:27:30    -1303.826907        0.110853
FIRE:  109 12:27:50    -1303.834536        0.143754
FIRE:  110 12:28:10    -1303.840049        0.118708
FIRE:  111 12:28:30    -1303.843458        0.093724
FIRE:  112 12:28:49    -1303.846437        0.083778
FIRE:  113 12:29:09    -1303.848911        0.087078
FIRE:  114 12:29:29    -1303.853140        0.073040
FIRE:  115 12:29:49    -1303.857464        0.043504
FIRE:  116 12:30:09    -1303.859845        0.058771
FIRE:  117 12:30:29    -1303.862377        0.073873
FIRE:  118 12:30:49    -1303.865665        0.044999
FIRE:  119 12:31:09    -1303.867815        0.062017
FIRE:  120 12:31:29    -1303.871495        0.053704
FIRE:  121 12:31:49    -1303.875116        0.051812
FIRE:  122 12:32:09    -1303.879422        0.059271
FIRE:  123 12:32:29    -1303.883185        0.068260
FIRE:  124 12:32:49    -1303.888287        0.033781
FIRE:  125 12:33:09    -1303.892576        0.085879
FIRE:  126 12:33:29    -1303.895333        0.140134
FIRE:  127 12:33:49    -1303.897654        0.042672
FIRE:  128 12:34:09    -1303.897605        0.097619
FIRE:  129 12:34:29    -1303.897992        0.078815
FIRE:  130 12:34:49    -1303.898529        0.045427
FIRE:  131 12:35:09    -1303.898929        0.027115
FIRE:  132 12:35:29    -1303.899103        0.032839
FIRE:  133 12:35:49    -1303.899230        0.055187
FIRE:  134 12:36:09    -1303.899531        0.061980
FIRE:  135 12:36:29    -1303.900054        0.052557
FIRE:  136 12:36:49    -1303.900728        0.028506
FIRE:  137 12:37:09    -1303.901329        0.029245
FIRE:  138 12:37:29    -1303.901813        0.043905
FIRE:  139 12:37:49    -1303.902558        0.049204
FIRE:  140 12:38:09    -1303.903673        0.033971
FIRE:  141 12:38:29    -1303.904789        0.036803
FIRE:  142 12:38:49    -1303.906202        0.044928
FIRE:  143 12:39:09    -1303.908413        0.043819
FIRE:  144 12:39:29    -1303.910963        0.045688
FIRE:  145 12:39:48    -1303.914617        0.041970
FIRE:  146 12:40:08    -1303.918476        0.047156
FIRE:  147 12:40:28    -1303.922316        0.037034
FIRE:  148 12:40:48    -1303.925311        0.046126
FIRE:  149 12:41:08    -1303.929024        0.064902
FIRE:  150 12:41:28    -1303.935321        0.101567
FIRE:  151 12:41:48    -1303.941007        0.202415
FIRE:  152 12:42:08    -1303.946000        0.048636
FIRE:  153 12:42:28    -1303.945044        0.191005
FIRE:  154 12:42:48    -1303.946643        0.139512
FIRE:  155 12:43:08    -1303.948471        0.053955
FIRE:  156 12:43:28    -1303.949246        0.042191
FIRE:  157 12:43:48    -1303.949308        0.042242
FIRE:  158 12:44:08    -1303.949429        0.042345
FIRE:  159 12:44:28    -1303.949601        0.042498
FIRE:  160 12:44:48    -1303.949817        0.042702
FIRE:  161 12:45:08    -1303.950073        0.042956
FIRE:  162 12:45:28    -1303.950355        0.043258
FIRE:  163 12:45:48    -1303.950674        0.043607
FIRE:  164 12:46:08    -1303.951067        0.044043
FIRE:  165 12:46:28    -1303.951561        0.044576
FIRE:  166 12:46:48    -1303.952183        0.045221
FIRE:  167 12:47:08    -1303.952963        0.045987
FIRE:  168 12:47:28    -1303.953927        0.046890
FIRE:  169 12:47:48    -1303.955082        0.047937
FIRE:  170 12:48:07    -1303.956483        0.049125
FIRE:  171 12:48:27    -1303.958201        0.050427
FIRE:  172 12:48:47    -1303.960339        0.051780
FIRE:  173 12:49:07    -1303.962971        0.054478
FIRE:  174 12:49:27    -1303.966265        0.058019
FIRE:  175 12:49:47    -1303.970439        0.060955
FIRE:  176 12:50:07    -1303.975633        0.060838
FIRE:  177 12:50:27    -1303.981853        0.052302
FIRE:  178 12:50:47    -1303.988303        0.033521
FIRE:  179 12:51:07    -1303.993283        0.023659
FIRE:  180 12:51:27    -1303.996002        0.038942
FIRE:  181 12:51:47    -1303.998118        0.039662
FIRE:  182 12:52:07    -1304.001283        0.027426
FIRE:  183 12:52:27    -1304.006158        0.033367
FIRE:  184 12:52:47    -1304.011450        0.042724
FIRE:  185 12:53:07    -1304.014131        0.127495
FIRE:  186 12:53:27    -1304.017216        0.049099
FIRE:  187 12:53:47    -1304.018171        0.120984
FIRE:  188 12:54:07    -1304.018908        0.087682
FIRE:  189 12:54:27    -1304.019787        0.032944
FIRE:  190 12:54:47    -1304.020266        0.034330
FIRE:  191 12:55:07    -1304.020470        0.071281
FIRE:  192 12:55:27    -1304.020923        0.085470
FIRE:  193 12:55:47    -1304.021843        0.070915
FIRE:  194 12:56:07    -1304.022948        0.045470
FIRE:  195 12:56:27    -1304.023931        0.050474
FIRE:  196 12:56:50    -1304.024829        0.063034
FIRE:  197 12:57:10    -1304.026389        0.066336
FIRE:  198 12:57:30    -1304.028739        0.077700
FIRE:  199 12:57:50    -1304.031451        0.091566
FIRE:  200 12:58:10    -1304.035629        0.105550
FIRE:  201 12:58:30    -1304.041830        0.112442
FIRE:  202 12:58:50    -1304.049394        0.092284
FIRE:  203 12:59:10    -1304.057680        0.136154
FIRE:  204 12:59:30    -1304.065634        0.172154
FIRE:  205 12:59:50    -1304.076374        0.057585
FIRE:  206 13:00:10    -1304.082332        0.098545
FIRE:  207 13:00:30    -1304.083664        0.073449
FIRE:  208 13:00:50    -1304.085311        0.030678
FIRE:  209 13:01:10    -1304.086501        0.035659
FIRE:  210 13:01:30    -1304.087437        0.063726
FIRE:  211 13:01:50    -1304.088510        0.068699
FIRE:  212 13:02:10    -1304.089777        0.044968
FIRE:  213 13:02:30    -1304.090946        0.021761
FIRE:  214 13:02:50    -1304.091950        0.049510
FIRE:  215 13:03:10    -1304.093204        0.059992
FIRE:  216 13:03:29    -1304.094968        0.045414
FIRE:  217 13:03:50    -1304.096749        0.038613
FIRE:  218 13:04:10    -1304.098463        0.050439
FIRE:  219 13:04:30    -1304.100564        0.019721
FIRE:  220 13:04:50    -1304.102669        0.026656
FIRE:  221 13:05:10    -1304.104788        0.032926
FIRE:  222 13:05:30    -1304.106560        0.080209
FIRE:  223 13:05:50    -1304.107518        0.021759
FIRE:  224 13:06:10    -1304.107456        0.064746
FIRE:  225 13:06:30    -1304.107669        0.049516
FIRE:  226 13:06:50    -1304.107936        0.023271
FIRE:  227 13:07:09    -1304.108089        0.016152
FIRE:  228 13:07:29    -1304.108117        0.033340
FIRE:  229 13:07:49    -1304.108136        0.031582
FIRE:  230 13:08:09    -1304.108171        0.028165
FIRE:  231 13:08:29    -1304.108218        0.023290
FIRE:  232 13:08:49    -1304.108270        0.017273
FIRE:  233 13:09:10    -1304.108321        0.015064
FIRE:  234 13:09:30    -1304.108369        0.014921
FIRE:  235 13:09:50    -1304.108418        0.014753
FIRE:  236 13:10:10    -1304.108469        0.014545
FIRE:  237 13:10:30    -1304.108535        0.015038
FIRE:  238 13:10:50    -1304.108626        0.016837
FIRE:  239 13:11:10    -1304.108750        0.015508
FIRE:  240 13:11:30    -1304.108906        0.015507
FIRE:  241 13:11:50    -1304.109092        0.015999
FIRE:  242 13:12:10    -1304.109297        0.016656
FIRE:  243 13:12:30    -1304.109540        0.017534
FIRE:  244 13:12:50    -1304.109858        0.018707
FIRE:  245 13:13:10    -1304.110266        0.020296
FIRE:  246 13:13:30    -1304.110756        0.022492
FIRE:  247 13:13:50    -1304.111388        0.025556
FIRE:  248 13:14:10    -1304.112236        0.029848
FIRE:  249 13:14:30    -1304.113370        0.035874
FIRE:  250 13:14:50    -1304.114998        0.044018
FIRE:  251 13:15:10    -1304.117377        0.053932
FIRE:  252 13:15:30    -1304.120922        0.062783
FIRE:  253 13:15:50    -1304.125881        0.063861
FIRE:  254 13:16:10    -1304.131662        0.050766
FIRE:  255 13:16:30    -1304.136728        0.033683
FIRE:  256 13:16:50    -1304.140862        0.075255
FIRE:  257 13:17:10    -1304.149793        0.103135
FIRE:  258 13:17:30    -1304.170486        0.118463
FIRE:  259 13:17:50    -1304.173150        0.327616
FIRE:  260 13:18:10    -1304.189720        0.140029
FIRE:  261 13:18:30    -1304.191654        0.096073
FIRE:  262 13:18:50    -1304.193658        0.053009
FIRE:  263 13:19:10    -1304.194409        0.063227
FIRE:  264 13:19:30    -1304.194585        0.057627
FIRE:  265 13:19:50    -1304.194902        0.047001
FIRE:  266 13:20:09    -1304.195309        0.039384
FIRE:  267 13:20:29    -1304.195750        0.037829
FIRE:  268 13:20:49    -1304.196186        0.036348
FIRE:  269 13:21:09    -1304.196613        0.035940
FIRE:  270 13:21:29    -1304.197071        0.035490
FIRE:  271 13:21:49    -1304.197654        0.034960
FIRE:  272 13:22:09    -1304.198414        0.034350
FIRE:  273 13:22:29    -1304.199368        0.033662
FIRE:  274 13:22:49    -1304.200458        0.032902
FIRE:  275 13:23:09    -1304.201633        0.032078
FIRE:  276 13:23:29    -1304.202930        0.031201
FIRE:  277 13:23:49    -1304.204480        0.030277
FIRE:  278 13:24:09    -1304.206275        0.029311
FIRE:  279 13:24:29    -1304.208130        0.028301
FIRE:  280 13:24:49    -1304.210166        0.027090
FIRE:  281 13:25:09    -1304.212355        0.025307
FIRE:  282 13:25:29    -1304.214429        0.023231
FIRE:  283 13:25:49    -1304.216511        0.017083
FIRE:  284 13:26:09    -1304.218257        0.024522
FIRE:  285 13:26:29    -1304.219659        0.020363
FIRE:  286 13:26:49    -1304.220647        0.015731
FIRE:  287 13:27:09    -1304.221346        0.024382
FIRE:  288 13:27:29    -1304.222216        0.042394
FIRE:  289 13:27:49    -1304.223735        0.073108
FIRE:  290 13:28:09    -1304.225763        0.154045
FIRE:  291 13:28:29    -1304.228044        0.024406
FIRE:  292 13:28:49    -1304.227523        0.129781
FIRE:  293 13:29:09    -1304.228220        0.100036
FIRE:  294 13:29:29    -1304.229087        0.046458
FIRE:  295 13:29:49    -1304.229539        0.025216
FIRE:  296 13:30:09    -1304.229582        0.071698
FIRE:  297 13:30:29    -1304.229652        0.067185
FIRE:  298 13:30:49    -1304.229785        0.058484
FIRE:  299 13:31:09    -1304.229954        0.046236
FIRE:  300 13:31:29    -1304.230141        0.031384
FIRE:  301 13:31:49    -1304.230323        0.025479
FIRE:  302 13:32:09    -1304.230493        0.025521
FIRE:  303 13:32:29    -1304.230650        0.025569
FIRE:  304 13:32:49    -1304.230826        0.027347
FIRE:  305 13:33:09    -1304.231053        0.035193
FIRE:  306 13:33:29    -1304.231371        0.036969
FIRE:  307 13:33:49    -1304.231806        0.031209
FIRE:  308 13:34:09    -1304.232345        0.025961
FIRE:  309 13:34:29    -1304.232949        0.026054
FIRE:  310 13:34:48    -1304.233621        0.026137
FIRE:  311 13:35:08    -1304.234430        0.029303
FIRE:  312 13:35:28    -1304.235478        0.026200
FIRE:  313 13:35:48    -1304.236707        0.026142
FIRE:  314 13:36:08    -1304.238073        0.026006
FIRE:  315 13:36:28    -1304.239747        0.026542
FIRE:  316 13:36:48    -1304.241756        0.026938
FIRE:  317 13:37:08    -1304.244137        0.027072
FIRE:  318 13:37:28    -1304.247214        0.026811
FIRE:  319 13:37:48    -1304.251086        0.026006
FIRE:  320 13:38:08    -1304.256410        0.029454
FIRE:  321 13:38:28    -1304.264021        0.038199
FIRE:  322 13:38:48    -1304.275808        0.052443
FIRE:  323 13:39:08    -1304.295739        0.078211
FIRE:  324 13:39:28    -1304.331172        0.111072
FIRE:  325 13:39:48    -1304.373833        0.119895
FIRE:  326 13:40:08    -1304.408890        0.120600
FIRE:  327 13:40:28    -1304.437383        0.131736
FIRE:  328 13:40:48    -1304.462531        0.093364
FIRE:  329 13:41:08    -1304.485078        0.094050
FIRE:  330 13:41:28    -1304.512674        0.110112
FIRE:  331 13:41:48    -1304.538268        0.097580
FIRE:  332 13:42:08    -1304.565864        0.128627
FIRE:  333 13:42:28    -1304.596392        0.151029
FIRE:  334 13:42:48    -1304.637020        0.169703
FIRE:  335 13:43:08    -1304.686628        0.169205
FIRE:  336 13:43:28    -1304.730132        0.137393
FIRE:  337 13:43:48    -1304.762741        0.231106
FIRE:  338 13:44:08    -1304.792562        0.209344
FIRE:  339 13:44:28    -1304.819198        0.225986
FIRE:  340 13:44:48    -1304.851658        0.190691
FIRE:  341 13:45:08    -1304.892428        0.204363
FIRE:  342 13:45:28    -1304.934836        0.163096
FIRE:  343 13:45:48    -1304.973406        0.228778
FIRE:  344 13:46:08    -1305.019303        0.331609
FIRE:  345 13:46:28    -1305.085549        0.278320
FIRE:  346 13:46:48    -1305.157363        0.328095
FIRE:  347 13:47:08    -1305.229148        0.318860
FIRE:  348 13:47:28    -1305.292102        0.276791
FIRE:  349 13:47:48    -1305.334664        0.419046
FIRE:  350 13:48:08    -1305.364348        0.447061
FIRE:  351 13:48:28    -1305.402445        0.288423
FIRE:  352 13:48:48    -1305.444981        0.190208
FIRE:  353 13:49:08    -1305.473318        0.173094
FIRE:  354 13:49:28    -1305.482426        0.217173
FIRE:  355 13:49:48    -1305.518002        0.205188
FIRE:  356 13:50:08    -1305.530995        0.107256
FIRE:  357 13:50:28    -1305.536827        0.119675
