Si Bulk DFT energetics calculations using VASP
Running on host: comp043
Working directory: /lustre/home/ah1365/projects/127870/upgrade_report/case_studies/common/structures/interfaces/264_Sn108Si156_001_001_a0.07732_b0.082474_c2.1_interface2shift5swap6
Job started on: Fri 13 Jun 11:24:41 UTC 2025
cuequivariance or cuequivariance_torch is not available. Cuequivariance acceleration will be disabled.
Using Materials Project MACE for MACECalculator with /lustre/home/ah1365/.cache/mace/MACE_MPtrj_20229model
Using float64 for MACECalculator, which is slower but more accurate. Recommended for geometry optimization.
Using TorchDFTD3Calculator for D3 dispersion corrections
      Step     Time          Energy          fmax
FIRE:    0 12:26:07    -1233.793167        6.488976
FIRE:    1 12:26:27    -1240.308083        5.644690
FIRE:    2 12:26:47    -1246.061268        4.883508
FIRE:    3 12:27:07    -1251.144981        4.206242
FIRE:    4 12:27:26    -1255.639092        3.613560
FIRE:    5 12:27:46    -1259.612041        3.098067
FIRE:    6 12:28:05    -1263.121125        2.645670
FIRE:    7 12:28:25    -1266.215522        2.350045
FIRE:    8 12:28:45    -1268.941640        2.144654
FIRE:    9 12:29:04    -1271.343772        1.916379
FIRE:   10 12:29:24    -1273.465817        1.674972
FIRE:   11 12:29:44    -1275.350883        1.430638
FIRE:   12 12:30:03    -1277.040124        1.241889
FIRE:   13 12:30:23    -1278.570572        1.183463
FIRE:   14 12:30:43    -1279.973793        1.117886
FIRE:   15 12:31:02    -1281.275122        1.048464
FIRE:   16 12:31:22    -1282.494475        1.023549
FIRE:   17 12:31:42    -1283.647733        1.012472
FIRE:   18 12:32:02    -1284.747636        1.000158
FIRE:   19 12:32:21    -1285.804613        0.983338
FIRE:   20 12:32:41    -1286.826363        0.958299
FIRE:   21 12:33:01    -1287.817511        0.921784
FIRE:   22 12:33:21    -1288.779685        0.872379
FIRE:   23 12:33:40    -1289.711711        0.811313
FIRE:   24 12:34:00    -1290.609996        0.754471
FIRE:   25 12:34:20    -1291.469328        0.736034
FIRE:   26 12:34:39    -1292.283490        0.711828
FIRE:   27 12:34:59    -1293.045703        0.679650
FIRE:   28 12:35:19    -1293.750229        0.638651
FIRE:   29 12:35:39    -1294.393340        0.589423
FIRE:   30 12:35:58    -1294.974621        0.533401
FIRE:   31 12:36:18    -1295.496796        0.472051
FIRE:   32 12:36:38    -1295.964084        0.439844
FIRE:   33 12:36:58    -1296.382298        0.462598
FIRE:   34 12:37:17    -1296.758086        0.497209
FIRE:   35 12:37:37    -1297.098693        0.536468
FIRE:   36 12:37:57    -1297.411992        0.579512
FIRE:   37 12:38:17    -1297.706611        0.625520
FIRE:   38 12:38:36    -1297.992054        0.673160
FIRE:   39 12:38:56    -1298.278266        0.718135
FIRE:   40 12:39:16    -1298.573295        0.747396
FIRE:   41 12:39:35    -1298.879815        0.737830
FIRE:   42 12:39:55    -1299.191105        0.678219
FIRE:   43 12:40:15    -1299.489389        0.577924
FIRE:   44 12:40:34    -1299.746572        0.430612
FIRE:   45 12:40:54    -1299.943897        0.437879
FIRE:   46 12:41:14    -1300.099116        0.462279
FIRE:   47 12:41:33    -1300.232137        0.459740
FIRE:   48 12:41:53    -1300.337918        0.551746
FIRE:   49 12:42:13    -1300.405275        0.784614
FIRE:   50 12:42:33    -1300.430118        1.045215
FIRE:   51 12:42:52    -1300.850534        0.333914
FIRE:   52 12:43:12    -1301.088001        0.213390
FIRE:   53 12:43:32    -1301.237123        0.332972
FIRE:   54 12:43:51    -1301.356300        0.403650
FIRE:   55 12:44:11    -1301.472531        0.362696
FIRE:   56 12:44:31    -1301.593164        0.279509
FIRE:   57 12:44:50    -1301.714188        0.206191
FIRE:   58 12:45:10    -1301.828745        0.182051
FIRE:   59 12:45:30    -1301.930133        0.183194
FIRE:   60 12:45:50    -1302.022337        0.219541
FIRE:   61 12:46:09    -1302.115270        0.258184
FIRE:   62 12:46:29    -1302.209785        0.191263
FIRE:   63 12:46:49    -1302.299166        0.200960
FIRE:   64 12:47:09    -1302.386602        0.260809
FIRE:   65 12:47:29    -1302.482340        0.342519
FIRE:   66 12:47:48    -1302.591001        0.438198
FIRE:   67 12:48:08    -1302.710027        0.495673
FIRE:   68 12:48:28    -1302.830435        0.433840
FIRE:   69 12:48:47    -1302.943764        0.343863
FIRE:   70 12:49:07    -1303.061782        0.328539
FIRE:   71 12:49:27    -1303.149741        0.397432
FIRE:   72 12:49:47    -1303.169946        0.985446
FIRE:   73 12:50:06    -1303.304423        0.401350
FIRE:   74 12:50:26    -1303.339511        0.383872
FIRE:   75 12:50:46    -1303.386061        0.404005
FIRE:   76 12:51:05    -1303.440314        0.373323
FIRE:   77 12:51:25    -1303.502161        0.208641
FIRE:   78 12:51:45    -1303.535643        0.474465
FIRE:   79 12:52:05    -1303.542587        0.419979
FIRE:   80 12:52:24    -1303.553977        0.324824
FIRE:   81 12:52:44    -1303.566591        0.213097
FIRE:   82 12:53:04    -1303.578772        0.163964
FIRE:   83 12:53:24    -1303.591033        0.183740
FIRE:   84 12:53:43    -1303.604848        0.228692
FIRE:   85 12:54:03    -1303.621234        0.251754
FIRE:   86 12:54:23    -1303.642647        0.255510
FIRE:   87 12:54:43    -1303.669710        0.234000
FIRE:   88 12:55:02    -1303.703106        0.203834
FIRE:   89 12:55:22    -1303.743601        0.237543
FIRE:   90 12:55:42    -1303.793257        0.242287
FIRE:   91 12:56:01    -1303.855696        0.203306
FIRE:   92 12:56:21    -1303.924315        0.276191
FIRE:   93 12:56:41    -1303.985168        0.368484
FIRE:   94 12:57:01    -1304.055295        0.213002
FIRE:   95 12:57:20    -1304.124216        0.238192
FIRE:   96 12:57:40    -1304.191664        0.246870
FIRE:   97 12:58:00    -1304.258174        0.202870
FIRE:   98 12:58:19    -1304.311604        0.135174
FIRE:   99 12:58:39    -1304.347738        0.228708
FIRE:  100 12:58:59    -1304.383525        0.201160
FIRE:  101 12:59:19    -1304.425100        0.230398
FIRE:  102 12:59:38    -1304.473062        0.304685
FIRE:  103 12:59:58    -1304.529768        0.192134
FIRE:  104 13:00:18    -1304.561169        0.415948
FIRE:  105 13:00:37    -1304.592435        0.166700
FIRE:  106 13:00:57    -1304.613849        0.272328
FIRE:  107 13:01:17    -1304.654694        0.221014
FIRE:  108 13:01:37    -1304.696779        0.194176
FIRE:  109 13:01:56    -1304.735799        0.232544
FIRE:  110 13:02:16    -1304.781833        0.215084
FIRE:  111 13:02:36    -1304.821031        0.163149
FIRE:  112 13:02:56    -1304.855648        0.284909
FIRE:  113 13:03:15    -1304.886317        0.290208
FIRE:  114 13:03:35    -1304.928077        0.137511
FIRE:  115 13:03:55    -1304.949233        0.237003
FIRE:  116 13:04:15    -1304.962012        0.116557
FIRE:  117 13:04:34    -1304.969598        0.109108
FIRE:  118 13:04:54    -1304.970930        0.092644
FIRE:  119 13:05:14    -1304.973115        0.076743
FIRE:  120 13:05:33    -1304.975557        0.077228
FIRE:  121 13:05:53    -1304.977936        0.077821
FIRE:  122 13:06:13    -1304.980442        0.078402
FIRE:  123 13:06:33    -1304.983374        0.078780
FIRE:  124 13:06:52    -1304.986822        0.078734
FIRE:  125 13:07:12    -1304.990940        0.077922
FIRE:  126 13:07:32    -1304.995294        0.075793
FIRE:  127 13:07:51    -1304.999699        0.071792
FIRE:  128 13:08:11    -1305.004630        0.065781
FIRE:  129 13:08:31    -1305.010317        0.058133
FIRE:  130 13:08:51    -1305.016151        0.049222
FIRE:  131 13:09:10    -1305.022092        0.050633
FIRE:  132 13:09:30    -1305.028505        0.028914
FIRE:  133 13:09:50    -1305.034552        0.031550
FIRE:  134 13:10:09    -1305.040692        0.032595
FIRE:  135 13:10:29    -1305.047041        0.037031
FIRE:  136 13:10:49    -1305.054775        0.056459
FIRE:  137 13:11:09    -1305.065668        0.094505
FIRE:  138 13:11:28    -1305.083189        0.180109
FIRE:  139 13:11:48    -1305.091764        0.470047
FIRE:  140 13:12:08    -1305.112195        0.119576
FIRE:  141 13:12:28    -1305.113548        0.109080
FIRE:  142 13:12:47    -1305.115546        0.107982
FIRE:  143 13:13:07    -1305.117660        0.105800
FIRE:  144 13:13:27    -1305.120172        0.101991
FIRE:  145 13:13:46    -1305.123539        0.096023
FIRE:  146 13:14:06    -1305.127539        0.087347
FIRE:  147 13:14:26    -1305.131466        0.075384
FIRE:  148 13:14:46    -1305.135524        0.063774
FIRE:  149 13:15:05    -1305.140111        0.058169
FIRE:  150 13:15:25    -1305.144749        0.060411
FIRE:  151 13:15:45    -1305.148866        0.060895
FIRE:  152 13:16:04    -1305.153331        0.055472
FIRE:  153 13:16:24    -1305.157263        0.052640
FIRE:  154 13:16:44    -1305.160472        0.054857
FIRE:  155 13:17:04    -1305.162311        0.062341
FIRE:  156 13:17:23    -1305.162983        0.056721
FIRE:  157 13:17:43    -1305.164012        0.046353
FIRE:  158 13:18:03    -1305.165097        0.032862
FIRE:  159 13:18:23    -1305.166215        0.044388
FIRE:  160 13:18:42    -1305.167414        0.030980
FIRE:  161 13:19:02    -1305.168514        0.026469
FIRE:  162 13:19:22    -1305.169412        0.029669
FIRE:  163 13:19:42    -1305.170421        0.035099
FIRE:  164 13:20:01    -1305.171629        0.028715
FIRE:  165 13:20:21    -1305.172926        0.030157
FIRE:  166 13:20:41    -1305.174552        0.031604
FIRE:  167 13:21:01    -1305.176671        0.032723
FIRE:  168 13:21:20    -1305.179401        0.033657
FIRE:  169 13:21:40    -1305.183116        0.036158
FIRE:  170 13:22:00    -1305.187823        0.037740
FIRE:  171 13:22:20    -1305.193500        0.039253
FIRE:  172 13:22:39    -1305.200304        0.049003
FIRE:  173 13:22:59    -1305.208175        0.086335
FIRE:  174 13:23:19    -1305.215260        0.203268
FIRE:  175 13:23:39    -1305.204530        0.542748
FIRE:  176 13:23:58    -1305.226532        0.041998
FIRE:  177 13:24:18    -1305.226713        0.031376
FIRE:  178 13:24:38    -1305.227006        0.023001
FIRE:  179 13:24:58    -1305.227339        0.021828
FIRE:  180 13:25:17    -1305.227699        0.023496
FIRE:  181 13:25:37    -1305.228132        0.028183
FIRE:  182 13:25:57    -1305.228655        0.022995
FIRE:  183 13:26:17    -1305.229230        0.023105
FIRE:  184 13:26:36    -1305.229842        0.022639
FIRE:  185 13:26:56    -1305.230528        0.021866
FIRE:  186 13:27:16    -1305.231318        0.019483
FIRE:  187 13:27:36    -1305.232179        0.016998
FIRE:  188 13:27:55    -1305.233098        0.017390
FIRE:  189 13:28:15    -1305.234153        0.012890
FIRE:  190 13:28:35    -1305.235306        0.018154
FIRE:  191 13:28:55    -1305.236628        0.017622
FIRE:  192 13:29:14    -1305.238095        0.022627
FIRE:  193 13:29:34    -1305.239801        0.030466
FIRE:  194 13:29:54    -1305.241924        0.042217
FIRE:  195 13:30:14    -1305.244941        0.055564
FIRE:  196 13:30:34    -1305.248994        0.046883
FIRE:  197 13:30:53    -1305.248705        0.125481
FIRE:  198 13:31:13    -1305.251359        0.035867
FIRE:  199 13:31:33    -1305.250144        0.110838
FIRE:  200 13:31:53    -1305.251025        0.082358
FIRE:  201 13:32:13    -1305.251961        0.031605
FIRE:  202 13:32:33    -1305.252098        0.030142
FIRE:  203 13:32:52    -1305.252119        0.028095
FIRE:  204 13:33:12    -1305.252156        0.024159
FIRE:  205 13:33:32    -1305.252205        0.018649
FIRE:  206 13:33:52    -1305.252253        0.012048
FIRE:  207 13:34:12    -1305.252298        0.009372
MACE calculation complete. Energy written to MACE_OUTCAR: -1305.252298 eV
Job ended on: Fri 13 Jun 12:34:16 UTC 2025
