Si Bulk DFT energetics calculations using VASP
Running on host: comp123
Working directory: /lustre/home/ah1365/projects/127870/upgrade_report/case_studies/common/structures/interfaces/120_Si72Ge48_011_001_a0.0_b0.0_c0.0_interface6shift1swap8
Job started on: Thu  5 Jun 14:09:37 UTC 2025
cuequivariance or cuequivariance_torch is not available. Cuequivariance acceleration will be disabled.
Using Materials Project MACE for MACECalculator with /lustre/home/ah1365/.cache/mace/MACE_MPtrj_20229model
Using float64 for MACECalculator, which is slower but more accurate. Recommended for geometry optimization.
Using TorchDFTD3Calculator for D3 dispersion corrections
      Step     Time          Energy          fmax
FIRE:    0 15:10:23    95831.561008   122365.150793
FIRE:    1 15:10:34    12580.568367    75070.545935
FIRE:    2 15:10:43     4711.293425    11459.922882
FIRE:    3 15:10:53     2395.700822     9939.272735
FIRE:    4 15:11:03     1057.379427     4728.452024
FIRE:    5 15:11:13      739.621317      563.048715
FIRE:    6 15:11:23      473.797660     2427.530775
FIRE:    7 15:11:32       38.237010     1055.330929
FIRE:    8 15:11:42     -106.926509      404.216668
FIRE:    9 15:11:52     -200.273628      215.076730
FIRE:   10 15:12:02     -261.572180      135.417398
FIRE:   11 15:12:12     -312.460307      105.289129
FIRE:   12 15:12:22     -356.171332       91.889992
FIRE:   13 15:12:32     -392.711563       77.448754
FIRE:   14 15:12:41     -422.966437       64.989292
FIRE:   15 15:12:51     -448.152706       54.851604
FIRE:   16 15:13:01     -469.684307       42.590582
FIRE:   17 15:13:11     -488.255320       32.125024
FIRE:   18 15:13:21     -504.083791       24.557124
FIRE:   19 15:13:31     -517.471423       20.269976
FIRE:   20 15:13:41     -528.739578       16.715517
FIRE:   21 15:13:51     -538.471800       14.062100
FIRE:   22 15:14:01     -547.029810       13.658229
FIRE:   23 15:14:11     -554.310380       13.331808
FIRE:   24 15:14:21     -560.218214       12.592474
FIRE:   25 15:14:31     -564.840137       11.488653
FIRE:   26 15:14:41     -568.282264       10.116272
FIRE:   27 15:14:51     -570.679310        8.590078
FIRE:   28 15:15:01     -572.203281        7.367250
FIRE:   29 15:15:11     -573.013976        8.280315
FIRE:   30 15:15:21     -573.251643        9.261129
FIRE:   31 15:15:31     -579.373822        6.532416
FIRE:   32 15:15:41     -584.040423        4.670680
FIRE:   33 15:15:51     -587.690505        4.178881
FIRE:   34 15:16:01     -590.722338        4.023391
FIRE:   35 15:16:11     -593.456428        3.915381
FIRE:   36 15:16:21     -596.090883        3.736728
FIRE:   37 15:16:31     -598.698818        3.811613
FIRE:   38 15:16:41     -601.269277        3.770179
FIRE:   39 15:16:51     -603.733108        3.620979
FIRE:   40 15:17:01     -606.011466        3.327464
FIRE:   41 15:17:11     -608.048464        3.268489
FIRE:   42 15:17:21     -609.815063        3.105727
FIRE:   43 15:17:31     -611.296304        2.803706
FIRE:   44 15:17:41     -612.487548        2.366437
FIRE:   45 15:17:51     -613.410399        1.838432
FIRE:   46 15:18:01     -614.120778        1.529515
FIRE:   47 15:18:11     -614.689456        1.788028
FIRE:   48 15:18:21     -615.168056        1.887024
FIRE:   49 15:18:31     -615.571538        1.678412
FIRE:   50 15:18:41     -615.901422        1.959421
FIRE:   51 15:18:51     -616.179984        2.227496
FIRE:   52 15:19:01     -616.445535        2.168395
FIRE:   53 15:19:11     -616.719612        1.777055
FIRE:   54 15:19:21     -616.990824        1.174789
FIRE:   55 15:19:31     -617.233237        0.939573
FIRE:   56 15:19:41     -617.431358        0.900974
FIRE:   57 15:19:51     -617.582811        0.869654
FIRE:   58 15:20:01     -617.691295        0.971032
FIRE:   59 15:20:11     -617.765618        0.993235
FIRE:   60 15:20:21     -618.400886        0.596219
FIRE:   61 15:20:31     -618.768712        0.479430
FIRE:   62 15:20:41     -619.036065        0.592864
FIRE:   63 15:20:51     -619.279728        0.574508
FIRE:   64 15:21:01     -619.485041        0.562510
FIRE:   65 15:21:11     -619.654881        0.473572
FIRE:   66 15:21:21     -619.832417        0.413946
FIRE:   67 15:21:31     -620.041733        0.426072
FIRE:   68 15:21:41     -620.276321        0.391803
FIRE:   69 15:21:51     -620.521292        0.339100
FIRE:   70 15:22:01     -620.754431        0.277906
FIRE:   71 15:22:11     -620.965951        0.252834
FIRE:   72 15:22:21     -621.159453        0.242381
FIRE:   73 15:22:31     -621.333339        0.190549
FIRE:   74 15:22:41     -621.481138        0.188227
FIRE:   75 15:22:51     -621.604139        0.239064
FIRE:   76 15:23:01     -621.712885        0.323621
FIRE:   77 15:23:11     -621.817391        0.264422
FIRE:   78 15:23:21     -621.918368        0.252467
FIRE:   79 15:23:31     -622.012362        0.277309
FIRE:   80 15:23:41     -622.095728        0.195800
FIRE:   81 15:23:51     -622.162852        0.216287
FIRE:   82 15:24:02     -622.215283        0.210103
FIRE:   83 15:24:12     -622.262633        0.201916
FIRE:   84 15:24:22     -622.312689        0.275609
FIRE:   85 15:24:32     -622.371538        0.281461
FIRE:   86 15:24:42     -622.442558        0.249941
FIRE:   87 15:24:52     -622.523802        0.268509
FIRE:   88 15:25:02     -622.614988        0.250187
FIRE:   89 15:25:12     -622.721994        0.305127
FIRE:   90 15:25:22     -622.848521        0.344867
FIRE:   91 15:25:32     -622.991072        0.346232
FIRE:   92 15:25:42     -623.140241        0.291158
FIRE:   93 15:25:52     -623.280086        0.292464
FIRE:   94 15:26:02     -623.392210        0.297546
FIRE:   95 15:26:12     -623.469663        0.451055
FIRE:   96 15:26:22     -623.518987        0.541171
FIRE:   97 15:26:32     -623.540466        0.533667
FIRE:   98 15:26:42     -623.651523        0.425932
FIRE:   99 15:26:52     -623.696215        0.164672
FIRE:  100 15:27:02     -623.712177        0.355510
FIRE:  101 15:27:12     -623.725026        0.261973
FIRE:  102 15:27:22     -623.740798        0.137030
FIRE:  103 15:27:32     -623.751024        0.153176
FIRE:  104 15:27:42     -623.758611        0.218509
FIRE:  105 15:27:52     -623.771765        0.244669
FIRE:  106 15:28:02     -623.792089        0.195220
FIRE:  107 15:28:12     -623.813915        0.124161
FIRE:  108 15:28:22     -623.834221        0.142487
FIRE:  109 15:28:33     -623.855582        0.153599
FIRE:  110 15:28:43     -623.882875        0.122725
FIRE:  111 15:28:53     -623.910794        0.110225
FIRE:  112 15:29:03     -623.936252        0.121167
FIRE:  113 15:29:13     -623.960693        0.094720
FIRE:  114 15:29:23     -623.978559        0.117541
FIRE:  115 15:29:33     -623.990752        0.084127
FIRE:  116 15:29:43     -623.997067        0.095270
FIRE:  117 15:29:53     -623.999854        0.077542
FIRE:  118 15:30:03     -624.003648        0.059792
FIRE:  119 15:30:13     -624.007219        0.078332
FIRE:  120 15:30:23     -624.011295        0.095053
FIRE:  121 15:30:33     -624.016625        0.073704
FIRE:  122 15:30:43     -624.022361        0.038217
FIRE:  123 15:30:53     -624.027321        0.047095
FIRE:  124 15:31:03     -624.032267        0.047818
FIRE:  125 15:31:13     -624.037725        0.034004
FIRE:  126 15:31:23     -624.042827        0.045572
FIRE:  127 15:31:33     -624.048088        0.034655
FIRE:  128 15:31:43     -624.053881        0.034283
FIRE:  129 15:31:53     -624.060559        0.039198
FIRE:  130 15:32:03     -624.069389        0.036120
FIRE:  131 15:32:13     -624.080329        0.039353
FIRE:  132 15:32:23     -624.093808        0.032766
FIRE:  133 15:32:33     -624.108862        0.055601
FIRE:  134 15:32:43     -624.123736        0.099278
FIRE:  135 15:32:53     -624.130867        0.262607
FIRE:  136 15:33:03     -624.144410        0.046768
FIRE:  137 15:33:13     -624.136902        0.217893
FIRE:  138 15:33:23     -624.141555        0.163347
FIRE:  139 15:33:33     -624.146666        0.068296
FIRE:  140 15:33:43     -624.147959        0.046328
FIRE:  141 15:33:53     -624.148076        0.043821
FIRE:  142 15:34:03     -624.148296        0.040798
FIRE:  143 15:34:13     -624.148592        0.040811
FIRE:  144 15:34:23     -624.148930        0.040985
FIRE:  145 15:34:33     -624.149292        0.041366
FIRE:  146 15:34:43     -624.149661        0.041933
FIRE:  147 15:34:53     -624.150052        0.042581
FIRE:  148 15:35:03     -624.150530        0.043217
FIRE:  149 15:35:13     -624.151154        0.043633
FIRE:  150 15:35:23     -624.151973        0.043621
FIRE:  151 15:35:33     -624.153023        0.043082
FIRE:  152 15:35:43     -624.154306        0.042150
FIRE:  153 15:35:53     -624.155824        0.041228
FIRE:  154 15:36:03     -624.157651        0.040737
FIRE:  155 15:36:13     -624.159943        0.040851
FIRE:  156 15:36:23     -624.162807        0.041781
FIRE:  157 15:36:33     -624.166289        0.043834
FIRE:  158 15:36:43     -624.170580        0.046175
FIRE:  159 15:36:53     -624.176037        0.047403
FIRE:  160 15:37:04     -624.182911        0.048714
FIRE:  161 15:37:14     -624.191762        0.052891
FIRE:  162 15:37:24     -624.203310        0.060960
FIRE:  163 15:37:34     -624.218560        0.069204
FIRE:  164 15:37:44     -624.239002        0.078060
FIRE:  165 15:37:54     -624.266372        0.092240
FIRE:  166 15:38:04     -624.301171        0.092913
FIRE:  167 15:38:14     -624.331041        0.075827
FIRE:  168 15:38:24     -624.343675        0.186475
FIRE:  169 15:38:34     -624.348819        0.146162
FIRE:  170 15:38:44     -624.352568        0.142063
FIRE:  171 15:38:54     -624.357895        0.101255
FIRE:  172 15:39:04     -624.362542        0.062112
FIRE:  173 15:39:14     -624.365815        0.117038
FIRE:  174 15:39:24     -624.370556        0.053146
FIRE:  175 15:39:34     -624.373819        0.104712
FIRE:  176 15:39:44     -624.378893        0.081637
FIRE:  177 15:39:54     -624.384257        0.104628
FIRE:  178 15:40:04     -624.392101        0.038899
FIRE:  179 15:40:14     -624.399250        0.115835
FIRE:  180 15:40:24     -624.407412        0.144754
FIRE:  181 15:40:34     -624.417101        0.179180
FIRE:  182 15:40:44     -624.426311        0.286856
FIRE:  183 15:40:54     -624.433325        0.060964
FIRE:  184 15:41:04     -624.431005        0.263660
FIRE:  185 15:41:14     -624.433062        0.201659
FIRE:  186 15:41:24     -624.435536        0.093904
FIRE:  187 15:41:34     -624.436674        0.063113
FIRE:  188 15:41:44     -624.436500        0.127670
FIRE:  189 15:41:54     -624.436687        0.119898
FIRE:  190 15:42:04     -624.437031        0.104804
FIRE:  191 15:42:14     -624.437476        0.083523
FIRE:  192 15:42:24     -624.437956        0.063253
FIRE:  193 15:42:34     -624.438409        0.063581
FIRE:  194 15:42:44     -624.438809        0.063936
FIRE:  195 15:42:54     -624.439161        0.064293
FIRE:  196 15:43:04     -624.439547        0.064654
FIRE:  197 15:43:14     -624.440044        0.071811
FIRE:  198 15:43:24     -624.440745        0.077447
FIRE:  199 15:43:34     -624.441739        0.068888
FIRE:  200 15:43:44     -624.443015        0.065179
FIRE:  201 15:43:54     -624.444486        0.064742
FIRE:  202 15:44:04     -624.446100        0.063903
FIRE:  203 15:44:14     -624.448038        0.062542
FIRE:  204 15:44:25     -624.450568        0.061271
FIRE:  205 15:44:35     -624.453662        0.060308
FIRE:  206 15:44:45     -624.457087        0.057603
FIRE:  207 15:44:55     -624.461092        0.052853
FIRE:  208 15:45:05     -624.465635        0.045486
FIRE:  209 15:45:15     -624.470021        0.046415
FIRE:  210 15:45:25     -624.474201        0.024437
FIRE:  211 15:45:35     -624.477130        0.055567
FIRE:  212 15:45:45     -624.479118        0.058544
FIRE:  213 15:45:55     -624.480576        0.071202
FIRE:  214 15:46:05     -624.482476        0.080544
FIRE:  215 15:46:15     -624.485206        0.064038
FIRE:  216 15:46:25     -624.488174        0.074888
FIRE:  217 15:46:35     -624.490086        0.148636
FIRE:  218 15:46:45     -624.492105        0.032319
FIRE:  219 15:46:55     -624.491867        0.132208
FIRE:  220 15:47:05     -624.492450        0.099725
FIRE:  221 15:47:15     -624.493159        0.043375
FIRE:  222 15:47:25     -624.493513        0.025710
FIRE:  223 15:47:35     -624.493533        0.071234
FIRE:  224 15:47:45     -624.493590        0.066983
FIRE:  225 15:47:55     -624.493694        0.058735
FIRE:  226 15:48:05     -624.493830        0.047010
FIRE:  227 15:48:15     -624.493974        0.032603
FIRE:  228 15:48:25     -624.494112        0.022282
FIRE:  229 15:48:35     -624.494233        0.021673
FIRE:  230 15:48:45     -624.494340        0.020965
FIRE:  231 15:48:55     -624.494455        0.027379
FIRE:  232 15:49:05     -624.494598        0.035747
FIRE:  233 15:49:15     -624.494797        0.037900
FIRE:  234 15:49:25     -624.495069        0.032269
FIRE:  235 15:49:35     -624.495397        0.018482
FIRE:  236 15:49:45     -624.495741        0.013986
FIRE:  237 15:49:55     -624.496092        0.020307
FIRE:  238 15:50:05     -624.496482        0.028532
FIRE:  239 15:50:15     -624.496953        0.020311
FIRE:  240 15:50:25     -624.497469        0.012724
FIRE:  241 15:50:35     -624.497955        0.024891
FIRE:  242 15:50:45     -624.498531        0.021150
FIRE:  243 15:50:55     -624.499147        0.010760
FIRE:  244 15:51:05     -624.499776        0.022984
FIRE:  245 15:51:15     -624.500534        0.011763
FIRE:  246 15:51:25     -624.501353        0.024913
FIRE:  247 15:51:35     -624.502369        0.015535
FIRE:  248 15:51:45     -624.503648        0.017150
FIRE:  249 15:51:55     -624.505351        0.031257
FIRE:  250 15:52:05     -624.507637        0.042530
FIRE:  251 15:52:15     -624.510640        0.076709
FIRE:  252 15:52:25     -624.513676        0.154336
FIRE:  253 15:52:35     -624.515655        0.027177
FIRE:  254 15:52:45     -624.514726        0.149340
FIRE:  255 15:52:55     -624.515404        0.112621
FIRE:  256 15:53:05     -624.516177        0.049267
FIRE:  257 15:53:15     -624.516441        0.029582
FIRE:  258 15:53:25     -624.516461        0.027901
FIRE:  259 15:53:35     -624.516498        0.027471
FIRE:  260 15:53:46     -624.516551        0.027491
FIRE:  261 15:53:56     -624.516618        0.027515
FIRE:  262 15:54:06     -624.516693        0.027543
FIRE:  263 15:54:16     -624.516777        0.027573
FIRE:  264 15:54:26     -624.516870        0.027603
FIRE:  265 15:54:36     -624.516991        0.027634
FIRE:  266 15:54:46     -624.517141        0.027665
FIRE:  267 15:54:56     -624.517336        0.027691
FIRE:  268 15:55:06     -624.517582        0.027710
FIRE:  269 15:55:16     -624.517897        0.027721
FIRE:  270 15:55:26     -624.518283        0.027722
FIRE:  271 15:55:36     -624.518752        0.027715
FIRE:  272 15:55:46     -624.519339        0.027700
FIRE:  273 15:55:56     -624.520075        0.027673
FIRE:  274 15:56:06     -624.520986        0.027612
FIRE:  275 15:56:16     -624.522118        0.027474
FIRE:  276 15:56:26     -624.523532        0.027198
FIRE:  277 15:56:36     -624.525285        0.026729
FIRE:  278 15:56:46     -624.527487        0.026019
FIRE:  279 15:56:56     -624.530257        0.024962
FIRE:  280 15:57:06     -624.533719        0.025276
FIRE:  281 15:57:16     -624.538067        0.027680
FIRE:  282 15:57:27     -624.543544        0.030316
FIRE:  283 15:57:37     -624.550306        0.032536
FIRE:  284 15:57:47     -624.558580        0.032968
FIRE:  285 15:57:57     -624.568171        0.048208
FIRE:  286 15:58:07     -624.576844        0.164839
FIRE:  287 15:58:17     -624.565084        0.626044
FIRE:  288 15:58:27     -624.588056        0.179371
FIRE:  289 15:58:37     -624.589282        0.127724
FIRE:  290 15:58:47     -624.590667        0.055302
FIRE:  291 15:58:57     -624.591290        0.061459
FIRE:  292 15:59:07     -624.591593        0.125086
FIRE:  293 15:59:17     -624.592552        0.133104
FIRE:  294 15:59:27     -624.594214        0.087297
FIRE:  295 15:59:37     -624.595753        0.035164
FIRE:  296 15:59:47     -624.596812        0.073221
FIRE:  297 15:59:57     -624.598164        0.101267
FIRE:  298 16:00:07     -624.600471        0.054979
FIRE:  299 16:00:17     -624.602688        0.048658
FIRE:  300 16:00:27     -624.605074        0.087904
FIRE:  301 16:00:37     -624.608714        0.034775
FIRE:  302 16:00:47     -624.612175        0.085819
FIRE:  303 16:00:57     -624.617140        0.032772
FIRE:  304 16:01:07     -624.622001        0.089745
FIRE:  305 16:01:17     -624.628161        0.074904
FIRE:  306 16:01:27     -624.635033        0.032413
FIRE:  307 16:01:37     -624.642006        0.037935
FIRE:  308 16:01:47     -624.648184        0.084031
FIRE:  309 16:01:57     -624.649434        0.232126
FIRE:  310 16:02:08     -624.655641        0.036322
FIRE:  311 16:02:18     -624.652103        0.203843
FIRE:  312 16:02:28     -624.654211        0.153754
FIRE:  313 16:02:38     -624.656541        0.068780
FIRE:  314 16:02:48     -624.657132        0.040528
FIRE:  315 16:02:58     -624.657175        0.038107
FIRE:  316 16:03:08     -624.657257        0.033427
FIRE:  317 16:03:18     -624.657368        0.026834
FIRE:  318 16:03:28     -624.657497        0.026496
FIRE:  319 16:03:38     -624.657631        0.026076
FIRE:  320 16:03:48     -624.657774        0.025572
FIRE:  321 16:03:58     -624.657923        0.024992
FIRE:  322 16:04:08     -624.658099        0.024272
FIRE:  323 16:04:18     -624.658324        0.023399
FIRE:  324 16:04:28     -624.658609        0.022360
FIRE:  325 16:04:38     -624.658976        0.021143
FIRE:  326 16:04:48     -624.659421        0.019736
FIRE:  327 16:04:58     -624.659931        0.018310
FIRE:  328 16:05:08     -624.660515        0.016887
FIRE:  329 16:05:19     -624.661208        0.017545
FIRE:  330 16:05:29     -624.662048        0.014588
FIRE:  331 16:05:39     -624.663013        0.014153
FIRE:  332 16:05:49     -624.664104        0.015865
FIRE:  333 16:05:59     -624.665390        0.013083
FIRE:  334 16:06:09     -624.666878        0.012562
FIRE:  335 16:06:19     -624.668614        0.012437
FIRE:  336 16:06:29     -624.670643        0.013348
FIRE:  337 16:06:39     -624.673062        0.014854
FIRE:  338 16:06:49     -624.675907        0.016442
FIRE:  339 16:06:59     -624.679319        0.018148
FIRE:  340 16:07:09     -624.683388        0.019582
FIRE:  341 16:07:19     -624.688207        0.035605
FIRE:  342 16:07:29     -624.693257        0.093234
FIRE:  343 16:07:39     -624.693785        0.270295
FIRE:  344 16:07:49     -624.700965        0.023891
FIRE:  345 16:07:59     -624.701052        0.019639
FIRE:  346 16:08:09     -624.701203        0.019550
FIRE:  347 16:08:19     -624.701400        0.019457
FIRE:  348 16:08:29     -624.701639        0.019703
FIRE:  349 16:08:39     -624.701949        0.019951
FIRE:  350 16:08:49     -624.702334        0.020178
FIRE:  351 16:08:59     -624.702784        0.020375
FIRE:  352 16:09:09     -624.703326        0.020563
FIRE:  353 16:09:19     -624.704014        0.020766
FIRE:  354 16:09:29     -624.704900        0.021052
FIRE:  355 16:09:39     -624.706015        0.021522
FIRE:  356 16:09:50     -624.707384        0.022262
FIRE:  357 16:10:00     -624.709140        0.023361
FIRE:  358 16:10:10     -624.711372        0.024822
FIRE:  359 16:10:20     -624.714230        0.026647
FIRE:  360 16:10:30     -624.717914        0.029044
FIRE:  361 16:10:40     -624.722784        0.032218
FIRE:  362 16:10:50     -624.729301        0.036404
FIRE:  363 16:11:00     -624.738210        0.040858
FIRE:  364 16:11:10     -624.750630        0.045043
FIRE:  365 16:11:20     -624.766814        0.152274
FIRE:  366 16:11:30     -624.769634        0.566080
FIRE:  367 16:11:40     -624.791563        0.153582
FIRE:  368 16:11:50     -624.792531        0.108693
FIRE:  369 16:12:00     -624.793700        0.049654
FIRE:  370 16:12:10     -624.794476        0.050071
FIRE:  371 16:12:20     -624.795223        0.097066
FIRE:  372 16:12:30     -624.796643        0.098845
FIRE:  373 16:12:40     -624.798709        0.059747
FIRE:  374 16:12:50     -624.800842        0.049748
FIRE:  375 16:13:00     -624.803009        0.074221
FIRE:  376 16:13:10     -624.805896        0.086689
FIRE:  377 16:13:20     -624.809917        0.049505
FIRE:  378 16:13:30     -624.814334        0.055288
FIRE:  379 16:13:40     -624.819768        0.060588
FIRE:  380 16:13:50     -624.826492        0.043817
FIRE:  381 16:14:00     -624.833970        0.068662
FIRE:  382 16:14:10     -624.842676        0.049955
FIRE:  383 16:14:20     -624.852205        0.033670
FIRE:  384 16:14:30     -624.862057        0.087204
FIRE:  385 16:14:40     -624.871864        0.134134
FIRE:  386 16:14:50     -624.880068        0.248967
FIRE:  387 16:15:00     -624.883393        0.053693
FIRE:  388 16:15:10     -624.882791        0.164280
FIRE:  389 16:15:21     -624.883442        0.131211
FIRE:  390 16:15:31     -624.884327        0.071231
FIRE:  391 16:15:41     -624.884933        0.021183
FIRE:  392 16:15:51     -624.885107        0.073624
FIRE:  393 16:16:01     -624.885151        0.070291
FIRE:  394 16:16:10     -624.885235        0.063806
FIRE:  395 16:16:20     -624.885352        0.054543
FIRE:  396 16:16:30     -624.885490        0.043071
FIRE:  397 16:16:40     -624.885639        0.030176
FIRE:  398 16:16:50     -624.885794        0.020465
FIRE:  399 16:17:00     -624.885953        0.020475
FIRE:  400 16:17:10     -624.886135        0.020492
FIRE:  401 16:17:20     -624.886356        0.024395
FIRE:  402 16:17:30     -624.886641        0.029069
FIRE:  403 16:17:40     -624.887007        0.029182
FIRE:  404 16:17:50     -624.887472        0.023733
FIRE:  405 16:18:00     -624.888033        0.020773
FIRE:  406 16:18:10     -624.888684        0.020911
FIRE:  407 16:18:20     -624.889437        0.027087
FIRE:  408 16:18:30     -624.890348        0.032114
FIRE:  409 16:18:40     -624.891461        0.021694
FIRE:  410 16:18:50     -624.892766        0.022161
FIRE:  411 16:19:00     -624.894272        0.022810
FIRE:  412 16:19:10     -624.896105        0.023713
FIRE:  413 16:19:20     -624.898263        0.024973
FIRE:  414 16:19:31     -624.900855        0.026720
FIRE:  415 16:19:41     -624.904044        0.029138
FIRE:  416 16:19:50     -624.907949        0.032552
FIRE:  417 16:20:00     -624.912898        0.037456
FIRE:  418 16:20:10     -624.919430        0.044568
FIRE:  419 16:20:20     -624.928429        0.054988
FIRE:  420 16:20:30     -624.941614        0.070179
FIRE:  421 16:20:40     -624.962404        0.090303
FIRE:  422 16:20:50     -624.995376        0.242915
FIRE:  423 16:21:00     -625.025977        0.546225
FIRE:  424 16:21:10     -625.045850        0.110811
FIRE:  425 16:21:20     -625.047000        0.110523
FIRE:  426 16:21:30     -625.049025        0.110021
FIRE:  427 16:21:40     -625.051699        0.109435
FIRE:  428 16:21:50     -625.055112        0.108919
FIRE:  429 16:22:00     -625.059495        0.108577
FIRE:  430 16:22:10     -625.064834        0.108409
FIRE:  431 16:22:20     -625.070873        0.108266
FIRE:  432 16:22:30     -625.078184        0.107759
FIRE:  433 16:22:40     -625.087163        0.106088
FIRE:  434 16:22:50     -625.097914        0.101795
FIRE:  435 16:23:00     -625.109918        0.092501
FIRE:  436 16:23:10     -625.122755        0.075241
FIRE:  437 16:23:20     -625.135069        0.047774
FIRE:  438 16:23:30     -625.145191        0.047162
FIRE:  439 16:23:40     -625.151890        0.065886
FIRE:  440 16:23:50     -625.156171        0.108144
FIRE:  441 16:24:00     -625.160255        0.105412
FIRE:  442 16:24:10     -625.164492        0.059792
FIRE:  443 16:24:20     -625.167146        0.119209
FIRE:  444 16:24:30     -625.169004        0.045961
FIRE:  445 16:24:40     -625.170944        0.069966
FIRE:  446 16:24:50     -625.173408        0.097291
FIRE:  447 16:25:00     -625.176729        0.032640
FIRE:  448 16:25:10     -625.179454        0.067079
FIRE:  449 16:25:20     -625.181981        0.084730
FIRE:  450 16:25:30     -625.184650        0.029893
FIRE:  451 16:25:40     -625.186643        0.070613
FIRE:  452 16:25:50     -625.188890        0.027429
FIRE:  453 16:26:00     -625.190248        0.090967
FIRE:  454 16:26:10     -625.191975        0.022120
FIRE:  455 16:26:20     -625.192967        0.088948
FIRE:  456 16:26:30     -625.194682        0.083893
FIRE:  457 16:26:40     -625.195164        0.037597
FIRE:  458 16:26:50     -625.195537        0.026886
FIRE:  459 16:27:00     -625.195830        0.063025
FIRE:  460 16:27:10     -625.196480        0.050883
FIRE:  461 16:27:20     -625.197232        0.016287
FIRE:  462 16:27:30     -625.197756        0.047243
FIRE:  463 16:27:40     -625.198356        0.052465
FIRE:  464 16:27:50     -625.199161        0.012392
FIRE:  465 16:28:00     -625.199759        0.045525
FIRE:  466 16:28:10     -625.200537        0.029150
FIRE:  467 16:28:20     -625.201200        0.045483
FIRE:  468 16:28:30     -625.202010        0.026291
FIRE:  469 16:28:40     -625.202638        0.061228
FIRE:  470 16:28:50     -625.203726        0.022567
FIRE:  471 16:29:00     -625.204786        0.022378
FIRE:  472 16:29:10     -625.205625        0.076866
FIRE:  473 16:29:20     -625.205289        0.176987
FIRE:  474 16:29:30     -625.207034        0.010238
FIRE:  475 16:29:40     -625.205789        0.151057
FIRE:  476 16:29:50     -625.206345        0.116146
FIRE:  477 16:30:00     -625.206980        0.053933
FIRE:  478 16:30:10     -625.207152        0.021873
FIRE:  479 16:30:20     -625.207156        0.020661
FIRE:  480 16:30:30     -625.207165        0.018313
FIRE:  481 16:30:40     -625.207176        0.014985
FIRE:  482 16:30:50     -625.207189        0.010922
FIRE:  483 16:31:00     -625.207201        0.006489
MACE calculation complete. Energy written to MACE_OUTCAR: -625.207201 eV
Job ended on: Thu  5 Jun 15:31:01 UTC 2025
