Si Bulk DFT energetics calculations using VASP
Running on host: comp163
Working directory: /lustre/home/ah1365/projects/127870/upgrade_report/case_studies/common/structures/interfaces/96_Sn48Ge48_112_013_a0.324324_b0.912568_c1.385736_interface6shift5
Job started on: Wed  4 Jun 11:54:54 UTC 2025
cuequivariance or cuequivariance_torch is not available. Cuequivariance acceleration will be disabled.
Using Materials Project MACE for MACECalculator with /lustre/home/ah1365/.cache/mace/MACE_MPtrj_20229model
Using float64 for MACECalculator, which is slower but more accurate. Recommended for geometry optimization.
Using TorchDFTD3Calculator for D3 dispersion corrections
      Step     Time          Energy          fmax
FIRE:    0 12:55:09     -355.612974       64.451282
FIRE:    1 12:55:16     -379.171086       36.567760
FIRE:    2 12:55:23     -394.027714       21.474717
FIRE:    3 12:55:29     -403.492425       13.524090
FIRE:    4 12:55:36     -408.805998        7.981977
FIRE:    5 12:55:43     -411.267761        4.351538
FIRE:    6 12:55:50     -411.944765        5.157243
FIRE:    7 12:55:57     -412.489219        4.608361
FIRE:    8 12:56:03     -413.380021        3.679029
FIRE:    9 12:56:10     -414.341986        2.576345
FIRE:   10 12:56:17     -415.172984        1.813684
FIRE:   11 12:56:24     -415.841882        2.390966
FIRE:   12 12:56:31     -416.438058        2.702564
FIRE:   13 12:56:37     -417.027063        2.441363
FIRE:   14 12:56:44     -417.655269        1.761965
FIRE:   15 12:56:51     -418.258610        0.972599
FIRE:   16 12:56:58     -418.772664        0.781453
FIRE:   17 12:57:05     -419.214954        0.723474
FIRE:   18 12:57:12     -419.622679        0.647296
FIRE:   19 12:57:19     -419.999999        0.567486
FIRE:   20 12:57:25     -420.339442        0.462513
FIRE:   21 12:57:32     -420.637699        0.486981
FIRE:   22 12:57:39     -420.900527        0.530272
FIRE:   23 12:57:46     -421.140120        0.571971
FIRE:   24 12:57:53     -421.370389        0.607597
FIRE:   25 12:58:00     -421.604070        0.635396
FIRE:   26 12:58:07     -421.851155        0.654392
FIRE:   27 12:58:14     -422.117988        0.656289
FIRE:   28 12:58:21     -422.405850        0.630583
FIRE:   29 12:58:27     -422.712235        0.575290
FIRE:   30 12:58:34     -423.030114        0.557255
FIRE:   31 12:58:41     -423.345606        0.511650
FIRE:   32 12:58:48     -423.657585        0.528639
FIRE:   33 12:58:55     -423.973403        0.538488
FIRE:   34 12:59:02     -424.277766        0.527999
FIRE:   35 12:59:09     -424.558405        0.502536
FIRE:   36 12:59:16     -424.816126        0.717623
FIRE:   37 12:59:23     -425.065883        0.870192
FIRE:   38 12:59:30     -425.329659        0.837666
FIRE:   39 12:59:36     -425.605591        0.612799
FIRE:   40 12:59:43     -425.860266        0.407888
FIRE:   41 12:59:50     -426.065817        0.378776
FIRE:   42 12:59:57     -426.218726        0.327169
FIRE:   43 13:00:04     -426.330068        0.452688
FIRE:   44 13:00:11     -426.420088        0.487207
FIRE:   45 13:00:18     -426.507676        0.480806
FIRE:   46 13:00:25     -426.603547        0.538340
FIRE:   47 13:00:32     -426.708900        0.456199
FIRE:   48 13:00:39     -426.814402        0.406356
FIRE:   49 13:00:45     -426.911989        0.358281
FIRE:   50 13:00:52     -427.002892        0.370275
FIRE:   51 13:00:59     -427.092055        0.318623
FIRE:   52 13:01:06     -427.180686        0.267708
FIRE:   53 13:01:13     -427.267616        0.263337
FIRE:   54 13:01:20     -427.353565        0.250447
FIRE:   55 13:01:27     -427.439789        0.247981
FIRE:   56 13:01:34     -427.525184        0.213978
FIRE:   57 13:01:41     -427.606378        0.219952
FIRE:   58 13:01:48     -427.683072        0.224161
FIRE:   59 13:01:55     -427.762597        0.218275
FIRE:   60 13:02:02     -427.855601        0.251700
FIRE:   61 13:02:09     -427.962769        0.277691
FIRE:   62 13:02:15     -428.067815        0.256200
FIRE:   63 13:02:22     -428.145696        0.202265
FIRE:   64 13:02:29     -428.181463        0.360829
FIRE:   65 13:02:36     -428.316117        0.139721
FIRE:   66 13:02:43     -428.378723        0.227350
FIRE:   67 13:02:50     -428.456174        0.240926
FIRE:   68 13:02:57     -428.534959        0.171728
FIRE:   69 13:03:04     -428.602114        0.122216
FIRE:   70 13:03:11     -428.657028        0.169436
FIRE:   71 13:03:18     -428.709188        0.161799
FIRE:   72 13:03:25     -428.760743        0.096228
FIRE:   73 13:03:32     -428.804445        0.097291
FIRE:   74 13:03:39     -428.841790        0.096303
FIRE:   75 13:03:45     -428.876435        0.082460
FIRE:   76 13:03:52     -428.909387        0.062635
FIRE:   77 13:03:59     -428.938399        0.064898
FIRE:   78 13:04:06     -428.961318        0.066904
FIRE:   79 13:04:13     -428.982046        0.072041
FIRE:   80 13:04:20     -429.000669        0.047245
FIRE:   81 13:04:27     -429.015882        0.051155
FIRE:   82 13:04:34     -429.029293        0.052031
FIRE:   83 13:04:41     -429.042365        0.047613
FIRE:   84 13:04:48     -429.054606        0.050999
FIRE:   85 13:04:55     -429.067808        0.058841
FIRE:   86 13:05:02     -429.085409        0.062629
FIRE:   87 13:05:08     -429.105746        0.053636
FIRE:   88 13:05:15     -429.126834        0.056510
FIRE:   89 13:05:22     -429.147725        0.067365
FIRE:   90 13:05:29     -429.169812        0.085633
FIRE:   91 13:05:36     -429.194145        0.098926
FIRE:   92 13:05:43     -429.216935        0.084956
FIRE:   93 13:05:50     -429.229434        0.055463
FIRE:   94 13:05:57     -429.229616        0.094842
FIRE:   95 13:06:04     -429.241889        0.048945
FIRE:   96 13:06:11     -429.252453        0.053940
FIRE:   97 13:06:18     -429.259829        0.040845
FIRE:   98 13:06:25     -429.266903        0.041327
FIRE:   99 13:06:32     -429.272736        0.044035
FIRE:  100 13:06:38     -429.274303        0.037585
FIRE:  101 13:06:45     -429.276488        0.026684
FIRE:  102 13:06:52     -429.278540        0.026077
FIRE:  103 13:06:59     -429.280400        0.024954
FIRE:  104 13:07:06     -429.282065        0.022103
FIRE:  105 13:07:13     -429.283465        0.018804
FIRE:  106 13:07:20     -429.284596        0.016663
FIRE:  107 13:07:26     -429.285599        0.027069
FIRE:  108 13:07:33     -429.286766        0.031709
FIRE:  109 13:07:40     -429.288406        0.026702
FIRE:  110 13:07:47     -429.290565        0.014811
FIRE:  111 13:07:54     -429.292968        0.018992
FIRE:  112 13:08:01     -429.295708        0.022260
FIRE:  113 13:08:07     -429.299379        0.022004
FIRE:  114 13:08:14     -429.304230        0.019175
FIRE:  115 13:08:21     -429.309363        0.018330
FIRE:  116 13:08:28     -429.311691        0.053087
FIRE:  117 13:08:35     -429.314628        0.020900
FIRE:  118 13:08:42     -429.313660        0.049463
FIRE:  119 13:08:49     -429.314700        0.035492
FIRE:  120 13:08:56     -429.315826        0.023994
FIRE:  121 13:09:02     -429.316101        0.024728
FIRE:  122 13:09:09     -429.316144        0.024796
FIRE:  123 13:09:16     -429.316224        0.024934
FIRE:  124 13:09:23     -429.316331        0.025143
FIRE:  125 13:09:30     -429.316458        0.025428
FIRE:  126 13:09:37     -429.316589        0.025795
FIRE:  127 13:09:44     -429.316725        0.026249
FIRE:  128 13:09:50     -429.316871        0.026792
FIRE:  129 13:09:57     -429.317057        0.027498
FIRE:  130 13:10:04     -429.317308        0.028405
FIRE:  131 13:10:11     -429.317637        0.029565
FIRE:  132 13:10:18     -429.318058        0.031050
FIRE:  133 13:10:25     -429.318601        0.032955
FIRE:  134 13:10:32     -429.319283        0.035402
FIRE:  135 13:10:39     -429.320167        0.038513
FIRE:  136 13:10:45     -429.321382        0.042386
FIRE:  137 13:10:52     -429.323021        0.047038
FIRE:  138 13:10:59     -429.325266        0.052246
FIRE:  139 13:11:06     -429.328386        0.057220
FIRE:  140 13:11:13     -429.332677        0.060298
FIRE:  141 13:11:20     -429.338301        0.059033
FIRE:  142 13:11:27     -429.345160        0.051363
FIRE:  143 13:11:33     -429.352688        0.038749
FIRE:  144 13:11:40     -429.360310        0.040406
FIRE:  145 13:11:47     -429.368375        0.029707
FIRE:  146 13:11:54     -429.377715        0.040550
FIRE:  147 13:12:01     -429.390959        0.064661
FIRE:  148 13:12:08     -429.412674        0.053991
FIRE:  149 13:12:15     -429.423357        0.078187
FIRE:  150 13:12:22     -429.426877        0.055827
FIRE:  151 13:12:28     -429.430505        0.030316
FIRE:  152 13:12:35     -429.432769        0.045306
FIRE:  153 13:12:42     -429.434978        0.059200
FIRE:  154 13:12:49     -429.438220        0.053206
FIRE:  155 13:12:56     -429.441257        0.032504
FIRE:  156 13:13:03     -429.442639        0.027827
FIRE:  157 13:13:10     -429.443403        0.037574
FIRE:  158 13:13:17     -429.443669        0.034217
FIRE:  159 13:13:23     -429.444086        0.027861
FIRE:  160 13:13:30     -429.444514        0.019228
FIRE:  161 13:13:37     -429.444816        0.009505
MACE calculation complete. Energy written to MACE_OUTCAR: -429.444816 eV
Job ended on: Wed  4 Jun 12:13:38 UTC 2025
