Si Bulk DFT energetics calculations using VASP
Running on host: comp169
Working directory: /lustre/home/ah1365/projects/127870/upgrade_report/case_studies/common/structures/interfaces/120_Si36C84_012_012_a0.280303_b0.067901_c1.482413_interface11shift2
Job started on: Thu  5 Jun 10:39:00 UTC 2025
cuequivariance or cuequivariance_torch is not available. Cuequivariance acceleration will be disabled.
Using Materials Project MACE for MACECalculator with /lustre/home/ah1365/.cache/mace/MACE_MPtrj_20229model
Using float64 for MACECalculator, which is slower but more accurate. Recommended for geometry optimization.
Using TorchDFTD3Calculator for D3 dispersion corrections
      Step     Time          Energy          fmax
FIRE:    0 11:39:26     -845.129657       11.164732
FIRE:    1 11:39:37     -851.058782        4.505465
FIRE:    2 11:39:48     -855.814216        3.558666
FIRE:    3 11:39:59     -859.895557        3.193277
FIRE:    4 11:40:09     -863.454099        2.845261
FIRE:    5 11:40:20     -866.565337        2.502333
FIRE:    6 11:40:31     -869.279034        2.156394
FIRE:    7 11:40:42     -871.633530        2.108441
FIRE:    8 11:40:53     -873.669968        2.010587
FIRE:    9 11:41:03     -875.428848        1.764806
FIRE:   10 11:41:14     -876.943912        1.509646
FIRE:   11 11:41:25     -878.229846        1.516497
FIRE:   12 11:41:36     -879.282192        1.351873
FIRE:   13 11:41:47     -880.098978        1.311577
FIRE:   14 11:41:58     -880.704149        1.301540
FIRE:   15 11:42:09     -881.140512        1.272788
FIRE:   16 11:42:19     -881.447244        1.216272
FIRE:   17 11:42:30     -881.682122        1.572461
FIRE:   18 11:42:41     -881.962113        1.533998
FIRE:   19 11:42:52     -882.386452        1.362977
FIRE:   20 11:43:03     -882.930927        1.125286
FIRE:   21 11:43:14     -883.491707        1.040558
FIRE:   22 11:43:24     -884.019291        1.072027
FIRE:   23 11:43:35     -884.564530        1.288288
FIRE:   24 11:43:46     -885.119741        0.875611
FIRE:   25 11:43:57     -885.614560        0.904524
FIRE:   26 11:44:08     -886.068470        0.805590
FIRE:   27 11:44:19     -886.516077        0.831300
FIRE:   28 11:44:29     -886.963900        0.791429
FIRE:   29 11:44:40     -887.436964        0.837847
FIRE:   30 11:44:51     -887.976981        0.903829
FIRE:   31 11:45:02     -888.582322        0.874938
FIRE:   32 11:45:12     -889.225560        0.892148
FIRE:   33 11:45:23     -889.903784        1.119092
FIRE:   34 11:45:34     -890.633633        1.521128
FIRE:   35 11:45:45     -891.449721        1.976875
FIRE:   36 11:45:56     -892.402916        2.468689
FIRE:   37 11:46:07     -893.495058        2.742093
FIRE:   38 11:46:17     -894.614827        2.690285
FIRE:   39 11:46:28     -895.631130        2.365133
FIRE:   40 11:46:39     -896.368373        2.513479
FIRE:   41 11:46:50     -896.867757        4.083442
FIRE:   42 11:47:00     -897.549679        4.662080
FIRE:   43 11:47:11     -898.532402        2.841934
FIRE:   44 11:47:22     -899.373169        1.690621
FIRE:   45 11:47:33     -899.964949        2.521544
FIRE:   46 11:47:44     -900.537371        3.551525
FIRE:   47 11:47:54     -901.257838        3.554621
FIRE:   48 11:48:05     -902.086041        2.626834
FIRE:   49 11:48:16     -902.870637        1.379534
FIRE:   50 11:48:26     -903.515196        1.295610
FIRE:   51 11:48:37     -904.055702        2.425370
FIRE:   52 11:48:48     -904.600722        2.627232
FIRE:   53 11:48:59     -905.164388        1.734294
FIRE:   54 11:49:09     -905.656803        1.123889
FIRE:   55 11:49:20     -906.048612        1.122889
FIRE:   56 11:49:31     -906.397544        1.629618
FIRE:   57 11:49:42     -906.759319        1.683442
FIRE:   58 11:49:52     -907.130045        1.165648
FIRE:   59 11:50:03     -907.475419        1.312300
FIRE:   60 11:50:14     -907.802219        1.324287
FIRE:   61 11:50:25     -908.170053        1.327408
FIRE:   62 11:50:35     -908.630279        1.250961
FIRE:   63 11:50:46     -909.179306        1.233157
FIRE:   64 11:50:57     -909.737932        1.440461
FIRE:   65 11:51:07     -910.221752        2.223170
FIRE:   66 11:51:18     -910.635049        3.394098
FIRE:   67 11:51:29     -911.081488        4.148019
FIRE:   68 11:51:40     -911.639546        3.684545
FIRE:   69 11:51:51     -912.207502        2.281803
FIRE:   70 11:52:01     -912.625845        1.774274
FIRE:   71 11:52:12     -912.843800        2.111150
FIRE:   72 11:52:23     -912.913195        2.314379
FIRE:   73 11:52:33     -913.868535        1.008006
FIRE:   74 11:52:44     -914.304492        2.161667
FIRE:   75 11:52:55     -914.668576        1.491940
FIRE:   76 11:53:06     -914.979797        1.083485
FIRE:   77 11:53:16     -915.312225        1.280157
FIRE:   78 11:53:27     -915.730385        1.167356
FIRE:   79 11:53:38     -916.216441        1.479116
FIRE:   80 11:53:49     -916.754810        1.644312
FIRE:   81 11:53:59     -917.395920        1.611294
FIRE:   82 11:54:10     -918.098536        1.383424
FIRE:   83 11:54:21     -918.683443        2.080670
FIRE:   84 11:54:32     -919.161352        2.595638
FIRE:   85 11:54:42     -919.730131        1.711315
FIRE:   86 11:54:53     -920.120921        1.410044
FIRE:   87 11:55:04     -920.344518        2.235716
FIRE:   88 11:55:14     -920.683670        1.624695
FIRE:   89 11:55:25     -921.036466        1.001226
FIRE:   90 11:55:36     -921.217549        1.810720
FIRE:   91 11:55:46     -921.434558        1.095942
FIRE:   92 11:55:57     -921.634598        0.983924
FIRE:   93 11:56:08     -921.836428        1.489885
FIRE:   94 11:56:19     -922.146017        0.991721
FIRE:   95 11:56:29     -922.452745        1.165011
FIRE:   96 11:56:40     -922.787603        1.013786
FIRE:   97 11:56:51     -923.128467        0.859555
FIRE:   98 11:57:01     -923.452052        1.095142
FIRE:   99 11:57:12     -923.778184        0.754131
FIRE:  100 11:57:23     -924.003325        0.968874
FIRE:  101 11:57:34     -924.071686        1.524293
FIRE:  102 11:57:44     -924.223587        2.086746
FIRE:  103 11:57:55     -923.930342        5.009764
FIRE:  104 11:58:06     -924.378141        3.187819
FIRE:  105 11:58:16     -924.513704        2.139885
FIRE:  106 11:58:27     -924.628508        0.560700
FIRE:  107 11:58:38     -924.600000        2.154693
FIRE:  108 11:58:48     -924.616041        1.919266
FIRE:  109 11:58:59     -924.641810        1.495542
FIRE:  110 11:59:10     -924.668052        0.975378
FIRE:  111 11:59:20     -924.687313        0.545597
FIRE:  112 11:59:31     -924.697850        0.590767
FIRE:  113 11:59:41     -924.704283        0.882780
FIRE:  114 11:59:52     -924.713222        1.085376
FIRE:  115 12:00:03     -924.731154        1.134610
FIRE:  116 12:00:13     -924.761039        0.989304
FIRE:  117 12:00:24     -924.800112        0.660895
FIRE:  118 12:00:35     -924.839737        0.461869
FIRE:  119 12:00:45     -924.875149        0.831317
FIRE:  120 12:00:56     -924.918404        1.035513
FIRE:  121 12:01:07     -924.981727        0.729656
FIRE:  122 12:01:17     -925.051733        0.362487
FIRE:  123 12:01:28     -925.121351        0.717908
FIRE:  124 12:01:39     -925.211825        0.525681
FIRE:  125 12:01:49     -925.311948        0.543978
FIRE:  126 12:02:00     -925.423759        0.677102
FIRE:  127 12:02:11     -925.552748        0.458818
FIRE:  128 12:02:21     -925.701883        0.440870
FIRE:  129 12:02:32     -925.863083        0.839484
FIRE:  130 12:02:43     -926.051580        0.568238
FIRE:  131 12:02:54     -926.242041        0.396528
FIRE:  132 12:03:04     -926.422109        0.415626
FIRE:  133 12:03:15     -926.592008        0.511976
FIRE:  134 12:03:26     -926.753520        0.517971
FIRE:  135 12:03:36     -926.902158        0.312856
FIRE:  136 12:03:47     -927.034306        0.244273
FIRE:  137 12:03:58     -927.152959        0.262317
FIRE:  138 12:04:08     -927.261621        0.279470
FIRE:  139 12:04:19     -927.362541        0.300833
FIRE:  140 12:04:30     -927.456513        0.324531
FIRE:  141 12:04:40     -927.541160        0.353793
FIRE:  142 12:04:51     -927.611457        0.573058
FIRE:  143 12:05:02     -927.659372        0.914013
FIRE:  144 12:05:12     -926.946553        3.963768
FIRE:  145 12:05:23     -927.617384        1.394599
FIRE:  146 12:05:34     -927.678997        0.886794
FIRE:  147 12:05:45     -927.724990        0.163122
FIRE:  148 12:05:55     -927.705444        0.719549
FIRE:  149 12:06:06     -927.710002        0.657884
FIRE:  150 12:06:17     -927.717650        0.539670
FIRE:  151 12:06:27     -927.725958        0.375417
FIRE:  152 12:06:38     -927.732385        0.184635
FIRE:  153 12:06:49     -927.735277        0.102418
FIRE:  154 12:06:59     -927.735019        0.240442
FIRE:  155 12:07:10     -927.735190        0.235464
FIRE:  156 12:07:21     -927.735522        0.225642
FIRE:  157 12:07:32     -927.735998        0.211253
FIRE:  158 12:07:42     -927.736592        0.192726
FIRE:  159 12:07:53     -927.737275        0.170658
FIRE:  160 12:08:04     -927.738016        0.146647
FIRE:  161 12:08:14     -927.738787        0.122460
FIRE:  162 12:08:25     -927.739648        0.098139
FIRE:  163 12:08:36     -927.740587        0.097872
FIRE:  164 12:08:46     -927.741606        0.098095
FIRE:  165 12:08:57     -927.742738        0.098187
FIRE:  166 12:09:08     -927.744063        0.114205
FIRE:  167 12:09:18     -927.745711        0.130698
FIRE:  168 12:09:29     -927.747845        0.135014
FIRE:  169 12:09:40     -927.750600        0.122825
FIRE:  170 12:09:51     -927.754006        0.101181
FIRE:  171 12:10:01     -927.757993        0.102406
FIRE:  172 12:10:12     -927.762506        0.103914
FIRE:  173 12:10:23     -927.767746        0.105769
FIRE:  174 12:10:33     -927.774158        0.108027
FIRE:  175 12:10:44     -927.781945        0.110754
FIRE:  176 12:10:55     -927.790857        0.114031
FIRE:  177 12:11:05     -927.801101        0.117862
FIRE:  178 12:11:16     -927.813428        0.122094
FIRE:  179 12:11:27     -927.827632        0.126425
FIRE:  180 12:11:37     -927.844188        0.130084
FIRE:  181 12:11:48     -927.863780        0.131438
FIRE:  182 12:11:59     -927.886547        0.127535
FIRE:  183 12:12:09     -927.913054        0.114406
FIRE:  184 12:12:20     -927.943228        0.125957
FIRE:  185 12:12:31     -927.975951        0.148796
FIRE:  186 12:12:41     -928.010418        0.178641
FIRE:  187 12:12:52     -928.047298        0.252168
FIRE:  188 12:13:03     -928.074136        0.657837
FIRE:  189 12:13:13     -928.095978        0.207619
FIRE:  190 12:13:24     -928.090923        0.564089
FIRE:  191 12:13:35     -928.097443        0.433151
FIRE:  192 12:13:46     -928.105405        0.200680
FIRE:  193 12:13:56     -928.109292        0.198140
FIRE:  194 12:14:07     -928.109213        0.308699
FIRE:  195 12:14:18     -928.109853        0.289310
FIRE:  196 12:14:28     -928.111021        0.251903
FIRE:  197 12:14:39     -928.112523        0.199210
FIRE:  198 12:14:50     -928.114131        0.193101
FIRE:  199 12:15:00     -928.115649        0.192240
FIRE:  200 12:15:11     -928.116975        0.191148
FIRE:  201 12:15:22     -928.118140        0.189808
FIRE:  202 12:15:32     -928.119410        0.188048
FIRE:  203 12:15:43     -928.121047        0.185793
FIRE:  204 12:15:54     -928.123342        0.182951
FIRE:  205 12:16:05     -928.126470        0.179389
FIRE:  206 12:16:15     -928.130315        0.174915
FIRE:  207 12:16:26     -928.134468        0.169242
FIRE:  208 12:16:37     -928.138721        0.162033
FIRE:  209 12:16:47     -928.143583        0.153053
FIRE:  210 12:16:58     -928.149606        0.142014
FIRE:  211 12:17:09     -928.156168        0.128330
FIRE:  212 12:17:19     -928.162446        0.111039
FIRE:  213 12:17:30     -928.169323        0.089666
FIRE:  214 12:17:41     -928.176055        0.063637
FIRE:  215 12:17:52     -928.181811        0.089869
FIRE:  216 12:18:02     -928.187023        0.046706
FIRE:  217 12:18:13     -928.190709        0.057528
FIRE:  218 12:18:24     -928.193346        0.094496
FIRE:  219 12:18:34     -928.195975        0.100361
FIRE:  220 12:18:45     -928.199242        0.108678
FIRE:  221 12:18:56     -928.204148        0.120109
FIRE:  222 12:19:06     -928.210029        0.220734
FIRE:  223 12:19:17     -928.212639        0.071979
FIRE:  224 12:19:28     -928.212662        0.173030
FIRE:  225 12:19:38     -928.213238        0.136555
FIRE:  226 12:19:49     -928.214031        0.071931
FIRE:  227 12:20:00     -928.214625        0.064219
FIRE:  228 12:20:10     -928.214932        0.072825
FIRE:  229 12:20:21     -928.215270        0.110578
FIRE:  230 12:20:32     -928.215943        0.113199
FIRE:  231 12:20:42     -928.216952        0.083139
FIRE:  232 12:20:53     -928.218143        0.060465
FIRE:  233 12:21:04     -928.219187        0.057415
FIRE:  234 12:21:14     -928.220279        0.092905
FIRE:  235 12:21:25     -928.221950        0.072853
FIRE:  236 12:21:35     -928.223986        0.066954
FIRE:  237 12:21:46     -928.225965        0.084763
FIRE:  238 12:21:56     -928.228772        0.093107
FIRE:  239 12:22:07     -928.232296        0.099556
FIRE:  240 12:22:18     -928.237048        0.126183
FIRE:  241 12:22:28     -928.244518        0.161813
FIRE:  242 12:22:39     -928.257138        0.228926
FIRE:  243 12:22:50     -928.281490        0.338068
FIRE:  244 12:23:00     -928.336189        0.537693
FIRE:  245 12:23:11     -928.472369        0.861464
FIRE:  246 12:23:22     -928.824109        1.391004
FIRE:  247 12:23:32     -929.484472        2.095556
FIRE:  248 12:23:43     -930.313069        1.930997
FIRE:  249 12:23:54     -930.848705        1.112483
FIRE:  250 12:24:04     -930.842366        3.001171
FIRE:  251 12:24:15     -931.189157        0.999553
FIRE:  252 12:24:26     -931.219270        0.725764
FIRE:  253 12:24:36     -931.259165        0.616349
FIRE:  254 12:24:47     -931.294752        0.557890
FIRE:  255 12:24:58     -931.334060        0.656751
FIRE:  256 12:25:08     -931.386925        0.654046
FIRE:  257 12:25:19     -931.445594        0.515161
FIRE:  258 12:25:30     -931.496874        0.538436
FIRE:  259 12:25:40     -931.547666        0.643314
FIRE:  260 12:25:51     -931.606571        0.495396
FIRE:  261 12:26:02     -931.661706        0.237877
FIRE:  262 12:26:12     -931.702893        0.365141
FIRE:  263 12:26:23     -931.740919        0.221620
FIRE:  264 12:26:34     -931.766815        0.403042
FIRE:  265 12:26:44     -931.801271        0.362015
FIRE:  266 12:26:55     -931.842109        0.413083
FIRE:  267 12:27:06     -931.907604        0.427213
FIRE:  268 12:27:16     -931.998596        0.437377
FIRE:  269 12:27:27     -932.122807        0.462537
FIRE:  270 12:27:38     -932.243721        0.994592
FIRE:  271 12:27:48     -932.315709        1.746464
FIRE:  272 12:27:59     -932.432575        0.747410
FIRE:  273 12:28:10     -932.449551        0.462224
FIRE:  274 12:28:20     -932.466484        0.369639
FIRE:  275 12:28:31     -932.474197        0.391943
FIRE:  276 12:28:42     -932.484018        0.566199
FIRE:  277 12:28:52     -932.506016        0.473238
FIRE:  278 12:29:03     -932.533422        0.338169
FIRE:  279 12:29:14     -932.554397        0.327145
FIRE:  280 12:29:24     -932.574476        0.431465
FIRE:  281 12:29:35     -932.605744        0.289209
FIRE:  282 12:29:46     -932.639255        0.257113
FIRE:  283 12:29:56     -932.667809        0.363354
FIRE:  284 12:30:07     -932.705494        0.159903
FIRE:  285 12:30:18     -932.733454        0.377082
FIRE:  286 12:30:28     -932.766716        0.135256
FIRE:  287 12:30:39     -932.784150        0.402984
FIRE:  288 12:30:50     -932.790000        0.235962
FIRE:  289 12:31:00     -932.793915        0.077757
FIRE:  290 12:31:11     -932.792874        0.248423
FIRE:  291 12:31:22     -932.793599        0.221800
FIRE:  292 12:31:32     -932.794806        0.171714
FIRE:  293 12:31:43     -932.796111        0.104619
FIRE:  294 12:31:54     -932.797163        0.073400
FIRE:  295 12:32:04     -932.797818        0.067825
FIRE:  296 12:32:15     -932.798254        0.111048
FIRE:  297 12:32:26     -932.798797        0.143757
FIRE:  298 12:32:36     -932.799811        0.150173
FIRE:  299 12:32:47     -932.801459        0.124379
FIRE:  300 12:32:58     -932.803578        0.078598
FIRE:  301 12:33:08     -932.805712        0.062449
FIRE:  302 12:33:19     -932.807692        0.096642
FIRE:  303 12:33:30     -932.810163        0.111466
FIRE:  304 12:33:40     -932.813674        0.066681
FIRE:  305 12:33:51     -932.817532        0.055347
FIRE:  306 12:34:02     -932.821389        0.100143
FIRE:  307 12:34:12     -932.826444        0.074316
FIRE:  308 12:34:23     -932.831901        0.081746
FIRE:  309 12:34:34     -932.837933        0.067788
FIRE:  310 12:34:44     -932.844797        0.078216
FIRE:  311 12:34:55     -932.852321        0.069112
FIRE:  312 12:35:06     -932.860049        0.102552
FIRE:  313 12:35:16     -932.868592        0.118921
FIRE:  314 12:35:27     -932.877107        0.160111
FIRE:  315 12:35:38     -932.884336        0.268960
FIRE:  316 12:35:48     -932.884524        0.631641
FIRE:  317 12:35:59     -932.894959        0.050476
FIRE:  318 12:36:10     -932.895016        0.050441
FIRE:  319 12:36:20     -932.895124        0.050372
FIRE:  320 12:36:31     -932.895278        0.050269
FIRE:  321 12:36:42     -932.895476        0.050136
FIRE:  322 12:36:52     -932.895720        0.049974
FIRE:  323 12:37:03     -932.896014        0.049786
FIRE:  324 12:37:14     -932.896355        0.049576
FIRE:  325 12:37:25     -932.896778        0.049325
FIRE:  326 12:37:35     -932.897301        0.049041
FIRE:  327 12:37:46     -932.897952        0.048754
FIRE:  328 12:37:57     -932.898749        0.048519
FIRE:  329 12:38:07     -932.899724        0.048413
FIRE:  330 12:38:18     -932.900913        0.048493
FIRE:  331 12:38:29     -932.902363        0.048772
FIRE:  332 12:38:39     -932.904140        0.049300
FIRE:  333 12:38:50     -932.906321        0.050306
FIRE:  334 12:39:01     -932.909016        0.052034
FIRE:  335 12:39:11     -932.912363        0.054335
FIRE:  336 12:39:22     -932.916553        0.057438
FIRE:  337 12:39:33     -932.921812        0.061388
FIRE:  338 12:39:44     -932.928220        0.063884
FIRE:  339 12:39:54     -932.933311        0.206699
FIRE:  340 12:40:05     -932.936820        0.064317
FIRE:  341 12:40:16     -932.936889        0.064265
FIRE:  342 12:40:26     -932.937022        0.064160
FIRE:  343 12:40:37     -932.937214        0.064000
FIRE:  344 12:40:48     -932.937465        0.063788
FIRE:  345 12:40:58     -932.937779        0.063531
FIRE:  346 12:41:09     -932.938158        0.063246
FIRE:  347 12:41:20     -932.938599        0.062958
FIRE:  348 12:41:30     -932.939155        0.062661
FIRE:  349 12:41:41     -932.939855        0.062389
FIRE:  350 12:41:52     -932.940735        0.062169
FIRE:  351 12:42:02     -932.941825        0.061989
FIRE:  352 12:42:13     -932.943169        0.061763
FIRE:  353 12:42:24     -932.944824        0.061310
FIRE:  354 12:42:34     -932.946825        0.060366
FIRE:  355 12:42:45     -932.949225        0.058545
FIRE:  356 12:42:56     -932.952047        0.055217
FIRE:  357 12:43:06     -932.955287        0.049718
FIRE:  358 12:43:17     -932.958858        0.041927
FIRE:  359 12:43:28     -932.962542        0.047396
FIRE:  360 12:43:39     -932.965523        0.146493
FIRE:  361 12:43:49     -932.964578        0.400459
FIRE:  362 12:44:00     -932.969170        0.018208
FIRE:  363 12:44:11     -932.965708        0.347586
FIRE:  364 12:44:22     -932.967255        0.265402
FIRE:  365 12:44:33     -932.968967        0.118708
FIRE:  366 12:44:44     -932.969311        0.059271
FIRE:  367 12:44:54     -932.969327        0.055604
FIRE:  368 12:45:05     -932.969355        0.048504
FIRE:  369 12:45:16     -932.969390        0.038640
FIRE:  370 12:45:26     -932.969426        0.026580
FIRE:  371 12:45:37     -932.969458        0.013334
FIRE:  372 12:45:48     -932.969483        0.013298
FIRE:  373 12:45:58     -932.969501        0.013650
FIRE:  374 12:46:09     -932.969520        0.023829
FIRE:  375 12:46:20     -932.969546        0.030382
FIRE:  376 12:46:30     -932.969585        0.031823
FIRE:  377 12:46:41     -932.969645        0.027004
FIRE:  378 12:46:52     -932.969720        0.015608
FIRE:  379 12:47:02     -932.969800        0.014601
FIRE:  380 12:47:13     -932.969882        0.017018
FIRE:  381 12:47:24     -932.969981        0.024838
FIRE:  382 12:47:34     -932.970116        0.019531
FIRE:  383 12:47:45     -932.970277        0.016420
FIRE:  384 12:47:56     -932.970445        0.018618
FIRE:  385 12:48:07     -932.970651        0.019195
FIRE:  386 12:48:17     -932.970901        0.017917
FIRE:  387 12:48:28     -932.971173        0.021125
FIRE:  388 12:48:39     -932.971515        0.018080
FIRE:  389 12:48:49     -932.971875        0.021406
FIRE:  390 12:49:00     -932.972303        0.016529
FIRE:  391 12:49:11     -932.972773        0.014893
FIRE:  392 12:49:21     -932.973263        0.029958
FIRE:  393 12:49:32     -932.973744        0.053322
FIRE:  394 12:49:43     -932.974124        0.089421
FIRE:  395 12:49:53     -932.974363        0.015714
FIRE:  396 12:50:04     -932.974247        0.071777
FIRE:  397 12:50:15     -932.974304        0.056841
FIRE:  398 12:50:25     -932.974374        0.030190
FIRE:  399 12:50:36     -932.974407        0.008373
MACE calculation complete. Energy written to MACE_OUTCAR: -932.974407 eV
Job ended on: Thu  5 Jun 11:50:37 UTC 2025
