Si Bulk DFT energetics calculations using VASP
Running on host: comp075
Working directory: /lustre/home/ah1365/projects/127870/upgrade_report/case_studies/common/structures/interfaces/168_Sn72Ge96_011_011_a0.0_b0.0_c0.0_interface3shift1
Job started on: Tue 10 Jun 13:29:57 UTC 2025
cuequivariance or cuequivariance_torch is not available. Cuequivariance acceleration will be disabled.
Using Materials Project MACE for MACECalculator with /lustre/home/ah1365/.cache/mace/MACE_MPtrj_20229model
Using float64 for MACECalculator, which is slower but more accurate. Recommended for geometry optimization.
Using TorchDFTD3Calculator for D3 dispersion corrections
      Step     Time          Energy          fmax
FIRE:    0 14:30:16      540.832529      260.158591
FIRE:    1 14:30:29      453.920762      520.823430
FIRE:    2 14:30:41      669.917499     5310.026612
FIRE:    3 14:30:54      428.779749      474.585738
FIRE:    4 14:31:07      350.398073      712.782931
FIRE:    5 14:31:19      339.053369      270.403301
FIRE:    6 14:31:32      334.147713      302.169063
FIRE:    7 14:31:44      325.619950      194.647326
FIRE:    8 14:31:57      315.895703      275.321287
FIRE:    9 14:32:09      303.093796      302.455184
FIRE:   10 14:32:22      292.170048      301.432228
FIRE:   11 14:32:34      269.703519     1269.745422
FIRE:   12 14:32:47      255.189434     2507.129052
FIRE:   13 14:32:59      209.775538     1712.400702
FIRE:   14 14:33:12      238.320950     1504.390092
FIRE:   15 14:33:24      232.525878     1568.928340
FIRE:   16 14:33:37      219.233252     1916.918107
FIRE:   17 14:33:50      194.800071     1922.434067
FIRE:   18 14:34:02      204.553733     1587.900304
FIRE:   19 14:34:15      203.059627     1582.705830
FIRE:   20 14:34:27      200.087707     1574.541089
FIRE:   21 14:34:40      195.633949     1594.865760
FIRE:   22 14:34:52      189.644664     1276.899443
FIRE:   23 14:35:05      187.143094      702.546466
FIRE:   24 14:35:17      187.071633      446.162546
FIRE:   25 14:35:30      187.005497      185.318868
FIRE:   26 14:35:42      186.976730      329.692653
FIRE:   27 14:35:55      186.944868      436.383214
FIRE:   28 14:36:08      186.877971      450.714504
FIRE:   29 14:36:20      186.773963      386.324634
FIRE:   30 14:36:33      186.653317      240.661001
FIRE:   31 14:36:45      186.536460      237.594332
FIRE:   32 14:36:58      186.409088      417.631745
FIRE:   33 14:37:10      186.203465      281.824843
FIRE:   34 14:37:23      185.964625      240.489789
FIRE:   35 14:37:35      185.697762      363.819713
FIRE:   36 14:37:48      185.326128      245.856124
FIRE:   37 14:38:00      184.908268      349.003408
FIRE:   38 14:38:13      184.357023      184.641828
FIRE:   39 14:38:25      183.723940      367.795152
FIRE:   40 14:38:38      182.900603      190.848431
FIRE:   41 14:38:50      181.914280      219.436764
FIRE:   42 14:39:03      180.745542      463.147785
FIRE:   43 14:39:15      179.387511      877.288027
FIRE:   44 14:39:28      178.069221      468.919004
FIRE:   45 14:39:41      176.075856      449.498796
FIRE:   46 14:39:53      172.959501      223.742839
FIRE:   47 14:40:06      173.264709     2051.293692
FIRE:   48 14:40:18      169.799729      437.747735
FIRE:   49 14:40:31      170.387266      627.021417
FIRE:   50 14:40:43      170.304621      582.153717
FIRE:   51 14:40:56      170.152363      520.284856
FIRE:   52 14:41:08      169.939178      505.776885
FIRE:   53 14:41:21      169.649648      549.682437
FIRE:   54 14:41:33      169.288568      486.350812
FIRE:   55 14:41:46      169.236854      941.565152
FIRE:   56 14:41:59      169.193095      796.893271
FIRE:   57 14:42:11      169.127768      540.618951
FIRE:   58 14:42:24      169.070305      248.705359
FIRE:   59 14:42:36      169.036026      186.370745
FIRE:   60 14:42:49      169.017460      316.814185
FIRE:   61 14:43:01      168.998327      400.756588
FIRE:   62 14:43:14      168.967964      438.316925
FIRE:   63 14:43:26      168.916592      444.146674
FIRE:   64 14:43:39      168.839535      414.729631
FIRE:   65 14:43:51      168.737975      328.703594
FIRE:   66 14:44:04      168.624508      181.292799
FIRE:   67 14:44:16      168.514851      279.801577
FIRE:   68 14:44:29      168.381019      436.495774
FIRE:   69 14:44:41      168.178561      286.216293
FIRE:   70 14:44:54      167.945123      206.603435
FIRE:   71 14:45:06      167.687285      352.514427
FIRE:   72 14:45:19      167.340944      315.918657
FIRE:   73 14:45:31      166.918970      188.563209
FIRE:   74 14:45:44      166.423403      341.387921
FIRE:   75 14:45:56      165.794909      262.270796
FIRE:   76 14:46:09      165.036356      299.503784
FIRE:   77 14:46:21      164.118655      395.442277
FIRE:   78 14:46:34      162.986657      389.908336
FIRE:   79 14:46:46      161.570772      261.612875
FIRE:   80 14:46:59      159.853997      450.851280
FIRE:   81 14:47:11      157.923318     1437.929390
FIRE:   82 14:47:24      157.197823     1486.903068
FIRE:   83 14:47:37      156.153462     1265.794904
FIRE:   84 14:47:49      154.975257      706.601843
FIRE:   85 14:48:02      156.429823     2295.532411
FIRE:   86 14:48:14      155.721579     2295.547666
FIRE:   87 14:48:27      154.764225     1366.895189
FIRE:   88 14:48:39      154.694743      701.665485
FIRE:   89 14:48:52      154.673056      683.551331
FIRE:   90 14:49:04      154.631845      643.396381
FIRE:   91 14:49:17      154.575913      573.034955
FIRE:   92 14:49:29      154.513438      461.308336
FIRE:   93 14:49:42      154.455980      303.904658
FIRE:   94 14:49:54      154.415245      214.017998
FIRE:   95 14:50:07      154.393727      284.469675
FIRE:   96 14:50:19      154.376510      455.722497
FIRE:   97 14:50:32      154.339160      551.085268
FIRE:   98 14:50:44      154.261404      499.810911
FIRE:   99 14:50:57      154.149584      300.884219
FIRE:  100 14:51:09      154.037020      204.357066
FIRE:  101 14:51:22      153.936105      343.459758
FIRE:  102 14:51:34      153.808909      434.053362
FIRE:  103 14:51:47      153.620052      368.831468
FIRE:  104 14:51:59      153.390618      201.962415
FIRE:  105 14:52:12      153.165458      358.770129
FIRE:  106 14:52:24      152.856249      269.906043
FIRE:  107 14:52:37      152.508137      292.393353
FIRE:  108 14:52:49      152.110879      361.003579
FIRE:  109 14:53:02      151.640019      291.082209
FIRE:  110 14:53:14      151.095111      171.535531
FIRE:  111 14:53:27      150.515777      507.072868
FIRE:  112 14:53:39      149.871660      729.008499
FIRE:  113 14:53:52      149.322259     1075.584593
FIRE:  114 14:54:04      149.040483      481.404552
FIRE:  115 14:54:17      149.102766      913.503629
FIRE:  116 14:54:30      149.035616      696.835481
FIRE:  117 14:54:42      148.958763      325.820265
FIRE:  118 14:54:55      148.930704      193.352191
FIRE:  119 14:55:07      148.928985      188.038103
FIRE:  120 14:55:20      148.925639      178.209740
FIRE:  121 14:55:32      148.920828      165.577117
FIRE:  122 14:55:45      148.914745      153.110798
FIRE:  123 14:55:57      148.907564      147.068597
FIRE:  124 14:56:10      148.899386      146.969197
FIRE:  125 14:56:22      148.890212      146.874118
FIRE:  126 14:56:35      148.878783      149.989133
FIRE:  127 14:56:47      148.864375      157.860697
FIRE:  128 14:57:00      148.846055      161.434737
FIRE:  129 14:57:12      148.822814      157.140175
FIRE:  130 14:57:25      148.793755      146.877396
FIRE:  131 14:57:37      148.758079      146.840266
FIRE:  132 14:57:50      148.714622      146.928956
FIRE:  133 14:58:03      148.661248      146.957625
FIRE:  134 14:58:15      148.595183      146.879562
FIRE:  135 14:58:28      148.514226      146.690215
FIRE:  136 14:58:40      148.416175      146.470809
FIRE:  137 14:58:53      148.296509      146.368477
FIRE:  138 14:59:05      148.150913      146.416402
FIRE:  139 14:59:18      147.975423      146.379768
FIRE:  140 14:59:30      147.762812      146.018184
FIRE:  141 14:59:43      147.507832      145.613190
FIRE:  142 14:59:55      147.201747      145.558612
FIRE:  143 15:00:08      146.835999      144.947641
FIRE:  144 15:00:20      146.400563      144.349281
FIRE:  145 15:00:33      145.884423      143.883025
FIRE:  146 15:00:45      145.289111      341.215792
FIRE:  147 15:00:58      144.790983     1126.263741
FIRE:  148 15:01:10      145.165156     2022.873457
FIRE:  149 15:01:23      143.874859      859.940422
FIRE:  150 15:01:36      144.616427     1655.690922
FIRE:  151 15:01:48      144.350440     1542.968986
FIRE:  152 15:02:01      143.928507     1089.123574
FIRE:  153 15:02:13      143.707625      171.890606
FIRE:  154 15:02:26      143.706053      160.696434
FIRE:  155 15:02:38      143.703026      139.665167
FIRE:  156 15:02:51      143.698736      139.747041
FIRE:  157 15:03:03      143.693384      139.842676
FIRE:  158 15:03:16      143.687107      139.940769
FIRE:  159 15:03:29      143.679921      140.028662
FIRE:  160 15:03:41      143.671727      140.094269
FIRE:  161 15:03:54      143.661293      140.129877
FIRE:  162 15:04:06      143.647904      140.118629
FIRE:  163 15:04:19      143.630813      140.046520
FIRE:  164 15:04:31      143.609376      139.909370
FIRE:  165 15:04:44      143.582993      139.722667
FIRE:  166 15:04:56      143.550680      139.528887
FIRE:  167 15:05:09      143.510652      139.388081
FIRE:  168 15:05:21      143.460820      139.342895
FIRE:  169 15:05:34      143.399636      139.367088
FIRE:  170 15:05:46      143.324980      139.333325
FIRE:  171 15:05:59      143.232972      139.091860
FIRE:  172 15:06:11      143.120505      138.661757
FIRE:  173 15:06:24      142.983289      138.324141
FIRE:  174 15:06:36      142.815542      138.218715
FIRE:  175 15:06:49      142.611375      137.870697
FIRE:  176 15:07:01      142.363035      137.121405
FIRE:  177 15:07:14      142.061037      136.914087
FIRE:  178 15:07:27      141.694538      136.071812
FIRE:  179 15:07:39      141.250257      135.697063
FIRE:  180 15:07:52      140.716814      231.536944
FIRE:  181 15:08:04      140.158787      879.714513
FIRE:  182 15:08:17      140.165180     1828.563976
FIRE:  183 15:08:29      139.374516      784.873989
FIRE:  184 15:08:42      139.856148     1626.648054
FIRE:  185 15:08:54      139.646107     1478.472679
FIRE:  186 15:09:07      139.354548      927.297019
FIRE:  187 15:09:19      139.261036      366.224319
FIRE:  188 15:09:32      139.257412      340.805551
FIRE:  189 15:09:44      139.250882      291.797019
FIRE:  190 15:09:57      139.242669      223.393373
FIRE:  191 15:10:09      139.234116      143.834512
FIRE:  192 15:10:22      139.226189      132.941813
FIRE:  193 15:10:34      139.219047      133.213099
FIRE:  194 15:10:47      139.211967      153.951855
FIRE:  195 15:11:00      139.202849      202.489222
FIRE:  196 15:11:12      139.189929      219.265021
FIRE:  197 15:11:25      139.171864      194.855162
FIRE:  198 15:11:37      139.148633      133.316728
FIRE:  199 15:11:50      139.121555      132.979170
FIRE:  200 15:12:02      139.090961      132.646932
FIRE:  201 15:12:15      139.053306      174.223828
FIRE:  202 15:12:27      139.003921      141.366252
FIRE:  203 15:12:40      138.943258      132.913530
FIRE:  204 15:12:52      138.872572      143.674242
FIRE:  205 15:13:05      138.783743      135.949012
FIRE:  206 15:13:17      138.674243      132.665262
FIRE:  207 15:13:30      138.543670      149.641526
FIRE:  208 15:13:42      138.380565      132.706426
FIRE:  209 15:13:55      138.185337      146.216949
FIRE:  210 15:14:08      137.945527      132.128537
FIRE:  211 15:14:20      137.653513      132.325057
FIRE:  212 15:14:33      137.299466      132.411708
FIRE:  213 15:14:45      136.875987      267.079268
FIRE:  214 15:14:58      136.420607      717.801821
FIRE:  215 15:15:10      136.161317     1414.058823
FIRE:  216 15:15:23      135.758889      391.454568
FIRE:  217 15:15:35      135.984399     1267.340735
FIRE:  218 15:15:48      135.874111     1055.008404
FIRE:  219 15:16:00      135.734872      558.582605
FIRE:  220 15:16:13      135.688541      185.007224
FIRE:  221 15:16:25      135.686896      174.911474
FIRE:  222 15:16:38      135.683772      155.563385
FIRE:  223 15:16:50      135.679458      130.794717
FIRE:  224 15:17:03      135.674284      130.935728
FIRE:  225 15:17:15      135.668518      131.090311
FIRE:  226 15:17:28      135.662276      131.243395
FIRE:  227 15:17:40      135.655483      131.378668
FIRE:  228 15:17:53      135.647059      131.490597
FIRE:  229 15:18:05      135.636265      131.556119
FIRE:  230 15:18:18      135.622235      131.552463
FIRE:  231 15:18:31      135.604238      131.464015
FIRE:  232 15:18:43      135.581891      131.293481
FIRE:  233 15:18:56      135.554909      131.076571
FIRE:  234 15:19:08      135.522226      130.887708
FIRE:  235 15:19:21      135.481542      130.814774
FIRE:  236 15:19:33      135.430671      130.907415
FIRE:  237 15:19:46      135.368765      131.110004
FIRE:  238 15:19:58      135.293578      131.219993
FIRE:  239 15:20:11      135.200418      131.038149
FIRE:  240 15:20:24      135.087143      130.659863
FIRE:  241 15:20:36      134.948765      130.533153
FIRE:  242 15:20:49      134.779700      130.774360
FIRE:  243 15:21:01      134.573688      130.616464
FIRE:  244 15:21:14      134.323422      130.029944
FIRE:  245 15:21:26      134.018728      130.370127
FIRE:  246 15:21:39      133.649167      129.597176
FIRE:  247 15:21:51      133.203484      154.664237
FIRE:  248 15:22:04      132.695526      422.091508
FIRE:  249 15:22:16      132.348809     1212.993812
FIRE:  250 15:22:29      132.019728      129.254866
FIRE:  251 15:22:42      132.218307     1031.731708
FIRE:  252 15:22:54      132.121465      835.478925
FIRE:  253 15:23:07      131.999933      414.889032
FIRE:  254 15:23:19      131.959727      188.002929
FIRE:  255 15:23:32      131.958060      177.037792
FIRE:  256 15:23:44      131.954899      156.005160
FIRE:  257 15:23:57      131.950546      129.241692
FIRE:  258 15:24:09      131.945338      129.086665
FIRE:  259 15:24:22      131.939541      128.919179
FIRE:  260 15:24:35      131.933258      128.755623
FIRE:  261 15:24:47      131.926394      128.612519
FIRE:  262 15:25:00      131.917844      128.493953
FIRE:  263 15:25:12      131.906852      128.421405
FIRE:  264 15:25:25      131.892562      128.415327
FIRE:  265 15:25:37      131.874276      128.489138
FIRE:  266 15:25:50      131.851639      128.638396
FIRE:  267 15:26:02      131.824333      128.824666
FIRE:  268 15:26:15      131.791168      128.967730
FIRE:  269 15:26:27      131.749774      128.973364
FIRE:  270 15:26:40      131.698113      128.795411
FIRE:  271 15:26:53      131.635390      128.510315
FIRE:  272 15:27:05      131.558993      128.331984
FIRE:  273 15:27:18      131.464337      128.431612
FIRE:  274 15:27:30      131.349466      128.668767
FIRE:  275 15:27:43      131.208766      128.569897
FIRE:  276 15:27:55      131.037292      128.108721
FIRE:  277 15:28:08      130.827891      128.103445
FIRE:  278 15:28:20      130.573756      128.337545
FIRE:  279 15:28:33      130.264727      127.547401
FIRE:  280 15:28:45      129.890959      129.646279
FIRE:  281 15:28:58      129.447415      246.767636
FIRE:  282 15:29:10      128.984702      681.874980
FIRE:  283 15:29:23      128.829291     1385.230041
FIRE:  284 15:29:36      128.291621      376.363170
FIRE:  285 15:29:48      128.613565     1305.839951
FIRE:  286 15:30:01      128.459808     1076.997759
FIRE:  287 15:30:13      128.266440      532.430949
FIRE:  288 15:30:26      128.214815      248.643202
FIRE:  289 15:30:38      128.212380      233.570819
FIRE:  290 15:30:51      128.207879      204.488028
FIRE:  291 15:31:03      128.201949      163.772077
FIRE:  292 15:31:16      128.195320      126.345451
FIRE:  293 15:31:28      128.188579      126.583856
FIRE:  294 15:31:41      128.181952      126.819351
FIRE:  295 15:31:54      128.175209      127.024070
FIRE:  296 15:32:06      128.166957      127.187434
FIRE:  297 15:32:19      128.156037      146.367403
FIRE:  298 15:32:31      128.141234      143.569346
FIRE:  299 15:32:44      128.121871      127.108000
FIRE:  300 15:32:56      128.098162      126.845605
FIRE:  301 15:33:09      128.070502      126.532068
FIRE:  302 15:33:21      128.037503      126.289642
FIRE:  303 15:33:34      127.995651      126.242270
FIRE:  304 15:33:46      127.942764      126.443777
FIRE:  305 15:33:59      127.879588      126.783254
FIRE:  306 15:34:12      127.803096      126.928900
FIRE:  307 15:34:24      127.707143      126.629546
FIRE:  308 15:34:37      127.592008      126.132508
FIRE:  309 15:34:49      127.450293      126.124563
FIRE:  310 15:35:02      127.278324      126.581801
FIRE:  311 15:35:20      127.067611      126.250486
FIRE:  312 15:35:34      126.813218      125.610050
FIRE:  313 15:35:46      126.504226      141.654784
FIRE:  314 15:35:59      126.132595      175.616882
FIRE:  315 15:36:11      125.700050      350.556416
FIRE:  316 15:36:24      125.281942      784.080198
FIRE:  317 15:36:37      125.216368     1555.620513
FIRE:  318 15:36:49      124.546488      355.959227
FIRE:  319 15:37:02      124.957460     1305.144836
FIRE:  320 15:37:14      124.790084     1120.324972
FIRE:  321 15:37:27      124.558423      638.843137
FIRE:  322 15:37:39      124.467029      180.783230
FIRE:  323 15:37:52      124.465319      169.486689
FIRE:  324 15:38:04      124.462085      147.872339
FIRE:  325 15:38:17      124.457647      125.209259
FIRE:  326 15:38:29      124.452354      125.047961
FIRE:  327 15:38:42      124.446469      124.875580
FIRE:  328 15:38:54      124.440070      124.709959
FIRE:  329 15:39:07      124.433033      124.568590
FIRE:  330 15:39:19      124.424190      124.456626
FIRE:  331 15:39:32      124.412757      124.396194
FIRE:  332 15:39:45      124.397890      124.407338
FIRE:  333 15:39:57      124.378966      124.501035
FIRE:  334 15:40:10      124.355692      124.666702
FIRE:  335 15:40:22      124.327646      124.855451
FIRE:  336 15:40:35      124.293354      124.978053
FIRE:  337 15:40:47      124.250360      124.943250
FIRE:  338 15:41:00      124.196991      124.727067
FIRE:  339 15:41:12      124.132408      124.446151
FIRE:  340 15:41:25      124.053203      124.332032
FIRE:  341 15:41:37      123.955316      124.504819
FIRE:  342 15:41:50      123.836767      124.711601
FIRE:  343 15:42:02      123.690931      124.489323
FIRE:  344 15:42:15      123.513939      124.064846
FIRE:  345 15:42:28      123.297200      124.254227
FIRE:  346 15:42:40      123.033955      124.273443
FIRE:  347 15:42:53      122.714523      123.526230
FIRE:  348 15:43:05      122.330873      189.430800
FIRE:  349 15:43:18      121.894031      403.687918
FIRE:  350 15:43:30      121.512480      981.214970
FIRE:  351 15:43:43      121.631529     1575.508247
FIRE:  352 15:43:55      120.787260      712.797952
FIRE:  353 15:44:08      121.209968     1474.749867
FIRE:  354 15:44:20      120.995899     1259.312977
FIRE:  355 15:44:33      120.711534      654.789406
FIRE:  356 15:44:45      120.635669      293.409305
FIRE:  357 15:44:58      120.632418      274.321849
FIRE:  358 15:45:10      120.626511      237.389944
FIRE:  359 15:45:23      120.618977      185.426666
FIRE:  360 15:45:36      120.610986      123.793425
FIRE:  361 15:45:48      120.603457      122.713099
FIRE:  362 15:46:01      120.596675      123.012245
FIRE:  363 15:46:13      120.590154      123.265107
FIRE:  364 15:46:26      120.582093      153.718458
FIRE:  365 15:46:38      120.570877      174.660915
FIRE:  366 15:46:51      120.555048      164.199424
FIRE:  367 15:47:03      120.534196      123.277665
FIRE:  368 15:47:16      120.509318      122.931143
FIRE:  369 15:47:28      120.481296      122.547910
FIRE:  370 15:47:41      120.447859      131.617558
FIRE:  371 15:47:53      120.404302      125.027955
FIRE:  372 15:48:06      120.349334      122.616974
FIRE:  373 15:48:19      120.285215      123.046250
FIRE:  374 15:48:31      120.206696      123.869936
FIRE:  375 15:48:44      120.107684      122.688301
FIRE:  376 15:48:56      119.990659      122.150314
FIRE:  377 15:49:09      119.844476      122.335828
FIRE:  378 15:49:21      119.669568      124.808032
FIRE:  379 15:49:34      119.453078      122.260792
FIRE:  380 15:49:46      119.192527      121.810955
FIRE:  381 15:49:59      118.878526      185.301548
FIRE:  382 15:50:12      118.506712      278.100463
FIRE:  383 15:50:24      118.095146      546.800794
FIRE:  384 15:50:37      117.775892     1044.984519
FIRE:  385 15:50:49      117.509958      219.849231
FIRE:  386 15:51:02      117.646392      944.735281
FIRE:  387 15:51:14      117.572127      750.857452
FIRE:  388 15:51:27      117.481782      364.714790
FIRE:  389 15:51:39      117.450443      143.690872
FIRE:  390 15:51:52      117.449164      136.390070
FIRE:  391 15:52:04      117.446699      122.414152
FIRE:  392 15:52:17      117.443213      120.997855
FIRE:  393 15:52:30      117.438897      121.110336
FIRE:  394 15:52:42      117.433909      121.234413
FIRE:  395 15:52:55      117.428330      121.358899
FIRE:  396 15:53:07      117.422132      121.471611
FIRE:  397 15:53:20      117.414420      121.569361
FIRE:  398 15:53:32      117.404634      121.633943
FIRE:  399 15:53:45      117.392083      121.646190
FIRE:  400 15:53:57      117.376086      121.591349
FIRE:  401 15:54:10      117.356114      121.467772
FIRE:  402 15:54:22      117.331709      121.298322
FIRE:  403 15:54:35      117.302004      121.137200
FIRE:  404 15:54:48      117.265279      121.056714
FIRE:  405 15:55:00      117.219531      121.109210
FIRE:  406 15:55:13      117.163446      121.272877
FIRE:  407 15:55:25      117.095255      121.406819
FIRE:  408 15:55:38      117.011202      121.328333
FIRE:  409 15:55:50      116.908402      121.043604
FIRE:  410 15:56:03      116.783210      120.879071
FIRE:  411 15:56:15      116.629831      121.057535
FIRE:  412 15:56:28      116.443334      121.090313
FIRE:  413 15:56:40      116.215980      120.621845
FIRE:  414 15:56:53      115.939076      120.750966
FIRE:  415 15:57:05      115.602361      120.582227
FIRE:  416 15:57:18      115.193268      120.123531
FIRE:  417 15:57:31      114.702424      196.252731
FIRE:  418 15:57:43      114.201489      683.327032
FIRE:  419 15:57:56      114.284507     1628.938549
FIRE:  420 15:58:08      113.434612      407.515434
FIRE:  421 15:58:21      113.996005     1419.920284
FIRE:  422 15:58:33      113.776127     1243.500548
FIRE:  423 15:58:46      113.463253      724.815862
FIRE:  424 15:58:58      113.350611      256.208265
FIRE:  425 15:59:11      113.347895      237.650107
FIRE:  426 15:59:24      113.342949      202.069295
FIRE:  427 15:59:36      113.336594      152.782149
FIRE:  428 15:59:49      113.329712      119.837860
FIRE:  429 16:00:01      113.322913      119.565606
FIRE:  430 16:00:14      113.316278      119.313122
FIRE:  431 16:00:26      113.309340      119.110643
FIRE:  432 16:00:39      113.300445      131.504079
FIRE:  433 16:00:52      113.288309      141.532893
FIRE:  434 16:01:04      113.271887      126.091152
FIRE:  435 16:01:17      113.250971      119.170719
FIRE:  436 16:01:29      113.226163      119.457075
FIRE:  437 16:01:42      113.197314      119.740269
FIRE:  438 16:01:54      113.161682      119.869515
FIRE:  439 16:02:07      113.115796      119.730561
FIRE:  440 16:02:19      113.059545      119.349714
FIRE:  441 16:02:32      112.992870      118.992690
FIRE:  442 16:02:44      112.909503      119.000891
FIRE:  443 16:02:57      112.807200      119.399551
FIRE:  444 16:03:09      112.683984      119.579549
FIRE:  445 16:03:22      112.531280      119.056978
FIRE:  446 16:03:34      112.347096      118.726863
FIRE:  447 16:03:47      112.121842      119.302968
FIRE:  448 16:04:00      111.847104      118.739178
FIRE:  449 16:04:12      111.513143      118.580456
FIRE:  450 16:04:25      111.108068      119.873543
FIRE:  451 16:04:37      110.639935      361.289027
FIRE:  452 16:04:50      110.293810     1097.515894
FIRE:  453 16:05:02      110.025189      118.322481
FIRE:  454 16:05:15      110.182175      928.238271
FIRE:  455 16:05:27      110.102820      747.499256
FIRE:  456 16:05:40      110.003810      366.900958
FIRE:  457 16:05:52      109.969996      161.618010
FIRE:  458 16:06:05      109.968547      152.031464
FIRE:  459 16:06:18      109.965786      133.643375
FIRE:  460 16:06:30      109.961949      118.425886
FIRE:  461 16:06:43      109.957298      118.285508
FIRE:  462 16:06:55      109.952045      118.133693
FIRE:  463 16:07:08      109.946271      117.985088
FIRE:  464 16:07:20      109.939909      117.854511
FIRE:  465 16:07:33      109.931969      117.745588
FIRE:  466 16:07:45      109.921800      117.678101
FIRE:  467 16:07:58      109.908649      117.671204
FIRE:  468 16:08:10      109.891866      117.737740
FIRE:  469 16:08:23      109.871049      117.874325
FIRE:  470 16:08:36      109.845821      118.047046
FIRE:  471 16:08:48      109.815118      118.184189
FIRE:  472 16:09:01      109.776889      118.199461
FIRE:  473 16:09:13      109.729239      118.047771
FIRE:  474 16:09:26      109.671236      117.793997
FIRE:  475 16:09:38      109.600560      117.630591
FIRE:  476 16:09:51      109.513125      117.721330
FIRE:  477 16:10:03      109.406817      117.951516
FIRE:  478 16:10:16      109.276724      117.891974
FIRE:  479 16:10:28      109.118007      117.489101
FIRE:  480 16:10:41      108.924295      117.480389
FIRE:  481 16:10:53      108.688965      117.737004
FIRE:  482 16:11:06      108.402626      117.060173
FIRE:  483 16:11:18      108.055740      117.588351
FIRE:  484 16:11:31      107.641434      199.509795
FIRE:  485 16:11:44      107.197650      586.607903
FIRE:  486 16:11:56      107.018825     1299.922694
FIRE:  487 16:12:09      106.556157      292.971405
FIRE:  488 16:12:21      106.846682     1227.065310
FIRE:  489 16:12:34      106.707916     1001.084327
FIRE:  490 16:12:46      106.536421      480.547478
FIRE:  491 16:12:59      106.493146      238.777651
FIRE:  492 16:13:11      106.490819      223.976669
FIRE:  493 16:13:24      106.486523      195.401313
FIRE:  494 16:13:36      106.480882      155.341200
FIRE:  495 16:13:49      106.474606      116.119601
FIRE:  496 16:14:01      106.468271      116.360046
FIRE:  497 16:14:14      106.462098      116.597504
FIRE:  498 16:14:26      106.455864      116.804007
FIRE:  499 16:14:39      106.448253      116.969224
FIRE:  500 16:14:51      106.438157      137.576492
FIRE:  501 16:15:04      106.424417      134.965987
FIRE:  502 16:15:16      106.406393      116.898464
FIRE:  503 16:15:29      106.384329      116.639756
FIRE:  504 16:15:42      106.358662      116.329211
FIRE:  505 16:15:54      106.328120      116.089391
FIRE:  506 16:16:07      106.289345      116.045569
FIRE:  507 16:16:19      106.240256      116.253107
FIRE:  508 16:16:32      106.181671      116.603047
FIRE:  509 16:16:44      106.110838      116.764477
FIRE:  510 16:16:57      106.021851      116.484000
FIRE:  511 16:17:10      105.915139      116.000444
FIRE:  512 16:17:22      105.783805      116.005045
FIRE:  513 16:17:35      105.624379      116.489067
FIRE:  514 16:17:47      105.429036      116.200370
FIRE:  515 16:18:00      105.193269      115.583827
FIRE:  516 16:18:12      104.906779      132.240079
FIRE:  517 16:18:25      104.562126      163.815098
FIRE:  518 16:18:37      104.160880      330.290312
FIRE:  519 16:18:50      103.774251      763.266225
FIRE:  520 16:19:02      103.741774     1512.634017
FIRE:  521 16:19:15      103.091716      348.647666
FIRE:  522 16:19:28      103.498588     1304.169688
FIRE:  523 16:19:40      103.330422     1113.056533
FIRE:  524 16:19:53      103.101257      619.837195
FIRE:  525 16:20:05      103.018105      198.391631
FIRE:  526 16:20:18      103.016244      185.333148
FIRE:  527 16:20:30      103.012769      160.268008
FIRE:  528 16:20:43      103.008106      125.477260
FIRE:  529 16:20:55      103.002718      115.394681
FIRE:  530 16:21:08      102.996962      115.195424
FIRE:  531 16:21:20      102.990940      115.004387
FIRE:  532 16:21:33      102.984474      114.842460
FIRE:  533 16:21:46      102.976380      114.716046
FIRE:  534 16:21:58      102.965791      114.650436
FIRE:  535 16:22:11      102.951818      114.668158
FIRE:  536 16:22:23      102.933911      114.781586
FIRE:  537 16:22:36      102.912015      114.978714
FIRE:  538 16:22:48      102.885963      115.202704
FIRE:  539 16:23:01      102.854261      115.349662
FIRE:  540 16:23:14      102.814240      115.316000
FIRE:  541 16:23:26      102.764411      115.075522
FIRE:  542 16:23:39      102.704526      114.763383
FIRE:  543 16:23:51      102.631095      114.648915
FIRE:  544 16:24:04      102.540014      114.868771
FIRE:  545 16:24:16      102.430193      115.130609
FIRE:  546 16:24:29      102.294700      114.901626
FIRE:  547 16:24:41      102.130682      114.444738
FIRE:  548 16:24:54      101.929422      114.707102
FIRE:  549 16:25:07      101.685301      114.781801
FIRE:  550 16:25:19      101.389441      116.032018
FIRE:  551 16:25:32      101.035543      206.513040
FIRE:  552 16:25:44      100.637899      437.716844
FIRE:  553 16:25:57      100.306588      993.199630
FIRE:  554 16:26:09      100.091802      136.123364
FIRE:  555 16:26:22      100.200680      818.039396
FIRE:  556 16:26:35      100.143554      658.871656
FIRE:  557 16:26:47      100.070921      339.743767
FIRE:  558 16:27:00      100.039704      114.240993
FIRE:  559 16:27:12      100.038742      114.219171
FIRE:  560 16:27:25      100.036854      114.176955
FIRE:  561 16:27:37      100.034103      114.117323
FIRE:  562 16:27:50      100.030561      114.044789
FIRE:  563 16:28:02      100.026287      113.965220
FIRE:  564 16:28:15      100.021313      113.885413
FIRE:  565 16:28:27      100.015630      113.812423
FIRE:  566 16:28:40      100.008467      113.747118
FIRE:  567 16:28:53       99.999405      113.699853
FIRE:  568 16:29:05       99.987925      113.681793
FIRE:  569 16:29:18       99.973447      113.701865
FIRE:  570 16:29:30       99.955380      113.761640
FIRE:  571 16:29:43       99.933085      113.848465
FIRE:  572 16:29:55       99.905680      113.930369
FIRE:  573 16:30:08       99.871838      113.961335
