Si Bulk DFT energetics calculations using VASP
Running on host: comp058
Working directory: /lustre/home/ah1365/projects/127870/upgrade_report/case_studies/common/structures/interfaces/264_Sn108Si156_001_001_a0.07732_b0.082474_c2.1_interface2shift2swap1
Job started on: Thu 12 Jun 10:56:14 UTC 2025
cuequivariance or cuequivariance_torch is not available. Cuequivariance acceleration will be disabled.
Using Materials Project MACE for MACECalculator with /lustre/home/ah1365/.cache/mace/MACE_MPtrj_20229model
Using float64 for MACECalculator, which is slower but more accurate. Recommended for geometry optimization.
Using TorchDFTD3Calculator for D3 dispersion corrections
      Step     Time          Energy          fmax
FIRE:    0 11:57:16    -1235.943155        5.991346
FIRE:    1 11:57:36    -1242.068859        4.815177
FIRE:    2 11:57:56    -1247.459157        3.899277
FIRE:    3 11:58:16    -1252.208083        3.229622
FIRE:    4 11:58:36    -1256.393327        2.680877
FIRE:    5 11:58:55    -1260.079257        2.405507
FIRE:    6 11:59:15    -1263.320447        2.187229
FIRE:    7 11:59:35    -1266.166404        1.991996
FIRE:    8 11:59:54    -1268.667466        1.792020
FIRE:    9 12:00:14    -1270.873777        1.590533
FIRE:   10 12:00:34    -1272.833696        1.408365
FIRE:   11 12:00:53    -1274.591818        1.243139
FIRE:   12 12:01:13    -1276.186302        1.082311
FIRE:   13 12:01:33    -1277.648234        0.972124
FIRE:   14 12:01:53    -1279.002298        0.912863
FIRE:   15 12:02:13    -1280.267468        0.896347
FIRE:   16 12:02:32    -1281.458840        0.882888
FIRE:   17 12:02:52    -1282.588352        0.866999
FIRE:   18 12:03:12    -1283.665706        0.842525
FIRE:   19 12:03:32    -1284.699022        0.808593
FIRE:   20 12:03:52    -1285.695476        0.791808
FIRE:   21 12:04:11    -1286.661232        0.778323
FIRE:   22 12:04:31    -1287.601057        0.765311
FIRE:   23 12:04:51    -1288.517405        0.752129
FIRE:   24 12:05:11    -1289.410227        0.736793
FIRE:   25 12:05:30    -1290.277991        0.715973
FIRE:   26 12:05:50    -1291.118847        0.685654
FIRE:   27 12:06:10    -1291.931280        0.679208
FIRE:   28 12:06:30    -1292.714498        0.676800
FIRE:   29 12:06:50    -1293.467584        0.685453
FIRE:   30 12:07:10    -1294.189048        0.681979
FIRE:   31 12:07:29    -1294.876024        0.660467
FIRE:   32 12:07:49    -1295.523453        0.617983
FIRE:   33 12:08:09    -1296.125497        0.554840
FIRE:   34 12:08:29    -1296.676746        0.522345
FIRE:   35 12:08:49    -1297.172970        0.489889
FIRE:   36 12:09:08    -1297.612350        0.457996
FIRE:   37 12:09:28    -1297.996075        0.456297
FIRE:   38 12:09:48    -1298.328663        0.444844
FIRE:   39 12:10:08    -1298.617362        0.419947
FIRE:   40 12:10:27    -1298.871027        0.401817
FIRE:   41 12:10:47    -1299.097658        0.423369
FIRE:   42 12:11:07    -1299.302030        0.416219
FIRE:   43 12:11:27    -1299.485701        0.457093
FIRE:   44 12:11:46    -1299.650429        0.499809
FIRE:   45 12:12:06    -1299.801727        0.555526
FIRE:   46 12:12:26    -1299.948129        0.633702
FIRE:   47 12:12:46    -1300.097240        0.680537
FIRE:   48 12:13:05    -1300.252791        0.684289
FIRE:   49 12:13:25    -1300.413801        0.639284
FIRE:   50 12:13:45    -1300.574711        0.548607
FIRE:   51 12:14:05    -1300.727244        0.471345
FIRE:   52 12:14:24    -1300.866783        0.458474
FIRE:   53 12:14:44    -1300.997080        0.425251
FIRE:   54 12:15:04    -1301.123252        0.395213
FIRE:   55 12:15:24    -1301.244831        0.445560
FIRE:   56 12:15:43    -1301.358903        0.505129
FIRE:   57 12:16:03    -1301.463138        0.589819
FIRE:   58 12:16:23    -1301.558033        0.702910
FIRE:   59 12:16:43    -1301.650388        0.819262
FIRE:   60 12:17:03    -1301.756249        0.912174
FIRE:   61 12:17:22    -1301.896108        0.947893
FIRE:   62 12:17:42    -1302.081805        0.836903
FIRE:   63 12:18:02    -1302.307147        0.801772
FIRE:   64 12:18:22    -1302.553173        0.780055
FIRE:   65 12:18:42    -1302.799371        0.701255
FIRE:   66 12:19:02    -1303.027453        0.557634
FIRE:   67 12:19:21    -1303.218731        0.599663
FIRE:   68 12:19:41    -1303.368933        0.637610
FIRE:   69 12:20:01    -1303.502696        0.660739
FIRE:   70 12:20:21    -1303.623680        0.635624
FIRE:   71 12:20:40    -1303.711173        0.677473
FIRE:   72 12:21:00    -1303.737357        0.851164
FIRE:   73 12:21:20    -1304.105212        0.493752
FIRE:   74 12:21:40    -1304.295805        0.303032
FIRE:   75 12:22:00    -1304.399005        0.324493
FIRE:   76 12:22:19    -1304.491428        0.353392
FIRE:   77 12:22:39    -1304.589018        0.324657
FIRE:   78 12:22:59    -1304.671534        0.238589
FIRE:   79 12:23:19    -1304.728624        0.203069
FIRE:   80 12:23:38    -1304.773387        0.227518
FIRE:   81 12:23:58    -1304.827131        0.260010
FIRE:   82 12:24:18    -1304.898838        0.322981
FIRE:   83 12:24:38    -1304.978990        0.358170
FIRE:   84 12:24:58    -1305.061942        0.293282
FIRE:   85 12:25:17    -1305.151273        0.343350
FIRE:   86 12:25:37    -1305.243376        0.412212
FIRE:   87 12:25:57    -1305.332067        0.295311
FIRE:   88 12:26:17    -1305.410601        0.198536
FIRE:   89 12:26:37    -1305.473459        0.200394
FIRE:   90 12:26:56    -1305.525710        0.260471
FIRE:   91 12:27:16    -1305.566531        0.302522
FIRE:   92 12:27:36    -1305.591897        0.374233
FIRE:   93 12:27:56    -1305.643375        0.486672
FIRE:   94 12:28:16    -1305.669923        0.135736
FIRE:   95 12:28:35    -1305.678206        0.267765
FIRE:   96 12:28:55    -1305.683055        0.201906
FIRE:   97 12:29:15    -1305.689750        0.107435
FIRE:   98 12:29:35    -1305.695079        0.078565
FIRE:   99 12:29:55    -1305.698780        0.173165
FIRE:  100 12:30:14    -1305.703530        0.224803
FIRE:  101 12:30:34    -1305.711245        0.201723
FIRE:  102 12:30:54    -1305.721096        0.117782
FIRE:  103 12:31:14    -1305.731754        0.068737
FIRE:  104 12:31:34    -1305.742215        0.138174
FIRE:  105 12:31:54    -1305.755337        0.175063
FIRE:  106 12:32:13    -1305.772722        0.102218
FIRE:  107 12:32:33    -1305.791307        0.100614
FIRE:  108 12:32:53    -1305.812669        0.112807
FIRE:  109 12:33:13    -1305.837441        0.079624
FIRE:  110 12:33:33    -1305.862265        0.137323
FIRE:  111 12:33:52    -1305.889304        0.117538
FIRE:  112 12:34:12    -1305.921852        0.136653
FIRE:  113 12:34:32    -1305.960343        0.174016
FIRE:  114 12:34:52    -1306.004242        0.165318
FIRE:  115 12:35:12    -1306.045289        0.122449
FIRE:  116 12:35:31    -1306.063325        0.242389
FIRE:  117 12:35:51    -1306.074124        0.162412
FIRE:  118 12:36:11    -1306.084826        0.103837
FIRE:  119 12:36:31    -1306.092530        0.153801
FIRE:  120 12:36:50    -1306.101970        0.170283
FIRE:  121 12:37:10    -1306.114045        0.119291
FIRE:  122 12:37:30    -1306.126359        0.079514
FIRE:  123 12:37:50    -1306.135474        0.079195
FIRE:  124 12:38:10    -1306.143283        0.117289
FIRE:  125 12:38:29    -1306.151933        0.113286
FIRE:  126 12:38:49    -1306.159891        0.067790
FIRE:  127 12:39:09    -1306.165695        0.100755
FIRE:  128 12:39:29    -1306.167474        0.083226
FIRE:  129 12:39:49    -1306.169959        0.051956
FIRE:  130 12:40:08    -1306.172114        0.039482
FIRE:  131 12:40:28    -1306.173735        0.053008
FIRE:  132 12:40:48    -1306.175165        0.059125
FIRE:  133 12:41:08    -1306.176691        0.052295
FIRE:  134 12:41:28    -1306.178307        0.035289
FIRE:  135 12:41:47    -1306.179921        0.021169
FIRE:  136 12:42:07    -1306.181185        0.034710
FIRE:  137 12:42:27    -1306.182524        0.047257
FIRE:  138 12:42:47    -1306.184253        0.042813
FIRE:  139 12:43:07    -1306.185887        0.031359
FIRE:  140 12:43:26    -1306.187513        0.038115
FIRE:  141 12:43:46    -1306.189713        0.027042
FIRE:  142 12:44:06    -1306.191840        0.031055
FIRE:  143 12:44:26    -1306.193888        0.033956
FIRE:  144 12:44:46    -1306.195316        0.067942
FIRE:  145 12:45:05    -1306.196034        0.019682
FIRE:  146 12:45:25    -1306.196258        0.055628
FIRE:  147 12:45:45    -1306.196372        0.043364
FIRE:  148 12:46:05    -1306.196531        0.021877
FIRE:  149 12:46:25    -1306.196650        0.019470
FIRE:  150 12:46:44    -1306.196726        0.024673
FIRE:  151 12:47:04    -1306.196813        0.035771
FIRE:  152 12:47:24    -1306.196954        0.035159
FIRE:  153 12:47:44    -1306.197151        0.023983
FIRE:  154 12:48:03    -1306.197367        0.019132
FIRE:  155 12:48:23    -1306.197546        0.019662
FIRE:  156 12:48:43    -1306.197752        0.029793
FIRE:  157 12:49:03    -1306.198056        0.019174
FIRE:  158 12:49:23    -1306.198403        0.019293
FIRE:  159 12:49:42    -1306.198755        0.025509
FIRE:  160 12:50:02    -1306.199236        0.019743
FIRE:  161 12:50:22    -1306.199793        0.020868
FIRE:  162 12:50:42    -1306.200488        0.020454
FIRE:  163 12:51:02    -1306.201300        0.024504
FIRE:  164 12:51:21    -1306.202343        0.021077
FIRE:  165 12:51:41    -1306.203561        0.022257
FIRE:  166 12:52:01    -1306.205004        0.040146
FIRE:  167 12:52:21    -1306.206584        0.066128
FIRE:  168 12:52:41    -1306.207684        0.134980
FIRE:  169 12:53:00    -1306.208798        0.016732
FIRE:  170 12:53:20    -1306.208134        0.124707
FIRE:  171 12:53:40    -1306.208506        0.093350
FIRE:  172 12:54:00    -1306.208914        0.039739
FIRE:  173 12:54:20    -1306.209023        0.021237
FIRE:  174 12:54:40    -1306.209029        0.019978
FIRE:  175 12:54:59    -1306.209041        0.017536
FIRE:  176 12:55:19    -1306.209058        0.016414
FIRE:  177 12:55:39    -1306.209080        0.016409
FIRE:  178 12:55:59    -1306.209101        0.016404
FIRE:  179 12:56:19    -1306.209125        0.016397
FIRE:  180 12:56:39    -1306.209149        0.016390
FIRE:  181 12:56:58    -1306.209180        0.016381
FIRE:  182 12:57:18    -1306.209218        0.016371
FIRE:  183 12:57:38    -1306.209269        0.016360
FIRE:  184 12:57:58    -1306.209332        0.016348
FIRE:  185 12:58:18    -1306.209412        0.016332
FIRE:  186 12:58:38    -1306.209504        0.016311
FIRE:  187 12:58:57    -1306.209612        0.016280
FIRE:  188 12:59:17    -1306.209745        0.016233
FIRE:  189 12:59:37    -1306.209913        0.016156
FIRE:  190 12:59:57    -1306.210115        0.016030
FIRE:  191 13:00:17    -1306.210349        0.015824
FIRE:  192 13:00:36    -1306.210624        0.015507
FIRE:  193 13:00:56    -1306.210956        0.015042
FIRE:  194 13:01:16    -1306.211353        0.014392
FIRE:  195 13:01:36    -1306.211810        0.013546
FIRE:  196 13:01:56    -1306.212332        0.012505
FIRE:  197 13:02:18    -1306.212920        0.011298
FIRE:  198 13:02:38    -1306.213568        0.009943
MACE calculation complete. Energy written to MACE_OUTCAR: -1306.213568 eV
Job ended on: Thu 12 Jun 12:02:42 UTC 2025
