Si Bulk DFT energetics calculations using VASP
Running on host: comp080
Working directory: /lustre/home/ah1365/projects/127870/upgrade_report/case_studies/common/structures/interfaces/120_Si36C84_012_012_a0.314815_b0.061728_c1.482413_interface10shift1
Job started on: Thu  5 Jun 11:04:58 UTC 2025
cuequivariance or cuequivariance_torch is not available. Cuequivariance acceleration will be disabled.
Using Materials Project MACE for MACECalculator with /lustre/home/ah1365/.cache/mace/MACE_MPtrj_20229model
Using float64 for MACECalculator, which is slower but more accurate. Recommended for geometry optimization.
Using TorchDFTD3Calculator for D3 dispersion corrections
      Step     Time          Energy          fmax
FIRE:    0 12:05:15     -846.246257        8.046766
FIRE:    1 12:05:26     -852.080412        4.295141
FIRE:    2 12:05:37     -856.972646        3.264948
FIRE:    3 12:05:48     -861.164341        2.882388
FIRE:    4 12:05:58     -864.783796        2.529097
FIRE:    5 12:06:09     -867.909799        2.296153
FIRE:    6 12:06:20     -870.600018        2.075336
FIRE:    7 12:06:31     -872.903586        1.820433
FIRE:    8 12:06:41     -874.871943        1.582159
FIRE:    9 12:06:52     -876.551791        1.564320
FIRE:   10 12:07:03     -877.980130        1.588735
FIRE:   11 12:07:14     -879.178822        1.479011
FIRE:   12 12:07:25     -880.161092        1.228135
FIRE:   13 12:07:35     -880.953134        1.326978
FIRE:   14 12:07:46     -881.615279        1.407653
FIRE:   15 12:07:57     -882.237210        1.507027
FIRE:   16 12:08:08     -882.872200        1.452115
FIRE:   17 12:08:18     -883.493720        1.331541
FIRE:   18 12:08:29     -884.075337        1.151949
FIRE:   19 12:08:40     -884.627789        1.315263
FIRE:   20 12:08:51     -885.141139        1.206828
FIRE:   21 12:09:01     -885.585768        1.602580
FIRE:   22 12:09:12     -886.002329        2.299379
FIRE:   23 12:09:23     -886.478619        2.307410
FIRE:   24 12:09:33     -887.006890        1.618970
FIRE:   25 12:09:44     -887.483713        0.954334
FIRE:   26 12:09:55     -887.857483        1.105397
FIRE:   27 12:10:05     -888.144119        0.989872
FIRE:   28 12:10:16     -888.368289        0.864219
FIRE:   29 12:10:27     -888.582647        0.932520
FIRE:   30 12:10:38     -888.871342        1.040555
FIRE:   31 12:10:48     -889.286429        1.457542
FIRE:   32 12:10:59     -889.866799        1.947989
FIRE:   33 12:11:10     -890.663301        2.448923
FIRE:   34 12:11:20     -891.624672        2.469221
FIRE:   35 12:11:31     -892.549169        2.172608
FIRE:   36 12:11:42     -893.245732        2.529255
FIRE:   37 12:11:53     -893.772870        3.743397
FIRE:   38 12:12:03     -894.455419        3.352820
FIRE:   39 12:12:14     -895.153266        1.578912
FIRE:   40 12:12:25     -895.598914        2.023038
FIRE:   41 12:12:36     -895.982796        2.863593
FIRE:   42 12:12:46     -896.525984        2.737197
FIRE:   43 12:12:57     -897.149563        1.465495
FIRE:   44 12:13:08     -897.710842        1.276731
FIRE:   45 12:13:18     -898.263137        2.110142
FIRE:   46 12:13:29     -898.930980        1.983103
FIRE:   47 12:13:39     -899.694099        2.037382
FIRE:   48 12:13:50     -900.483997        2.471086
FIRE:   49 12:14:01     -901.326444        2.699946
FIRE:   50 12:14:11     -902.250323        2.724584
FIRE:   51 12:14:22     -903.239509        2.648568
FIRE:   52 12:14:33     -904.170733        2.335226
FIRE:   53 12:14:43     -904.875625        2.578766
FIRE:   54 12:14:54     -905.286091        3.601280
FIRE:   55 12:15:05     -905.635334        4.115623
FIRE:   56 12:15:15     -906.169507        3.892061
FIRE:   57 12:15:26     -906.776213        2.549079
FIRE:   58 12:15:37     -907.196687        2.024940
FIRE:   59 12:15:47     -907.372997        3.029066
FIRE:   60 12:15:58     -907.998473        2.245753
FIRE:   61 12:16:09     -908.164417        2.930421
FIRE:   62 12:16:19     -908.604214        0.940821
FIRE:   63 12:16:30     -908.641033        0.937447
FIRE:   64 12:16:41     -908.701061        0.929691
FIRE:   65 12:16:51     -908.773128        0.915653
FIRE:   66 12:17:02     -908.860770        0.893565
FIRE:   67 12:17:13     -908.972026        0.863177
FIRE:   68 12:17:23     -909.102532        0.826313
FIRE:   69 12:17:34     -909.240548        0.787098
FIRE:   70 12:17:45     -909.401621        0.748914
FIRE:   71 12:17:55     -909.602734        0.721933
FIRE:   72 12:18:06     -909.851308        0.706638
FIRE:   73 12:18:17     -910.150723        0.692904
FIRE:   74 12:18:27     -910.526969        0.696387
FIRE:   75 12:18:38     -910.955773        0.810800
FIRE:   76 12:18:49     -911.428895        1.041331
FIRE:   77 12:18:59     -911.947475        1.146813
FIRE:   78 12:19:10     -912.450187        0.723430
FIRE:   79 12:19:21     -912.801402        0.595526
FIRE:   80 12:19:31     -912.978361        1.676204
FIRE:   81 12:19:42     -913.170342        2.029067
FIRE:   82 12:19:53     -913.463189        0.911623
FIRE:   83 12:20:03     -913.645137        0.663429
FIRE:   84 12:20:14     -913.775064        1.197493
FIRE:   85 12:20:25     -913.957997        0.896867
FIRE:   86 12:20:35     -914.128052        0.439136
FIRE:   87 12:20:46     -914.225758        0.937233
FIRE:   88 12:20:56     -914.356086        0.580383
FIRE:   89 12:21:07     -914.472906        0.521052
FIRE:   90 12:21:18     -914.574312        0.564410
FIRE:   91 12:21:28     -914.679921        0.384515
FIRE:   92 12:21:39     -914.779150        0.513111
FIRE:   93 12:21:50     -914.879241        0.697862
FIRE:   94 12:22:00     -914.950891        1.263389
FIRE:   95 12:22:11     -913.497448       12.230068
FIRE:   96 12:22:22     -914.894947        2.545962
FIRE:   97 12:22:32     -915.038859        1.042791
FIRE:   98 12:22:43     -915.037478        1.727974
FIRE:   99 12:22:54     -915.057583        1.339325
FIRE:  100 12:23:04     -915.082444        0.685740
FIRE:  101 12:23:15     -915.095770        0.311485
FIRE:  102 12:23:26     -915.095528        0.643358
FIRE:  103 12:23:36     -915.096660        0.614207
FIRE:  104 12:23:47     -915.098796        0.556968
FIRE:  105 12:23:57     -915.101705        0.473893
FIRE:  106 12:24:08     -915.105095        0.368627
FIRE:  107 12:24:19     -915.108670        0.338908
FIRE:  108 12:24:29     -915.112205        0.343044
FIRE:  109 12:24:40     -915.115612        0.347972
FIRE:  110 12:24:51     -915.119336        0.354308
FIRE:  111 12:25:01     -915.123738        0.362221
FIRE:  112 12:25:12     -915.129476        0.371795
FIRE:  113 12:25:23     -915.137358        0.383039
FIRE:  114 12:25:33     -915.148041        0.395867
FIRE:  115 12:25:44     -915.161698        0.410028
FIRE:  116 12:25:55     -915.178164        0.424985
FIRE:  117 12:26:05     -915.197877        0.439750
FIRE:  118 12:26:16     -915.222775        0.452926
FIRE:  119 12:26:26     -915.255286        0.462792
FIRE:  120 12:26:37     -915.296070        0.465919
FIRE:  121 12:26:48     -915.344607        0.452853
FIRE:  122 12:26:59     -915.401944        0.404436
FIRE:  123 12:27:09     -915.463656        0.312615
FIRE:  124 12:27:20     -915.516766        0.288117
FIRE:  125 12:27:30     -915.554260        0.495533
FIRE:  126 12:27:41     -915.579382        0.732246
FIRE:  127 12:27:52     -915.618845        0.758362
FIRE:  128 12:28:02     -915.679108        0.491365
FIRE:  129 12:28:13     -915.741171        0.428789
FIRE:  130 12:28:24     -915.812651        0.506436
FIRE:  131 12:28:34     -915.917102        0.284688
FIRE:  132 12:28:45     -916.026445        0.333781
FIRE:  133 12:28:56     -916.130519        0.774798
FIRE:  134 12:29:06     -916.183096        2.211540
FIRE:  135 12:29:17     -916.249666        1.020354
FIRE:  136 12:29:27     -916.264356        0.693586
FIRE:  137 12:29:38     -916.279702        0.223086
FIRE:  138 12:29:49     -916.284484        0.518100
FIRE:  139 12:29:59     -916.285866        0.471979
FIRE:  140 12:30:10     -916.288354        0.385105
FIRE:  141 12:30:21     -916.291497        0.268355
FIRE:  142 12:30:31     -916.294857        0.222487
FIRE:  143 12:30:42     -916.298198        0.222390
FIRE:  144 12:30:52     -916.301577        0.222308
FIRE:  145 12:31:03     -916.305270        0.230145
FIRE:  146 12:31:14     -916.310093        0.275062
FIRE:  147 12:31:24     -916.316523        0.268041
FIRE:  148 12:31:35     -916.324733        0.222327
FIRE:  149 12:31:46     -916.334462        0.222418
FIRE:  150 12:31:56     -916.345387        0.222471
FIRE:  151 12:32:07     -916.358091        0.222385
FIRE:  152 12:32:18     -916.374003        0.222044
FIRE:  153 12:32:28     -916.393491        0.221348
FIRE:  154 12:32:39     -916.416002        0.220257
FIRE:  155 12:32:49     -916.443449        0.218803
FIRE:  156 12:33:00     -916.477607        0.216912
FIRE:  157 12:33:11     -916.518259        0.214174
FIRE:  158 12:33:21     -916.569113        0.209966
FIRE:  159 12:33:32     -916.630270        0.205308
FIRE:  160 12:33:43     -916.705572        0.204608
FIRE:  161 12:33:53     -916.794818        0.204915
FIRE:  162 12:34:04     -916.896792        0.300830
FIRE:  163 12:34:14     -917.005088        0.554272
FIRE:  164 12:34:25     -917.097023        1.088950
FIRE:  165 12:34:36     -917.154079        1.940591
FIRE:  166 12:34:46     -917.216438        0.196837
FIRE:  167 12:34:57     -917.217565        0.197513
FIRE:  168 12:35:08     -917.219596        0.198875
FIRE:  169 12:35:18     -917.222289        0.200943
FIRE:  170 12:35:29     -917.225634        0.203733
FIRE:  171 12:35:40     -917.229838        0.207241
FIRE:  172 12:35:50     -917.235023        0.211466
FIRE:  173 12:36:01     -917.241074        0.216426
FIRE:  174 12:36:12     -917.248575        0.222820
FIRE:  175 12:36:22     -917.257909        0.231054
FIRE:  176 12:36:33     -917.269879        0.241659
FIRE:  177 12:36:43     -917.285129        0.255455
FIRE:  178 12:36:54     -917.304392        0.273731
FIRE:  179 12:37:05     -917.329546        0.298382
FIRE:  180 12:37:15     -917.362652        0.332413
FIRE:  181 12:37:26     -917.407424        0.380251
FIRE:  182 12:37:37     -917.470000        0.448171
FIRE:  183 12:37:47     -917.561177        0.545337
FIRE:  184 12:37:58     -917.699788        0.673547
FIRE:  185 12:38:09     -917.909474        0.721629
FIRE:  186 12:38:19     -918.131119        0.352982
FIRE:  187 12:38:30     -918.229434        0.936519
FIRE:  188 12:38:41     -918.257120        0.732769
FIRE:  189 12:38:51     -918.295931        0.423088
FIRE:  190 12:39:02     -918.334443        0.414220
FIRE:  191 12:39:13     -918.371951        0.458621
FIRE:  192 12:39:23     -918.417000        0.529766
FIRE:  193 12:39:34     -918.480047        0.617155
FIRE:  194 12:39:45     -918.562596        0.670647
FIRE:  195 12:39:55     -918.672280        0.612022
FIRE:  196 12:40:06     -918.795045        0.469928
FIRE:  197 12:40:17     -918.912723        0.407043
FIRE:  198 12:40:27     -919.016561        0.344159
FIRE:  199 12:40:38     -919.114489        0.342995
FIRE:  200 12:40:48     -919.212175        0.479044
FIRE:  201 12:40:59     -919.286492        0.950912
FIRE:  202 12:41:10     -919.307991        1.854398
FIRE:  203 12:41:20     -919.385802        0.223453
FIRE:  204 12:41:31     -919.346897        1.895348
FIRE:  205 12:41:41     -919.377299        1.310028
FIRE:  206 12:41:52     -919.406347        0.393648
FIRE:  207 12:42:03     -919.409364        0.521693
FIRE:  208 12:42:13     -919.410256        0.491214
FIRE:  209 12:42:24     -919.411900        0.431876
FIRE:  210 12:42:34     -919.414052        0.347104
FIRE:  211 12:42:45     -919.416421        0.242514
FIRE:  212 12:42:56     -919.418749        0.153656
FIRE:  213 12:43:06     -919.420901        0.153069
FIRE:  214 12:43:17     -919.422916        0.152355
FIRE:  215 12:43:27     -919.425209        0.211084
FIRE:  216 12:43:38     -919.428145        0.260682
FIRE:  217 12:43:49     -919.432128        0.264954
FIRE:  218 12:43:59     -919.437336        0.213689
FIRE:  219 12:44:10     -919.443501        0.144659
FIRE:  220 12:44:20     -919.450122        0.141910
FIRE:  221 12:44:31     -919.457234        0.185081
FIRE:  222 12:44:42     -919.465779        0.212882
FIRE:  223 12:44:52     -919.476292        0.130371
FIRE:  224 12:45:03     -919.487868        0.125205
FIRE:  225 12:45:14     -919.500479        0.190313
FIRE:  226 12:45:24     -919.515786        0.116735
FIRE:  227 12:45:35     -919.532460        0.137507
FIRE:  228 12:45:45     -919.551181        0.149219
FIRE:  229 12:45:56     -919.571778        0.132790
FIRE:  230 12:46:07     -919.594145        0.098950
FIRE:  231 12:46:17     -919.617136        0.226555
FIRE:  232 12:46:28     -919.641880        0.177606
FIRE:  233 12:46:38     -919.667207        0.155384
FIRE:  234 12:46:49     -919.691716        0.251081
FIRE:  235 12:47:00     -919.708623        0.661623
FIRE:  236 12:47:10     -919.717267        0.119070
FIRE:  237 12:47:21     -919.713567        0.541402
FIRE:  238 12:47:32     -919.715823        0.415690
FIRE:  239 12:47:42     -919.718523        0.197609
FIRE:  240 12:47:53     -919.719683        0.081861
FIRE:  241 12:48:03     -919.719722        0.081847
FIRE:  242 12:48:14     -919.719799        0.081818
FIRE:  243 12:48:25     -919.719914        0.081775
FIRE:  244 12:48:35     -919.720059        0.081720
FIRE:  245 12:48:46     -919.720235        0.081656
FIRE:  246 12:48:57     -919.720442        0.081583
FIRE:  247 12:49:07     -919.720678        0.081505
FIRE:  248 12:49:18     -919.720973        0.081416
FIRE:  249 12:49:28     -919.721342        0.081315
FIRE:  250 12:49:39     -919.721803        0.081204
FIRE:  251 12:49:50     -919.722377        0.081083
FIRE:  252 12:50:00     -919.723085        0.080949
FIRE:  253 12:50:11     -919.723948        0.080792
FIRE:  254 12:50:21     -919.724990        0.080595
FIRE:  255 12:50:32     -919.726246        0.080330
FIRE:  256 12:50:43     -919.727761        0.079964
FIRE:  257 12:50:53     -919.729578        0.079471
FIRE:  258 12:51:04     -919.731730        0.078846
FIRE:  259 12:51:14     -919.734277        0.078098
FIRE:  260 12:51:25     -919.737284        0.077201
FIRE:  261 12:51:36     -919.740802        0.076021
FIRE:  262 12:51:46     -919.744915        0.074335
FIRE:  263 12:51:57     -919.749675        0.072003
FIRE:  264 12:52:08     -919.755141        0.068952
FIRE:  265 12:52:18     -919.761361        0.064598
FIRE:  266 12:52:29     -919.768311        0.058248
FIRE:  267 12:52:39     -919.775852        0.066024
FIRE:  268 12:52:50     -919.783250        0.165392
FIRE:  269 12:53:01     -919.787393        0.451224
FIRE:  270 12:53:11     -919.791286        0.066762
FIRE:  271 12:53:22     -919.788986        0.381974
FIRE:  272 12:53:33     -919.790107        0.292721
FIRE:  273 12:53:43     -919.791405        0.137242
FIRE:  274 12:53:54     -919.791844        0.047376
FIRE:  275 12:54:04     -919.791855        0.045116
FIRE:  276 12:54:15     -919.791877        0.040745
FIRE:  277 12:54:26     -919.791908        0.034582
FIRE:  278 12:54:36     -919.791947        0.027866
FIRE:  279 12:54:47     -919.791992        0.027818
FIRE:  280 12:54:57     -919.792043        0.027761
FIRE:  281 12:55:08     -919.792099        0.027695
FIRE:  282 12:55:19     -919.792168        0.027611
FIRE:  283 12:55:29     -919.792253        0.027506
FIRE:  284 12:55:40     -919.792362        0.027377
FIRE:  285 12:55:51     -919.792501        0.027219
FIRE:  286 12:56:01     -919.792674        0.027025
FIRE:  287 12:56:12     -919.792885        0.026790
FIRE:  288 12:56:23     -919.793138        0.026505
FIRE:  289 12:56:33     -919.793443        0.026162
FIRE:  290 12:56:44     -919.793818        0.025754
FIRE:  291 12:56:54     -919.794272        0.025272
FIRE:  292 12:57:05     -919.794809        0.024707
FIRE:  293 12:57:16     -919.795449        0.024053
FIRE:  294 12:57:26     -919.796216        0.023303
FIRE:  295 12:57:37     -919.797114        0.022449
FIRE:  296 12:57:48     -919.798173        0.021480
FIRE:  297 12:57:58     -919.799392        0.020381
FIRE:  298 12:58:09     -919.800803        0.019136
FIRE:  299 12:58:19     -919.802405        0.017702
FIRE:  300 12:58:30     -919.804194        0.021979
FIRE:  301 12:58:41     -919.806129        0.051453
FIRE:  302 12:58:51     -919.807959        0.122336
FIRE:  303 12:59:02     -919.808751        0.289409
FIRE:  304 12:59:13     -919.810345        0.029843
FIRE:  305 12:59:23     -919.809256        0.254824
FIRE:  306 12:59:34     -919.809763        0.194254
FIRE:  307 12:59:45     -919.810335        0.088470
FIRE:  308 12:59:55     -919.810495        0.036269
FIRE:  309 13:00:06     -919.810500        0.034303
FIRE:  310 13:00:16     -919.810508        0.030489
FIRE:  311 13:00:27     -919.810520        0.025069
FIRE:  312 13:00:38     -919.810534        0.018418
FIRE:  313 13:00:48     -919.810550        0.011058
FIRE:  314 13:00:59     -919.810565        0.010185
FIRE:  315 13:01:10     -919.810582        0.010160
FIRE:  316 13:01:20     -919.810601        0.012337
FIRE:  317 13:01:31     -919.810626        0.016416
FIRE:  318 13:01:41     -919.810658        0.018025
FIRE:  319 13:01:52     -919.810701        0.016369
FIRE:  320 13:02:03     -919.810753        0.011163
FIRE:  321 13:02:13     -919.810817        0.009802
MACE calculation complete. Energy written to MACE_OUTCAR: -919.810817 eV
Job ended on: Thu  5 Jun 12:02:14 UTC 2025
