Si Bulk DFT energetics calculations using VASP
Running on host: comp142
Working directory: /lustre/home/ah1365/projects/127870/upgrade_report/case_studies/common/structures/interfaces/216_Ge144Si72_011_013_a0.339623_b0.242604_c1.888632_interface4shift5
Job started on: Wed 11 Jun 13:26:05 UTC 2025
cuequivariance or cuequivariance_torch is not available. Cuequivariance acceleration will be disabled.
Using Materials Project MACE for MACECalculator with /lustre/home/ah1365/.cache/mace/MACE_MPtrj_20229model
Using float64 for MACECalculator, which is slower but more accurate. Recommended for geometry optimization.
Using TorchDFTD3Calculator for D3 dispersion corrections
      Step     Time          Energy          fmax
FIRE:    0 14:26:53    -1061.479564        8.618480
FIRE:    1 14:27:10    -1065.638353        4.648560
FIRE:    2 14:27:27    -1067.957725        2.110936
FIRE:    3 14:27:44    -1069.107021        1.150856
FIRE:    4 14:28:01    -1069.659359        1.416549
FIRE:    5 14:28:18    -1070.094865        1.665995
FIRE:    6 14:28:35    -1070.643202        1.677289
FIRE:    7 14:28:52    -1071.316137        1.520609
FIRE:    8 14:29:09    -1072.046083        1.337006
FIRE:    9 14:29:26    -1072.767080        1.106521
FIRE:   10 14:29:42    -1073.445617        0.832153
FIRE:   11 14:29:59    -1074.066224        0.681964
FIRE:   12 14:30:16    -1074.623409        0.678549
FIRE:   13 14:30:33    -1075.122848        0.668373
FIRE:   14 14:30:50    -1075.581037        0.630857
FIRE:   15 14:31:07    -1076.019728        0.628534
FIRE:   16 14:31:24    -1076.455282        0.724404
FIRE:   17 14:31:41    -1076.886444        0.673160
FIRE:   18 14:31:57    -1077.295010        0.533590
FIRE:   19 14:32:14    -1077.663752        0.521964
FIRE:   20 14:32:31    -1077.994121        0.504399
FIRE:   21 14:32:48    -1078.305155        0.509792
FIRE:   22 14:33:05    -1078.617730        0.483732
FIRE:   23 14:33:22    -1078.940741        0.428580
FIRE:   24 14:33:38    -1079.269818        0.456598
FIRE:   25 14:33:55    -1079.595525        0.477854
FIRE:   26 14:34:12    -1079.913223        0.491226
FIRE:   27 14:34:29    -1080.227098        0.521206
FIRE:   28 14:34:46    -1080.543574        0.538164
FIRE:   29 14:35:03    -1080.861491        0.550317
FIRE:   30 14:35:20    -1081.172098        0.582615
FIRE:   31 14:35:36    -1081.467044        0.631733
FIRE:   32 14:35:53    -1081.738649        0.630459
FIRE:   33 14:36:10    -1081.978364        0.524481
FIRE:   34 14:36:27    -1082.181111        0.331482
FIRE:   35 14:36:44    -1082.347463        0.296257
FIRE:   36 14:37:01    -1082.482628        0.495374
FIRE:   37 14:37:18    -1082.603510        0.682887
FIRE:   38 14:37:35    -1082.739433        0.776165
FIRE:   39 14:37:52    -1082.902383        0.714478
FIRE:   40 14:38:08    -1083.072745        0.508903
FIRE:   41 14:38:25    -1083.232383        0.505362
FIRE:   42 14:38:42    -1083.382248        0.438671
FIRE:   43 14:38:59    -1083.525198        0.402419
FIRE:   44 14:39:16    -1083.657929        0.325789
FIRE:   45 14:39:33    -1083.777785        0.319773
FIRE:   46 14:39:50    -1083.884905        0.359694
FIRE:   47 14:40:07    -1083.982738        0.337743
FIRE:   48 14:40:24    -1084.077612        0.293066
FIRE:   49 14:40:40    -1084.172651        0.326549
FIRE:   50 14:40:57    -1084.265287        0.336511
FIRE:   51 14:41:14    -1084.349004        0.301151
FIRE:   52 14:41:31    -1084.413623        0.317014
FIRE:   53 14:41:48    -1084.449304        0.399487
FIRE:   54 14:42:05    -1084.629001        0.198271
FIRE:   55 14:42:22    -1084.702088        0.227037
FIRE:   56 14:42:39    -1084.757877        0.236589
FIRE:   57 14:42:56    -1084.800938        0.160613
FIRE:   58 14:43:13    -1084.839847        0.169223
FIRE:   59 14:43:29    -1084.872985        0.097042
FIRE:   60 14:43:46    -1084.890954        0.068687
FIRE:   61 14:44:03    -1084.906201        0.093065
FIRE:   62 14:44:20    -1084.917074        0.062822
FIRE:   63 14:44:37    -1084.928836        0.066495
FIRE:   64 14:44:54    -1084.940699        0.067310
FIRE:   65 14:45:11    -1084.949221        0.054560
FIRE:   66 14:45:28    -1084.954409        0.053360
FIRE:   67 14:45:45    -1084.961954        0.049401
FIRE:   68 14:46:02    -1084.972912        0.054492
FIRE:   69 14:46:19    -1084.981982        0.072960
FIRE:   70 14:46:35    -1084.990676        0.063857
FIRE:   71 14:46:52    -1084.995148        0.059600
FIRE:   72 14:47:09    -1084.997630        0.030845
FIRE:   73 14:47:26    -1084.999728        0.044177
FIRE:   74 14:47:43    -1085.000696        0.048496
FIRE:   75 14:48:00    -1085.001749        0.027041
FIRE:   76 14:48:17    -1085.002881        0.037531
FIRE:   77 14:48:34    -1085.003895        0.045180
FIRE:   78 14:48:51    -1085.004861        0.030850
FIRE:   79 14:49:08    -1085.005833        0.044488
FIRE:   80 14:49:25    -1085.007468        0.041708
FIRE:   81 14:49:42    -1085.010234        0.045411
FIRE:   82 14:49:59    -1085.014062        0.047875
FIRE:   83 14:50:16    -1085.018541        0.046115
FIRE:   84 14:50:33    -1085.023457        0.045139
FIRE:   85 14:50:50    -1085.028116        0.074653
FIRE:   86 14:51:07    -1085.035687        0.072268
FIRE:   87 14:51:24    -1085.044224        0.072120
FIRE:   88 14:51:41    -1085.048003        0.158588
FIRE:   89 14:51:58    -1085.052834        0.087594
FIRE:   90 14:52:15    -1085.052905        0.148839
FIRE:   91 14:52:32    -1085.054462        0.108374
FIRE:   92 14:52:49    -1085.056116        0.058317
FIRE:   93 14:53:06    -1085.056613        0.059596
FIRE:   94 14:53:23    -1085.056705        0.059697
FIRE:   95 14:53:39    -1085.056874        0.059900
FIRE:   96 14:53:56    -1085.057100        0.060212
FIRE:   97 14:54:13    -1085.057356        0.060641
FIRE:   98 14:54:30    -1085.057623        0.061197
FIRE:   99 14:54:47    -1085.057896        0.061893
FIRE:  100 14:55:04    -1085.058196        0.062732
FIRE:  101 14:55:21    -1085.058580        0.063829
FIRE:  102 14:55:38    -1085.059081        0.065246
FIRE:  103 14:55:55    -1085.059734        0.067069
FIRE:  104 14:56:12    -1085.060548        0.069420
FIRE:  105 14:56:29    -1085.061527        0.072466
FIRE:  106 14:56:46    -1085.062716        0.076417
FIRE:  107 14:57:03    -1085.064233        0.081521
FIRE:  108 14:57:20    -1085.066240        0.088135
FIRE:  109 14:57:37    -1085.068864        0.096816
FIRE:  110 14:57:53    -1085.072405        0.108321
FIRE:  111 14:58:10    -1085.077454        0.123518
FIRE:  112 14:58:27    -1085.084839        0.143194
FIRE:  113 14:58:44    -1085.096056        0.167095
FIRE:  114 14:59:01    -1085.113561        0.191831
FIRE:  115 14:59:18    -1085.140829        0.208542
FIRE:  116 14:59:35    -1085.181671        0.201875
FIRE:  117 14:59:52    -1085.236149        0.207956
FIRE:  118 15:00:09    -1085.283739        0.178601
FIRE:  119 15:00:26    -1085.310781        0.229668
FIRE:  120 15:00:43    -1085.317333        0.325014
FIRE:  121 15:01:00    -1085.327104        0.282451
FIRE:  122 15:01:16    -1085.342376        0.202871
FIRE:  123 15:01:33    -1085.357167        0.102012
FIRE:  124 15:01:50    -1085.367403        0.068662
FIRE:  125 15:02:07    -1085.372894        0.085008
FIRE:  126 15:02:24    -1085.375966        0.133895
FIRE:  127 15:02:41    -1085.379191        0.158825
FIRE:  128 15:02:58    -1085.384525        0.158117
FIRE:  129 15:03:15    -1085.391565        0.121495
FIRE:  130 15:03:32    -1085.397161        0.043859
FIRE:  131 15:03:49    -1085.397962        0.052241
FIRE:  132 15:04:06    -1085.398475        0.048085
FIRE:  133 15:04:23    -1085.399340        0.040242
FIRE:  134 15:04:40    -1085.400323        0.029601
FIRE:  135 15:04:57    -1085.401188        0.018131
FIRE:  136 15:05:14    -1085.401813        0.018254
FIRE:  137 15:05:31    -1085.402201        0.020474
FIRE:  138 15:05:48    -1085.402415        0.026806
FIRE:  139 15:06:04    -1085.402591        0.029971
FIRE:  140 15:06:21    -1085.402783        0.028750
FIRE:  141 15:06:38    -1085.403026        0.022151
FIRE:  142 15:06:55    -1085.403260        0.012259
FIRE:  143 15:07:12    -1085.403357        0.012436
FIRE:  144 15:07:29    -1085.403388        0.011777
FIRE:  145 15:07:46    -1085.403446        0.010521
FIRE:  146 15:08:03    -1085.403521        0.008787
MACE calculation complete. Energy written to MACE_OUTCAR: -1085.403521 eV
Job ended on: Wed 11 Jun 14:08:04 UTC 2025
