Si Bulk DFT energetics calculations using VASP
Running on host: comp106
Working directory: /lustre/home/ah1365/projects/127870/upgrade_report/case_studies/common/structures/interfaces/144_Si72Sn72_001_011_a0.0_b0.0_c0.0_interface5shift1
Job started on: Mon  9 Jun 22:29:51 UTC 2025
cuequivariance or cuequivariance_torch is not available. Cuequivariance acceleration will be disabled.
Using Materials Project MACE for MACECalculator with /lustre/home/ah1365/.cache/mace/MACE_MPtrj_20229model
Using float64 for MACECalculator, which is slower but more accurate. Recommended for geometry optimization.
Using TorchDFTD3Calculator for D3 dispersion corrections
      Step     Time          Energy          fmax
FIRE:    0 23:30:09      154.546218      427.388814
FIRE:    1 23:30:20       12.725833      166.548277
FIRE:    2 23:30:31      -91.373632      132.729736
FIRE:    3 23:30:42     -170.770663       82.812715
FIRE:    4 23:30:53     -231.995931       61.097301
FIRE:    5 23:31:05     -284.908827       51.377629
FIRE:    6 23:31:16     -331.439160       46.379598
FIRE:    7 23:31:27     -371.867878       40.927689
FIRE:    8 23:31:38     -406.607316       35.190663
FIRE:    9 23:31:49     -436.496891       33.134523
FIRE:   10 23:32:00     -462.410297       32.152115
FIRE:   11 23:32:12     -485.066922       30.282976
FIRE:   12 23:32:23     -504.887843       27.576641
FIRE:   13 23:32:34     -522.047143       24.156948
FIRE:   14 23:32:45     -536.697694       20.379226
FIRE:   15 23:32:56     -549.090661       17.469154
FIRE:   16 23:33:08     -559.533635       14.950227
FIRE:   17 23:33:19     -568.331718       12.208186
FIRE:   18 23:33:30     -575.789495       10.615581
FIRE:   19 23:33:41     -582.223871       10.675352
FIRE:   20 23:33:52     -587.948954       11.229886
FIRE:   21 23:34:04     -593.240333       11.404073
FIRE:   22 23:34:15     -598.295391       11.217855
FIRE:   23 23:34:26     -603.220448       10.782129
FIRE:   24 23:34:37     -608.040943       10.596164
FIRE:   25 23:34:48     -612.724176        9.888905
FIRE:   26 23:35:00     -617.208853        8.796947
FIRE:   27 23:35:11     -621.433972        7.494939
FIRE:   28 23:35:22     -625.356725        6.124349
FIRE:   29 23:35:33     -628.956846        5.044221
FIRE:   30 23:35:44     -632.234380        4.320027
FIRE:   31 23:35:55     -635.204988        3.866781
FIRE:   32 23:36:06     -637.887447        3.490467
FIRE:   33 23:36:18     -640.304024        3.034746
FIRE:   34 23:36:29     -642.478105        2.802718
FIRE:   35 23:36:40     -644.433340        2.531218
FIRE:   36 23:36:51     -646.194606        2.693181
FIRE:   37 23:37:02     -647.788960        2.836135
FIRE:   38 23:37:14     -649.245918        2.875356
FIRE:   39 23:37:25     -650.596353        2.798820
FIRE:   40 23:37:36     -651.870127        2.624078
FIRE:   41 23:37:47     -653.093744        2.673792
FIRE:   42 23:37:58     -654.287961        2.624608
FIRE:   43 23:38:09     -655.465829        2.489021
FIRE:   44 23:38:20     -656.631224        2.286030
FIRE:   45 23:38:31     -657.778404        2.114164
FIRE:   46 23:38:43     -658.894212        2.006847
FIRE:   47 23:38:54     -659.963985        2.013236
FIRE:   48 23:39:05     -660.979185        1.987748
FIRE:   49 23:39:16     -661.941199        2.199513
FIRE:   50 23:39:27     -662.858224        2.556536
FIRE:   51 23:39:38     -663.738631        2.756648
FIRE:   52 23:39:49     -664.584874        2.780145
FIRE:   53 23:40:01     -665.390863        2.635519
FIRE:   54 23:40:12     -666.144009        2.357872
FIRE:   55 23:40:23     -666.831697        2.005894
FIRE:   56 23:40:34     -667.447951        2.031410
FIRE:   57 23:40:45     -667.997082        2.252123
FIRE:   58 23:40:56     -668.492604        2.317482
FIRE:   59 23:41:07     -668.951749        2.232212
FIRE:   60 23:41:19     -669.387954        2.137403
FIRE:   61 23:41:30     -669.805210        2.230896
FIRE:   62 23:41:41     -670.197905        2.185338
FIRE:   63 23:41:52     -670.557861        2.008697
FIRE:   64 23:42:03     -670.883562        2.080829
FIRE:   65 23:42:14     -671.185032        2.575002
FIRE:   66 23:42:25     -671.480122        2.918891
FIRE:   67 23:42:36     -671.787556        3.130189
FIRE:   68 23:42:47     -672.121882        3.288677
FIRE:   69 23:42:58     -672.490204        3.455689
FIRE:   70 23:43:10     -672.890428        3.607058
FIRE:   71 23:43:21     -673.309906        3.641601
FIRE:   72 23:43:32     -673.723491        3.460865
FIRE:   73 23:43:43     -674.097753        3.041706
FIRE:   74 23:43:54     -674.407465        2.458287
FIRE:   75 23:44:05     -674.650768        3.188312
FIRE:   76 23:44:16     -674.846881        3.658187
FIRE:   77 23:44:28     -675.020953        3.734985
FIRE:   78 23:44:39     -675.188291        3.378005
FIRE:   79 23:44:50     -675.354319        2.936605
FIRE:   80 23:45:01     -675.525590        3.655327
FIRE:   81 23:45:12     -675.718063        4.046773
FIRE:   82 23:45:23     -675.952234        3.975354
FIRE:   83 23:45:34     -676.235920        3.448269
FIRE:   84 23:45:46     -676.556340        2.605506
FIRE:   85 23:45:57     -676.891517        1.629003
FIRE:   86 23:46:08     -677.225074        1.688459
FIRE:   87 23:46:19     -677.553242        1.795407
FIRE:   88 23:46:30     -677.882817        1.820245
FIRE:   89 23:46:41     -678.224498        2.160253
FIRE:   90 23:46:52     -678.587450        2.549711
FIRE:   91 23:47:03     -678.974988        2.656113
FIRE:   92 23:47:15     -679.380655        2.486255
FIRE:   93 23:47:26     -679.789970        2.117297
FIRE:   94 23:47:37     -680.188243        1.663271
FIRE:   95 23:47:48     -680.569054        1.397121
FIRE:   96 23:47:59     -680.936784        1.331720
FIRE:   97 23:48:10     -681.301811        1.275822
FIRE:   98 23:48:21     -681.673188        1.341807
FIRE:   99 23:48:33     -682.053726        1.302677
FIRE:  100 23:48:44     -682.439509        1.250762
FIRE:  101 23:48:55     -682.823339        1.189486
FIRE:  102 23:49:06     -683.199661        1.435711
FIRE:  103 23:49:17     -683.567601        1.647068
FIRE:  104 23:49:28     -683.929885        1.722202
FIRE:  105 23:49:39     -684.289288        1.643189
FIRE:  106 23:49:51     -684.645392        1.473259
FIRE:  107 23:50:02     -684.994366        1.456883
FIRE:  108 23:50:13     -685.331350        1.352825
FIRE:  109 23:50:24     -685.653572        1.185289
FIRE:  110 23:50:35     -685.960926        0.986462
FIRE:  111 23:50:46     -686.255144        0.897935
FIRE:  112 23:50:57     -686.538061        0.867537
FIRE:  113 23:51:08     -686.810935        0.927187
FIRE:  114 23:51:20     -687.074802        1.106856
FIRE:  115 23:51:31     -687.330619        1.218677
FIRE:  116 23:51:42     -687.578770        1.231193
FIRE:  117 23:51:53     -687.818295        1.136431
FIRE:  118 23:52:04     -688.047822        1.097543
FIRE:  119 23:52:15     -688.267494        1.258299
FIRE:  120 23:52:27     -688.480080        1.371711
FIRE:  121 23:52:38     -688.689791        1.410692
FIRE:  122 23:52:49     -688.898911        1.358077
FIRE:  123 23:53:00     -689.105764        1.211584
FIRE:  124 23:53:11     -689.305129        1.042565
FIRE:  125 23:53:22     -689.491430        1.060708
FIRE:  126 23:53:34     -689.662177        1.035840
FIRE:  127 23:53:45     -689.820543        0.972514
FIRE:  128 23:53:56     -689.975185        0.968942
FIRE:  129 23:54:07     -690.137744        1.042325
FIRE:  130 23:54:18     -690.318200        1.069885
FIRE:  131 23:54:29     -690.520491        1.043129
FIRE:  132 23:54:41     -690.740894        0.961715
FIRE:  133 23:54:52     -690.969750        0.834422
FIRE:  134 23:55:03     -691.195921        0.786888
FIRE:  135 23:55:14     -691.410329        0.803282
FIRE:  136 23:55:25     -691.607880        0.780468
FIRE:  137 23:55:36     -691.787432        0.718907
FIRE:  138 23:55:47     -691.950899        0.739759
FIRE:  139 23:55:59     -692.102443        0.773711
FIRE:  140 23:56:10     -692.247453        0.752134
FIRE:  141 23:56:21     -692.391131        0.707101
FIRE:  142 23:56:32     -692.537089        0.704242
FIRE:  143 23:56:43     -692.686563        0.740585
FIRE:  144 23:56:54     -692.838356        0.751445
FIRE:  145 23:57:06     -692.989707        0.785351
FIRE:  146 23:57:17     -693.137486        0.843123
FIRE:  147 23:57:28     -693.279026        0.876832
FIRE:  148 23:57:39     -693.412561        0.874950
FIRE:  149 23:57:50     -693.537673        0.863762
FIRE:  150 23:58:01     -693.655743        1.038640
FIRE:  151 23:58:12     -693.769452        1.179810
FIRE:  152 23:58:24     -693.881941        1.262171
FIRE:  153 23:58:35     -693.994834        1.269925
FIRE:  154 23:58:46     -694.106832        1.200085
FIRE:  155 23:58:57     -694.213749        1.063376
FIRE:  156 23:59:08     -694.310048        0.882978
FIRE:  157 23:59:19     -694.391687        0.693242
FIRE:  158 23:59:31     -694.457833        0.753459
FIRE:  159 23:59:42     -694.511847        0.796168
FIRE:  160 23:59:53     -694.560773        0.804713
FIRE:  161 00:00:04     -694.613758        0.772545
FIRE:  162 00:00:15     -694.679779        0.809183
FIRE:  163 00:00:26     -694.765656        0.831470
FIRE:  164 00:00:38     -694.874143        0.827364
FIRE:  165 00:00:49     -695.003646        0.799843
FIRE:  166 00:01:00     -695.149096        0.758656
FIRE:  167 00:01:11     -695.303589        0.694489
FIRE:  168 00:01:22     -695.460073        0.613311
FIRE:  169 00:01:34     -695.612674        0.639782
FIRE:  170 00:01:45     -695.756996        0.654048
FIRE:  171 00:01:56     -695.890415        0.644501
FIRE:  172 00:02:07     -696.011807        0.632499
FIRE:  173 00:02:18     -696.122219        0.627625
FIRE:  174 00:02:29     -696.224653        0.633836
FIRE:  175 00:02:40     -696.323318        0.682183
FIRE:  176 00:02:52     -696.422030        0.684558
FIRE:  177 00:03:03     -696.522121        0.647673
FIRE:  178 00:03:14     -696.621404        0.584057
FIRE:  179 00:03:25     -696.714441        0.581942
FIRE:  180 00:03:36     -696.794395        0.600148
FIRE:  181 00:03:47     -696.855230        0.617781
FIRE:  182 00:03:58     -696.894110        0.643543
FIRE:  183 00:04:09     -697.443461        0.485045
FIRE:  184 00:04:21     -697.819206        0.437316
FIRE:  185 00:04:32     -698.100132        0.378196
FIRE:  186 00:04:43     -698.337676        0.308835
FIRE:  187 00:04:54     -698.552010        0.292328
FIRE:  188 00:05:05     -698.749761        0.316867
FIRE:  189 00:05:16     -698.936922        0.312020
FIRE:  190 00:05:28     -699.118805        0.256417
FIRE:  191 00:05:39     -699.294131        0.198825
FIRE:  192 00:05:50     -699.460892        0.205062
FIRE:  193 00:06:01     -699.621040        0.210566
FIRE:  194 00:06:13     -699.778261        0.212896
FIRE:  195 00:06:24     -699.935025        0.208849
FIRE:  196 00:06:35     -700.091883        0.196363
FIRE:  197 00:06:46     -700.247330        0.198765
FIRE:  198 00:06:57     -700.399375        0.196161
FIRE:  199 00:07:09     -700.547222        0.211024
FIRE:  200 00:07:20     -700.691644        0.226473
FIRE:  201 00:07:31     -700.833116        0.232785
FIRE:  202 00:07:42     -700.970836        0.230377
FIRE:  203 00:07:53     -701.103429        0.220563
FIRE:  204 00:08:04     -701.229372        0.203724
FIRE:  205 00:08:15     -701.347249        0.180022
FIRE:  206 00:08:26     -701.456398        0.187898
FIRE:  207 00:08:38     -701.556344        0.176375
FIRE:  208 00:08:49     -701.645706        0.166245
FIRE:  209 00:09:00     -701.723676        0.141613
FIRE:  210 00:09:11     -701.791374        0.111561
FIRE:  211 00:09:22     -701.851536        0.138298
FIRE:  212 00:09:34     -701.906803        0.143585
FIRE:  213 00:09:45     -701.959014        0.130365
FIRE:  214 00:09:56     -702.009847        0.111894
FIRE:  215 00:10:07     -702.060446        0.134304
FIRE:  216 00:10:18     -702.111596        0.144501
FIRE:  217 00:10:29     -702.163606        0.130299
FIRE:  218 00:10:40     -702.216405        0.120134
FIRE:  219 00:10:51     -702.269291        0.123640
FIRE:  220 00:11:03     -702.321129        0.118546
FIRE:  221 00:11:14     -702.371224        0.106051
FIRE:  222 00:11:25     -702.419277        0.098285
FIRE:  223 00:11:36     -702.465397        0.102484
FIRE:  224 00:11:47     -702.509803        0.108062
FIRE:  225 00:11:58     -702.552543        0.113273
FIRE:  226 00:12:10     -702.593176        0.111304
FIRE:  227 00:12:21     -702.631084        0.102159
FIRE:  228 00:12:32     -702.665943        0.107031
FIRE:  229 00:12:43     -702.697297        0.106454
FIRE:  230 00:12:54     -702.724612        0.109661
FIRE:  231 00:13:05     -702.747789        0.134147
FIRE:  232 00:13:17     -702.767382        0.138632
FIRE:  233 00:13:28     -702.784763        0.157160
FIRE:  234 00:13:39     -702.801689        0.184618
FIRE:  235 00:13:50     -702.819843        0.199174
FIRE:  236 00:14:01     -702.840470        0.194487
FIRE:  237 00:14:12     -702.864020        0.170792
FIRE:  238 00:14:24     -702.890452        0.135377
FIRE:  239 00:14:35     -702.919788        0.128407
FIRE:  240 00:14:46     -702.952281        0.109703
FIRE:  241 00:14:57     -702.987853        0.109213
FIRE:  242 00:15:08     -703.025083        0.102270
FIRE:  243 00:15:19     -703.062016        0.097449
FIRE:  244 00:15:31     -703.097190        0.106447
FIRE:  245 00:15:42     -703.130019        0.105600
FIRE:  246 00:15:53     -703.160841        0.099561
FIRE:  247 00:16:04     -703.190463        0.093065
FIRE:  248 00:16:15     -703.219716        0.089839
FIRE:  249 00:16:27     -703.248482        0.097692
FIRE:  250 00:16:38     -703.275746        0.091804
FIRE:  251 00:16:49     -703.300896        0.097849
FIRE:  252 00:17:00     -703.325067        0.111195
FIRE:  253 00:17:12     -703.350314        0.120233
FIRE:  254 00:17:23     -703.378323        0.119023
FIRE:  255 00:17:34     -703.408833        0.108229
FIRE:  256 00:17:45     -703.440764        0.097757
FIRE:  257 00:17:56     -703.473236        0.104675
FIRE:  258 00:18:08     -703.505781        0.107139
FIRE:  259 00:18:19     -703.538438        0.104262
FIRE:  260 00:18:30     -703.571057        0.090235
FIRE:  261 00:18:41     -703.602936        0.100964
FIRE:  262 00:18:52     -703.632934        0.102694
FIRE:  263 00:19:03     -703.660319        0.089761
FIRE:  264 00:19:15     -703.685178        0.088554
FIRE:  265 00:19:26     -703.708508        0.085713
FIRE:  266 00:19:37     -703.731629        0.090662
FIRE:  267 00:19:48     -703.755926        0.108707
FIRE:  268 00:19:59     -703.782216        0.111787
FIRE:  269 00:20:11     -703.810298        0.096342
FIRE:  270 00:20:22     -703.839229        0.084024
FIRE:  271 00:20:33     -703.868191        0.086751
FIRE:  272 00:20:44     -703.896410        0.087093
FIRE:  273 00:20:55     -703.923751        0.084568
FIRE:  274 00:21:06     -703.950438        0.097489
FIRE:  275 00:21:18     -703.976501        0.102958
FIRE:  276 00:21:29     -704.001332        0.100049
FIRE:  277 00:21:40     -704.023880        0.093423
FIRE:  278 00:21:51     -704.042994        0.091311
FIRE:  279 00:22:02     -704.058024        0.085836
FIRE:  280 00:22:13     -704.069741        0.101136
FIRE:  281 00:22:25     -704.079820        0.113113
FIRE:  282 00:22:36     -704.089512        0.101451
FIRE:  283 00:22:47     -704.098905        0.091614
FIRE:  284 00:22:58     -704.107970        0.100393
FIRE:  285 00:23:09     -704.117443        0.110721
FIRE:  286 00:23:21     -704.127972        0.096748
FIRE:  287 00:23:32     -704.139890        0.100579
FIRE:  288 00:23:43     -704.153715        0.104518
FIRE:  289 00:23:54     -704.170220        0.099513
FIRE:  290 00:24:05     -704.190355        0.110238
FIRE:  291 00:24:17     -704.214894        0.117152
FIRE:  292 00:24:28     -704.244973        0.121466
FIRE:  293 00:24:39     -704.281762        0.126497
FIRE:  294 00:24:50     -704.325153        0.121291
FIRE:  295 00:25:01     -704.373196        0.143283
FIRE:  296 00:25:12     -704.422557        0.148070
FIRE:  297 00:25:24     -704.469122        0.111574
FIRE:  298 00:25:35     -704.508392        0.149830
FIRE:  299 00:25:46     -704.538512        0.261529
FIRE:  300 00:25:57     -704.564174        0.285664
FIRE:  301 00:26:08     -704.589316        0.191535
FIRE:  302 00:26:20     -704.611625        0.180244
FIRE:  303 00:26:31     -704.630506        0.199084
FIRE:  304 00:26:42     -704.650464        0.241783
FIRE:  305 00:26:53     -704.673203        0.204984
FIRE:  306 00:27:04     -704.695957        0.140982
FIRE:  307 00:27:16     -704.717559        0.174292
FIRE:  308 00:27:27     -704.737752        0.205087
FIRE:  309 00:27:38     -704.755124        0.263340
FIRE:  310 00:27:49     -704.776222        0.383949
FIRE:  311 00:28:00     -704.811990        0.350528
FIRE:  312 00:28:11     -704.857211        0.294389
FIRE:  313 00:28:23     -704.901371        0.443835
FIRE:  314 00:28:34     -704.948464        0.512285
FIRE:  315 00:28:45     -705.008617        0.359737
FIRE:  316 00:28:56     -705.076336        0.268433
FIRE:  317 00:29:08     -705.141214        0.244931
FIRE:  318 00:29:19     -705.196146        0.214479
FIRE:  319 00:29:30     -705.235035        0.178921
FIRE:  320 00:29:41     -705.259221        0.254897
FIRE:  321 00:29:52     -705.275111        0.278526
FIRE:  322 00:30:04     -705.327340        0.662015
FIRE:  323 00:30:15     -705.365736        0.118795
FIRE:  324 00:30:26     -705.366568        0.547141
FIRE:  325 00:30:37     -705.376465        0.386174
FIRE:  326 00:30:48     -705.387824        0.145903
FIRE:  327 00:31:00     -705.393320        0.150957
FIRE:  328 00:31:11     -705.394403        0.341710
FIRE:  329 00:31:22     -705.395441        0.321438
FIRE:  330 00:31:33     -705.397332        0.282231
FIRE:  331 00:31:44     -705.399759        0.226710
FIRE:  332 00:31:55     -705.402352        0.158775
FIRE:  333 00:32:07     -705.404787        0.084253
FIRE:  334 00:32:18     -705.406909        0.067615
FIRE:  335 00:32:29     -705.408760        0.069652
FIRE:  336 00:32:40     -705.410805        0.126380
FIRE:  337 00:32:51     -705.413460        0.162505
FIRE:  338 00:33:03     -705.417230        0.166267
FIRE:  339 00:33:14     -705.422255        0.130273
FIRE:  340 00:33:25     -705.428170        0.059409
FIRE:  341 00:33:36     -705.434217        0.056671
FIRE:  342 00:33:47     -705.440365        0.115209
FIRE:  343 00:33:59     -705.447671        0.129487
FIRE:  344 00:34:10     -705.456557        0.064868
FIRE:  345 00:34:21     -705.465655        0.057396
FIRE:  346 00:34:33     -705.474788        0.129448
FIRE:  347 00:34:44     -705.485663        0.072776
FIRE:  348 00:34:55     -705.496664        0.075226
FIRE:  349 00:35:06     -705.508764        0.076237
FIRE:  350 00:35:18     -705.522180        0.080799
FIRE:  351 00:35:29     -705.537321        0.063739
FIRE:  352 00:35:40     -705.554371        0.120452
FIRE:  353 00:35:51     -705.575716        0.063204
FIRE:  354 00:36:02     -705.601907        0.064371
FIRE:  355 00:36:14     -705.630623        0.079397
FIRE:  356 00:36:25     -705.662258        0.077202
FIRE:  357 00:36:36     -705.695713        0.088174
FIRE:  358 00:36:47     -705.729830        0.106507
FIRE:  359 00:36:58     -705.763855        0.097703
FIRE:  360 00:37:10     -705.796910        0.100514
FIRE:  361 00:37:21     -705.827806        0.079143
FIRE:  362 00:37:32     -705.855984        0.111389
FIRE:  363 00:37:43     -705.881657        0.146511
FIRE:  364 00:37:54     -705.905283        0.233908
FIRE:  365 00:38:06     -705.928515        0.275202
FIRE:  366 00:38:17     -705.953545        0.199252
FIRE:  367 00:38:28     -705.978642        0.127963
FIRE:  368 00:38:39     -706.001983        0.093508
FIRE:  369 00:38:50     -706.024227        0.121184
FIRE:  370 00:39:01     -706.045688        0.126200
FIRE:  371 00:39:13     -706.063241        0.064852
FIRE:  372 00:39:24     -706.075279        0.088045
FIRE:  373 00:39:35     -706.082617        0.135305
FIRE:  374 00:39:46     -706.081092        0.361820
FIRE:  375 00:39:58     -706.093089        0.090299
FIRE:  376 00:40:09     -706.093565        0.069147
FIRE:  377 00:40:20     -706.094316        0.050257
FIRE:  378 00:40:31     -706.095162        0.047557
FIRE:  379 00:40:43     -706.096120        0.058834
FIRE:  380 00:40:54     -706.097344        0.063348
FIRE:  381 00:41:05     -706.098819        0.045195
FIRE:  382 00:41:16     -706.100368        0.027324
FIRE:  383 00:41:27     -706.102027        0.039695
FIRE:  384 00:41:39     -706.103921        0.048237
FIRE:  385 00:41:50     -706.106149        0.021825
FIRE:  386 00:42:01     -706.108470        0.028794
FIRE:  387 00:42:12     -706.111025        0.034757
FIRE:  388 00:42:24     -706.113876        0.021839
FIRE:  389 00:42:35     -706.116964        0.031442
FIRE:  390 00:42:46     -706.120464        0.028663
FIRE:  391 00:42:57     -706.124345        0.018296
FIRE:  392 00:43:08     -706.128431        0.039302
FIRE:  393 00:43:19     -706.132541        0.068281
FIRE:  394 00:43:31     -706.136284        0.110207
FIRE:  395 00:43:42     -706.138618        0.208177
FIRE:  396 00:43:53     -706.141339        0.026316
FIRE:  397 00:44:04     -706.140168        0.164486
FIRE:  398 00:44:15     -706.140853        0.129408
FIRE:  399 00:44:27     -706.141708        0.066485
FIRE:  400 00:44:38     -706.142119        0.022083
FIRE:  401 00:44:49     -706.141989        0.077229
FIRE:  402 00:45:00     -706.142039        0.073051
FIRE:  403 00:45:11     -706.142126        0.064937
FIRE:  404 00:45:23     -706.142239        0.053373
FIRE:  405 00:45:34     -706.142357        0.039078
FIRE:  406 00:45:45     -706.142470        0.023025
FIRE:  407 00:45:56     -706.142567        0.021453
FIRE:  408 00:46:08     -706.142644        0.021337
FIRE:  409 00:46:19     -706.142721        0.023185
FIRE:  410 00:46:30     -706.142814        0.033670
FIRE:  411 00:46:41     -706.142944        0.038700
FIRE:  412 00:46:52     -706.143133        0.036586
FIRE:  413 00:47:04     -706.143390        0.026304
FIRE:  414 00:47:15     -706.143690        0.019925
FIRE:  415 00:47:26     -706.144004        0.019523
FIRE:  416 00:47:37     -706.144330        0.028881
FIRE:  417 00:47:48     -706.144770        0.030819
FIRE:  418 00:47:59     -706.145347        0.017893
FIRE:  419 00:48:11     -706.145990        0.017213
FIRE:  420 00:48:22     -706.146711        0.026763
FIRE:  421 00:48:33     -706.147649        0.016118
FIRE:  422 00:48:44     -706.148727        0.018735
FIRE:  423 00:48:55     -706.150014        0.020975
FIRE:  424 00:49:07     -706.151599        0.016841
FIRE:  425 00:49:18     -706.153491        0.017120
FIRE:  426 00:49:29     -706.155691        0.027972
FIRE:  427 00:49:40     -706.158347        0.019542
FIRE:  428 00:49:51     -706.161438        0.014431
FIRE:  429 00:50:03     -706.165009        0.014200
FIRE:  430 00:50:14     -706.168874        0.014708
FIRE:  431 00:50:25     -706.172086        0.064782
FIRE:  432 00:50:36     -706.164169        0.262561
FIRE:  433 00:50:47     -706.175569        0.086148
FIRE:  434 00:50:59     -706.176160        0.057858
FIRE:  435 00:51:10     -706.176688        0.011427
FIRE:  436 00:51:21     -706.176648        0.038137
FIRE:  437 00:51:32     -706.176687        0.034990
FIRE:  438 00:51:43     -706.176754        0.028962
FIRE:  439 00:51:55     -706.176831        0.020584
FIRE:  440 00:52:06     -706.176905        0.010813
FIRE:  441 00:52:17     -706.176962        0.010841
FIRE:  442 00:52:28     -706.177007        0.010880
FIRE:  443 00:52:39     -706.177046        0.016260
FIRE:  444 00:52:51     -706.177106        0.020575
FIRE:  445 00:53:02     -706.177192        0.021038
FIRE:  446 00:53:13     -706.177329        0.016870
FIRE:  447 00:53:24     -706.177497        0.011302
FIRE:  448 00:53:35     -706.177683        0.011456
FIRE:  449 00:53:47     -706.177871        0.013570
FIRE:  450 00:53:58     -706.178112        0.016408
FIRE:  451 00:54:09     -706.178432        0.012131
FIRE:  452 00:54:20     -706.178805        0.012486
FIRE:  453 00:54:31     -706.179223        0.014030
FIRE:  454 00:54:43     -706.179771        0.013697
FIRE:  455 00:54:54     -706.180425        0.014621
FIRE:  456 00:55:05     -706.181208        0.015826
FIRE:  457 00:55:16     -706.182211        0.017574
FIRE:  458 00:55:27     -706.183480        0.020374
FIRE:  459 00:55:39     -706.185171        0.024547
FIRE:  460 00:55:50     -706.187575        0.030745
FIRE:  461 00:56:01     -706.191246        0.040995
FIRE:  462 00:56:12     -706.197510        0.055244
FIRE:  463 00:56:23     -706.209225        0.071288
FIRE:  464 00:56:35     -706.230828        0.079880
FIRE:  465 00:56:46     -706.255739        0.216128
FIRE:  466 00:56:57     -706.236842        0.477288
FIRE:  467 00:57:08     -706.274598        0.295402
FIRE:  468 00:57:19     -706.290929        0.193237
FIRE:  469 00:57:31     -706.301717        0.060492
FIRE:  470 00:57:42     -706.295864        0.166304
FIRE:  471 00:57:53     -706.297667        0.148494
FIRE:  472 00:58:04     -706.300613        0.115127
FIRE:  473 00:58:15     -706.303639        0.073913
FIRE:  474 00:58:27     -706.305762        0.060180
FIRE:  475 00:58:38     -706.306555        0.059779
FIRE:  476 00:58:49     -706.306517        0.085081
FIRE:  477 00:59:00     -706.306622        0.083455
FIRE:  478 00:59:11     -706.306828        0.080244
FIRE:  479 00:59:23     -706.307122        0.075534
FIRE:  480 00:59:34     -706.307481        0.069459
FIRE:  481 00:59:45     -706.307887        0.062206
FIRE:  482 00:59:56     -706.308322        0.059143
FIRE:  483 01:00:07     -706.308765        0.059053
FIRE:  484 01:00:19     -706.309246        0.058930
FIRE:  485 01:00:30     -706.309758        0.058762
FIRE:  486 01:00:41     -706.310298        0.058528
FIRE:  487 01:00:52     -706.310896        0.058204
FIRE:  488 01:01:04     -706.311629        0.057758
FIRE:  489 01:01:15     -706.312571        0.057151
FIRE:  490 01:01:26     -706.313807        0.056339
FIRE:  491 01:01:37     -706.315386        0.055270
FIRE:  492 01:01:48     -706.317259        0.053885
FIRE:  493 01:02:00     -706.319355        0.052125
FIRE:  494 01:02:11     -706.321684        0.049921
FIRE:  495 01:02:22     -706.324434        0.047188
FIRE:  496 01:02:33     -706.327794        0.043786
FIRE:  497 01:02:44     -706.331560        0.039511
FIRE:  498 01:02:56     -706.335539        0.035067
FIRE:  499 01:03:07     -706.339976        0.030062
FIRE:  500 01:03:18     -706.344693        0.023006
FIRE:  501 01:03:29     -706.349300        0.031699
FIRE:  502 01:03:41     -706.353979        0.020936
FIRE:  503 01:03:52     -706.358268        0.026217
FIRE:  504 01:04:03     -706.362462        0.020221
FIRE:  505 01:04:14     -706.366605        0.019562
FIRE:  506 01:04:25     -706.370949        0.032277
FIRE:  507 01:04:37     -706.375898        0.034081
FIRE:  508 01:04:48     -706.381490        0.053741
FIRE:  509 01:04:59     -706.386269        0.095120
FIRE:  510 01:05:10     -706.389402        0.026674
FIRE:  511 01:05:22     -706.388409        0.083607
FIRE:  512 01:05:33     -706.389273        0.066341
FIRE:  513 01:05:44     -706.390339        0.035699
FIRE:  514 01:05:55     -706.390873        0.025415
FIRE:  515 01:06:06     -706.390831        0.040466
FIRE:  516 01:06:18     -706.390904        0.038243
FIRE:  517 01:06:29     -706.391039        0.033931
FIRE:  518 01:06:40     -706.391215        0.027803
FIRE:  519 01:06:51     -706.391408        0.025314
FIRE:  520 01:07:03     -706.391596        0.024942
FIRE:  521 01:07:14     -706.391760        0.024566
FIRE:  522 01:07:25     -706.391911        0.024212
FIRE:  523 01:07:36     -706.392073        0.023869
FIRE:  524 01:07:47     -706.392283        0.023558
FIRE:  525 01:07:59     -706.392561        0.025212
FIRE:  526 01:08:10     -706.392957        0.023412
FIRE:  527 01:08:21     -706.393462        0.023007
FIRE:  528 01:08:32     -706.394047        0.023014
FIRE:  529 01:08:44     -706.394677        0.023064
FIRE:  530 01:08:55     -706.395395        0.022977
FIRE:  531 01:09:06     -706.396324        0.022542
FIRE:  532 01:09:17     -706.397439        0.021701
FIRE:  533 01:09:28     -706.398648        0.020728
FIRE:  534 01:09:40     -706.400056        0.020147
FIRE:  535 01:09:51     -706.401727        0.020273
FIRE:  536 01:10:02     -706.403564        0.020725
FIRE:  537 01:10:13     -706.405739        0.020261
FIRE:  538 01:10:24     -706.408125        0.019341
FIRE:  539 01:10:36     -706.410928        0.020047
FIRE:  540 01:10:47     -706.414061        0.020901
FIRE:  541 01:10:58     -706.417631        0.020974
FIRE:  542 01:11:09     -706.421676        0.025595
FIRE:  543 01:11:21     -706.425975        0.043713
FIRE:  544 01:11:32     -706.428983        0.101013
FIRE:  545 01:11:43     -706.431852        0.022675
FIRE:  546 01:11:54     -706.430235        0.087068
FIRE:  547 01:12:05     -706.431149        0.066262
FIRE:  548 01:12:17     -706.432196        0.029596
FIRE:  549 01:12:28     -706.432532        0.023210
FIRE:  550 01:12:39     -706.432549        0.023187
FIRE:  551 01:12:50     -706.432581        0.023143
FIRE:  552 01:13:02     -706.432627        0.023080
FIRE:  553 01:13:13     -706.432682        0.023005
FIRE:  554 01:13:24     -706.432743        0.022921
FIRE:  555 01:13:35     -706.432811        0.022837
FIRE:  556 01:13:46     -706.432887        0.022760
FIRE:  557 01:13:58     -706.432982        0.022688
FIRE:  558 01:14:09     -706.433102        0.022631
FIRE:  559 01:14:20     -706.433255        0.022599
FIRE:  560 01:14:31     -706.433450        0.022599
FIRE:  561 01:14:43     -706.433694        0.022632
FIRE:  562 01:14:54     -706.433987        0.022688
FIRE:  563 01:15:05     -706.434344        0.022735
FIRE:  564 01:15:16     -706.434781        0.022727
FIRE:  565 01:15:28     -706.435319        0.022625
FIRE:  566 01:15:39     -706.435968        0.022434
FIRE:  567 01:15:50     -706.436760        0.022224
FIRE:  568 01:16:01     -706.437731        0.022081
FIRE:  569 01:16:12     -706.438908        0.021987
FIRE:  570 01:16:24     -706.440311        0.021744
FIRE:  571 01:16:35     -706.442006        0.021181
FIRE:  572 01:16:46     -706.444001        0.020465
FIRE:  573 01:16:57     -706.446378        0.019598
FIRE:  574 01:17:09     -706.449099        0.017921
FIRE:  575 01:17:20     -706.452097        0.015447
FIRE:  576 01:17:31     -706.455088        0.014973
FIRE:  577 01:17:42     -706.457543        0.035583
FIRE:  578 01:17:53     -706.457593        0.102090
FIRE:  579 01:18:05     -706.459840        0.017525
FIRE:  580 01:18:16     -706.458468        0.092793
FIRE:  581 01:18:27     -706.459216        0.069675
FIRE:  582 01:18:38     -706.460044        0.029692
FIRE:  583 01:18:49     -706.460245        0.016546
FIRE:  584 01:19:00     -706.460258        0.015554
FIRE:  585 01:19:12     -706.460279        0.013652
FIRE:  586 01:19:23     -706.460310        0.011162
FIRE:  587 01:19:34     -706.460345        0.009944
MACE calculation complete. Energy written to MACE_OUTCAR: -706.460345 eV
Job ended on: Tue 10 Jun 00:19:38 UTC 2025
