Si Bulk DFT energetics calculations using VASP
Running on host: comp058
Working directory: /lustre/home/ah1365/projects/127870/upgrade_report/case_studies/common/structures/interfaces/264_Sn108Si156_001_001_a0.07732_b0.082474_c2.1_interface1shift2swap5
Job started on: Thu 12 Jun 06:02:15 UTC 2025
cuequivariance or cuequivariance_torch is not available. Cuequivariance acceleration will be disabled.
Using Materials Project MACE for MACECalculator with /lustre/home/ah1365/.cache/mace/MACE_MPtrj_20229model
Using float64 for MACECalculator, which is slower but more accurate. Recommended for geometry optimization.
Using TorchDFTD3Calculator for D3 dispersion corrections
      Step     Time          Energy          fmax
FIRE:    0 07:02:49    -1229.328638        7.256259
FIRE:    1 07:03:09    -1236.805929        5.916111
FIRE:    2 07:03:29    -1243.305779        5.167101
FIRE:    3 07:03:49    -1248.976719        4.478668
FIRE:    4 07:04:09    -1253.941955        3.856165
FIRE:    5 07:04:29    -1258.305677        3.298855
FIRE:    6 07:04:48    -1262.152402        2.799174
FIRE:    7 07:05:08    -1265.549950        2.547997
FIRE:    8 07:05:28    -1268.556840        2.357160
FIRE:    9 07:05:48    -1271.223286        2.168027
FIRE:   10 07:06:07    -1273.596043        1.981104
FIRE:   11 07:06:27    -1275.720169        1.802554
FIRE:   12 07:06:47    -1277.638632        1.638611
FIRE:   13 07:07:07    -1279.390721        1.492915
FIRE:   14 07:07:27    -1281.009373        1.373122
FIRE:   15 07:07:47    -1282.520039        1.343949
FIRE:   16 07:08:06    -1283.940787        1.302301
FIRE:   17 07:08:26    -1285.284076        1.253562
FIRE:   18 07:08:46    -1286.558808        1.194773
FIRE:   19 07:09:06    -1287.771615        1.124922
FIRE:   20 07:09:26    -1288.927444        1.039843
FIRE:   21 07:09:46    -1290.029962        0.933786
FIRE:   22 07:10:06    -1291.081862        0.804218
FIRE:   23 07:10:25    -1292.085196        0.764777
FIRE:   24 07:10:45    -1293.041538        0.749103
FIRE:   25 07:11:05    -1293.952166        0.737394
FIRE:   26 07:11:25    -1294.818228        0.727181
FIRE:   27 07:11:45    -1295.640549        0.714794
FIRE:   28 07:12:05    -1296.418959        0.696436
FIRE:   29 07:12:25    -1297.152324        0.669371
FIRE:   30 07:12:44    -1297.838880        0.632869
FIRE:   31 07:13:04    -1298.478048        0.588448
FIRE:   32 07:13:24    -1299.070110        0.572809
FIRE:   33 07:13:44    -1299.617274        0.561622
FIRE:   34 07:14:04    -1300.122216        0.550287
FIRE:   35 07:14:24    -1300.586491        0.536985
FIRE:   36 07:14:44    -1301.009824        0.513730
FIRE:   37 07:15:04    -1301.389291        0.460746
FIRE:   38 07:15:24    -1301.719024        0.415329
FIRE:   39 07:15:43    -1301.992390        0.431894
FIRE:   40 07:16:03    -1302.206900        0.422580
FIRE:   41 07:16:23    -1302.367973        0.567433
FIRE:   42 07:16:43    -1302.489467        0.745836
FIRE:   43 07:17:03    -1302.589807        0.850252
FIRE:   44 07:17:23    -1302.685829        0.895230
FIRE:   45 07:17:42    -1302.785984        0.849083
FIRE:   46 07:18:02    -1302.888566        0.707053
FIRE:   47 07:18:22    -1302.987183        0.523303
FIRE:   48 07:18:42    -1303.078544        0.538247
FIRE:   49 07:19:02    -1303.165791        0.548106
FIRE:   50 07:19:21    -1303.256030        0.539808
FIRE:   51 07:19:41    -1303.355667        0.512022
FIRE:   52 07:20:01    -1303.468212        0.480987
FIRE:   53 07:20:21    -1303.594579        0.451349
FIRE:   54 07:20:41    -1303.734622        0.441417
FIRE:   55 07:21:01    -1303.887755        0.473601
FIRE:   56 07:21:21    -1304.052801        0.496185
FIRE:   57 07:21:40    -1304.226377        0.497276
FIRE:   58 07:22:00    -1304.401636        0.480512
FIRE:   59 07:22:20    -1304.567154        0.507667
FIRE:   60 07:22:40    -1304.712493        0.509324
FIRE:   61 07:23:00    -1304.840328        0.469858
FIRE:   62 07:23:20    -1304.962204        0.458589
FIRE:   63 07:23:40    -1305.082773        0.465591
FIRE:   64 07:23:59    -1305.200625        0.549588
FIRE:   65 07:24:19    -1305.314392        0.600580
FIRE:   66 07:24:39    -1305.424174        0.653675
FIRE:   67 07:24:59    -1305.531081        0.660657
FIRE:   68 07:25:19    -1305.635954        0.683409
FIRE:   69 07:25:39    -1305.737565        0.694822
FIRE:   70 07:25:59    -1305.830701        0.607036
FIRE:   71 07:26:19    -1305.908691        0.484978
FIRE:   72 07:26:39    -1305.968198        0.440551
FIRE:   73 07:26:58    -1306.011640        0.514857
FIRE:   74 07:27:18    -1306.045730        0.539618
FIRE:   75 07:27:38    -1306.078593        0.595272
FIRE:   76 07:27:58    -1306.116459        0.618394
FIRE:   77 07:28:18    -1306.161308        0.572607
FIRE:   78 07:28:38    -1306.210783        0.472531
FIRE:   79 07:28:58    -1306.259361        0.396386
FIRE:   80 07:29:18    -1306.301031        0.311997
FIRE:   81 07:29:38    -1306.334090        0.369466
FIRE:   82 07:29:58    -1306.613841        0.225701
FIRE:   83 07:30:18    -1306.769591        0.292882
FIRE:   84 07:30:37    -1306.885915        0.272825
FIRE:   85 07:30:57    -1306.974212        0.148412
FIRE:   86 07:31:17    -1307.034198        0.218095
FIRE:   87 07:31:37    -1307.077102        0.189821
FIRE:   88 07:31:57    -1307.108449        0.145667
FIRE:   89 07:32:17    -1307.135733        0.170424
FIRE:   90 07:32:37    -1307.163966        0.188424
FIRE:   91 07:32:57    -1307.203377        0.201189
FIRE:   92 07:33:16    -1307.255485        0.196987
FIRE:   93 07:33:36    -1307.313275        0.142694
FIRE:   94 07:33:56    -1307.371673        0.114460
FIRE:   95 07:34:16    -1307.421182        0.140852
FIRE:   96 07:34:36    -1307.464646        0.157406
FIRE:   97 07:34:56    -1307.504591        0.139501
FIRE:   98 07:35:16    -1307.535136        0.154990
FIRE:   99 07:35:36    -1307.553972        0.231053
FIRE:  100 07:35:56    -1307.574091        0.173578
FIRE:  101 07:36:15    -1307.594237        0.169230
FIRE:  102 07:36:35    -1307.618038        0.164169
FIRE:  103 07:36:55    -1307.644646        0.136231
FIRE:  104 07:37:15    -1307.671752        0.096310
FIRE:  105 07:37:35    -1307.694433        0.120482
FIRE:  106 07:37:55    -1307.713507        0.111402
FIRE:  107 07:38:15    -1307.729213        0.121647
FIRE:  108 07:38:34    -1307.742127        0.095051
FIRE:  109 07:38:54    -1307.763781        0.090265
FIRE:  110 07:39:14    -1307.770344        0.056090
FIRE:  111 07:39:34    -1307.774154        0.071756
FIRE:  112 07:39:54    -1307.778271        0.084721
FIRE:  113 07:40:14    -1307.785127        0.049930
FIRE:  114 07:40:34    -1307.790156        0.060442
FIRE:  115 07:40:54    -1307.794051        0.068666
FIRE:  116 07:41:13    -1307.798307        0.054857
FIRE:  117 07:41:33    -1307.803212        0.050972
FIRE:  118 07:41:53    -1307.809236        0.059823
FIRE:  119 07:42:13    -1307.818114        0.071460
FIRE:  120 07:42:33    -1307.830089        0.093655
FIRE:  121 07:42:53    -1307.849397        0.111824
FIRE:  122 07:43:13    -1307.875025        0.093151
FIRE:  123 07:43:33    -1307.893527        0.184590
FIRE:  124 07:43:52    -1307.899746        0.084101
FIRE:  125 07:44:12    -1307.902281        0.152904
FIRE:  126 07:44:32    -1307.903538        0.113226
FIRE:  127 07:44:52    -1307.905294        0.075327
FIRE:  128 07:45:12    -1307.906763        0.075875
FIRE:  129 07:45:32    -1307.907923        0.086314
FIRE:  130 07:45:52    -1307.909431        0.111540
FIRE:  131 07:46:11    -1307.911777        0.101144
FIRE:  132 07:46:31    -1307.914809        0.082738
FIRE:  133 07:46:51    -1307.918354        0.084732
FIRE:  134 07:47:11    -1307.922163        0.084363
FIRE:  135 07:47:31    -1307.926970        0.079628
FIRE:  136 07:47:51    -1307.933020        0.064455
FIRE:  137 07:48:11    -1307.938644        0.056467
FIRE:  138 07:48:30    -1307.943761        0.087473
FIRE:  139 07:48:50    -1307.950466        0.107526
FIRE:  140 07:49:10    -1307.958236        0.083405
FIRE:  141 07:49:30    -1307.965707        0.079973
FIRE:  142 07:49:50    -1307.972343        0.078039
FIRE:  143 07:50:10    -1307.982575        0.083716
FIRE:  144 07:50:30    -1307.999349        0.109449
FIRE:  145 07:50:49    -1308.019410        0.168485
FIRE:  146 07:51:09    -1308.067401        0.307389
FIRE:  147 07:51:29    -1308.150863        0.357513
FIRE:  148 07:51:49    -1308.230495        0.306963
FIRE:  149 07:52:09    -1308.304303        0.286975
FIRE:  150 07:52:29    -1308.323755        0.594028
FIRE:  151 07:52:49    -1308.360991        0.154293
FIRE:  152 07:53:09    -1308.365611        0.344815
FIRE:  153 07:53:28    -1308.371627        0.317256
FIRE:  154 07:53:48    -1308.380865        0.255141
FIRE:  155 07:54:08    -1308.389186        0.153420
FIRE:  156 07:54:28    -1308.393812        0.169385
FIRE:  157 07:54:48    -1308.396770        0.278824
FIRE:  158 07:55:08    -1308.402712        0.302794
FIRE:  159 07:55:28    -1308.412436        0.229793
FIRE:  160 07:55:48    -1308.422868        0.081959
FIRE:  161 07:56:07    -1308.430291        0.125822
FIRE:  162 07:56:27    -1308.438407        0.158238
FIRE:  163 07:56:47    -1308.451054        0.132339
FIRE:  164 07:57:07    -1308.465908        0.111385
FIRE:  165 07:57:27    -1308.480009        0.164653
FIRE:  166 07:57:47    -1308.494610        0.107270
FIRE:  167 07:58:07    -1308.501523        0.168931
FIRE:  168 07:58:27    -1308.504957        0.141745
FIRE:  169 07:58:46    -1308.509577        0.094657
FIRE:  170 07:59:06    -1308.513087        0.067961
FIRE:  171 07:59:26    -1308.515341        0.090325
FIRE:  172 07:59:46    -1308.517583        0.080469
FIRE:  173 08:00:06    -1308.520261        0.070141
FIRE:  174 08:00:26    -1308.522911        0.065113
FIRE:  175 08:00:46    -1308.525664        0.057672
FIRE:  176 08:01:06    -1308.529223        0.064098
FIRE:  177 08:01:26    -1308.533804        0.038715
FIRE:  178 08:01:45    -1308.538041        0.051376
FIRE:  179 08:02:05    -1308.542083        0.070700
FIRE:  180 08:02:25    -1308.546790        0.044403
FIRE:  181 08:02:45    -1308.551110        0.069892
FIRE:  182 08:03:05    -1308.555493        0.035462
FIRE:  183 08:03:25    -1308.559101        0.070380
FIRE:  184 08:03:45    -1308.563549        0.043021
FIRE:  185 08:04:05    -1308.569305        0.074044
FIRE:  186 08:04:24    -1308.573123        0.296762
FIRE:  187 08:04:44    -1308.581330        0.099691
FIRE:  188 08:05:04    -1308.582095        0.069672
FIRE:  189 08:05:24    -1308.583197        0.046555
FIRE:  190 08:05:44    -1308.584271        0.046378
FIRE:  191 08:06:04    -1308.585448        0.069793
FIRE:  192 08:06:24    -1308.587067        0.068664
FIRE:  193 08:06:44    -1308.589078        0.043671
FIRE:  194 08:07:03    -1308.591131        0.041829
FIRE:  195 08:07:23    -1308.593349        0.051562
FIRE:  196 08:07:44    -1308.596092        0.052600
FIRE:  197 08:08:04    -1308.599349        0.030978
FIRE:  198 08:08:23    -1308.602588        0.047536
FIRE:  199 08:08:43    -1308.606149        0.034849
FIRE:  200 08:09:03    -1308.609698        0.037943
FIRE:  201 08:09:23    -1308.613518        0.035124
FIRE:  202 08:09:43    -1308.617667        0.053896
FIRE:  203 08:10:03    -1308.622625        0.024161
FIRE:  204 08:10:23    -1308.628022        0.040712
FIRE:  205 08:10:43    -1308.633826        0.092895
FIRE:  206 08:11:02    -1308.638872        0.163253
FIRE:  207 08:11:22    -1308.640891        0.037697
FIRE:  208 08:11:42    -1308.640811        0.121707
FIRE:  209 08:12:02    -1308.641210        0.096273
FIRE:  210 08:12:22    -1308.641752        0.051577
FIRE:  211 08:12:42    -1308.642132        0.018962
FIRE:  212 08:13:02    -1308.642287        0.047557
FIRE:  213 08:13:22    -1308.642428        0.074481
FIRE:  214 08:13:41    -1308.642785        0.078825
FIRE:  215 08:14:01    -1308.643365        0.061871
FIRE:  216 08:14:21    -1308.644085        0.023672
FIRE:  217 08:14:41    -1308.644703        0.026991
FIRE:  218 08:15:01    -1308.645262        0.062010
FIRE:  219 08:15:21    -1308.646170        0.057680
FIRE:  220 08:15:40    -1308.647421        0.034708
FIRE:  221 08:16:00    -1308.648641        0.046710
FIRE:  222 08:16:20    -1308.650387        0.052453
FIRE:  223 08:16:40    -1308.652975        0.067939
FIRE:  224 08:17:00    -1308.656542        0.089871
FIRE:  225 08:17:20    -1308.662764        0.113393
FIRE:  226 08:17:40    -1308.671985        0.109476
FIRE:  227 08:18:00    -1308.681021        0.081273
FIRE:  228 08:18:19    -1308.682191        0.183064
FIRE:  229 08:18:39    -1308.684577        0.142672
FIRE:  230 08:18:59    -1308.687570        0.078382
FIRE:  231 08:19:19    -1308.689562        0.043738
FIRE:  232 08:19:39    -1308.690481        0.075141
FIRE:  233 08:19:59    -1308.691089        0.071138
FIRE:  234 08:20:19    -1308.691899        0.082870
FIRE:  235 08:20:39    -1308.693089        0.082530
FIRE:  236 08:20:58    -1308.694965        0.069443
FIRE:  237 08:21:18    -1308.697520        0.045196
FIRE:  238 08:21:38    -1308.700496        0.042105
FIRE:  239 08:21:58    -1308.703442        0.040488
FIRE:  240 08:22:18    -1308.706459        0.038924
FIRE:  241 08:22:38    -1308.710470        0.046434
FIRE:  242 08:22:58    -1308.716489        0.059967
FIRE:  243 08:23:18    -1308.724687        0.094837
FIRE:  244 08:23:37    -1308.738800        0.108342
FIRE:  245 08:23:57    -1308.752141        0.191635
FIRE:  246 08:24:17    -1308.755232        0.103940
FIRE:  247 08:24:37    -1308.757621        0.049120
FIRE:  248 08:24:57    -1308.758680        0.090775
FIRE:  249 08:25:17    -1308.760101        0.102050
FIRE:  250 08:25:37    -1308.762482        0.082780
FIRE:  251 08:25:57    -1308.765551        0.058973
FIRE:  252 08:26:16    -1308.768489        0.046786
FIRE:  253 08:26:36    -1308.771307        0.053395
FIRE:  254 08:26:56    -1308.775295        0.060382
FIRE:  255 08:27:16    -1308.781309        0.060205
FIRE:  256 08:27:36    -1308.789845        0.079539
FIRE:  257 08:27:56    -1308.805753        0.139745
FIRE:  258 08:28:16    -1308.836172        0.170424
FIRE:  259 08:28:36    -1308.866151        0.137868
FIRE:  260 08:28:55    -1308.886398        0.136489
FIRE:  261 08:29:15    -1308.907234        0.167345
FIRE:  262 08:29:35    -1308.914856        0.335268
FIRE:  263 08:29:55    -1308.928115        0.228734
FIRE:  264 08:30:15    -1308.932351        0.130393
FIRE:  265 08:30:35    -1308.935980        0.076727
FIRE:  266 08:30:55    -1308.937131        0.130702
FIRE:  267 08:31:14    -1308.937688        0.116727
FIRE:  268 08:31:34    -1308.938651        0.090129
FIRE:  269 08:31:54    -1308.939769        0.076334
FIRE:  270 08:32:14    -1308.940826        0.076341
FIRE:  271 08:32:34    -1308.941731        0.076344
FIRE:  272 08:32:54    -1308.942570        0.076337
FIRE:  273 08:33:14    -1308.943537        0.083601
FIRE:  274 08:33:34    -1308.944935        0.087728
FIRE:  275 08:33:53    -1308.946856        0.076132
FIRE:  276 08:34:13    -1308.949173        0.075909
FIRE:  277 08:34:33    -1308.951614        0.075528
FIRE:  278 08:34:53    -1308.954188        0.074914
FIRE:  279 08:35:13    -1308.957440        0.073993
FIRE:  280 08:35:33    -1308.961656        0.072785
FIRE:  281 08:35:53    -1308.966446        0.071586
FIRE:  282 08:36:12    -1308.972215        0.070877
FIRE:  283 08:36:32    -1308.980117        0.072234
FIRE:  284 08:36:52    -1308.990087        0.078043
FIRE:  285 08:37:12    -1309.003680        0.079445
FIRE:  286 08:37:32    -1309.021765        0.076507
FIRE:  287 08:37:52    -1309.045121        0.073665
FIRE:  288 08:38:12    -1309.073161        0.075565
FIRE:  289 08:38:32    -1309.105349        0.071659
FIRE:  290 08:38:52    -1309.135742        0.066278
FIRE:  291 08:39:11    -1309.162864        0.065624
FIRE:  292 08:39:31    -1309.176673        0.081605
FIRE:  293 08:39:51    -1309.178336        0.102559
FIRE:  294 08:40:11    -1309.183295        0.087449
FIRE:  295 08:40:31    -1309.189989        0.057283
FIRE:  296 08:40:51    -1309.196098        0.036676
FIRE:  297 08:41:11    -1309.200134        0.040403
FIRE:  298 08:41:30    -1309.203446        0.057526
FIRE:  299 08:41:50    -1309.206861        0.057121
FIRE:  300 08:42:10    -1309.210695        0.042541
FIRE:  301 08:42:30    -1309.215029        0.037906
FIRE:  302 08:42:50    -1309.220240        0.049558
FIRE:  303 08:43:10    -1309.227234        0.076484
FIRE:  304 08:43:30    -1309.238754        0.110525
FIRE:  305 08:43:50    -1309.256510        0.091761
FIRE:  306 08:44:09    -1309.264778        0.210013
FIRE:  307 08:44:29    -1309.270811        0.111979
FIRE:  308 08:44:49    -1309.273026        0.146031
FIRE:  309 08:45:09    -1309.273794        0.110637
FIRE:  310 08:45:29    -1309.274797        0.049929
FIRE:  311 08:45:49    -1309.275495        0.031913
FIRE:  312 08:46:09    -1309.275846        0.072262
FIRE:  313 08:46:29    -1309.276295        0.096720
FIRE:  314 08:46:49    -1309.277123        0.089225
FIRE:  315 08:47:08    -1309.278210        0.054151
FIRE:  316 08:47:28    -1309.279277        0.023850
FIRE:  317 08:47:48    -1309.280086        0.060681
FIRE:  318 08:48:08    -1309.281098        0.077176
FIRE:  319 08:48:28    -1309.282648        0.036362
FIRE:  320 08:48:48    -1309.284075        0.039820
FIRE:  321 08:49:08    -1309.285516        0.068902
FIRE:  322 08:49:28    -1309.287526        0.013264
FIRE:  323 08:49:47    -1309.289024        0.070411
FIRE:  324 08:50:07    -1309.291117        0.022583
FIRE:  325 08:50:27    -1309.292625        0.078948
FIRE:  326 08:50:47    -1309.294776        0.022145
FIRE:  327 08:51:07    -1309.296352        0.049200
FIRE:  328 08:51:27    -1309.297082        0.110438
FIRE:  329 08:51:47    -1309.297888        0.034962
FIRE:  330 08:52:07    -1309.297896        0.066585
FIRE:  331 08:52:26    -1309.297994        0.055039
FIRE:  332 08:52:46    -1309.298138        0.034161
FIRE:  333 08:53:06    -1309.298248        0.008085
MACE calculation complete. Energy written to MACE_OUTCAR: -1309.298248 eV
Job ended on: Thu 12 Jun 07:53:08 UTC 2025
