Si Bulk DFT energetics calculations using VASP
Running on host: comp171
Working directory: /lustre/home/ah1365/projects/127870/upgrade_report/case_studies/common/structures/interfaces/120_Si72Ge48_013_114_a0.135802_b0.520468_c1.38743_interface2shift6
Job started on: Mon  9 Jun 11:07:48 UTC 2025
cuequivariance or cuequivariance_torch is not available. Cuequivariance acceleration will be disabled.
Using Materials Project MACE for MACECalculator with /lustre/home/ah1365/.cache/mace/MACE_MPtrj_20229model
Using float64 for MACECalculator, which is slower but more accurate. Recommended for geometry optimization.
Using TorchDFTD3Calculator for D3 dispersion corrections
      Step     Time          Energy          fmax
FIRE:    0 12:08:04     -595.779234        4.555643
FIRE:    1 12:08:14     -597.159222        2.629060
FIRE:    2 12:08:23     -598.549320        1.349980
FIRE:    3 12:08:32     -599.406797        1.204902
FIRE:    4 12:08:41     -600.073538        1.303299
FIRE:    5 12:08:50     -600.722648        1.390771
FIRE:    6 12:08:59     -601.400242        1.314204
FIRE:    7 12:09:08     -602.085568        1.159025
FIRE:    8 12:09:18     -602.748450        0.968472
FIRE:    9 12:09:27     -603.363212        0.786573
FIRE:   10 12:09:36     -603.914687        0.703859
FIRE:   11 12:09:45     -604.398395        0.703136
FIRE:   12 12:09:54     -604.820833        0.664628
FIRE:   13 12:10:03     -605.201263        0.584899
FIRE:   14 12:10:12     -605.560206        0.583730
FIRE:   15 12:10:21     -605.908172        0.565327
FIRE:   16 12:10:31     -606.250557        0.501850
FIRE:   17 12:10:40     -606.590584        0.451512
FIRE:   18 12:10:49     -606.930457        0.493409
FIRE:   19 12:10:58     -607.270914        0.545718
FIRE:   20 12:11:07     -607.609194        0.607801
FIRE:   21 12:11:16     -607.942908        0.675747
FIRE:   22 12:11:25     -608.274770        0.738168
FIRE:   23 12:11:34     -608.611466        0.779585
FIRE:   24 12:11:44     -608.959004        0.786780
FIRE:   25 12:11:53     -609.317020        0.740513
FIRE:   26 12:12:02     -609.673783        0.747469
FIRE:   27 12:12:11     -610.019635        0.714942
FIRE:   28 12:12:20     -610.352863        0.630062
FIRE:   29 12:12:29     -610.656335        0.587119
FIRE:   30 12:12:39     -610.914737        0.579654
FIRE:   31 12:12:48     -611.128632        0.559342
FIRE:   32 12:12:57     -611.297669        0.757820
FIRE:   33 12:13:06     -611.425617        0.802368
FIRE:   34 12:13:15     -611.520316        0.653504
FIRE:   35 12:13:24     -611.584737        0.724386
FIRE:   36 12:13:34     -611.640707        0.927883
FIRE:   37 12:13:43     -611.729390        0.928122
FIRE:   38 12:13:52     -611.857467        0.707619
FIRE:   39 12:14:01     -611.991712        0.464177
FIRE:   40 12:14:10     -612.110764        0.512838
FIRE:   41 12:14:19     -612.216090        0.500981
FIRE:   42 12:14:29     -612.312549        0.430887
FIRE:   43 12:14:38     -612.400738        0.435617
FIRE:   44 12:14:47     -612.479547        0.462876
FIRE:   45 12:14:56     -612.547787        0.435566
FIRE:   46 12:15:05     -612.605411        0.388822
FIRE:   47 12:15:14     -612.656435        0.392510
FIRE:   48 12:15:23     -612.706180        0.467272
FIRE:   49 12:15:32     -612.756857        0.473228
FIRE:   50 12:15:41     -612.807148        0.386549
FIRE:   51 12:15:51     -612.853602        0.380504
FIRE:   52 12:16:00     -612.894233        0.368199
FIRE:   53 12:16:09     -612.933139        0.403700
FIRE:   54 12:16:18     -612.979266        0.440422
FIRE:   55 12:16:27     -613.037162        0.424515
FIRE:   56 12:16:36     -613.101662        0.366291
FIRE:   57 12:16:45     -613.166817        0.413093
FIRE:   58 12:16:54     -613.234713        0.393138
FIRE:   59 12:17:03     -613.311211        0.330051
FIRE:   60 12:17:13     -613.397009        0.370417
FIRE:   61 12:17:22     -613.484619        0.340012
FIRE:   62 12:17:31     -613.565417        0.340775
FIRE:   63 12:17:40     -613.637357        0.328220
FIRE:   64 12:17:49     -613.705071        0.323298
FIRE:   65 12:17:58     -613.775131        0.319504
FIRE:   66 12:18:07     -613.851913        0.311912
FIRE:   67 12:18:16     -613.933793        0.308334
FIRE:   68 12:18:26     -614.013799        0.292711
FIRE:   69 12:18:35     -614.086602        0.323688
FIRE:   70 12:18:44     -614.153897        0.337977
FIRE:   71 12:18:53     -614.222355        0.386109
FIRE:   72 12:19:02     -614.296476        0.442221
FIRE:   73 12:19:11     -614.373295        0.445041
FIRE:   74 12:19:20     -614.442535        0.330442
FIRE:   75 12:19:29     -614.498741        0.341654
FIRE:   76 12:19:38     -614.560031        0.342181
FIRE:   77 12:19:48     -614.636542        0.369930
FIRE:   78 12:19:57     -614.719131        0.402394
FIRE:   79 12:20:06     -614.798454        0.566710
FIRE:   80 12:20:15     -614.871688        0.697475
FIRE:   81 12:20:24     -614.946516        0.640746
FIRE:   82 12:20:33     -615.026758        0.447025
FIRE:   83 12:20:43     -615.099349        0.337932
FIRE:   84 12:20:52     -615.156388        0.340450
FIRE:   85 12:21:01     -615.211404        0.524920
FIRE:   86 12:21:10     -615.279311        0.588841
FIRE:   87 12:21:19     -615.353898        0.574174
FIRE:   88 12:21:28     -615.423348        0.520172
FIRE:   89 12:21:37     -615.484193        0.547572
FIRE:   90 12:21:47     -615.540205        0.681340
FIRE:   91 12:21:56     -615.594681        0.673329
FIRE:   92 12:22:05     -615.640341        0.463671
FIRE:   93 12:22:14     -615.668660        0.421762
FIRE:   94 12:22:23     -615.835038        0.239922
FIRE:   95 12:22:32     -615.910129        0.333167
FIRE:   96 12:22:41     -615.981091        0.206699
FIRE:   97 12:22:51     -616.026989        0.214054
FIRE:   98 12:23:00     -616.048697        0.236056
FIRE:   99 12:23:09     -616.073320        0.158887
FIRE:  100 12:23:18     -616.093486        0.102324
FIRE:  101 12:23:27     -616.104093        0.143748
FIRE:  102 12:23:36     -616.118655        0.131112
FIRE:  103 12:23:45     -616.134145        0.097650
FIRE:  104 12:23:55     -616.143760        0.099075
FIRE:  105 12:24:04     -616.155619        0.114112
FIRE:  106 12:24:13     -616.177730        0.077614
FIRE:  107 12:24:22     -616.196587        0.084880
FIRE:  108 12:24:31     -616.211379        0.110108
FIRE:  109 12:24:40     -616.226419        0.068365
FIRE:  110 12:24:49     -616.235662        0.117471
FIRE:  111 12:24:58     -616.240470        0.086919
FIRE:  112 12:25:08     -616.246491        0.088730
FIRE:  113 12:25:17     -616.251506        0.092834
FIRE:  114 12:25:26     -616.256890        0.100002
FIRE:  115 12:25:35     -616.264081        0.110717
FIRE:  116 12:25:44     -616.272722        0.125486
FIRE:  117 12:25:53     -616.282088        0.144653
FIRE:  118 12:26:02     -616.294453        0.170755
FIRE:  119 12:26:12     -616.314084        0.204539
FIRE:  120 12:26:21     -616.344782        0.246016
FIRE:  121 12:26:30     -616.389900        0.290079
FIRE:  122 12:26:39     -616.458128        0.294022
FIRE:  123 12:26:48     -616.528191        0.217290
FIRE:  124 12:26:57     -616.585917        0.221461
FIRE:  125 12:27:07     -616.626834        0.217389
FIRE:  126 12:27:16     -616.651991        0.309629
FIRE:  127 12:27:25     -616.678066        0.301427
FIRE:  128 12:27:34     -616.715694        0.201469
FIRE:  129 12:27:43     -616.754043        0.179937
FIRE:  130 12:27:53     -616.795147        0.253778
FIRE:  131 12:28:02     -616.833258        0.149984
FIRE:  132 12:28:11     -616.829718        0.441570
FIRE:  133 12:28:20     -616.860964        0.231029
FIRE:  134 12:28:29     -616.867897        0.143618
FIRE:  135 12:28:38     -616.874013        0.083905
FIRE:  136 12:28:47     -616.876921        0.185810
FIRE:  137 12:28:56     -616.881791        0.195219
FIRE:  138 12:29:05     -616.889150        0.124704
FIRE:  139 12:29:14     -616.895312        0.092921
FIRE:  140 12:29:23     -616.900654        0.126423
FIRE:  141 12:29:32     -616.906621        0.107526
FIRE:  142 12:29:41     -616.914384        0.103219
FIRE:  143 12:29:51     -616.925442        0.102938
FIRE:  144 12:30:00     -616.937801        0.121564
FIRE:  145 12:30:09     -616.956139        0.120821
FIRE:  146 12:30:18     -616.975459        0.109136
FIRE:  147 12:30:27     -616.993485        0.156395
FIRE:  148 12:30:37     -617.008451        0.165991
FIRE:  149 12:30:46     -617.014903        0.123840
FIRE:  150 12:30:55     -617.020597        0.121410
FIRE:  151 12:31:04     -617.026164        0.156773
FIRE:  152 12:31:13     -617.033893        0.093949
FIRE:  153 12:31:23     -617.040418        0.093737
FIRE:  154 12:31:32     -617.045701        0.102153
FIRE:  155 12:31:41     -617.049928        0.058045
FIRE:  156 12:31:50     -617.052175        0.109315
FIRE:  157 12:31:59     -617.052895        0.085818
FIRE:  158 12:32:08     -617.054000        0.054228
FIRE:  159 12:32:18     -617.055087        0.046599
FIRE:  160 12:32:27     -617.055980        0.044676
FIRE:  161 12:32:36     -617.056804        0.064738
FIRE:  162 12:32:45     -617.057696        0.061204
FIRE:  163 12:32:54     -617.058629        0.038951
FIRE:  164 12:33:03     -617.059502        0.037608
FIRE:  165 12:33:12     -617.060244        0.050151
FIRE:  166 12:33:22     -617.061150        0.054798
FIRE:  167 12:33:31     -617.062348        0.035653
FIRE:  168 12:33:40     -617.063547        0.035853
FIRE:  169 12:33:49     -617.064910        0.047448
FIRE:  170 12:33:58     -617.066569        0.024504
FIRE:  171 12:34:08     -617.068090        0.049262
FIRE:  172 12:34:17     -617.069977        0.020118
FIRE:  173 12:34:26     -617.071622        0.052437
FIRE:  174 12:34:35     -617.073590        0.020195
FIRE:  175 12:34:44     -617.075489        0.023502
FIRE:  176 12:34:53     -617.077611        0.059197
FIRE:  177 12:35:03     -617.079806        0.106545
FIRE:  178 12:35:12     -617.080763        0.022882
FIRE:  179 12:35:21     -617.080714        0.074169
FIRE:  180 12:35:30     -617.080894        0.059242
FIRE:  181 12:35:39     -617.081145        0.032342
FIRE:  182 12:35:49     -617.081328        0.021657
FIRE:  183 12:35:58     -617.081400        0.031005
FIRE:  184 12:36:07     -617.081461        0.049303
FIRE:  185 12:36:16     -617.081617        0.052671
FIRE:  186 12:36:25     -617.081891        0.041761
FIRE:  187 12:36:35     -617.082232        0.020805
FIRE:  188 12:36:44     -617.082527        0.020627
FIRE:  189 12:36:53     -617.082801        0.037762
FIRE:  190 12:37:02     -617.083233        0.035837
FIRE:  191 12:37:11     -617.083827        0.020704
FIRE:  192 12:37:20     -617.084384        0.030334
FIRE:  193 12:37:30     -617.085099        0.032716
FIRE:  194 12:37:39     -617.086032        0.021413
FIRE:  195 12:37:48     -617.087005        0.032698
FIRE:  196 12:37:57     -617.088320        0.021504
FIRE:  197 12:38:06     -617.089757        0.027585
FIRE:  198 12:38:15     -617.091451        0.033590
FIRE:  199 12:38:25     -617.093496        0.023747
FIRE:  200 12:38:34     -617.095970        0.022518
FIRE:  201 12:38:43     -617.099591        0.032624
FIRE:  202 12:38:52     -617.105340        0.082508
FIRE:  203 12:39:01     -617.102923        0.280702
FIRE:  204 12:39:10     -617.114212        0.084448
FIRE:  205 12:39:19     -617.114854        0.058171
FIRE:  206 12:39:29     -617.115524        0.024727
FIRE:  207 12:39:38     -617.115756        0.033846
FIRE:  208 12:39:47     -617.115804        0.031252
FIRE:  209 12:39:56     -617.115893        0.026309
FIRE:  210 12:40:05     -617.116007        0.024625
FIRE:  211 12:40:14     -617.116137        0.024628
FIRE:  212 12:40:23     -617.116272        0.024620
FIRE:  213 12:40:33     -617.116411        0.024595
FIRE:  214 12:40:42     -617.116561        0.024544
FIRE:  215 12:40:51     -617.116745        0.024448
FIRE:  216 12:41:00     -617.116990        0.024284
FIRE:  217 12:41:09     -617.117301        0.024016
FIRE:  218 12:41:18     -617.117682        0.023592
FIRE:  219 12:41:28     -617.118112        0.022935
FIRE:  220 12:41:37     -617.118596        0.021954
FIRE:  221 12:41:46     -617.119170        0.020556
FIRE:  222 12:41:55     -617.119864        0.019704
FIRE:  223 12:42:04     -617.120628        0.019596
FIRE:  224 12:42:13     -617.121479        0.019496
FIRE:  225 12:42:22     -617.122451        0.019360
FIRE:  226 12:42:31     -617.123483        0.019095
FIRE:  227 12:42:41     -617.124639        0.018659
FIRE:  228 12:42:50     -617.125919        0.019404
FIRE:  229 12:42:59     -617.127452        0.023431
FIRE:  230 12:43:08     -617.129444        0.029264
FIRE:  231 12:43:17     -617.132410        0.037191
FIRE:  232 12:43:27     -617.137538        0.050607
FIRE:  233 12:43:36     -617.147209        0.071379
FIRE:  234 12:43:45     -617.165986        0.118733
FIRE:  235 12:43:54     -617.201631        0.131927
FIRE:  236 12:44:03     -617.249081        0.263511
FIRE:  237 12:44:12     -617.319068        0.236803
FIRE:  238 12:44:21     -617.387004        0.290992
FIRE:  239 12:44:31     -617.461227        0.380055
FIRE:  240 12:44:40     -617.556758        0.547234
FIRE:  241 12:44:49     -617.657932        0.408395
FIRE:  242 12:44:58     -617.699750        0.702289
FIRE:  243 12:45:07     -617.703469        0.613708
FIRE:  244 12:45:17     -617.753496        0.371179
FIRE:  245 12:45:26     -617.756339        0.422512
FIRE:  246 12:45:35     -617.763354        0.366715
FIRE:  247 12:45:44     -617.773021        0.265022
FIRE:  248 12:45:53     -617.779976        0.167614
FIRE:  249 12:46:03     -617.782499        0.224099
FIRE:  250 12:46:12     -617.783028        0.220277
FIRE:  251 12:46:21     -617.784021        0.212891
FIRE:  252 12:46:30     -617.785368        0.202463
FIRE:  253 12:46:39     -617.786932        0.189763
FIRE:  254 12:46:49     -617.788596        0.175790
FIRE:  255 12:46:58     -617.790278        0.161695
FIRE:  256 12:47:07     -617.791981        0.148598
FIRE:  257 12:47:16     -617.793944        0.136176
FIRE:  258 12:47:25     -617.796327        0.132657
FIRE:  259 12:47:34     -617.799342        0.140104
FIRE:  260 12:47:44     -617.803159        0.138913
FIRE:  261 12:47:53     -617.807804        0.126736
FIRE:  262 12:48:02     -617.813079        0.103992
FIRE:  263 12:48:11     -617.818820        0.086812
FIRE:  264 12:48:20     -617.825216        0.088834
FIRE:  265 12:48:29     -617.832630        0.087219
FIRE:  266 12:48:39     -617.841024        0.101343
FIRE:  267 12:48:48     -617.850230        0.118940
FIRE:  268 12:48:57     -617.861271        0.138363
FIRE:  269 12:49:06     -617.875576        0.159870
FIRE:  270 12:49:15     -617.895069        0.185792
FIRE:  271 12:49:24     -617.923697        0.208290
FIRE:  272 12:49:33     -617.963499        0.194847
FIRE:  273 12:49:43     -618.010747        0.143193
FIRE:  274 12:49:52     -618.048144        0.115062
FIRE:  275 12:50:01     -618.073178        0.142285
FIRE:  276 12:50:10     -618.093428        0.125250
FIRE:  277 12:50:19     -618.118585        0.146161
FIRE:  278 12:50:29     -618.150001        0.151175
FIRE:  279 12:50:38     -618.184842        0.161666
FIRE:  280 12:50:47     -618.225047        0.210293
FIRE:  281 12:50:56     -618.274984        0.260871
FIRE:  282 12:51:05     -618.330654        0.298698
FIRE:  283 12:51:15     -618.391613        0.338991
FIRE:  284 12:51:24     -618.465689        0.376078
FIRE:  285 12:51:33     -618.539049        0.334818
FIRE:  286 12:51:42     -618.586585        0.352129
FIRE:  287 12:51:51     -618.639014        0.331800
FIRE:  288 12:52:00     -618.697755        0.321934
FIRE:  289 12:52:09     -618.756876        0.308099
FIRE:  290 12:52:19     -618.816202        0.274837
FIRE:  291 12:52:28     -618.877804        0.256806
FIRE:  292 12:52:37     -618.928655        0.265600
FIRE:  293 12:52:46     -618.948026        0.321930
FIRE:  294 12:52:55     -619.009232        0.195587
FIRE:  295 12:53:04     -619.049293        0.304698
FIRE:  296 12:53:13     -619.095833        0.103330
FIRE:  297 12:53:22     -619.101704        0.246489
FIRE:  298 12:53:32     -619.112911        0.161226
FIRE:  299 12:53:41     -619.122215        0.068228
FIRE:  300 12:53:50     -619.125132        0.128201
FIRE:  301 12:53:59     -619.126272        0.116225
FIRE:  302 12:54:08     -619.128152        0.093660
FIRE:  303 12:54:17     -619.130189        0.063654
FIRE:  304 12:54:27     -619.131916        0.041872
FIRE:  305 12:54:36     -619.133232        0.040044
FIRE:  306 12:54:45     -619.134373        0.052220
FIRE:  307 12:54:54     -619.135658        0.068542
FIRE:  308 12:55:03     -619.137437        0.072860
FIRE:  309 12:55:12     -619.139742        0.060700
FIRE:  310 12:55:22     -619.142359        0.036296
FIRE:  311 12:55:31     -619.144806        0.024104
FIRE:  312 12:55:40     -619.146820        0.048823
FIRE:  313 12:55:49     -619.148879        0.060594
FIRE:  314 12:55:58     -619.151457        0.040621
FIRE:  315 12:56:07     -619.153796        0.025555
FIRE:  316 12:56:17     -619.155637        0.045094
FIRE:  317 12:56:26     -619.157864        0.028651
FIRE:  318 12:56:35     -619.159742        0.029424
FIRE:  319 12:56:44     -619.161530        0.038402
FIRE:  320 12:56:53     -619.163577        0.026423
FIRE:  321 12:57:02     -619.165229        0.034755
FIRE:  322 12:57:11     -619.165827        0.025465
FIRE:  323 12:57:21     -619.166335        0.022389
FIRE:  324 12:57:30     -619.166739        0.028516
FIRE:  325 12:57:39     -619.167364        0.023586
FIRE:  326 12:57:48     -619.168092        0.019105
FIRE:  327 12:57:57     -619.168818        0.020096
FIRE:  328 12:58:06     -619.169437        0.012571
FIRE:  329 12:58:15     -619.169968        0.019450
FIRE:  330 12:58:25     -619.170602        0.013176
FIRE:  331 12:58:34     -619.171073        0.019373
FIRE:  332 12:58:43     -619.171302        0.017088
FIRE:  333 12:58:52     -619.171375        0.013769
FIRE:  334 12:59:01     -619.171459        0.008304
MACE calculation complete. Energy written to MACE_OUTCAR: -619.171459 eV
Job ended on: Mon  9 Jun 11:59:02 UTC 2025
