Si Bulk DFT energetics calculations using VASP
Running on host: comp169
Working directory: /lustre/home/ah1365/projects/127870/upgrade_report/case_studies/common/structures/interfaces/120_Si36C84_012_012_a0.643939_b0.024691_c1.482413_interface16shift4
Job started on: Thu  5 Jun 11:51:02 UTC 2025
cuequivariance or cuequivariance_torch is not available. Cuequivariance acceleration will be disabled.
Using Materials Project MACE for MACECalculator with /lustre/home/ah1365/.cache/mace/MACE_MPtrj_20229model
Using float64 for MACECalculator, which is slower but more accurate. Recommended for geometry optimization.
Using TorchDFTD3Calculator for D3 dispersion corrections
      Step     Time          Energy          fmax
FIRE:    0 12:51:27     -845.249174        8.043665
FIRE:    1 12:51:38     -851.033748        4.243242
FIRE:    2 12:51:49     -855.886629        3.557593
FIRE:    3 12:52:00     -860.051587        3.099818
FIRE:    4 12:52:11     -863.656833        2.700937
FIRE:    5 12:52:21     -866.782702        2.344110
FIRE:    6 12:52:32     -869.492591        2.020504
FIRE:    7 12:52:43     -871.843547        1.845664
FIRE:    8 12:52:54     -873.894386        1.755273
FIRE:    9 12:53:04     -875.693892        1.687501
FIRE:   10 12:53:15     -877.270407        1.569250
FIRE:   11 12:53:26     -878.629036        1.387458
FIRE:   12 12:53:37     -879.769495        1.315211
FIRE:   13 12:53:48     -880.712925        1.235670
FIRE:   14 12:53:59     -881.515325        1.486969
FIRE:   15 12:54:09     -882.250910        1.613150
FIRE:   16 12:54:20     -882.964427        1.229954
FIRE:   17 12:54:31     -883.651391        1.071194
FIRE:   18 12:54:42     -884.304343        1.112888
FIRE:   19 12:54:52     -884.948164        1.183425
FIRE:   20 12:55:03     -885.610077        1.181827
FIRE:   21 12:55:14     -886.289848        1.149046
FIRE:   22 12:55:25     -886.980262        1.094361
FIRE:   23 12:55:36     -887.688156        1.035234
FIRE:   24 12:55:46     -888.411005        1.099578
FIRE:   25 12:55:57     -889.124488        1.208456
FIRE:   26 12:56:08     -889.811062        1.306454
FIRE:   27 12:56:19     -890.469694        1.391105
FIRE:   28 12:56:29     -891.115052        1.438181
FIRE:   29 12:56:40     -891.760181        1.382548
FIRE:   30 12:56:51     -892.389444        1.104599
FIRE:   31 12:57:02     -892.960451        1.008954
FIRE:   32 12:57:12     -893.433210        0.977195
FIRE:   33 12:57:23     -893.806387        1.298513
FIRE:   34 12:57:34     -894.122276        1.340106
FIRE:   35 12:57:45     -894.422279        1.328909
FIRE:   36 12:57:56     -894.715819        1.268801
FIRE:   37 12:58:06     -894.994692        1.038084
FIRE:   38 12:58:17     -895.258131        0.976025
FIRE:   39 12:58:28     -895.512036        0.998070
FIRE:   40 12:58:39     -895.761038        0.925865
FIRE:   41 12:58:50     -895.995117        0.977189
FIRE:   42 12:59:00     -896.189877        0.700839
FIRE:   43 12:59:11     -896.324247        0.640597
FIRE:   44 12:59:22     -896.395637        0.742661
FIRE:   45 12:59:32     -896.760649        0.864571
FIRE:   46 12:59:43     -896.635785        1.864726
FIRE:   47 12:59:54     -897.049335        0.593683
FIRE:   48 13:00:05     -896.887994        1.420440
FIRE:   49 13:00:15     -897.015658        1.028509
FIRE:   50 13:00:26     -897.166437        0.589086
FIRE:   51 13:00:37     -897.227675        0.636506
FIRE:   52 13:00:47     -897.232010        0.635099
FIRE:   53 13:00:58     -897.240289        0.632496
FIRE:   54 13:01:09     -897.251857        0.629069
FIRE:   55 13:01:20     -897.265993        0.625229
FIRE:   56 13:01:30     -897.282174        0.621260
FIRE:   57 13:01:41     -897.300244        0.617153
FIRE:   58 13:01:52     -897.320446        0.612514
FIRE:   59 13:02:03     -897.345852        0.605852
FIRE:   60 13:02:13     -897.378274        0.595079
FIRE:   61 13:02:24     -897.419515        0.577171
FIRE:   62 13:02:35     -897.470586        0.548844
FIRE:   63 13:02:46     -897.531165        0.508415
FIRE:   64 13:02:56     -897.600089        0.456688
FIRE:   65 13:03:07     -897.676740        0.391073
FIRE:   66 13:03:18     -897.760207        0.303772
FIRE:   67 13:03:29     -897.845730        0.249652
FIRE:   68 13:03:39     -897.927553        0.247419
FIRE:   69 13:03:50     -898.008431        0.263097
FIRE:   70 13:04:01     -898.094461        0.289134
FIRE:   71 13:04:12     -898.191973        0.320422
FIRE:   72 13:04:22     -898.316446        0.371583
FIRE:   73 13:04:33     -898.487432        0.443871
FIRE:   74 13:04:44     -898.732245        0.491507
FIRE:   75 13:04:54     -899.029407        0.556482
FIRE:   76 13:05:05     -899.397581        0.789266
FIRE:   77 13:05:16     -899.871009        0.853263
FIRE:   78 13:05:27     -900.442504        0.998215
FIRE:   79 13:05:37     -901.058740        0.978702
FIRE:   80 13:05:48     -901.656025        0.813973
FIRE:   81 13:05:59     -902.163841        0.648130
FIRE:   82 13:06:10     -902.567773        0.800668
FIRE:   83 13:06:20     -902.949194        1.069295
FIRE:   84 13:06:31     -903.384141        0.922917
FIRE:   85 13:06:42     -903.828135        0.692356
FIRE:   86 13:06:53     -904.161301        0.687541
FIRE:   87 13:07:03     -904.365228        1.176229
FIRE:   88 13:07:14     -904.552904        1.331826
FIRE:   89 13:07:25     -904.776600        0.918346
FIRE:   90 13:07:36     -904.949054        0.960678
FIRE:   91 13:07:46     -905.039839        0.933567
FIRE:   92 13:07:57     -905.232181        0.780008
FIRE:   93 13:08:08     -905.326953        0.447052
FIRE:   94 13:08:19     -905.353314        0.267102
FIRE:   95 13:08:29     -905.373178        0.250202
FIRE:   96 13:08:40     -905.383890        0.347758
FIRE:   97 13:08:51     -905.410513        0.310557
FIRE:   98 13:09:01     -905.448132        0.281465
FIRE:   99 13:09:12     -905.477921        0.283297
FIRE:  100 13:09:23     -905.508437        0.297339
FIRE:  101 13:09:34     -905.553390        0.325669
FIRE:  102 13:09:44     -905.603091        0.377382
FIRE:  103 13:09:55     -905.671746        0.447473
FIRE:  104 13:10:06     -905.774826        0.558437
FIRE:  105 13:10:17     -905.939321        0.713392
FIRE:  106 13:10:27     -906.199447        0.812331
FIRE:  107 13:10:38     -906.509291        0.842806
FIRE:  108 13:10:49     -906.852157        0.947663
FIRE:  109 13:11:00     -907.247178        1.115225
FIRE:  110 13:11:10     -907.702485        1.245423
FIRE:  111 13:11:21     -908.189708        1.137048
FIRE:  112 13:11:32     -908.611802        0.844469
FIRE:  113 13:11:43     -908.904250        0.967896
FIRE:  114 13:11:53     -909.164664        1.405461
FIRE:  115 13:12:04     -909.491960        1.692529
FIRE:  116 13:12:15     -909.916049        1.537148
FIRE:  117 13:12:25     -910.402164        1.980073
FIRE:  118 13:12:36     -911.049683        2.660160
FIRE:  119 13:12:47     -911.830793        2.264687
FIRE:  120 13:12:58     -912.511490        1.559789
FIRE:  121 13:13:08     -913.108730        1.190467
FIRE:  122 13:13:19     -913.639037        1.082366
FIRE:  123 13:13:30     -914.098738        1.156737
FIRE:  124 13:13:41     -914.497736        1.164311
FIRE:  125 13:13:51     -914.840437        0.946570
FIRE:  126 13:14:02     -915.113146        0.658344
FIRE:  127 13:14:13     -915.305220        0.894782
FIRE:  128 13:14:23     -915.433780        1.148969
FIRE:  129 13:14:34     -915.565146        1.452517
FIRE:  130 13:14:45     -915.758374        1.351893
FIRE:  131 13:14:56     -916.051370        1.129223
FIRE:  132 13:15:06     -916.435554        1.077771
FIRE:  133 13:15:17     -916.842670        0.875904
FIRE:  134 13:15:28     -917.216202        0.872095
FIRE:  135 13:15:38     -917.528992        0.804680
FIRE:  136 13:15:49     -917.772796        0.528530
FIRE:  137 13:16:00     -917.967169        0.670238
FIRE:  138 13:16:10     -918.150699        0.813613
FIRE:  139 13:16:21     -918.327006        0.920355
FIRE:  140 13:16:32     -918.460104        0.945343
FIRE:  141 13:16:43     -918.533368        0.903141
FIRE:  142 13:16:53     -918.861835        1.111698
FIRE:  143 13:17:04     -919.097508        1.196269
FIRE:  144 13:17:15     -918.883003        2.277153
FIRE:  145 13:17:25     -919.266959        0.787996
FIRE:  146 13:17:36     -919.064888        2.487091
FIRE:  147 13:17:47     -919.210889        1.628232
FIRE:  148 13:17:58     -919.344604        0.594009
FIRE:  149 13:18:08     -919.358003        0.672967
FIRE:  150 13:18:19     -919.362027        0.640004
FIRE:  151 13:18:30     -919.369494        0.606799
FIRE:  152 13:18:40     -919.379375        0.609117
FIRE:  153 13:18:51     -919.390450        0.612260
FIRE:  154 13:19:02     -919.401646        0.616282
FIRE:  155 13:19:12     -919.412390        0.621237
FIRE:  156 13:19:23     -919.422869        0.627133
FIRE:  157 13:19:34     -919.435162        0.634666
FIRE:  158 13:19:45     -919.451185        0.644062
FIRE:  159 13:19:55     -919.473284        0.655589
FIRE:  160 13:20:06     -919.503218        0.669597
FIRE:  161 13:20:17     -919.541178        0.686512
FIRE:  162 13:20:27     -919.586493        0.706665
FIRE:  163 13:20:38     -919.640783        0.729705
FIRE:  164 13:20:49     -919.710122        0.753601
FIRE:  165 13:20:59     -919.800890        0.773325
FIRE:  166 13:21:10     -919.914130        0.777613
FIRE:  167 13:21:21     -920.049678        0.743192
FIRE:  168 13:21:31     -920.209797        0.635645
FIRE:  169 13:21:42     -920.381022        0.447285
FIRE:  170 13:21:53     -920.552971        0.381330
FIRE:  171 13:22:04     -920.743230        0.444172
FIRE:  172 13:22:14     -920.927097        0.460231
FIRE:  173 13:22:25     -921.093579        0.404739
FIRE:  174 13:22:36     -921.235809        0.422007
FIRE:  175 13:22:47     -921.356962        0.462548
FIRE:  176 13:22:57     -921.467142        0.465592
FIRE:  177 13:23:08     -921.578881        0.415322
FIRE:  178 13:23:19     -921.686419        0.316986
FIRE:  179 13:23:29     -921.774138        0.315220
FIRE:  180 13:23:40     -921.853829        0.400898
FIRE:  181 13:23:51     -921.927505        0.281325
FIRE:  182 13:24:01     -921.978562        0.229877
FIRE:  183 13:24:12     -922.018317        0.331086
FIRE:  184 13:24:23     -922.060720        0.263926
FIRE:  185 13:24:33     -922.078079        0.389569
FIRE:  186 13:24:44     -922.047572        1.310273
FIRE:  187 13:24:55     -922.127904        0.238672
FIRE:  188 13:25:06     -922.129974        0.175389
FIRE:  189 13:25:16     -922.133318        0.135643
FIRE:  190 13:25:27     -922.137202        0.129647
FIRE:  191 13:25:38     -922.141702        0.135695
FIRE:  192 13:25:48     -922.147363        0.151143
FIRE:  193 13:25:59     -922.154157        0.114393
FIRE:  194 13:26:10     -922.161347        0.111928
FIRE:  195 13:26:20     -922.169176        0.110330
FIRE:  196 13:26:31     -922.178126        0.123631
FIRE:  197 13:26:42     -922.188456        0.110650
FIRE:  198 13:26:52     -922.198976        0.112210
FIRE:  199 13:27:03     -922.209878        0.113280
FIRE:  200 13:27:14     -922.220783        0.112180
FIRE:  201 13:27:24     -922.231090        0.107903
FIRE:  202 13:27:35     -922.240334        0.114336
FIRE:  203 13:27:46     -922.248671        0.092340
FIRE:  204 13:27:57     -922.255607        0.084401
FIRE:  205 13:28:07     -922.261152        0.154397
FIRE:  206 13:28:18     -922.264826        0.285407
FIRE:  207 13:28:29     -922.267386        0.089972
FIRE:  208 13:28:39     -922.267755        0.161453
FIRE:  209 13:28:50     -922.268110        0.132365
FIRE:  210 13:29:01     -922.268650        0.079658
FIRE:  211 13:29:11     -922.269154        0.062549
FIRE:  212 13:29:22     -922.269518        0.061780
FIRE:  213 13:29:33     -922.269846        0.095460
FIRE:  214 13:29:44     -922.270323        0.112275
FIRE:  215 13:29:54     -922.271020        0.100101
FIRE:  216 13:30:05     -922.271947        0.059240
FIRE:  217 13:30:16     -922.272917        0.058782
FIRE:  218 13:30:26     -922.273837        0.067289
FIRE:  219 13:30:37     -922.274964        0.083946
FIRE:  220 13:30:48     -922.276452        0.056435
FIRE:  221 13:30:58     -922.277927        0.055055
FIRE:  222 13:31:09     -922.279432        0.075420
FIRE:  223 13:31:20     -922.281280        0.052499
FIRE:  224 13:31:30     -922.282942        0.073964
FIRE:  225 13:31:41     -922.284940        0.048891
FIRE:  226 13:31:52     -922.286728        0.087382
FIRE:  227 13:32:02     -922.289028        0.044396
FIRE:  228 13:32:13     -922.291430        0.044681
FIRE:  229 13:32:24     -922.294061        0.110592
FIRE:  230 13:32:35     -922.297032        0.174571
FIRE:  231 13:32:45     -922.299160        0.317256
FIRE:  232 13:32:56     -922.302222        0.049654
FIRE:  233 13:33:07     -922.300464        0.274320
FIRE:  234 13:33:17     -922.301393        0.210043
FIRE:  235 13:33:28     -922.302472        0.097041
FIRE:  236 13:33:39     -922.302840        0.049771
FIRE:  237 13:33:49     -922.302854        0.049768
FIRE:  238 13:34:00     -922.302880        0.049762
FIRE:  239 13:34:11     -922.302917        0.049753
FIRE:  240 13:34:21     -922.302963        0.049743
FIRE:  241 13:34:32     -922.303018        0.049732
FIRE:  242 13:34:43     -922.303077        0.049721
FIRE:  243 13:34:53     -922.303143        0.049711
FIRE:  244 13:35:04     -922.303224        0.049702
FIRE:  245 13:35:14     -922.303327        0.049697
FIRE:  246 13:35:25     -922.303456        0.049697
FIRE:  247 13:35:36     -922.303619        0.049703
FIRE:  248 13:35:47     -922.303823        0.049715
FIRE:  249 13:35:57     -922.304067        0.049730
FIRE:  250 13:36:08     -922.304360        0.049741
FIRE:  251 13:36:19     -922.304713        0.049738
FIRE:  252 13:36:29     -922.305144        0.049709
FIRE:  253 13:36:40     -922.305661        0.049645
FIRE:  254 13:36:51     -922.306265        0.049546
FIRE:  255 13:37:01     -922.306985        0.049411
FIRE:  256 13:37:12     -922.307838        0.049215
FIRE:  257 13:37:23     -922.308827        0.048893
FIRE:  258 13:37:34     -922.309984        0.048366
FIRE:  259 13:37:44     -922.311322        0.047573
FIRE:  260 13:37:55     -922.312883        0.046421
FIRE:  261 13:38:06     -922.314679        0.044712
FIRE:  262 13:38:16     -922.316727        0.042249
FIRE:  263 13:38:27     -922.318984        0.038800
FIRE:  264 13:38:38     -922.321216        0.074819
FIRE:  265 13:38:48     -922.322178        0.220556
FIRE:  266 13:38:59     -922.323683        0.026198
FIRE:  267 13:39:10     -922.322655        0.194775
FIRE:  268 13:39:20     -922.323146        0.147842
FIRE:  269 13:39:31     -922.323700        0.065523
FIRE:  270 13:39:42     -922.323845        0.032031
FIRE:  271 13:39:52     -922.323851        0.030215
FIRE:  272 13:40:03     -922.323862        0.026698
FIRE:  273 13:40:14     -922.323876        0.026493
FIRE:  274 13:40:24     -922.323893        0.026489
FIRE:  275 13:40:35     -922.323911        0.026483
FIRE:  276 13:40:46     -922.323929        0.026475
FIRE:  277 13:40:56     -922.323947        0.026464
FIRE:  278 13:41:07     -922.323969        0.026447
FIRE:  279 13:41:18     -922.323996        0.026424
FIRE:  280 13:41:29     -922.324033        0.026393
FIRE:  281 13:41:39     -922.324081        0.026349
FIRE:  282 13:41:50     -922.324140        0.026291
FIRE:  283 13:42:00     -922.324209        0.026213
FIRE:  284 13:42:11     -922.324290        0.026109
FIRE:  285 13:42:22     -922.324389        0.025973
FIRE:  286 13:42:33     -922.324512        0.025795
FIRE:  287 13:42:43     -922.324659        0.025557
FIRE:  288 13:42:54     -922.324829        0.025231
FIRE:  289 13:43:05     -922.325031        0.024785
FIRE:  290 13:43:15     -922.325267        0.024183
FIRE:  291 13:43:26     -922.325540        0.023386
FIRE:  292 13:43:37     -922.325853        0.022359
FIRE:  293 13:43:47     -922.326197        0.021003
FIRE:  294 13:43:58     -922.326579        0.019255
FIRE:  295 13:44:09     -922.326989        0.017118
FIRE:  296 13:44:19     -922.327415        0.014453
FIRE:  297 13:44:30     -922.327825        0.011354
FIRE:  298 13:44:41     -922.328098        0.036759
FIRE:  299 13:44:51     -922.327743        0.099632
FIRE:  300 13:45:02     -922.328484        0.003643
MACE calculation complete. Energy written to MACE_OUTCAR: -922.328484 eV
Job ended on: Thu  5 Jun 12:45:03 UTC 2025
