The following modules were not unloaded:
  (Use "module --force purge" to unload all):

  1) slurm/23.02.6
[comp080:202029:0:202029] Caught signal 11 (Segmentation fault: address not mapped to object at address 0x7ffdabb61d60)
[comp080:202034:0:202034] Caught signal 11 (Segmentation fault: address not mapped to object at address 0x7ffe715545c0)
[comp080:202025:0:202025] Caught signal 11 (Segmentation fault: address not mapped to object at address 0x7ffd51a2d000)
[comp080:202026:0:202026] Caught signal 11 (Segmentation fault: address not mapped to object at address 0x7fffe03ed8e0)
[comp080:202027:0:202027] Caught signal 11 (Segmentation fault: address not mapped to object at address 0x7ffea25c09a0)
[comp080:202028:0:202028] Caught signal 11 (Segmentation fault: address not mapped to object at address 0x7ffcdfb971a0)
[comp080:202030:0:202030] Caught signal 11 (Segmentation fault: address not mapped to object at address 0x7ffeb056b0e0)
[comp080:202031:0:202031] Caught signal 11 (Segmentation fault: address not mapped to object at address 0x7ffc4f74d780)
[comp080:202032:0:202032] Caught signal 11 (Segmentation fault: address not mapped to object at address 0x7ffe45331720)
[comp080:202033:0:202033] Caught signal 11 (Segmentation fault: address not mapped to object at address 0x7ffca6ca8600)
[comp080:202035:0:202035] Caught signal 11 (Segmentation fault: address not mapped to object at address 0x7fff737729a0)
[comp080:202036:0:202036] Caught signal 11 (Segmentation fault: address not mapped to object at address 0x7ffe77cce620)
[comp080:202037:0:202037] Caught signal 11 (Segmentation fault: address not mapped to object at address 0x7ffc2af33640)
[comp080:202038:0:202038] Caught signal 11 (Segmentation fault: address not mapped to object at address 0x7ffc31a22120)
[comp080:202039:0:202039] Caught signal 11 (Segmentation fault: address not mapped to object at address 0x7fff702fd460)
[comp080:202040:0:202040] Caught signal 11 (Segmentation fault: address not mapped to object at address 0x7ffd8c86d4c0)
==== backtrace (tid: 202032) ====
 0 0x000000000003e6f0 __GI___sigaction()  :0
 1 0x00000000009e0300 hamil_mp_hamiltmu_()  ???:0
==== backtrace (tid: 202036) ====
 0 0x000000000003e6f0 __GI___sigaction()  :0
 1 0x00000000009e0300 hamil_mp_hamiltmu_()  ???:0
 2 0x000000000119090e david_mp_eddav_()  ???:0
 3 0x00000000012534d5 elmin_()  ???:0
 4 0x0000000001e67467 vamp_IP_electronic_optimization_()  main.f90:0
 5 0x0000000001e40413 MAIN__()  ???:0
 6 0x000000000040963d main()  ???:0
 7 0x0000000000029590 __libc_start_call_main()  ???:0
 8 0x0000000000029640 __libc_start_main_alias_2()  :0
 9 0x0000000000409555 _start()  ???:0
=================================
 2 0x000000000119090e david_mp_eddav_()  ???:0
==== backtrace (tid: 202035) ====
 0 0x000000000003e6f0 __GI___sigaction()  :0
 1 0x00000000009e0300 hamil_mp_hamiltmu_()  ???:0
 2 0x000000000119090e david_mp_eddav_()  ???:0
 3 0x00000000012534d5 elmin_()  ???:0
 4 0x0000000001e67467 vamp_IP_electronic_optimization_()  main.f90:0
 5 0x0000000001e40413 MAIN__()  ???:0
 6 0x000000000040963d main()  ???:0
 7 0x0000000000029590 __libc_start_call_main()  ???:0
 8 0x0000000000029640 __libc_start_main_alias_2()  :0
 9 0x0000000000409555 _start()  ???:0
=================================
 3 0x00000000012534d5 elmin_()  ???:0
==== backtrace (tid: 202039) ====
 0 0x000000000003e6f0 __GI___sigaction()  :0
 1 0x00000000009e0300 hamil_mp_hamiltmu_()  ???:0
 2 0x000000000119090e david_mp_eddav_()  ???:0
 3 0x00000000012534d5 elmin_()  ???:0
 4 0x0000000001e67467 vamp_IP_electronic_optimization_()  main.f90:0
 5 0x0000000001e40413 MAIN__()  ???:0
 6 0x000000000040963d main()  ???:0
 7 0x0000000000029590 __libc_start_call_main()  ???:0
 8 0x0000000000029640 __libc_start_main_alias_2()  :0
 9 0x0000000000409555 _start()  ???:0
=================================
 4 0x0000000001e67467 vamp_IP_electronic_optimization_()  main.f90:0
 5 0x0000000001e40413 MAIN__()  ???:0
 6 0x000000000040963d main()  ???:0
 7 0x0000000000029590 __libc_start_call_main()  ???:0
 8 0x0000000000029640 __libc_start_main_alias_2()  :0
 9 0x0000000000409555 _start()  ???:0
=================================
==== backtrace (tid: 202027) ====
==== backtrace (tid: 202031) ====
 0 0x000000000003e6f0 __GI___sigaction()  :0
 1 0x00000000009e0300 hamil_mp_hamiltmu_()  ???:0
 2 0x000000000119090e david_mp_eddav_()  ???:0
 3 0x00000000012534d5 elmin_()  ???:0
 4 0x0000000001e67467 vamp_IP_electronic_optimization_()  main.f90:0
 5 0x0000000001e40413 MAIN__()  ???:0
 6 0x000000000040963d main()  ???:0
 7 0x0000000000029590 __libc_start_call_main()  ???:0
 8 0x0000000000029640 __libc_start_main_alias_2()  :0
 9 0x0000000000409555 _start()  ???:0
=================================
 0 0x000000000003e6f0 __GI___sigaction()  :0
==== backtrace (tid: 202026) ====
 0 0x000000000003e6f0 __GI___sigaction()  :0
 1 0x00000000009e0300 hamil_mp_hamiltmu_()  ???:0
 2 0x000000000119090e david_mp_eddav_()  ???:0
 3 0x00000000012534d5 elmin_()  ???:0
 4 0x0000000001e67467 vamp_IP_electronic_optimization_()  main.f90:0
 5 0x0000000001e40413 MAIN__()  ???:0
 6 0x000000000040963d main()  ???:0
 7 0x0000000000029590 __libc_start_call_main()  ???:0
 8 0x0000000000029640 __libc_start_main_alias_2()  :0
 9 0x0000000000409555 _start()  ???:0
=================================
 1 0x00000000009e0300 hamil_mp_hamiltmu_()  ???:0
 2 0x000000000119090e david_mp_eddav_()  ???:0
 3 0x00000000012534d5 elmin_()  ???:0
==== backtrace (tid: 202025) ====
 4 0x0000000001e67467 vamp_IP_electronic_optimization_()  main.f90:0
 5 0x0000000001e40413 MAIN__()  ???:0
 6 0x000000000040963d main()  ???:0
 7 0x0000000000029590 __libc_start_call_main()  ???:0
 8 0x0000000000029640 __libc_start_main_alias_2()  :0
 9 0x0000000000409555 _start()  ???:0
=================================
 0 0x000000000003e6f0 __GI___sigaction()  :0
 1 0x00000000009e0300 hamil_mp_hamiltmu_()  ???:0
 2 0x000000000119090e david_mp_eddav_()  ???:0
==== backtrace (tid: 202040) ====
 0 0x000000000003e6f0 __GI___sigaction()  :0
 1 0x00000000009e0300 hamil_mp_hamiltmu_()  ???:0
 2 0x000000000119090e david_mp_eddav_()  ???:0
 3 0x00000000012534d5 elmin_()  ???:0
 4 0x0000000001e67467 vamp_IP_electronic_optimization_()  main.f90:0
 5 0x0000000001e40413 MAIN__()  ???:0
 6 0x000000000040963d main()  ???:0
 7 0x0000000000029590 __libc_start_call_main()  ???:0
 8 0x0000000000029640 __libc_start_main_alias_2()  :0
 9 0x0000000000409555 _start()  ???:0
=================================
 3 0x00000000012534d5 elmin_()  ???:0
==== backtrace (tid: 202037) ====
 0 0x000000000003e6f0 __GI___sigaction()  :0
 1 0x00000000009e0300 hamil_mp_hamiltmu_()  ???:0
 2 0x000000000119090e david_mp_eddav_()  ???:0
 3 0x00000000012534d5 elmin_()  ???:0
 4 0x0000000001e67467 vamp_IP_electronic_optimization_()  main.f90:0
 5 0x0000000001e40413 MAIN__()  ???:0
 6 0x000000000040963d main()  ???:0
 7 0x0000000000029590 __libc_start_call_main()  ???:0
 8 0x0000000000029640 __libc_start_main_alias_2()  :0
 9 0x0000000000409555 _start()  ???:0
=================================
==== backtrace (tid: 202038) ====
 0 0x000000000003e6f0 __GI___sigaction()  :0
 1 0x00000000009e0300 hamil_mp_hamiltmu_()  ???:0
 2 0x000000000119090e david_mp_eddav_()  ???:0
 3 0x00000000012534d5 elmin_()  ???:0
 4 0x0000000001e67467 vamp_IP_electronic_optimization_()  main.f90:0
 5 0x0000000001e40413 MAIN__()  ???:0
 6 0x000000000040963d main()  ???:0
 7 0x0000000000029590 __libc_start_call_main()  ???:0
 8 0x0000000000029640 __libc_start_main_alias_2()  :0
 9 0x0000000000409555 _start()  ???:0
=================================
 4 0x0000000001e67467 vamp_IP_electronic_optimization_()  main.f90:0
 5 0x0000000001e40413 MAIN__()  ???:0
==== backtrace (tid: 202034) ====
 0 0x000000000003e6f0 __GI___sigaction()  :0
 1 0x00000000009e0300 hamil_mp_hamiltmu_()  ???:0
 2 0x000000000119090e david_mp_eddav_()  ???:0
 3 0x00000000012534d5 elmin_()  ???:0
 4 0x0000000001e67467 vamp_IP_electronic_optimization_()  main.f90:0
 5 0x0000000001e40413 MAIN__()  ???:0
 6 0x000000000040963d main()  ???:0
 7 0x0000000000029590 __libc_start_call_main()  ???:0
 8 0x0000000000029640 __libc_start_main_alias_2()  :0
 9 0x0000000000409555 _start()  ???:0
=================================
==== backtrace (tid: 202033) ====
 0 0x000000000003e6f0 __GI___sigaction()  :0
 1 0x00000000009e0300 hamil_mp_hamiltmu_()  ???:0
 2 0x000000000119090e david_mp_eddav_()  ???:0
 3 0x00000000012534d5 elmin_()  ???:0
 4 0x0000000001e67467 vamp_IP_electronic_optimization_()  main.f90:0
 5 0x0000000001e40413 MAIN__()  ???:0
 6 0x000000000040963d main()  ???:0
 7 0x0000000000029590 __libc_start_call_main()  ???:0
 8 0x0000000000029640 __libc_start_main_alias_2()  :0
 9 0x0000000000409555 _start()  ???:0
=================================
 6 0x000000000040963d main()  ???:0
 7 0x0000000000029590 __libc_start_call_main()  ???:0
==== backtrace (tid: 202030) ====
 0 0x000000000003e6f0 __GI___sigaction()  :0
 1 0x00000000009e0300 hamil_mp_hamiltmu_()  ???:0
 2 0x000000000119090e david_mp_eddav_()  ???:0
 3 0x00000000012534d5 elmin_()  ???:0
 4 0x0000000001e67467 vamp_IP_electronic_optimization_()  main.f90:0
 5 0x0000000001e40413 MAIN__()  ???:0
 6 0x000000000040963d main()  ???:0
 7 0x0000000000029590 __libc_start_call_main()  ???:0
 8 0x0000000000029640 __libc_start_main_alias_2()  :0
 9 0x0000000000409555 _start()  ???:0
=================================
 8 0x0000000000029640 __libc_start_main_alias_2()  :0
 9 0x0000000000409555 _start()  ???:0
==== backtrace (tid: 202028) ====
 0 0x000000000003e6f0 __GI___sigaction()  :0
 1 0x00000000009e0300 hamil_mp_hamiltmu_()  ???:0
 2 0x000000000119090e david_mp_eddav_()  ???:0
 3 0x00000000012534d5 elmin_()  ???:0
 4 0x0000000001e67467 vamp_IP_electronic_optimization_()  main.f90:0
 5 0x0000000001e40413 MAIN__()  ???:0
 6 0x000000000040963d main()  ???:0
 7 0x0000000000029590 __libc_start_call_main()  ???:0
 8 0x0000000000029640 __libc_start_main_alias_2()  :0
 9 0x0000000000409555 _start()  ???:0
=================================
=================================
forrtl: severe (174): SIGSEGV, segmentation fault occurred
Image              PC                Routine            Line        Source             
libc.so.6          00007F2F0D63E6F0  Unknown               Unknown  Unknown
vasp_std           00000000009E0300  Unknown               Unknown  Unknown
vasp_std           000000000119090E  Unknown               Unknown  Unknown
vasp_std           00000000012534D5  Unknown               Unknown  Unknown
vasp_std           0000000001E67467  Unknown               Unknown  Unknown
vasp_std           0000000001E40413  Unknown               Unknown  Unknown
vasp_std           000000000040963D  Unknown               Unknown  Unknown
libc.so.6          00007F2F0D629590  Unknown               Unknown  Unknown
libc.so.6          00007F2F0D629640  __libc_start_main     Unknown  Unknown
vasp_std           0000000000409555  Unknown               Unknown  Unknown
forrtl: severe (174): SIGSEGV, segmentation fault occurred
Image              PC                Routine            Line        Source             
libc.so.6          00007FCAB7C3E6F0  Unknown               Unknown  Unknown
vasp_std           00000000009E0300  Unknown               Unknown  Unknown
vasp_std           000000000119090E  Unknown               Unknown  Unknown
vasp_std           00000000012534D5  Unknown               Unknown  Unknown
vasp_std           0000000001E67467  Unknown               Unknown  Unknown
vasp_std           0000000001E40413  Unknown               Unknown  Unknown
vasp_std           000000000040963D  Unknown               Unknown  Unknown
libc.so.6          00007FCAB7C29590  Unknown               Unknown  Unknown
libc.so.6          00007FCAB7C29640  __libc_start_main     Unknown  Unknown
vasp_std           0000000000409555  Unknown               Unknown  Unknown
forrtl: severe (174): SIGSEGV, segmentation fault occurred
Image              PC                Routine            Line        Source             
libc.so.6          00007F2D30E3E6F0  Unknown               Unknown  Unknown
vasp_std           00000000009E0300  Unknown               Unknown  Unknown
vasp_std           000000000119090E  Unknown               Unknown  Unknown
vasp_std           00000000012534D5  Unknown               Unknown  Unknown
vasp_std           0000000001E67467  Unknown               Unknown  Unknown
vasp_std           0000000001E40413  Unknown               Unknown  Unknown
vasp_std           000000000040963D  Unknown               Unknown  Unknown
libc.so.6          00007F2D30E29590  Unknown               Unknown  Unknown
libc.so.6          00007F2D30E29640  __libc_start_main     Unknown  Unknown
vasp_std           0000000000409555  Unknown               Unknown  Unknown
==== backtrace (tid: 202029) ====
 0 0x000000000003e6f0 __GI___sigaction()  :0
 1 0x00000000009e0300 hamil_mp_hamiltmu_()  ???:0
 2 0x000000000119090e david_mp_eddav_()  ???:0
 3 0x00000000012534d5 elmin_()  ???:0
 4 0x0000000001e67467 vamp_IP_electronic_optimization_()  main.f90:0
 5 0x0000000001e40413 MAIN__()  ???:0
forrtl: severe (174): SIGSEGV, segmentation fault occurred
Image              PC                Routine            Line        Source             
libc.so.6          00007F728EC3E6F0  Unknown               Unknown  Unknown
vasp_std           00000000009E0300  Unknown               Unknown  Unknown
vasp_std           000000000119090E  Unknown               Unknown  Unknown
vasp_std           00000000012534D5  Unknown               Unknown  Unknown
vasp_std           0000000001E67467  Unknown               Unknown  Unknown
vasp_std           0000000001E40413  Unknown               Unknown  Unknown
vasp_std           000000000040963D  Unknown               Unknown  Unknown
libc.so.6          00007F728EC29590  Unknown               Unknown  Unknown
libc.so.6          00007F728EC29640  __libc_start_main     Unknown  Unknown
vasp_std           0000000000409555  Unknown               Unknown  Unknown
forrtl: severe (174): SIGSEGV, segmentation fault occurred
Image              PC                Routine            Line        Source             
libc.so.6          00007FEACEA3E6F0  Unknown               Unknown  Unknown
vasp_std           00000000009E0300  Unknown               Unknown  Unknown
vasp_std           000000000119090E  Unknown               Unknown  Unknown
vasp_std           00000000012534D5  Unknown               Unknown  Unknown
vasp_std           0000000001E67467  Unknown               Unknown  Unknown
vasp_std           0000000001E40413  Unknown               Unknown  Unknown
vasp_std           000000000040963D  Unknown               Unknown  Unknown
libc.so.6          00007FEACEA29590  Unknown               Unknown  Unknown
libc.so.6          00007FEACEA29640  __libc_start_main     Unknown  Unknown
vasp_std           0000000000409555  Unknown               Unknown  Unknown
forrtl: severe (174): SIGSEGV, segmentation fault occurred
Image              PC                Routine            Line        Source             
libc.so.6          00007FAB54A3E6F0  Unknown               Unknown  Unknown
vasp_std           00000000009E0300  Unknown               Unknown  Unknown
vasp_std           000000000119090E  Unknown               Unknown  Unknown
vasp_std           00000000012534D5  Unknown               Unknown  Unknown
vasp_std           0000000001E67467  Unknown               Unknown  Unknown
vasp_std           0000000001E40413  Unknown               Unknown  Unknown
vasp_std           000000000040963D  Unknown               Unknown  Unknown
libc.so.6          00007FAB54A29590  Unknown               Unknown  Unknown
libc.so.6          00007FAB54A29640  __libc_start_main     Unknown  Unknown
vasp_std           0000000000409555  Unknown               Unknown  Unknown
 6 0x000000000040963d main()  ???:0
 7 0x0000000000029590 __libc_start_call_main()  ???:0
 8 0x0000000000029640 __libc_start_main_alias_2()  :0
 9 0x0000000000409555 _start()  ???:0
=================================
forrtl: severe (174): SIGSEGV, segmentation fault occurred
Image              PC                Routine            Line        Source             
libc.so.6          00007FA31603E6F0  Unknown               Unknown  Unknown
vasp_std           00000000009E0300  Unknown               Unknown  Unknown
vasp_std           000000000119090E  Unknown               Unknown  Unknown
vasp_std           00000000012534D5  Unknown               Unknown  Unknown
vasp_std           0000000001E67467  Unknown               Unknown  Unknown
vasp_std           0000000001E40413  Unknown               Unknown  Unknown
vasp_std           000000000040963D  Unknown               Unknown  Unknown
libc.so.6          00007FA316029590  Unknown               Unknown  Unknown
libc.so.6          00007FA316029640  __libc_start_main     Unknown  Unknown
vasp_std           0000000000409555  Unknown               Unknown  Unknown
forrtl: severe (174): SIGSEGV, segmentation fault occurred
Image              PC                Routine            Line        Source             
libc.so.6          00007FBF6D23E6F0  Unknown               Unknown  Unknown
vasp_std           00000000009E0300  Unknown               Unknown  Unknown
vasp_std           000000000119090E  Unknown               Unknown  Unknown
vasp_std           00000000012534D5  Unknown               Unknown  Unknown
vasp_std           0000000001E67467  Unknown               Unknown  Unknown
vasp_std           0000000001E40413  Unknown               Unknown  Unknown
vasp_std           000000000040963D  Unknown               Unknown  Unknown
libc.so.6          00007FBF6D229590  Unknown               Unknown  Unknown
libc.so.6          00007FBF6D229640  __libc_start_main     Unknown  Unknown
vasp_std           0000000000409555  Unknown               Unknown  Unknown
forrtl: severe (174): SIGSEGV, segmentation fault occurred
Image              PC                Routine            Line        Source             
libc.so.6          00007F6BEF83E6F0  Unknown               Unknown  Unknown
vasp_std           00000000009E0300  Unknown               Unknown  Unknown
vasp_std           000000000119090E  Unknown               Unknown  Unknown
vasp_std           00000000012534D5  Unknown               Unknown  Unknown
vasp_std           0000000001E67467  Unknown               Unknown  Unknown
vasp_std           0000000001E40413  Unknown               Unknown  Unknown
vasp_std           000000000040963D  Unknown               Unknown  Unknown
libc.so.6          00007F6BEF829590  Unknown               Unknown  Unknown
libc.so.6          00007F6BEF829640  __libc_start_main     Unknown  Unknown
vasp_std           0000000000409555  Unknown               Unknown  Unknown
forrtl: severe (174): SIGSEGV, segmentation fault occurred
Image              PC                Routine            Line        Source             
libc.so.6          00007F596443E6F0  Unknown               Unknown  Unknown
vasp_std           00000000009E0300  Unknown               Unknown  Unknown
vasp_std           000000000119090E  Unknown               Unknown  Unknown
vasp_std           00000000012534D5  Unknown               Unknown  Unknown
vasp_std           0000000001E67467  Unknown               Unknown  Unknown
vasp_std           0000000001E40413  Unknown               Unknown  Unknown
vasp_std           000000000040963D  Unknown               Unknown  Unknown
libc.so.6          00007F5964429590  Unknown               Unknown  Unknown
libc.so.6          00007F5964429640  __libc_start_main     Unknown  Unknown
vasp_std           0000000000409555  Unknown               Unknown  Unknown
forrtl: severe (174): SIGSEGV, segmentation fault occurred
Image              PC                Routine            Line        Source             
libc.so.6          00007F42D163E6F0  Unknown               Unknown  Unknown
vasp_std           00000000009E0300  Unknown               Unknown  Unknown
vasp_std           000000000119090E  Unknown               Unknown  Unknown
vasp_std           00000000012534D5  Unknown               Unknown  Unknown
vasp_std           0000000001E67467  Unknown               Unknown  Unknown
vasp_std           0000000001E40413  Unknown               Unknown  Unknown
vasp_std           000000000040963D  Unknown               Unknown  Unknown
libc.so.6          00007F42D1629590  Unknown               Unknown  Unknown
libc.so.6          00007F42D1629640  __libc_start_main     Unknown  Unknown
vasp_std           0000000000409555  Unknown               Unknown  Unknown
forrtl: severe (174): SIGSEGV, segmentation fault occurred
Image              PC                Routine            Line        Source             
libc.so.6          00007F4B5243E6F0  Unknown               Unknown  Unknown
vasp_std           00000000009E0300  Unknown               Unknown  Unknown
vasp_std           000000000119090E  Unknown               Unknown  Unknown
vasp_std           00000000012534D5  Unknown               Unknown  Unknown
vasp_std           0000000001E67467  Unknown               Unknown  Unknown
vasp_std           0000000001E40413  Unknown               Unknown  Unknown
vasp_std           000000000040963D  Unknown               Unknown  Unknown
libc.so.6          00007F4B52429590  Unknown               Unknown  Unknown
libc.so.6          00007F4B52429640  __libc_start_main     Unknown  Unknown
vasp_std           0000000000409555  Unknown               Unknown  Unknown
forrtl: severe (174): SIGSEGV, segmentation fault occurred
Image              PC                Routine            Line        Source             
libc.so.6          00007F59CA83E6F0  Unknown               Unknown  Unknown
vasp_std           00000000009E0300  Unknown               Unknown  Unknown
vasp_std           000000000119090E  Unknown               Unknown  Unknown
vasp_std           00000000012534D5  Unknown               Unknown  Unknown
vasp_std           0000000001E67467  Unknown               Unknown  Unknown
vasp_std           0000000001E40413  Unknown               Unknown  Unknown
vasp_std           000000000040963D  Unknown               Unknown  Unknown
libc.so.6          00007F59CA829590  Unknown               Unknown  Unknown
libc.so.6          00007F59CA829640  __libc_start_main     Unknown  Unknown
vasp_std           0000000000409555  Unknown               Unknown  Unknown
forrtl: severe (174): SIGSEGV, segmentation fault occurred
Image              PC                Routine            Line        Source             
libc.so.6          00007FCFAC43E6F0  Unknown               Unknown  Unknown
vasp_std           00000000009E0300  Unknown               Unknown  Unknown
vasp_std           000000000119090E  Unknown               Unknown  Unknown
vasp_std           00000000012534D5  Unknown               Unknown  Unknown
vasp_std           0000000001E67467  Unknown               Unknown  Unknown
vasp_std           0000000001E40413  Unknown               Unknown  Unknown
vasp_std           000000000040963D  Unknown               Unknown  Unknown
libc.so.6          00007FCFAC429590  Unknown               Unknown  Unknown
libc.so.6          00007FCFAC429640  __libc_start_main     Unknown  Unknown
vasp_std           0000000000409555  Unknown               Unknown  Unknown
forrtl: severe (174): SIGSEGV, segmentation fault occurred
Image              PC                Routine            Line        Source             
libc.so.6          00007F3BC9C3E6F0  Unknown               Unknown  Unknown
vasp_std           00000000009E0300  Unknown               Unknown  Unknown
vasp_std           000000000119090E  Unknown               Unknown  Unknown
vasp_std           00000000012534D5  Unknown               Unknown  Unknown
vasp_std           0000000001E67467  Unknown               Unknown  Unknown
vasp_std           0000000001E40413  Unknown               Unknown  Unknown
vasp_std           000000000040963D  Unknown               Unknown  Unknown
libc.so.6          00007F3BC9C29590  Unknown               Unknown  Unknown
libc.so.6          00007F3BC9C29640  __libc_start_main     Unknown  Unknown
vasp_std           0000000000409555  Unknown               Unknown  Unknown
forrtl: severe (174): SIGSEGV, segmentation fault occurred
Image              PC                Routine            Line        Source             
libc.so.6          00007F04A863E6F0  Unknown               Unknown  Unknown
vasp_std           00000000009E0300  Unknown               Unknown  Unknown
vasp_std           000000000119090E  Unknown               Unknown  Unknown
vasp_std           00000000012534D5  Unknown               Unknown  Unknown
vasp_std           0000000001E67467  Unknown               Unknown  Unknown
vasp_std           0000000001E40413  Unknown               Unknown  Unknown
vasp_std           000000000040963D  Unknown               Unknown  Unknown
libc.so.6          00007F04A8629590  Unknown               Unknown  Unknown
libc.so.6          00007F04A8629640  __libc_start_main     Unknown  Unknown
vasp_std           0000000000409555  Unknown               Unknown  Unknown
