##################################################
##################################################

                    █████████████████████████████
  ██   ███   █████      ███  ███  ██     ███    █
 █  █  █  █    █     ██████ █ █ █ ████ ████  ████
 ████  ████    █       ████ ██ ██ ████ █████   ██
 █  █  █ █     █     ██████ █████ ████ ███████  █
 █  █  █  █    █        ███ █████ ██     ██    ██
                    █████████████████████████████

##################################################
##################################################
           Ab Initio Restructuring Tool           
    Enabling Modelling of Interface Structures    

 Welcome to ARTEMIS version 2.0.0
 (build May 31 2025 22:38:31)

 Authors:
 N. T. Taylor, F. H. Davies, I. E. M. Rudkin, S. P. Hepplestone

 Contributors:
 C. J. Price, T. H. Chan, J. Pitfield, E. A. D. Baker, S. G. Davies

 Artistic advisors:
 E. L. Martin

 LICENSE:
 This work is licensed under a General Public License 3.0 (GPLv3)
 https://www.gnu.org/licenses/gpl-3.0.en.html

##################################################
 executed on 2025.06.01 at 5:20:28
Using file 'no_shift.param.in'
 Output files will be VASP formatted
 clock seed: 40768421
Using file 'lower.vasp'
Using file 'upper.vasp'
##################################################
 task 1 set
 Performing Interface Generation

 Miller planes considered for lower material: 40
   1)      0   0   1
   2)      0   1   1
   3)      0   1   2
   4)      1   1   1
   5)      0   1   3
   6)      1   1   2
   7)      0   2   3
   8)      0   1   4
   9)      1   1   3
  10)      1   2   2
  11)      0   1   5
  12)      1   1   4
  13)      1   2   3
  14)      0   3   4
  15)      0   2   5
  16)      1   1   5
  17)      1   2   4
  18)      1   3   3
  19)      2   2   3
  20)      1   2   5
  21)      1   3   4
  22)      0   3   5
  23)      2   3   3
  24)      1   4   4
  25)      0   4   5
  26)      2   2   5
  27)      1   3   5
  28)      2   3   4
  29)      1   4   5
  30)      2   3   5
  31)      3   3   4
  32)      2   4   5
  33)      1   5   5
  34)      3   3   5
  35)      3   4   4
  36)      2   5   5
  37)      3   4   5
  38)      3   5   5
  39)      4   4   5
  40)      4   5   5

 Miller planes considered for upper material: 40
   1)      0   0   1
   2)      0   1   1
   3)      0   1   2
   4)      1   1   1
   5)      0   1   3
   6)      1   1   2
   7)      0   2   3
   8)      0   1   4
   9)      1   1   3
  10)      1   2   2
  11)      0   1   5
  12)      1   1   4
  13)      1   2   3
  14)      0   3   4
  15)      0   2   5
  16)      1   1   5
  17)      1   2   4
  18)      1   3   3
  19)      2   2   3
  20)      1   2   5
  21)      1   3   4
  22)      0   3   5
  23)      2   3   3
  24)      1   4   4
  25)      0   4   5
  26)      2   2   5
  27)      1   3   5
  28)      2   3   4
  29)      1   4   5
  30)      2   3   5
  31)      3   3   4
  32)      2   4   5
  33)      1   5   5
  34)      3   3   5
  35)      3   4   4
  36)      2   5   5
  37)      3   4   5
  38)      3   5   5
  39)      4   4   5
  40)      4   5   5

 Performing lattice match reduction
 Total number of matches saved:          16

Fit number: 1  Area increase: 13
   Transmat 1:    Transmat 2:

    a   b   c      a   b   c

    2   3   0      0   3   0 
   -3   2   0     -3   0   0 
    0   0   1      0   0   1 
 vector mismatch (%) = .582945824
 angle mismatch (°)  = .000000000
 area mismatch (%)   = 1.162487268
 reduced: F


Fit number: 2  Area increase: 5
   Transmat 1:    Transmat 2:

    a   b   c      a   b   c

    1   1  -1      0   1  -1 
   -2   2   0     -2   1   1 
    1   1   2      1   1   1 
 vector mismatch (%) = 3.476550341
 angle mismatch (°)  = .000000000
 area mismatch (%)   = .950312614
 reduced: F


Fit number: 3  Area increase: 5
   Transmat 1:    Transmat 2:

    a   b   c      a   b   c

    1   1  -1      1  -1   0 
   -2   2   0     -1  -1   2 
    1   1   2      1   1   1 
 vector mismatch (%) = 3.476550341
 angle mismatch (°)  = .000000000
 area mismatch (%)   = .950312614
 reduced: F


Fit number: 4  Area increase: 5
   Transmat 1:    Transmat 2:

    a   b   c      a   b   c

    1   1  -1     -1   1   0 
   -2   2   0     -1  -1   2 
    1   1   2      1   1   1 
 vector mismatch (%) = 3.476550341
 angle mismatch (°)  = .000000000
 area mismatch (%)   = .950312614
 reduced: F


Fit number: 5  Area increase: 6
   Transmat 1:    Transmat 2:

    a   b   c      a   b   c

    2   0   0      1  -1   1 
    0   3   0      2   1  -1 
    0   0   1      0   1   1 
 vector mismatch (%) = 3.476556301
 angle mismatch (°)  = .000000000
 area mismatch (%)   = .950324535
 reduced: F


Fit number: 6  Area increase: 6
   Transmat 1:    Transmat 2:

    a   b   c      a   b   c

    2   0   0      1  -1   1 
    0   3   0     -2  -1   1 
    0   0   1      0   1   1 
 vector mismatch (%) = 3.476556301
 angle mismatch (°)  = .000000000
 area mismatch (%)   = .950324535
 reduced: F


Fit number: 7  Area increase: 8
   Transmat 1:    Transmat 2:

    a   b   c      a   b   c

    2  -1   1      0   2   0 
    2   2  -2     -3   0   0 
    0   1   1      0   0   1 
 vector mismatch (%) = 3.476561546
 angle mismatch (°)  = .000000000
 area mismatch (%)   = .950324535
 reduced: F


Fit number: 8  Area increase: 4
   Transmat 1:    Transmat 2:

    a   b   c      a   b   c

   -1   1  -1      0  -1   1 
   -2  -1   1      2   0   0 
    0   1   1      0   1   1 
 vector mismatch (%) = 2.441367626
 angle mismatch (°)  = .000000000
 area mismatch (%)   = 4.823124409
 reduced: F


Fit number: 9  Area increase: 7
   Transmat 1:    Transmat 2:

    a   b   c      a   b   c

   -1  -2   1      2   0   0 
    3   0   0     -1   2  -1 
    0   1   2      0   1   2 
 vector mismatch (%) = 2.441372156
 angle mismatch (°)  = .000000000
 area mismatch (%)   = 4.823124409
 reduced: F


Fit number: 10  Area increase: 7
   Transmat 1:    Transmat 2:

    a   b   c      a   b   c

    1   2  -1      2   0   0 
   -2   2  -1      1   2  -1 
    0   1   2      0   1   2 
 vector mismatch (%) = 2.441372156
 angle mismatch (°)  = .000000000
 area mismatch (%)   = 4.823124409
 reduced: F


Fit number: 11  Area increase: 8
   Transmat 1:    Transmat 2:

    a   b   c      a   b   c

    3   0   0      2  -1   1 
    1   2  -2      2   1  -1 
    0   1   1      0   1   1 
 vector mismatch (%) = 2.441372156
 angle mismatch (°)  = .000000000
 area mismatch (%)   = 4.823124409
 reduced: F


Fit number: 12  Area increase: 4
   Transmat 1:    Transmat 2:

    a   b   c      a   b   c

   -1  -1   1      0  -1   1 
    3   0   0      2   1  -1 
    0   1   1      0   1   1 
 vector mismatch (%) = 2.441372156
 angle mismatch (°)  = .000000000
 area mismatch (%)   = 4.823124409
 reduced: F


Fit number: 13  Area increase: 4
   Transmat 1:    Transmat 2:

    a   b   c      a   b   c

   -2  -1   1      2   0   0 
    3   0   0     -2  -1   1 
    0   1   1      0   1   1 
 vector mismatch (%) = 2.441372156
 angle mismatch (°)  = .000000000
 area mismatch (%)   = 4.823124409
 reduced: F


Fit number: 14  Area increase: 7
   Transmat 1:    Transmat 2:

    a   b   c      a   b   c

    1  -2   1      2   0   0 
    2   2  -1     -1   2  -1 
    0   1   2      0   1   2 
 vector mismatch (%) = 2.441372156
 angle mismatch (°)  = .000000000
 area mismatch (%)   = 4.823124409
 reduced: F


Fit number: 15  Area increase: 7
   Transmat 1:    Transmat 2:

    a   b   c      a   b   c

   -1   2  -1      2   0   0 
   -3   0   0      1   2  -1 
    0   1   2      0   1   2 
 vector mismatch (%) = 2.441372156
 angle mismatch (°)  = .000000000
 area mismatch (%)   = 4.823124409
 reduced: F


Fit number: 16  Area increase: 7
   Transmat 1:    Transmat 2:

    a   b   c      a   b   c

    3   0   0      1   2  -1 
   -2   2  -1      1  -2   1 
    0   1   2      0   1   2 
 vector mismatch (%) = 2.441372156
 angle mismatch (°)  = .000000000
 area mismatch (%)   = 4.823124409
 reduced: F

 Term.   Min layer loc   Max layer loc   no. atoms
   1        0.00000         0.00000         26
 Term.   Min layer loc   Max layer loc   no. atoms
   1        0.00000         0.00000         18
+------------------------------------------------+
|                 W A R N I N G                  |
|                                                |
|  Smallest bond in the interface structure is   |
|               less than 1.5 Å.               |
+------------------------------------------------+
  bond length:  0.615037
  atom 1:   1   112
  atom 2:   2    87
 Term.   Min layer loc   Max layer loc   no. atoms
   1        0.00000         0.00000          8
 Term.   Min layer loc   Max layer loc   no. atoms
   1        0.00000         0.00000          8
+------------------------------------------------+
|                 W A R N I N G                  |
|                                                |
|  Smallest bond in the interface structure is   |
|               less than 1.5 Å.               |
+------------------------------------------------+
  bond length:  0.870799
  atom 1:   1    42
  atom 2:   2    13
 Term.   Min layer loc   Max layer loc   no. atoms
   1        0.00000         0.00000          8
 Term.   Min layer loc   Max layer loc   no. atoms
   1        0.00000         0.00000          8
+------------------------------------------------+
|                 W A R N I N G                  |
|                                                |
|  Smallest bond in the interface structure is   |
|               less than 1.5 Å.               |
+------------------------------------------------+
  bond length:  0.919994
  atom 1:   1    42
  atom 2:   2    37
 Term.   Min layer loc   Max layer loc   no. atoms
   1        0.00000         0.00000          8
 Term.   Min layer loc   Max layer loc   no. atoms
   1        0.00000         0.00000          8
+------------------------------------------------+
|                 W A R N I N G                  |
|                                                |
|  Smallest bond in the interface structure is   |
|               less than 1.5 Å.               |
+------------------------------------------------+
  bond length:  0.919994
  atom 1:   1    42
  atom 2:   2    37
 Term.   Min layer loc   Max layer loc   no. atoms
   1        0.00000         0.00000         12
 Term.   Min layer loc   Max layer loc   no. atoms
   1        0.00000         0.00000         12
+------------------------------------------------+
|                 W A R N I N G                  |
|                                                |
|  Smallest bond in the interface structure is   |
|               less than 1.5 Å.               |
+------------------------------------------------+
  bond length:  0.968146
  atom 1:   1     7
  atom 2:   2     6
 Term.   Min layer loc   Max layer loc   no. atoms
   1        0.00000         0.00000         12
 Term.   Min layer loc   Max layer loc   no. atoms
   1        0.00000         0.00000         12
+------------------------------------------------+
|                 W A R N I N G                  |
|                                                |
|  Smallest bond in the interface structure is   |
|               less than 1.5 Å.               |
+------------------------------------------------+
  bond length:  1.161453
  atom 1:   1    13
  atom 2:   2     6
 Term.   Min layer loc   Max layer loc   no. atoms
   1        0.00000         0.00000         24
 Term.   Min layer loc   Max layer loc   no. atoms
   1        0.00000         0.00000         12
+------------------------------------------------+
|                 W A R N I N G                  |
|                                                |
|  Smallest bond in the interface structure is   |
|               less than 1.5 Å.               |
+------------------------------------------------+
  bond length:  0.186721
  atom 1:   1     6
  atom 2:   2    49
 Term.   Min layer loc   Max layer loc   no. atoms
   1        0.00000         0.00000         12
 Term.   Min layer loc   Max layer loc   no. atoms
   1        0.00000         0.00000          8
+------------------------------------------------+
|                 W A R N I N G                  |
|                                                |
|  Smallest bond in the interface structure is   |
|               less than 1.5 Å.               |
+------------------------------------------------+
  bond length:  0.797301
  atom 1:   1     6
  atom 2:   2    25
 Term.   Min layer loc   Max layer loc   no. atoms
   1        0.00000         0.00000          6
 Term.   Min layer loc   Max layer loc   no. atoms
   1        0.00000         0.00000          4
+------------------------------------------------+
|                 W A R N I N G                  |
|                                                |
|  Smallest bond in the interface structure is   |
|               less than 1.5 Å.               |
+------------------------------------------------+
  bond length:  1.246397
  atom 1:   1     9
  atom 2:   2    16
 Term.   Min layer loc   Max layer loc   no. atoms
   1        0.00000         0.00000          6
 Term.   Min layer loc   Max layer loc   no. atoms
   1        0.00000         0.00000          4
+------------------------------------------------+
|                 W A R N I N G                  |
|                                                |
|  Smallest bond in the interface structure is   |
|               less than 1.5 Å.               |
 WARNING: No mirror identified in interface
 As such, cannot generate equivalent swaps on both interfaces
 Skipping...
 WARNING: No mirror identified in interface
 As such, cannot generate equivalent swaps on both interfaces
 Skipping...
 WARNING: No mirror identified in interface
 As such, cannot generate equivalent swaps on both interfaces
 Skipping...
 WARNING: No mirror identified in interface
 As such, cannot generate equivalent swaps on both interfaces
 Skipping...
 WARNING: No mirror identified in interface
 As such, cannot generate equivalent swaps on both interfaces
 Skipping...
 WARNING: No mirror identified in interface
 As such, cannot generate equivalent swaps on both interfaces
 Skipping...
 WARNING: No mirror identified in interface
 As such, cannot generate equivalent swaps on both interfaces
 Skipping...
 WARNING: No mirror identified in interface
 As such, cannot generate equivalent swaps on both interfaces
 Skipping...
 WARNING: No mirror identified in interface
 As such, cannot generate equivalent swaps on both interfaces
 Skipping...
 WARNING: No mirror identified in interface
 As such, cannot generate equivalent swaps on both interfaces
 Skipping...
 WARNING: No mirror identified in interface
 As such, cannot generate equivalent swaps on both interfaces
 Skipping...
 WARNING: No mirror identified in interface
 As such, cannot generate equivalent swaps on both interfaces
 Skipping...
 WARNING: No mirror identified in interface
 As such, cannot generate equivalent swaps on both interfaces
 Skipping...
 WARNING: No mirror identified in interface
 As such, cannot generate equivalent swaps on both interfaces
 Skipping...
 WARNING: No mirror identified in interface
 As such, cannot generate equivalent swaps on both interfaces
 Skipping...
+------------------------------------------------+
  bond length:  0.715074
  atom 1:   1    27
  atom 2:   2    16
 Term.   Min layer loc   Max layer loc   no. atoms
   1        0.00000         0.00000         24
 Term.   Min layer loc   Max layer loc   no. atoms
   1        0.00000         0.00000         16
+------------------------------------------------+
|                 W A R N I N G                  |
|                                                |
|  Smallest bond in the interface structure is   |
|               less than 1.5 Å.               |
+------------------------------------------------+
  bond length:  0.430092
  atom 1:   1    97
  atom 2:   2    66
 Term.   Min layer loc   Max layer loc   no. atoms
   1        0.00000         0.00000         12
 Term.   Min layer loc   Max layer loc   no. atoms
   1        0.00000         0.00000          8
+------------------------------------------------+
|                 W A R N I N G                  |
|                                                |
|  Smallest bond in the interface structure is   |
|               less than 1.5 Å.               |
+------------------------------------------------+
  bond length:  0.847673
  atom 1:   1    66
  atom 2:   2     1
 Term.   Min layer loc   Max layer loc   no. atoms
   1        0.00000         0.00000         12
 Term.   Min layer loc   Max layer loc   no. atoms
   1        0.00000         0.00000          8
+------------------------------------------------+
|                 W A R N I N G                  |
|                                                |
|  Smallest bond in the interface structure is   |
|               less than 1.5 Å.               |
+------------------------------------------------+
  bond length:  0.847675
  atom 1:   1    31
  atom 2:   2    12
 Term.   Min layer loc   Max layer loc   no. atoms
   1        0.00000         0.00000          6
 Term.   Min layer loc   Max layer loc   no. atoms
   1        0.00000         0.00000          4
+------------------------------------------------+
|                 W A R N I N G                  |
|                                                |
|  Smallest bond in the interface structure is   |
|               less than 1.5 Å.               |
+------------------------------------------------+
  bond length:  0.739131
  atom 1:   1    24
  atom 2:   2    16
 Term.   Min layer loc   Max layer loc   no. atoms
   1        0.00000         0.00000          6
 Term.   Min layer loc   Max layer loc   no. atoms
   1        0.00000         0.00000          4
+------------------------------------------------+
|                 W A R N I N G                  |
|                                                |
|  Smallest bond in the interface structure is   |
|               less than 1.5 Å.               |
+------------------------------------------------+
  bond length:  0.779233
  atom 1:   1    22
  atom 2:   2    12
 Term.   Min layer loc   Max layer loc   no. atoms
   1        0.00000         0.00000          6
 Term.   Min layer loc   Max layer loc   no. atoms
   1        0.00000         0.00000          4
+------------------------------------------------+
|                 W A R N I N G                  |
|                                                |
|  Smallest bond in the interface structure is   |
|               less than 1.5 Å.               |
+------------------------------------------------+
  bond length:  0.779232
  atom 1:   1     4
  atom 2:   2     9
