Job started on: Thu Jun 12 10:58:13 PM UTC 2025\n
cuequivariance or cuequivariance_torch is not available. Cuequivariance acceleration will be disabled.
Using Materials Project MACE for MACECalculator with /home/alexander/.cache/mace/MACE_MPtrj_20229model
Using float64 for MACECalculator, which is slower but more accurate. Recommended for geometry optimization.
Using head Default out of ['Default']
Using TorchDFTD3Calculator for D3 dispersion corrections
      Step     Time          Energy          fmax
FIRE:    0 23:58:17     -837.639116        4.030796
FIRE:    1 23:58:18     -843.050154        3.506415
FIRE:    2 23:58:21     -847.861390        3.097638
FIRE:    3 23:58:23     -852.105322        2.727885
FIRE:    4 23:58:25     -855.821770        2.450215
FIRE:    5 23:58:26     -859.040074        2.279855
FIRE:    6 23:58:26     -861.783556        2.113209
FIRE:    7 23:58:27     -864.082086        1.962214
FIRE:    8 23:58:27     -865.986792        1.842686
FIRE:    9 23:58:28     -867.571964        1.758074
FIRE:   10 23:58:28     -868.918517        1.675266
FIRE:   11 23:58:29     -870.081753        1.526648
FIRE:   12 23:58:29     -871.077719        1.257611
FIRE:   13 23:58:30     -871.909300        1.120453
FIRE:   14 23:58:30     -872.606624        1.255315
FIRE:   15 23:58:31     -873.236658        1.490511
FIRE:   16 23:58:31     -873.857098        1.418825
FIRE:   17 23:58:32     -874.460017        1.180152
FIRE:   18 23:58:32     -874.998583        1.045500
FIRE:   19 23:58:33     -875.468840        1.109436
FIRE:   20 23:58:33     -875.939217        1.096255
FIRE:   21 23:58:33     -876.503356        1.109101
FIRE:   22 23:58:34     -877.200179        1.168543
FIRE:   23 23:58:34     -878.015909        1.162935
FIRE:   24 23:58:35     -878.912118        1.418269
FIRE:   25 23:58:35     -879.839737        1.626172
FIRE:   26 23:58:36     -880.807678        1.899912
FIRE:   27 23:58:36     -881.890149        2.191483
FIRE:   28 23:58:37     -883.127369        2.417599
FIRE:   29 23:58:37     -884.561428        2.734963
FIRE:   30 23:58:38     -886.133613        2.768524
FIRE:   31 23:58:38     -887.657203        2.566932
FIRE:   32 23:58:39     -888.908160        2.102898
FIRE:   33 23:58:39     -889.685510        2.581254
FIRE:   34 23:58:40     -890.189207        3.845917
FIRE:   35 23:58:40     -890.938581        3.874105
FIRE:   36 23:58:41     -891.898302        2.085359
FIRE:   37 23:58:41     -892.568466        1.921807
FIRE:   38 23:58:42     -892.947867        2.297581
FIRE:   39 23:58:42     -893.366731        3.188778
FIRE:   40 23:58:42     -894.012081        3.054906
FIRE:   41 23:58:43     -894.788150        2.078691
FIRE:   42 23:58:43     -895.508540        2.129330
FIRE:   43 23:58:44     -896.119191        1.825294
FIRE:   44 23:58:44     -896.735868        2.544396
FIRE:   45 23:58:45     -897.447630        2.324632
FIRE:   46 23:58:45     -898.189142        1.744664
FIRE:   47 23:58:46     -898.888712        1.717333
FIRE:   48 23:58:46     -899.540577        1.554393
FIRE:   49 23:58:47     -900.149010        1.607660
FIRE:   50 23:58:47     -900.717464        1.357469
FIRE:   51 23:58:48     -901.240156        1.425049
FIRE:   52 23:58:48     -901.688831        1.533959
FIRE:   53 23:58:49     -902.033461        1.623631
FIRE:   54 23:58:49     -902.273974        1.603728
FIRE:   55 23:58:50     -902.449550        1.443886
FIRE:   56 23:58:50     -902.623952        1.333342
FIRE:   57 23:58:51     -902.863161        1.697196
FIRE:   58 23:58:51     -903.222977        2.109790
FIRE:   59 23:58:52     -903.751999        2.505139
FIRE:   60 23:58:52     -904.481609        2.786264
FIRE:   61 23:58:52     -905.399098        2.951609
FIRE:   62 23:58:53     -906.437681        2.901693
FIRE:   63 23:58:53     -907.485251        2.490636
FIRE:   64 23:58:54     -908.426018        1.752103
FIRE:   65 23:58:54     -909.199543        1.346432
FIRE:   66 23:58:55     -909.803005        2.139023
FIRE:   67 23:58:55     -910.305000        3.421414
FIRE:   68 23:58:56     -910.851562        4.335221
FIRE:   69 23:58:56     -911.565900        4.320858
FIRE:   70 23:58:57     -912.415148        3.420445
FIRE:   71 23:58:57     -913.280460        2.297283
FIRE:   72 23:58:58     -914.070562        2.026131
FIRE:   73 23:58:58     -914.743848        2.522404
FIRE:   74 23:58:59     -915.265613        2.604496
FIRE:   75 23:58:59     -915.597982        3.113992
FIRE:   76 23:59:00     -915.838493        4.768618
FIRE:   77 23:59:00     -916.191953        5.343081
FIRE:   78 23:59:01     -916.702900        4.261336
FIRE:   79 23:59:01     -917.155990        2.322277
FIRE:   80 23:59:01     -917.432494        2.360353
FIRE:   81 23:59:02     -917.600027        3.340414
FIRE:   82 23:59:02     -918.814668        1.583513
FIRE:   83 23:59:03     -919.320679        2.837131
FIRE:   84 23:59:03     -920.064747        1.297982
FIRE:   85 23:59:04     -920.409693        1.451775
FIRE:   86 23:59:04     -920.506521        2.203824
FIRE:   87 23:59:05     -920.911450        0.708711
FIRE:   88 23:59:05     -920.943908        0.700981
FIRE:   89 23:59:06     -920.991845        0.685367
FIRE:   90 23:59:06     -921.043612        0.661697
FIRE:   91 23:59:07     -921.106926        0.630713
FIRE:   92 23:59:07     -921.192395        0.593864
FIRE:   93 23:59:08     -921.294092        0.552442
FIRE:   94 23:59:08     -921.398036        0.507448
FIRE:   95 23:59:09     -921.515904        0.455431
FIRE:   96 23:59:09     -921.661401        0.397982
FIRE:   97 23:59:10     -921.827999        0.365044
FIRE:   98 23:59:10     -922.007915        0.412408
FIRE:   99 23:59:11     -922.213706        0.255291
FIRE:  100 23:59:11     -922.427028        0.301351
FIRE:  101 23:59:11     -922.645645        0.263837
FIRE:  102 23:59:12     -922.840176        0.295228
FIRE:  103 23:59:12     -923.031098        0.417805
FIRE:  104 23:59:13     -923.244061        0.632668
FIRE:  105 23:59:13     -923.520485        0.844447
FIRE:  106 23:59:14     -923.903029        1.089692
FIRE:  107 23:59:14     -924.384729        1.365092
FIRE:  108 23:59:15     -924.945976        1.698514
FIRE:  109 23:59:15     -925.600765        2.254173
FIRE:  110 23:59:16     -926.430171        2.896208
FIRE:  111 23:59:16     -927.403578        3.007194
FIRE:  112 23:59:17     -928.323716        2.233441
FIRE:  113 23:59:17     -928.949884        1.024524
FIRE:  114 23:59:18     -929.008109        2.967482
FIRE:  115 23:59:18     -929.325618        1.951619
FIRE:  116 23:59:19     -929.497728        1.025062
FIRE:  117 23:59:19     -929.558158        1.104984
FIRE:  118 23:59:20     -929.579418        0.931649
FIRE:  119 23:59:20     -929.611391        0.637436
FIRE:  120 23:59:21     -929.640915        0.399496
FIRE:  121 23:59:21     -929.663089        0.498591
FIRE:  122 23:59:22     -929.685108        0.687012
FIRE:  123 23:59:22     -929.716336        0.724292
FIRE:  124 23:59:22     -929.757636        0.584095
FIRE:  125 23:59:23     -929.805571        0.327778
FIRE:  126 23:59:23     -929.849465        0.375890
FIRE:  127 23:59:24     -929.892305        0.581101
FIRE:  128 23:59:24     -929.947464        0.514504
FIRE:  129 23:59:25     -930.009834        0.309290
FIRE:  130 23:59:25     -930.068689        0.453980
FIRE:  131 23:59:26     -930.141270        0.378356
FIRE:  132 23:59:26     -930.223605        0.415302
FIRE:  133 23:59:27     -930.319997        0.464762
FIRE:  134 23:59:27     -930.438241        0.522498
FIRE:  135 23:59:28     -930.580383        0.552830
FIRE:  136 23:59:28     -930.741648        0.516512
FIRE:  137 23:59:29     -930.894283        0.400650
FIRE:  138 23:59:29     -931.022214        0.409795
FIRE:  139 23:59:30     -931.132105        0.357690
FIRE:  140 23:59:30     -931.207782        0.315005
FIRE:  141 23:59:31     -931.252360        0.515569
FIRE:  142 23:59:31     -931.285462        0.451723
FIRE:  143 23:59:32     -931.322149        0.360771
FIRE:  144 23:59:32     -931.371011        0.201280
FIRE:  145 23:59:32     -931.403229        0.256644
FIRE:  146 23:59:33     -931.426265        0.215329
FIRE:  147 23:59:33     -931.444033        0.246572
FIRE:  148 23:59:34     -931.457603        0.310329
FIRE:  149 23:59:34     -931.479463        0.325494
FIRE:  150 23:59:35     -931.508305        0.276871
FIRE:  151 23:59:35     -931.540167        0.251603
FIRE:  152 23:59:36     -931.557785        0.509288
FIRE:  153 23:59:36     -931.577261        0.085583
FIRE:  154 23:59:37     -931.569762        0.426435
FIRE:  155 23:59:37     -931.574725        0.333670
FIRE:  156 23:59:38     -931.580772        0.171449
FIRE:  157 23:59:38     -931.583499        0.073028
FIRE:  158 23:59:39     -931.582515        0.214309
FIRE:  159 23:59:39     -931.582883        0.202827
FIRE:  160 23:59:40     -931.583554        0.180739
FIRE:  161 23:59:40     -931.584412        0.149914
FIRE:  162 23:59:40     -931.585320        0.113651
FIRE:  163 23:59:41     -931.586153        0.078471
FIRE:  164 23:59:41     -931.586827        0.065508
FIRE:  165 23:59:42     -931.587346        0.070256
FIRE:  166 23:59:42     -931.587840        0.095789
FIRE:  167 23:59:43     -931.588450        0.117819
FIRE:  168 23:59:43     -931.589364        0.126898
FIRE:  169 23:59:44     -931.590713        0.117987
FIRE:  170 23:59:44     -931.592483        0.090818
FIRE:  171 23:59:45     -931.594459        0.062234
FIRE:  172 23:59:45     -931.596409        0.068454
FIRE:  173 23:59:46     -931.598525        0.093944
FIRE:  174 23:59:46     -931.601289        0.089405
FIRE:  175 23:59:47     -931.604726        0.058775
FIRE:  176 23:59:47     -931.608305        0.075624
FIRE:  177 23:59:48     -931.612342        0.093692
FIRE:  178 23:59:48     -931.617410        0.055793
FIRE:  179 23:59:49     -931.622818        0.071026
FIRE:  180 23:59:49     -931.629272        0.058082
FIRE:  181 23:59:50     -931.636450        0.081402
FIRE:  182 23:59:50     -931.644842        0.055502
FIRE:  183 23:59:50     -931.653969        0.078390
FIRE:  184 23:59:51     -931.664413        0.088771
FIRE:  185 23:59:51     -931.675879        0.078510
FIRE:  186 23:59:52     -931.687264        0.157013
FIRE:  187 23:59:52     -931.693097        0.357625
FIRE:  188 23:59:53     -931.702374        0.049340
FIRE:  189 23:59:53     -931.696076        0.332082
FIRE:  190 23:59:54     -931.699183        0.250343
FIRE:  191 23:59:54     -931.702629        0.109094
FIRE:  192 23:59:55     -931.703456        0.056020
FIRE:  193 23:59:55     -931.703498        0.052865
FIRE:  194 23:59:56     -931.703577        0.048144
FIRE:  195 23:59:56     -931.703683        0.048105
FIRE:  196 23:59:57     -931.703802        0.048052
FIRE:  197 23:59:57     -931.703928        0.047984
FIRE:  198 23:59:58     -931.704054        0.047901
FIRE:  199 23:59:58     -931.704180        0.047803
FIRE:  200 23:59:59     -931.704330        0.047678
FIRE:  201 23:59:59     -931.704522        0.047522
FIRE:  202 00:00:00     -931.704777        0.047330
FIRE:  203 00:00:00     -931.705112        0.047094
FIRE:  204 00:00:01     -931.705530        0.046809
FIRE:  205 00:00:01     -931.706020        0.046462
FIRE:  206 00:00:02     -931.706592        0.046046
FIRE:  207 00:00:02     -931.707287        0.045552
FIRE:  208 00:00:02     -931.708161        0.044974
FIRE:  209 00:00:03     -931.709210        0.044295
FIRE:  210 00:00:03     -931.710434        0.043488
FIRE:  211 00:00:04     -931.711927        0.042531
FIRE:  212 00:00:04     -931.713703        0.041389
FIRE:  213 00:00:05     -931.715782        0.040021
FIRE:  214 00:00:05     -931.718269        0.039007
FIRE:  215 00:00:06     -931.721162        0.039687
FIRE:  216 00:00:06     -931.724545        0.040465
FIRE:  217 00:00:07     -931.728478        0.041567
FIRE:  218 00:00:07     -931.733002        0.043000
FIRE:  219 00:00:08     -931.738164        0.044885
FIRE:  220 00:00:08     -931.743709        0.077758
FIRE:  221 00:00:09     -931.746868        0.245704
FIRE:  222 00:00:09     -931.750456        0.050546
FIRE:  223 00:00:10     -931.748023        0.222554
FIRE:  224 00:00:10     -931.749289        0.166182
FIRE:  225 00:00:11     -931.750659        0.069295
FIRE:  226 00:00:11     -931.750930        0.050834
FIRE:  227 00:00:12     -931.750953        0.050842
FIRE:  228 00:00:12     -931.750994        0.050859
FIRE:  229 00:00:13     -931.751049        0.050882
FIRE:  230 00:00:13     -931.751111        0.050913
FIRE:  231 00:00:14     -931.751174        0.050951
FIRE:  232 00:00:14     -931.751234        0.050993
FIRE:  233 00:00:15     -931.751294        0.051040
FIRE:  234 00:00:15     -931.751366        0.051095
FIRE:  235 00:00:15     -931.751459        0.051157
FIRE:  236 00:00:16     -931.751584        0.051227
FIRE:  237 00:00:16     -931.751754        0.051307
FIRE:  238 00:00:17     -931.751963        0.051399
FIRE:  239 00:00:17     -931.752206        0.051512
FIRE:  240 00:00:18     -931.752491        0.051656
FIRE:  241 00:00:18     -931.752845        0.051843
FIRE:  242 00:00:19     -931.753302        0.052084
FIRE:  243 00:00:19     -931.753854        0.052386
FIRE:  244 00:00:20     -931.754508        0.052746
FIRE:  245 00:00:20     -931.755329        0.053156
FIRE:  246 00:00:21     -931.756330        0.053630
FIRE:  247 00:00:21     -931.757545        0.054214
FIRE:  248 00:00:22     -931.759044        0.054936
FIRE:  249 00:00:22     -931.760857        0.055767
FIRE:  250 00:00:23     -931.763091        0.056679
FIRE:  251 00:00:23     -931.765836        0.057763
FIRE:  252 00:00:24     -931.769190        0.058941
FIRE:  253 00:00:24     -931.773315        0.060183
FIRE:  254 00:00:25     -931.778258        0.061573
FIRE:  255 00:00:25     -931.782711        0.191533
FIRE:  256 00:00:25     -931.771973        0.634835
FIRE:  257 00:00:26     -931.790720        0.161692
FIRE:  258 00:00:26     -931.791432        0.113750
FIRE:  259 00:00:27     -931.792111        0.064220
FIRE:  260 00:00:27     -931.792154        0.064342
FIRE:  261 00:00:28     -931.792195        0.064337
FIRE:  262 00:00:28     -931.792269        0.064328
FIRE:  263 00:00:29     -931.792361        0.064316
FIRE:  264 00:00:29     -931.792458        0.064302
FIRE:  265 00:00:30     -931.792549        0.064288
FIRE:  266 00:00:30     -931.792633        0.064277
FIRE:  267 00:00:31     -931.792718        0.064272
FIRE:  268 00:00:31     -931.792827        0.064274
FIRE:  269 00:00:32     -931.792983        0.064286
FIRE:  270 00:00:32     -931.793199        0.064312
FIRE:  271 00:00:33     -931.793477        0.064353
FIRE:  272 00:00:33     -931.793798        0.064410
FIRE:  273 00:00:34     -931.794164        0.064476
FIRE:  274 00:00:34     -931.794622        0.064545
FIRE:  275 00:00:35     -931.795222        0.064612
FIRE:  276 00:00:35     -931.795956        0.064683
FIRE:  277 00:00:35     -931.796828        0.064787
FIRE:  278 00:00:36     -931.797939        0.064954
FIRE:  279 00:00:36     -931.799309        0.065196
FIRE:  280 00:00:37     -931.800986        0.065475
FIRE:  281 00:00:37     -931.803103        0.065756
FIRE:  282 00:00:38     -931.805720        0.066116
FIRE:  283 00:00:38     -931.809012        0.066614
FIRE:  284 00:00:39     -931.813190        0.071416
FIRE:  285 00:00:39     -931.818527        0.078671
FIRE:  286 00:00:40     -931.825435        0.088169
FIRE:  287 00:00:40     -931.834209        0.099704
FIRE:  288 00:00:41     -931.842663        0.235833
FIRE:  289 00:00:41     -931.821139        0.746853
FIRE:  290 00:00:42     -931.860180        0.177535
FIRE:  291 00:00:42     -931.861495        0.124647
FIRE:  292 00:00:43     -931.862791        0.124678
FIRE:  293 00:00:43     -931.863034        0.124785
FIRE:  294 00:00:44     -931.863122        0.124804
FIRE:  295 00:00:44     -931.863281        0.124844
FIRE:  296 00:00:45     -931.863488        0.124902
FIRE:  297 00:00:45     -931.863716        0.124978
FIRE:  298 00:00:46     -931.863947        0.125070
FIRE:  299 00:00:46     -931.864179        0.125177
FIRE:  300 00:00:46     -931.864428        0.125294
FIRE:  301 00:00:47     -931.864750        0.125432
FIRE:  302 00:00:47     -931.865186        0.125593
FIRE:  303 00:00:48     -931.865768        0.125776
FIRE:  304 00:00:48     -931.866506        0.125986
FIRE:  305 00:00:49     -931.867381        0.126227
FIRE:  306 00:00:49     -931.868418        0.126504
FIRE:  307 00:00:50     -931.869711        0.126814
FIRE:  308 00:00:50     -931.871368        0.127140
FIRE:  309 00:00:51     -931.873397        0.127442
FIRE:  310 00:00:51     -931.875828        0.127643
FIRE:  311 00:00:52     -931.878872        0.127614
FIRE:  312 00:00:52     -931.882581        0.127177
FIRE:  313 00:00:53     -931.887071        0.126059
FIRE:  314 00:00:53     -931.892531        0.123836
FIRE:  315 00:00:54     -931.899017        0.119895
FIRE:  316 00:00:54     -931.906577        0.113513
FIRE:  317 00:00:54     -931.915228        0.103910
FIRE:  318 00:00:55     -931.924677        0.090262
FIRE:  319 00:00:55     -931.934066        0.081219
FIRE:  320 00:00:56     -931.939454        0.240725
FIRE:  321 00:00:56     -931.943679        0.053355
FIRE:  322 00:00:57     -931.940983        0.207942
FIRE:  323 00:00:57     -931.942275        0.159322
FIRE:  324 00:00:58     -931.943766        0.073858
FIRE:  325 00:00:58     -931.944233        0.053152
FIRE:  326 00:00:59     -931.944247        0.053148
FIRE:  327 00:00:59     -931.944273        0.053138
FIRE:  328 00:01:00     -931.944310        0.053124
FIRE:  329 00:01:00     -931.944356        0.053105
FIRE:  330 00:01:01     -931.944407        0.053080
FIRE:  331 00:01:01     -931.944462        0.053049
FIRE:  332 00:01:02     -931.944522        0.053011
FIRE:  333 00:01:02     -931.944595        0.052962
FIRE:  334 00:01:03     -931.944686        0.052898
FIRE:  335 00:01:03     -931.944804        0.052816
FIRE:  336 00:01:04     -931.944955        0.052711
FIRE:  337 00:01:04     -931.945144        0.052576
FIRE:  338 00:01:05     -931.945372        0.052404
FIRE:  339 00:01:05     -931.945645        0.052186
FIRE:  340 00:01:05     -931.945975        0.051912
FIRE:  341 00:01:06     -931.946383        0.051567
FIRE:  342 00:01:06     -931.946877        0.051133
FIRE:  343 00:01:07     -931.947460        0.050580
FIRE:  344 00:01:07     -931.948163        0.049872
FIRE:  345 00:01:08     -931.948996        0.048961
FIRE:  346 00:01:08     -931.949967        0.047787
FIRE:  347 00:01:09     -931.951102        0.046281
FIRE:  348 00:01:09     -931.952400        0.044327
FIRE:  349 00:01:10     -931.953864        0.041787
FIRE:  350 00:01:10     -931.955481        0.038476
FIRE:  351 00:01:11     -931.957210        0.034130
FIRE:  352 00:01:11     -931.958959        0.028489
FIRE:  353 00:01:12     -931.960364        0.065821
FIRE:  354 00:01:12     -931.960139        0.169885
FIRE:  355 00:01:13     -931.962073        0.013250
FIRE:  356 00:01:13     -931.960570        0.153348
FIRE:  357 00:01:13     -931.961229        0.116539
FIRE:  358 00:01:14     -931.961963        0.052023
FIRE:  359 00:01:14     -931.962129        0.024619
FIRE:  360 00:01:15     -931.962135        0.023226
FIRE:  361 00:01:15     -931.962144        0.020525
FIRE:  362 00:01:16     -931.962157        0.016684
FIRE:  363 00:01:16     -931.962170        0.013085
FIRE:  364 00:01:17     -931.962182        0.013069
FIRE:  365 00:01:17     -931.962192        0.013050
FIRE:  366 00:01:18     -931.962199        0.013026
FIRE:  367 00:01:18     -931.962207        0.012995
FIRE:  368 00:01:19     -931.962218        0.012956
FIRE:  369 00:01:19     -931.962234        0.012908
FIRE:  370 00:01:20     -931.962256        0.012850
FIRE:  371 00:01:20     -931.962286        0.012778
FIRE:  372 00:01:21     -931.962320        0.012689
FIRE:  373 00:01:21     -931.962356        0.012577
FIRE:  374 00:01:22     -931.962397        0.012439
FIRE:  375 00:01:22     -931.962455        0.012271
FIRE:  376 00:01:22     -931.962526        0.012067
FIRE:  377 00:01:23     -931.962605        0.011814
FIRE:  378 00:01:23     -931.962703        0.011507
FIRE:  379 00:01:24     -931.962824        0.011135
FIRE:  380 00:01:24     -931.962961        0.010681
FIRE:  381 00:01:25     -931.963131        0.010142
FIRE:  382 00:01:25     -931.963323        0.009497
MACE calculation complete. Energy written to MACE_OUTCAR: -931.963323 eV
Job ended on: Thu Jun 12 11:01:26 PM UTC 2025\n
