Si Bulk DFT energetics calculations using VASP
Running on host: comp058
Working directory: /lustre/home/ah1365/projects/127870/upgrade_report/case_studies/common/structures/interfaces/264_Si156Sn108_001_001_a0.276923_b0.041026_c2.1_interface1shift7swap5
Job started on: Thu 12 Jun 02:30:14 UTC 2025
cuequivariance or cuequivariance_torch is not available. Cuequivariance acceleration will be disabled.
Using Materials Project MACE for MACECalculator with /lustre/home/ah1365/.cache/mace/MACE_MPtrj_20229model
Using float64 for MACECalculator, which is slower but more accurate. Recommended for geometry optimization.
Using TorchDFTD3Calculator for D3 dispersion corrections
      Step     Time          Energy          fmax
FIRE:    0 03:30:46    -1207.825368        7.366174
FIRE:    1 03:31:06    -1215.532280        6.459908
FIRE:    2 03:31:25    -1222.347455        5.767738
FIRE:    3 03:31:45    -1228.388053        5.140112
FIRE:    4 03:32:04    -1233.751221        4.576713
FIRE:    5 03:32:24    -1238.521382        4.074783
FIRE:    6 03:32:43    -1242.770609        3.627852
FIRE:    7 03:33:03    -1246.560312        3.227598
FIRE:    8 03:33:22    -1249.946200        2.866443
FIRE:    9 03:33:41    -1252.979220        2.538375
FIRE:   10 03:34:01    -1255.707253        2.239789
FIRE:   11 03:34:20    -1258.175572        1.968622
FIRE:   12 03:34:40    -1260.425448        1.802572
FIRE:   13 03:34:59    -1262.492278        1.784313
FIRE:   14 03:35:19    -1264.403927        1.728064
FIRE:   15 03:35:38    -1266.180417        1.632409
FIRE:   16 03:35:58    -1267.835903        1.522906
FIRE:   17 03:36:17    -1269.381754        1.465057
FIRE:   18 03:36:37    -1270.828990        1.389967
FIRE:   19 03:36:56    -1272.188822        1.297909
FIRE:   20 03:37:16    -1273.471553        1.229079
FIRE:   21 03:37:35    -1274.685893        1.169577
FIRE:   22 03:37:55    -1275.838464        1.100378
FIRE:   23 03:38:14    -1276.934149        1.018055
FIRE:   24 03:38:34    -1277.976641        0.923117
FIRE:   25 03:38:54    -1278.969327        0.819090
FIRE:   26 03:39:13    -1279.915630        0.798397
FIRE:   27 03:39:33    -1280.819061        0.799358
FIRE:   28 03:39:52    -1281.683075        0.794900
FIRE:   29 03:40:12    -1282.511482        0.812968
FIRE:   30 03:40:31    -1283.308242        0.828630
FIRE:   31 03:40:51    -1284.077796        0.830288
FIRE:   32 03:41:10    -1284.822359        0.893667
FIRE:   33 03:41:30    -1285.543132        0.983579
FIRE:   34 03:41:49    -1286.240848        1.058835
FIRE:   35 03:42:09    -1286.916014        1.110246
FIRE:   36 03:42:28    -1287.569647        1.136248
FIRE:   37 03:42:48    -1288.204874        1.142068
FIRE:   38 03:43:07    -1288.826015        1.132564
FIRE:   39 03:43:27    -1289.435015        1.104926
FIRE:   40 03:43:46    -1290.027971        1.056071
FIRE:   41 03:44:06    -1290.595064        1.039372
FIRE:   42 03:44:25    -1291.122925        0.998660
FIRE:   43 03:44:45    -1291.596354        0.925362
FIRE:   44 03:45:04    -1292.003419        0.830691
FIRE:   45 03:45:24    -1292.346088        0.733187
FIRE:   46 03:45:43    -1292.639262        0.776289
FIRE:   47 03:46:03    -1292.903677        0.836371
FIRE:   48 03:46:22    -1293.153600        0.907555
FIRE:   49 03:46:42    -1293.386206        1.417045
FIRE:   50 03:47:01    -1293.594353        2.135818
FIRE:   51 03:47:21    -1293.786226        2.706687
FIRE:   52 03:47:40    -1293.990132        2.878796
FIRE:   53 03:48:00    -1294.242773        2.991616
FIRE:   54 03:48:20    -1294.562558        3.158918
FIRE:   55 03:48:39    -1294.927924        2.744486
FIRE:   56 03:48:59    -1295.284623        1.898749
FIRE:   57 03:49:18    -1295.586397        1.093491
FIRE:   58 03:49:38    -1295.829262        1.143034
FIRE:   59 03:49:57    -1296.040591        1.132603
FIRE:   60 03:50:17    -1296.244881        1.092155
FIRE:   61 03:50:36    -1296.457411        1.191370
FIRE:   62 03:50:56    -1296.689159        1.226233
FIRE:   63 03:51:15    -1296.934324        1.260253
FIRE:   64 03:51:35    -1297.170451        1.198051
FIRE:   65 03:51:55    -1297.372830        1.302212
FIRE:   66 03:52:14    -1297.521061        1.580112
FIRE:   67 03:52:34    -1297.618264        2.325421
FIRE:   68 03:52:53    -1297.709952        2.858875
FIRE:   69 03:53:13    -1297.852667        2.836481
FIRE:   70 03:53:32    -1298.053089        2.219089
FIRE:   71 03:53:52    -1298.266627        1.411889
FIRE:   72 03:54:12    -1298.459815        1.270214
FIRE:   73 03:54:31    -1298.635856        1.289723
FIRE:   74 03:54:51    -1298.804453        1.157314
FIRE:   75 03:55:10    -1298.961963        1.092102
FIRE:   76 03:55:30    -1299.101639        1.113825
FIRE:   77 03:55:49    -1299.221945        1.198967
FIRE:   78 03:56:09    -1299.323285        1.247334
FIRE:   79 03:56:29    -1299.406323        1.234970
FIRE:   80 03:56:48    -1299.476102        1.178648
FIRE:   81 03:57:08    -1299.541837        1.085830
FIRE:   82 03:57:27    -1299.612687        0.959284
FIRE:   83 03:57:47    -1299.694318        0.812054
FIRE:   84 03:58:06    -1299.787564        0.860583
FIRE:   85 03:58:26    -1299.888776        0.870305
FIRE:   86 03:58:46    -1299.994764        0.913915
FIRE:   87 03:59:05    -1300.105655        0.896134
FIRE:   88 03:59:25    -1300.221046        0.866977
FIRE:   89 03:59:44    -1300.338536        0.853113
FIRE:   90 04:00:04    -1300.457844        0.913958
FIRE:   91 04:00:24    -1300.581508        0.879310
FIRE:   92 04:00:43    -1300.708816        0.802079
FIRE:   93 04:01:03    -1300.831303        0.885864
FIRE:   94 04:01:22    -1300.934837        0.779535
FIRE:   95 04:01:42    -1301.006279        0.532180
FIRE:   96 04:02:02    -1301.042155        0.552503
FIRE:   97 04:02:21    -1301.485612        0.387326
FIRE:   98 04:02:41    -1301.692275        0.314126
FIRE:   99 04:03:01    -1301.799234        0.321687
FIRE:  100 04:03:20    -1301.907812        0.287010
FIRE:  101 04:03:40    -1302.016764        0.250355
FIRE:  102 04:03:59    -1302.099565        0.172015
FIRE:  103 04:04:19    -1302.164074        0.240598
FIRE:  104 04:04:39    -1302.229459        0.242377
FIRE:  105 04:04:58    -1302.300520        0.280144
FIRE:  106 04:05:18    -1302.383265        0.339705
FIRE:  107 04:05:38    -1302.480998        0.399085
FIRE:  108 04:05:57    -1302.587316        0.364628
FIRE:  109 04:06:17    -1302.689140        0.280011
FIRE:  110 04:06:36    -1302.774757        0.259659
FIRE:  111 04:06:56    -1302.839562        0.271392
FIRE:  112 04:07:16    -1302.889946        0.215442
FIRE:  113 04:07:35    -1302.931991        0.209837
FIRE:  114 04:07:55    -1302.971184        0.224520
FIRE:  115 04:08:15    -1303.013436        0.211477
FIRE:  116 04:08:34    -1303.059663        0.156454
FIRE:  117 04:08:54    -1303.101211        0.170487
FIRE:  118 04:09:13    -1303.135438        0.190855
FIRE:  119 04:09:33    -1303.170937        0.171017
FIRE:  120 04:09:53    -1303.205953        0.132551
FIRE:  121 04:10:12    -1303.230777        0.179203
FIRE:  122 04:10:32    -1303.248356        0.189300
FIRE:  123 04:10:52    -1303.289064        0.142792
FIRE:  124 04:11:11    -1303.310458        0.093701
FIRE:  125 04:11:31    -1303.317778        0.135983
FIRE:  126 04:11:50    -1303.320829        0.107117
FIRE:  127 04:12:10    -1303.325377        0.060206
FIRE:  128 04:12:30    -1303.329560        0.050334
FIRE:  129 04:12:49    -1303.332835        0.063735
FIRE:  130 04:13:09    -1303.336265        0.074481
FIRE:  131 04:13:29    -1303.341052        0.068994
FIRE:  132 04:13:48    -1303.347186        0.054487
FIRE:  133 04:14:08    -1303.354273        0.054968
FIRE:  134 04:14:28    -1303.360958        0.055343
FIRE:  135 04:14:47    -1303.367654        0.067630
FIRE:  136 04:15:07    -1303.375818        0.053323
FIRE:  137 04:15:27    -1303.384574        0.051514
FIRE:  138 04:15:46    -1303.392865        0.048902
FIRE:  139 04:16:06    -1303.402010        0.046668
FIRE:  140 04:16:25    -1303.411546        0.055013
FIRE:  141 04:16:45    -1303.421732        0.056524
FIRE:  142 04:17:05    -1303.433380        0.077504
FIRE:  143 04:17:24    -1303.447478        0.109310
FIRE:  144 04:17:44    -1303.465929        0.092503
FIRE:  145 04:18:04    -1303.476615        0.263102
FIRE:  146 04:18:23    -1303.481593        0.167406
FIRE:  147 04:18:43    -1303.485826        0.063556
FIRE:  148 04:19:03    -1303.487494        0.080590
FIRE:  149 04:19:22    -1303.489145        0.127313
FIRE:  150 04:19:42    -1303.492066        0.137956
FIRE:  151 04:20:02    -1303.496407        0.104701
FIRE:  152 04:20:21    -1303.500978        0.043423
FIRE:  153 04:20:41    -1303.504306        0.084285
FIRE:  154 04:21:01    -1303.507708        0.129840
FIRE:  155 04:21:20    -1303.514222        0.080398
FIRE:  156 04:21:40    -1303.521818        0.088649
FIRE:  157 04:22:00    -1303.530726        0.109403
FIRE:  158 04:22:19    -1303.544265        0.104499
FIRE:  159 04:22:39    -1303.559048        0.098772
FIRE:  160 04:22:58    -1303.573551        0.162496
FIRE:  161 04:23:18    -1303.593944        0.125530
FIRE:  162 04:23:38    -1303.611936        0.176201
FIRE:  163 04:23:57    -1303.625064        0.175839
FIRE:  164 04:24:17    -1303.626449        0.176775
FIRE:  165 04:24:37    -1303.628826        0.178872
FIRE:  166 04:24:56    -1303.631886        0.182502
FIRE:  167 04:25:16    -1303.635736        0.187942
FIRE:  168 04:25:36    -1303.640721        0.194952
FIRE:  169 04:25:55    -1303.646857        0.202331
FIRE:  170 04:26:15    -1303.653970        0.207216
FIRE:  171 04:26:35    -1303.662884        0.203313
FIRE:  172 04:26:54    -1303.673779        0.175840
FIRE:  173 04:27:14    -1303.685139        0.114304
FIRE:  174 04:27:33    -1303.694210        0.173346
FIRE:  175 04:27:53    -1303.702076        0.181726
FIRE:  176 04:28:13    -1303.711431        0.090913
FIRE:  177 04:28:33    -1303.720155        0.065770
FIRE:  178 04:28:52    -1303.727012        0.095278
FIRE:  179 04:29:12    -1303.731973        0.060069
FIRE:  180 04:29:31    -1303.732767        0.056664
FIRE:  181 04:29:51    -1303.734097        0.050124
FIRE:  182 04:30:11    -1303.735607        0.040992
FIRE:  183 04:30:30    -1303.737082        0.030818
FIRE:  184 04:30:50    -1303.738443        0.030658
FIRE:  185 04:31:10    -1303.739693        0.027414
FIRE:  186 04:31:29    -1303.740866        0.024355
FIRE:  187 04:31:49    -1303.742075        0.023944
FIRE:  188 04:32:09    -1303.743273        0.024539
FIRE:  189 04:32:28    -1303.744451        0.029182
FIRE:  190 04:32:48    -1303.745663        0.037787
FIRE:  191 04:33:08    -1303.747137        0.037691
FIRE:  192 04:33:27    -1303.748892        0.022592
FIRE:  193 04:33:47    -1303.750706        0.023259
FIRE:  194 04:34:07    -1303.752773        0.019938
FIRE:  195 04:34:26    -1303.755204        0.018532
FIRE:  196 04:34:46    -1303.757988        0.024280
FIRE:  197 04:35:06    -1303.761008        0.056945
FIRE:  198 04:35:26    -1303.760567        0.214338
FIRE:  199 04:35:45    -1303.765055        0.051580
FIRE:  200 04:36:05    -1303.765205        0.036953
FIRE:  201 04:36:25    -1303.765404        0.024013
FIRE:  202 04:36:45    -1303.765558        0.022965
FIRE:  203 04:37:04    -1303.765706        0.033381
FIRE:  204 04:37:24    -1303.765916        0.035865
FIRE:  205 04:37:43    -1303.766208        0.023563
FIRE:  206 04:38:03    -1303.766505        0.017661
FIRE:  207 04:38:23    -1303.766774        0.021728
FIRE:  208 04:38:42    -1303.767086        0.029289
FIRE:  209 04:39:02    -1303.767523        0.015874
FIRE:  210 04:39:22    -1303.767975        0.016026
FIRE:  211 04:39:41    -1303.768472        0.024090
FIRE:  212 04:40:01    -1303.769098        0.016975
FIRE:  213 04:40:21    -1303.769710        0.023993
FIRE:  214 04:40:40    -1303.770501        0.018546
FIRE:  215 04:41:00    -1303.771324        0.019472
FIRE:  216 04:41:20    -1303.772374        0.026275
FIRE:  217 04:41:39    -1303.773924        0.025680
FIRE:  218 04:41:59    -1303.776634        0.039228
FIRE:  219 04:42:19    -1303.782325        0.057491
FIRE:  220 04:42:38    -1303.791091        0.057221
FIRE:  221 04:42:58    -1303.792515        0.157518
FIRE:  222 04:43:18    -1303.797765        0.080745
FIRE:  223 04:43:37    -1303.798170        0.077490
FIRE:  224 04:43:57    -1303.798797        0.071317
FIRE:  225 04:44:17    -1303.799440        0.062963
FIRE:  226 04:44:36    -1303.800043        0.053778
FIRE:  227 04:44:56    -1303.800620        0.045607
FIRE:  228 04:45:16    -1303.801140        0.039976
FIRE:  229 04:45:35    -1303.801558        0.037087
FIRE:  230 04:45:55    -1303.801973        0.035573
FIRE:  231 04:46:15    -1303.802566        0.037105
FIRE:  232 04:46:34    -1303.803378        0.037152
FIRE:  233 04:46:54    -1303.804257        0.032188
FIRE:  234 04:47:14    -1303.805280        0.022838
FIRE:  235 04:47:33    -1303.806297        0.022732
FIRE:  236 04:47:53    -1303.807264        0.024046
FIRE:  237 04:48:13    -1303.808180        0.019430
FIRE:  238 04:48:32    -1303.809043        0.012955
FIRE:  239 04:48:52    -1303.809608        0.018828
FIRE:  240 04:49:11    -1303.809941        0.030379
FIRE:  241 04:49:31    -1303.810119        0.014520
FIRE:  242 04:49:51    -1303.810213        0.014948
FIRE:  243 04:50:10    -1303.810231        0.012617
FIRE:  244 04:50:30    -1303.810262        0.011623
FIRE:  245 04:50:50    -1303.810294        0.011024
FIRE:  246 04:51:09    -1303.810325        0.010278
FIRE:  247 04:51:29    -1303.810353        0.009442
MACE calculation complete. Energy written to MACE_OUTCAR: -1303.810353 eV
Job ended on: Thu 12 Jun 03:51:30 UTC 2025
