Si Bulk DFT energetics calculations using VASP
Running on host: comp173
Working directory: /lustre/home/ah1365/projects/127870/upgrade_report/case_studies/common/structures/interfaces/264_Sn108Si156_001_001_a0.07732_b0.082474_c2.1_interface2shift4swap4
Job started on: Fri 13 Jun 03:38:33 UTC 2025
cuequivariance or cuequivariance_torch is not available. Cuequivariance acceleration will be disabled.
Using Materials Project MACE for MACECalculator with /lustre/home/ah1365/.cache/mace/MACE_MPtrj_20229model
Using float64 for MACECalculator, which is slower but more accurate. Recommended for geometry optimization.
Using TorchDFTD3Calculator for D3 dispersion corrections
      Step     Time          Energy          fmax
FIRE:    0 04:40:49    -1237.101298        6.190720
FIRE:    1 04:41:09    -1243.336442        5.087017
FIRE:    2 04:41:29    -1248.814681        4.187277
FIRE:    3 04:41:49    -1253.629769        3.451455
FIRE:    4 04:42:09    -1257.861109        2.849157
FIRE:    5 04:42:28    -1261.575190        2.345395
FIRE:    6 04:42:48    -1264.829379        1.975859
FIRE:    7 04:43:08    -1267.675684        1.731046
FIRE:    8 04:43:27    -1270.167403        1.598679
FIRE:    9 04:43:47    -1272.357983        1.561081
FIRE:   10 04:44:07    -1274.300250        1.508090
FIRE:   11 04:44:26    -1276.043229        1.444184
FIRE:   12 04:44:46    -1277.629241        1.374633
FIRE:   13 04:45:06    -1279.091481        1.304305
FIRE:   14 04:45:26    -1280.453959        1.236771
FIRE:   15 04:45:45    -1281.733565        1.173712
FIRE:   16 04:46:05    -1282.943287        1.114596
FIRE:   17 04:46:25    -1284.094855        1.057964
FIRE:   18 04:46:45    -1285.199301        0.999940
FIRE:   19 04:47:05    -1286.266511        0.934790
FIRE:   20 04:47:25    -1287.303258        0.859102
FIRE:   21 04:47:44    -1288.312551        0.798831
FIRE:   22 04:48:04    -1289.293724        0.820117
FIRE:   23 04:48:24    -1290.243966        0.839998
FIRE:   24 04:48:44    -1291.159617        0.856683
FIRE:   25 04:49:04    -1292.037172        0.866913
FIRE:   26 04:49:23    -1292.873208        0.865542
FIRE:   27 04:49:43    -1293.664178        0.846514
FIRE:   28 04:50:03    -1294.406544        0.805100
FIRE:   29 04:50:23    -1295.097727        0.739926
FIRE:   30 04:50:43    -1295.737012        0.719695
FIRE:   31 04:51:02    -1296.326160        0.687582
FIRE:   32 04:51:22    -1296.867823        0.640707
FIRE:   33 04:51:42    -1297.365239        0.616124
FIRE:   34 04:52:02    -1297.820229        0.597504
FIRE:   35 04:52:22    -1298.232192        0.568954
FIRE:   36 04:52:42    -1298.597472        0.515198
FIRE:   37 04:53:01    -1298.911316        0.547214
FIRE:   38 04:53:21    -1299.171814        0.570378
FIRE:   39 04:53:41    -1299.384368        0.791385
FIRE:   40 04:54:01    -1299.561390        0.961829
FIRE:   41 04:54:21    -1299.718073        1.038975
FIRE:   42 04:54:40    -1299.865864        1.034663
FIRE:   43 04:55:00    -1300.007194        0.975918
FIRE:   44 04:55:20    -1300.135428        0.804367
FIRE:   45 04:55:40    -1300.241277        0.824039
FIRE:   46 04:56:00    -1300.320507        0.869959
FIRE:   47 04:56:19    -1300.377564        0.828969
FIRE:   48 04:56:39    -1300.423813        0.756295
FIRE:   49 04:56:59    -1300.472565        0.763814
FIRE:   50 04:57:19    -1300.533580        0.800858
FIRE:   51 04:57:39    -1300.610791        0.764630
FIRE:   52 04:57:58    -1300.702722        0.677251
FIRE:   53 04:58:18    -1300.804198        0.658014
FIRE:   54 04:58:38    -1300.908002        0.735999
FIRE:   55 04:58:58    -1301.007043        0.747338
FIRE:   56 04:59:18    -1301.097274        0.691938
FIRE:   57 04:59:37    -1301.178877        0.583068
FIRE:   58 04:59:57    -1301.255595        0.506632
FIRE:   59 05:00:17    -1301.332108        0.458333
FIRE:   60 05:00:37    -1301.411887        0.408738
FIRE:   61 05:00:57    -1301.497415        0.403103
FIRE:   62 05:01:16    -1301.589396        0.363071
FIRE:   63 05:01:36    -1301.686050        0.343381
FIRE:   64 05:01:56    -1301.783392        0.324026
FIRE:   65 05:02:16    -1301.877139        0.396123
FIRE:   66 05:02:36    -1301.964667        0.442547
FIRE:   67 05:02:56    -1302.044852        0.424200
FIRE:   68 05:03:15    -1302.116866        0.397278
FIRE:   69 05:03:35    -1302.178384        0.349625
FIRE:   70 05:03:55    -1302.226445        0.334520
FIRE:   71 05:04:15    -1302.259750        0.377126
FIRE:   72 05:04:35    -1302.536715        0.247209
FIRE:   73 05:04:54    -1302.668763        0.236877
FIRE:   74 05:05:14    -1302.756155        0.239848
FIRE:   75 05:05:34    -1302.844238        0.240303
FIRE:   76 05:05:54    -1302.930304        0.297050
FIRE:   77 05:06:14    -1303.013451        0.354420
FIRE:   78 05:06:33    -1303.101408        0.371485
FIRE:   79 05:06:53    -1303.196132        0.334487
FIRE:   80 05:07:13    -1303.295198        0.390987
FIRE:   81 05:07:33    -1303.396437        0.431247
FIRE:   82 05:07:53    -1303.481461        0.320461
FIRE:   83 05:08:13    -1303.534056        0.750957
FIRE:   84 05:08:32    -1303.618184        0.687522
FIRE:   85 05:08:52    -1303.714799        0.236037
FIRE:   86 05:09:12    -1303.770527        0.359816
FIRE:   87 05:09:32    -1303.821212        0.409832
FIRE:   88 05:09:52    -1303.882515        0.280057
FIRE:   89 05:10:12    -1303.927048        0.277911
FIRE:   90 05:10:31    -1303.952270        0.477521
FIRE:   91 05:10:51    -1303.998257        0.277128
FIRE:   92 05:11:11    -1304.049055        0.206503
FIRE:   93 05:11:31    -1304.101028        0.344488
FIRE:   94 05:11:51    -1304.176178        0.349464
FIRE:   95 05:12:11    -1304.273554        0.323935
FIRE:   96 05:12:30    -1304.369389        0.308752
FIRE:   97 05:12:50    -1304.436277        0.356646
FIRE:   98 05:13:10    -1304.473881        0.291264
FIRE:   99 05:13:30    -1304.508373        0.399489
FIRE:  100 05:13:50    -1304.538145        0.409825
FIRE:  101 05:14:10    -1304.618967        0.242398
FIRE:  102 05:14:29    -1304.636067        0.119497
FIRE:  103 05:14:49    -1304.651339        0.132407
FIRE:  104 05:15:09    -1304.666788        0.176955
FIRE:  105 05:15:29    -1304.692081        0.118379
FIRE:  106 05:15:49    -1304.716458        0.136338
FIRE:  107 05:16:09    -1304.738712        0.149785
FIRE:  108 05:16:28    -1304.764958        0.139952
FIRE:  109 05:16:48    -1304.792498        0.146975
FIRE:  110 05:17:08    -1304.821971        0.168774
FIRE:  111 05:17:28    -1304.848162        0.138179
FIRE:  112 05:17:48    -1304.861624        0.174940
FIRE:  113 05:18:08    -1304.867836        0.152525
FIRE:  114 05:18:28    -1304.877203        0.109509
FIRE:  115 05:18:47    -1304.886326        0.114268
FIRE:  116 05:19:07    -1304.894092        0.124585
FIRE:  117 05:19:27    -1304.901424        0.133996
FIRE:  118 05:19:47    -1304.909341        0.136084
FIRE:  119 05:20:07    -1304.918434        0.121291
FIRE:  120 05:20:27    -1304.930182        0.117827
FIRE:  121 05:20:46    -1304.943564        0.143700
FIRE:  122 05:21:06    -1304.957394        0.168286
FIRE:  123 05:21:26    -1304.974607        0.166415
FIRE:  124 05:21:46    -1304.993621        0.095606
FIRE:  125 05:22:06    -1305.000405        0.244018
FIRE:  126 05:22:26    -1305.003461        0.219399
FIRE:  127 05:22:46    -1305.008276        0.174676
FIRE:  128 05:23:05    -1305.013098        0.117650
FIRE:  129 05:23:25    -1305.016715        0.058027
FIRE:  130 05:23:45    -1305.019037        0.077197
FIRE:  131 05:24:05    -1305.020685        0.098769
FIRE:  132 05:24:25    -1305.022304        0.110789
FIRE:  133 05:24:45    -1305.024571        0.113525
FIRE:  134 05:25:04    -1305.027855        0.104525
FIRE:  135 05:25:24    -1305.032055        0.080378
FIRE:  136 05:25:44    -1305.036291        0.058038
FIRE:  137 05:26:04    -1305.039930        0.078174
FIRE:  138 05:26:24    -1305.043777        0.107548
FIRE:  139 05:26:44    -1305.049673        0.083949
FIRE:  140 05:27:04    -1305.057472        0.038564
FIRE:  141 05:27:23    -1305.065052        0.076299
FIRE:  142 05:27:43    -1305.074904        0.068780
FIRE:  143 05:28:03    -1305.086639        0.058711
FIRE:  144 05:28:23    -1305.099253        0.067018
FIRE:  145 05:28:43    -1305.112406        0.151998
FIRE:  146 05:29:03    -1305.099957        0.409469
FIRE:  147 05:29:23    -1305.125234        0.153685
FIRE:  148 05:29:42    -1305.129057        0.096539
FIRE:  149 05:30:02    -1305.132058        0.053741
FIRE:  150 05:30:22    -1305.131939        0.096936
FIRE:  151 05:30:42    -1305.132333        0.087558
FIRE:  152 05:31:02    -1305.133014        0.069708
FIRE:  153 05:31:22    -1305.133806        0.057413
FIRE:  154 05:31:42    -1305.134536        0.058213
FIRE:  155 05:32:02    -1305.135120        0.059258
FIRE:  156 05:32:21    -1305.135610        0.060549
FIRE:  157 05:32:41    -1305.136141        0.062054
FIRE:  158 05:33:01    -1305.136950        0.063927
FIRE:  159 05:33:21    -1305.138176        0.066221
FIRE:  160 05:33:41    -1305.139822        0.069005
FIRE:  161 05:34:01    -1305.141713        0.072357
FIRE:  162 05:34:21    -1305.143764        0.076263
FIRE:  163 05:34:40    -1305.146303        0.080371
FIRE:  164 05:35:00    -1305.149770        0.083837
FIRE:  165 05:35:20    -1305.154168        0.085116
FIRE:  166 05:35:40    -1305.159300        0.081891
FIRE:  167 05:36:00    -1305.165802        0.096902
FIRE:  168 05:36:20    -1305.174056        0.118369
FIRE:  169 05:36:40    -1305.184859        0.146344
FIRE:  170 05:36:59    -1305.201295        0.177366
FIRE:  171 05:37:19    -1305.225474        0.195367
FIRE:  172 05:37:39    -1305.256820        0.172732
FIRE:  173 05:37:59    -1305.290310        0.157436
FIRE:  174 05:38:19    -1305.325647        0.165482
FIRE:  175 05:38:39    -1305.371333        0.241549
FIRE:  176 05:38:59    -1305.417369        0.149580
FIRE:  177 05:39:18    -1305.439688        0.249586
FIRE:  178 05:39:38    -1305.455490        0.176456
FIRE:  179 05:39:58    -1305.464089        0.120839
FIRE:  180 05:40:18    -1305.473429        0.061979
FIRE:  181 05:40:38    -1305.480070        0.069833
FIRE:  182 05:40:58    -1305.485998        0.075505
FIRE:  183 05:41:18    -1305.493215        0.086960
FIRE:  184 05:41:38    -1305.502091        0.111261
FIRE:  185 05:41:57    -1305.512445        0.131990
FIRE:  186 05:42:17    -1305.526558        0.140991
FIRE:  187 05:42:37    -1305.546617        0.131715
FIRE:  188 05:42:57    -1305.571403        0.101628
FIRE:  189 05:43:17    -1305.595749        0.107468
FIRE:  190 05:43:37    -1305.617320        0.115259
FIRE:  191 05:44:00    -1305.635778        0.164083
FIRE:  192 05:44:20    -1305.642608        0.387294
FIRE:  193 05:44:40    -1305.654726        0.113850
FIRE:  194 05:45:00    -1305.655862        0.074146
FIRE:  195 05:45:20    -1305.657445        0.069194
FIRE:  196 05:45:43    -1305.658988        0.062703
FIRE:  197 05:46:03    -1305.660735        0.093903
FIRE:  198 05:46:23    -1305.663011        0.081318
FIRE:  199 05:46:43    -1305.665496        0.043392
FIRE:  200 05:47:03    -1305.667680        0.039789
FIRE:  201 05:47:23    -1305.669886        0.067136
FIRE:  202 05:47:43    -1305.672613        0.042800
FIRE:  203 05:48:03    -1305.675460        0.042087
FIRE:  204 05:48:22    -1305.678191        0.067459
FIRE:  205 05:48:42    -1305.681422        0.044301
FIRE:  206 05:49:02    -1305.684454        0.060555
FIRE:  207 05:49:22    -1305.687949        0.033640
FIRE:  208 05:49:42    -1305.690966        0.062914
FIRE:  209 05:50:02    -1305.693599        0.061242
FIRE:  210 05:50:22    -1305.695440        0.039453
FIRE:  211 05:50:42    -1305.696144        0.037385
FIRE:  212 05:51:01    -1305.696426        0.017154
FIRE:  213 05:51:21    -1305.696655        0.020710
FIRE:  214 05:51:41    -1305.696892        0.030517
FIRE:  215 05:52:01    -1305.697307        0.013863
FIRE:  216 05:52:21    -1305.697665        0.016583
FIRE:  217 05:52:41    -1305.697932        0.025099
FIRE:  218 05:53:01    -1305.698292        0.009441
MACE calculation complete. Energy written to MACE_OUTCAR: -1305.698292 eV
Job ended on: Fri 13 Jun 04:53:23 UTC 2025
