Si Bulk DFT energetics calculations using VASP
Running on host: comp193
Working directory: /lustre/home/ah1365/projects/127870/upgrade_report/case_studies/common/structures/interfaces/120_Si72Ge48_013_114_a0.049383_b0.076023_c1.486532_interface3shift4
Job started on: Mon  9 Jun 10:21:00 UTC 2025
cuequivariance or cuequivariance_torch is not available. Cuequivariance acceleration will be disabled.
Using Materials Project MACE for MACECalculator with /lustre/home/ah1365/.cache/mace/MACE_MPtrj_20229model
Using float64 for MACECalculator, which is slower but more accurate. Recommended for geometry optimization.
Using TorchDFTD3Calculator for D3 dispersion corrections
      Step     Time          Energy          fmax
FIRE:    0 11:22:30     -578.622972       31.943652
FIRE:    1 11:22:39     -586.835912       12.348902
FIRE:    2 11:22:48     -591.125088        5.994343
FIRE:    3 11:22:57     -593.211695        2.444899
FIRE:    4 11:23:06     -594.039434        1.971671
FIRE:    5 11:23:15     -594.320834        2.761022
FIRE:    6 11:23:24     -594.565372        3.317448
FIRE:    7 11:23:33     -594.996303        3.263864
FIRE:    8 11:23:42     -595.623822        2.884233
FIRE:    9 11:23:52     -596.333149        2.576219
FIRE:   10 11:24:01     -597.039559        2.284780
FIRE:   11 11:24:10     -597.734851        2.020470
FIRE:   12 11:24:19     -598.432051        1.761912
FIRE:   13 11:24:28     -599.126221        1.466708
FIRE:   14 11:24:37     -599.794800        1.133371
FIRE:   15 11:24:46     -600.413407        0.916723
FIRE:   16 11:24:55     -600.968379        0.941209
FIRE:   17 11:25:04     -601.459294        0.928965
FIRE:   18 11:25:13     -601.895580        0.877448
FIRE:   19 11:25:22     -602.295282        1.048914
FIRE:   20 11:25:31     -602.683855        1.277191
FIRE:   21 11:25:40     -603.074101        1.108735
FIRE:   22 11:25:49     -603.448960        0.668115
FIRE:   23 11:25:58     -603.783781        0.468232
FIRE:   24 11:26:07     -604.081395        0.577269
FIRE:   25 11:26:16     -604.373319        0.907099
FIRE:   26 11:26:25     -604.690117        0.966645
FIRE:   27 11:26:34     -605.032757        0.777548
FIRE:   28 11:26:43     -605.380901        0.571072
FIRE:   29 11:26:52     -605.721777        0.580624
FIRE:   30 11:27:01     -606.058140        0.603376
FIRE:   31 11:27:10     -606.397248        0.644060
FIRE:   32 11:27:19     -606.740706        0.678239
FIRE:   33 11:27:28     -607.086760        0.683602
FIRE:   34 11:27:37     -607.424573        0.604958
FIRE:   35 11:27:46     -607.735455        0.483126
FIRE:   36 11:27:55     -608.009180        0.523125
FIRE:   37 11:28:04     -608.252983        0.564694
FIRE:   38 11:28:14     -608.483198        0.604035
FIRE:   39 11:28:23     -608.712406        0.636815
FIRE:   40 11:28:32     -608.949171        0.709135
FIRE:   41 11:28:41     -609.198206        0.791589
FIRE:   42 11:28:50     -609.460724        0.840619
FIRE:   43 11:28:59     -609.730500        0.875226
FIRE:   44 11:29:08     -609.989676        0.860669
FIRE:   45 11:29:17     -610.212701        0.740758
FIRE:   46 11:29:26     -610.382184        0.563419
FIRE:   47 11:29:35     -610.515430        0.569763
FIRE:   48 11:29:44     -610.640361        0.620762
FIRE:   49 11:29:53     -610.753218        0.574274
FIRE:   50 11:30:02     -610.841123        0.572947
FIRE:   51 11:30:11     -610.915999        0.701519
FIRE:   52 11:30:20     -610.992362        0.897316
FIRE:   53 11:30:29     -611.079810        1.057741
FIRE:   54 11:30:38     -611.186400        1.104956
FIRE:   55 11:30:47     -611.311377        1.058053
FIRE:   56 11:30:56     -611.442125        0.843388
FIRE:   57 11:31:05     -611.561781        0.590245
FIRE:   58 11:31:14     -611.662023        0.542462
FIRE:   59 11:31:23     -611.747090        0.534378
FIRE:   60 11:31:32     -611.825108        0.502377
FIRE:   61 11:31:41     -611.899340        0.528080
FIRE:   62 11:31:50     -611.969250        0.594635
FIRE:   63 11:31:59     -612.036349        0.614819
FIRE:   64 11:32:08     -612.106067        0.601704
FIRE:   65 11:32:17     -612.184949        0.564748
FIRE:   66 11:32:26     -612.278009        0.550946
FIRE:   67 11:32:35     -612.388122        0.520853
FIRE:   68 11:32:44     -612.515260        0.427309
FIRE:   69 11:32:53     -612.654415        0.423124
FIRE:   70 11:33:02     -612.794317        0.423916
FIRE:   71 11:33:11     -612.921476        0.463152
FIRE:   72 11:33:20     -613.026856        0.500856
FIRE:   73 11:33:29     -613.109948        0.592471
FIRE:   74 11:33:38     -613.178698        0.651418
FIRE:   75 11:33:47     -613.242500        0.647535
FIRE:   76 11:33:56     -613.301647        0.628310
FIRE:   77 11:34:05     -613.349659        0.506483
FIRE:   78 11:34:14     -613.387199        0.531557
FIRE:   79 11:34:23     -613.669646        0.233838
FIRE:   80 11:34:32     -613.799546        0.271150
FIRE:   81 11:34:41     -613.881188        0.338573
FIRE:   82 11:34:50     -613.973773        0.285299
FIRE:   83 11:34:59     -614.073556        0.302848
FIRE:   84 11:35:08     -614.169532        0.291162
FIRE:   85 11:35:18     -614.267069        0.337900
FIRE:   86 11:35:27     -614.367361        0.305349
FIRE:   87 11:35:36     -614.446086        0.216599
FIRE:   88 11:35:45     -614.495312        0.399273
FIRE:   89 11:35:54     -614.558167        0.377104
FIRE:   90 11:36:03     -614.624176        0.197655
FIRE:   91 11:36:12     -614.679330        0.262226
FIRE:   92 11:36:21     -614.733903        0.199946
FIRE:   93 11:36:30     -614.772012        0.160641
FIRE:   94 11:36:39     -614.794554        0.223156
FIRE:   95 11:36:48     -614.815122        0.138753
FIRE:   96 11:36:57     -614.838964        0.146180
FIRE:   97 11:37:06     -614.849711        0.074298
FIRE:   98 11:37:15     -614.854149        0.079816
FIRE:   99 11:37:24     -614.855322        0.070396
FIRE:  100 11:37:34     -614.857151        0.053750
FIRE:  101 11:37:43     -614.858989        0.042926
FIRE:  102 11:37:52     -614.860568        0.038106
FIRE:  103 11:38:01     -614.862160        0.041488
FIRE:  104 11:38:10     -614.864150        0.046682
FIRE:  105 11:38:19     -614.866603        0.045884
FIRE:  106 11:38:28     -614.869484        0.036950
FIRE:  107 11:38:37     -614.872307        0.037535
FIRE:  108 11:38:46     -614.874956        0.034940
FIRE:  109 11:38:55     -614.877801        0.039993
FIRE:  110 11:39:04     -614.880878        0.037887
FIRE:  111 11:39:13     -614.883742        0.040241
FIRE:  112 11:39:22     -614.886486        0.048839
FIRE:  113 11:39:31     -614.889648        0.057912
FIRE:  114 11:39:40     -614.893235        0.079618
FIRE:  115 11:39:49     -614.898619        0.114303
FIRE:  116 11:39:58     -614.909146        0.182834
FIRE:  117 11:40:07     -614.936045        0.312348
FIRE:  118 11:40:16     -615.021003        0.580026
FIRE:  119 11:40:26     -615.185131        0.825863
FIRE:  120 11:40:35     -615.375966        0.566626
FIRE:  121 11:40:44     -615.457361        0.268957
FIRE:  122 11:40:53     -615.464105        0.507261
FIRE:  123 11:41:02     -615.513457        0.148752
FIRE:  124 11:41:11     -615.519026        0.297476
FIRE:  125 11:41:20     -615.525536        0.246031
FIRE:  126 11:41:29     -615.534304        0.154465
FIRE:  127 11:41:38     -615.540495        0.074163
FIRE:  128 11:41:47     -615.543042        0.116272
FIRE:  129 11:41:56     -615.544876        0.128730
FIRE:  130 11:42:05     -615.548720        0.159830
FIRE:  131 11:42:14     -615.554671        0.154045
FIRE:  132 11:42:23     -615.561408        0.105756
FIRE:  133 11:42:32     -615.566224        0.079858
FIRE:  134 11:42:41     -615.568961        0.121799
FIRE:  135 11:42:50     -615.572169        0.112547
FIRE:  136 11:42:59     -615.576821        0.081294
FIRE:  137 11:43:08     -615.581776        0.111399
FIRE:  138 11:43:18     -615.589036        0.162952
FIRE:  139 11:43:27     -615.606515        0.253234
FIRE:  140 11:43:36     -615.650280        0.421779
FIRE:  141 11:43:45     -615.764501        0.647267
FIRE:  142 11:43:54     -615.914058        0.598656
FIRE:  143 11:44:03     -616.006653        0.243154
FIRE:  144 11:44:12     -616.023871        0.322909
FIRE:  145 11:44:21     -616.045113        0.176742
FIRE:  146 11:44:30     -616.061642        0.107317
FIRE:  147 11:44:39     -616.066326        0.213950
FIRE:  148 11:44:48     -616.068551        0.198776
FIRE:  149 11:44:57     -616.072305        0.169166
FIRE:  150 11:45:06     -616.076530        0.127067
FIRE:  151 11:45:16     -616.080343        0.077135
FIRE:  152 11:45:25     -616.083505        0.075387
FIRE:  153 11:45:34     -616.086410        0.085943
FIRE:  154 11:45:43     -616.089700        0.093952
FIRE:  155 11:45:52     -616.094262        0.093713
FIRE:  156 11:46:01     -616.100245        0.078319
FIRE:  157 11:46:10     -616.106944        0.050189
FIRE:  158 11:46:19     -616.112834        0.033911
FIRE:  159 11:46:28     -616.116825        0.068205
FIRE:  160 11:46:37     -616.119810        0.071085
FIRE:  161 11:46:46     -616.122454        0.042185
FIRE:  162 11:46:55     -616.123334        0.061951
FIRE:  163 11:47:04     -616.123888        0.053082
FIRE:  164 11:47:13     -616.124788        0.036987
FIRE:  165 11:47:22     -616.125745        0.029722
FIRE:  166 11:47:32     -616.126564        0.023626
FIRE:  167 11:47:40     -616.127231        0.028956
FIRE:  168 11:47:50     -616.127843        0.029263
FIRE:  169 11:47:59     -616.128452        0.026318
FIRE:  170 11:48:08     -616.129071        0.017950
FIRE:  171 11:48:17     -616.129546        0.013801
FIRE:  172 11:48:26     -616.129828        0.016264
FIRE:  173 11:48:35     -616.130045        0.024741
FIRE:  174 11:48:44     -616.130346        0.020832
FIRE:  175 11:48:53     -616.130602        0.013062
FIRE:  176 11:49:02     -616.130723        0.028387
FIRE:  177 11:49:11     -616.130800        0.024772
FIRE:  178 11:49:20     -616.130933        0.018104
FIRE:  179 11:49:29     -616.131073        0.010471
FIRE:  180 11:49:38     -616.131195        0.010890
FIRE:  181 11:49:47     -616.131297        0.013813
FIRE:  182 11:49:56     -616.131401        0.015117
FIRE:  183 11:50:05     -616.131507        0.013266
FIRE:  184 11:50:14     -616.131629        0.008182
MACE calculation complete. Energy written to MACE_OUTCAR: -616.131629 eV
Job ended on: Mon  9 Jun 10:50:15 UTC 2025
