Job started on: Fri Jun 13 12:31:27 AM UTC 2025\n
cuequivariance or cuequivariance_torch is not available. Cuequivariance acceleration will be disabled.
Using Materials Project MACE for MACECalculator with /home/alexander/.cache/mace/MACE_MPtrj_20229model
Using float64 for MACECalculator, which is slower but more accurate. Recommended for geometry optimization.
Using head Default out of ['Default']
Using TorchDFTD3Calculator for D3 dispersion corrections
      Step     Time          Energy          fmax
FIRE:    0 01:31:30     -845.517523        7.232723
FIRE:    1 01:31:31     -851.420972        4.326115
FIRE:    2 01:31:33     -856.436498        3.619861
FIRE:    3 01:31:35     -860.748220        3.149988
FIRE:    4 01:31:37     -864.476877        2.742416
FIRE:    5 01:31:38     -867.704535        2.375476
FIRE:    6 01:31:38     -870.498524        2.035232
FIRE:    7 01:31:39     -872.921086        1.904013
FIRE:    8 01:31:39     -875.034803        1.824179
FIRE:    9 01:31:40     -876.888636        1.773541
FIRE:   10 01:31:40     -878.508260        1.680718
FIRE:   11 01:31:41     -879.896190        1.466182
FIRE:   12 01:31:41     -881.051321        1.371084
FIRE:   13 01:31:42     -881.994442        1.215912
FIRE:   14 01:31:42     -882.777841        1.516961
FIRE:   15 01:31:43     -883.469420        1.764994
FIRE:   16 01:31:43     -884.107459        1.415341
FIRE:   17 01:31:44     -884.687779        1.161189
FIRE:   18 01:31:44     -885.221334        1.188066
FIRE:   19 01:31:45     -885.755610        1.261613
FIRE:   20 01:31:45     -886.319206        1.375334
FIRE:   21 01:31:45     -886.900671        1.216144
FIRE:   22 01:31:46     -887.494499        1.198814
FIRE:   23 01:31:46     -888.117235        1.204877
FIRE:   24 01:31:47     -888.754916        1.140447
FIRE:   25 01:31:47     -889.356364        1.128196
FIRE:   26 01:31:48     -889.910345        1.231738
FIRE:   27 01:31:48     -890.432838        1.322091
FIRE:   28 01:31:49     -890.932266        1.384445
FIRE:   29 01:31:49     -891.421838        1.356111
FIRE:   30 01:31:50     -891.916838        1.077867
FIRE:   31 01:31:50     -892.418692        1.228082
FIRE:   32 01:31:51     -892.945307        1.599277
FIRE:   33 01:31:51     -893.579202        2.015061
FIRE:   34 01:31:52     -894.375859        2.437567
FIRE:   35 01:31:52     -895.381537        2.793952
FIRE:   36 01:31:53     -896.443081        2.624479
FIRE:   37 01:31:53     -897.363353        2.329612
FIRE:   38 01:31:53     -897.954419        3.427506
FIRE:   39 01:31:54     -898.410924        4.934849
FIRE:   40 01:31:54     -899.116994        3.801492
FIRE:   41 01:31:55     -899.725912        1.252355
FIRE:   42 01:31:55     -899.900576        2.451792
FIRE:   43 01:31:56     -900.242003        3.976491
FIRE:   44 01:31:56     -900.377305        3.810477
FIRE:   45 01:31:57     -900.874343        1.201648
FIRE:   46 01:31:57     -900.923894        0.799794
FIRE:   47 01:31:58     -900.994028        0.638035
FIRE:   48 01:31:58     -901.064555        0.634618
FIRE:   49 01:31:59     -901.149859        0.872136
FIRE:   50 01:31:59     -901.267883        0.724200
FIRE:   51 01:32:00     -901.404850        0.590785
FIRE:   52 01:32:00     -901.537235        0.576059
FIRE:   53 01:32:01     -901.684822        0.847146
FIRE:   54 01:32:01     -901.869046        0.619497
FIRE:   55 01:32:02     -902.071058        0.501194
FIRE:   56 01:32:02     -902.280869        0.730967
FIRE:   57 01:32:02     -902.515689        0.408164
FIRE:   58 01:32:03     -902.734802        0.601254
FIRE:   59 01:32:03     -902.936780        0.316917
FIRE:   60 01:32:04     -903.104784        0.530102
FIRE:   61 01:32:04     -903.271806        0.336843
FIRE:   62 01:32:05     -903.433328        0.376697
FIRE:   63 01:32:05     -903.592267        0.401163
FIRE:   64 01:32:06     -903.756169        0.326306
FIRE:   65 01:32:06     -903.933595        0.388821
FIRE:   66 01:32:07     -904.139971        0.611716
FIRE:   67 01:32:07     -904.428497        1.108545
FIRE:   68 01:32:08     -904.954128        2.052789
FIRE:   69 01:32:08     -905.849151        2.816351
FIRE:   70 01:32:09     -906.940212        2.922422
FIRE:   71 01:32:09     -907.907772        2.359559
FIRE:   72 01:32:10     -908.434933        2.769832
FIRE:   73 01:32:10     -908.887188        3.931107
FIRE:   74 01:32:11     -909.682351        1.923260
FIRE:   75 01:32:11     -910.132044        2.300693
FIRE:   76 01:32:12     -910.565251        3.009676
FIRE:   77 01:32:12     -911.177682        1.680866
FIRE:   78 01:32:13     -911.688009        1.431660
FIRE:   79 01:32:13     -912.109026        2.171266
FIRE:   80 01:32:13     -912.602941        1.233782
FIRE:   81 01:32:14     -913.033018        1.044605
FIRE:   82 01:32:14     -913.450598        1.163884
FIRE:   83 01:32:15     -913.880909        0.814858
FIRE:   84 01:32:15     -914.203529        0.932136
FIRE:   85 01:32:16     -914.438403        1.223582
FIRE:   86 01:32:16     -914.665899        1.201681
FIRE:   87 01:32:17     -914.896533        1.489083
FIRE:   88 01:32:17     -915.204129        1.352629
FIRE:   89 01:32:18     -915.634380        1.487397
FIRE:   90 01:32:18     -916.111438        1.513526
FIRE:   91 01:32:19     -916.596584        1.324480
FIRE:   92 01:32:19     -917.092902        1.105972
FIRE:   93 01:32:20     -917.553113        1.234589
FIRE:   94 01:32:20     -917.936879        1.209070
FIRE:   95 01:32:21     -918.260321        1.157837
FIRE:   96 01:32:21     -918.558761        1.116758
FIRE:   97 01:32:22     -918.825383        0.947738
FIRE:   98 01:32:22     -919.030134        0.785884
FIRE:   99 01:32:22     -919.183050        0.763292
FIRE:  100 01:32:23     -919.322972        0.762005
FIRE:  101 01:32:23     -919.463645        0.773851
FIRE:  102 01:32:24     -919.600851        0.803986
FIRE:  103 01:32:24     -919.733511        0.797471
FIRE:  104 01:32:25     -919.845857        0.739689
FIRE:  105 01:32:25     -919.929943        0.640133
FIRE:  106 01:32:26     -920.002427        0.634991
FIRE:  107 01:32:26     -920.059396        0.738437
FIRE:  108 01:32:27     -920.312276        0.937675
FIRE:  109 01:32:27     -919.898397        2.875967
FIRE:  110 01:32:28     -920.457744        1.605977
FIRE:  111 01:32:28     -920.530344        1.091935
FIRE:  112 01:32:29     -920.593540        0.308973
FIRE:  113 01:32:29     -920.589232        0.813592
FIRE:  114 01:32:30     -920.596006        0.733164
FIRE:  115 01:32:30     -920.607563        0.601596
FIRE:  116 01:32:31     -920.620739        0.430236
FIRE:  117 01:32:31     -920.632542        0.285268
FIRE:  118 01:32:32     -920.641545        0.284527
FIRE:  119 01:32:32     -920.648639        0.403812
FIRE:  120 01:32:32     -920.656241        0.524407
FIRE:  121 01:32:33     -920.667875        0.569819
FIRE:  122 01:32:33     -920.685695        0.518700
FIRE:  123 01:32:34     -920.709615        0.362509
FIRE:  124 01:32:34     -920.736600        0.259931
FIRE:  125 01:32:35     -920.763691        0.283785
FIRE:  126 01:32:36     -920.794321        0.399990
FIRE:  127 01:32:36     -920.835713        0.352437
FIRE:  128 01:32:37     -920.886861        0.369721
FIRE:  129 01:32:37     -920.942634        0.419442
FIRE:  130 01:32:38     -921.014559        0.495287
FIRE:  131 01:32:38     -921.114089        0.606007
FIRE:  132 01:32:39     -921.254797        0.825024
FIRE:  133 01:32:39     -921.509056        1.268649
FIRE:  134 01:32:40     -921.993687        1.687708
FIRE:  135 01:32:40     -922.614406        1.486543
FIRE:  136 01:32:41     -923.090149        0.751118
FIRE:  137 01:32:41     -923.269907        1.600386
FIRE:  138 01:32:42     -923.349512        1.174120
FIRE:  139 01:32:42     -923.448490        0.522776
FIRE:  140 01:32:43     -923.517084        0.455924
FIRE:  141 01:32:43     -923.560474        0.862569
FIRE:  142 01:32:44     -923.610696        1.068609
FIRE:  143 01:32:44     -923.687665        1.004461
FIRE:  144 01:32:45     -923.782415        0.677472
FIRE:  145 01:32:45     -923.871405        0.362912
FIRE:  146 01:32:46     -923.929005        0.828167
FIRE:  147 01:32:46     -924.001375        0.880754
FIRE:  148 01:32:47     -924.101391        0.344846
FIRE:  149 01:32:47     -924.161412        0.721297
FIRE:  150 01:32:47     -924.243045        0.580362
FIRE:  151 01:32:48     -924.326950        0.503030
FIRE:  152 01:32:48     -924.410943        0.525868
FIRE:  153 01:32:49     -924.496415        0.594138
FIRE:  154 01:32:49     -924.591121        0.657655
FIRE:  155 01:32:50     -924.609922        1.646622
FIRE:  156 01:32:50     -924.712727        0.745167
FIRE:  157 01:32:51     -924.727354        0.479751
FIRE:  158 01:32:51     -924.742020        0.296833
FIRE:  159 01:32:52     -924.746886        0.381788
FIRE:  160 01:32:52     -924.748309        0.347076
FIRE:  161 01:32:53     -924.750875        0.293869
FIRE:  162 01:32:53     -924.754135        0.292940
FIRE:  163 01:32:54     -924.757639        0.291775
FIRE:  164 01:32:54     -924.761144        0.290438
FIRE:  165 01:32:55     -924.764706        0.289005
FIRE:  166 01:32:55     -924.768640        0.287558
FIRE:  167 01:32:56     -924.773839        0.286012
FIRE:  168 01:32:56     -924.780845        0.284414
FIRE:  169 01:32:57     -924.789899        0.282801
FIRE:  170 01:32:57     -924.800769        0.281187
FIRE:  171 01:32:58     -924.813219        0.279574
FIRE:  172 01:32:58     -924.828013        0.277984
FIRE:  173 01:32:59     -924.846701        0.276515
FIRE:  174 01:32:59     -924.869631        0.275320
FIRE:  175 01:33:00     -924.896237        0.274464
FIRE:  176 01:33:00     -924.928442        0.273484
FIRE:  177 01:33:01     -924.967526        0.270998
FIRE:  178 01:33:01     -925.012619        0.265145
FIRE:  179 01:33:01     -925.065997        0.255889
FIRE:  180 01:33:02     -925.125986        0.251538
FIRE:  181 01:33:02     -925.196987        0.274259
FIRE:  182 01:33:03     -925.287756        0.355147
FIRE:  183 01:33:03     -925.418270        0.500685
FIRE:  184 01:33:04     -925.620113        0.652104
FIRE:  185 01:33:04     -925.872676        0.630032
FIRE:  186 01:33:05     -926.116794        0.754831
FIRE:  187 01:33:05     -926.345838        0.883138
FIRE:  188 01:33:06     -926.593798        0.759935
FIRE:  189 01:33:06     -926.845687        0.491376
FIRE:  190 01:33:07     -927.063330        0.552700
FIRE:  191 01:33:07     -927.222208        0.502127
FIRE:  192 01:33:08     -927.327913        0.500499
FIRE:  193 01:33:08     -927.429322        0.533738
FIRE:  194 01:33:09     -927.555562        0.528817
FIRE:  195 01:33:09     -927.670309        0.634481
FIRE:  196 01:33:10     -927.749154        0.891617
FIRE:  197 01:33:10     -926.905734        5.930133
FIRE:  198 01:33:11     -927.579155        2.920800
FIRE:  199 01:33:11     -927.746487        1.985785
FIRE:  200 01:33:12     -927.871747        0.321887
FIRE:  201 01:33:12     -927.795920        1.925852
FIRE:  202 01:33:13     -927.815742        1.697189
FIRE:  203 01:33:13     -927.846829        1.279027
FIRE:  204 01:33:14     -927.876367        0.738123
FIRE:  205 01:33:14     -927.893365        0.204669
FIRE:  206 01:33:15     -927.894300        0.390167
FIRE:  207 01:33:15     -927.894681        0.380660
FIRE:  208 01:33:16     -927.895421        0.361870
FIRE:  209 01:33:16     -927.896482        0.334263
FIRE:  210 01:33:16     -927.897807        0.298580
FIRE:  211 01:33:17     -927.899335        0.255873
FIRE:  212 01:33:17     -927.901001        0.207581
FIRE:  213 01:33:18     -927.902748        0.201973
FIRE:  214 01:33:18     -927.904722        0.201459
FIRE:  215 01:33:19     -927.906925        0.200810
FIRE:  216 01:33:19     -927.909393        0.200004
FIRE:  217 01:33:20     -927.912241        0.199015
FIRE:  218 01:33:20     -927.915698        0.197820
FIRE:  219 01:33:21     -927.920080        0.196398
FIRE:  220 01:33:21     -927.925703        0.194722
FIRE:  221 01:33:22     -927.932760        0.192754
FIRE:  222 01:33:22     -927.941216        0.190448
FIRE:  223 01:33:23     -927.950933        0.187744
FIRE:  224 01:33:23     -927.962104        0.185410
FIRE:  225 01:33:24     -927.975501        0.187104
FIRE:  226 01:33:24     -927.991812        0.189210
FIRE:  227 01:33:25     -928.010812        0.191829
FIRE:  228 01:33:25     -928.032391        0.195092
FIRE:  229 01:33:26     -928.057972        0.199115
FIRE:  230 01:33:26     -928.087908        0.204042
FIRE:  231 01:33:27     -928.122348        0.210118
FIRE:  232 01:33:27     -928.163879        0.217786
FIRE:  233 01:33:28     -928.213500        0.228200
FIRE:  234 01:33:28     -928.276744        0.256683
FIRE:  235 01:33:28     -928.360886        0.332099
FIRE:  236 01:33:29     -928.482114        0.416046
FIRE:  237 01:33:29     -928.655256        0.374607
FIRE:  238 01:33:30     -928.840134        0.407796
FIRE:  239 01:33:30     -929.001413        0.314246
FIRE:  240 01:33:31     -929.150567        0.265617
FIRE:  241 01:33:31     -929.281518        0.353226
FIRE:  242 01:33:32     -929.395077        0.546700
FIRE:  243 01:33:32     -929.487820        0.842776
FIRE:  244 01:33:33     -929.564036        1.118794
FIRE:  245 01:33:33     -929.555878        1.396611
FIRE:  246 01:33:34     -929.605535        0.686551
FIRE:  247 01:33:34     -929.618150        0.457044
FIRE:  248 01:33:35     -929.620627        0.389079
FIRE:  249 01:33:35     -929.624602        0.264839
FIRE:  250 01:33:36     -929.628692        0.212132
FIRE:  251 01:33:36     -929.631979        0.210486
FIRE:  252 01:33:37     -929.634634        0.208406
FIRE:  253 01:33:37     -929.637688        0.285082
FIRE:  254 01:33:38     -929.642045        0.301623
FIRE:  255 01:33:38     -929.648507        0.248180
FIRE:  256 01:33:38     -929.656547        0.196103
FIRE:  257 01:33:39     -929.664866        0.191440
FIRE:  258 01:33:39     -929.673474        0.192930
FIRE:  259 01:33:40     -929.684687        0.205301
FIRE:  260 01:33:40     -929.699286        0.172957
FIRE:  261 01:33:41     -929.714795        0.165724
FIRE:  262 01:33:41     -929.732783        0.210133
FIRE:  263 01:33:42     -929.755859        0.151694
FIRE:  264 01:33:42     -929.781179        0.191959
FIRE:  265 01:33:43     -929.814190        0.180808
FIRE:  266 01:33:43     -929.853592        0.226199
FIRE:  267 01:33:44     -929.908740        0.296707
FIRE:  268 01:33:44     -929.987545        0.407970
FIRE:  269 01:33:45     -930.118115        0.607395
FIRE:  270 01:33:45     -930.388054        1.070893
FIRE:  271 01:33:46     -930.902839        1.695754
FIRE:  272 01:33:46     -931.595894        1.821127
FIRE:  273 01:33:47     -932.109263        1.273094
FIRE:  274 01:33:47     -932.214016        2.738036
FIRE:  275 01:33:48     -932.486891        0.536006
FIRE:  276 01:33:48     -932.470391        1.741848
FIRE:  277 01:33:49     -932.518467        1.482771
FIRE:  278 01:33:49     -932.586145        1.002876
FIRE:  279 01:33:49     -932.635813        0.535032
FIRE:  280 01:33:50     -932.654480        0.739727
FIRE:  281 01:33:50     -932.658468        0.710412
FIRE:  282 01:33:51     -932.665936        0.656132
FIRE:  283 01:33:51     -932.675998        0.586358
FIRE:  284 01:33:52     -932.687611        0.515457
FIRE:  285 01:33:52     -932.699864        0.463584
FIRE:  286 01:33:53     -932.712240        0.448427
FIRE:  287 01:33:53     -932.724786        0.469638
FIRE:  288 01:33:54     -932.739463        0.511836
FIRE:  289 01:33:54     -932.757672        0.549754
FIRE:  290 01:33:55     -932.781119        0.558792
FIRE:  291 01:33:55     -932.811145        0.524035
FIRE:  292 01:33:56     -932.847894        0.454848
FIRE:  293 01:33:56     -932.890452        0.405123
FIRE:  294 01:33:57     -932.938891        0.431518
FIRE:  295 01:33:57     -932.996726        0.477088
FIRE:  296 01:33:58     -933.068991        0.470779
FIRE:  297 01:33:58     -933.157985        0.496667
FIRE:  298 01:33:59     -933.269000        0.616455
FIRE:  299 01:33:59     -933.418550        0.671387
FIRE:  300 01:34:00     -933.621377        0.675247
FIRE:  301 01:34:00     -933.892177        0.719598
FIRE:  302 01:34:00     -934.211836        0.738748
FIRE:  303 01:34:01     -934.506547        0.726622
FIRE:  304 01:34:01     -934.788734        0.751144
FIRE:  305 01:34:02     -935.064425        0.765667
FIRE:  306 01:34:02     -935.295069        0.576163
FIRE:  307 01:34:03     -935.448671        0.567118
FIRE:  308 01:34:03     -935.489636        0.946591
FIRE:  309 01:34:04     -935.549253        0.749140
FIRE:  310 01:34:04     -935.641212        0.606320
FIRE:  311 01:34:05     -935.749916        0.762009
FIRE:  312 01:34:05     -935.884772        0.966504
FIRE:  313 01:34:06     -936.072811        1.129340
FIRE:  314 01:34:06     -936.320790        1.139095
FIRE:  315 01:34:07     -936.595794        1.005372
FIRE:  316 01:34:07     -936.852494        0.515470
FIRE:  317 01:34:08     -936.956294        0.909535
FIRE:  318 01:34:08     -936.973331        0.810108
FIRE:  319 01:34:09     -937.001772        0.634179
FIRE:  320 01:34:09     -937.033622        0.421866
FIRE:  321 01:34:10     -937.062661        0.279048
FIRE:  322 01:34:10     -937.086820        0.333668
FIRE:  323 01:34:11     -937.107742        0.425156
FIRE:  324 01:34:11     -937.128537        0.475328
FIRE:  325 01:34:12     -937.154385        0.482875
FIRE:  326 01:34:12     -937.187390        0.439737
FIRE:  327 01:34:13     -937.227878        0.338613
FIRE:  328 01:34:13     -937.274719        0.243378
FIRE:  329 01:34:14     -937.327866        0.379037
FIRE:  330 01:34:14     -937.391009        0.376686
FIRE:  331 01:34:15     -937.466068        0.302622
FIRE:  332 01:34:15     -937.551479        0.324106
FIRE:  333 01:34:15     -937.659070        0.346707
FIRE:  334 01:34:16     -937.805988        0.397151
FIRE:  335 01:34:16     -937.962872        0.379499
FIRE:  336 01:34:17     -938.090370        0.282100
FIRE:  337 01:34:17     -938.120677        0.612303
FIRE:  338 01:34:18     -938.149002        0.326236
FIRE:  339 01:34:18     -938.153512        0.313030
FIRE:  340 01:34:19     -938.159541        0.287955
FIRE:  341 01:34:19     -938.165001        0.253800
FIRE:  342 01:34:20     -938.171078        0.216336
FIRE:  343 01:34:20     -938.179110        0.182835
FIRE:  344 01:34:21     -938.187576        0.160191
FIRE:  345 01:34:21     -938.194395        0.152241
FIRE:  346 01:34:22     -938.201333        0.162238
FIRE:  347 01:34:22     -938.210532        0.168920
FIRE:  348 01:34:23     -938.220252        0.176600
FIRE:  349 01:34:23     -938.230515        0.171700
FIRE:  350 01:34:24     -938.243596        0.152143
FIRE:  351 01:34:24     -938.256112        0.140259
FIRE:  352 01:34:25     -938.270926        0.084213
FIRE:  353 01:34:25     -938.284713        0.131856
FIRE:  354 01:34:26     -938.298443        0.160742
FIRE:  355 01:34:26     -938.311792        0.114104
FIRE:  356 01:34:26     -938.323148        0.171337
FIRE:  357 01:34:27     -938.329168        0.418790
FIRE:  358 01:34:27     -938.335914        0.096864
FIRE:  359 01:34:28     -938.333157        0.340319
FIRE:  360 01:34:28     -938.334990        0.264982
FIRE:  361 01:34:29     -938.337229        0.129995
FIRE:  362 01:34:29     -938.338233        0.086626
FIRE:  363 01:34:30     -938.337862        0.170410
FIRE:  364 01:34:30     -938.338004        0.160691
FIRE:  365 01:34:31     -938.338264        0.141848
FIRE:  366 01:34:31     -938.338596        0.115063
FIRE:  367 01:34:32     -938.338948        0.082437
FIRE:  368 01:34:32     -938.339270        0.081722
FIRE:  369 01:34:33     -938.339532        0.080840
FIRE:  370 01:34:33     -938.339737        0.079785
FIRE:  371 01:34:34     -938.339933        0.078443
FIRE:  372 01:34:34     -938.340179        0.080026
FIRE:  373 01:34:35     -938.340547        0.088807
FIRE:  374 01:34:35     -938.341091        0.081168
FIRE:  375 01:34:36     -938.341802        0.069719
FIRE:  376 01:34:36     -938.342595        0.066433
FIRE:  377 01:34:37     -938.343387        0.062501
FIRE:  378 01:34:37     -938.344248        0.066325
FIRE:  379 01:34:38     -938.345384        0.063322
FIRE:  380 01:34:38     -938.346803        0.053703
FIRE:  381 01:34:39     -938.348279        0.052987
FIRE:  382 01:34:39     -938.349953        0.063661
FIRE:  383 01:34:40     -938.352072        0.051534
FIRE:  384 01:34:40     -938.354318        0.054033
FIRE:  385 01:34:41     -938.357042        0.051311
FIRE:  386 01:34:41     -938.360076        0.057711
FIRE:  387 01:34:42     -938.363720        0.048958
FIRE:  388 01:34:42     -938.367723        0.073373
FIRE:  389 01:34:43     -938.372567        0.069860
FIRE:  390 01:34:43     -938.378177        0.051323
FIRE:  391 01:34:44     -938.384390        0.075874
FIRE:  392 01:34:44     -938.389827        0.194552
FIRE:  393 01:34:45     -938.384079        0.584708
FIRE:  394 01:34:45     -938.397630        0.071588
FIRE:  395 01:34:46     -938.397786        0.052052
FIRE:  396 01:34:46     -938.397990        0.040729
FIRE:  397 01:34:46     -938.398155        0.040766
FIRE:  398 01:34:47     -938.398314        0.049586
FIRE:  399 01:34:47     -938.398564        0.053795
FIRE:  400 01:34:48     -938.398925        0.040987
FIRE:  401 01:34:48     -938.399322        0.041101
FIRE:  402 01:34:49     -938.399729        0.041258
FIRE:  403 01:34:49     -938.400218        0.042871
FIRE:  404 01:34:50     -938.400897        0.041736
FIRE:  405 01:34:50     -938.401686        0.042079
FIRE:  406 01:34:51     -938.402584        0.042508
FIRE:  407 01:34:51     -938.403765        0.043023
FIRE:  408 01:34:52     -938.405097        0.043631
FIRE:  409 01:34:52     -938.406813        0.044329
FIRE:  410 01:34:53     -938.408807        0.045153
FIRE:  411 01:34:53     -938.411291        0.046178
FIRE:  412 01:34:54     -938.414344        0.047480
FIRE:  413 01:34:54     -938.418082        0.049151
FIRE:  414 01:34:55     -938.422647        0.051232
FIRE:  415 01:34:55     -938.427209        0.186093
FIRE:  416 01:34:55     -938.421080        0.614090
FIRE:  417 01:34:56     -938.434807        0.126839
FIRE:  418 01:34:56     -938.435176        0.088184
FIRE:  419 01:34:57     -938.435563        0.055714
FIRE:  420 01:34:58     -938.435687        0.055724
FIRE:  421 01:34:59     -938.435713        0.055728
FIRE:  422 01:34:59     -938.435762        0.055734
FIRE:  423 01:35:00     -938.435829        0.055743
FIRE:  424 01:35:00     -938.435905        0.055756
FIRE:  425 01:35:00     -938.435988        0.055771
FIRE:  426 01:35:01     -938.436074        0.055790
FIRE:  427 01:35:01     -938.436169        0.055811
FIRE:  428 01:35:02     -938.436292        0.055838
FIRE:  429 01:35:02     -938.436453        0.055871
FIRE:  430 01:35:03     -938.436665        0.055912
FIRE:  431 01:35:03     -938.436930        0.055963
FIRE:  432 01:35:04     -938.437251        0.056030
FIRE:  433 01:35:04     -938.437635        0.056115
FIRE:  434 01:35:05     -938.438113        0.056226
FIRE:  435 01:35:05     -938.438718        0.056367
FIRE:  436 01:35:06     -938.439461        0.056542
FIRE:  437 01:35:06     -938.440362        0.056751
FIRE:  438 01:35:07     -938.441487        0.056992
FIRE:  439 01:35:07     -938.442870        0.057267
FIRE:  440 01:35:08     -938.444565        0.057583
FIRE:  441 01:35:08     -938.446672        0.057938
FIRE:  442 01:35:09     -938.449266        0.058312
FIRE:  443 01:35:09     -938.452487        0.058691
FIRE:  444 01:35:09     -938.456485        0.059089
FIRE:  445 01:35:10     -938.461450        0.059394
FIRE:  446 01:35:10     -938.467659        0.059556
FIRE:  447 01:35:11     -938.475334        0.059359
FIRE:  448 01:35:11     -938.483206        0.192672
FIRE:  449 01:35:12     -938.473167        0.651808
FIRE:  450 01:35:12     -938.495825        0.171075
FIRE:  451 01:35:13     -938.496702        0.121344
FIRE:  452 01:35:13     -938.497562        0.057610
FIRE:  453 01:35:14     -938.497709        0.060991
FIRE:  454 01:35:14     -938.497766        0.057641
FIRE:  455 01:35:15     -938.497871        0.057648
FIRE:  456 01:35:15     -938.498007        0.057658
FIRE:  457 01:35:16     -938.498155        0.057672
FIRE:  458 01:35:16     -938.498303        0.057689
FIRE:  459 01:35:17     -938.498452        0.057709
FIRE:  460 01:35:17     -938.498610        0.057732
FIRE:  461 01:35:18     -938.498814        0.057759
FIRE:  462 01:35:18     -938.499092        0.057790
FIRE:  463 01:35:18     -938.499465        0.057827
FIRE:  464 01:35:19     -938.499936        0.057869
FIRE:  465 01:35:19     -938.500497        0.057917
FIRE:  466 01:35:20     -938.501158        0.057969
FIRE:  467 01:35:20     -938.501988        0.058024
FIRE:  468 01:35:21     -938.503057        0.058077
FIRE:  469 01:35:21     -938.504370        0.058118
FIRE:  470 01:35:22     -938.505955        0.058135
FIRE:  471 01:35:22     -938.507962        0.058110
FIRE:  472 01:35:23     -938.510452        0.058024
FIRE:  473 01:35:23     -938.513539        0.057857
FIRE:  474 01:35:24     -938.517442        0.057856
FIRE:  475 01:35:24     -938.522335        0.060923
FIRE:  476 01:35:25     -938.528545        0.064488
FIRE:  477 01:35:25     -938.536506        0.068890
FIRE:  478 01:35:26     -938.546782        0.073431
FIRE:  479 01:35:26     -938.560135        0.078293
FIRE:  480 01:35:27     -938.577039        0.111061
FIRE:  481 01:35:27     -938.592588        0.387872
FIRE:  482 01:35:27     -938.538669        1.317785
FIRE:  483 01:35:28     -938.621192        0.358733
FIRE:  484 01:35:28     -938.625173        0.238229
FIRE:  485 01:35:29     -938.628683        0.081463
FIRE:  486 01:35:29     -938.628419        0.157260
FIRE:  487 01:35:30     -938.628672        0.144338
FIRE:  488 01:35:30     -938.629117        0.119550
FIRE:  489 01:35:31     -938.629652        0.085035
FIRE:  490 01:35:31     -938.630169        0.081710
FIRE:  491 01:35:32     -938.630597        0.081949
FIRE:  492 01:35:32     -938.630934        0.082194
FIRE:  493 01:35:33     -938.631251        0.082425
FIRE:  494 01:35:33     -938.631695        0.087401
FIRE:  495 01:35:34     -938.632381        0.089736
FIRE:  496 01:35:34     -938.633373        0.082997
FIRE:  497 01:35:35     -938.634625        0.083119
FIRE:  498 01:35:35     -938.636007        0.083230
FIRE:  499 01:35:36     -938.637518        0.083379
FIRE:  500 01:35:36     -938.639440        0.083610
FIRE:  501 01:35:36     -938.642026        0.083916
FIRE:  502 01:35:37     -938.645101        0.084192
FIRE:  503 01:35:37     -938.648637        0.084180
FIRE:  504 01:35:38     -938.653199        0.083629
FIRE:  505 01:35:38     -938.658663        0.082480
FIRE:  506 01:35:39     -938.665200        0.080955
FIRE:  507 01:35:39     -938.673208        0.078962
FIRE:  508 01:35:40     -938.682691        0.075643
FIRE:  509 01:35:40     -938.693815        0.072596
FIRE:  510 01:35:41     -938.706809        0.068385
FIRE:  511 01:35:41     -938.721282        0.076456
FIRE:  512 01:35:42     -938.736037        0.163564
FIRE:  513 01:35:42     -938.744942        0.432761
FIRE:  514 01:35:43     -938.753180        0.053465
FIRE:  515 01:35:43     -938.747934        0.384782
FIRE:  516 01:35:44     -938.750561        0.290963
FIRE:  517 01:35:44     -938.753541        0.128104
FIRE:  518 01:35:45     -938.754406        0.062701
FIRE:  519 01:35:45     -938.754441        0.059276
FIRE:  520 01:35:46     -938.754507        0.052648
FIRE:  521 01:35:46     -938.754596        0.051281
FIRE:  522 01:35:47     -938.754705        0.051170
FIRE:  523 01:35:47     -938.754826        0.051032
FIRE:  524 01:35:47     -938.754954        0.050868
FIRE:  525 01:35:48     -938.755092        0.050680
FIRE:  526 01:35:48     -938.755260        0.050446
FIRE:  527 01:35:49     -938.755473        0.050160
FIRE:  528 01:35:49     -938.755747        0.049818
FIRE:  529 01:35:50     -938.756100        0.049413
FIRE:  530 01:35:50     -938.756543        0.048937
FIRE:  531 01:35:51     -938.757079        0.048377
FIRE:  532 01:35:51     -938.757710        0.047719
FIRE:  533 01:35:52     -938.758480        0.047337
FIRE:  534 01:35:52     -938.759435        0.047541
FIRE:  535 01:35:53     -938.760590        0.047604
FIRE:  536 01:35:53     -938.761957        0.047471
FIRE:  537 01:35:54     -938.763613        0.047084
FIRE:  538 01:35:54     -938.765586        0.046314
FIRE:  539 01:35:55     -938.767907        0.044924
FIRE:  540 01:35:55     -938.770660        0.042712
FIRE:  541 01:35:56     -938.773839        0.039701
FIRE:  542 01:35:56     -938.777512        0.036104
FIRE:  543 01:35:56     -938.781686        0.031957
FIRE:  544 01:35:57     -938.786365        0.032186
FIRE:  545 01:35:57     -938.791464        0.035896
FIRE:  546 01:35:58     -938.796441        0.113974
FIRE:  547 01:35:58     -938.798133        0.334355
FIRE:  548 01:35:59     -938.802629        0.039631
FIRE:  549 01:35:59     -938.799380        0.303898
FIRE:  550 01:36:00     -938.800932        0.227841
FIRE:  551 01:36:00     -938.802633        0.096017
FIRE:  552 01:36:01     -938.802993        0.057733
FIRE:  553 01:36:01     -938.803013        0.054400
FIRE:  554 01:36:02     -938.803049        0.047948
FIRE:  555 01:36:02     -938.803097        0.039576
FIRE:  556 01:36:03     -938.803151        0.039654
FIRE:  557 01:36:03     -938.803203        0.039743
FIRE:  558 01:36:04     -938.803252        0.039837
FIRE:  559 01:36:04     -938.803299        0.039928
FIRE:  560 01:36:05     -938.803353        0.040019
FIRE:  561 01:36:05     -938.803423        0.040103
FIRE:  562 01:36:05     -938.803521        0.040173
FIRE:  563 01:36:06     -938.803652        0.040229
FIRE:  564 01:36:06     -938.803818        0.040278
FIRE:  565 01:36:07     -938.804011        0.040347
FIRE:  566 01:36:07     -938.804236        0.040487
FIRE:  567 01:36:08     -938.804511        0.040769
FIRE:  568 01:36:08     -938.804867        0.041262
FIRE:  569 01:36:09     -938.805306        0.042023
FIRE:  570 01:36:09     -938.805824        0.043072
FIRE:  571 01:36:10     -938.806480        0.044428
FIRE:  572 01:36:10     -938.807295        0.046265
FIRE:  573 01:36:11     -938.808294        0.049046
FIRE:  574 01:36:11     -938.809579        0.053325
FIRE:  575 01:36:12     -938.811203        0.059543
FIRE:  576 01:36:12     -938.813354        0.068210
FIRE:  577 01:36:13     -938.816244        0.080840
FIRE:  578 01:36:13     -938.820320        0.097871
FIRE:  579 01:36:14     -938.826306        0.114986
FIRE:  580 01:36:14     -938.835019        0.117643
FIRE:  581 01:36:14     -938.845376        0.221161
FIRE:  582 01:36:15     -938.841024        0.744257
FIRE:  583 01:36:15     -938.859441        0.183090
FIRE:  584 01:36:16     -938.860205        0.132058
FIRE:  585 01:36:16     -938.861104        0.128258
FIRE:  586 01:36:17     -938.861627        0.122722
FIRE:  587 01:36:17     -938.862043        0.127224
FIRE:  588 01:36:18     -938.862916        0.134081
FIRE:  589 01:36:18     -938.864267        0.101587
FIRE:  590 01:36:19     -938.865618        0.094511
FIRE:  591 01:36:19     -938.866816        0.087073
FIRE:  592 01:36:20     -938.868350        0.104716
FIRE:  593 01:36:20     -938.870664        0.076514
FIRE:  594 01:36:21     -938.873160        0.085224
FIRE:  595 01:36:21     -938.876124        0.093469
FIRE:  596 01:36:22     -938.880258        0.098472
FIRE:  597 01:36:22     -938.884903        0.100158
FIRE:  598 01:36:23     -938.891266        0.099782
FIRE:  599 01:36:23     -938.898807        0.095502
FIRE:  600 01:36:23     -938.908470        0.095507
FIRE:  601 01:36:24     -938.920954        0.091338
FIRE:  602 01:36:24     -938.936899        0.099147
FIRE:  603 01:36:25     -938.956798        0.188325
FIRE:  604 01:36:25     -938.971835        0.574833
FIRE:  605 01:36:26     -938.987380        0.103500
FIRE:  606 01:36:27     -938.987746        0.103811
FIRE:  607 01:36:27     -938.988434        0.104421
FIRE:  608 01:36:28     -938.989404        0.105301
FIRE:  609 01:36:28     -938.990670        0.106404
FIRE:  610 01:36:29     -938.992280        0.107658
FIRE:  611 01:36:29     -938.994258        0.108982
FIRE:  612 01:36:30     -938.996574        0.110288
FIRE:  613 01:36:30     -938.999513        0.111598
FIRE:  614 01:36:31     -939.003265        0.112711
FIRE:  615 01:36:31     -939.008096        0.113264
FIRE:  616 01:36:32     -939.014237        0.116894
FIRE:  617 01:36:32     -939.022020        0.119852
FIRE:  618 01:36:33     -939.031938        0.120604
