Failed checking if argv[0] is an import path entry
Traceback (most recent call last):
  File "<frozen zipimport>", line 92, in __init__
KeyError: '/home/alexander/school/exeter/phd-physics/upgrade_report/case_studies/common/structures/interfaces/380_C308Si72_111_111_a0.204545_b0.022727_c2.188944_interface6shift1/run-mace.py'

During handling of the above exception, another exception occurred:

Traceback (most recent call last):
  File "<frozen zipimport>", line 94, in __init__
  File "<frozen zipimport>", line 358, in _read_directory
KeyboardInterrupt
Traceback (most recent call last):
  File "/home/alexander/school/exeter/phd-physics/upgrade_report/case_studies/common/structures/interfaces/380_C308Si72_111_111_a0.204545_b0.022727_c2.188944_interface6shift1/run-mace.py", line 4, in <module>
    from ase.io import read
  File "/home/alexander/lib/python3.12/site-packages/ase/__init__.py", line 8, in <module>
    import ase.parallel  # noqa
    ^^^^^^^^^^^^^^^^^^^
  File "/home/alexander/lib/python3.12/site-packages/ase/parallel.py", line 9, in <module>
    import numpy as np
  File "/home/alexander/lib/python3.12/site-packages/numpy/__init__.py", line 149, in <module>
    from . import lib
  File "/home/alexander/lib/python3.12/site-packages/numpy/lib/__init__.py", line 23, in <module>
    from . import index_tricks
  File "/home/alexander/lib/python3.12/site-packages/numpy/lib/index_tricks.py", line 12, in <module>
    import numpy.matrixlib as matrixlib
  File "/home/alexander/lib/python3.12/site-packages/numpy/matrixlib/__init__.py", line 4, in <module>
    from . import defmatrix
  File "/home/alexander/lib/python3.12/site-packages/numpy/matrixlib/defmatrix.py", line 12, in <module>
    from numpy.linalg import matrix_power
  File "/home/alexander/lib/python3.12/site-packages/numpy/linalg/__init__.py", line 73, in <module>
    from . import linalg
  File "/home/alexander/lib/python3.12/site-packages/numpy/linalg/linalg.py", line 20, in <module>
    from typing import NamedTuple, Any
  File "<frozen importlib._bootstrap>", line 1360, in _find_and_load
  File "<frozen importlib._bootstrap>", line 1331, in _find_and_load_unlocked
  File "<frozen importlib._bootstrap>", line 935, in _load_unlocked
  File "<frozen importlib._bootstrap_external>", line 991, in exec_module
  File "<frozen importlib._bootstrap_external>", line 1124, in get_code
  File "<frozen importlib._bootstrap_external>", line 753, in _compile_bytecode
KeyboardInterrupt
