Si Bulk DFT energetics calculations using VASP
Running on host: comp120
Working directory: /lustre/home/ah1365/projects/127870/upgrade_report/case_studies/common/structures/interfaces/264_Si156Sn108_001_001_a0.276923_b0.041026_c2.1_interface1shift5swap6
Job started on: Thu 12 Jun 01:08:11 UTC 2025
cuequivariance or cuequivariance_torch is not available. Cuequivariance acceleration will be disabled.
Using Materials Project MACE for MACECalculator with /lustre/home/ah1365/.cache/mace/MACE_MPtrj_20229model
Using float64 for MACECalculator, which is slower but more accurate. Recommended for geometry optimization.
Using TorchDFTD3Calculator for D3 dispersion corrections
      Step     Time          Energy          fmax
FIRE:    0 02:08:45    -1219.044807        6.109924
FIRE:    1 02:09:05    -1225.778645        5.197780
FIRE:    2 02:09:25    -1231.755292        4.406460
FIRE:    3 02:09:45    -1237.060404        3.731251
FIRE:    4 02:10:04    -1241.770058        3.172995
FIRE:    5 02:10:24    -1245.951913        2.721008
FIRE:    6 02:10:44    -1249.665348        2.436679
FIRE:    7 02:11:03    -1252.962890        2.241645
FIRE:    8 02:11:23    -1255.894680        2.044456
FIRE:    9 02:11:43    -1258.507535        1.848827
FIRE:   10 02:12:02    -1260.846063        1.657827
FIRE:   11 02:12:22    -1262.951970        1.473336
FIRE:   12 02:12:42    -1264.862183        1.470376
FIRE:   13 02:13:02    -1266.606619        1.429697
FIRE:   14 02:13:21    -1268.207050        1.345958
FIRE:   15 02:13:41    -1269.678088        1.223139
FIRE:   16 02:14:01    -1271.029863        1.081229
FIRE:   17 02:14:21    -1272.270947        1.047951
FIRE:   18 02:14:40    -1273.412247        1.019558
FIRE:   19 02:15:00    -1274.467976        0.994135
FIRE:   20 02:15:20    -1275.455389        0.969690
FIRE:   21 02:15:40    -1276.392046        0.943887
FIRE:   22 02:15:59    -1277.293550        0.913889
FIRE:   23 02:16:19    -1278.171100        0.876690
FIRE:   24 02:16:39    -1279.030724        0.830415
FIRE:   25 02:16:59    -1279.874025        0.787676
FIRE:   26 02:17:19    -1280.699937        0.783745
FIRE:   27 02:17:38    -1281.506889        0.772094
FIRE:   28 02:17:58    -1282.293876        0.755396
FIRE:   29 02:18:18    -1283.060270        0.735706
FIRE:   30 02:18:38    -1283.804075        0.712162
FIRE:   31 02:18:57    -1284.521086        0.680981
FIRE:   32 02:19:17    -1285.203560        0.639305
FIRE:   33 02:19:37    -1285.843632        0.600311
FIRE:   34 02:19:57    -1286.435392        0.592337
FIRE:   35 02:20:17    -1286.974978        0.565260
FIRE:   36 02:20:36    -1287.459161        0.519142
FIRE:   37 02:20:56    -1287.884591        0.467702
FIRE:   38 02:21:16    -1288.248464        0.411343
FIRE:   39 02:21:35    -1288.552180        0.404718
FIRE:   40 02:21:55    -1288.803859        0.404776
FIRE:   41 02:22:15    -1289.018164        0.555268
FIRE:   42 02:22:35    -1289.212419        0.676665
FIRE:   43 02:22:55    -1289.402197        0.775246
FIRE:   44 02:23:14    -1289.597159        0.799557
FIRE:   45 02:23:34    -1289.799999        0.752390
FIRE:   46 02:23:54    -1290.008868        0.651584
FIRE:   47 02:24:14    -1290.221789        0.584515
FIRE:   48 02:24:33    -1290.440677        0.635634
FIRE:   49 02:24:53    -1290.671785        0.650498
FIRE:   50 02:25:13    -1290.922201        0.660705
FIRE:   51 02:25:33    -1291.195230        0.725270
FIRE:   52 02:25:53    -1291.487721        0.739453
FIRE:   53 02:26:12    -1291.790719        0.686736
FIRE:   54 02:26:32    -1292.091329        0.685675
FIRE:   55 02:26:52    -1292.376114        0.708829
FIRE:   56 02:27:12    -1292.634422        0.736761
FIRE:   57 02:27:32    -1292.860959        0.900348
FIRE:   58 02:27:51    -1293.058262        1.212576
FIRE:   59 02:28:11    -1293.238392        1.459452
FIRE:   60 02:28:31    -1293.414100        1.492776
FIRE:   61 02:28:51    -1293.586966        1.269004
FIRE:   62 02:29:11    -1293.756255        1.583630
FIRE:   63 02:29:31    -1293.930508        1.708090
FIRE:   64 02:29:50    -1294.114847        1.482179
FIRE:   65 02:30:10    -1294.296268        1.008248
FIRE:   66 02:30:30    -1294.456012        0.694425
FIRE:   67 02:30:50    -1294.590648        0.767935
FIRE:   68 02:31:10    -1294.712041        0.789754
FIRE:   69 02:31:30    -1294.833729        0.809879
FIRE:   70 02:31:50    -1294.963215        0.878493
FIRE:   71 02:32:10    -1295.101442        0.859075
FIRE:   72 02:32:29    -1295.244727        0.843076
FIRE:   73 02:32:49    -1295.386844        0.813789
FIRE:   74 02:33:09    -1295.520428        0.723455
FIRE:   75 02:33:29    -1295.638286        0.576706
FIRE:   76 02:33:49    -1295.735411        0.572451
FIRE:   77 02:34:09    -1295.812253        0.767510
FIRE:   78 02:34:29    -1295.874803        0.857267
FIRE:   79 02:34:48    -1295.931025        0.787117
FIRE:   80 02:35:08    -1295.986836        0.913579
FIRE:   81 02:35:28    -1296.043972        0.928308
FIRE:   82 02:35:48    -1296.097978        0.760364
FIRE:   83 02:36:08    -1296.141805        0.620771
FIRE:   84 02:36:28    -1296.538138        0.315878
FIRE:   85 02:36:48    -1296.742298        0.313329
FIRE:   86 02:37:08    -1296.877670        0.242491
FIRE:   87 02:37:27    -1296.995564        0.241962
FIRE:   88 02:37:47    -1297.100036        0.289764
FIRE:   89 02:38:07    -1297.201141        0.342736
FIRE:   90 02:38:27    -1297.311428        0.395260
FIRE:   91 02:38:47    -1297.435665        0.477244
FIRE:   92 02:39:07    -1297.570679        0.481482
FIRE:   93 02:39:26    -1297.700269        0.418225
FIRE:   94 02:39:46    -1297.799415        0.314450
FIRE:   95 02:40:06    -1297.859484        0.443838
FIRE:   96 02:40:26    -1297.911061        0.559055
FIRE:   97 02:40:46    -1297.988548        0.373665
FIRE:   98 02:41:06    -1298.055525        0.263398
FIRE:   99 02:41:26    -1298.097563        0.347927
FIRE:  100 02:41:46    -1298.128041        0.334884
FIRE:  101 02:42:06    -1298.157883        0.242290
FIRE:  102 02:42:25    -1298.193262        0.196126
FIRE:  103 02:42:45    -1298.238589        0.201502
FIRE:  104 02:43:05    -1298.295113        0.193904
FIRE:  105 02:43:25    -1298.353675        0.170753
FIRE:  106 02:43:45    -1298.408501        0.183070
FIRE:  107 02:44:05    -1298.461295        0.218693
FIRE:  108 02:44:25    -1298.517661        0.300352
FIRE:  109 02:44:45    -1298.582345        0.240002
FIRE:  110 02:45:05    -1298.650508        0.209880
FIRE:  111 02:45:24    -1298.715369        0.182883
FIRE:  112 02:45:44    -1298.765680        0.234394
FIRE:  113 02:46:04    -1298.808428        0.300775
FIRE:  114 02:46:24    -1298.863441        0.254177
FIRE:  115 02:46:44    -1298.927168        0.213017
FIRE:  116 02:47:04    -1298.993352        0.251433
FIRE:  117 02:47:24    -1299.063404        0.270734
FIRE:  118 02:47:44    -1299.138497        0.237403
FIRE:  119 02:48:04    -1299.211237        0.182184
FIRE:  120 02:48:23    -1299.272183        0.290179
FIRE:  121 02:48:43    -1299.324958        0.339260
FIRE:  122 02:49:03    -1299.378420        0.299757
FIRE:  123 02:49:23    -1299.432468        0.260599
FIRE:  124 02:49:43    -1299.483652        0.240513
FIRE:  125 02:50:03    -1299.530046        0.276266
FIRE:  126 02:50:23    -1299.569751        0.206051
FIRE:  127 02:50:43    -1299.600676        0.210074
FIRE:  128 02:51:03    -1299.626523        0.302778
FIRE:  129 02:51:23    -1299.656378        0.328966
FIRE:  130 02:51:43    -1299.689079        0.225363
FIRE:  131 02:52:03    -1299.718117        0.206260
FIRE:  132 02:52:22    -1299.741550        0.274398
FIRE:  133 02:52:42    -1299.761277        0.288451
FIRE:  134 02:53:02    -1299.815927        0.367564
FIRE:  135 02:53:22    -1299.844587        0.160296
FIRE:  136 02:53:42    -1299.858001        0.177496
FIRE:  137 02:54:02    -1299.861379        0.152778
FIRE:  138 02:54:22    -1299.866740        0.116694
FIRE:  139 02:54:42    -1299.872330        0.119161
FIRE:  140 02:55:02    -1299.877436        0.122605
FIRE:  141 02:55:22    -1299.882902        0.127024
FIRE:  142 02:55:42    -1299.889962        0.132396
FIRE:  143 02:56:02    -1299.898844        0.138791
FIRE:  144 02:56:21    -1299.909718        0.147296
FIRE:  145 02:56:41    -1299.921694        0.158889
FIRE:  146 02:57:01    -1299.935419        0.174737
FIRE:  147 02:57:21    -1299.953346        0.196182
FIRE:  148 02:57:41    -1299.977032        0.225878
FIRE:  149 02:58:01    -1300.008351        0.269036
FIRE:  150 02:58:21    -1300.054087        0.326170
FIRE:  151 02:58:41    -1300.120645        0.356918
FIRE:  152 02:59:01    -1300.193459        0.323355
FIRE:  153 02:59:21    -1300.267022        0.387505
FIRE:  154 02:59:41    -1300.355361        0.448710
FIRE:  155 03:00:01    -1300.428705        0.253450
FIRE:  156 03:00:21    -1300.450142        0.517467
FIRE:  157 03:00:41    -1300.473555        0.266452
FIRE:  158 03:01:00    -1300.494902        0.165341
FIRE:  159 03:01:20    -1300.507842        0.246222
FIRE:  160 03:01:40    -1300.521621        0.301985
FIRE:  161 03:02:00    -1300.539040        0.277365
FIRE:  162 03:02:20    -1300.557131        0.195005
FIRE:  163 03:02:40    -1300.573080        0.186552
FIRE:  164 03:03:00    -1300.591336        0.199599
FIRE:  165 03:03:20    -1300.616398        0.159779
FIRE:  166 03:03:40    -1300.644585        0.140696
FIRE:  167 03:04:00    -1300.668374        0.108913
FIRE:  168 03:04:20    -1300.683473        0.152487
FIRE:  169 03:04:40    -1300.705061        0.174083
FIRE:  170 03:05:00    -1300.741237        0.232464
FIRE:  171 03:05:19    -1300.775871        0.153313
FIRE:  172 03:05:39    -1300.784195        0.349513
FIRE:  173 03:05:59    -1300.800682        0.153623
FIRE:  174 03:06:19    -1300.809812        0.070548
FIRE:  175 03:06:39    -1300.810732        0.186808
FIRE:  176 03:06:59    -1300.812417        0.173983
FIRE:  177 03:07:19    -1300.815257        0.147944
FIRE:  178 03:07:39    -1300.818393        0.108601
FIRE:  179 03:07:59    -1300.820994        0.058201
FIRE:  180 03:08:19    -1300.822657        0.052762
FIRE:  181 03:08:39    -1300.823727        0.104318
FIRE:  182 03:08:58    -1300.824930        0.135528
FIRE:  183 03:09:18    -1300.827078        0.139326
FIRE:  184 03:09:38    -1300.830293        0.109276
FIRE:  185 03:09:58    -1300.833927        0.050209
FIRE:  186 03:10:18    -1300.836986        0.035758
FIRE:  187 03:10:38    -1300.839542        0.080877
FIRE:  188 03:10:58    -1300.842558        0.095000
FIRE:  189 03:11:18    -1300.846421        0.070917
FIRE:  190 03:11:38    -1300.850449        0.055564
FIRE:  191 03:11:58    -1300.854905        0.094600
FIRE:  192 03:12:18    -1300.861786        0.061372
FIRE:  193 03:12:38    -1300.870914        0.082944
FIRE:  194 03:12:58    -1300.881695        0.044111
FIRE:  195 03:13:17    -1300.888608        0.067848
FIRE:  196 03:13:38    -1300.892064        0.067534
FIRE:  197 03:13:58    -1300.893303        0.039321
FIRE:  198 03:14:18    -1300.894282        0.055566
FIRE:  199 03:14:38    -1300.895569        0.038845
FIRE:  200 03:14:58    -1300.896904        0.035764
FIRE:  201 03:15:18    -1300.898210        0.041100
FIRE:  202 03:15:38    -1300.899558        0.038507
FIRE:  203 03:15:58    -1300.900736        0.041335
FIRE:  204 03:16:18    -1300.902302        0.044515
FIRE:  205 03:16:38    -1300.904136        0.048998
FIRE:  206 03:16:57    -1300.906686        0.054743
FIRE:  207 03:17:17    -1300.910208        0.061366
FIRE:  208 03:17:37    -1300.914512        0.061557
FIRE:  209 03:17:57    -1300.918600        0.083510
FIRE:  210 03:18:17    -1300.917325        0.227879
FIRE:  211 03:18:37    -1300.920991        0.038006
FIRE:  212 03:18:57    -1300.919365        0.210226
FIRE:  213 03:19:17    -1300.920564        0.155952
FIRE:  214 03:19:37    -1300.921869        0.062070
FIRE:  215 03:19:57    -1300.922152        0.046683
FIRE:  216 03:20:17    -1300.922178        0.043710
FIRE:  217 03:20:37    -1300.922228        0.037966
FIRE:  218 03:20:57    -1300.922291        0.029859
FIRE:  219 03:21:16    -1300.922364        0.020180
FIRE:  220 03:21:36    -1300.922440        0.019502
FIRE:  221 03:21:56    -1300.922508        0.018711
FIRE:  222 03:22:16    -1300.922574        0.017830
FIRE:  223 03:22:36    -1300.922644        0.019233
FIRE:  224 03:22:56    -1300.922733        0.023819
FIRE:  225 03:23:16    -1300.922849        0.023867
FIRE:  226 03:23:36    -1300.922986        0.018421
FIRE:  227 03:23:56    -1300.923143        0.012487
FIRE:  228 03:24:16    -1300.923297        0.012169
FIRE:  229 03:24:36    -1300.923449        0.017151
FIRE:  230 03:24:55    -1300.923611        0.018385
FIRE:  231 03:25:15    -1300.923800        0.015122
FIRE:  232 03:25:35    -1300.923970        0.016444
FIRE:  233 03:25:55    -1300.924156        0.017133
FIRE:  234 03:26:15    -1300.924375        0.016818
FIRE:  235 03:26:35    -1300.924598        0.015006
FIRE:  236 03:26:55    -1300.924845        0.011931
FIRE:  237 03:27:15    -1300.925086        0.012530
FIRE:  238 03:27:35    -1300.925292        0.006774
MACE calculation complete. Energy written to MACE_OUTCAR: -1300.925292 eV
Job ended on: Thu 12 Jun 02:27:36 UTC 2025
